/home/gterren/dynamic_update/functional_forecast_dynamic_update/scripts/validate_zone_ffc_mpi.py:673: ExperimentalWarning: GPSampler is experimental (supported from v3.6.0). The interface can change in the future.
  sampler=GPSampler(seed=SEED, n_startup_trials=0)
[I 2026-08-16 15:50:47,874] A new study created in memory with name: no-name-4a912c6f-7ab7-48e3-b237-433c3de283c6
[I 2026-08-16 15:51:26,238] Trial 0 finished with value: 0.11165825319532986 and parameters: {'rho_e': 320.48049270601035, 'rho_d': 7.333720044069125e-05, 'nu': 34, 'sigma': 0.34161895725503777}. Best is trial 0 with value: 0.11165825319532986.
[I 2026-08-16 15:52:00,984] Trial 1 finished with value: 0.09068102133912222 and parameters: {'rho_e': 714.2318580621164, 'rho_d': 7.880301998103747, 'nu': 14, 'sigma': 0.5640663113520826}. Best is trial 1 with value: 0.09068102133912222.
[I 2026-08-16 15:52:26,521] Trial 2 finished with value: 0.10343386843591779 and parameters: {'rho_e': 90.68365035523885, 'rho_d': 97.28200063020995, 'nu': 15, 'sigma': 0.6170686539921842}. Best is trial 1 with value: 0.09068102133912222.
[I 2026-08-16 15:52:56,790] Trial 3 finished with value: 0.1267825912766531 and parameters: {'rho_e': 34.09764974093975, 'rho_d': 1.8123134792657378, 'nu': 12, 'sigma': 0.03955694153629689}. Best is trial 1 with value: 0.09068102133912222.
[I 2026-08-16 15:53:34,780] Trial 4 finished with value: 0.08162872883808026 and parameters: {'rho_e': 0.03475995405019492, 'rho_d': 0.11138976964905928, 'nu': 7, 'sigma': 0.546009361076742}. Best is trial 4 with value: 0.08162872883808026.
[I 2026-08-16 15:54:13,115] Trial 5 finished with value: 0.08206090634785412 and parameters: {'rho_e': 3.807181325856371e-05, 'rho_d': 0.000138354297677471, 'nu': 9, 'sigma': 0.32339670371682033}. Best is trial 4 with value: 0.08162872883808026.
[I 2026-08-16 15:54:51,424] Trial 6 finished with value: 0.11176461747758692 and parameters: {'rho_e': 5.553831725156411e-05, 'rho_d': 0.0005916483668115688, 'nu': 3, 'sigma': 0.8983600164394779}. Best is trial 4 with value: 0.08162872883808026.
[I 2026-08-16 15:55:29,688] Trial 7 finished with value: 0.09274789118125418 and parameters: {'rho_e': 0.0002147046480063219, 'rho_d': 17.176405562094168, 'nu': 32, 'sigma': 0.16345900097034335}. Best is trial 4 with value: 0.08162872883808026.
[I 2026-08-16 15:56:07,972] Trial 8 finished with value: 0.09163299537765475 and parameters: {'rho_e': 0.00039295529172662095, 'rho_d': 0.008983614558532275, 'nu': 19, 'sigma': 0.672973803669145}. Best is trial 4 with value: 0.08162872883808026.
[I 2026-08-16 15:56:46,351] Trial 9 finished with value: 0.07825889487453352 and parameters: {'rho_e': 0.3297833201098901, 'rho_d': 9.211714948268902, 'nu': 29, 'sigma': 0.18513435223250624}. Best is trial 9 with value: 0.07825889487453352.
[I 2026-08-16 15:57:24,676] Trial 10 finished with value: 0.09048161169477922 and parameters: {'rho_e': 0.00032743449687552774, 'rho_d': 0.06982459335646382, 'nu': 9, 'sigma': 0.5792478451202063}. Best is trial 9 with value: 0.07825889487453352.
[I 2026-08-16 15:58:03,454] Trial 11 finished with value: 0.08493276952394993 and parameters: {'rho_e': 8.16547317679453e-05, 'rho_d': 2.4989297252983232e-05, 'nu': 10, 'sigma': 0.41061226315015686}. Best is trial 9 with value: 0.07825889487453352.
[I 2026-08-16 15:58:42,197] Trial 12 finished with value: 0.10917472070917847 and parameters: {'rho_e': 120.0954437207198, 'rho_d': 242.85242029746937, 'nu': 32, 'sigma': 0.9360668636803037}. Best is trial 9 with value: 0.07825889487453352.
[I 2026-08-16 15:59:20,574] Trial 13 finished with value: 0.11183832750350954 and parameters: {'rho_e': 148.14344553176596, 'rho_d': 0.5265790180554144, 'nu': 26, 'sigma': 0.2609687718092598}. Best is trial 9 with value: 0.07825889487453352.
[I 2026-08-16 15:59:58,324] Trial 14 finished with value: 0.10192613610810589 and parameters: {'rho_e': 0.0012364362503263237, 'rho_d': 0.15322002229043483, 'nu': 13, 'sigma': 0.9515959537053901}. Best is trial 9 with value: 0.07825889487453352.
[I 2026-08-16 16:00:36,104] Trial 15 finished with value: 0.09187881670918376 and parameters: {'rho_e': 0.007445793612460039, 'rho_d': 137.09981367260704, 'nu': 23, 'sigma': 0.3660501592040706}. Best is trial 9 with value: 0.07825889487453352.
[I 2026-08-16 16:01:13,809] Trial 16 finished with value: 0.09745026455910652 and parameters: {'rho_e': 0.002331219976154238, 'rho_d': 392.7935435250583, 'nu': 35, 'sigma': 0.8741179454716912}. Best is trial 9 with value: 0.07825889487453352.
[I 2026-08-16 16:01:51,719] Trial 17 finished with value: 0.0945749505553424 and parameters: {'rho_e': 58.790303564087075, 'rho_d': 0.05935824250108043, 'nu': 31, 'sigma': 0.9216627658858851}. Best is trial 9 with value: 0.07825889487453352.
[I 2026-08-16 16:02:29,369] Trial 18 finished with value: 0.08992055464532539 and parameters: {'rho_e': 0.014580639344596942, 'rho_d': 174.2155211031002, 'nu': 36, 'sigma': 0.4028597931525407}. Best is trial 9 with value: 0.07825889487453352.
[I 2026-08-16 16:03:07,113] Trial 19 finished with value: 0.095320413191889 and parameters: {'rho_e': 1.551834292783962e-05, 'rho_d': 7.758979887421448e-05, 'nu': 21, 'sigma': 0.8626656052613566}. Best is trial 9 with value: 0.07825889487453352.
[I 2026-08-16 16:03:44,888] Trial 20 finished with value: 0.09776176485227964 and parameters: {'rho_e': 0.009046633091153963, 'rho_d': 0.009973086216759817, 'nu': 19, 'sigma': 0.9666069253628409}. Best is trial 9 with value: 0.07825889487453352.
[I 2026-08-16 16:04:22,629] Trial 21 finished with value: 0.09585950548745001 and parameters: {'rho_e': 269.68912307558213, 'rho_d': 0.0013085337566522048, 'nu': 23, 'sigma': 0.6049507531969688}. Best is trial 9 with value: 0.07825889487453352.
[I 2026-08-16 16:05:00,372] Trial 22 finished with value: 0.08453254805425196 and parameters: {'rho_e': 504.8700620745148, 'rho_d': 0.00019757983555148038, 'nu': 5, 'sigma': 0.8532382499765339}. Best is trial 9 with value: 0.07825889487453352.
[I 2026-08-16 16:05:38,139] Trial 23 finished with value: 0.08062215389561025 and parameters: {'rho_e': 1.7746640904286266, 'rho_d': 1.549040305360904e-05, 'nu': 7, 'sigma': 0.6204933603595459}. Best is trial 9 with value: 0.07825889487453352.
[I 2026-08-16 16:06:15,891] Trial 24 finished with value: 0.11926523344076666 and parameters: {'rho_e': 11.673891313075186, 'rho_d': 0.03707447477903782, 'nu': 35, 'sigma': 0.1359820180272283}. Best is trial 9 with value: 0.07825889487453352.
[I 2026-08-16 16:06:53,654] Trial 25 finished with value: 0.11450999482490126 and parameters: {'rho_e': 2.2156827969853805, 'rho_d': 3.692191347356584e-05, 'nu': 22, 'sigma': 0.07674293879615599}. Best is trial 9 with value: 0.07825889487453352.
[I 2026-08-16 16:07:31,385] Trial 26 finished with value: 0.0763273738216812 and parameters: {'rho_e': 0.004544380665804007, 'rho_d': 0.00023035939536654332, 'nu': 32, 'sigma': 0.25784346919035067}. Best is trial 26 with value: 0.0763273738216812.
[I 2026-08-16 16:08:09,111] Trial 27 finished with value: 0.07835033421933854 and parameters: {'rho_e': 1.3826927126900712, 'rho_d': 64.78251153341243, 'nu': 8, 'sigma': 0.3167722166619299}. Best is trial 26 with value: 0.0763273738216812.
[I 2026-08-16 16:08:46,961] Trial 28 finished with value: 0.12484615206128324 and parameters: {'rho_e': 847.5752595376426, 'rho_d': 635.234736886619, 'nu': 34, 'sigma': 0.1439418689780986}. Best is trial 26 with value: 0.0763273738216812.
[I 2026-08-16 16:09:24,720] Trial 29 finished with value: 0.10431126225736942 and parameters: {'rho_e': 92.45494909910872, 'rho_d': 0.011334226708406118, 'nu': 26, 'sigma': 0.42583995993007934}. Best is trial 26 with value: 0.0763273738216812.
[I 2026-08-16 16:10:02,468] Trial 30 finished with value: 0.08706381574738925 and parameters: {'rho_e': 1.0131460240934304e-05, 'rho_d': 0.2653121086531181, 'nu': 6, 'sigma': 0.44201403494614916}. Best is trial 26 with value: 0.0763273738216812.
[I 2026-08-16 16:10:40,319] Trial 31 finished with value: 0.09079079712601584 and parameters: {'rho_e': 45.45766213389336, 'rho_d': 0.0025868602779063267, 'nu': 4, 'sigma': 0.38317322712608465}. Best is trial 26 with value: 0.0763273738216812.
[I 2026-08-16 16:11:18,081] Trial 32 finished with value: 0.11369582207399602 and parameters: {'rho_e': 12.753570002551308, 'rho_d': 0.4633466535985563, 'nu': 30, 'sigma': 0.33427812215348657}. Best is trial 26 with value: 0.0763273738216812.
[I 2026-08-16 16:11:55,773] Trial 33 finished with value: 0.10134384631339678 and parameters: {'rho_e': 4.965498044708172, 'rho_d': 0.423970550119016, 'nu': 30, 'sigma': 0.7788321911718593}. Best is trial 26 with value: 0.0763273738216812.
[I 2026-08-16 16:12:33,532] Trial 34 finished with value: 0.0926651300439661 and parameters: {'rho_e': 180.94562030525123, 'rho_d': 0.015332133818559709, 'nu': 21, 'sigma': 0.6868735114272253}. Best is trial 26 with value: 0.0763273738216812.
[I 2026-08-16 16:13:11,255] Trial 35 finished with value: 0.08602122735810343 and parameters: {'rho_e': 0.6085430963528888, 'rho_d': 2.0420730916203814e-05, 'nu': 17, 'sigma': 0.49669181962302233}. Best is trial 26 with value: 0.0763273738216812.
[I 2026-08-16 16:13:49,002] Trial 36 finished with value: 0.08368376251242891 and parameters: {'rho_e': 0.00928603156398131, 'rho_d': 4.888364469054896e-05, 'nu': 32, 'sigma': 0.6699979877065975}. Best is trial 26 with value: 0.0763273738216812.
[I 2026-08-16 16:14:26,797] Trial 37 finished with value: 0.12142611920652471 and parameters: {'rho_e': 6.869204441610755, 'rho_d': 0.9291412989812996, 'nu': 22, 'sigma': 0.12361705429933466}. Best is trial 26 with value: 0.0763273738216812.
[I 2026-08-16 16:15:04,738] Trial 38 finished with value: 0.08870397297794527 and parameters: {'rho_e': 224.63043333270562, 'rho_d': 0.0004148606041900776, 'nu': 15, 'sigma': 0.7352474706157236}. Best is trial 26 with value: 0.0763273738216812.
[I 2026-08-16 16:15:42,817] Trial 39 finished with value: 0.09559639100883982 and parameters: {'rho_e': 1.267081003095647e-05, 'rho_d': 0.04273530719106839, 'nu': 14, 'sigma': 0.7688281578751173}. Best is trial 26 with value: 0.0763273738216812.
[I 2026-08-16 16:16:20,888] Trial 40 finished with value: 0.08181191080593306 and parameters: {'rho_e': 0.012493083943583248, 'rho_d': 0.2028507300560964, 'nu': 23, 'sigma': 0.056227347433398675}. Best is trial 26 with value: 0.0763273738216812.
[I 2026-08-16 16:16:58,967] Trial 41 finished with value: 0.08202449141095997 and parameters: {'rho_e': 0.0007628531976274308, 'rho_d': 0.001670697392940989, 'nu': 29, 'sigma': 0.4584348767622854}. Best is trial 26 with value: 0.0763273738216812.
[I 2026-08-16 16:17:37,001] Trial 42 finished with value: 0.1135582246669445 and parameters: {'rho_e': 0.005806304421628637, 'rho_d': 1.4365977637269708e-05, 'nu': 2, 'sigma': 0.9106647475419452}. Best is trial 26 with value: 0.0763273738216812.
[I 2026-08-16 16:18:14,952] Trial 43 finished with value: 0.0785864985145239 and parameters: {'rho_e': 0.0008587368539217641, 'rho_d': 0.007288528117812194, 'nu': 11, 'sigma': 0.20396186869121644}. Best is trial 26 with value: 0.0763273738216812.
[I 2026-08-16 16:18:52,847] Trial 44 finished with value: 0.07410868716026546 and parameters: {'rho_e': 0.1792530484320524, 'rho_d': 3.479675194465007, 'nu': 3, 'sigma': 0.10525113802545309}. Best is trial 44 with value: 0.07410868716026546.
[I 2026-08-16 16:19:30,712] Trial 45 finished with value: 0.08691580939959964 and parameters: {'rho_e': 19.367126056962743, 'rho_d': 0.030252644562028107, 'nu': 4, 'sigma': 0.4336145360125894}. Best is trial 44 with value: 0.07410868716026546.
[I 2026-08-16 16:20:08,539] Trial 46 finished with value: 0.07822182246612093 and parameters: {'rho_e': 0.07819569654406465, 'rho_d': 1.9841520016538194, 'nu': 22, 'sigma': 0.04211050685633353}. Best is trial 44 with value: 0.07410868716026546.
[I 2026-08-16 16:20:46,352] Trial 47 finished with value: 0.1065721353120473 and parameters: {'rho_e': 669.3824717917842, 'rho_d': 0.00027660724373514654, 'nu': 16, 'sigma': 0.27678061563075596}. Best is trial 44 with value: 0.07410868716026546.
[I 2026-08-16 16:21:24,105] Trial 48 finished with value: 0.08754253618487678 and parameters: {'rho_e': 0.018501287512575466, 'rho_d': 0.22602256262332207, 'nu': 24, 'sigma': 0.8131818214754672}. Best is trial 44 with value: 0.07410868716026546.
[I 2026-08-16 16:22:01,848] Trial 49 finished with value: 0.09627019024948255 and parameters: {'rho_e': 0.1030501020203731, 'rho_d': 119.55056247732517, 'nu': 11, 'sigma': 0.944863474340989}. Best is trial 44 with value: 0.07410868716026546.
[I 2026-08-16 16:22:39,612] Trial 50 finished with value: 0.08469610808100991 and parameters: {'rho_e': 0.0026246544686353516, 'rho_d': 0.7935311340354209, 'nu': 35, 'sigma': 0.3919356624055371}. Best is trial 44 with value: 0.07410868716026546.
[I 2026-08-16 16:23:17,381] Trial 51 finished with value: 0.09242768084597974 and parameters: {'rho_e': 0.00017659937383951617, 'rho_d': 0.02674076982660716, 'nu': 13, 'sigma': 0.6384925895833462}. Best is trial 44 with value: 0.07410868716026546.
[I 2026-08-16 16:23:55,158] Trial 52 finished with value: 0.08904792861598328 and parameters: {'rho_e': 0.0438223544438519, 'rho_d': 13.27092330947627, 'nu': 12, 'sigma': 0.6482034219596354}. Best is trial 44 with value: 0.07410868716026546.
[I 2026-08-16 16:24:32,946] Trial 53 finished with value: 0.12323831892142381 and parameters: {'rho_e': 67.31177771756968, 'rho_d': 22.524024416890263, 'nu': 25, 'sigma': 0.11958239231100397}. Best is trial 44 with value: 0.07410868716026546.
[I 2026-08-16 16:25:10,666] Trial 54 finished with value: 0.08698137531386377 and parameters: {'rho_e': 0.06009686948832667, 'rho_d': 702.7766718230083, 'nu': 24, 'sigma': 0.17989747837144152}. Best is trial 44 with value: 0.07410868716026546.
[I 2026-08-16 16:25:48,362] Trial 55 finished with value: 0.09799968568453904 and parameters: {'rho_e': 0.00012101083302027408, 'rho_d': 85.12969823799796, 'nu': 26, 'sigma': 0.7516186948384436}. Best is trial 44 with value: 0.07410868716026546.
[I 2026-08-16 16:26:26,082] Trial 56 finished with value: 0.11397555236358167 and parameters: {'rho_e': 4.4449465705750724e-05, 'rho_d': 9.401784700431145e-05, 'nu': 4, 'sigma': 0.9942653496967248}. Best is trial 44 with value: 0.07410868716026546.
[I 2026-08-16 16:27:03,839] Trial 57 finished with value: 0.08875763734993104 and parameters: {'rho_e': 3.307257910022608, 'rho_d': 1.1511665095735834e-05, 'nu': 20, 'sigma': 0.6905301191059311}. Best is trial 44 with value: 0.07410868716026546.
[I 2026-08-16 16:27:41,595] Trial 58 finished with value: 0.1037475576430972 and parameters: {'rho_e': 0.0018704796883527702, 'rho_d': 524.5157096061105, 'nu': 19, 'sigma': 0.8898001613676954}. Best is trial 44 with value: 0.07410868716026546.
[I 2026-08-16 16:28:19,374] Trial 59 finished with value: 0.09474724292971866 and parameters: {'rho_e': 0.00023883766661560925, 'rho_d': 947.8058917732094, 'nu': 10, 'sigma': 0.3568854649530273}. Best is trial 44 with value: 0.07410868716026546.
[I 2026-08-16 16:28:57,108] Trial 60 finished with value: 0.08886665720629955 and parameters: {'rho_e': 30.153221315802828, 'rho_d': 0.006272183691824702, 'nu': 12, 'sigma': 0.8466806358880004}. Best is trial 44 with value: 0.07410868716026546.
[I 2026-08-16 16:29:34,995] Trial 61 finished with value: 0.07980347200694154 and parameters: {'rho_e': 0.226268097322272, 'rho_d': 283.5251734794936, 'nu': 17, 'sigma': 0.019964072188620115}. Best is trial 44 with value: 0.07410868716026546.
[I 2026-08-16 16:30:12,738] Trial 62 finished with value: 0.11954538001485332 and parameters: {'rho_e': 2.4798988920647473, 'rho_d': 17.450493767735836, 'nu': 13, 'sigma': 0.0039353243500312015}. Best is trial 44 with value: 0.07410868716026546.
[I 2026-08-16 16:30:50,541] Trial 63 finished with value: 0.0747439896951182 and parameters: {'rho_e': 0.025011677310605572, 'rho_d': 0.016946064387621387, 'nu': 5, 'sigma': 0.08841482055332675}. Best is trial 44 with value: 0.07410868716026546.
[I 2026-08-16 16:31:28,375] Trial 64 finished with value: 0.08304149076025606 and parameters: {'rho_e': 0.029456952680907967, 'rho_d': 2.912499879392691e-05, 'nu': 33, 'sigma': 0.974254661426714}. Best is trial 44 with value: 0.07410868716026546.
[I 2026-08-16 16:32:06,043] Trial 65 finished with value: 0.08759552664062083 and parameters: {'rho_e': 9.218225081546117e-05, 'rho_d': 0.1361310780000168, 'nu': 30, 'sigma': 0.7440945126870621}. Best is trial 44 with value: 0.07410868716026546.
[I 2026-08-16 16:32:43,954] Trial 66 finished with value: 0.11494493885516957 and parameters: {'rho_e': 21.482257030517378, 'rho_d': 42.52555482501704, 'nu': 27, 'sigma': 0.4609982391736993}. Best is trial 44 with value: 0.07410868716026546.
[I 2026-08-16 16:33:21,614] Trial 67 finished with value: 0.09208016350232602 and parameters: {'rho_e': 7.413442883472736e-05, 'rho_d': 207.16154979595137, 'nu': 18, 'sigma': 0.23019726500401494}. Best is trial 44 with value: 0.07410868716026546.
[I 2026-08-16 16:33:59,333] Trial 68 finished with value: 0.09368604104373737 and parameters: {'rho_e': 331.65607362397486, 'rho_d': 2.2977956617515165, 'nu': 31, 'sigma': 0.9880793079556061}. Best is trial 44 with value: 0.07410868716026546.
[I 2026-08-16 16:34:37,124] Trial 69 finished with value: 0.08754336145480512 and parameters: {'rho_e': 0.02228531315762712, 'rho_d': 25.232369392582758, 'nu': 25, 'sigma': 0.2216557233890635}. Best is trial 44 with value: 0.07410868716026546.
[I 2026-08-16 16:35:14,906] Trial 70 finished with value: 0.08362998289012216 and parameters: {'rho_e': 0.14969641630262168, 'rho_d': 54.06795952815221, 'nu': 20, 'sigma': 0.7103295068611721}. Best is trial 44 with value: 0.07410868716026546.
[I 2026-08-16 16:35:52,680] Trial 71 finished with value: 0.07810377138667537 and parameters: {'rho_e': 0.0017275438961041048, 'rho_d': 0.003548458129165728, 'nu': 28, 'sigma': 0.02796825543351146}. Best is trial 44 with value: 0.07410868716026546.
[I 2026-08-16 16:36:30,474] Trial 72 finished with value: 0.103090984909844 and parameters: {'rho_e': 16.725979606950222, 'rho_d': 34.33925158049958, 'nu': 9, 'sigma': 0.802913518676575}. Best is trial 44 with value: 0.07410868716026546.
[I 2026-08-16 16:37:08,315] Trial 73 finished with value: 0.09190759387123383 and parameters: {'rho_e': 3.6122944035850635, 'rho_d': 0.01920927787961488, 'nu': 27, 'sigma': 0.7264140238743382}. Best is trial 44 with value: 0.07410868716026546.
[I 2026-08-16 16:37:46,095] Trial 74 finished with value: 0.09044435373990868 and parameters: {'rho_e': 38.61671152420864, 'rho_d': 0.002092292724802397, 'nu': 10, 'sigma': 0.47191996106294565}. Best is trial 44 with value: 0.07410868716026546.
[I 2026-08-16 16:38:23,844] Trial 75 finished with value: 0.09717658161393927 and parameters: {'rho_e': 2.450780781203914e-05, 'rho_d': 449.41470527134857, 'nu': 16, 'sigma': 0.5277083597945009}. Best is trial 44 with value: 0.07410868716026546.
[I 2026-08-16 16:39:01,593] Trial 76 finished with value: 0.0879199530933743 and parameters: {'rho_e': 0.00015760718394869903, 'rho_d': 0.0005200712074228567, 'nu': 15, 'sigma': 0.5106304992925566}. Best is trial 44 with value: 0.07410868716026546.
[I 2026-08-16 16:39:39,361] Trial 77 finished with value: 0.07578255918519804 and parameters: {'rho_e': 0.12333808423244141, 'rho_d': 0.0018142933109536823, 'nu': 4, 'sigma': 0.5331919170716646}. Best is trial 44 with value: 0.07410868716026546.
[I 2026-08-16 16:40:17,107] Trial 78 finished with value: 0.09053266708030805 and parameters: {'rho_e': 2.6615626186979542e-05, 'rho_d': 4.023562656475725, 'nu': 24, 'sigma': 0.48760603387528256}. Best is trial 44 with value: 0.07410868716026546.
[I 2026-08-16 16:40:54,968] Trial 79 finished with value: 0.10706916852590527 and parameters: {'rho_e': 451.9589689129725, 'rho_d': 6.286836703514959, 'nu': 18, 'sigma': 0.289480861806035}. Best is trial 44 with value: 0.07410868716026546.
[I 2026-08-16 16:41:32,689] Trial 80 finished with value: 0.08495358901270614 and parameters: {'rho_e': 0.0005064907910624623, 'rho_d': 0.34294972962194176, 'nu': 35, 'sigma': 0.6504115906201252}. Best is trial 44 with value: 0.07410868716026546.
[I 2026-08-16 16:42:10,477] Trial 81 finished with value: 0.09591512103644179 and parameters: {'rho_e': 1.1537053770394115, 'rho_d': 0.0001903153408941842, 'nu': 17, 'sigma': 0.30893609937588534}. Best is trial 44 with value: 0.07410868716026546.
[I 2026-08-16 16:42:48,235] Trial 82 finished with value: 0.08534510646167964 and parameters: {'rho_e': 0.0004165631246779191, 'rho_d': 0.00390870101242766, 'nu': 28, 'sigma': 0.5506632379880236}. Best is trial 44 with value: 0.07410868716026546.
[I 2026-08-16 16:43:25,999] Trial 83 finished with value: 0.07674728158120322 and parameters: {'rho_e': 3.230091141162473e-05, 'rho_d': 0.0012018846154684226, 'nu': 25, 'sigma': 0.19688751551933248}. Best is trial 44 with value: 0.07410868716026546.
[I 2026-08-16 16:44:03,669] Trial 84 finished with value: 0.07845957894874173 and parameters: {'rho_e': 0.09291954227513116, 'rho_d': 3.09424743819704, 'nu': 27, 'sigma': 0.7014670599510662}. Best is trial 44 with value: 0.07410868716026546.
[I 2026-08-16 16:44:41,421] Trial 85 finished with value: 0.08739582511965407 and parameters: {'rho_e': 0.003111638974228438, 'rho_d': 1.2149575344172832, 'nu': 33, 'sigma': 0.5953788769075302}. Best is trial 44 with value: 0.07410868716026546.
[I 2026-08-16 16:45:19,188] Trial 86 finished with value: 0.12112941082008485 and parameters: {'rho_e': 9.987810107211534, 'rho_d': 5.2299013316616865, 'nu': 3, 'sigma': 0.09085637693719704}. Best is trial 44 with value: 0.07410868716026546.
[I 2026-08-16 16:45:56,988] Trial 87 finished with value: 0.10172344010786584 and parameters: {'rho_e': 0.96044116828649, 'rho_d': 0.6420987843246544, 'nu': 17, 'sigma': 0.21429990725733172}. Best is trial 44 with value: 0.07410868716026546.
