[I 2026-08-16 13:09:41,670] Trial 181 finished with value: 0.07756180933538812 and parameters: {'rho_e': 0.042138181486315075, 'rho_d': 0.00023634747052699324, 'nu': 36, 'sigma': 0.3178022346440032}. Best is trial 135 with value: 0.06244354054555865.
[I 2026-08-16 13:10:12,442] Trial 182 finished with value: 0.09102598625751043 and parameters: {'rho_e': 0.0004383123717773362, 'rho_d': 1.2691790124797417e-05, 'nu': 36, 'sigma': 0.9791565304622054}. Best is trial 135 with value: 0.06244354054555865.
[I 2026-08-16 13:10:43,254] Trial 183 finished with value: 0.08674174305028776 and parameters: {'rho_e': 1000.0, 'rho_d': 0.3801634848139571, 'nu': 2, 'sigma': 1.0}. Best is trial 135 with value: 0.06244354054555865.
[I 2026-08-16 13:11:14,095] Trial 184 finished with value: 0.09278854997681611 and parameters: {'rho_e': 1e-05, 'rho_d': 1.852934137425673, 'nu': 2, 'sigma': 0.0}. Best is trial 135 with value: 0.06244354054555865.
[I 2026-08-16 13:11:44,896] Trial 185 finished with value: 0.0816266244538173 and parameters: {'rho_e': 0.05493523849426349, 'rho_d': 0.03931791050943621, 'nu': 36, 'sigma': 1.0}. Best is trial 135 with value: 0.06244354054555865.
[I 2026-08-16 13:12:15,713] Trial 186 finished with value: 0.08554858827430349 and parameters: {'rho_e': 0.7099504212386695, 'rho_d': 0.0009713747941313137, 'nu': 36, 'sigma': 1.0}. Best is trial 135 with value: 0.06244354054555865.
[I 2026-08-16 13:12:45,492] Trial 187 finished with value: 0.08477886515027425 and parameters: {'rho_e': 0.0005675811649990978, 'rho_d': 0.026125809802529643, 'nu': 36, 'sigma': 0.0}. Best is trial 135 with value: 0.06244354054555865.
[I 2026-08-16 13:13:16,110] Trial 188 finished with value: 0.08936600326494468 and parameters: {'rho_e': 1e-05, 'rho_d': 6.173696266612585, 'nu': 36, 'sigma': 0.527649260294105}. Best is trial 135 with value: 0.06244354054555865.
[I 2026-08-16 13:13:46,213] Trial 189 finished with value: 0.08454547216912356 and parameters: {'rho_e': 0.3902203136575911, 'rho_d': 1000.0, 'nu': 36, 'sigma': 0.0}. Best is trial 135 with value: 0.06244354054555865.
[I 2026-08-16 13:14:17,088] Trial 190 finished with value: 0.08028635447062453 and parameters: {'rho_e': 0.005337846992421513, 'rho_d': 1e-05, 'nu': 36, 'sigma': 0.24938876884897446}. Best is trial 135 with value: 0.06244354054555865.
[I 2026-08-16 13:14:47,342] Trial 191 finished with value: 0.06570467697015517 and parameters: {'rho_e': 0.15734944894881625, 'rho_d': 0.40687780954837904, 'nu': 7, 'sigma': 0.3477714316271087}. Best is trial 135 with value: 0.06244354054555865.
[I 2026-08-16 13:15:18,071] Trial 192 finished with value: 0.07653692511515368 and parameters: {'rho_e': 74.27239837368354, 'rho_d': 1000.0, 'nu': 2, 'sigma': 0.6011920926025869}. Best is trial 135 with value: 0.06244354054555865.
[I 2026-08-16 13:15:48,480] Trial 193 finished with value: 0.08960359694308631 and parameters: {'rho_e': 0.002050936512069915, 'rho_d': 0.5236971466833373, 'nu': 2, 'sigma': 0.0}. Best is trial 135 with value: 0.06244354054555865.
[I 2026-08-16 13:16:19,173] Trial 194 finished with value: 0.09183382923440067 and parameters: {'rho_e': 7.566044137218058e-05, 'rho_d': 1000.0, 'nu': 2, 'sigma': 0.3652391023662873}. Best is trial 135 with value: 0.06244354054555865.
[I 2026-08-16 13:16:37,856] Trial 195 finished with value: 0.08206490084566864 and parameters: {'rho_e': 129.72812367114338, 'rho_d': 0.003815883311375375, 'nu': 2, 'sigma': 0.5374599790256882}. Best is trial 135 with value: 0.06244354054555865.
[I 2026-08-16 13:16:56,666] Trial 196 finished with value: 0.07421295178301199 and parameters: {'rho_e': 0.06946486254729385, 'rho_d': 0.025804077456734638, 'nu': 2, 'sigma': 0.4553964925797252}. Best is trial 135 with value: 0.06244354054555865.
[I 2026-08-16 13:17:21,904] Trial 197 finished with value: 0.08752352507324318 and parameters: {'rho_e': 0.020795423166672378, 'rho_d': 1e-05, 'nu': 36, 'sigma': 1.0}. Best is trial 135 with value: 0.06244354054555865.
[I 2026-08-16 13:17:52,056] Trial 198 finished with value: 0.07691687128464822 and parameters: {'rho_e': 0.026612295560540726, 'rho_d': 0.03192795651872287, 'nu': 36, 'sigma': 0.2932626826419017}. Best is trial 135 with value: 0.06244354054555865.
[I 2026-08-16 13:18:22,250] Trial 199 finished with value: 0.06244354054555865 and parameters: {'rho_e': 0.1780395470935552, 'rho_d': 0.37288284220266543, 'nu': 2, 'sigma': 0.3463436713571228}. Best is trial 135 with value: 0.06244354054555865.
/home/gterren/dynamic_update/functional_forecast_dynamic_update/scripts/validate_zone_ffc_mpi.py:1094: FutureWarning: The behavior of DataFrame concatenation with empty or all-NA entries is deprecated. In a future version, this will no longer exclude empty or all-NA columns when determining the result dtypes. To retain the old behavior, exclude the relevant entries before the concat operation.
  results_df = pd.concat([results_df, prob_results], axis = 0, ignore_index=True)
