[I 2026-08-16 14:28:26,102] Trial 180 finished with value: 0.07795893087822953 and parameters: {'rho_e': 0.23013569264326011, 'rho_d': 3.2670242625218924, 'nu': 36, 'sigma': 0.0}. Best is trial 165 with value: 0.07056874308373802.
[I 2026-08-16 14:28:56,176] Trial 181 finished with value: 0.07733781691079106 and parameters: {'rho_e': 3.019842232909275, 'rho_d': 1000.0, 'nu': 36, 'sigma': 0.0}. Best is trial 165 with value: 0.07056874308373802.
[I 2026-08-16 14:29:26,197] Trial 182 finished with value: 0.08242427763085966 and parameters: {'rho_e': 0.0004433536307256508, 'rho_d': 1e-05, 'nu': 2, 'sigma': 0.0}. Best is trial 165 with value: 0.07056874308373802.
[I 2026-08-16 14:29:55,843] Trial 183 finished with value: 0.07112177631390335 and parameters: {'rho_e': 0.08449319039750808, 'rho_d': 0.10953555425941394, 'nu': 2, 'sigma': 0.5268212751631185}. Best is trial 165 with value: 0.07056874308373802.
[I 2026-08-16 14:30:25,462] Trial 184 finished with value: 0.07882961222877816 and parameters: {'rho_e': 1.0192655500857397, 'rho_d': 56.63455286385509, 'nu': 36, 'sigma': 0.0}. Best is trial 165 with value: 0.07056874308373802.
[I 2026-08-16 14:30:55,303] Trial 185 finished with value: 0.07122049283534441 and parameters: {'rho_e': 0.08504157149583796, 'rho_d': 0.10426445809138203, 'nu': 2, 'sigma': 0.5260035525348694}. Best is trial 165 with value: 0.07056874308373802.
[I 2026-08-16 14:31:25,358] Trial 186 finished with value: 0.08698666153155171 and parameters: {'rho_e': 39.12570120585608, 'rho_d': 0.0033300770794744096, 'nu': 2, 'sigma': 1.0}. Best is trial 165 with value: 0.07056874308373802.
[I 2026-08-16 14:31:55,230] Trial 187 finished with value: 0.07955258073525551 and parameters: {'rho_e': 4.270559191662813e-05, 'rho_d': 1e-05, 'nu': 2, 'sigma': 0.19551258434641094}. Best is trial 165 with value: 0.07056874308373802.
[I 2026-08-16 14:32:24,859] Trial 188 finished with value: 0.07589079894268017 and parameters: {'rho_e': 0.1429834536269243, 'rho_d': 1.5033595380160258, 'nu': 2, 'sigma': 0.23480039184021306}. Best is trial 165 with value: 0.07056874308373802.
[I 2026-08-16 14:32:54,513] Trial 189 finished with value: 0.08130660107955823 and parameters: {'rho_e': 0.006288271702582002, 'rho_d': 0.0007305856299406116, 'nu': 36, 'sigma': 0.0}. Best is trial 165 with value: 0.07056874308373802.
[I 2026-08-16 14:33:24,445] Trial 190 finished with value: 0.0823840039749956 and parameters: {'rho_e': 1e-05, 'rho_d': 0.0010993609282353128, 'nu': 2, 'sigma': 0.0}. Best is trial 165 with value: 0.07056874308373802.
[I 2026-08-16 14:33:54,589] Trial 191 finished with value: 0.07646278877111772 and parameters: {'rho_e': 0.06448976459445858, 'rho_d': 0.04539704499692128, 'nu': 36, 'sigma': 0.0}. Best is trial 165 with value: 0.07056874308373802.
[I 2026-08-16 14:34:24,634] Trial 192 finished with value: 0.07778280927155609 and parameters: {'rho_e': 0.029374741308894118, 'rho_d': 0.05756336776267906, 'nu': 2, 'sigma': 0.0}. Best is trial 165 with value: 0.07056874308373802.
[I 2026-08-16 14:34:54,339] Trial 193 finished with value: 0.08017151899724116 and parameters: {'rho_e': 0.4238545061769794, 'rho_d': 0.0006923080386999502, 'nu': 2, 'sigma': 1.0}. Best is trial 165 with value: 0.07056874308373802.
[I 2026-08-16 14:35:24,000] Trial 194 finished with value: 0.07490456741096523 and parameters: {'rho_e': 0.08545260824544032, 'rho_d': 0.0902828933982797, 'nu': 9, 'sigma': 0.4484533623750098}. Best is trial 165 with value: 0.07056874308373802.
[I 2026-08-16 14:35:53,897] Trial 195 finished with value: 0.07798898603658067 and parameters: {'rho_e': 2.095494262757616, 'rho_d': 1000.0, 'nu': 20, 'sigma': 0.0}. Best is trial 165 with value: 0.07056874308373802.
[I 2026-08-16 14:36:23,942] Trial 196 finished with value: 0.07982369934089568 and parameters: {'rho_e': 0.03298657142703618, 'rho_d': 0.014499770122934583, 'nu': 36, 'sigma': 1.0}. Best is trial 165 with value: 0.07056874308373802.
[I 2026-08-16 14:36:53,883] Trial 197 finished with value: 0.07694558622205244 and parameters: {'rho_e': 0.03855400215723324, 'rho_d': 0.05154907904980827, 'nu': 36, 'sigma': 0.42037075328742585}. Best is trial 165 with value: 0.07056874308373802.
[I 2026-08-16 14:37:23,536] Trial 198 finished with value: 0.07767762719614263 and parameters: {'rho_e': 0.09158495962152657, 'rho_d': 1.252584913942521, 'nu': 36, 'sigma': 0.701791523823502}. Best is trial 165 with value: 0.07056874308373802.
[I 2026-08-16 14:37:53,268] Trial 199 finished with value: 0.07508263347779386 and parameters: {'rho_e': 0.12449952993856046, 'rho_d': 0.24931573024587836, 'nu': 36, 'sigma': 0.28465716748913655}. Best is trial 165 with value: 0.07056874308373802.
/home/gterren/dynamic_update/functional_forecast_dynamic_update/scripts/validate_zone_ffc_mpi.py:1094: FutureWarning: The behavior of DataFrame concatenation with empty or all-NA entries is deprecated. In a future version, this will no longer exclude empty or all-NA columns when determining the result dtypes. To retain the old behavior, exclude the relevant entries before the concat operation.
  results_df = pd.concat([results_df, prob_results], axis = 0, ignore_index=True)
