/home/gterren/dynamic_update/functional_forecast_dynamic_update/scripts/validate_zone_ffc_mpi.py:673: ExperimentalWarning: GPSampler is experimental (supported from v3.6.0). The interface can change in the future.
  sampler=GPSampler(seed=SEED, n_startup_trials=0)
[I 2026-08-16 11:29:19,214] A new study created in memory with name: no-name-1fb88c84-dfb7-445d-a6fd-7ff528459118
[I 2026-08-16 11:29:57,082] Trial 0 finished with value: 0.08711685256452623 and parameters: {'rho_e': 44.1887411737707, 'rho_d': 995.9637851462421, 'nu': 12, 'sigma': 0.0043106438599059835}. Best is trial 0 with value: 0.08711685256452623.
[I 2026-08-16 11:30:34,887] Trial 1 finished with value: 0.080730942579395 and parameters: {'rho_e': 2.6447219863664277, 'rho_d': 40.466308168473645, 'nu': 7, 'sigma': 0.8437847205349434}. Best is trial 1 with value: 0.080730942579395.
[I 2026-08-16 11:31:12,678] Trial 2 finished with value: 0.09501700262600452 and parameters: {'rho_e': 0.00047214664584092734, 'rho_d': 16.540868088977554, 'nu': 31, 'sigma': 0.44896906609996834}. Best is trial 1 with value: 0.080730942579395.
[I 2026-08-16 11:31:50,499] Trial 3 finished with value: 0.09521556756212451 and parameters: {'rho_e': 0.0011040808147135118, 'rho_d': 375.80621701668764, 'nu': 35, 'sigma': 0.585819048626765}. Best is trial 1 with value: 0.080730942579395.
[I 2026-08-16 11:32:28,329] Trial 4 finished with value: 0.07072241948357118 and parameters: {'rho_e': 0.028024767563296443, 'rho_d': 0.0015178460450582438, 'nu': 3, 'sigma': 0.18433914389435993}. Best is trial 4 with value: 0.07072241948357118.
[I 2026-08-16 11:33:06,158] Trial 5 finished with value: 0.07581226007337766 and parameters: {'rho_e': 0.001699489598361542, 'rho_d': 0.00039845408642133815, 'nu': 9, 'sigma': 0.09183323898684663}. Best is trial 4 with value: 0.07072241948357118.
[I 2026-08-16 11:33:43,975] Trial 6 finished with value: 0.1035481487160019 and parameters: {'rho_e': 388.63316229431973, 'rho_d': 13.096576802695594, 'nu': 28, 'sigma': 0.46530231933873223}. Best is trial 4 with value: 0.07072241948357118.
[I 2026-08-16 11:34:21,795] Trial 7 finished with value: 0.08196287674839074 and parameters: {'rho_e': 0.0637580878679922, 'rho_d': 0.8459015317980902, 'nu': 20, 'sigma': 0.2920379239440455}. Best is trial 4 with value: 0.07072241948357118.
[I 2026-08-16 11:34:59,605] Trial 8 finished with value: 0.0951221979146866 and parameters: {'rho_e': 1.3245676649218092, 'rho_d': 2.0909343784521127e-05, 'nu': 28, 'sigma': 0.8354419364160272}. Best is trial 4 with value: 0.07072241948357118.
[I 2026-08-16 11:35:37,431] Trial 9 finished with value: 0.102631685380986 and parameters: {'rho_e': 92.52545804383819, 'rho_d': 3.6878315606541364e-05, 'nu': 27, 'sigma': 0.4074229521373047}. Best is trial 4 with value: 0.07072241948357118.
[I 2026-08-16 11:36:15,269] Trial 10 finished with value: 0.09081879762499784 and parameters: {'rho_e': 0.0003006985895585273, 'rho_d': 0.014855235320470521, 'nu': 23, 'sigma': 0.9517323870713255}. Best is trial 4 with value: 0.07072241948357118.
[I 2026-08-16 11:36:52,512] Trial 11 finished with value: 0.08126346447530225 and parameters: {'rho_e': 0.09065003585191227, 'rho_d': 0.000830117853765425, 'nu': 33, 'sigma': 0.2729529483426405}. Best is trial 4 with value: 0.07072241948357118.
[I 2026-08-16 11:37:30,254] Trial 12 finished with value: 0.08048947508732604 and parameters: {'rho_e': 9.145431087095083, 'rho_d': 251.2324980259013, 'nu': 16, 'sigma': 0.12132399718501542}. Best is trial 4 with value: 0.07072241948357118.
[I 2026-08-16 11:38:07,987] Trial 13 finished with value: 0.0870253509258216 and parameters: {'rho_e': 0.4221359244181985, 'rho_d': 0.5031258736302461, 'nu': 2, 'sigma': 0.9688122926413166}. Best is trial 4 with value: 0.07072241948357118.
[I 2026-08-16 11:38:45,698] Trial 14 finished with value: 0.11116707521990475 and parameters: {'rho_e': 186.78622596048191, 'rho_d': 0.19269267165914727, 'nu': 28, 'sigma': 0.21258830873915074}. Best is trial 4 with value: 0.07072241948357118.
[I 2026-08-16 11:39:23,390] Trial 15 finished with value: 0.0966688575663439 and parameters: {'rho_e': 0.0007960708182704726, 'rho_d': 5.246925738731659, 'nu': 14, 'sigma': 0.03710305493235684}. Best is trial 4 with value: 0.07072241948357118.
[I 2026-08-16 11:40:01,083] Trial 16 finished with value: 0.09507122217050275 and parameters: {'rho_e': 0.00013923005165982413, 'rho_d': 2.2731740310669983, 'nu': 6, 'sigma': 0.5070607118223327}. Best is trial 4 with value: 0.07072241948357118.
[I 2026-08-16 11:40:38,783] Trial 17 finished with value: 0.10192244773153111 and parameters: {'rho_e': 1.675648098732365, 'rho_d': 5.4121737341892715e-05, 'nu': 29, 'sigma': 0.3985846183223305}. Best is trial 4 with value: 0.07072241948357118.
[I 2026-08-16 11:41:16,470] Trial 18 finished with value: 0.0820559414962643 and parameters: {'rho_e': 0.629032730414082, 'rho_d': 1.5324784323963947, 'nu': 19, 'sigma': 0.37824389994983043}. Best is trial 4 with value: 0.07072241948357118.
[I 2026-08-16 11:41:54,126] Trial 19 finished with value: 0.09647040599287048 and parameters: {'rho_e': 3.1676475676253133e-05, 'rho_d': 34.70948675987812, 'nu': 23, 'sigma': 0.053769306126003336}. Best is trial 4 with value: 0.07072241948357118.
[I 2026-08-16 11:42:31,748] Trial 20 finished with value: 0.0791170984759874 and parameters: {'rho_e': 0.016052545476288312, 'rho_d': 9.457465933528161e-05, 'nu': 11, 'sigma': 0.47341304745096374}. Best is trial 4 with value: 0.07072241948357118.
[I 2026-08-16 11:43:09,352] Trial 21 finished with value: 0.08062917220181709 and parameters: {'rho_e': 0.0006193681280061315, 'rho_d': 0.002122475691460386, 'nu': 33, 'sigma': 0.5258429656298358}. Best is trial 4 with value: 0.07072241948357118.
[I 2026-08-16 11:43:46,952] Trial 22 finished with value: 0.10501671098599633 and parameters: {'rho_e': 0.002651003243141662, 'rho_d': 739.559649726732, 'nu': 11, 'sigma': 0.7980848647561093}. Best is trial 4 with value: 0.07072241948357118.
[I 2026-08-16 11:44:24,516] Trial 23 finished with value: 0.07376671931813338 and parameters: {'rho_e': 0.038014044196559606, 'rho_d': 4.931123228055199e-05, 'nu': 5, 'sigma': 0.06632928962635307}. Best is trial 4 with value: 0.07072241948357118.
[I 2026-08-16 11:45:02,016] Trial 24 finished with value: 0.0885808891316705 and parameters: {'rho_e': 0.11768782191515849, 'rho_d': 0.0008474973387104216, 'nu': 4, 'sigma': 0.028747009170219398}. Best is trial 4 with value: 0.07072241948357118.
[I 2026-08-16 11:45:39,681] Trial 25 finished with value: 0.07862141881479134 and parameters: {'rho_e': 0.000221194803883462, 'rho_d': 0.003127785231010655, 'nu': 35, 'sigma': 0.3448516036404479}. Best is trial 4 with value: 0.07072241948357118.
[I 2026-08-16 11:46:17,092] Trial 26 finished with value: 0.09707583340996853 and parameters: {'rho_e': 0.0014152114357771622, 'rho_d': 101.5441791125969, 'nu': 18, 'sigma': 0.08793124894415151}. Best is trial 4 with value: 0.07072241948357118.
[I 2026-08-16 11:46:54,586] Trial 27 finished with value: 0.09000364692953283 and parameters: {'rho_e': 0.005999664155561336, 'rho_d': 0.7336578996042769, 'nu': 12, 'sigma': 0.23314686158624018}. Best is trial 4 with value: 0.07072241948357118.
[I 2026-08-16 11:47:32,242] Trial 28 finished with value: 0.07690197341402243 and parameters: {'rho_e': 0.16658008593499812, 'rho_d': 0.04697853166935672, 'nu': 15, 'sigma': 0.30418720184778986}. Best is trial 4 with value: 0.07072241948357118.
[I 2026-08-16 11:48:09,670] Trial 29 finished with value: 0.11239537279368429 and parameters: {'rho_e': 90.41279317914542, 'rho_d': 0.00022732243773290796, 'nu': 18, 'sigma': 0.14097116339632224}. Best is trial 4 with value: 0.07072241948357118.
[I 2026-08-16 11:48:47,197] Trial 30 finished with value: 0.09566196839991045 and parameters: {'rho_e': 3.2818996043536557, 'rho_d': 0.30800376430725923, 'nu': 21, 'sigma': 0.8049373236365045}. Best is trial 4 with value: 0.07072241948357118.
[I 2026-08-16 11:49:24,724] Trial 31 finished with value: 0.08850476008840204 and parameters: {'rho_e': 0.0018651502837486495, 'rho_d': 0.5424347638825685, 'nu': 9, 'sigma': 0.1763314183454423}. Best is trial 4 with value: 0.07072241948357118.
[I 2026-08-16 11:50:02,190] Trial 32 finished with value: 0.09064426721616481 and parameters: {'rho_e': 267.2163415663082, 'rho_d': 3.249594855967158e-05, 'nu': 13, 'sigma': 0.9315113891219337}. Best is trial 4 with value: 0.07072241948357118.
[I 2026-08-16 11:50:39,716] Trial 33 finished with value: 0.07440314839180867 and parameters: {'rho_e': 0.000498668179609825, 'rho_d': 6.820202043620142e-05, 'nu': 3, 'sigma': 0.1958307936925543}. Best is trial 4 with value: 0.07072241948357118.
[I 2026-08-16 11:51:17,233] Trial 34 finished with value: 0.09259458394857538 and parameters: {'rho_e': 1.192611506222469e-05, 'rho_d': 0.06660878220627138, 'nu': 10, 'sigma': 0.6560513841848424}. Best is trial 4 with value: 0.07072241948357118.
[I 2026-08-16 11:51:54,739] Trial 35 finished with value: 0.08505186987075522 and parameters: {'rho_e': 5.750061851907727e-05, 'rho_d': 0.0028177041849973042, 'nu': 21, 'sigma': 0.6732476278597038}. Best is trial 4 with value: 0.07072241948357118.
[I 2026-08-16 11:52:32,274] Trial 36 finished with value: 0.08847033555996137 and parameters: {'rho_e': 6.422774334214674e-05, 'rho_d': 0.006227749718999353, 'nu': 16, 'sigma': 0.709754391076522}. Best is trial 4 with value: 0.07072241948357118.
[I 2026-08-16 11:53:09,759] Trial 37 finished with value: 0.09442319929572517 and parameters: {'rho_e': 20.021423656906084, 'rho_d': 1.0275090280402304e-05, 'nu': 25, 'sigma': 0.7210935975558631}. Best is trial 4 with value: 0.07072241948357118.
[I 2026-08-16 11:53:47,227] Trial 38 finished with value: 0.08516884925050422 and parameters: {'rho_e': 10.501862252814515, 'rho_d': 0.0005026248739778633, 'nu': 3, 'sigma': 0.4250157492584251}. Best is trial 4 with value: 0.07072241948357118.
[I 2026-08-16 11:54:24,698] Trial 39 finished with value: 0.09291279908716082 and parameters: {'rho_e': 0.010990099912398583, 'rho_d': 1.8233103861012256, 'nu': 33, 'sigma': 0.16796318482573772}. Best is trial 4 with value: 0.07072241948357118.
[I 2026-08-16 11:55:02,087] Trial 40 finished with value: 0.09514319916880037 and parameters: {'rho_e': 0.00481183877593825, 'rho_d': 0.026305690862481013, 'nu': 15, 'sigma': 0.888135880764632}. Best is trial 4 with value: 0.07072241948357118.
[I 2026-08-16 11:55:39,562] Trial 41 finished with value: 0.09328214257100573 and parameters: {'rho_e': 7.8251003831822015, 'rho_d': 1.664382356585933e-05, 'nu': 18, 'sigma': 0.6065667358852513}. Best is trial 4 with value: 0.07072241948357118.
[I 2026-08-16 11:56:16,999] Trial 42 finished with value: 0.10582693590230008 and parameters: {'rho_e': 0.007596660479025543, 'rho_d': 1.100315492927821, 'nu': 2, 'sigma': 0.8217855286182979}. Best is trial 4 with value: 0.07072241948357118.
[I 2026-08-16 11:56:54,428] Trial 43 finished with value: 0.08204255221257867 and parameters: {'rho_e': 0.23972978121694616, 'rho_d': 126.84185906989173, 'nu': 30, 'sigma': 0.3868549940580984}. Best is trial 4 with value: 0.07072241948357118.
[I 2026-08-16 11:57:31,934] Trial 44 finished with value: 0.08357981116467988 and parameters: {'rho_e': 2.7283524569992597e-05, 'rho_d': 0.05207894674608654, 'nu': 26, 'sigma': 0.5423483362304925}. Best is trial 4 with value: 0.07072241948357118.
[I 2026-08-16 11:58:09,427] Trial 45 finished with value: 0.08585364242829101 and parameters: {'rho_e': 66.67581953053337, 'rho_d': 0.0012019497506995061, 'nu': 8, 'sigma': 0.8928040493191106}. Best is trial 4 with value: 0.07072241948357118.
[I 2026-08-16 11:58:46,877] Trial 46 finished with value: 0.07891569867157901 and parameters: {'rho_e': 1.900838426665218e-05, 'rho_d': 0.0013289444123579571, 'nu': 34, 'sigma': 0.3521330491817352}. Best is trial 4 with value: 0.07072241948357118.
[I 2026-08-16 11:59:24,352] Trial 47 finished with value: 0.09652372755427485 and parameters: {'rho_e': 153.2689312978113, 'rho_d': 8.437372149563782, 'nu': 23, 'sigma': 0.8533919192290506}. Best is trial 4 with value: 0.07072241948357118.
[I 2026-08-16 12:00:01,913] Trial 48 finished with value: 0.09693877133169755 and parameters: {'rho_e': 4.925083285937313e-05, 'rho_d': 542.7749062374181, 'nu': 35, 'sigma': 0.1593186103901423}. Best is trial 4 with value: 0.07072241948357118.
[I 2026-08-16 12:00:39,207] Trial 49 finished with value: 0.09549493494515499 and parameters: {'rho_e': 212.9875212555835, 'rho_d': 48.76774399180994, 'nu': 29, 'sigma': 0.7197311181430005}. Best is trial 4 with value: 0.07072241948357118.
[I 2026-08-16 12:01:16,690] Trial 50 finished with value: 0.11912108564528706 and parameters: {'rho_e': 489.8472385096317, 'rho_d': 6.8768147678018305, 'nu': 30, 'sigma': 0.04491793612113747}. Best is trial 4 with value: 0.07072241948357118.
[I 2026-08-16 12:01:54,173] Trial 51 finished with value: 0.08396767141585457 and parameters: {'rho_e': 1.3920279470390566e-05, 'rho_d': 0.01793887909829646, 'nu': 22, 'sigma': 0.5675936128191598}. Best is trial 4 with value: 0.07072241948357118.
[I 2026-08-16 12:02:31,616] Trial 52 finished with value: 0.0852355400452556 and parameters: {'rho_e': 0.00018037727121456568, 'rho_d': 0.0038804300061513813, 'nu': 30, 'sigma': 0.8158050640653053}. Best is trial 4 with value: 0.07072241948357118.
[I 2026-08-16 12:03:08,999] Trial 53 finished with value: 0.08345769132563033 and parameters: {'rho_e': 6.78857731303566, 'rho_d': 0.012118698241549724, 'nu': 7, 'sigma': 0.916631269473956}. Best is trial 4 with value: 0.07072241948357118.
[I 2026-08-16 12:03:46,436] Trial 54 finished with value: 0.09343222740574085 and parameters: {'rho_e': 2.2409185909988056, 'rho_d': 0.00024689869215745674, 'nu': 14, 'sigma': 0.6897159965604344}. Best is trial 4 with value: 0.07072241948357118.
[I 2026-08-16 12:04:23,851] Trial 55 finished with value: 0.09425544497894932 and parameters: {'rho_e': 3.449822132887724, 'rho_d': 1.2563234433273771e-05, 'nu': 4, 'sigma': 0.28976515686341164}. Best is trial 4 with value: 0.07072241948357118.
[I 2026-08-16 12:05:01,241] Trial 56 finished with value: 0.087906686183758 and parameters: {'rho_e': 0.2806930201620222, 'rho_d': 0.029986995738449304, 'nu': 12, 'sigma': 0.92582884001405}. Best is trial 4 with value: 0.07072241948357118.
[I 2026-08-16 12:05:38,635] Trial 57 finished with value: 0.09443913577155816 and parameters: {'rho_e': 985.391994706257, 'rho_d': 0.12078333171462972, 'nu': 20, 'sigma': 0.6945244332927897}. Best is trial 4 with value: 0.07072241948357118.
[I 2026-08-16 12:06:16,035] Trial 58 finished with value: 0.08482420302068226 and parameters: {'rho_e': 117.90454992355644, 'rho_d': 0.11300386714373258, 'nu': 5, 'sigma': 0.49993628747908586}. Best is trial 4 with value: 0.07072241948357118.
[I 2026-08-16 12:06:53,474] Trial 59 finished with value: 0.08696584101939484 and parameters: {'rho_e': 0.0036481280281944377, 'rho_d': 0.0051933169863971115, 'nu': 21, 'sigma': 0.7614574183154023}. Best is trial 4 with value: 0.07072241948357118.
[I 2026-08-16 12:07:30,843] Trial 60 finished with value: 0.0946122885287271 and parameters: {'rho_e': 0.003494353005863863, 'rho_d': 27.789776118697908, 'nu': 35, 'sigma': 0.513905526476248}. Best is trial 4 with value: 0.07072241948357118.
[I 2026-08-16 12:08:08,271] Trial 61 finished with value: 0.10822232155990553 and parameters: {'rho_e': 717.5929767561584, 'rho_d': 11.407749883444923, 'nu': 25, 'sigma': 0.2540509228979462}. Best is trial 4 with value: 0.07072241948357118.
[I 2026-08-16 12:08:46,148] Trial 62 finished with value: 0.09652968979860234 and parameters: {'rho_e': 57.55813159589362, 'rho_d': 0.4123804061662132, 'nu': 9, 'sigma': 0.31575203741216806}. Best is trial 4 with value: 0.07072241948357118.
[I 2026-08-16 12:09:23,541] Trial 63 finished with value: 0.08222988335002322 and parameters: {'rho_e': 1.589672244626133e-05, 'rho_d': 0.09785167493195497, 'nu': 24, 'sigma': 0.22164170234292374}. Best is trial 4 with value: 0.07072241948357118.
[I 2026-08-16 12:10:00,951] Trial 64 finished with value: 0.11250759178992614 and parameters: {'rho_e': 4.0343604181179735, 'rho_d': 0.008954020893868687, 'nu': 8, 'sigma': 0.0747051664399045}. Best is trial 4 with value: 0.07072241948357118.
[I 2026-08-16 12:10:38,397] Trial 65 finished with value: 0.08160583685553885 and parameters: {'rho_e': 0.13624954063375214, 'rho_d': 3.9976573701501863, 'nu': 31, 'sigma': 0.206348798836421}. Best is trial 4 with value: 0.07072241948357118.
[I 2026-08-16 12:11:15,797] Trial 66 finished with value: 0.09216860320750317 and parameters: {'rho_e': 17.171830117313117, 'rho_d': 0.00015333200533721803, 'nu': 14, 'sigma': 0.5716870781133826}. Best is trial 4 with value: 0.07072241948357118.
[I 2026-08-16 12:11:52,335] Trial 67 finished with value: 0.10861912168043003 and parameters: {'rho_e': 27.33429844556746, 'rho_d': 8.479735863197818e-05, 'nu': 5, 'sigma': 0.13606955523984277}. Best is trial 4 with value: 0.07072241948357118.
[I 2026-08-16 12:12:29,738] Trial 68 finished with value: 0.08880889583506252 and parameters: {'rho_e': 0.0003796212758769884, 'rho_d': 0.17257927591478062, 'nu': 19, 'sigma': 0.4808836952546002}. Best is trial 4 with value: 0.07072241948357118.
[I 2026-08-16 12:13:07,130] Trial 69 finished with value: 0.09485524520183126 and parameters: {'rho_e': 1.2767895371336881, 'rho_d': 0.0002810576441523176, 'nu': 31, 'sigma': 0.9914650753532751}. Best is trial 4 with value: 0.07072241948357118.
[I 2026-08-16 12:13:44,546] Trial 70 finished with value: 0.0948530489778584 and parameters: {'rho_e': 36.37992524764074, 'rho_d': 0.006863645247452625, 'nu': 15, 'sigma': 0.451098447496511}. Best is trial 4 with value: 0.07072241948357118.
[I 2026-08-16 12:14:21,963] Trial 71 finished with value: 0.09603938294558516 and parameters: {'rho_e': 0.009992669525819491, 'rho_d': 3.5222702991430515, 'nu': 18, 'sigma': 0.7303937643547083}. Best is trial 4 with value: 0.07072241948357118.
[I 2026-08-16 12:14:59,435] Trial 72 finished with value: 0.08498708401362098 and parameters: {'rho_e': 0.3377343297456709, 'rho_d': 0.0774053186649358, 'nu': 32, 'sigma': 0.8621540264578681}. Best is trial 4 with value: 0.07072241948357118.
[I 2026-08-16 12:15:36,816] Trial 73 finished with value: 0.09437569414149283 and parameters: {'rho_e': 0.0009109716413857181, 'rho_d': 60.436547994533875, 'nu': 32, 'sigma': 0.3601272943929218}. Best is trial 4 with value: 0.07072241948357118.
[I 2026-08-16 12:16:14,237] Trial 74 finished with value: 0.08949121712697006 and parameters: {'rho_e': 0.007371262888054564, 'rho_d': 0.0003809082386397183, 'nu': 7, 'sigma': 0.6175256314359799}. Best is trial 4 with value: 0.07072241948357118.
[I 2026-08-16 12:16:52,087] Trial 75 finished with value: 0.0940560674674617 and parameters: {'rho_e': 9.598720198791217e-05, 'rho_d': 2.606996649475721, 'nu': 27, 'sigma': 0.3376011646100149}. Best is trial 4 with value: 0.07072241948357118.
[I 2026-08-16 12:17:29,492] Trial 76 finished with value: 0.09143206520716758 and parameters: {'rho_e': 0.05701125952035331, 'rho_d': 79.35071154424456, 'nu': 24, 'sigma': 0.6494202149716699}. Best is trial 4 with value: 0.07072241948357118.
[I 2026-08-16 12:18:06,914] Trial 77 finished with value: 0.08251667625977915 and parameters: {'rho_e': 0.713291651455664, 'rho_d': 413.4491860047718, 'nu': 36, 'sigma': 0.10339289430403716}. Best is trial 4 with value: 0.07072241948357118.
[I 2026-08-16 12:18:44,360] Trial 78 finished with value: 0.09758508247562803 and parameters: {'rho_e': 0.021878463708535335, 'rho_d': 616.8919853855866, 'nu': 26, 'sigma': 0.7435358182837166}. Best is trial 4 with value: 0.07072241948357118.
[I 2026-08-16 12:19:21,746] Trial 79 finished with value: 0.11466267673218639 and parameters: {'rho_e': 403.30574868014355, 'rho_d': 0.0001871394398860649, 'nu': 22, 'sigma': 0.11602803450536041}. Best is trial 4 with value: 0.07072241948357118.
[I 2026-08-16 12:19:59,259] Trial 80 finished with value: 0.10268134267899957 and parameters: {'rho_e': 611.092291059491, 'rho_d': 22.56094230841643, 'nu': 21, 'sigma': 0.41161249066195105}. Best is trial 4 with value: 0.07072241948357118.
[I 2026-08-16 12:20:36,608] Trial 81 finished with value: 0.10528662748131705 and parameters: {'rho_e': 324.04015392973747, 'rho_d': 153.91265757305513, 'nu': 29, 'sigma': 0.24049189958762376}. Best is trial 4 with value: 0.07072241948357118.
[I 2026-08-16 12:21:14,064] Trial 82 finished with value: 0.07829901600773226 and parameters: {'rho_e': 12.92694280260706, 'rho_d': 175.46495522091607, 'nu': 11, 'sigma': 0.4337060987926702}. Best is trial 4 with value: 0.07072241948357118.
[I 2026-08-16 12:21:51,472] Trial 83 finished with value: 0.09487554037323392 and parameters: {'rho_e': 2.3173430983309787e-05, 'rho_d': 0.24821385970358006, 'nu': 6, 'sigma': 0.5374331467526692}. Best is trial 4 with value: 0.07072241948357118.
[I 2026-08-16 12:22:28,879] Trial 84 finished with value: 0.09475881139157791 and parameters: {'rho_e': 32.19044123433823, 'rho_d': 0.01092394055737463, 'nu': 32, 'sigma': 0.9860377075010679}. Best is trial 4 with value: 0.07072241948357118.
[I 2026-08-16 12:23:06,307] Trial 85 finished with value: 0.09815498770000661 and parameters: {'rho_e': 0.000256338232395033, 'rho_d': 192.69694587001928, 'nu': 27, 'sigma': 0.7586787989485323}. Best is trial 4 with value: 0.07072241948357118.
[I 2026-08-16 12:23:43,645] Trial 86 finished with value: 0.11163420688281771 and parameters: {'rho_e': 1.0361792722433372, 'rho_d': 2.9031833158665516e-05, 'nu': 16, 'sigma': 0.01333033464460244}. Best is trial 4 with value: 0.07072241948357118.
[I 2026-08-16 12:24:21,041] Trial 87 finished with value: 0.07842660456986456 and parameters: {'rho_e': 0.888444978053921, 'rho_d': 7.352791689725258, 'nu': 10, 'sigma': 0.6653375875095507}. Best is trial 4 with value: 0.07072241948357118.
