[I 2026-08-16 14:10:46,847] Trial 181 finished with value: 0.07063637673803261 and parameters: {'rho_e': 0.07092051631458937, 'rho_d': 0.16442800970439203, 'nu': 2, 'sigma': 0.2871930472636404}. Best is trial 181 with value: 0.07063637673803261.
[I 2026-08-16 14:11:25,816] Trial 182 finished with value: 0.08169962177252901 and parameters: {'rho_e': 0.005107745483165872, 'rho_d': 0.0016054162664541553, 'nu': 36, 'sigma': 0.0}. Best is trial 181 with value: 0.07063637673803261.
[I 2026-08-16 14:12:04,690] Trial 183 finished with value: 0.08706824785743719 and parameters: {'rho_e': 102.90027761884888, 'rho_d': 0.1492350471613109, 'nu': 2, 'sigma': 1.0}. Best is trial 181 with value: 0.07063637673803261.
[I 2026-08-16 14:12:43,418] Trial 184 finished with value: 0.10208602507209674 and parameters: {'rho_e': 1e-05, 'rho_d': 1000.0, 'nu': 36, 'sigma': 1.0}. Best is trial 181 with value: 0.07063637673803261.
[I 2026-08-16 14:13:22,132] Trial 185 finished with value: 0.08203588064122452 and parameters: {'rho_e': 0.003461945266091488, 'rho_d': 0.000524698369517606, 'nu': 2, 'sigma': 0.0}. Best is trial 181 with value: 0.07063637673803261.
[I 2026-08-16 14:14:00,799] Trial 186 finished with value: 0.07519923918055682 and parameters: {'rho_e': 0.1607870386084085, 'rho_d': 4.421205174645359, 'nu': 2, 'sigma': 0.37536818063090627}. Best is trial 181 with value: 0.07063637673803261.
[I 2026-08-16 14:14:39,439] Trial 187 finished with value: 0.08136784189814926 and parameters: {'rho_e': 0.044899540121819834, 'rho_d': 0.0007901352122929834, 'nu': 2, 'sigma': 0.0}. Best is trial 181 with value: 0.07063637673803261.
[I 2026-08-16 14:15:18,154] Trial 188 finished with value: 0.07147810988622447 and parameters: {'rho_e': 0.0690561388534988, 'rho_d': 0.24326170373209607, 'nu': 2, 'sigma': 0.32847808798274647}. Best is trial 181 with value: 0.07063637673803261.
[I 2026-08-16 14:15:56,799] Trial 189 finished with value: 0.08308576126161825 and parameters: {'rho_e': 0.0010353377694337406, 'rho_d': 1e-05, 'nu': 36, 'sigma': 0.30172187426838}. Best is trial 181 with value: 0.07063637673803261.
[I 2026-08-16 14:16:35,554] Trial 190 finished with value: 0.07673169620414949 and parameters: {'rho_e': 5.328693710020235, 'rho_d': 1000.0, 'nu': 36, 'sigma': 0.0}. Best is trial 181 with value: 0.07063637673803261.
[I 2026-08-16 14:17:14,206] Trial 191 finished with value: 0.07106996540805591 and parameters: {'rho_e': 0.0733525131375004, 'rho_d': 0.151124943334781, 'nu': 2, 'sigma': 0.278286333151026}. Best is trial 181 with value: 0.07063637673803261.
[I 2026-08-16 14:17:52,893] Trial 192 finished with value: 0.08190257987013431 and parameters: {'rho_e': 1e-05, 'rho_d': 1e-05, 'nu': 2, 'sigma': 0.5651121454266228}. Best is trial 181 with value: 0.07063637673803261.
[I 2026-08-16 14:18:31,535] Trial 193 finished with value: 0.07201607199134 and parameters: {'rho_e': 0.051621911597935555, 'rho_d': 0.1260361073689, 'nu': 2, 'sigma': 0.2332840061865629}. Best is trial 181 with value: 0.07063637673803261.
[I 2026-08-16 14:19:09,369] Trial 194 finished with value: 0.0942588832942954 and parameters: {'rho_e': 1000.0, 'rho_d': 1e-05, 'nu': 2, 'sigma': 0.35659713086023886}. Best is trial 181 with value: 0.07063637673803261.
[I 2026-08-16 14:19:46,657] Trial 195 finished with value: 0.1017696243088442 and parameters: {'rho_e': 0.00942232188324987, 'rho_d': 1000.0, 'nu': 36, 'sigma': 1.0}. Best is trial 181 with value: 0.07063637673803261.
[I 2026-08-16 14:20:24,287] Trial 196 finished with value: 0.07858108774886222 and parameters: {'rho_e': 0.20916841575465261, 'rho_d': 22.53595708527266, 'nu': 18, 'sigma': 0.21384930170324187}. Best is trial 181 with value: 0.07063637673803261.
[I 2026-08-16 14:21:02,892] Trial 197 finished with value: 0.07407897232165592 and parameters: {'rho_e': 0.11881452055971463, 'rho_d': 0.00023391392372739466, 'nu': 2, 'sigma': 0.5375972176683741}. Best is trial 181 with value: 0.07063637673803261.
[I 2026-08-16 14:21:41,900] Trial 198 finished with value: 0.07729239649326584 and parameters: {'rho_e': 1.8161626672474902, 'rho_d': 187.49531732968043, 'nu': 36, 'sigma': 0.0}. Best is trial 181 with value: 0.07063637673803261.
[I 2026-08-16 14:22:20,353] Trial 199 finished with value: 0.09268284402725793 and parameters: {'rho_e': 1e-05, 'rho_d': 1.4128593792540256, 'nu': 2, 'sigma': 0.0}. Best is trial 181 with value: 0.07063637673803261.
/home/gterren/dynamic_update/functional_forecast_dynamic_update/scripts/validate_zone_ffc_mpi.py:1094: FutureWarning: The behavior of DataFrame concatenation with empty or all-NA entries is deprecated. In a future version, this will no longer exclude empty or all-NA columns when determining the result dtypes. To retain the old behavior, exclude the relevant entries before the concat operation.
  results_df = pd.concat([results_df, prob_results], axis = 0, ignore_index=True)
