/home/gterren/dynamic_update/functional_forecast_dynamic_update/scripts/validate_zone_ffc_mpi.py:673: ExperimentalWarning: GPSampler is experimental (supported from v3.6.0). The interface can change in the future.
  sampler=GPSampler(seed=SEED, n_startup_trials=0)
[I 2026-08-16 12:13:51,479] A new study created in memory with name: no-name-d0f77ece-1b8a-4245-9b93-8e94d516c502
[I 2026-08-16 12:14:30,072] Trial 0 finished with value: 0.1052978768077955 and parameters: {'rho_e': 320.48049270601035, 'rho_d': 7.333720044069125e-05, 'nu': 34, 'sigma': 0.34161895725503777}. Best is trial 0 with value: 0.1052978768077955.
[I 2026-08-16 12:15:08,645] Trial 1 finished with value: 0.09521986751149546 and parameters: {'rho_e': 714.2318580621164, 'rho_d': 7.880301998103747, 'nu': 14, 'sigma': 0.5640663113520826}. Best is trial 1 with value: 0.09521986751149546.
[I 2026-08-16 12:15:47,392] Trial 2 finished with value: 0.09961959299166898 and parameters: {'rho_e': 90.68365035523885, 'rho_d': 97.28200063020995, 'nu': 15, 'sigma': 0.6170686539921842}. Best is trial 1 with value: 0.09521986751149546.
[I 2026-08-16 12:16:26,260] Trial 3 finished with value: 0.11589067268575008 and parameters: {'rho_e': 34.09764974093975, 'rho_d': 1.8123134792657378, 'nu': 12, 'sigma': 0.03955694153629689}. Best is trial 1 with value: 0.09521986751149546.
[I 2026-08-16 12:17:05,086] Trial 4 finished with value: 0.07716062431435107 and parameters: {'rho_e': 0.03475995405019492, 'rho_d': 0.11138976964905928, 'nu': 7, 'sigma': 0.546009361076742}. Best is trial 4 with value: 0.07716062431435107.
[I 2026-08-16 12:17:43,815] Trial 5 finished with value: 0.08302819448654139 and parameters: {'rho_e': 3.807181325856371e-05, 'rho_d': 0.000138354297677471, 'nu': 9, 'sigma': 0.32339670371682033}. Best is trial 4 with value: 0.07716062431435107.
[I 2026-08-16 12:18:21,499] Trial 6 finished with value: 0.08720256797632205 and parameters: {'rho_e': 5.553831725156411e-05, 'rho_d': 0.0005916483668115688, 'nu': 3, 'sigma': 0.8983600164394779}. Best is trial 4 with value: 0.07716062431435107.
[I 2026-08-16 12:19:00,256] Trial 7 finished with value: 0.09436564880739515 and parameters: {'rho_e': 0.0002147046480063219, 'rho_d': 17.176405562094168, 'nu': 32, 'sigma': 0.16345900097034335}. Best is trial 4 with value: 0.07716062431435107.
[I 2026-08-16 12:19:38,819] Trial 8 finished with value: 0.08760035708640879 and parameters: {'rho_e': 0.00039295529172662095, 'rho_d': 0.008983614558532275, 'nu': 19, 'sigma': 0.672973803669145}. Best is trial 4 with value: 0.07716062431435107.
[I 2026-08-16 12:20:17,455] Trial 9 finished with value: 0.0787529378239128 and parameters: {'rho_e': 0.3297833201098901, 'rho_d': 9.211714948268902, 'nu': 29, 'sigma': 0.18513435223250624}. Best is trial 4 with value: 0.07716062431435107.
[I 2026-08-16 12:20:56,184] Trial 10 finished with value: 0.08672397236457542 and parameters: {'rho_e': 0.00032743449687552774, 'rho_d': 0.06982459335646382, 'nu': 9, 'sigma': 0.5792478451202063}. Best is trial 4 with value: 0.07716062431435107.
[I 2026-08-16 12:21:34,714] Trial 11 finished with value: 0.0843207322097787 and parameters: {'rho_e': 8.16547317679453e-05, 'rho_d': 2.4989297252983232e-05, 'nu': 10, 'sigma': 0.41061226315015686}. Best is trial 4 with value: 0.07716062431435107.
[I 2026-08-16 12:22:13,327] Trial 12 finished with value: 0.1002654472773726 and parameters: {'rho_e': 120.0954437207198, 'rho_d': 242.85242029746937, 'nu': 32, 'sigma': 0.9360668636803037}. Best is trial 4 with value: 0.07716062431435107.
[I 2026-08-16 12:22:51,919] Trial 13 finished with value: 0.10561041463527678 and parameters: {'rho_e': 148.14344553176596, 'rho_d': 0.5265790180554144, 'nu': 26, 'sigma': 0.2609687718092598}. Best is trial 4 with value: 0.07716062431435107.
[I 2026-08-16 12:23:30,545] Trial 14 finished with value: 0.09213111544639885 and parameters: {'rho_e': 0.0012364362503263237, 'rho_d': 0.15322002229043483, 'nu': 13, 'sigma': 0.9515959537053901}. Best is trial 4 with value: 0.07716062431435107.
[I 2026-08-16 12:24:09,142] Trial 15 finished with value: 0.09742455998517796 and parameters: {'rho_e': 0.007445793612460039, 'rho_d': 137.09981367260704, 'nu': 23, 'sigma': 0.3660501592040706}. Best is trial 4 with value: 0.07716062431435107.
[I 2026-08-16 12:24:47,801] Trial 16 finished with value: 0.1008139811244683 and parameters: {'rho_e': 0.002331219976154238, 'rho_d': 392.7935435250583, 'nu': 35, 'sigma': 0.8741179454716912}. Best is trial 4 with value: 0.07716062431435107.
[I 2026-08-16 12:25:26,392] Trial 17 finished with value: 0.09614812342048712 and parameters: {'rho_e': 58.790303564087075, 'rho_d': 0.05935824250108043, 'nu': 31, 'sigma': 0.9216627658858851}. Best is trial 4 with value: 0.07716062431435107.
[I 2026-08-16 12:26:03,969] Trial 18 finished with value: 0.09585155328331679 and parameters: {'rho_e': 0.014580639344596942, 'rho_d': 174.2155211031002, 'nu': 36, 'sigma': 0.4028597931525407}. Best is trial 4 with value: 0.07716062431435107.
[I 2026-08-16 12:26:42,472] Trial 19 finished with value: 0.08901490129490525 and parameters: {'rho_e': 1.551834292783962e-05, 'rho_d': 7.758979887421448e-05, 'nu': 21, 'sigma': 0.8626656052613566}. Best is trial 4 with value: 0.07716062431435107.
[I 2026-08-16 12:27:20,954] Trial 20 finished with value: 0.08925514040914156 and parameters: {'rho_e': 0.009046633091153963, 'rho_d': 0.009973086216759817, 'nu': 19, 'sigma': 0.9666069253628409}. Best is trial 4 with value: 0.07716062431435107.
[I 2026-08-16 12:27:59,560] Trial 21 finished with value: 0.09702692507348146 and parameters: {'rho_e': 269.68912307558213, 'rho_d': 0.0013085337566522048, 'nu': 23, 'sigma': 0.6049507531969688}. Best is trial 4 with value: 0.07716062431435107.
[I 2026-08-16 12:28:38,171] Trial 22 finished with value: 0.08776647655410072 and parameters: {'rho_e': 504.8700620745148, 'rho_d': 0.00019757983555148038, 'nu': 5, 'sigma': 0.8532382499765339}. Best is trial 4 with value: 0.07716062431435107.
[I 2026-08-16 12:29:16,757] Trial 23 finished with value: 0.08786062699769685 and parameters: {'rho_e': 1.7746640904286266, 'rho_d': 1.549040305360904e-05, 'nu': 7, 'sigma': 0.6204933603595459}. Best is trial 4 with value: 0.07716062431435107.
[I 2026-08-16 12:29:55,283] Trial 24 finished with value: 0.11179661987757765 and parameters: {'rho_e': 11.673891313075186, 'rho_d': 0.03707447477903782, 'nu': 35, 'sigma': 0.1359820180272283}. Best is trial 4 with value: 0.07716062431435107.
[I 2026-08-16 12:30:33,932] Trial 25 finished with value: 0.10869063089850914 and parameters: {'rho_e': 2.2156827969853805, 'rho_d': 3.692191347356584e-05, 'nu': 22, 'sigma': 0.07674293879615599}. Best is trial 4 with value: 0.07716062431435107.
[I 2026-08-16 12:31:12,384] Trial 26 finished with value: 0.08231900284973935 and parameters: {'rho_e': 0.004544380665804007, 'rho_d': 0.00023035939536654332, 'nu': 32, 'sigma': 0.25784346919035067}. Best is trial 4 with value: 0.07716062431435107.
[I 2026-08-16 12:31:50,772] Trial 27 finished with value: 0.07984404644952203 and parameters: {'rho_e': 1.3826927126900712, 'rho_d': 64.78251153341243, 'nu': 8, 'sigma': 0.3167722166619299}. Best is trial 4 with value: 0.07716062431435107.
[I 2026-08-16 12:32:29,210] Trial 28 finished with value: 0.11266783422393511 and parameters: {'rho_e': 847.5752595376426, 'rho_d': 635.234736886619, 'nu': 34, 'sigma': 0.1439418689780986}. Best is trial 4 with value: 0.07716062431435107.
[I 2026-08-16 12:33:07,594] Trial 29 finished with value: 0.10112687109697634 and parameters: {'rho_e': 92.45494909910872, 'rho_d': 0.011334226708406118, 'nu': 26, 'sigma': 0.42583995993007934}. Best is trial 4 with value: 0.07716062431435107.
[I 2026-08-16 12:33:45,990] Trial 30 finished with value: 0.08697033839987778 and parameters: {'rho_e': 1.0131460240934304e-05, 'rho_d': 0.2653121086531181, 'nu': 6, 'sigma': 0.44201403494614916}. Best is trial 4 with value: 0.07716062431435107.
[I 2026-08-16 12:34:24,435] Trial 31 finished with value: 0.09448056859914468 and parameters: {'rho_e': 45.45766213389336, 'rho_d': 0.0025868602779063267, 'nu': 4, 'sigma': 0.38317322712608465}. Best is trial 4 with value: 0.07716062431435107.
[I 2026-08-16 12:35:02,770] Trial 32 finished with value: 0.10405594166497674 and parameters: {'rho_e': 12.753570002551308, 'rho_d': 0.4633466535985563, 'nu': 30, 'sigma': 0.33427812215348657}. Best is trial 4 with value: 0.07716062431435107.
[I 2026-08-16 12:35:41,249] Trial 33 finished with value: 0.0973321203826444 and parameters: {'rho_e': 4.965498044708172, 'rho_d': 0.423970550119016, 'nu': 30, 'sigma': 0.7788321911718593}. Best is trial 4 with value: 0.07716062431435107.
[I 2026-08-16 12:36:19,781] Trial 34 finished with value: 0.09568529455422606 and parameters: {'rho_e': 180.94562030525123, 'rho_d': 0.015332133818559709, 'nu': 21, 'sigma': 0.6868735114272253}. Best is trial 4 with value: 0.07716062431435107.
[I 2026-08-16 12:36:58,311] Trial 35 finished with value: 0.08918946814807274 and parameters: {'rho_e': 0.6085430963528888, 'rho_d': 2.0420730916203814e-05, 'nu': 17, 'sigma': 0.49669181962302233}. Best is trial 4 with value: 0.07716062431435107.
[I 2026-08-16 12:37:37,333] Trial 36 finished with value: 0.08224981976529822 and parameters: {'rho_e': 0.00928603156398131, 'rho_d': 4.888364469054896e-05, 'nu': 32, 'sigma': 0.6699979877065975}. Best is trial 4 with value: 0.07716062431435107.
[I 2026-08-16 12:38:16,130] Trial 37 finished with value: 0.11159839706826681 and parameters: {'rho_e': 6.869204441610755, 'rho_d': 0.9291412989812996, 'nu': 22, 'sigma': 0.12361705429933466}. Best is trial 4 with value: 0.07716062431435107.
[I 2026-08-16 12:38:54,866] Trial 38 finished with value: 0.09389712836873011 and parameters: {'rho_e': 224.63043333270562, 'rho_d': 0.0004148606041900776, 'nu': 15, 'sigma': 0.7352474706157236}. Best is trial 4 with value: 0.07716062431435107.
[I 2026-08-16 12:39:33,584] Trial 39 finished with value: 0.08935131124075509 and parameters: {'rho_e': 1.267081003095647e-05, 'rho_d': 0.04273530719106839, 'nu': 14, 'sigma': 0.7688281578751173}. Best is trial 4 with value: 0.07716062431435107.
[I 2026-08-16 12:40:12,123] Trial 40 finished with value: 0.0829334559589261 and parameters: {'rho_e': 0.012493083943583248, 'rho_d': 0.2028507300560964, 'nu': 23, 'sigma': 0.056227347433398675}. Best is trial 4 with value: 0.07716062431435107.
[I 2026-08-16 12:40:50,705] Trial 41 finished with value: 0.08289447870055364 and parameters: {'rho_e': 0.0007628531976274308, 'rho_d': 0.001670697392940989, 'nu': 29, 'sigma': 0.4584348767622854}. Best is trial 4 with value: 0.07716062431435107.
[I 2026-08-16 12:41:29,302] Trial 42 finished with value: 0.0863563050386752 and parameters: {'rho_e': 0.005806304421628637, 'rho_d': 1.4365977637269708e-05, 'nu': 2, 'sigma': 0.9106647475419452}. Best is trial 4 with value: 0.07716062431435107.
[I 2026-08-16 12:42:07,845] Trial 43 finished with value: 0.08320055794209733 and parameters: {'rho_e': 0.0008587368539217641, 'rho_d': 0.007288528117812194, 'nu': 11, 'sigma': 0.20396186869121644}. Best is trial 4 with value: 0.07716062431435107.
[I 2026-08-16 12:42:46,460] Trial 44 finished with value: 0.07572602804820784 and parameters: {'rho_e': 0.1792530484320524, 'rho_d': 3.479675194465007, 'nu': 3, 'sigma': 0.10525113802545309}. Best is trial 44 with value: 0.07572602804820784.
[I 2026-08-16 12:43:24,951] Trial 45 finished with value: 0.09272747284338617 and parameters: {'rho_e': 19.367126056962743, 'rho_d': 0.030252644562028107, 'nu': 4, 'sigma': 0.4336145360125894}. Best is trial 44 with value: 0.07572602804820784.
[I 2026-08-16 12:44:03,425] Trial 46 finished with value: 0.07936315612515488 and parameters: {'rho_e': 0.07819569654406465, 'rho_d': 1.9841520016538194, 'nu': 22, 'sigma': 0.04211050685633353}. Best is trial 44 with value: 0.07572602804820784.
[I 2026-08-16 12:44:41,953] Trial 47 finished with value: 0.10210054108697297 and parameters: {'rho_e': 669.3824717917842, 'rho_d': 0.00027660724373514654, 'nu': 16, 'sigma': 0.27678061563075596}. Best is trial 44 with value: 0.07572602804820784.
[I 2026-08-16 12:45:20,408] Trial 48 finished with value: 0.08460251354274842 and parameters: {'rho_e': 0.018501287512575466, 'rho_d': 0.22602256262332207, 'nu': 24, 'sigma': 0.8131818214754672}. Best is trial 44 with value: 0.07572602804820784.
[I 2026-08-16 12:45:58,971] Trial 49 finished with value: 0.09615068515677114 and parameters: {'rho_e': 0.1030501020203731, 'rho_d': 119.55056247732517, 'nu': 11, 'sigma': 0.944863474340989}. Best is trial 44 with value: 0.07572602804820784.
[I 2026-08-16 12:46:37,543] Trial 50 finished with value: 0.09097635980115429 and parameters: {'rho_e': 0.0026246544686353516, 'rho_d': 0.7935311340354209, 'nu': 35, 'sigma': 0.3919356624055371}. Best is trial 44 with value: 0.07572602804820784.
[I 2026-08-16 12:47:16,003] Trial 51 finished with value: 0.08827078839449759 and parameters: {'rho_e': 0.00017659937383951617, 'rho_d': 0.02674076982660716, 'nu': 13, 'sigma': 0.6384925895833462}. Best is trial 44 with value: 0.07572602804820784.
[I 2026-08-16 12:47:54,653] Trial 52 finished with value: 0.08834928299962194 and parameters: {'rho_e': 0.0438223544438519, 'rho_d': 13.27092330947627, 'nu': 12, 'sigma': 0.6482034219596354}. Best is trial 44 with value: 0.07572602804820784.
[I 2026-08-16 12:48:33,187] Trial 53 finished with value: 0.11456204806159032 and parameters: {'rho_e': 67.31177771756968, 'rho_d': 22.524024416890263, 'nu': 25, 'sigma': 0.11958239231100397}. Best is trial 44 with value: 0.07572602804820784.
[I 2026-08-16 12:49:11,728] Trial 54 finished with value: 0.09142766163517443 and parameters: {'rho_e': 0.06009686948832667, 'rho_d': 702.7766718230083, 'nu': 24, 'sigma': 0.17989747837144152}. Best is trial 44 with value: 0.07572602804820784.
[I 2026-08-16 12:49:50,324] Trial 55 finished with value: 0.09958894961727616 and parameters: {'rho_e': 0.00012101083302027408, 'rho_d': 85.12969823799796, 'nu': 26, 'sigma': 0.7516186948384436}. Best is trial 44 with value: 0.07572602804820784.
[I 2026-08-16 12:50:28,889] Trial 56 finished with value: 0.08985571119020401 and parameters: {'rho_e': 4.4449465705750724e-05, 'rho_d': 9.401784700431145e-05, 'nu': 4, 'sigma': 0.9942653496967248}. Best is trial 44 with value: 0.07572602804820784.
[I 2026-08-16 12:51:07,459] Trial 57 finished with value: 0.09289485934149708 and parameters: {'rho_e': 3.307257910022608, 'rho_d': 1.1511665095735834e-05, 'nu': 20, 'sigma': 0.6905301191059311}. Best is trial 44 with value: 0.07572602804820784.
[I 2026-08-16 12:51:45,951] Trial 58 finished with value: 0.10582574769232625 and parameters: {'rho_e': 0.0018704796883527702, 'rho_d': 524.5157096061105, 'nu': 19, 'sigma': 0.8898001613676954}. Best is trial 44 with value: 0.07572602804820784.
[I 2026-08-16 12:52:23,527] Trial 59 finished with value: 0.10075592950212235 and parameters: {'rho_e': 0.00023883766661560925, 'rho_d': 947.8058917732094, 'nu': 10, 'sigma': 0.3568854649530273}. Best is trial 44 with value: 0.07572602804820784.
[I 2026-08-16 12:53:01,098] Trial 60 finished with value: 0.09156382110255136 and parameters: {'rho_e': 30.153221315802828, 'rho_d': 0.006272183691824702, 'nu': 12, 'sigma': 0.8466806358880004}. Best is trial 44 with value: 0.07572602804820784.
[I 2026-08-16 12:53:39,513] Trial 61 finished with value: 0.08223379842350911 and parameters: {'rho_e': 0.226268097322272, 'rho_d': 283.5251734794936, 'nu': 17, 'sigma': 0.019964072188620115}. Best is trial 44 with value: 0.07572602804820784.
[I 2026-08-16 12:54:17,891] Trial 62 finished with value: 0.10374717018804183 and parameters: {'rho_e': 2.4798988920647473, 'rho_d': 17.450493767735836, 'nu': 13, 'sigma': 0.0039353243500312015}. Best is trial 44 with value: 0.07572602804820784.
[I 2026-08-16 12:54:55,544] Trial 63 finished with value: 0.0779707813072262 and parameters: {'rho_e': 0.025011677310605572, 'rho_d': 0.016946064387621387, 'nu': 5, 'sigma': 0.08841482055332675}. Best is trial 44 with value: 0.07572602804820784.
[I 2026-08-16 12:55:33,996] Trial 64 finished with value: 0.08072679834112598 and parameters: {'rho_e': 0.029456952680907967, 'rho_d': 2.912499879392691e-05, 'nu': 33, 'sigma': 0.974254661426714}. Best is trial 44 with value: 0.07572602804820784.
[I 2026-08-16 12:56:12,400] Trial 65 finished with value: 0.0873770191429536 and parameters: {'rho_e': 9.218225081546117e-05, 'rho_d': 0.1361310780000168, 'nu': 30, 'sigma': 0.7440945126870621}. Best is trial 44 with value: 0.07572602804820784.
[I 2026-08-16 12:56:50,802] Trial 66 finished with value: 0.10112810005092995 and parameters: {'rho_e': 21.482257030517378, 'rho_d': 42.52555482501704, 'nu': 27, 'sigma': 0.4609982391736993}. Best is trial 44 with value: 0.07572602804820784.
[I 2026-08-16 12:57:29,191] Trial 67 finished with value: 0.09655050492782413 and parameters: {'rho_e': 7.413442883472736e-05, 'rho_d': 207.16154979595137, 'nu': 18, 'sigma': 0.23019726500401494}. Best is trial 44 with value: 0.07572602804820784.
[I 2026-08-16 12:58:07,519] Trial 68 finished with value: 0.09563807552561382 and parameters: {'rho_e': 331.65607362397486, 'rho_d': 2.2977956617515165, 'nu': 31, 'sigma': 0.9880793079556061}. Best is trial 44 with value: 0.07572602804820784.
[I 2026-08-16 12:58:45,989] Trial 69 finished with value: 0.08991313817369005 and parameters: {'rho_e': 0.02228531315762712, 'rho_d': 25.232369392582758, 'nu': 25, 'sigma': 0.2216557233890635}. Best is trial 44 with value: 0.07572602804820784.
[I 2026-08-16 12:59:24,548] Trial 70 finished with value: 0.08554663569524631 and parameters: {'rho_e': 0.14969641630262168, 'rho_d': 54.06795952815221, 'nu': 20, 'sigma': 0.7103295068611721}. Best is trial 44 with value: 0.07572602804820784.
[I 2026-08-16 13:00:03,233] Trial 71 finished with value: 0.08312065174420845 and parameters: {'rho_e': 0.0017275438961041048, 'rho_d': 0.003548458129165728, 'nu': 28, 'sigma': 0.02796825543351146}. Best is trial 44 with value: 0.07572602804820784.
[I 2026-08-16 13:00:42,126] Trial 72 finished with value: 0.1013453575910318 and parameters: {'rho_e': 16.725979606950222, 'rho_d': 34.33925158049958, 'nu': 9, 'sigma': 0.802913518676575}. Best is trial 44 with value: 0.07572602804820784.
[I 2026-08-16 13:01:20,899] Trial 73 finished with value: 0.09418717923998651 and parameters: {'rho_e': 3.6122944035850635, 'rho_d': 0.01920927787961488, 'nu': 27, 'sigma': 0.7264140238743382}. Best is trial 44 with value: 0.07572602804820784.
[I 2026-08-16 13:01:59,729] Trial 74 finished with value: 0.09502415618215095 and parameters: {'rho_e': 38.61671152420864, 'rho_d': 0.002092292724802397, 'nu': 10, 'sigma': 0.47191996106294565}. Best is trial 44 with value: 0.07572602804820784.
[I 2026-08-16 13:02:38,375] Trial 75 finished with value: 0.10129983025258593 and parameters: {'rho_e': 2.450780781203914e-05, 'rho_d': 449.41470527134857, 'nu': 16, 'sigma': 0.5277083597945009}. Best is trial 44 with value: 0.07572602804820784.
[I 2026-08-16 13:03:16,955] Trial 76 finished with value: 0.08607257062556455 and parameters: {'rho_e': 0.00015760718394869903, 'rho_d': 0.0005200712074228567, 'nu': 15, 'sigma': 0.5106304992925566}. Best is trial 44 with value: 0.07572602804820784.
[I 2026-08-16 13:03:55,573] Trial 77 finished with value: 0.07624006871395125 and parameters: {'rho_e': 0.12333808423244141, 'rho_d': 0.0018142933109536823, 'nu': 4, 'sigma': 0.5331919170716646}. Best is trial 44 with value: 0.07572602804820784.
[I 2026-08-16 13:04:34,135] Trial 78 finished with value: 0.09207732467035626 and parameters: {'rho_e': 2.6615626186979542e-05, 'rho_d': 4.023562656475725, 'nu': 24, 'sigma': 0.48760603387528256}. Best is trial 44 with value: 0.07572602804820784.
[I 2026-08-16 13:05:11,763] Trial 79 finished with value: 0.10248888269913697 and parameters: {'rho_e': 451.9589689129725, 'rho_d': 6.286836703514959, 'nu': 18, 'sigma': 0.289480861806035}. Best is trial 44 with value: 0.07572602804820784.
[I 2026-08-16 13:05:49,421] Trial 80 finished with value: 0.08855886798197665 and parameters: {'rho_e': 0.0005064907910624623, 'rho_d': 0.34294972962194176, 'nu': 35, 'sigma': 0.6504115906201252}. Best is trial 44 with value: 0.07572602804820784.
[I 2026-08-16 13:06:27,914] Trial 81 finished with value: 0.09482775768674054 and parameters: {'rho_e': 1.1537053770394115, 'rho_d': 0.0001903153408941842, 'nu': 17, 'sigma': 0.30893609937588534}. Best is trial 44 with value: 0.07572602804820784.
[I 2026-08-16 13:07:06,426] Trial 82 finished with value: 0.08481185128295383 and parameters: {'rho_e': 0.0004165631246779191, 'rho_d': 0.00390870101242766, 'nu': 28, 'sigma': 0.5506632379880236}. Best is trial 44 with value: 0.07572602804820784.
[I 2026-08-16 13:07:45,014] Trial 83 finished with value: 0.083060313500308 and parameters: {'rho_e': 3.230091141162473e-05, 'rho_d': 0.0012018846154684226, 'nu': 25, 'sigma': 0.19688751551933248}. Best is trial 44 with value: 0.07572602804820784.
[I 2026-08-16 13:08:23,520] Trial 84 finished with value: 0.0785382263717532 and parameters: {'rho_e': 0.09291954227513116, 'rho_d': 3.09424743819704, 'nu': 27, 'sigma': 0.7014670599510662}. Best is trial 44 with value: 0.07572602804820784.
[I 2026-08-16 13:09:02,139] Trial 85 finished with value: 0.0926060822153463 and parameters: {'rho_e': 0.003111638974228438, 'rho_d': 1.2149575344172832, 'nu': 33, 'sigma': 0.5953788769075302}. Best is trial 44 with value: 0.07572602804820784.
[I 2026-08-16 13:09:40,720] Trial 86 finished with value: 0.11276319918832184 and parameters: {'rho_e': 9.987810107211534, 'rho_d': 5.2299013316616865, 'nu': 3, 'sigma': 0.09085637693719704}. Best is trial 44 with value: 0.07572602804820784.
[I 2026-08-16 13:10:18,304] Trial 87 finished with value: 0.09684728961005999 and parameters: {'rho_e': 0.96044116828649, 'rho_d': 0.6420987843246544, 'nu': 17, 'sigma': 0.21429990725733172}. Best is trial 44 with value: 0.07572602804820784.
