[I 2026-08-16 23:43:50,048] Trial 180 finished with value: 0.08078152680203236 and parameters: {'rho_e': 0.005018541743328481, 'rho_d': 0.002663019424769499, 'nu': 36, 'sigma': 0.0}. Best is trial 175 with value: 0.066681289466431.
[I 2026-08-16 23:44:26,847] Trial 181 finished with value: 0.09002485411159214 and parameters: {'rho_e': 0.0016269167771301397, 'rho_d': 1e-05, 'nu': 2, 'sigma': 1.0}. Best is trial 175 with value: 0.066681289466431.
[I 2026-08-16 23:45:04,084] Trial 182 finished with value: 0.07883089247541553 and parameters: {'rho_e': 1e-05, 'rho_d': 0.02154386174689456, 'nu': 36, 'sigma': 1.0}. Best is trial 175 with value: 0.066681289466431.
[I 2026-08-16 23:45:39,628] Trial 183 finished with value: 0.06999276917952306 and parameters: {'rho_e': 0.07038137888620849, 'rho_d': 0.0007019649096732082, 'nu': 2, 'sigma': 0.8311720772558395}. Best is trial 175 with value: 0.066681289466431.
[I 2026-08-16 23:46:14,639] Trial 184 finished with value: 0.06989175220128509 and parameters: {'rho_e': 0.03703921748056558, 'rho_d': 0.004300754563545862, 'nu': 2, 'sigma': 0.6477638595121771}. Best is trial 175 with value: 0.066681289466431.
[I 2026-08-16 23:46:49,695] Trial 185 finished with value: 0.07114027643449675 and parameters: {'rho_e': 0.2858779797448043, 'rho_d': 1e-05, 'nu': 2, 'sigma': 1.0}. Best is trial 175 with value: 0.066681289466431.
[I 2026-08-16 23:47:24,829] Trial 186 finished with value: 0.066882831042442 and parameters: {'rho_e': 0.02152032726857959, 'rho_d': 0.00022268527578996321, 'nu': 2, 'sigma': 0.4695419834901149}. Best is trial 175 with value: 0.066681289466431.
[I 2026-08-16 23:47:59,854] Trial 187 finished with value: 0.06762149521981635 and parameters: {'rho_e': 0.02009034778240441, 'rho_d': 0.0002506594100657183, 'nu': 2, 'sigma': 0.4404352878679937}. Best is trial 175 with value: 0.066681289466431.
[I 2026-08-16 23:48:37,154] Trial 188 finished with value: 0.06945794963998295 and parameters: {'rho_e': 0.3033722190103667, 'rho_d': 0.00011072703203357127, 'nu': 2, 'sigma': 0.8365362459409948}. Best is trial 175 with value: 0.066681289466431.
[I 2026-08-16 23:49:14,110] Trial 189 finished with value: 0.07064068455959534 and parameters: {'rho_e': 0.19734294970475905, 'rho_d': 0.0005128829573402124, 'nu': 2, 'sigma': 1.0}. Best is trial 175 with value: 0.066681289466431.
[I 2026-08-16 23:49:49,401] Trial 190 finished with value: 0.0704653139029423 and parameters: {'rho_e': 0.04256147716856274, 'rho_d': 0.22259115262937385, 'nu': 36, 'sigma': 0.5585803279157024}. Best is trial 175 with value: 0.066681289466431.
[I 2026-08-16 23:50:24,038] Trial 191 finished with value: 0.07372271620352447 and parameters: {'rho_e': 0.08706635226685422, 'rho_d': 3.230355622702428, 'nu': 36, 'sigma': 0.4087815047820407}. Best is trial 175 with value: 0.066681289466431.
[I 2026-08-16 23:50:58,516] Trial 192 finished with value: 0.07403667599698471 and parameters: {'rho_e': 0.018339184102192298, 'rho_d': 0.01966366852712613, 'nu': 36, 'sigma': 0.4761819826665436}. Best is trial 175 with value: 0.066681289466431.
[I 2026-08-16 23:51:33,422] Trial 193 finished with value: 0.0727066235520611 and parameters: {'rho_e': 0.03829612070666494, 'rho_d': 0.02658554513299686, 'nu': 21, 'sigma': 0.6391783929548798}. Best is trial 175 with value: 0.066681289466431.
[I 2026-08-16 23:52:09,370] Trial 194 finished with value: 0.06758154104731437 and parameters: {'rho_e': 0.02010786991962861, 'rho_d': 6.133490753930042e-05, 'nu': 2, 'sigma': 0.4474190853545995}. Best is trial 175 with value: 0.066681289466431.
[I 2026-08-16 23:52:46,971] Trial 195 finished with value: 0.08106486721695923 and parameters: {'rho_e': 1e-05, 'rho_d': 1e-05, 'nu': 36, 'sigma': 0.0}. Best is trial 175 with value: 0.066681289466431.
[I 2026-08-16 23:53:23,126] Trial 196 finished with value: 0.08978619310260624 and parameters: {'rho_e': 0.00015916027479805786, 'rho_d': 1000.0, 'nu': 36, 'sigma': 0.9999999999999999}. Best is trial 175 with value: 0.066681289466431.
[I 2026-08-16 23:53:57,914] Trial 197 finished with value: 0.07795441886384219 and parameters: {'rho_e': 0.002361712677096438, 'rho_d': 1e-05, 'nu': 36, 'sigma': 0.3577631358754311}. Best is trial 175 with value: 0.066681289466431.
[I 2026-08-16 23:54:32,586] Trial 198 finished with value: 0.08106486721695923 and parameters: {'rho_e': 1e-05, 'rho_d': 1e-05, 'nu': 2, 'sigma': 0.0}. Best is trial 175 with value: 0.066681289466431.
[I 2026-08-16 23:55:07,630] Trial 199 finished with value: 0.06773665947410869 and parameters: {'rho_e': 0.017560004907133688, 'rho_d': 0.00010907899297825502, 'nu': 2, 'sigma': 0.38690866180875155}. Best is trial 175 with value: 0.066681289466431.
/home/gterren/dynamic_update/functional_forecast_dynamic_update/scripts/validate_zone_ffc_mpi.py:1094: FutureWarning: The behavior of DataFrame concatenation with empty or all-NA entries is deprecated. In a future version, this will no longer exclude empty or all-NA columns when determining the result dtypes. To retain the old behavior, exclude the relevant entries before the concat operation.
  results_df = pd.concat([results_df, prob_results], axis = 0, ignore_index=True)
