[I 2026-08-16 14:31:39,818] Trial 88 finished with value: 0.11012004933406237 and parameters: {'rho_e': 808.8435333665526, 'rho_d': 771.2850774129435, 'nu': 31, 'sigma': 0.254807051353894}. Best is trial 31 with value: 0.0742681224675717.
[I 2026-08-16 14:32:19,982] Trial 89 finished with value: 0.09428836376950876 and parameters: {'rho_e': 633.0253791527543, 'rho_d': 45.455452579488366, 'nu': 20, 'sigma': 0.7096389148598082}. Best is trial 31 with value: 0.0742681224675717.
[I 2026-08-16 14:33:00,203] Trial 90 finished with value: 0.09458451063245572 and parameters: {'rho_e': 1.0011331744014998e-05, 'rho_d': 0.053244906784150864, 'nu': 25, 'sigma': 0.1049856052027563}. Best is trial 31 with value: 0.0742681224675717.
[I 2026-08-16 14:33:40,386] Trial 91 finished with value: 0.09515227630394991 and parameters: {'rho_e': 0.00385361040567208, 'rho_d': 0.027705098919118584, 'nu': 11, 'sigma': 0.20991862069726686}. Best is trial 31 with value: 0.0742681224675717.
[I 2026-08-16 14:34:20,466] Trial 92 finished with value: 0.09783371856521941 and parameters: {'rho_e': 0.005714501227560669, 'rho_d': 116.00960750092175, 'nu': 18, 'sigma': 0.7255281995740358}. Best is trial 31 with value: 0.0742681224675717.
[I 2026-08-16 14:35:00,546] Trial 93 finished with value: 0.09348150240711932 and parameters: {'rho_e': 5.980189857056641, 'rho_d': 0.0002131882014836295, 'nu': 28, 'sigma': 0.7637138866173282}. Best is trial 31 with value: 0.0742681224675717.
[I 2026-08-16 14:35:40,667] Trial 94 finished with value: 0.09165013980250412 and parameters: {'rho_e': 5.5018371884489925, 'rho_d': 0.00982057041012593, 'nu': 8, 'sigma': 0.39470813686024214}. Best is trial 31 with value: 0.0742681224675717.
[I 2026-08-16 14:36:20,877] Trial 95 finished with value: 0.07571633144710363 and parameters: {'rho_e': 0.17280824537937622, 'rho_d': 37.68187082725423, 'nu': 35, 'sigma': 0.2984114598896659}. Best is trial 31 with value: 0.0742681224675717.
[I 2026-08-16 14:37:01,126] Trial 96 finished with value: 0.08725239783941854 and parameters: {'rho_e': 0.033897016078091556, 'rho_d': 164.3378023697618, 'nu': 6, 'sigma': 0.07350512557460892}. Best is trial 31 with value: 0.0742681224675717.
[I 2026-08-16 14:37:40,352] Trial 97 finished with value: 0.10034542592798307 and parameters: {'rho_e': 0.0021604944113239777, 'rho_d': 3.2413808908015533, 'nu': 20, 'sigma': 0.6607180513440737}. Best is trial 31 with value: 0.0742681224675717.
[I 2026-08-16 14:38:20,418] Trial 98 finished with value: 0.08986951041808655 and parameters: {'rho_e': 570.5570546933972, 'rho_d': 10.349660264682885, 'nu': 6, 'sigma': 0.8304150895769256}. Best is trial 31 with value: 0.0742681224675717.
[I 2026-08-16 14:39:00,590] Trial 99 finished with value: 0.08895779639313592 and parameters: {'rho_e': 0.00015533838611531524, 'rho_d': 0.0029907788869589056, 'nu': 30, 'sigma': 0.38017329613222484}. Best is trial 31 with value: 0.0742681224675717.
[I 2026-08-16 14:39:43,307] Trial 100 finished with value: 0.07846586708695333 and parameters: {'rho_e': 0.8420730346580705, 'rho_d': 1000.0, 'nu': 26, 'sigma': 0.31919614536283175}. Best is trial 31 with value: 0.0742681224675717.
[I 2026-08-16 14:40:23,766] Trial 101 finished with value: 0.07761432029279182 and parameters: {'rho_e': 2.8801068256857714, 'rho_d': 1000.0, 'nu': 8, 'sigma': 0.4104521785737371}. Best is trial 31 with value: 0.0742681224675717.
[I 2026-08-16 14:41:04,274] Trial 102 finished with value: 0.07430566214216897 and parameters: {'rho_e': 2.5133801119324937, 'rho_d': 630.696413624293, 'nu': 35, 'sigma': 0.39003129060905745}. Best is trial 31 with value: 0.0742681224675717.
[I 2026-08-16 14:41:44,790] Trial 103 finished with value: 0.074133360227749 and parameters: {'rho_e': 0.03655432656953255, 'rho_d': 0.0001984109225163497, 'nu': 32, 'sigma': 0.39537361988615377}. Best is trial 103 with value: 0.074133360227749.
[I 2026-08-16 14:42:25,156] Trial 104 finished with value: 0.07377423224014705 and parameters: {'rho_e': 0.056627128690905006, 'rho_d': 0.0005412263724997765, 'nu': 11, 'sigma': 0.4788853221939007}. Best is trial 104 with value: 0.07377423224014705.
[I 2026-08-16 14:43:05,551] Trial 105 finished with value: 0.07554607128892368 and parameters: {'rho_e': 0.01812629307098421, 'rho_d': 1.191563540765914e-05, 'nu': 36, 'sigma': 0.16978744510583607}. Best is trial 104 with value: 0.07377423224014705.
[I 2026-08-16 14:43:46,067] Trial 106 finished with value: 0.0732936445901648 and parameters: {'rho_e': 1.8516529950284357, 'rho_d': 273.07144387150345, 'nu': 25, 'sigma': 0.34456529374309147}. Best is trial 106 with value: 0.0732936445901648.
[I 2026-08-16 14:44:26,500] Trial 107 finished with value: 0.07414892322098651 and parameters: {'rho_e': 0.02928944690567004, 'rho_d': 5.5929747496850536e-05, 'nu': 10, 'sigma': 0.2938673156583398}. Best is trial 106 with value: 0.0732936445901648.
[I 2026-08-16 14:45:06,894] Trial 108 finished with value: 0.07380723804142478 and parameters: {'rho_e': 0.5832413488306547, 'rho_d': 117.6574785968405, 'nu': 36, 'sigma': 0.3880756752368229}. Best is trial 106 with value: 0.0732936445901648.
[I 2026-08-16 14:45:47,313] Trial 109 finished with value: 0.0741572196980834 and parameters: {'rho_e': 0.030902035263560338, 'rho_d': 3.8395623188871134e-05, 'nu': 27, 'sigma': 0.3826548385409039}. Best is trial 106 with value: 0.0732936445901648.
[I 2026-08-16 14:46:27,618] Trial 110 finished with value: 0.07361169510247116 and parameters: {'rho_e': 2.3145045385882494, 'rho_d': 443.81223628916536, 'nu': 26, 'sigma': 0.2834506127223228}. Best is trial 106 with value: 0.0732936445901648.
[I 2026-08-16 14:47:08,028] Trial 111 finished with value: 0.07578096567091042 and parameters: {'rho_e': 0.017894178368909813, 'rho_d': 0.00020229941320366122, 'nu': 25, 'sigma': 0.11828703406958828}. Best is trial 106 with value: 0.0732936445901648.
[I 2026-08-16 14:47:48,486] Trial 112 finished with value: 0.07444120039479513 and parameters: {'rho_e': 0.053725592039914026, 'rho_d': 0.001281591494266771, 'nu': 28, 'sigma': 0.4761874171752515}. Best is trial 106 with value: 0.0732936445901648.
[I 2026-08-16 14:48:28,776] Trial 113 finished with value: 0.07796231089866593 and parameters: {'rho_e': 0.01360169120887037, 'rho_d': 1e-05, 'nu': 2, 'sigma': 0.0}. Best is trial 106 with value: 0.0732936445901648.
[I 2026-08-16 14:49:08,082] Trial 114 finished with value: 0.07297864635379586 and parameters: {'rho_e': 0.5912700249583742, 'rho_d': 80.66780966862135, 'nu': 23, 'sigma': 0.24643346889207943}. Best is trial 114 with value: 0.07297864635379586.
[I 2026-08-16 14:49:48,299] Trial 115 finished with value: 0.07264572691094576 and parameters: {'rho_e': 0.5023847355116822, 'rho_d': 79.98195997742565, 'nu': 36, 'sigma': 0.1989959476485909}. Best is trial 115 with value: 0.07264572691094576.
[I 2026-08-16 14:50:28,590] Trial 116 finished with value: 0.08640503974459547 and parameters: {'rho_e': 1e-05, 'rho_d': 1e-05, 'nu': 36, 'sigma': 0.0}. Best is trial 115 with value: 0.07264572691094576.
[I 2026-08-16 14:51:08,918] Trial 117 finished with value: 0.07318475183078588 and parameters: {'rho_e': 0.7349027187436887, 'rho_d': 93.09588394252887, 'nu': 32, 'sigma': 0.2376724707789887}. Best is trial 115 with value: 0.07264572691094576.
[I 2026-08-16 14:51:48,332] Trial 118 finished with value: 0.07330685662166869 and parameters: {'rho_e': 0.36510447423389186, 'rho_d': 69.41688246167716, 'nu': 28, 'sigma': 0.08740170306911635}. Best is trial 115 with value: 0.07264572691094576.
[I 2026-08-16 14:52:28,528] Trial 119 finished with value: 0.07386572120640338 and parameters: {'rho_e': 0.4058497495625127, 'rho_d': 87.79048272492416, 'nu': 33, 'sigma': 0.21401279040733143}. Best is trial 115 with value: 0.07264572691094576.
[I 2026-08-16 14:53:08,871] Trial 120 finished with value: 0.0732044239477235 and parameters: {'rho_e': 0.5820950004398703, 'rho_d': 52.08702363037672, 'nu': 2, 'sigma': 0.04300329895739657}. Best is trial 115 with value: 0.07264572691094576.
[I 2026-08-16 14:53:49,329] Trial 121 finished with value: 0.0734405113143008 and parameters: {'rho_e': 0.839474547478853, 'rho_d': 94.03764207831313, 'nu': 15, 'sigma': 0.12647342065792505}. Best is trial 115 with value: 0.07264572691094576.
[I 2026-08-16 14:54:29,519] Trial 122 finished with value: 0.07507420180523786 and parameters: {'rho_e': 0.4534366719444483, 'rho_d': 32.140046036875205, 'nu': 15, 'sigma': 0.11278561502068134}. Best is trial 115 with value: 0.07264572691094576.
[I 2026-08-16 14:55:08,579] Trial 123 finished with value: 0.07412859712943615 and parameters: {'rho_e': 0.5690712738462843, 'rho_d': 146.03037416827055, 'nu': 2, 'sigma': 0.0}. Best is trial 115 with value: 0.07264572691094576.
[I 2026-08-16 14:55:48,602] Trial 124 finished with value: 0.07398829009601698 and parameters: {'rho_e': 1.124519902248081, 'rho_d': 117.10242764187464, 'nu': 2, 'sigma': 0.21344389309486936}. Best is trial 115 with value: 0.07264572691094576.
[I 2026-08-16 14:56:28,639] Trial 125 finished with value: 0.0734163637217197 and parameters: {'rho_e': 0.9458125272369183, 'rho_d': 185.33435329672912, 'nu': 36, 'sigma': 0.18815549551123964}. Best is trial 115 with value: 0.07264572691094576.
[I 2026-08-16 14:57:08,847] Trial 126 finished with value: 0.07412838498334912 and parameters: {'rho_e': 0.43538670787962896, 'rho_d': 122.4536114967014, 'nu': 36, 'sigma': 0.0}. Best is trial 115 with value: 0.07264572691094576.
[I 2026-08-16 14:57:47,306] Trial 127 finished with value: 0.07261189924582773 and parameters: {'rho_e': 0.03880218144298255, 'rho_d': 1e-05, 'nu': 2, 'sigma': 0.42713118673366807}. Best is trial 127 with value: 0.07261189924582773.
[I 2026-08-16 14:58:25,097] Trial 128 finished with value: 0.07189215906432547 and parameters: {'rho_e': 0.035867836495236914, 'rho_d': 1e-05, 'nu': 2, 'sigma': 0.3553935609765233}. Best is trial 128 with value: 0.07189215906432547.
[I 2026-08-16 14:59:05,242] Trial 129 finished with value: 0.07220912982072991 and parameters: {'rho_e': 0.04289370598328014, 'rho_d': 1e-05, 'nu': 2, 'sigma': 0.2653931084730169}. Best is trial 128 with value: 0.07189215906432547.
[I 2026-08-16 14:59:44,968] Trial 130 finished with value: 0.07178728081043946 and parameters: {'rho_e': 0.03192846090792758, 'rho_d': 1e-05, 'nu': 2, 'sigma': 0.3096512123105862}. Best is trial 130 with value: 0.07178728081043946.
[I 2026-08-16 15:00:24,712] Trial 131 finished with value: 0.07362415838672742 and parameters: {'rho_e': 0.03395312821336028, 'rho_d': 1e-05, 'nu': 11, 'sigma': 0.3073506465822268}. Best is trial 130 with value: 0.07178728081043946.
[I 2026-08-16 15:01:04,459] Trial 132 finished with value: 0.07143985237133911 and parameters: {'rho_e': 0.047964045749654356, 'rho_d': 2.6520162401774303e-05, 'nu': 2, 'sigma': 0.3811256087235241}. Best is trial 132 with value: 0.07143985237133911.
[I 2026-08-16 15:01:44,274] Trial 133 finished with value: 0.07219092075024819 and parameters: {'rho_e': 0.058540237000931, 'rho_d': 6.131699550187823e-05, 'nu': 2, 'sigma': 0.40030957996356015}. Best is trial 132 with value: 0.07143985237133911.
[I 2026-08-16 15:02:24,012] Trial 134 finished with value: 0.07154732763448322 and parameters: {'rho_e': 0.047437354256041, 'rho_d': 2.188889726210271e-05, 'nu': 2, 'sigma': 0.3552384407903157}. Best is trial 132 with value: 0.07143985237133911.
[I 2026-08-16 15:03:03,713] Trial 135 finished with value: 0.07180660070789213 and parameters: {'rho_e': 0.043774955319288114, 'rho_d': 2.6083237874787072e-05, 'nu': 2, 'sigma': 0.42038623588420776}. Best is trial 132 with value: 0.07143985237133911.
[I 2026-08-16 15:03:43,476] Trial 136 finished with value: 0.08639013705627502 and parameters: {'rho_e': 0.000727916860767523, 'rho_d': 1e-05, 'nu': 36, 'sigma': 0.0}. Best is trial 132 with value: 0.07143985237133911.
[I 2026-08-16 15:04:23,171] Trial 137 finished with value: 0.07168727205597428 and parameters: {'rho_e': 0.04769754399616738, 'rho_d': 2.3353734393894992e-05, 'nu': 2, 'sigma': 0.31521098769043054}. Best is trial 132 with value: 0.07143985237133911.
[I 2026-08-16 15:05:03,023] Trial 138 finished with value: 0.07182886165955207 and parameters: {'rho_e': 0.042408189671573344, 'rho_d': 2.1530865468478533e-05, 'nu': 2, 'sigma': 0.3420268008785357}. Best is trial 132 with value: 0.07143985237133911.
[I 2026-08-16 15:05:42,606] Trial 139 finished with value: 0.07173498277215336 and parameters: {'rho_e': 0.05353993424747389, 'rho_d': 1.7468958238356206e-05, 'nu': 2, 'sigma': 0.37615263606154214}. Best is trial 132 with value: 0.07143985237133911.
[I 2026-08-16 15:06:22,520] Trial 140 finished with value: 0.0739288520553334 and parameters: {'rho_e': 0.07304349788534072, 'rho_d': 0.0028596052653042095, 'nu': 2, 'sigma': 0.616017805651794}. Best is trial 132 with value: 0.07143985237133911.
[I 2026-08-16 15:07:02,459] Trial 141 finished with value: 0.09161200230101617 and parameters: {'rho_e': 1e-05, 'rho_d': 1e-05, 'nu': 36, 'sigma': 1.0}. Best is trial 132 with value: 0.07143985237133911.
[I 2026-08-16 15:07:41,781] Trial 142 finished with value: 0.07195492054067555 and parameters: {'rho_e': 0.04084137789182022, 'rho_d': 2.1210539515713865e-05, 'nu': 2, 'sigma': 0.3519388784729612}. Best is trial 132 with value: 0.07143985237133911.
[I 2026-08-16 15:08:21,838] Trial 143 finished with value: 0.07176665124461225 and parameters: {'rho_e': 0.05459310572749556, 'rho_d': 1.6989976894372388e-05, 'nu': 2, 'sigma': 0.3772002270519775}. Best is trial 132 with value: 0.07143985237133911.
[I 2026-08-16 15:09:01,760] Trial 144 finished with value: 0.08580840947433228 and parameters: {'rho_e': 0.7813142270073822, 'rho_d': 1e-05, 'nu': 2, 'sigma': 1.0}. Best is trial 132 with value: 0.07143985237133911.
[I 2026-08-16 15:09:41,850] Trial 145 finished with value: 0.08490583705568945 and parameters: {'rho_e': 0.004786850427753359, 'rho_d': 0.00026728774826137555, 'nu': 36, 'sigma': 0.0}. Best is trial 132 with value: 0.07143985237133911.
[I 2026-08-16 15:10:21,994] Trial 146 finished with value: 0.07240467505738593 and parameters: {'rho_e': 0.03122883977568024, 'rho_d': 0.0006079166342432271, 'nu': 2, 'sigma': 0.32966076569843294}. Best is trial 132 with value: 0.07143985237133911.
[I 2026-08-16 15:11:01,947] Trial 147 finished with value: 0.07292666676144599 and parameters: {'rho_e': 0.046294298175920345, 'rho_d': 0.00021300915899683244, 'nu': 2, 'sigma': 0.24053345981897198}. Best is trial 132 with value: 0.07143985237133911.
[I 2026-08-16 15:11:42,764] Trial 148 finished with value: 0.07271478890864577 and parameters: {'rho_e': 0.03958931677522635, 'rho_d': 0.00020026796833930182, 'nu': 2, 'sigma': 0.4382622196143949}. Best is trial 132 with value: 0.07143985237133911.
[I 2026-08-16 15:12:22,993] Trial 149 finished with value: 0.07474210973935541 and parameters: {'rho_e': 0.030036088430450938, 'rho_d': 0.0013192674921145453, 'nu': 36, 'sigma': 0.24263562399813368}. Best is trial 132 with value: 0.07143985237133911.
[I 2026-08-16 15:13:03,350] Trial 150 finished with value: 0.0811619790184185 and parameters: {'rho_e': 0.061285076191718836, 'rho_d': 1e-05, 'nu': 2, 'sigma': 0.0}. Best is trial 132 with value: 0.07143985237133911.
[I 2026-08-16 15:13:43,763] Trial 151 finished with value: 0.08047344469765057 and parameters: {'rho_e': 0.18637317603135004, 'rho_d': 0.002434300780178044, 'nu': 2, 'sigma': 1.0}. Best is trial 132 with value: 0.07143985237133911.
[I 2026-08-16 15:14:24,211] Trial 152 finished with value: 0.09055796733560567 and parameters: {'rho_e': 1000.0, 'rho_d': 1e-05, 'nu': 2, 'sigma': 1.0}. Best is trial 132 with value: 0.07143985237133911.
[I 2026-08-16 15:15:04,543] Trial 153 finished with value: 0.0717986834314149 and parameters: {'rho_e': 0.050964897258126605, 'rho_d': 0.0010209577874108911, 'nu': 2, 'sigma': 0.40365289481059236}. Best is trial 132 with value: 0.07143985237133911.
[I 2026-08-16 15:15:45,005] Trial 154 finished with value: 0.07490637520820656 and parameters: {'rho_e': 0.06552892953938548, 'rho_d': 1e-05, 'nu': 36, 'sigma': 1.0}. Best is trial 132 with value: 0.07143985237133911.
[I 2026-08-16 15:16:25,272] Trial 155 finished with value: 0.07423722869655354 and parameters: {'rho_e': 0.0522024202069232, 'rho_d': 1e-05, 'nu': 36, 'sigma': 0.638560777851719}. Best is trial 132 with value: 0.07143985237133911.
[I 2026-08-16 15:17:05,641] Trial 156 finished with value: 0.08640503974459547 and parameters: {'rho_e': 1e-05, 'rho_d': 1e-05, 'nu': 2, 'sigma': 0.0}. Best is trial 132 with value: 0.07143985237133911.
[I 2026-08-16 15:17:46,035] Trial 157 finished with value: 0.07441168669644135 and parameters: {'rho_e': 0.029323085195298304, 'rho_d': 0.0022630183228642244, 'nu': 2, 'sigma': 0.4067401538806559}. Best is trial 132 with value: 0.07143985237133911.
[I 2026-08-16 15:18:26,304] Trial 158 finished with value: 0.09992177572562803 and parameters: {'rho_e': 1e-05, 'rho_d': 1000.0, 'nu': 36, 'sigma': 1.0}. Best is trial 132 with value: 0.07143985237133911.
[I 2026-08-16 15:19:06,670] Trial 159 finished with value: 0.10419116950718106 and parameters: {'rho_e': 1000.0, 'rho_d': 1000.0, 'nu': 2, 'sigma': 1.0}. Best is trial 132 with value: 0.07143985237133911.
[I 2026-08-16 15:19:47,080] Trial 160 finished with value: 0.0721753189564031 and parameters: {'rho_e': 0.05799985649803747, 'rho_d': 0.0005653916502761615, 'nu': 2, 'sigma': 0.38640232266590546}. Best is trial 132 with value: 0.07143985237133911.
[I 2026-08-16 15:20:27,395] Trial 161 finished with value: 0.08049069357256616 and parameters: {'rho_e': 0.16015297706513784, 'rho_d': 0.00010904487938229347, 'nu': 36, 'sigma': 1.0}. Best is trial 132 with value: 0.07143985237133911.
[I 2026-08-16 15:21:07,659] Trial 162 finished with value: 0.09385282431060452 and parameters: {'rho_e': 1e-05, 'rho_d': 1000.0, 'nu': 2, 'sigma': 0.0}. Best is trial 132 with value: 0.07143985237133911.
[I 2026-08-16 15:21:48,067] Trial 163 finished with value: 0.07164453627231307 and parameters: {'rho_e': 0.04012840393411945, 'rho_d': 2.0327010097549167e-05, 'nu': 2, 'sigma': 0.33389378854055546}. Best is trial 132 with value: 0.07143985237133911.
[I 2026-08-16 15:22:28,331] Trial 164 finished with value: 0.07161135451952919 and parameters: {'rho_e': 0.04869456237568683, 'rho_d': 3.0323491470500907e-05, 'nu': 2, 'sigma': 0.3489038787725494}. Best is trial 132 with value: 0.07143985237133911.
[I 2026-08-16 15:23:08,687] Trial 165 finished with value: 0.08030990687634648 and parameters: {'rho_e': 0.06176096150828638, 'rho_d': 1e-05, 'nu': 2, 'sigma': 1.0}. Best is trial 132 with value: 0.07143985237133911.
[I 2026-08-16 15:23:49,059] Trial 166 finished with value: 0.07428901892153592 and parameters: {'rho_e': 0.22575598990396423, 'rho_d': 45.1742947250502, 'nu': 2, 'sigma': 0.0}. Best is trial 132 with value: 0.07143985237133911.
[I 2026-08-16 15:24:29,507] Trial 167 finished with value: 0.07409786541987838 and parameters: {'rho_e': 0.4095708558551326, 'rho_d': 78.20612031088436, 'nu': 2, 'sigma': 0.19439444940673117}. Best is trial 132 with value: 0.07143985237133911.
[I 2026-08-16 15:25:09,852] Trial 168 finished with value: 0.07595266216502546 and parameters: {'rho_e': 0.2069368172656575, 'rho_d': 25.908146248132272, 'nu': 36, 'sigma': 0.0}. Best is trial 132 with value: 0.07143985237133911.
[I 2026-08-16 15:25:49,992] Trial 169 finished with value: 0.07188642804615784 and parameters: {'rho_e': 0.05379458126319391, 'rho_d': 2.4340638311283662e-05, 'nu': 2, 'sigma': 0.3947467438723752}. Best is trial 132 with value: 0.07143985237133911.
[I 2026-08-16 15:26:29,497] Trial 170 finished with value: 0.08639552861109745 and parameters: {'rho_e': 1e-05, 'rho_d': 0.0004979146774195932, 'nu': 36, 'sigma': 0.0}. Best is trial 132 with value: 0.07143985237133911.
[I 2026-08-16 15:27:08,720] Trial 171 finished with value: 0.0900624174922471 and parameters: {'rho_e': 1000.0, 'rho_d': 0.494675343967877, 'nu': 2, 'sigma': 0.42660737676303184}. Best is trial 132 with value: 0.07143985237133911.
[I 2026-08-16 15:27:46,321] Trial 172 finished with value: 0.07689685287763252 and parameters: {'rho_e': 0.04507880591875028, 'rho_d': 0.00019661811896069312, 'nu': 36, 'sigma': 0.16722448885464386}. Best is trial 132 with value: 0.07143985237133911.
[I 2026-08-16 15:28:26,553] Trial 173 finished with value: 0.07763613208359435 and parameters: {'rho_e': 0.05194567529808052, 'rho_d': 0.0047331535956765276, 'nu': 36, 'sigma': 1.0}. Best is trial 132 with value: 0.07143985237133911.
[I 2026-08-16 15:29:06,816] Trial 174 finished with value: 0.07446344333100918 and parameters: {'rho_e': 0.019768272685771218, 'rho_d': 0.0005805345769959203, 'nu': 2, 'sigma': 0.10296841953324419}. Best is trial 132 with value: 0.07143985237133911.
[I 2026-08-16 15:29:47,202] Trial 175 finished with value: 0.07470328536180898 and parameters: {'rho_e': 0.03486684902398623, 'rho_d': 0.0026076965148503074, 'nu': 36, 'sigma': 0.620172449591088}. Best is trial 132 with value: 0.07143985237133911.
[I 2026-08-16 15:30:27,540] Trial 176 finished with value: 0.09040416474318616 and parameters: {'rho_e': 26.364471449011955, 'rho_d': 1e-05, 'nu': 2, 'sigma': 1.0}. Best is trial 132 with value: 0.07143985237133911.
[I 2026-08-16 15:31:07,813] Trial 177 finished with value: 0.07433473006228575 and parameters: {'rho_e': 0.03953306021992854, 'rho_d': 5.033544697877177e-05, 'nu': 36, 'sigma': 0.7105630094794306}. Best is trial 132 with value: 0.07143985237133911.
[I 2026-08-16 15:31:47,845] Trial 178 finished with value: 0.0771681705353211 and parameters: {'rho_e': 0.025453354189077983, 'rho_d': 1e-05, 'nu': 36, 'sigma': 1.0}. Best is trial 132 with value: 0.07143985237133911.
[I 2026-08-16 15:32:27,869] Trial 179 finished with value: 0.07143985237133911 and parameters: {'rho_e': 0.047964045749654356, 'rho_d': 2.6520162401774303e-05, 'nu': 2, 'sigma': 0.3811256087235241}. Best is trial 132 with value: 0.07143985237133911.
