[I 2026-08-16 14:04:21,330] Trial 183 finished with value: 0.06412242868254048 and parameters: {'rho_e': 0.2520511257240326, 'rho_d': 0.5248194127967442, 'nu': 2, 'sigma': 0.36459689623950553}. Best is trial 106 with value: 0.0629490032147948.
[I 2026-08-16 14:05:08,591] Trial 184 finished with value: 0.06551866314178295 and parameters: {'rho_e': 0.2925727969311949, 'rho_d': 0.4782193009104628, 'nu': 2, 'sigma': 0.3954481905120022}. Best is trial 106 with value: 0.0629490032147948.
[I 2026-08-16 14:05:55,614] Trial 185 finished with value: 0.06472742474115427 and parameters: {'rho_e': 0.20704754845951126, 'rho_d': 0.5530956940439475, 'nu': 2, 'sigma': 0.3153288882849973}. Best is trial 106 with value: 0.0629490032147948.
[I 2026-08-16 14:06:41,053] Trial 186 finished with value: 0.089386777532145 and parameters: {'rho_e': 1e-05, 'rho_d': 0.18683895733023984, 'nu': 36, 'sigma': 1.0}. Best is trial 106 with value: 0.0629490032147948.
[I 2026-08-16 14:07:28,066] Trial 187 finished with value: 0.08113210147355897 and parameters: {'rho_e': 0.001366969057099061, 'rho_d': 0.00031774884142702156, 'nu': 36, 'sigma': 0.2763092340288962}. Best is trial 106 with value: 0.0629490032147948.
[I 2026-08-16 14:08:14,831] Trial 188 finished with value: 0.08787533639570605 and parameters: {'rho_e': 0.01804407473650363, 'rho_d': 1e-05, 'nu': 36, 'sigma': 1.0}. Best is trial 106 with value: 0.0629490032147948.
[I 2026-08-16 14:09:01,309] Trial 189 finished with value: 0.09114647177319132 and parameters: {'rho_e': 0.09298236884906678, 'rho_d': 1e-05, 'nu': 2, 'sigma': 1.0}. Best is trial 106 with value: 0.0629490032147948.
[I 2026-08-16 14:09:47,735] Trial 190 finished with value: 0.07281652034216293 and parameters: {'rho_e': 0.2078541253941813, 'rho_d': 0.4558757347993439, 'nu': 36, 'sigma': 1.0}. Best is trial 106 with value: 0.0629490032147948.
[I 2026-08-16 14:10:33,004] Trial 191 finished with value: 0.0791100676450748 and parameters: {'rho_e': 1.2549616457019346, 'rho_d': 26.2644770720501, 'nu': 36, 'sigma': 0.20049772436361385}. Best is trial 106 with value: 0.0629490032147948.
[I 2026-08-16 14:11:19,438] Trial 192 finished with value: 0.07558296126504783 and parameters: {'rho_e': 0.3485554550170822, 'rho_d': 9.617421495734845, 'nu': 36, 'sigma': 0.7877878862409564}. Best is trial 106 with value: 0.0629490032147948.
[I 2026-08-16 14:12:05,876] Trial 193 finished with value: 0.09480997290660116 and parameters: {'rho_e': 21.304200017559257, 'rho_d': 1e-05, 'nu': 36, 'sigma': 1.0}. Best is trial 106 with value: 0.0629490032147948.
[I 2026-08-16 14:12:52,382] Trial 194 finished with value: 0.06267232256196582 and parameters: {'rho_e': 0.15869102505302335, 'rho_d': 0.3571556181974735, 'nu': 2, 'sigma': 0.36546802145458107}. Best is trial 194 with value: 0.06267232256196582.
[I 2026-08-16 14:13:37,730] Trial 195 finished with value: 0.09118759540415688 and parameters: {'rho_e': 0.00014989733559259543, 'rho_d': 0.0009622625166023866, 'nu': 36, 'sigma': 1.0}. Best is trial 194 with value: 0.06267232256196582.
[I 2026-08-16 14:14:23,859] Trial 196 finished with value: 0.08717571175274774 and parameters: {'rho_e': 0.0006584730880850241, 'rho_d': 1e-05, 'nu': 2, 'sigma': 0.5057589102963476}. Best is trial 194 with value: 0.06267232256196582.
[I 2026-08-16 14:15:09,369] Trial 197 finished with value: 0.07740589569213968 and parameters: {'rho_e': 0.005484058379067633, 'rho_d': 0.0007653099422266475, 'nu': 2, 'sigma': 0.18665463332079615}. Best is trial 194 with value: 0.06267232256196582.
[I 2026-08-16 14:15:55,020] Trial 198 finished with value: 0.06440145663537686 and parameters: {'rho_e': 0.15269190631237617, 'rho_d': 0.2592031793344697, 'nu': 2, 'sigma': 0.366448074115503}. Best is trial 194 with value: 0.06267232256196582.
[I 2026-08-16 14:16:41,481] Trial 199 finished with value: 0.081288524759043 and parameters: {'rho_e': 0.16672427745764562, 'rho_d': 0.008838187432927146, 'nu': 36, 'sigma': 0.6799091582242404}. Best is trial 194 with value: 0.06267232256196582.
/home/gterren/dynamic_update/functional_forecast_dynamic_update/scripts/validate_zone_ffc_mpi.py:1094: FutureWarning: The behavior of DataFrame concatenation with empty or all-NA entries is deprecated. In a future version, this will no longer exclude empty or all-NA columns when determining the result dtypes. To retain the old behavior, exclude the relevant entries before the concat operation.
  results_df = pd.concat([results_df, prob_results], axis = 0, ignore_index=True)
