[I 2026-08-16 22:49:45,413] Trial 88 finished with value: 0.07917516900775254 and parameters: {'rho_e': 0.10955683436189492, 'rho_d': 17.335641105180176, 'nu': 30, 'sigma': 0.9665030333402096}. Best is trial 21 with value: 0.07176347697401048.
[I 2026-08-16 22:50:17,747] Trial 89 finished with value: 0.07698961911246686 and parameters: {'rho_e': 404.0017816903608, 'rho_d': 1.7029913359385358, 'nu': 8, 'sigma': 0.7748778573795911}. Best is trial 21 with value: 0.07176347697401048.
[I 2026-08-16 22:50:50,243] Trial 90 finished with value: 0.07794743977156232 and parameters: {'rho_e': 6.687532104035759e-05, 'rho_d': 0.017658739928068382, 'nu': 23, 'sigma': 0.29099843561974764}. Best is trial 21 with value: 0.07176347697401048.
[I 2026-08-16 22:51:22,933] Trial 91 finished with value: 0.09088613224683005 and parameters: {'rho_e': 1.9771401749850168, 'rho_d': 0.05984121945521464, 'nu': 35, 'sigma': 0.8944799975093669}. Best is trial 21 with value: 0.07176347697401048.
[I 2026-08-16 22:51:56,701] Trial 92 finished with value: 0.1036177669833575 and parameters: {'rho_e': 40.24790330007283, 'rho_d': 200.98181792944928, 'nu': 15, 'sigma': 0.4706039997045142}. Best is trial 21 with value: 0.07176347697401048.
[I 2026-08-16 22:52:31,344] Trial 93 finished with value: 0.07813529550100128 and parameters: {'rho_e': 0.007468269893370547, 'rho_d': 1.61286970740552e-05, 'nu': 26, 'sigma': 0.7062855262944665}. Best is trial 21 with value: 0.07176347697401048.
[I 2026-08-16 22:53:04,298] Trial 94 finished with value: 0.08253237927713583 and parameters: {'rho_e': 0.0023898071675510797, 'rho_d': 0.5105799785763581, 'nu': 3, 'sigma': 0.12408622300734228}. Best is trial 21 with value: 0.07176347697401048.
[I 2026-08-16 22:53:37,130] Trial 95 finished with value: 0.07689082098123792 and parameters: {'rho_e': 0.016506505170872286, 'rho_d': 0.0067545827302765695, 'nu': 13, 'sigma': 0.15750510918850885}. Best is trial 21 with value: 0.07176347697401048.
[I 2026-08-16 22:54:09,887] Trial 96 finished with value: 0.0798873854757145 and parameters: {'rho_e': 8.919454905898495e-05, 'rho_d': 0.1301658122748069, 'nu': 23, 'sigma': 0.48334819167680704}. Best is trial 21 with value: 0.07176347697401048.
[I 2026-08-16 22:54:42,483] Trial 97 finished with value: 0.09036159158097384 and parameters: {'rho_e': 167.59176445305437, 'rho_d': 0.0003270573651194096, 'nu': 33, 'sigma': 0.8028864249055724}. Best is trial 21 with value: 0.07176347697401048.
[I 2026-08-16 22:55:15,340] Trial 98 finished with value: 0.0724354390342423 and parameters: {'rho_e': 0.0003329223434176967, 'rho_d': 0.00014468150177905916, 'nu': 2, 'sigma': 0.25371662350737295}. Best is trial 21 with value: 0.07176347697401048.
[I 2026-08-16 22:55:48,994] Trial 99 finished with value: 0.08089456056966493 and parameters: {'rho_e': 0.005144397214248984, 'rho_d': 0.0007543567094497256, 'nu': 27, 'sigma': 0.9544511364446193}. Best is trial 21 with value: 0.07176347697401048.
[I 2026-08-16 22:56:25,922] Trial 100 finished with value: 0.07629348659687636 and parameters: {'rho_e': 214.83684455483015, 'rho_d': 0.0015318988017504658, 'nu': 2, 'sigma': 0.9716898721278703}. Best is trial 21 with value: 0.07176347697401048.
[I 2026-08-16 22:57:00,241] Trial 101 finished with value: 0.07709092679202109 and parameters: {'rho_e': 0.0022262641628726576, 'rho_d': 6.609680912363441e-05, 'nu': 2, 'sigma': 0.4932489589726216}. Best is trial 21 with value: 0.07176347697401048.
[I 2026-08-16 22:57:33,152] Trial 102 finished with value: 0.07298759447249947 and parameters: {'rho_e': 0.5977465972123982, 'rho_d': 1000.0, 'nu': 21, 'sigma': 0.22704074970415655}. Best is trial 21 with value: 0.07176347697401048.
[I 2026-08-16 22:58:06,202] Trial 103 finished with value: 0.07446946729651133 and parameters: {'rho_e': 38.768429591870515, 'rho_d': 1e-05, 'nu': 2, 'sigma': 0.9079069337616558}. Best is trial 21 with value: 0.07176347697401048.
[I 2026-08-16 22:58:39,493] Trial 104 finished with value: 0.07396997198114298 and parameters: {'rho_e': 1000.0, 'rho_d': 1e-05, 'nu': 2, 'sigma': 0.885376110357201}. Best is trial 21 with value: 0.07176347697401048.
[I 2026-08-16 22:59:14,579] Trial 105 finished with value: 0.07242123390075536 and parameters: {'rho_e': 8.019968153001283e-05, 'rho_d': 1e-05, 'nu': 2, 'sigma': 0.3179940224050494}. Best is trial 21 with value: 0.07176347697401048.
[I 2026-08-16 22:59:55,155] Trial 106 finished with value: 0.07289491136623112 and parameters: {'rho_e': 210.11171141596589, 'rho_d': 1e-05, 'nu': 2, 'sigma': 0.7592130302726847}. Best is trial 21 with value: 0.07176347697401048.
[I 2026-08-16 23:00:31,045] Trial 107 finished with value: 0.07783045601006887 and parameters: {'rho_e': 0.004765120685448178, 'rho_d': 0.0038591503798306686, 'nu': 22, 'sigma': 0.3471053105987267}. Best is trial 21 with value: 0.07176347697401048.
[I 2026-08-16 23:01:08,609] Trial 108 finished with value: 0.07428791662855652 and parameters: {'rho_e': 0.7650530848545748, 'rho_d': 1000.0, 'nu': 36, 'sigma': 0.0}. Best is trial 21 with value: 0.07176347697401048.
[I 2026-08-16 23:01:44,913] Trial 109 finished with value: 0.07676836037528098 and parameters: {'rho_e': 0.030620199936458203, 'rho_d': 1e-05, 'nu': 2, 'sigma': 1.0}. Best is trial 21 with value: 0.07176347697401048.
[I 2026-08-16 23:02:19,737] Trial 110 finished with value: 0.07714215424731762 and parameters: {'rho_e': 247.33923287510234, 'rho_d': 1e-05, 'nu': 2, 'sigma': 1.0}. Best is trial 21 with value: 0.07176347697401048.
[I 2026-08-16 23:02:54,814] Trial 111 finished with value: 0.07290870582481178 and parameters: {'rho_e': 46.66440032889661, 'rho_d': 0.023926173753367475, 'nu': 2, 'sigma': 0.7674979222570205}. Best is trial 21 with value: 0.07176347697401048.
[I 2026-08-16 23:03:29,461] Trial 112 finished with value: 0.07340647687925494 and parameters: {'rho_e': 0.00035649683999586934, 'rho_d': 1e-05, 'nu': 2, 'sigma': 0.2202589076319991}. Best is trial 21 with value: 0.07176347697401048.
[I 2026-08-16 23:04:04,046] Trial 113 finished with value: 0.07519086091364138 and parameters: {'rho_e': 0.0001379463297624599, 'rho_d': 9.954596414133107e-05, 'nu': 2, 'sigma': 0.4087739393768072}. Best is trial 21 with value: 0.07176347697401048.
[I 2026-08-16 23:04:40,632] Trial 114 finished with value: 0.0729543747919281 and parameters: {'rho_e': 1e-05, 'rho_d': 1e-05, 'nu': 2, 'sigma': 0.23935952775179056}. Best is trial 21 with value: 0.07176347697401048.
[I 2026-08-16 23:05:17,749] Trial 115 finished with value: 0.07297395340102486 and parameters: {'rho_e': 52.89647808537895, 'rho_d': 0.00030821261213497545, 'nu': 2, 'sigma': 0.760415058557278}. Best is trial 21 with value: 0.07176347697401048.
[I 2026-08-16 23:05:53,352] Trial 116 finished with value: 0.07559492318904684 and parameters: {'rho_e': 4.8690903575776683e-05, 'rho_d': 1e-05, 'nu': 2, 'sigma': 0.14400083307040654}. Best is trial 21 with value: 0.07176347697401048.
[I 2026-08-16 23:06:27,975] Trial 117 finished with value: 0.07665293524451676 and parameters: {'rho_e': 1e-05, 'rho_d': 1e-05, 'nu': 2, 'sigma': 0.47318747286077467}. Best is trial 21 with value: 0.07176347697401048.
[I 2026-08-16 23:07:03,457] Trial 118 finished with value: 0.07723661324456205 and parameters: {'rho_e': 1000.0, 'rho_d': 6.503797969988395, 'nu': 2, 'sigma': 1.0}. Best is trial 21 with value: 0.07176347697401048.
[I 2026-08-16 23:07:38,324] Trial 119 finished with value: 0.07129239781210646 and parameters: {'rho_e': 0.4442869540366427, 'rho_d': 215.16328617872952, 'nu': 19, 'sigma': 0.3015417909978222}. Best is trial 119 with value: 0.07129239781210646.
[I 2026-08-16 23:08:12,630] Trial 120 finished with value: 0.07393777209301966 and parameters: {'rho_e': 2.2220458556485854, 'rho_d': 1e-05, 'nu': 2, 'sigma': 0.8412033609143946}. Best is trial 119 with value: 0.07129239781210646.
[I 2026-08-16 23:08:48,342] Trial 121 finished with value: 0.07843828272919653 and parameters: {'rho_e': 1e-05, 'rho_d': 1e-05, 'nu': 36, 'sigma': 0.29180935023869914}. Best is trial 119 with value: 0.07129239781210646.
[I 2026-08-16 23:09:23,221] Trial 122 finished with value: 0.07281305667637791 and parameters: {'rho_e': 6.651949515112629, 'rho_d': 0.0005215545655995284, 'nu': 2, 'sigma': 0.7653178509132647}. Best is trial 119 with value: 0.07129239781210646.
[I 2026-08-16 23:09:57,723] Trial 123 finished with value: 0.07212943737715719 and parameters: {'rho_e': 0.4428529849574107, 'rho_d': 171.0486441967403, 'nu': 22, 'sigma': 0.23041263573597917}. Best is trial 119 with value: 0.07129239781210646.
[I 2026-08-16 23:10:32,681] Trial 124 finished with value: 0.07776079109226569 and parameters: {'rho_e': 90.28513220227136, 'rho_d': 0.9657920685968941, 'nu': 2, 'sigma': 0.9990402469742405}. Best is trial 119 with value: 0.07129239781210646.
[I 2026-08-16 23:11:08,156] Trial 125 finished with value: 0.07289098867449607 and parameters: {'rho_e': 1000.0, 'rho_d': 0.0006172875829996044, 'nu': 2, 'sigma': 0.7699599495481061}. Best is trial 119 with value: 0.07129239781210646.
[I 2026-08-16 23:11:43,557] Trial 126 finished with value: 0.08013232950526554 and parameters: {'rho_e': 1e-05, 'rho_d': 1e-05, 'nu': 36, 'sigma': 1.0}. Best is trial 119 with value: 0.07129239781210646.
[I 2026-08-16 23:12:18,411] Trial 127 finished with value: 0.07378711547997541 and parameters: {'rho_e': 0.0040576695629260424, 'rho_d': 1e-05, 'nu': 2, 'sigma': 0.17666725702293243}. Best is trial 119 with value: 0.07129239781210646.
[I 2026-08-16 23:12:55,456] Trial 128 finished with value: 0.07260206435585291 and parameters: {'rho_e': 1000.0, 'rho_d': 0.09233495034565488, 'nu': 2, 'sigma': 0.8096658103129915}. Best is trial 119 with value: 0.07129239781210646.
[I 2026-08-16 23:13:31,364] Trial 129 finished with value: 0.081057650432361 and parameters: {'rho_e': 0.0006369810212175484, 'rho_d': 1e-05, 'nu': 36, 'sigma': 0.0}. Best is trial 119 with value: 0.07129239781210646.
[I 2026-08-16 23:14:06,820] Trial 130 finished with value: 0.07175912718799732 and parameters: {'rho_e': 0.4868206548663539, 'rho_d': 335.3970230969889, 'nu': 15, 'sigma': 0.3385185417632158}. Best is trial 119 with value: 0.07129239781210646.
[I 2026-08-16 23:14:42,339] Trial 131 finished with value: 0.07207372294079004 and parameters: {'rho_e': 1e-05, 'rho_d': 0.0005479107315389413, 'nu': 2, 'sigma': 0.28679715675523937}. Best is trial 119 with value: 0.07129239781210646.
[I 2026-08-16 23:15:17,383] Trial 132 finished with value: 0.07899791608960689 and parameters: {'rho_e': 0.16883302013118323, 'rho_d': 1000.0, 'nu': 36, 'sigma': 1.0}. Best is trial 119 with value: 0.07129239781210646.
[I 2026-08-16 23:15:51,695] Trial 133 finished with value: 0.07578549676978125 and parameters: {'rho_e': 1.6966815651950078e-05, 'rho_d': 8.35097098530504e-05, 'nu': 9, 'sigma': 0.3024350317551139}. Best is trial 119 with value: 0.07129239781210646.
[I 2026-08-16 23:16:27,268] Trial 134 finished with value: 0.07659624056085108 and parameters: {'rho_e': 2.247130550781939, 'rho_d': 0.0001730925546992532, 'nu': 2, 'sigma': 1.0}. Best is trial 119 with value: 0.07129239781210646.
[I 2026-08-16 23:17:04,810] Trial 135 finished with value: 0.07113931981195952 and parameters: {'rho_e': 0.058703815415432355, 'rho_d': 1e-05, 'nu': 2, 'sigma': 0.698669011278417}. Best is trial 135 with value: 0.07113931981195952.
[I 2026-08-16 23:17:41,310] Trial 136 finished with value: 0.06932440436166883 and parameters: {'rho_e': 0.023374656199238186, 'rho_d': 1e-05, 'nu': 2, 'sigma': 0.6614420294635087}. Best is trial 136 with value: 0.06932440436166883.
[I 2026-08-16 23:18:16,685] Trial 137 finished with value: 0.06829456641539841 and parameters: {'rho_e': 0.01979466640981465, 'rho_d': 1e-05, 'nu': 2, 'sigma': 0.5562093725849182}. Best is trial 137 with value: 0.06829456641539841.
[I 2026-08-16 23:18:51,640] Trial 138 finished with value: 0.06722198822866207 and parameters: {'rho_e': 0.018630277420032763, 'rho_d': 1e-05, 'nu': 2, 'sigma': 0.48871097887012066}. Best is trial 138 with value: 0.06722198822866207.
[I 2026-08-16 23:19:25,940] Trial 139 finished with value: 0.06694293206709331 and parameters: {'rho_e': 0.01815147370646319, 'rho_d': 1e-05, 'nu': 2, 'sigma': 0.41581930984096127}. Best is trial 139 with value: 0.06694293206709331.
[I 2026-08-16 23:20:01,140] Trial 140 finished with value: 0.06787903107339921 and parameters: {'rho_e': 0.0133375896965679, 'rho_d': 1e-05, 'nu': 2, 'sigma': 0.4149832246557852}. Best is trial 139 with value: 0.06694293206709331.
[I 2026-08-16 23:20:37,671] Trial 141 finished with value: 0.07049684998810546 and parameters: {'rho_e': 0.02683990812970983, 'rho_d': 1e-05, 'nu': 2, 'sigma': 0.4246124866463534}. Best is trial 139 with value: 0.06694293206709331.
[I 2026-08-16 23:21:15,146] Trial 142 finished with value: 0.07153386636433345 and parameters: {'rho_e': 0.011421087690137536, 'rho_d': 1e-05, 'nu': 2, 'sigma': 0.48546862327120577}. Best is trial 139 with value: 0.06694293206709331.
[I 2026-08-16 23:21:51,029] Trial 143 finished with value: 0.09012309436262939 and parameters: {'rho_e': 1e-05, 'rho_d': 1e-05, 'nu': 2, 'sigma': 1.0}. Best is trial 139 with value: 0.06694293206709331.
[I 2026-08-16 23:22:26,429] Trial 144 finished with value: 0.08870438295994332 and parameters: {'rho_e': 1e-05, 'rho_d': 1000.0, 'nu': 36, 'sigma': 0.0}. Best is trial 139 with value: 0.06694293206709331.
[I 2026-08-16 23:23:02,010] Trial 145 finished with value: 0.077773988516698 and parameters: {'rho_e': 1e-05, 'rho_d': 0.0025181665680918635, 'nu': 36, 'sigma': 0.6482257525516493}. Best is trial 139 with value: 0.06694293206709331.
[I 2026-08-16 23:23:37,877] Trial 146 finished with value: 0.07849472949358612 and parameters: {'rho_e': 0.1916565524575384, 'rho_d': 1000.0, 'nu': 2, 'sigma': 0.0}. Best is trial 139 with value: 0.06694293206709331.
[I 2026-08-16 23:24:12,748] Trial 147 finished with value: 0.06928163971725465 and parameters: {'rho_e': 0.022251361500266242, 'rho_d': 0.00019227852542702916, 'nu': 2, 'sigma': 0.6466321455548577}. Best is trial 139 with value: 0.06694293206709331.
[I 2026-08-16 23:24:50,108] Trial 148 finished with value: 0.06767872878648637 and parameters: {'rho_e': 0.01475749435059802, 'rho_d': 0.0001116536785600001, 'nu': 2, 'sigma': 0.45378210758902604}. Best is trial 139 with value: 0.06694293206709331.
[I 2026-08-16 23:25:26,378] Trial 149 finished with value: 0.0678320450703271 and parameters: {'rho_e': 0.017628949582005723, 'rho_d': 6.910048717139535e-05, 'nu': 2, 'sigma': 0.5006341344166654}. Best is trial 139 with value: 0.06694293206709331.
[I 2026-08-16 23:26:02,159] Trial 150 finished with value: 0.06841863879591538 and parameters: {'rho_e': 0.011764086098073785, 'rho_d': 0.00020346145832651066, 'nu': 2, 'sigma': 0.36653450513102775}. Best is trial 139 with value: 0.06694293206709331.
[I 2026-08-16 23:26:37,349] Trial 151 finished with value: 0.06937176961084637 and parameters: {'rho_e': 0.013335890838067539, 'rho_d': 0.0014640615413965695, 'nu': 2, 'sigma': 0.4689527604822775}. Best is trial 139 with value: 0.06694293206709331.
[I 2026-08-16 23:27:11,895] Trial 152 finished with value: 0.06969679416245719 and parameters: {'rho_e': 0.016338854479121357, 'rho_d': 9.59389090439806e-05, 'nu': 5, 'sigma': 0.5024840095032319}. Best is trial 139 with value: 0.06694293206709331.
[I 2026-08-16 23:27:48,060] Trial 153 finished with value: 0.07044953020516648 and parameters: {'rho_e': 0.008755358803611514, 'rho_d': 0.00047339397462473607, 'nu': 2, 'sigma': 0.2803634744896083}. Best is trial 139 with value: 0.06694293206709331.
[I 2026-08-16 23:28:23,368] Trial 154 finished with value: 0.0801319430961629 and parameters: {'rho_e': 0.00013834240699324272, 'rho_d': 0.00010208613046329812, 'nu': 36, 'sigma': 1.0}. Best is trial 139 with value: 0.06694293206709331.
[I 2026-08-16 23:29:01,278] Trial 155 finished with value: 0.07675590349037756 and parameters: {'rho_e': 0.23195997039737246, 'rho_d': 999.999999999998, 'nu': 36, 'sigma': 0.5147164943559143}. Best is trial 139 with value: 0.06694293206709331.
[I 2026-08-16 23:29:37,145] Trial 156 finished with value: 0.07033645226789786 and parameters: {'rho_e': 0.01595558693630818, 'rho_d': 1e-05, 'nu': 2, 'sigma': 0.2818973434369559}. Best is trial 139 with value: 0.06694293206709331.
[I 2026-08-16 23:30:11,941] Trial 157 finished with value: 0.07395103977584871 and parameters: {'rho_e': 0.7120779049987702, 'rho_d': 1000.0, 'nu': 2, 'sigma': 0.39743036783368124}. Best is trial 139 with value: 0.06694293206709331.
[I 2026-08-16 23:30:47,150] Trial 158 finished with value: 0.06768967345836617 and parameters: {'rho_e': 0.019114122294063604, 'rho_d': 6.150644997982065e-05, 'nu': 2, 'sigma': 0.4926414461903055}. Best is trial 139 with value: 0.06694293206709331.
[I 2026-08-16 23:31:22,196] Trial 159 finished with value: 0.09080151366295616 and parameters: {'rho_e': 13.920389447434431, 'rho_d': 999.999999999998, 'nu': 2, 'sigma': 1.0}. Best is trial 139 with value: 0.06694293206709331.
[I 2026-08-16 23:31:57,462] Trial 160 finished with value: 0.08195061906698373 and parameters: {'rho_e': 0.091283369042006, 'rho_d': 1000.0, 'nu': 36, 'sigma': 0.0}. Best is trial 139 with value: 0.06694293206709331.
[I 2026-08-16 23:32:33,867] Trial 161 finished with value: 0.07842271744626861 and parameters: {'rho_e': 0.0004093990505053283, 'rho_d': 0.0020481689233066884, 'nu': 36, 'sigma': 0.32870542938847847}. Best is trial 139 with value: 0.06694293206709331.
[I 2026-08-16 23:33:11,400] Trial 162 finished with value: 0.08870438295994332 and parameters: {'rho_e': 1e-05, 'rho_d': 1000.0, 'nu': 2, 'sigma': 0.0}. Best is trial 139 with value: 0.06694293206709331.
[I 2026-08-16 23:33:47,450] Trial 163 finished with value: 0.06693562533045543 and parameters: {'rho_e': 0.01593804234643678, 'rho_d': 6.643175444562886e-05, 'nu': 2, 'sigma': 0.436640477101574}. Best is trial 163 with value: 0.06693562533045543.
[I 2026-08-16 23:34:21,698] Trial 164 finished with value: 0.06689358124907446 and parameters: {'rho_e': 0.015989002089646005, 'rho_d': 6.655460807306385e-05, 'nu': 2, 'sigma': 0.4348503257794371}. Best is trial 164 with value: 0.06689358124907446.
[I 2026-08-16 23:34:56,702] Trial 165 finished with value: 0.06684763802164237 and parameters: {'rho_e': 0.015951750098674982, 'rho_d': 6.659859455189952e-05, 'nu': 2, 'sigma': 0.42935388334361996}. Best is trial 165 with value: 0.06684763802164237.
[I 2026-08-16 23:35:31,390] Trial 166 finished with value: 0.0667582871853105 and parameters: {'rho_e': 0.015912592419513632, 'rho_d': 6.641501698825236e-05, 'nu': 2, 'sigma': 0.4231466100509212}. Best is trial 166 with value: 0.0667582871853105.
[I 2026-08-16 23:36:06,070] Trial 167 finished with value: 0.06685829073621591 and parameters: {'rho_e': 0.015815505674840975, 'rho_d': 6.651567809315938e-05, 'nu': 2, 'sigma': 0.413361092105416}. Best is trial 166 with value: 0.0667582871853105.
[I 2026-08-16 23:36:43,664] Trial 168 finished with value: 0.06698298288208411 and parameters: {'rho_e': 0.015983385562789613, 'rho_d': 6.61084398802509e-05, 'nu': 2, 'sigma': 0.41208648858050545}. Best is trial 166 with value: 0.0667582871853105.
[I 2026-08-16 23:37:19,778] Trial 169 finished with value: 0.06715464115983576 and parameters: {'rho_e': 0.016185441981391494, 'rho_d': 6.56935393125069e-05, 'nu': 2, 'sigma': 0.4112149160094395}. Best is trial 166 with value: 0.0667582871853105.
[I 2026-08-16 23:37:54,989] Trial 170 finished with value: 0.06687718365446313 and parameters: {'rho_e': 0.01787185346764802, 'rho_d': 7.258516540507426e-05, 'nu': 2, 'sigma': 0.43066978192274036}. Best is trial 166 with value: 0.0667582871853105.
[I 2026-08-16 23:38:29,995] Trial 171 finished with value: 0.06725570446407522 and parameters: {'rho_e': 0.01600226806931026, 'rho_d': 6.18437015701987e-05, 'nu': 2, 'sigma': 0.4048830640423335}. Best is trial 166 with value: 0.0667582871853105.
[I 2026-08-16 23:39:05,085] Trial 172 finished with value: 0.06721479213182599 and parameters: {'rho_e': 0.019428383756646277, 'rho_d': 7.064101871589608e-05, 'nu': 2, 'sigma': 0.45482283251137084}. Best is trial 166 with value: 0.0667582871853105.
[I 2026-08-16 23:39:40,464] Trial 173 finished with value: 0.06737399307469515 and parameters: {'rho_e': 0.015426301766840398, 'rho_d': 5.568620786140101e-05, 'nu': 2, 'sigma': 0.39935737470974203}. Best is trial 166 with value: 0.0667582871853105.
[I 2026-08-16 23:40:16,330] Trial 174 finished with value: 0.08994445712430058 and parameters: {'rho_e': 1000.0, 'rho_d': 1000.0, 'nu': 2, 'sigma': 0.7441522723438547}. Best is trial 166 with value: 0.0667582871853105.
[I 2026-08-16 23:40:54,421] Trial 175 finished with value: 0.066681289466431 and parameters: {'rho_e': 0.0183100583032533, 'rho_d': 0.0001333919571844831, 'nu': 2, 'sigma': 0.4310275302837639}. Best is trial 175 with value: 0.066681289466431.
[I 2026-08-16 23:41:30,373] Trial 176 finished with value: 0.08351749703346759 and parameters: {'rho_e': 1000.0, 'rho_d': 1e-05, 'nu': 24, 'sigma': 1.0}. Best is trial 175 with value: 0.066681289466431.
[I 2026-08-16 23:42:04,864] Trial 177 finished with value: 0.06702586245819658 and parameters: {'rho_e': 0.018548723894166848, 'rho_d': 0.00016135901502745096, 'nu': 2, 'sigma': 0.42772618414859453}. Best is trial 175 with value: 0.066681289466431.
[I 2026-08-16 23:42:39,823] Trial 178 finished with value: 0.06701135476816321 and parameters: {'rho_e': 0.018500964820192062, 'rho_d': 0.00015874359472954237, 'nu': 2, 'sigma': 0.42227027522640764}. Best is trial 175 with value: 0.066681289466431.
[I 2026-08-16 23:43:14,632] Trial 179 finished with value: 0.0671280947212017 and parameters: {'rho_e': 0.018336268265063387, 'rho_d': 0.0001505479184759271, 'nu': 2, 'sigma': 0.4133817266895728}. Best is trial 175 with value: 0.066681289466431.
