[I 2026-08-16 17:45:53,498] Trial 182 finished with value: 0.0679863659168852 and parameters: {'rho_e': 0.10580557784426209, 'rho_d': 0.28602312011945313, 'nu': 2, 'sigma': 0.2659419896660285}. Best is trial 124 with value: 0.06772910200797667.
[I 2026-08-16 17:46:30,767] Trial 183 finished with value: 0.07837467315288815 and parameters: {'rho_e': 174.28400501861688, 'rho_d': 1e-05, 'nu': 2, 'sigma': 0.6349725985031431}. Best is trial 124 with value: 0.06772910200797667.
[I 2026-08-16 17:47:08,145] Trial 184 finished with value: 0.06828548725555475 and parameters: {'rho_e': 0.08791892705466442, 'rho_d': 0.2901557610509539, 'nu': 2, 'sigma': 0.27686809678433427}. Best is trial 124 with value: 0.06772910200797667.
[I 2026-08-16 17:47:45,470] Trial 185 finished with value: 0.0678214741031527 and parameters: {'rho_e': 0.11401423980412723, 'rho_d': 0.29822750879623183, 'nu': 2, 'sigma': 0.26877150703901204}. Best is trial 124 with value: 0.06772910200797667.
[I 2026-08-16 17:48:22,861] Trial 186 finished with value: 0.06783576961049617 and parameters: {'rho_e': 0.11365324188271259, 'rho_d': 0.29666277040877465, 'nu': 2, 'sigma': 0.26856177900991285}. Best is trial 124 with value: 0.06772910200797667.
[I 2026-08-16 17:49:00,200] Trial 187 finished with value: 0.06802555528800082 and parameters: {'rho_e': 0.11203014851056517, 'rho_d': 0.28843353168909214, 'nu': 2, 'sigma': 0.26650083361106996}. Best is trial 124 with value: 0.06772910200797667.
[I 2026-08-16 17:49:37,553] Trial 188 finished with value: 0.06860293295092283 and parameters: {'rho_e': 0.13106436078243514, 'rho_d': 0.37820657098222327, 'nu': 2, 'sigma': 0.29645032963829304}. Best is trial 124 with value: 0.06772910200797667.
[I 2026-08-16 17:50:14,964] Trial 189 finished with value: 0.08932028880850053 and parameters: {'rho_e': 1e-05, 'rho_d': 0.030451457373707063, 'nu': 36, 'sigma': 1.0}. Best is trial 124 with value: 0.06772910200797667.
[I 2026-08-16 17:50:52,323] Trial 190 finished with value: 0.07284688656316954 and parameters: {'rho_e': 0.23280408663348187, 'rho_d': 0.00011654629038365475, 'nu': 2, 'sigma': 0.473589344742393}. Best is trial 124 with value: 0.06772910200797667.
[I 2026-08-16 17:51:29,622] Trial 191 finished with value: 0.07927492089004917 and parameters: {'rho_e': 0.0016219529484047491, 'rho_d': 1e-05, 'nu': 2, 'sigma': 0.24970661185821116}. Best is trial 124 with value: 0.06772910200797667.
[I 2026-08-16 17:52:06,983] Trial 192 finished with value: 0.12607488778312004 and parameters: {'rho_e': 1000.0, 'rho_d': 1e-05, 'nu': 2, 'sigma': 0.0}. Best is trial 124 with value: 0.06772910200797667.
[I 2026-08-16 17:52:44,428] Trial 193 finished with value: 0.06788241682294141 and parameters: {'rho_e': 0.09729335759545779, 'rho_d': 0.2486432755294959, 'nu': 2, 'sigma': 0.2548859617902893}. Best is trial 124 with value: 0.06772910200797667.
[I 2026-08-16 17:53:21,735] Trial 194 finished with value: 0.07754180743036382 and parameters: {'rho_e': 962.7205664588581, 'rho_d': 0.04275816323687491, 'nu': 2, 'sigma': 0.725196797400713}. Best is trial 124 with value: 0.06772910200797667.
[I 2026-08-16 17:53:59,120] Trial 195 finished with value: 0.08426921230640677 and parameters: {'rho_e': 0.20211738732339127, 'rho_d': 1000.0, 'nu': 36, 'sigma': 0.0}. Best is trial 124 with value: 0.06772910200797667.
[I 2026-08-16 17:54:36,449] Trial 196 finished with value: 0.07416425047016083 and parameters: {'rho_e': 0.5804070992823156, 'rho_d': 111.68160670199795, 'nu': 36, 'sigma': 0.6029258194674143}. Best is trial 124 with value: 0.06772910200797667.
[I 2026-08-16 17:55:13,786] Trial 197 finished with value: 0.08303936475948737 and parameters: {'rho_e': 0.18183337496035828, 'rho_d': 1e-05, 'nu': 36, 'sigma': 1.0}. Best is trial 124 with value: 0.06772910200797667.
[I 2026-08-16 17:55:51,245] Trial 198 finished with value: 0.09194886540653009 and parameters: {'rho_e': 1e-05, 'rho_d': 1.768971971020096, 'nu': 2, 'sigma': 0.0}. Best is trial 124 with value: 0.06772910200797667.
[I 2026-08-16 17:56:28,499] Trial 199 finished with value: 0.06758600225916994 and parameters: {'rho_e': 0.09722597738329897, 'rho_d': 0.2442937815201291, 'nu': 2, 'sigma': 0.256376032691138}. Best is trial 199 with value: 0.06758600225916994.
/home/gterren/dynamic_update/functional_forecast_dynamic_update/scripts/validate_zone_ffc_mpi.py:1094: FutureWarning: The behavior of DataFrame concatenation with empty or all-NA entries is deprecated. In a future version, this will no longer exclude empty or all-NA columns when determining the result dtypes. To retain the old behavior, exclude the relevant entries before the concat operation.
  results_df = pd.concat([results_df, prob_results], axis = 0, ignore_index=True)
