[I 2026-08-17 11:07:34,532] Trial 180 finished with value: 0.06537415145259329 and parameters: {'rho_e': 0.1486745646420563, 'rho_d': 0.00011452547832836907, 'nu': 36, 'sigma': 0.4020789346702296}. Best is trial 139 with value: 0.06245981943578219.
[I 2026-08-17 11:08:14,173] Trial 181 finished with value: 0.08249424255318911 and parameters: {'rho_e': 7.69987306047714e-05, 'rho_d': 0.08676246132696008, 'nu': 2, 'sigma': 0.0}. Best is trial 139 with value: 0.06245981943578219.
[I 2026-08-17 11:08:54,681] Trial 182 finished with value: 0.06610308249297511 and parameters: {'rho_e': 0.19983688725556153, 'rho_d': 1e-05, 'nu': 36, 'sigma': 0.587391434876512}. Best is trial 139 with value: 0.06245981943578219.
[I 2026-08-17 11:09:33,258] Trial 183 finished with value: 0.10045418477540752 and parameters: {'rho_e': 1e-05, 'rho_d': 1000.0, 'nu': 36, 'sigma': 1.0}. Best is trial 139 with value: 0.06245981943578219.
[I 2026-08-17 11:10:11,760] Trial 184 finished with value: 0.06356109666172072 and parameters: {'rho_e': 0.15140198464459817, 'rho_d': 0.011256141407465956, 'nu': 2, 'sigma': 0.20779313523386564}. Best is trial 139 with value: 0.06245981943578219.
[I 2026-08-17 11:10:52,099] Trial 185 finished with value: 0.06352252908783679 and parameters: {'rho_e': 0.19474120347427523, 'rho_d': 0.0005304636906601761, 'nu': 2, 'sigma': 0.2878299159163261}. Best is trial 139 with value: 0.06245981943578219.
[I 2026-08-17 11:11:29,594] Trial 186 finished with value: 0.06337376025666794 and parameters: {'rho_e': 0.11816659447499774, 'rho_d': 9.500816578356873e-05, 'nu': 2, 'sigma': 0.18078067550956578}. Best is trial 139 with value: 0.06245981943578219.
[I 2026-08-17 11:12:06,842] Trial 187 finished with value: 0.0794143821399885 and parameters: {'rho_e': 0.0001792418673216856, 'rho_d': 0.0044083174074462115, 'nu': 36, 'sigma': 0.0}. Best is trial 139 with value: 0.06245981943578219.
[I 2026-08-17 11:12:47,596] Trial 188 finished with value: 0.079611652948079 and parameters: {'rho_e': 0.0002427651987007675, 'rho_d': 1e-05, 'nu': 2, 'sigma': 0.0}. Best is trial 139 with value: 0.06245981943578219.
[I 2026-08-17 11:13:25,745] Trial 189 finished with value: 0.07356024590875757 and parameters: {'rho_e': 0.9458941112264672, 'rho_d': 23.459157292684495, 'nu': 2, 'sigma': 0.0}. Best is trial 139 with value: 0.06245981943578219.
[I 2026-08-17 11:14:03,443] Trial 190 finished with value: 0.06294586577785549 and parameters: {'rho_e': 0.15125125061397718, 'rho_d': 2.398543031645247e-05, 'nu': 2, 'sigma': 0.2521461336561948}. Best is trial 139 with value: 0.06245981943578219.
[I 2026-08-17 11:14:43,773] Trial 191 finished with value: 0.08713067636906266 and parameters: {'rho_e': 0.00024373663644494176, 'rho_d': 1e-05, 'nu': 36, 'sigma': 1.0}. Best is trial 139 with value: 0.06245981943578219.
[I 2026-08-17 11:15:22,750] Trial 192 finished with value: 0.06653043183303177 and parameters: {'rho_e': 0.28344307251112305, 'rho_d': 1e-05, 'nu': 2, 'sigma': 0.6777947617922825}. Best is trial 139 with value: 0.06245981943578219.
[I 2026-08-17 11:16:00,103] Trial 193 finished with value: 0.06312921068441883 and parameters: {'rho_e': 0.13361748247793243, 'rho_d': 0.0033946364400545977, 'nu': 2, 'sigma': 0.25331429801353184}. Best is trial 139 with value: 0.06245981943578219.
[I 2026-08-17 11:16:39,723] Trial 194 finished with value: 0.06851676410418119 and parameters: {'rho_e': 0.06361572828848196, 'rho_d': 0.0024268407552839326, 'nu': 36, 'sigma': 0.46100170456506345}. Best is trial 139 with value: 0.06245981943578219.
[I 2026-08-17 11:17:18,749] Trial 195 finished with value: 0.08317936580897502 and parameters: {'rho_e': 1.2871557829186602, 'rho_d': 1000.0, 'nu': 36, 'sigma': 1.0}. Best is trial 139 with value: 0.06245981943578219.
[I 2026-08-17 11:17:56,237] Trial 196 finished with value: 0.06332328296238622 and parameters: {'rho_e': 0.15649307356684738, 'rho_d': 0.002944602926178953, 'nu': 2, 'sigma': 0.20969826562901556}. Best is trial 139 with value: 0.06245981943578219.
[I 2026-08-17 11:18:34,102] Trial 197 finished with value: 0.06534135488514155 and parameters: {'rho_e': 0.08987231597710807, 'rho_d': 6.155755001395584e-05, 'nu': 36, 'sigma': 0.1374039448558228}. Best is trial 139 with value: 0.06245981943578219.
[I 2026-08-17 11:19:10,110] Trial 198 finished with value: 0.06571275720539324 and parameters: {'rho_e': 0.15980527427179828, 'rho_d': 0.0342867875451152, 'nu': 2, 'sigma': 0.31902305673282144}. Best is trial 139 with value: 0.06245981943578219.
[I 2026-08-17 11:19:44,296] Trial 199 finished with value: 0.06245981943578219 and parameters: {'rho_e': 0.16379229595316566, 'rho_d': 6.45366887558673e-05, 'nu': 2, 'sigma': 0.26360257137143384}. Best is trial 139 with value: 0.06245981943578219.
/home/gterren/dynamic_update/functional_forecast_dynamic_update/scripts/validate_zone_ffc_mpi.py:1094: FutureWarning: The behavior of DataFrame concatenation with empty or all-NA entries is deprecated. In a future version, this will no longer exclude empty or all-NA columns when determining the result dtypes. To retain the old behavior, exclude the relevant entries before the concat operation.
  results_df = pd.concat([results_df, prob_results], axis = 0, ignore_index=True)
