[I 2026-08-16 14:04:35,835] Trial 88 finished with value: 0.08395396099120328 and parameters: {'rho_e': 0.10955683436189492, 'rho_d': 17.335641105180176, 'nu': 30, 'sigma': 0.9665030333402096}. Best is trial 80 with value: 0.07383032584877831.
[I 2026-08-16 14:05:02,539] Trial 89 finished with value: 0.08916124808806436 and parameters: {'rho_e': 404.0017816903608, 'rho_d': 1.7029913359385358, 'nu': 8, 'sigma': 0.7748778573795911}. Best is trial 80 with value: 0.07383032584877831.
[I 2026-08-16 14:05:29,822] Trial 90 finished with value: 0.09281720336390559 and parameters: {'rho_e': 6.687532104035759e-05, 'rho_d': 0.017658739928068382, 'nu': 23, 'sigma': 0.29099843561974764}. Best is trial 80 with value: 0.07383032584877831.
[I 2026-08-16 14:05:56,033] Trial 91 finished with value: 0.09222286216248916 and parameters: {'rho_e': 1.9771401749850168, 'rho_d': 0.05984121945521464, 'nu': 35, 'sigma': 0.8944799975093669}. Best is trial 80 with value: 0.07383032584877831.
[I 2026-08-16 14:06:21,573] Trial 92 finished with value: 0.09906326864110854 and parameters: {'rho_e': 40.24790330007283, 'rho_d': 200.98181792944928, 'nu': 15, 'sigma': 0.4706039997045142}. Best is trial 80 with value: 0.07383032584877831.
[I 2026-08-16 14:06:47,112] Trial 93 finished with value: 0.0865674426708267 and parameters: {'rho_e': 0.007468269893370547, 'rho_d': 1.61286970740552e-05, 'nu': 26, 'sigma': 0.7062855262944665}. Best is trial 80 with value: 0.07383032584877831.
[I 2026-08-16 14:07:12,741] Trial 94 finished with value: 0.10062028876053636 and parameters: {'rho_e': 0.0023898071675510797, 'rho_d': 0.5105799785763581, 'nu': 3, 'sigma': 0.12408622300734228}. Best is trial 80 with value: 0.07383032584877831.
[I 2026-08-16 14:07:39,212] Trial 95 finished with value: 0.0826934555814304 and parameters: {'rho_e': 0.016506505170872286, 'rho_d': 0.0067545827302765695, 'nu': 13, 'sigma': 0.15750510918850885}. Best is trial 80 with value: 0.07383032584877831.
[I 2026-08-16 14:08:06,741] Trial 96 finished with value: 0.10131248096415026 and parameters: {'rho_e': 8.919454905898495e-05, 'rho_d': 0.1301658122748069, 'nu': 23, 'sigma': 0.48334819167680704}. Best is trial 80 with value: 0.07383032584877831.
[I 2026-08-16 14:08:33,097] Trial 97 finished with value: 0.0949655453113756 and parameters: {'rho_e': 167.59176445305437, 'rho_d': 0.0003270573651194096, 'nu': 33, 'sigma': 0.8028864249055724}. Best is trial 80 with value: 0.07383032584877831.
[I 2026-08-16 14:08:58,715] Trial 98 finished with value: 0.0869864539520376 and parameters: {'rho_e': 0.0003329223434176967, 'rho_d': 0.00014468150177905916, 'nu': 2, 'sigma': 0.25371662350737295}. Best is trial 80 with value: 0.07383032584877831.
[I 2026-08-16 14:09:22,784] Trial 99 finished with value: 0.09167052387188879 and parameters: {'rho_e': 0.005144397214248984, 'rho_d': 0.0007543567094497256, 'nu': 27, 'sigma': 0.9544511364446193}. Best is trial 80 with value: 0.07383032584877831.
[I 2026-08-16 14:09:49,351] Trial 100 finished with value: 0.07399393866085618 and parameters: {'rho_e': 3.0524619406036706, 'rho_d': 1000.0, 'nu': 36, 'sigma': 0.10218759381738275}. Best is trial 80 with value: 0.07383032584877831.
[I 2026-08-16 14:10:17,954] Trial 101 finished with value: 0.07419516756470698 and parameters: {'rho_e': 0.052948802622478336, 'rho_d': 0.0002793487313464775, 'nu': 26, 'sigma': 0.4514065966620709}. Best is trial 80 with value: 0.07383032584877831.
[I 2026-08-16 14:10:48,207] Trial 102 finished with value: 0.07350281065773205 and parameters: {'rho_e': 0.03440027442271654, 'rho_d': 0.00011936210600664788, 'nu': 7, 'sigma': 0.2465811774725501}. Best is trial 102 with value: 0.07350281065773205.
[I 2026-08-16 14:11:17,416] Trial 103 finished with value: 0.07324937026864328 and parameters: {'rho_e': 0.6635159661479498, 'rho_d': 112.04721333952408, 'nu': 24, 'sigma': 0.21551016464988143}. Best is trial 103 with value: 0.07324937026864328.
[I 2026-08-16 14:11:46,108] Trial 104 finished with value: 0.07699467888539112 and parameters: {'rho_e': 0.07104692401978274, 'rho_d': 3.348484594800166e-05, 'nu': 36, 'sigma': 0.45573583201448875}. Best is trial 103 with value: 0.07324937026864328.
[I 2026-08-16 14:12:14,702] Trial 105 finished with value: 0.0737460944124072 and parameters: {'rho_e': 0.05081739111181216, 'rho_d': 0.00014142582543852375, 'nu': 13, 'sigma': 0.42476119288350017}. Best is trial 103 with value: 0.07324937026864328.
[I 2026-08-16 14:12:43,427] Trial 106 finished with value: 0.07566892231959878 and parameters: {'rho_e': 0.08155297228307251, 'rho_d': 0.0006313519337333808, 'nu': 36, 'sigma': 0.7905050733885549}. Best is trial 103 with value: 0.07324937026864328.
[I 2026-08-16 14:13:13,129] Trial 107 finished with value: 0.07397400869933125 and parameters: {'rho_e': 0.9812592514367521, 'rho_d': 247.19404668158504, 'nu': 26, 'sigma': 0.0}. Best is trial 103 with value: 0.07324937026864328.
[I 2026-08-16 14:13:43,809] Trial 108 finished with value: 0.07602426792373981 and parameters: {'rho_e': 0.0203991052221797, 'rho_d': 1e-05, 'nu': 2, 'sigma': 0.0}. Best is trial 103 with value: 0.07324937026864328.
[I 2026-08-16 14:14:13,368] Trial 109 finished with value: 0.07643668706149388 and parameters: {'rho_e': 0.017799245445121452, 'rho_d': 0.00019834487797054738, 'nu': 2, 'sigma': 0.0}. Best is trial 103 with value: 0.07324937026864328.
[I 2026-08-16 14:14:42,065] Trial 110 finished with value: 0.07417361893345595 and parameters: {'rho_e': 1.2667648784184, 'rho_d': 290.70852056765364, 'nu': 26, 'sigma': 0.232134716282077}. Best is trial 103 with value: 0.07324937026864328.
[I 2026-08-16 14:15:10,677] Trial 111 finished with value: 0.0739009133921035 and parameters: {'rho_e': 0.047803132711771876, 'rho_d': 2.2971562813976844e-05, 'nu': 11, 'sigma': 0.2819901087806783}. Best is trial 103 with value: 0.07324937026864328.
[I 2026-08-16 14:15:39,281] Trial 112 finished with value: 0.07363769893103217 and parameters: {'rho_e': 3.257404071190902, 'rho_d': 500.1937042093691, 'nu': 36, 'sigma': 0.0}. Best is trial 103 with value: 0.07324937026864328.
[I 2026-08-16 14:16:08,334] Trial 113 finished with value: 0.07367614265019576 and parameters: {'rho_e': 0.5382410664031644, 'rho_d': 106.10874160643156, 'nu': 20, 'sigma': 0.13347125848038024}. Best is trial 103 with value: 0.07324937026864328.
[I 2026-08-16 14:16:39,531] Trial 114 finished with value: 0.07338107063991839 and parameters: {'rho_e': 4.965107595304505, 'rho_d': 1000.0, 'nu': 36, 'sigma': 0.0}. Best is trial 103 with value: 0.07324937026864328.
[I 2026-08-16 14:17:09,220] Trial 115 finished with value: 0.07484156767556127 and parameters: {'rho_e': 0.0581322879076055, 'rho_d': 0.0011633650300925987, 'nu': 13, 'sigma': 0.5512607386444286}. Best is trial 103 with value: 0.07324937026864328.
[I 2026-08-16 14:17:38,215] Trial 116 finished with value: 0.07377259152296489 and parameters: {'rho_e': 0.033805624809425235, 'rho_d': 6.703043539853615e-05, 'nu': 17, 'sigma': 0.26053507353435235}. Best is trial 103 with value: 0.07324937026864328.
[I 2026-08-16 14:18:06,670] Trial 117 finished with value: 0.07166105792825997 and parameters: {'rho_e': 0.04649919549851884, 'rho_d': 6.593590479500102e-05, 'nu': 2, 'sigma': 0.32742282897211755}. Best is trial 117 with value: 0.07166105792825997.
[I 2026-08-16 14:18:35,175] Trial 118 finished with value: 0.07220381009153069 and parameters: {'rho_e': 0.04816496994896194, 'rho_d': 3.967435610836775e-05, 'nu': 2, 'sigma': 0.45424342955531916}. Best is trial 117 with value: 0.07166105792825997.
[I 2026-08-16 14:19:03,823] Trial 119 finished with value: 0.07250700029959833 and parameters: {'rho_e': 0.06702173791956577, 'rho_d': 5.275666403511984e-05, 'nu': 2, 'sigma': 0.3555558479495329}. Best is trial 117 with value: 0.07166105792825997.
[I 2026-08-16 14:19:34,593] Trial 120 finished with value: 0.0718560398396238 and parameters: {'rho_e': 0.03352093342121257, 'rho_d': 4.6494456317015945e-05, 'nu': 2, 'sigma': 0.3340448618240957}. Best is trial 117 with value: 0.07166105792825997.
[I 2026-08-16 14:20:04,584] Trial 121 finished with value: 0.07198850191189916 and parameters: {'rho_e': 0.04205572873633175, 'rho_d': 9.182602109739207e-05, 'nu': 2, 'sigma': 0.4085785328786301}. Best is trial 117 with value: 0.07166105792825997.
[I 2026-08-16 14:20:33,552] Trial 122 finished with value: 0.08640503974459547 and parameters: {'rho_e': 1e-05, 'rho_d': 1e-05, 'nu': 36, 'sigma': 0.0}. Best is trial 117 with value: 0.07166105792825997.
[I 2026-08-16 14:21:02,671] Trial 123 finished with value: 0.08277486730434938 and parameters: {'rho_e': 0.007059318319641322, 'rho_d': 0.00012169777776246788, 'nu': 36, 'sigma': 0.0}. Best is trial 117 with value: 0.07166105792825997.
[I 2026-08-16 14:21:31,828] Trial 124 finished with value: 0.08640503974459547 and parameters: {'rho_e': 1e-05, 'rho_d': 1e-05, 'nu': 2, 'sigma': 0.0}. Best is trial 117 with value: 0.07166105792825997.
[I 2026-08-16 14:22:00,347] Trial 125 finished with value: 0.07762351316284619 and parameters: {'rho_e': 3.8455173011185892, 'rho_d': 1000.0, 'nu': 36, 'sigma': 1.0}. Best is trial 117 with value: 0.07166105792825997.
[I 2026-08-16 14:22:29,797] Trial 126 finished with value: 0.07344726658263702 and parameters: {'rho_e': 5.804447048261638, 'rho_d': 1000.0, 'nu': 36, 'sigma': 0.4582359272167932}. Best is trial 117 with value: 0.07166105792825997.
[I 2026-08-16 14:23:00,617] Trial 127 finished with value: 0.07928127072081734 and parameters: {'rho_e': 0.12642718300533898, 'rho_d': 0.0037509032563534384, 'nu': 2, 'sigma': 0.9112612478881128}. Best is trial 117 with value: 0.07166105792825997.
[I 2026-08-16 14:23:30,038] Trial 128 finished with value: 0.09853404269543653 and parameters: {'rho_e': 1e-05, 'rho_d': 1e-05, 'nu': 2, 'sigma': 1.0}. Best is trial 117 with value: 0.07166105792825997.
[I 2026-08-16 14:23:58,675] Trial 129 finished with value: 0.07379895625004418 and parameters: {'rho_e': 0.32100802054022537, 'rho_d': 41.232102492046934, 'nu': 36, 'sigma': 0.0}. Best is trial 117 with value: 0.07166105792825997.
[I 2026-08-16 14:24:27,125] Trial 130 finished with value: 0.0741270909501294 and parameters: {'rho_e': 0.2817231286754383, 'rho_d': 38.30430551447422, 'nu': 36, 'sigma': 0.34778672641417435}. Best is trial 117 with value: 0.07166105792825997.
[I 2026-08-16 14:24:55,756] Trial 131 finished with value: 0.07396063447579246 and parameters: {'rho_e': 0.979811013850878, 'rho_d': 88.4974711209878, 'nu': 36, 'sigma': 0.015689391893531038}. Best is trial 117 with value: 0.07166105792825997.
[I 2026-08-16 14:25:24,860] Trial 132 finished with value: 0.08833258457082954 and parameters: {'rho_e': 6.131810581258987, 'rho_d': 1000.0, 'nu': 2, 'sigma': 1.0}. Best is trial 117 with value: 0.07166105792825997.
[I 2026-08-16 14:25:55,857] Trial 133 finished with value: 0.0737975227113428 and parameters: {'rho_e': 2.469402902740451, 'rho_d': 273.00090016281143, 'nu': 36, 'sigma': 0.5388731589324112}. Best is trial 117 with value: 0.07166105792825997.
[I 2026-08-16 14:26:25,519] Trial 134 finished with value: 0.07187805035006445 and parameters: {'rho_e': 0.042292103553612195, 'rho_d': 5.5455738019081025e-05, 'nu': 2, 'sigma': 0.3407532939472388}. Best is trial 117 with value: 0.07166105792825997.
[I 2026-08-16 14:26:54,318] Trial 135 finished with value: 0.07601129098678158 and parameters: {'rho_e': 0.0876439340858371, 'rho_d': 1e-05, 'nu': 36, 'sigma': 1.0}. Best is trial 117 with value: 0.07166105792825997.
[I 2026-08-16 14:27:22,876] Trial 136 finished with value: 0.08088852535246381 and parameters: {'rho_e': 0.09558189827726483, 'rho_d': 1e-05, 'nu': 2, 'sigma': 1.0}. Best is trial 117 with value: 0.07166105792825997.
[I 2026-08-16 14:27:51,437] Trial 137 finished with value: 0.07451580331078925 and parameters: {'rho_e': 0.28046722306403926, 'rho_d': 35.26254851071667, 'nu': 2, 'sigma': 0.0}. Best is trial 117 with value: 0.07166105792825997.
[I 2026-08-16 14:28:20,018] Trial 138 finished with value: 0.07894208421645663 and parameters: {'rho_e': 0.11375313895573345, 'rho_d': 0.009155307707380132, 'nu': 36, 'sigma': 0.8283905584810745}. Best is trial 117 with value: 0.07166105792825997.
[I 2026-08-16 14:28:50,950] Trial 139 finished with value: 0.0735799652937835 and parameters: {'rho_e': 0.7643765235029687, 'rho_d': 116.9480838646582, 'nu': 36, 'sigma': 0.4873114524358943}. Best is trial 117 with value: 0.07166105792825997.
[I 2026-08-16 14:29:20,769] Trial 140 finished with value: 0.08634758064436995 and parameters: {'rho_e': 0.001240237585535569, 'rho_d': 1e-05, 'nu': 2, 'sigma': 0.0}. Best is trial 117 with value: 0.07166105792825997.
[I 2026-08-16 14:29:49,557] Trial 141 finished with value: 0.07463089416214345 and parameters: {'rho_e': 0.5282753767318307, 'rho_d': 219.438374097399, 'nu': 2, 'sigma': 0.0}. Best is trial 117 with value: 0.07166105792825997.
[I 2026-08-16 14:30:18,214] Trial 142 finished with value: 0.07302247069053548 and parameters: {'rho_e': 0.03878483273476598, 'rho_d': 4.5133475053034795e-05, 'nu': 2, 'sigma': 0.23007756263881082}. Best is trial 117 with value: 0.07166105792825997.
[I 2026-08-16 14:30:46,839] Trial 143 finished with value: 0.07188693897266432 and parameters: {'rho_e': 0.04232342310103381, 'rho_d': 6.105426410882157e-05, 'nu': 2, 'sigma': 0.4002645552429084}. Best is trial 117 with value: 0.07166105792825997.
[I 2026-08-16 14:31:15,561] Trial 144 finished with value: 0.07261240817681128 and parameters: {'rho_e': 0.03043723828691594, 'rho_d': 0.0004940662792633446, 'nu': 2, 'sigma': 0.3858861868621093}. Best is trial 117 with value: 0.07166105792825997.
[I 2026-08-16 14:31:46,027] Trial 145 finished with value: 0.07246967567780843 and parameters: {'rho_e': 0.039305892576241605, 'rho_d': 1e-05, 'nu': 2, 'sigma': 0.40453261626543785}. Best is trial 117 with value: 0.07166105792825997.
[I 2026-08-16 14:32:16,180] Trial 146 finished with value: 0.0725574685136342 and parameters: {'rho_e': 0.08228523642094988, 'rho_d': 1e-05, 'nu': 2, 'sigma': 0.4374902711427438}. Best is trial 117 with value: 0.07166105792825997.
[I 2026-08-16 14:32:45,260] Trial 147 finished with value: 0.07256921630869179 and parameters: {'rho_e': 0.030623814341984253, 'rho_d': 0.00010766088045145367, 'nu': 2, 'sigma': 0.37500552735101234}. Best is trial 117 with value: 0.07166105792825997.
[I 2026-08-16 14:33:14,558] Trial 148 finished with value: 0.07407590678785603 and parameters: {'rho_e': 0.02838366388184195, 'rho_d': 0.0003839928484088827, 'nu': 36, 'sigma': 0.5501983611510843}. Best is trial 117 with value: 0.07166105792825997.
[I 2026-08-16 14:33:43,022] Trial 149 finished with value: 0.07666056287855588 and parameters: {'rho_e': 2.014897345560585, 'rho_d': 1000.0, 'nu': 36, 'sigma': 0.6222803322389153}. Best is trial 117 with value: 0.07166105792825997.
[I 2026-08-16 14:34:11,564] Trial 150 finished with value: 0.09057860228437067 and parameters: {'rho_e': 4.569788261212336, 'rho_d': 1e-05, 'nu': 2, 'sigma': 1.0}. Best is trial 117 with value: 0.07166105792825997.
[I 2026-08-16 14:34:41,385] Trial 151 finished with value: 0.07343616517098504 and parameters: {'rho_e': 0.04953003894496424, 'rho_d': 0.0002761536042535068, 'nu': 2, 'sigma': 0.5077428414477803}. Best is trial 117 with value: 0.07166105792825997.
[I 2026-08-16 14:35:12,001] Trial 152 finished with value: 0.07173445517725541 and parameters: {'rho_e': 0.04563507032228286, 'rho_d': 2.787213227456534e-05, 'nu': 2, 'sigma': 0.386535868351966}. Best is trial 117 with value: 0.07166105792825997.
[I 2026-08-16 14:35:41,384] Trial 153 finished with value: 0.07167041940245025 and parameters: {'rho_e': 0.0435606477226323, 'rho_d': 3.544077102141626e-05, 'nu': 2, 'sigma': 0.3802166011165006}. Best is trial 117 with value: 0.07166105792825997.
[I 2026-08-16 14:36:10,013] Trial 154 finished with value: 0.07170395794441918 and parameters: {'rho_e': 0.04314191774174995, 'rho_d': 3.958883037325865e-05, 'nu': 2, 'sigma': 0.3756140352192577}. Best is trial 117 with value: 0.07166105792825997.
[I 2026-08-16 14:36:38,672] Trial 155 finished with value: 0.07165445572768642 and parameters: {'rho_e': 0.04306742814124701, 'rho_d': 4.221983009644746e-05, 'nu': 2, 'sigma': 0.3723503229430866}. Best is trial 155 with value: 0.07165445572768642.
[I 2026-08-16 14:37:07,301] Trial 156 finished with value: 0.07162493807997103 and parameters: {'rho_e': 0.04302809474366877, 'rho_d': 4.32601753246281e-05, 'nu': 2, 'sigma': 0.37015897189976904}. Best is trial 156 with value: 0.07162493807997103.
[I 2026-08-16 14:37:36,689] Trial 157 finished with value: 0.07408794151124988 and parameters: {'rho_e': 4.820176309294101, 'rho_d': 559.4056888929366, 'nu': 36, 'sigma': 0.2574941454764797}. Best is trial 156 with value: 0.07162493807997103.
[I 2026-08-16 14:38:07,418] Trial 158 finished with value: 0.07522761716171063 and parameters: {'rho_e': 0.01889702721233933, 'rho_d': 1e-05, 'nu': 36, 'sigma': 0.22569285478219117}. Best is trial 156 with value: 0.07162493807997103.
[I 2026-08-16 14:38:36,739] Trial 159 finished with value: 0.09055796733560567 and parameters: {'rho_e': 1000.0, 'rho_d': 0.00024735053848154854, 'nu': 2, 'sigma': 1.0}. Best is trial 156 with value: 0.07162493807997103.
[I 2026-08-16 14:39:05,347] Trial 160 finished with value: 0.07594788411770867 and parameters: {'rho_e': 1.4633100424388104, 'rho_d': 1000.0, 'nu': 6, 'sigma': 0.0}. Best is trial 156 with value: 0.07162493807997103.
[I 2026-08-16 14:39:34,012] Trial 161 finished with value: 0.07264268736015232 and parameters: {'rho_e': 0.03912363531782112, 'rho_d': 0.0008694239397231574, 'nu': 2, 'sigma': 0.2578314679012413}. Best is trial 156 with value: 0.07162493807997103.
[I 2026-08-16 14:40:02,638] Trial 162 finished with value: 0.07260864000717887 and parameters: {'rho_e': 0.04143277016925109, 'rho_d': 0.0020237814610551503, 'nu': 2, 'sigma': 0.42106112820915487}. Best is trial 156 with value: 0.07162493807997103.
[I 2026-08-16 14:40:31,738] Trial 163 finished with value: 0.07846575206851943 and parameters: {'rho_e': 0.3769911285617017, 'rho_d': 19.0109900421903, 'nu': 22, 'sigma': 0.0}. Best is trial 156 with value: 0.07162493807997103.
[I 2026-08-16 14:41:02,681] Trial 164 finished with value: 0.07604768265107406 and parameters: {'rho_e': 0.12570388368813198, 'rho_d': 79.00355679807481, 'nu': 36, 'sigma': 0.0}. Best is trial 156 with value: 0.07162493807997103.
[I 2026-08-16 14:41:32,328] Trial 165 finished with value: 0.07389618897150163 and parameters: {'rho_e': 0.40707867193876524, 'rho_d': 60.644491719104636, 'nu': 2, 'sigma': 0.24867102081479073}. Best is trial 156 with value: 0.07162493807997103.
[I 2026-08-16 14:42:01,018] Trial 166 finished with value: 0.09992177572562803 and parameters: {'rho_e': 1e-05, 'rho_d': 1000.0, 'nu': 36, 'sigma': 1.0}. Best is trial 156 with value: 0.07162493807997103.
[I 2026-08-16 14:42:29,674] Trial 167 finished with value: 0.07348304854429549 and parameters: {'rho_e': 0.5034225787884493, 'rho_d': 91.56147070841932, 'nu': 36, 'sigma': 0.18240262351654496}. Best is trial 156 with value: 0.07162493807997103.
[I 2026-08-16 14:42:58,303] Trial 168 finished with value: 0.07182049443838967 and parameters: {'rho_e': 0.04340769236828209, 'rho_d': 4.551306715960374e-05, 'nu': 2, 'sigma': 0.3674997522476958}. Best is trial 156 with value: 0.07162493807997103.
[I 2026-08-16 14:43:26,979] Trial 169 finished with value: 0.07251437108722318 and parameters: {'rho_e': 0.05610548299772174, 'rho_d': 1e-05, 'nu': 2, 'sigma': 0.3039778690823449}. Best is trial 156 with value: 0.07162493807997103.
[I 2026-08-16 14:43:57,888] Trial 170 finished with value: 0.07620919926806441 and parameters: {'rho_e': 7.378638954288674, 'rho_d': 525.4585536986689, 'nu': 36, 'sigma': 0.7299792804613728}. Best is trial 156 with value: 0.07162493807997103.
[I 2026-08-16 14:44:27,813] Trial 171 finished with value: 0.07166201605709302 and parameters: {'rho_e': 0.04551725578495362, 'rho_d': 2.360290415565602e-05, 'nu': 2, 'sigma': 0.3751674650591249}. Best is trial 156 with value: 0.07162493807997103.
[I 2026-08-16 14:44:56,633] Trial 172 finished with value: 0.07174361609175434 and parameters: {'rho_e': 0.04040678477850223, 'rho_d': 2.7537669162077624e-05, 'nu': 2, 'sigma': 0.36767271664759116}. Best is trial 156 with value: 0.07162493807997103.
[I 2026-08-16 14:45:25,172] Trial 173 finished with value: 0.10419116950718106 and parameters: {'rho_e': 1000.0, 'rho_d': 1000.0, 'nu': 2, 'sigma': 1.0}. Best is trial 156 with value: 0.07162493807997103.
[I 2026-08-16 14:45:53,916] Trial 174 finished with value: 0.07540535323013528 and parameters: {'rho_e': 0.057076320881679674, 'rho_d': 0.00014452549302035312, 'nu': 36, 'sigma': 1.0}. Best is trial 156 with value: 0.07162493807997103.
[I 2026-08-16 14:46:22,565] Trial 175 finished with value: 0.07169154682543209 and parameters: {'rho_e': 0.050680437177924725, 'rho_d': 2.0106237747761223e-05, 'nu': 2, 'sigma': 0.3915314721783112}. Best is trial 156 with value: 0.07162493807997103.
[I 2026-08-16 14:46:53,143] Trial 176 finished with value: 0.07418497696613091 and parameters: {'rho_e': 0.026621423804748245, 'rho_d': 9.159048589632736e-05, 'nu': 36, 'sigma': 0.3979864441727405}. Best is trial 156 with value: 0.07162493807997103.
[I 2026-08-16 14:47:23,362] Trial 177 finished with value: 0.07701596447749653 and parameters: {'rho_e': 0.9532936545289474, 'rho_d': 152.32593989040956, 'nu': 36, 'sigma': 1.0}. Best is trial 156 with value: 0.07162493807997103.
[I 2026-08-16 14:47:52,480] Trial 178 finished with value: 0.07550434340757967 and parameters: {'rho_e': 0.08795077676720822, 'rho_d': 0.006269955059338921, 'nu': 2, 'sigma': 0.5049996173468303}. Best is trial 156 with value: 0.07162493807997103.
[I 2026-08-16 14:48:21,141] Trial 179 finished with value: 0.07149975257072382 and parameters: {'rho_e': 0.04668079705693434, 'rho_d': 2.6383132230269948e-05, 'nu': 2, 'sigma': 0.37381288205629365}. Best is trial 179 with value: 0.07149975257072382.
