[I 2026-08-16 12:18:28,845] Trial 88 finished with value: 0.10388610726253827 and parameters: {'rho_e': 0.00012125829831653894, 'rho_d': 19.630650519000437, 'nu': 10, 'sigma': 0.7884377100219454}. Best is trial 4 with value: 0.06861393421363626.
[I 2026-08-16 12:19:01,438] Trial 89 finished with value: 0.09757337609459915 and parameters: {'rho_e': 3.893751642068498e-05, 'rho_d': 0.9795442357931721, 'nu': 20, 'sigma': 0.5936410928252096}. Best is trial 4 with value: 0.06861393421363626.
[I 2026-08-16 12:19:34,048] Trial 90 finished with value: 0.09165287352224041 and parameters: {'rho_e': 4.8811512206932886, 'rho_d': 3.209766039730455, 'nu': 34, 'sigma': 0.8768891090820096}. Best is trial 4 with value: 0.06861393421363626.
[I 2026-08-16 12:20:06,673] Trial 91 finished with value: 0.06994428969000141 and parameters: {'rho_e': 0.19086427524381236, 'rho_d': 0.0005859037345321275, 'nu': 8, 'sigma': 0.5505294308690223}. Best is trial 4 with value: 0.06861393421363626.
[I 2026-08-16 12:20:39,248] Trial 92 finished with value: 0.07623821112348847 and parameters: {'rho_e': 0.44668270078282146, 'rho_d': 1.9189911568156766e-05, 'nu': 24, 'sigma': 0.9048428701329665}. Best is trial 4 with value: 0.06861393421363626.
[I 2026-08-16 12:21:11,845] Trial 93 finished with value: 0.07937495879575121 and parameters: {'rho_e': 0.04518272217488784, 'rho_d': 0.0019042154852168265, 'nu': 17, 'sigma': 0.7711616889352428}. Best is trial 4 with value: 0.06861393421363626.
[I 2026-08-16 12:21:44,346] Trial 94 finished with value: 0.08975971581403655 and parameters: {'rho_e': 0.02386327174800719, 'rho_d': 70.35453635909505, 'nu': 26, 'sigma': 0.6321242947578075}. Best is trial 4 with value: 0.06861393421363626.
[I 2026-08-16 12:22:16,863] Trial 95 finished with value: 0.0829910959227887 and parameters: {'rho_e': 8.25713500843253e-05, 'rho_d': 0.00012532475584443455, 'nu': 13, 'sigma': 0.26396166502640883}. Best is trial 4 with value: 0.06861393421363626.
[I 2026-08-16 12:22:49,484] Trial 96 finished with value: 0.08951293645939835 and parameters: {'rho_e': 0.0024547283980115068, 'rho_d': 305.22017701744807, 'nu': 17, 'sigma': 0.32786718698677975}. Best is trial 4 with value: 0.06861393421363626.
[I 2026-08-16 12:23:21,884] Trial 97 finished with value: 0.09119182224866407 and parameters: {'rho_e': 21.13367188708461, 'rho_d': 0.019753486361084704, 'nu': 14, 'sigma': 0.946528522698323}. Best is trial 4 with value: 0.06861393421363626.
[I 2026-08-16 12:23:54,261] Trial 98 finished with value: 0.08258976026966088 and parameters: {'rho_e': 0.07307392667419121, 'rho_d': 0.03432656436892995, 'nu': 25, 'sigma': 0.9790803255957043}. Best is trial 4 with value: 0.06861393421363626.
[I 2026-08-16 12:24:26,558] Trial 99 finished with value: 0.09676632357487948 and parameters: {'rho_e': 0.014400697832168036, 'rho_d': 0.2992169838775733, 'nu': 4, 'sigma': 0.6279299990703359}. Best is trial 4 with value: 0.06861393421363626.
[I 2026-08-16 12:25:01,162] Trial 100 finished with value: 0.06598729299420944 and parameters: {'rho_e': 0.05552655628749379, 'rho_d': 0.0005277134254754601, 'nu': 2, 'sigma': 0.27147807468818774}. Best is trial 100 with value: 0.06598729299420944.
[I 2026-08-16 12:25:33,629] Trial 101 finished with value: 0.07085446988313912 and parameters: {'rho_e': 2.1505177164749756, 'rho_d': 1000.0, 'nu': 2, 'sigma': 0.16532927189542912}. Best is trial 100 with value: 0.06598729299420944.
[I 2026-08-16 12:26:06,115] Trial 102 finished with value: 0.06643377086088918 and parameters: {'rho_e': 0.0867372980233268, 'rho_d': 0.000725248389950152, 'nu': 2, 'sigma': 0.3263971952505586}. Best is trial 100 with value: 0.06598729299420944.
[I 2026-08-16 12:26:38,874] Trial 103 finished with value: 0.06609479948177543 and parameters: {'rho_e': 0.05619461975774041, 'rho_d': 0.00022065438211678212, 'nu': 2, 'sigma': 0.2670999410545837}. Best is trial 100 with value: 0.06598729299420944.
[I 2026-08-16 12:27:11,348] Trial 104 finished with value: 0.06802674970449213 and parameters: {'rho_e': 0.06770585262816241, 'rho_d': 0.00044354454653333143, 'nu': 8, 'sigma': 0.2913358249286254}. Best is trial 100 with value: 0.06598729299420944.
[I 2026-08-16 12:27:43,648] Trial 105 finished with value: 0.07091208836637729 and parameters: {'rho_e': 0.09919945326242116, 'rho_d': 0.0003013576375397454, 'nu': 36, 'sigma': 0.6767324862657943}. Best is trial 100 with value: 0.06598729299420944.
[I 2026-08-16 12:28:15,919] Trial 106 finished with value: 0.07479208633537734 and parameters: {'rho_e': 0.04235120819334838, 'rho_d': 1e-05, 'nu': 36, 'sigma': 1.0}. Best is trial 100 with value: 0.06598729299420944.
[I 2026-08-16 12:28:48,063] Trial 107 finished with value: 0.06682320205080833 and parameters: {'rho_e': 0.04083897223134365, 'rho_d': 0.0003073640146765594, 'nu': 2, 'sigma': 0.2438232089287256}. Best is trial 100 with value: 0.06598729299420944.
[I 2026-08-16 12:29:20,467] Trial 108 finished with value: 0.06693585388049102 and parameters: {'rho_e': 0.14995985532441766, 'rho_d': 1e-05, 'nu': 2, 'sigma': 0.44312757565768135}. Best is trial 100 with value: 0.06598729299420944.
[I 2026-08-16 12:29:52,726] Trial 109 finished with value: 0.0664376260585974 and parameters: {'rho_e': 0.10808867730902809, 'rho_d': 9.526337645235219e-05, 'nu': 2, 'sigma': 0.3633193741344412}. Best is trial 100 with value: 0.06598729299420944.
[I 2026-08-16 12:30:25,047] Trial 110 finished with value: 0.07495168084911004 and parameters: {'rho_e': 0.7940193453729812, 'rho_d': 1000.0, 'nu': 36, 'sigma': 0.41038579753473425}. Best is trial 100 with value: 0.06598729299420944.
[I 2026-08-16 12:30:57,338] Trial 111 finished with value: 0.07012320672813789 and parameters: {'rho_e': 0.22858716418007868, 'rho_d': 1e-05, 'nu': 2, 'sigma': 0.6185847977302218}. Best is trial 100 with value: 0.06598729299420944.
[I 2026-08-16 12:31:29,610] Trial 112 finished with value: 0.08640503978296232 and parameters: {'rho_e': 1e-05, 'rho_d': 1e-05, 'nu': 36, 'sigma': 0.0}. Best is trial 100 with value: 0.06598729299420944.
[I 2026-08-16 12:32:01,887] Trial 113 finished with value: 0.06666904573708336 and parameters: {'rho_e': 0.07422955412762429, 'rho_d': 0.0002741129214964919, 'nu': 2, 'sigma': 0.28803392640717274}. Best is trial 100 with value: 0.06598729299420944.
[I 2026-08-16 12:32:34,113] Trial 114 finished with value: 0.06595448735187392 and parameters: {'rho_e': 0.06894806986171516, 'rho_d': 1e-05, 'nu': 2, 'sigma': 0.31317973907125124}. Best is trial 114 with value: 0.06595448735187392.
[I 2026-08-16 12:33:05,727] Trial 115 finished with value: 0.0665022404188593 and parameters: {'rho_e': 0.08653577513376372, 'rho_d': 1e-05, 'nu': 2, 'sigma': 0.33186890256785295}. Best is trial 114 with value: 0.06595448735187392.
[I 2026-08-16 12:33:38,345] Trial 116 finished with value: 0.06709144132030677 and parameters: {'rho_e': 0.037354145155876234, 'rho_d': 1e-05, 'nu': 2, 'sigma': 0.253844301909914}. Best is trial 114 with value: 0.06595448735187392.
[I 2026-08-16 12:34:11,047] Trial 117 finished with value: 0.06636197892466261 and parameters: {'rho_e': 0.07144326643294624, 'rho_d': 3.239359708559326e-05, 'nu': 2, 'sigma': 0.35350340537805386}. Best is trial 114 with value: 0.06595448735187392.
[I 2026-08-16 12:34:43,700] Trial 118 finished with value: 0.08287502196717211 and parameters: {'rho_e': 0.2501160345743713, 'rho_d': 1000.0, 'nu': 2, 'sigma': 0.0}. Best is trial 114 with value: 0.06595448735187392.
[I 2026-08-16 12:35:16,372] Trial 119 finished with value: 0.06631386871865529 and parameters: {'rho_e': 0.07549588702479738, 'rho_d': 1e-05, 'nu': 2, 'sigma': 0.3814651952272974}. Best is trial 114 with value: 0.06595448735187392.
[I 2026-08-16 12:35:49,008] Trial 120 finished with value: 0.07078741423725131 and parameters: {'rho_e': 0.05709890361351749, 'rho_d': 1e-05, 'nu': 36, 'sigma': 0.4424117178324582}. Best is trial 114 with value: 0.06595448735187392.
[I 2026-08-16 12:36:21,853] Trial 121 finished with value: 0.08406849047946224 and parameters: {'rho_e': 0.11696905787919111, 'rho_d': 999.999999999998, 'nu': 36, 'sigma': 0.2580708511437758}. Best is trial 114 with value: 0.06595448735187392.
[I 2026-08-16 12:36:54,420] Trial 122 finished with value: 0.08249619164409187 and parameters: {'rho_e': 0.006737290484894748, 'rho_d': 1e-05, 'nu': 36, 'sigma': 0.10885996973990529}. Best is trial 114 with value: 0.06595448735187392.
[I 2026-08-16 12:37:27,271] Trial 123 finished with value: 0.0662965304322786 and parameters: {'rho_e': 0.06083806461605316, 'rho_d': 0.0005909052752190172, 'nu': 2, 'sigma': 0.3273011265393259}. Best is trial 114 with value: 0.06595448735187392.
[I 2026-08-16 12:38:00,141] Trial 124 finished with value: 0.07381495174721864 and parameters: {'rho_e': 6.236002218272606, 'rho_d': 1000.0, 'nu': 2, 'sigma': 0.0}. Best is trial 114 with value: 0.06595448735187392.
[I 2026-08-16 12:38:32,984] Trial 125 finished with value: 0.07561177596825847 and parameters: {'rho_e': 1.3360551567155718, 'rho_d': 1000.0, 'nu': 2, 'sigma': 0.43432206050344757}. Best is trial 114 with value: 0.06595448735187392.
[I 2026-08-16 12:39:05,837] Trial 126 finished with value: 0.06898808264909824 and parameters: {'rho_e': 0.11379807466384517, 'rho_d': 1e-05, 'nu': 14, 'sigma': 0.4503133578188278}. Best is trial 114 with value: 0.06595448735187392.
[I 2026-08-16 12:39:38,724] Trial 127 finished with value: 0.0659041178074508 and parameters: {'rho_e': 0.059446731843219254, 'rho_d': 0.0014690086580492372, 'nu': 2, 'sigma': 0.2876871256371917}. Best is trial 127 with value: 0.0659041178074508.
[I 2026-08-16 12:40:11,834] Trial 128 finished with value: 0.06590869639133148 and parameters: {'rho_e': 0.058679883296885, 'rho_d': 0.0013600568494759203, 'nu': 2, 'sigma': 0.2867450833718888}. Best is trial 127 with value: 0.0659041178074508.
[I 2026-08-16 12:40:44,725] Trial 129 finished with value: 0.06599129597818486 and parameters: {'rho_e': 0.05770523585387533, 'rho_d': 0.0012269630293134364, 'nu': 2, 'sigma': 0.2834905255456207}. Best is trial 127 with value: 0.0659041178074508.
[I 2026-08-16 12:41:17,689] Trial 130 finished with value: 0.06576523169370879 and parameters: {'rho_e': 0.06525055537352843, 'rho_d': 0.002088822695244156, 'nu': 2, 'sigma': 0.31021214103530126}. Best is trial 130 with value: 0.06576523169370879.
[I 2026-08-16 12:41:50,454] Trial 131 finished with value: 0.09022753642932646 and parameters: {'rho_e': 1e-05, 'rho_d': 1e-05, 'nu': 36, 'sigma': 1.0}. Best is trial 130 with value: 0.06576523169370879.
[I 2026-08-16 12:42:23,256] Trial 132 finished with value: 0.0656018235601687 and parameters: {'rho_e': 0.0748667882429636, 'rho_d': 0.002803842370003082, 'nu': 2, 'sigma': 0.3361578715337817}. Best is trial 132 with value: 0.0656018235601687.
[I 2026-08-16 12:42:56,138] Trial 133 finished with value: 0.06605832740039858 and parameters: {'rho_e': 0.088649966196697, 'rho_d': 0.0032941268105366405, 'nu': 2, 'sigma': 0.3675084305863832}. Best is trial 132 with value: 0.0656018235601687.
[I 2026-08-16 12:43:29,168] Trial 134 finished with value: 0.0662957244089197 and parameters: {'rho_e': 0.06635535028784124, 'rho_d': 0.003831697552590136, 'nu': 2, 'sigma': 0.30569987895934153}. Best is trial 132 with value: 0.0656018235601687.
[I 2026-08-16 12:44:02,187] Trial 135 finished with value: 0.0657254127191208 and parameters: {'rho_e': 0.06524869526720077, 'rho_d': 0.001990413146426348, 'nu': 2, 'sigma': 0.34871758574373096}. Best is trial 132 with value: 0.0656018235601687.
[I 2026-08-16 12:44:35,817] Trial 136 finished with value: 0.0714395106028361 and parameters: {'rho_e': 0.09537661041949495, 'rho_d': 0.007828185098175088, 'nu': 36, 'sigma': 0.5260500012788653}. Best is trial 132 with value: 0.0656018235601687.
[I 2026-08-16 12:45:11,151] Trial 137 finished with value: 0.06574782563247483 and parameters: {'rho_e': 0.06683605751040345, 'rho_d': 0.0019629782254548004, 'nu': 2, 'sigma': 0.3463740584006745}. Best is trial 132 with value: 0.0656018235601687.
[I 2026-08-16 12:45:44,963] Trial 138 finished with value: 0.09245350467934413 and parameters: {'rho_e': 1000.0, 'rho_d': 1000.0, 'nu': 2, 'sigma': 1.0}. Best is trial 132 with value: 0.0656018235601687.
[I 2026-08-16 12:46:19,352] Trial 139 finished with value: 0.06588737089353042 and parameters: {'rho_e': 0.07475048289008734, 'rho_d': 0.0018705797104067114, 'nu': 2, 'sigma': 0.3455597647993411}. Best is trial 132 with value: 0.0656018235601687.
[I 2026-08-16 12:46:56,804] Trial 140 finished with value: 0.0902061011916796 and parameters: {'rho_e': 0.0010038137739522774, 'rho_d': 1e-05, 'nu': 36, 'sigma': 1.0}. Best is trial 132 with value: 0.0656018235601687.
[I 2026-08-16 12:47:34,138] Trial 141 finished with value: 0.0711139664309199 and parameters: {'rho_e': 0.11022591819295138, 'rho_d': 1e-05, 'nu': 36, 'sigma': 0.7085206745882267}. Best is trial 132 with value: 0.0656018235601687.
[I 2026-08-16 12:48:11,365] Trial 142 finished with value: 0.0661761885064922 and parameters: {'rho_e': 0.05724069896701906, 'rho_d': 0.002205495653075928, 'nu': 2, 'sigma': 0.33266649652746344}. Best is trial 132 with value: 0.0656018235601687.
[I 2026-08-16 12:48:51,042] Trial 143 finished with value: 0.06593637756846558 and parameters: {'rho_e': 0.08135339778073007, 'rho_d': 0.0019829130562315565, 'nu': 2, 'sigma': 0.33497443391639925}. Best is trial 132 with value: 0.0656018235601687.
[I 2026-08-16 12:49:31,052] Trial 144 finished with value: 0.09682480893619941 and parameters: {'rho_e': 1e-05, 'rho_d': 1000.0, 'nu': 36, 'sigma': 1.0}. Best is trial 132 with value: 0.0656018235601687.
[I 2026-08-16 12:50:11,123] Trial 145 finished with value: 0.08640490023218012 and parameters: {'rho_e': 0.00015711477754477404, 'rho_d': 1e-05, 'nu': 2, 'sigma': 0.0}. Best is trial 132 with value: 0.0656018235601687.
[I 2026-08-16 12:50:51,086] Trial 146 finished with value: 0.09385282431060452 and parameters: {'rho_e': 1e-05, 'rho_d': 1000.0, 'nu': 2, 'sigma': 0.0}. Best is trial 132 with value: 0.0656018235601687.
[I 2026-08-16 12:51:31,141] Trial 147 finished with value: 0.07143543320348117 and parameters: {'rho_e': 0.125318084564934, 'rho_d': 0.0003198336849288798, 'nu': 36, 'sigma': 1.0}. Best is trial 132 with value: 0.0656018235601687.
[I 2026-08-16 12:52:11,686] Trial 148 finished with value: 0.0829636316583499 and parameters: {'rho_e': 0.00019863065667530833, 'rho_d': 1e-05, 'nu': 36, 'sigma': 0.4090830412783544}. Best is trial 132 with value: 0.0656018235601687.
[I 2026-08-16 12:52:51,683] Trial 149 finished with value: 0.06785243468646429 and parameters: {'rho_e': 1.331426024582377, 'rho_d': 81.65222040597303, 'nu': 2, 'sigma': 0.18863721733167266}. Best is trial 132 with value: 0.0656018235601687.
[I 2026-08-16 12:53:31,752] Trial 150 finished with value: 0.06902866598717866 and parameters: {'rho_e': 1.0941105477324902, 'rho_d': 138.55359881813584, 'nu': 16, 'sigma': 0.25592435159301835}. Best is trial 132 with value: 0.0656018235601687.
[I 2026-08-16 12:54:11,681] Trial 151 finished with value: 0.06944556200063787 and parameters: {'rho_e': 0.46856770905571515, 'rho_d': 59.09769213537029, 'nu': 2, 'sigma': 0.24712903078416149}. Best is trial 132 with value: 0.0656018235601687.
[I 2026-08-16 12:54:51,822] Trial 152 finished with value: 0.07558479874418692 and parameters: {'rho_e': 0.8606780060647095, 'rho_d': 36.57415272470506, 'nu': 2, 'sigma': 0.0}. Best is trial 132 with value: 0.0656018235601687.
[I 2026-08-16 12:55:31,826] Trial 153 finished with value: 0.08664102845282695 and parameters: {'rho_e': 1e-05, 'rho_d': 1e-05, 'nu': 2, 'sigma': 0.44297323535263866}. Best is trial 132 with value: 0.0656018235601687.
[I 2026-08-16 12:56:11,749] Trial 154 finished with value: 0.0660424210491799 and parameters: {'rho_e': 0.13374088979147158, 'rho_d': 0.004065115466455664, 'nu': 2, 'sigma': 0.43202066038467185}. Best is trial 132 with value: 0.0656018235601687.
[I 2026-08-16 12:56:51,685] Trial 155 finished with value: 0.06604213979357058 and parameters: {'rho_e': 0.10087680955981056, 'rho_d': 0.0022110769182299406, 'nu': 2, 'sigma': 0.39816637343704836}. Best is trial 132 with value: 0.0656018235601687.
[I 2026-08-16 12:57:31,729] Trial 156 finished with value: 0.06582313702467707 and parameters: {'rho_e': 0.0944953866154062, 'rho_d': 0.005337215460255731, 'nu': 2, 'sigma': 0.4100998536628552}. Best is trial 132 with value: 0.0656018235601687.
[I 2026-08-16 12:58:11,604] Trial 157 finished with value: 0.06675182435434697 and parameters: {'rho_e': 0.06430956529876371, 'rho_d': 3.684813132782162e-05, 'nu': 2, 'sigma': 0.2743156388653644}. Best is trial 132 with value: 0.0656018235601687.
[I 2026-08-16 12:58:51,431] Trial 158 finished with value: 0.06648622493011944 and parameters: {'rho_e': 0.13923982477355926, 'rho_d': 0.009320076808603651, 'nu': 2, 'sigma': 0.4577759549059488}. Best is trial 132 with value: 0.0656018235601687.
[I 2026-08-16 12:59:31,111] Trial 159 finished with value: 0.0797602468295022 and parameters: {'rho_e': 0.8826510738435761, 'rho_d': 1000.0, 'nu': 36, 'sigma': 1.0}. Best is trial 132 with value: 0.0656018235601687.
[I 2026-08-16 13:00:10,838] Trial 160 finished with value: 0.0666577591512639 and parameters: {'rho_e': 0.1238869052758004, 'rho_d': 4.252048379859695e-05, 'nu': 2, 'sigma': 0.45803162628806016}. Best is trial 132 with value: 0.0656018235601687.
[I 2026-08-16 13:00:50,519] Trial 161 finished with value: 0.06867653710837104 and parameters: {'rho_e': 2.8916021072719666, 'rho_d': 142.39283778857265, 'nu': 2, 'sigma': 0.27139051452112184}. Best is trial 132 with value: 0.0656018235601687.
[I 2026-08-16 13:01:30,415] Trial 162 finished with value: 0.08667930185984436 and parameters: {'rho_e': 19.313366299147525, 'rho_d': 999.999999999998, 'nu': 2, 'sigma': 1.0}. Best is trial 132 with value: 0.0656018235601687.
[I 2026-08-16 13:02:09,843] Trial 163 finished with value: 0.0860866923853115 and parameters: {'rho_e': 0.1093346663411173, 'rho_d': 1e-05, 'nu': 2, 'sigma': 1.0}. Best is trial 132 with value: 0.0656018235601687.
[I 2026-08-16 13:02:49,266] Trial 164 finished with value: 0.06568190793886972 and parameters: {'rho_e': 0.10681502185154303, 'rho_d': 0.0052812047516854815, 'nu': 2, 'sigma': 0.380933856573974}. Best is trial 132 with value: 0.0656018235601687.
[I 2026-08-16 13:03:28,796] Trial 165 finished with value: 0.06563772951605507 and parameters: {'rho_e': 0.10341282935627213, 'rho_d': 0.0050543197805765225, 'nu': 2, 'sigma': 0.3815258709046219}. Best is trial 132 with value: 0.0656018235601687.
[I 2026-08-16 13:04:08,260] Trial 166 finished with value: 0.09383986240390373 and parameters: {'rho_e': 1000.0, 'rho_d': 1e-05, 'nu': 36, 'sigma': 1.0}. Best is trial 132 with value: 0.0656018235601687.
[I 2026-08-16 13:04:47,702] Trial 167 finished with value: 0.06723243549369246 and parameters: {'rho_e': 0.10285411716333778, 'rho_d': 0.004979413710852951, 'nu': 7, 'sigma': 0.41254591700258547}. Best is trial 132 with value: 0.0656018235601687.
[I 2026-08-16 13:05:27,187] Trial 168 finished with value: 0.06587626531911539 and parameters: {'rho_e': 0.1101946273879557, 'rho_d': 0.005348570798487255, 'nu': 2, 'sigma': 0.3798774616645043}. Best is trial 132 with value: 0.0656018235601687.
[I 2026-08-16 13:06:06,594] Trial 169 finished with value: 0.06585360618109892 and parameters: {'rho_e': 0.09017725491389401, 'rho_d': 0.004598346148088768, 'nu': 2, 'sigma': 0.38871710892169076}. Best is trial 132 with value: 0.0656018235601687.
[I 2026-08-16 13:06:46,103] Trial 170 finished with value: 0.06620901271360696 and parameters: {'rho_e': 0.12261105663804296, 'rho_d': 0.005208440882336701, 'nu': 2, 'sigma': 0.38562594523455107}. Best is trial 132 with value: 0.0656018235601687.
[I 2026-08-16 13:07:25,496] Trial 171 finished with value: 0.08220499728602744 and parameters: {'rho_e': 0.2077040191459629, 'rho_d': 17.81259627491944, 'nu': 36, 'sigma': 1.0}. Best is trial 132 with value: 0.0656018235601687.
[I 2026-08-16 13:08:04,973] Trial 172 finished with value: 0.066240212284533 and parameters: {'rho_e': 0.09042795340064834, 'rho_d': 0.004212074281392629, 'nu': 2, 'sigma': 0.4004924110256043}. Best is trial 132 with value: 0.0656018235601687.
[I 2026-08-16 13:08:44,494] Trial 173 finished with value: 0.06597657764404247 and parameters: {'rho_e': 0.08672937466171403, 'rho_d': 0.002904719221271001, 'nu': 2, 'sigma': 0.34701853837061963}. Best is trial 132 with value: 0.0656018235601687.
[I 2026-08-16 13:09:23,845] Trial 174 finished with value: 0.08641385616601199 and parameters: {'rho_e': 1e-05, 'rho_d': 0.0005705427741050791, 'nu': 2, 'sigma': 0.0}. Best is trial 132 with value: 0.0656018235601687.
[I 2026-08-16 13:10:03,356] Trial 175 finished with value: 0.08289605958142791 and parameters: {'rho_e': 0.007740216930509125, 'rho_d': 1e-05, 'nu': 2, 'sigma': 0.0}. Best is trial 132 with value: 0.0656018235601687.
[I 2026-08-16 13:10:42,299] Trial 176 finished with value: 0.08545041201900481 and parameters: {'rho_e': 1000.0, 'rho_d': 1e-05, 'nu': 2, 'sigma': 0.6031447561775519}. Best is trial 132 with value: 0.0656018235601687.
[I 2026-08-16 13:11:22,138] Trial 177 finished with value: 0.06671824719942304 and parameters: {'rho_e': 0.2557737788257509, 'rho_d': 5.9454448732063596e-05, 'nu': 2, 'sigma': 0.4674165414830486}. Best is trial 132 with value: 0.0656018235601687.
[I 2026-08-16 13:12:01,910] Trial 178 finished with value: 0.06696865117968563 and parameters: {'rho_e': 0.261693488787735, 'rho_d': 0.004321211010184589, 'nu': 2, 'sigma': 0.46563002779780827}. Best is trial 132 with value: 0.0656018235601687.
[I 2026-08-16 13:12:41,589] Trial 179 finished with value: 0.06949611136509817 and parameters: {'rho_e': 0.8428864749572706, 'rho_d': 65.43963089138308, 'nu': 36, 'sigma': 0.3175176555603044}. Best is trial 132 with value: 0.0656018235601687.
