[I 2026-08-16 16:41:54,660] Trial 88 finished with value: 0.12465974887862101 and parameters: {'rho_e': 808.8435333665526, 'rho_d': 771.2850774129435, 'nu': 31, 'sigma': 0.254807051353894}. Best is trial 31 with value: 0.07167189323241215.
[I 2026-08-16 16:42:30,988] Trial 89 finished with value: 0.10271969762901698 and parameters: {'rho_e': 633.0253791527543, 'rho_d': 45.455452579488366, 'nu': 20, 'sigma': 0.7096389148598082}. Best is trial 31 with value: 0.07167189323241215.
[I 2026-08-16 16:43:07,452] Trial 90 finished with value: 0.07592105632061019 and parameters: {'rho_e': 1.0011331744014998e-05, 'rho_d': 0.053244906784150864, 'nu': 25, 'sigma': 0.1049856052027563}. Best is trial 31 with value: 0.07167189323241215.
[I 2026-08-16 16:43:43,838] Trial 91 finished with value: 0.07672910090346982 and parameters: {'rho_e': 0.00385361040567208, 'rho_d': 0.027705098919118584, 'nu': 11, 'sigma': 0.20991862069726686}. Best is trial 31 with value: 0.07167189323241215.
[I 2026-08-16 16:44:20,192] Trial 92 finished with value: 0.09331520605088585 and parameters: {'rho_e': 0.005714501227560669, 'rho_d': 116.00960750092175, 'nu': 18, 'sigma': 0.7255281995740358}. Best is trial 31 with value: 0.07167189323241215.
[I 2026-08-16 16:44:56,553] Trial 93 finished with value: 0.09795545270618422 and parameters: {'rho_e': 5.980189857056641, 'rho_d': 0.0002131882014836295, 'nu': 28, 'sigma': 0.7637138866173282}. Best is trial 31 with value: 0.07167189323241215.
[I 2026-08-16 16:45:32,963] Trial 94 finished with value: 0.09524528640477525 and parameters: {'rho_e': 5.5018371884489925, 'rho_d': 0.00982057041012593, 'nu': 8, 'sigma': 0.39470813686024214}. Best is trial 31 with value: 0.07167189323241215.
[I 2026-08-16 16:46:09,398] Trial 95 finished with value: 0.07191612898117089 and parameters: {'rho_e': 0.17280824537937622, 'rho_d': 37.68187082725423, 'nu': 35, 'sigma': 0.2984114598896659}. Best is trial 31 with value: 0.07167189323241215.
[I 2026-08-16 16:46:45,763] Trial 96 finished with value: 0.08236638949306994 and parameters: {'rho_e': 0.033897016078091556, 'rho_d': 164.3378023697618, 'nu': 6, 'sigma': 0.07350512557460892}. Best is trial 31 with value: 0.07167189323241215.
[I 2026-08-16 16:47:22,319] Trial 97 finished with value: 0.09360667224352862 and parameters: {'rho_e': 0.0021604944113239777, 'rho_d': 3.2413808908015533, 'nu': 20, 'sigma': 0.6607180513440737}. Best is trial 31 with value: 0.07167189323241215.
[I 2026-08-16 16:47:58,578] Trial 98 finished with value: 0.08818390183776917 and parameters: {'rho_e': 570.5570546933972, 'rho_d': 10.349660264682885, 'nu': 6, 'sigma': 0.8304150895769256}. Best is trial 31 with value: 0.07167189323241215.
[I 2026-08-16 16:48:34,914] Trial 99 finished with value: 0.08118361718351749 and parameters: {'rho_e': 0.00015533838611531524, 'rho_d': 0.0029907788869589056, 'nu': 30, 'sigma': 0.38017329613222484}. Best is trial 31 with value: 0.07167189323241215.
[I 2026-08-16 16:49:13,707] Trial 100 finished with value: 0.07434902306279917 and parameters: {'rho_e': 0.4589221815876968, 'rho_d': 1000.0, 'nu': 21, 'sigma': 0.41050094126890246}. Best is trial 31 with value: 0.07167189323241215.
[I 2026-08-16 16:49:50,333] Trial 101 finished with value: 0.0768790793059034 and parameters: {'rho_e': 0.09238983660895579, 'rho_d': 156.57696809509758, 'nu': 36, 'sigma': 0.38711869702527735}. Best is trial 31 with value: 0.07167189323241215.
[I 2026-08-16 16:50:26,892] Trial 102 finished with value: 0.07055720943656825 and parameters: {'rho_e': 1.918635787769442, 'rho_d': 1000.0, 'nu': 22, 'sigma': 0.35612716927052945}. Best is trial 102 with value: 0.07055720943656825.
[I 2026-08-16 16:51:03,487] Trial 103 finished with value: 0.06993444017256804 and parameters: {'rho_e': 1.9734397060026991, 'rho_d': 1000.0, 'nu': 14, 'sigma': 0.4034325085713102}. Best is trial 103 with value: 0.06993444017256804.
[I 2026-08-16 16:51:40,103] Trial 104 finished with value: 0.08106483600882175 and parameters: {'rho_e': 1e-05, 'rho_d': 3.392374512151314e-05, 'nu': 36, 'sigma': 0.0}. Best is trial 103 with value: 0.06993444017256804.
[I 2026-08-16 16:52:16,574] Trial 105 finished with value: 0.0707101893513127 and parameters: {'rho_e': 1.9175681221739571, 'rho_d': 1000.0, 'nu': 20, 'sigma': 0.41653687683427315}. Best is trial 103 with value: 0.06993444017256804.
[I 2026-08-16 16:52:53,136] Trial 106 finished with value: 0.07011150464081109 and parameters: {'rho_e': 1.6172361755894618, 'rho_d': 1000.0, 'nu': 14, 'sigma': 0.33970532278500803}. Best is trial 103 with value: 0.06993444017256804.
[I 2026-08-16 16:53:29,706] Trial 107 finished with value: 0.08093869856688596 and parameters: {'rho_e': 0.002568130405644949, 'rho_d': 1e-05, 'nu': 36, 'sigma': 0.0}. Best is trial 103 with value: 0.06993444017256804.
[I 2026-08-16 16:54:06,429] Trial 108 finished with value: 0.06904337306261163 and parameters: {'rho_e': 2.824938804405764, 'rho_d': 1000.0, 'nu': 14, 'sigma': 0.3455458178895209}. Best is trial 108 with value: 0.06904337306261163.
[I 2026-08-16 16:54:42,880] Trial 109 finished with value: 0.08106486721695923 and parameters: {'rho_e': 1e-05, 'rho_d': 1e-05, 'nu': 2, 'sigma': 0.0}. Best is trial 108 with value: 0.06904337306261163.
[I 2026-08-16 16:55:19,498] Trial 110 finished with value: 0.07788426971900361 and parameters: {'rho_e': 0.0015421491136934568, 'rho_d': 0.09402214370429642, 'nu': 2, 'sigma': 0.0}. Best is trial 108 with value: 0.06904337306261163.
[I 2026-08-16 16:55:56,048] Trial 111 finished with value: 0.08106485358685069 and parameters: {'rho_e': 0.00012039551333823106, 'rho_d': 1e-05, 'nu': 2, 'sigma': 0.0}. Best is trial 108 with value: 0.06904337306261163.
[I 2026-08-16 16:56:32,574] Trial 112 finished with value: 0.07474971238561273 and parameters: {'rho_e': 0.13965304992759284, 'rho_d': 19.02980688402625, 'nu': 20, 'sigma': 0.28095398964964485}. Best is trial 108 with value: 0.06904337306261163.
[I 2026-08-16 16:57:09,124] Trial 113 finished with value: 0.07652902697090987 and parameters: {'rho_e': 0.12118966611007159, 'rho_d': 8.126101336812958, 'nu': 36, 'sigma': 0.49716128284853944}. Best is trial 108 with value: 0.06904337306261163.
[I 2026-08-16 16:57:45,704] Trial 114 finished with value: 0.07843991516568333 and parameters: {'rho_e': 0.2420203347879394, 'rho_d': 1000.0, 'nu': 36, 'sigma': 0.0}. Best is trial 108 with value: 0.06904337306261163.
[I 2026-08-16 16:58:22,222] Trial 115 finished with value: 0.07044781485869953 and parameters: {'rho_e': 2.787947932532552, 'rho_d': 1000.0, 'nu': 2, 'sigma': 0.3624599381617952}. Best is trial 108 with value: 0.06904337306261163.
[I 2026-08-16 16:58:58,789] Trial 116 finished with value: 0.07085187409279677 and parameters: {'rho_e': 0.4954921474933587, 'rho_d': 326.0026444057303, 'nu': 36, 'sigma': 0.35974346169822236}. Best is trial 108 with value: 0.06904337306261163.
[I 2026-08-16 16:59:35,318] Trial 117 finished with value: 0.07828251543452044 and parameters: {'rho_e': 0.005982650056341581, 'rho_d': 0.0010485010224352612, 'nu': 36, 'sigma': 0.18420672876735325}. Best is trial 108 with value: 0.06904337306261163.
[I 2026-08-16 17:00:11,909] Trial 118 finished with value: 0.06951034691958886 and parameters: {'rho_e': 2.487181315356732, 'rho_d': 570.282275322031, 'nu': 12, 'sigma': 0.3494303069421755}. Best is trial 108 with value: 0.06904337306261163.
[I 2026-08-16 17:00:48,442] Trial 119 finished with value: 0.08296453196353715 and parameters: {'rho_e': 3.031897238997381e-05, 'rho_d': 0.00698201566784105, 'nu': 36, 'sigma': 0.0}. Best is trial 108 with value: 0.06904337306261163.
[I 2026-08-16 17:01:25,047] Trial 120 finished with value: 0.08051375235474112 and parameters: {'rho_e': 0.0012591235899080463, 'rho_d': 1e-05, 'nu': 36, 'sigma': 0.42025006002069715}. Best is trial 108 with value: 0.06904337306261163.
[I 2026-08-16 17:02:01,569] Trial 121 finished with value: 0.07734705501139261 and parameters: {'rho_e': 1e-05, 'rho_d': 0.06679320490253861, 'nu': 2, 'sigma': 0.0}. Best is trial 108 with value: 0.06904337306261163.
[I 2026-08-16 17:02:38,086] Trial 122 finished with value: 0.06883233657888224 and parameters: {'rho_e': 2.893248918940378, 'rho_d': 1000.0, 'nu': 12, 'sigma': 0.36856539428664514}. Best is trial 122 with value: 0.06883233657888224.
[I 2026-08-16 17:03:14,753] Trial 123 finished with value: 0.08171284177514236 and parameters: {'rho_e': 1e-05, 'rho_d': 1e-05, 'nu': 36, 'sigma': 0.4896879607419481}. Best is trial 122 with value: 0.06883233657888224.
[I 2026-08-16 17:03:51,276] Trial 124 finished with value: 0.08059197657077807 and parameters: {'rho_e': 0.004777464302042749, 'rho_d': 1e-05, 'nu': 2, 'sigma': 0.0}. Best is trial 122 with value: 0.06883233657888224.
[I 2026-08-16 17:04:27,878] Trial 125 finished with value: 0.08973120802239656 and parameters: {'rho_e': 1000.0, 'rho_d': 1e-05, 'nu': 2, 'sigma': 1.0}. Best is trial 122 with value: 0.06883233657888224.
[I 2026-08-16 17:05:04,408] Trial 126 finished with value: 0.08870202030939922 and parameters: {'rho_e': 0.001736024654054033, 'rho_d': 1000.0, 'nu': 2, 'sigma': 0.0}. Best is trial 122 with value: 0.06883233657888224.
[I 2026-08-16 17:05:41,070] Trial 127 finished with value: 0.0735416924110738 and parameters: {'rho_e': 0.076346937408121, 'rho_d': 2.0946242809052444, 'nu': 36, 'sigma': 0.17680673034980626}. Best is trial 122 with value: 0.06883233657888224.
[I 2026-08-16 17:06:17,616] Trial 128 finished with value: 0.07631013504877202 and parameters: {'rho_e': 0.43944337293579405, 'rho_d': 1000.0, 'nu': 2, 'sigma': 0.0}. Best is trial 122 with value: 0.06883233657888224.
[I 2026-08-16 17:06:54,214] Trial 129 finished with value: 0.06971336192427617 and parameters: {'rho_e': 0.46671135318172996, 'rho_d': 168.38240440444994, 'nu': 27, 'sigma': 0.21211791917462583}. Best is trial 122 with value: 0.06883233657888224.
[I 2026-08-16 17:07:30,831] Trial 130 finished with value: 0.06925359992770128 and parameters: {'rho_e': 3.2830350197899483, 'rho_d': 1000.0, 'nu': 12, 'sigma': 0.39758603412890575}. Best is trial 122 with value: 0.06883233657888224.
[I 2026-08-16 17:08:07,586] Trial 131 finished with value: 0.07558097528192635 and parameters: {'rho_e': 0.2095488904063848, 'rho_d': 33.921446871269566, 'nu': 26, 'sigma': 0.0}. Best is trial 122 with value: 0.06883233657888224.
[I 2026-08-16 17:08:44,193] Trial 132 finished with value: 0.087482528142758 and parameters: {'rho_e': 1e-05, 'rho_d': 2.3666245511621855, 'nu': 36, 'sigma': 0.0}. Best is trial 122 with value: 0.06883233657888224.
[I 2026-08-16 17:09:20,980] Trial 133 finished with value: 0.08957464143480233 and parameters: {'rho_e': 20.228237341380982, 'rho_d': 1e-05, 'nu': 2, 'sigma': 1.0}. Best is trial 122 with value: 0.06883233657888224.
[I 2026-08-16 17:09:57,563] Trial 134 finished with value: 0.08081137242798768 and parameters: {'rho_e': 0.00485025459631295, 'rho_d': 0.0023659851391207277, 'nu': 2, 'sigma': 0.0}. Best is trial 122 with value: 0.06883233657888224.
[I 2026-08-16 17:10:34,100] Trial 135 finished with value: 0.08191674649431256 and parameters: {'rho_e': 0.00011590023057799437, 'rho_d': 0.012919593576962006, 'nu': 2, 'sigma': 0.0}. Best is trial 122 with value: 0.06883233657888224.
[I 2026-08-16 17:11:10,762] Trial 136 finished with value: 0.08870438295994332 and parameters: {'rho_e': 1e-05, 'rho_d': 1000.0, 'nu': 2, 'sigma': 0.0}. Best is trial 122 with value: 0.06883233657888224.
[I 2026-08-16 17:11:47,368] Trial 137 finished with value: 0.08201774594227251 and parameters: {'rho_e': 0.0012336461285953255, 'rho_d': 0.012213862166296987, 'nu': 36, 'sigma': 0.0}. Best is trial 122 with value: 0.06883233657888224.
[I 2026-08-16 17:12:23,901] Trial 138 finished with value: 0.08102927447628921 and parameters: {'rho_e': 1e-05, 'rho_d': 0.0008941229933135308, 'nu': 2, 'sigma': 0.0}. Best is trial 122 with value: 0.06883233657888224.
[I 2026-08-16 17:13:00,429] Trial 139 finished with value: 0.06991109035252206 and parameters: {'rho_e': 0.4249560061142738, 'rho_d': 103.11011738399081, 'nu': 36, 'sigma': 0.2224444063988573}. Best is trial 122 with value: 0.06883233657888224.
[I 2026-08-16 17:13:36,932] Trial 140 finished with value: 0.08971897396856886 and parameters: {'rho_e': 129.47087531689954, 'rho_d': 0.012999286338495132, 'nu': 2, 'sigma': 1.0}. Best is trial 122 with value: 0.06883233657888224.
[I 2026-08-16 17:14:13,480] Trial 141 finished with value: 0.09084720709800398 and parameters: {'rho_e': 1e-05, 'rho_d': 1000.0, 'nu': 36, 'sigma': 1.0}. Best is trial 122 with value: 0.06883233657888224.
[I 2026-08-16 17:14:50,003] Trial 142 finished with value: 0.06961986891482433 and parameters: {'rho_e': 0.7263430773290528, 'rho_d': 156.8328367742004, 'nu': 27, 'sigma': 0.3009829885107032}. Best is trial 122 with value: 0.06883233657888224.
[I 2026-08-16 17:15:26,705] Trial 143 finished with value: 0.06862462463328722 and parameters: {'rho_e': 0.6803022647056306, 'rho_d': 164.48273146074433, 'nu': 11, 'sigma': 0.24487022678501938}. Best is trial 143 with value: 0.06862462463328722.
[I 2026-08-16 17:16:03,185] Trial 144 finished with value: 0.06873827059174528 and parameters: {'rho_e': 0.8323445072165835, 'rho_d': 194.41684284080517, 'nu': 13, 'sigma': 0.22073079020352007}. Best is trial 143 with value: 0.06862462463328722.
[I 2026-08-16 17:16:39,704] Trial 145 finished with value: 0.06907460797605747 and parameters: {'rho_e': 0.7385231996369246, 'rho_d': 197.60415310287095, 'nu': 14, 'sigma': 0.2641771930266251}. Best is trial 143 with value: 0.06862462463328722.
[I 2026-08-16 17:17:16,323] Trial 146 finished with value: 0.06727327785136654 and parameters: {'rho_e': 0.6807594710247216, 'rho_d': 119.23841458469339, 'nu': 2, 'sigma': 0.1839376329362968}. Best is trial 146 with value: 0.06727327785136654.
[I 2026-08-16 17:17:52,875] Trial 147 finished with value: 0.06895153744360989 and parameters: {'rho_e': 0.5415714955048102, 'rho_d': 67.07515157883185, 'nu': 2, 'sigma': 0.14046031532006717}. Best is trial 146 with value: 0.06727327785136654.
[I 2026-08-16 17:18:29,937] Trial 148 finished with value: 0.06729174033287402 and parameters: {'rho_e': 0.8471555957716687, 'rho_d': 164.687517402577, 'nu': 2, 'sigma': 0.20545982330601045}. Best is trial 146 with value: 0.06727327785136654.
[I 2026-08-16 17:19:06,497] Trial 149 finished with value: 0.06745258008761307 and parameters: {'rho_e': 0.6957981623885606, 'rho_d': 180.87460692161832, 'nu': 2, 'sigma': 0.19213260382593397}. Best is trial 146 with value: 0.06727327785136654.
[I 2026-08-16 17:19:43,119] Trial 150 finished with value: 0.06641674455210447 and parameters: {'rho_e': 0.7711565378251706, 'rho_d': 124.40635817471939, 'nu': 2, 'sigma': 0.21882536900254423}. Best is trial 150 with value: 0.06641674455210447.
[I 2026-08-16 17:20:19,621] Trial 151 finished with value: 0.06705984953738346 and parameters: {'rho_e': 0.7875129511892226, 'rho_d': 88.86432432207077, 'nu': 2, 'sigma': 0.2840385494174166}. Best is trial 150 with value: 0.06641674455210447.
[I 2026-08-16 17:20:56,144] Trial 152 finished with value: 0.08859532046152058 and parameters: {'rho_e': 0.007818014624387554, 'rho_d': 999.999999999998, 'nu': 36, 'sigma': 0.0}. Best is trial 150 with value: 0.06641674455210447.
[I 2026-08-16 17:21:32,676] Trial 153 finished with value: 0.0810648511899741 and parameters: {'rho_e': 0.000124754108126639, 'rho_d': 1e-05, 'nu': 36, 'sigma': 0.0}. Best is trial 150 with value: 0.06641674455210447.
[I 2026-08-16 17:22:09,122] Trial 154 finished with value: 0.09733620096928522 and parameters: {'rho_e': 1000.0, 'rho_d': 1000.0, 'nu': 2, 'sigma': 1.0}. Best is trial 150 with value: 0.06641674455210447.
[I 2026-08-16 17:22:45,631] Trial 155 finished with value: 0.06765238009739237 and parameters: {'rho_e': 0.9701596539846357, 'rho_d': 91.16714293465196, 'nu': 2, 'sigma': 0.2347497184277577}. Best is trial 150 with value: 0.06641674455210447.
[I 2026-08-16 17:23:22,226] Trial 156 finished with value: 0.06708670207788306 and parameters: {'rho_e': 0.6424321889498045, 'rho_d': 128.1223517880394, 'nu': 2, 'sigma': 0.2673777178421708}. Best is trial 150 with value: 0.06641674455210447.
[I 2026-08-16 17:23:58,812] Trial 157 finished with value: 0.07446109845293161 and parameters: {'rho_e': 1.0777664597872507, 'rho_d': 1000.0, 'nu': 36, 'sigma': 1.0}. Best is trial 150 with value: 0.06641674455210447.
[I 2026-08-16 17:24:35,402] Trial 158 finished with value: 0.08042381864201023 and parameters: {'rho_e': 1e-05, 'rho_d': 0.0016255693038595023, 'nu': 36, 'sigma': 0.3797893958592731}. Best is trial 150 with value: 0.06641674455210447.
[I 2026-08-16 17:25:11,922] Trial 159 finished with value: 0.07872063638089469 and parameters: {'rho_e': 0.007335017688248555, 'rho_d': 0.03363127629156956, 'nu': 36, 'sigma': 0.44222262229169895}. Best is trial 150 with value: 0.06641674455210447.
[I 2026-08-16 17:25:48,566] Trial 160 finished with value: 0.0816702705309078 and parameters: {'rho_e': 0.02009710847856088, 'rho_d': 1e-05, 'nu': 36, 'sigma': 0.0}. Best is trial 150 with value: 0.06641674455210447.
[I 2026-08-16 17:26:25,088] Trial 161 finished with value: 0.08631508752646595 and parameters: {'rho_e': 1e-05, 'rho_d': 1e-05, 'nu': 36, 'sigma': 0.9999999999999999}. Best is trial 150 with value: 0.06641674455210447.
[I 2026-08-16 17:27:01,579] Trial 162 finished with value: 0.0924607667101045 and parameters: {'rho_e': 1e-05, 'rho_d': 1e-05, 'nu': 2, 'sigma': 0.52929708585547}. Best is trial 150 with value: 0.06641674455210447.
[I 2026-08-16 17:27:38,064] Trial 163 finished with value: 0.08319233074994255 and parameters: {'rho_e': 999.999999999998, 'rho_d': 0.15912278170814154, 'nu': 2, 'sigma': 0.5527772021662646}. Best is trial 150 with value: 0.06641674455210447.
[I 2026-08-16 17:28:14,573] Trial 164 finished with value: 0.07678302813965551 and parameters: {'rho_e': 0.014117918395466382, 'rho_d': 0.21454875064944182, 'nu': 2, 'sigma': 0.0}. Best is trial 150 with value: 0.06641674455210447.
[I 2026-08-16 17:28:51,117] Trial 165 finished with value: 0.07419643887818193 and parameters: {'rho_e': 0.02367461926028759, 'rho_d': 0.049061010122575126, 'nu': 36, 'sigma': 0.0}. Best is trial 150 with value: 0.06641674455210447.
[I 2026-08-16 17:29:27,633] Trial 166 finished with value: 0.07562109082247911 and parameters: {'rho_e': 0.5146111185822405, 'rho_d': 51.99814841564902, 'nu': 36, 'sigma': 1.0}. Best is trial 150 with value: 0.06641674455210447.
[I 2026-08-16 17:30:04,172] Trial 167 finished with value: 0.06717143636218313 and parameters: {'rho_e': 0.9092826080633072, 'rho_d': 179.9322265173786, 'nu': 2, 'sigma': 0.2937651235170112}. Best is trial 150 with value: 0.06641674455210447.
[I 2026-08-16 17:30:40,626] Trial 168 finished with value: 0.09600303750388342 and parameters: {'rho_e': 1.649824213323931, 'rho_d': 1000.0, 'nu': 2, 'sigma': 1.0}. Best is trial 150 with value: 0.06641674455210447.
[I 2026-08-16 17:31:17,203] Trial 169 finished with value: 0.07244886013519038 and parameters: {'rho_e': 1.086952366930401, 'rho_d': 1000.0, 'nu': 36, 'sigma': 0.6874253317346973}. Best is trial 150 with value: 0.06641674455210447.
[I 2026-08-16 17:31:53,729] Trial 170 finished with value: 0.08631487899146822 and parameters: {'rho_e': 0.00024309969373677778, 'rho_d': 1e-05, 'nu': 36, 'sigma': 1.0}. Best is trial 150 with value: 0.06641674455210447.
[I 2026-08-16 17:32:30,291] Trial 171 finished with value: 0.08489599699137564 and parameters: {'rho_e': 0.010734397164677854, 'rho_d': 0.009936215168881187, 'nu': 36, 'sigma': 1.0}. Best is trial 150 with value: 0.06641674455210447.
[I 2026-08-16 17:33:06,838] Trial 172 finished with value: 0.08570018386771584 and parameters: {'rho_e': 1e-05, 'rho_d': 0.11385764979683513, 'nu': 36, 'sigma': 1.0}. Best is trial 150 with value: 0.06641674455210447.
[I 2026-08-16 17:33:43,436] Trial 173 finished with value: 0.07575576818156725 and parameters: {'rho_e': 0.0967713305791451, 'rho_d': 3.362711681239305, 'nu': 2, 'sigma': 0.0}. Best is trial 150 with value: 0.06641674455210447.
[I 2026-08-16 17:34:20,054] Trial 174 finished with value: 0.0871588093670555 and parameters: {'rho_e': 1e-05, 'rho_d': 1000.0, 'nu': 36, 'sigma': 0.45121513184369644}. Best is trial 150 with value: 0.06641674455210447.
[I 2026-08-16 17:34:56,658] Trial 175 finished with value: 0.07340197892137593 and parameters: {'rho_e': 1.4850366552589884, 'rho_d': 1000.0, 'nu': 36, 'sigma': 0.004476725813480152}. Best is trial 150 with value: 0.06641674455210447.
[I 2026-08-16 17:35:33,284] Trial 176 finished with value: 0.06813469404867509 and parameters: {'rho_e': 0.4343746541536939, 'rho_d': 42.843519812221444, 'nu': 2, 'sigma': 0.3440188379462957}. Best is trial 150 with value: 0.06641674455210447.
[I 2026-08-16 17:36:09,882] Trial 177 finished with value: 0.07171760005354152 and parameters: {'rho_e': 0.15236919391893944, 'rho_d': 2.237471467078957, 'nu': 2, 'sigma': 0.3846513844424966}. Best is trial 150 with value: 0.06641674455210447.
[I 2026-08-16 17:36:46,442] Trial 178 finished with value: 0.0733235695900309 and parameters: {'rho_e': 1.9639247885049291, 'rho_d': 1000.0, 'nu': 2, 'sigma': 0.005756126981102981}. Best is trial 150 with value: 0.06641674455210447.
[I 2026-08-16 17:37:23,079] Trial 179 finished with value: 0.08180547523563272 and parameters: {'rho_e': 7.079002921997322e-05, 'rho_d': 1e-05, 'nu': 36, 'sigma': 0.49414690456388966}. Best is trial 150 with value: 0.06641674455210447.
[I 2026-08-16 17:37:59,588] Trial 180 finished with value: 0.08639475207107045 and parameters: {'rho_e': 0.026330595986899602, 'rho_d': 1e-05, 'nu': 36, 'sigma': 1.0}. Best is trial 150 with value: 0.06641674455210447.
[I 2026-08-16 17:38:36,105] Trial 181 finished with value: 0.0810638166998689 and parameters: {'rho_e': 5.713833582561396e-05, 'rho_d': 0.00018088378054628365, 'nu': 15, 'sigma': 0.0}. Best is trial 150 with value: 0.06641674455210447.
