[I 2026-08-16 13:24:13,209] Trial 181 finished with value: 0.0775051444529149 and parameters: {'rho_e': 1e-05, 'rho_d': 0.0022503924496937383, 'nu': 36, 'sigma': 0.0}. Best is trial 160 with value: 0.0699677035466458.
[I 2026-08-16 13:24:50,993] Trial 182 finished with value: 0.08132402264996585 and parameters: {'rho_e': 0.1544021372234393, 'rho_d': 8.229683911160187, 'nu': 36, 'sigma': 0.6441282125957781}. Best is trial 160 with value: 0.0699677035466458.
[I 2026-08-16 13:25:28,884] Trial 183 finished with value: 0.08302346258709893 and parameters: {'rho_e': 1000.0, 'rho_d': 0.0009291006117051596, 'nu': 2, 'sigma': 0.9999999999999999}. Best is trial 160 with value: 0.0699677035466458.
[I 2026-08-16 13:26:06,759] Trial 184 finished with value: 0.0788846194504554 and parameters: {'rho_e': 999.999999999998, 'rho_d': 1000.0, 'nu': 2, 'sigma': 0.5608695661724707}. Best is trial 160 with value: 0.0699677035466458.
[I 2026-08-16 13:26:44,638] Trial 185 finished with value: 0.07419382782709698 and parameters: {'rho_e': 0.00015673454739889675, 'rho_d': 0.00017900185507558627, 'nu': 2, 'sigma': 0.17041053829032085}. Best is trial 160 with value: 0.0699677035466458.
[I 2026-08-16 13:27:22,468] Trial 186 finished with value: 0.08494752595969329 and parameters: {'rho_e': 0.00017798066250696048, 'rho_d': 0.0012712066576036078, 'nu': 36, 'sigma': 0.9999999999999999}. Best is trial 160 with value: 0.0699677035466458.
[I 2026-08-16 13:28:00,288] Trial 187 finished with value: 0.08107831399503326 and parameters: {'rho_e': 89.5406278806851, 'rho_d': 0.002572869295877677, 'nu': 2, 'sigma': 0.6019516823659062}. Best is trial 160 with value: 0.0699677035466458.
[I 2026-08-16 13:28:38,066] Trial 188 finished with value: 0.11292278798095987 and parameters: {'rho_e': 1000.0, 'rho_d': 1000.0, 'nu': 2, 'sigma': 0.0}. Best is trial 160 with value: 0.0699677035466458.
[I 2026-08-16 13:29:15,976] Trial 189 finished with value: 0.0818615367524681 and parameters: {'rho_e': 1e-05, 'rho_d': 0.0005548569069193906, 'nu': 36, 'sigma': 0.6525175340302336}. Best is trial 160 with value: 0.0699677035466458.
[I 2026-08-16 13:29:53,856] Trial 190 finished with value: 0.07452478063888593 and parameters: {'rho_e': 0.006057264355736983, 'rho_d': 1e-05, 'nu': 2, 'sigma': 0.23353947990970378}. Best is trial 160 with value: 0.0699677035466458.
[I 2026-08-16 13:30:31,797] Trial 191 finished with value: 0.07700469437733214 and parameters: {'rho_e': 6.526475659318717e-05, 'rho_d': 0.0008099887102093742, 'nu': 36, 'sigma': 0.09178437642519989}. Best is trial 160 with value: 0.0699677035466458.
[I 2026-08-16 13:31:09,604] Trial 192 finished with value: 0.07316676940926525 and parameters: {'rho_e': 6.947861076637237, 'rho_d': 1000.0, 'nu': 2, 'sigma': 0.2726300058864391}. Best is trial 160 with value: 0.0699677035466458.
[I 2026-08-16 13:31:47,408] Trial 193 finished with value: 0.07536871748303828 and parameters: {'rho_e': 0.03424125554095986, 'rho_d': 1e-05, 'nu': 2, 'sigma': 0.41902845510227976}. Best is trial 160 with value: 0.0699677035466458.
[I 2026-08-16 13:32:25,250] Trial 194 finished with value: 0.07625806646058292 and parameters: {'rho_e': 0.0028302165576710872, 'rho_d': 0.001881037422954875, 'nu': 36, 'sigma': 0.20102647581843042}. Best is trial 160 with value: 0.0699677035466458.
[I 2026-08-16 13:33:03,091] Trial 195 finished with value: 0.07884492627512174 and parameters: {'rho_e': 0.8589743860586354, 'rho_d': 28.958360022806925, 'nu': 36, 'sigma': 1.0}. Best is trial 160 with value: 0.0699677035466458.
[I 2026-08-16 13:33:41,441] Trial 196 finished with value: 0.12111151374011164 and parameters: {'rho_e': 1000.0, 'rho_d': 1e-05, 'nu': 2, 'sigma': 0.0}. Best is trial 160 with value: 0.0699677035466458.
[I 2026-08-16 13:34:19,243] Trial 197 finished with value: 0.10363866912450066 and parameters: {'rho_e': 1e-05, 'rho_d': 1000.0, 'nu': 2, 'sigma': 0.5811716909227559}. Best is trial 160 with value: 0.0699677035466458.
[I 2026-08-16 13:34:57,237] Trial 198 finished with value: 0.0805914405336219 and parameters: {'rho_e': 33.09667799057834, 'rho_d': 1e-05, 'nu': 2, 'sigma': 0.6583924555718865}. Best is trial 160 with value: 0.0699677035466458.
[I 2026-08-16 13:35:33,874] Trial 199 finished with value: 0.0836327772626466 and parameters: {'rho_e': 1e-05, 'rho_d': 0.05231837515139786, 'nu': 2, 'sigma': 0.0}. Best is trial 160 with value: 0.0699677035466458.
/home/gterren/dynamic_update/functional_forecast_dynamic_update/scripts/validate_zone_ffc_mpi.py:1094: FutureWarning: The behavior of DataFrame concatenation with empty or all-NA entries is deprecated. In a future version, this will no longer exclude empty or all-NA columns when determining the result dtypes. To retain the old behavior, exclude the relevant entries before the concat operation.
  results_df = pd.concat([results_df, prob_results], axis = 0, ignore_index=True)
