/home/gterren/dynamic_update/functional_forecast_dynamic_update/scripts/validate_zone_ffc_mpi.py:673: ExperimentalWarning: GPSampler is experimental (supported from v3.6.0). The interface can change in the future.
  sampler=GPSampler(seed=SEED, n_startup_trials=0)
[I 2026-08-17 00:07:07,543] A new study created in memory with name: no-name-2133309f-60c4-4805-8ef3-283f528baeb3
[I 2026-08-17 00:07:58,394] Trial 0 finished with value: 0.07577005064009587 and parameters: {'rho_e': 0.3269036145707431, 'rho_d': 0.0008924503989739542, 'nu': 2, 'sigma': 0.5589802398441411}. Best is trial 0 with value: 0.07577005064009587.
[I 2026-08-17 00:08:51,110] Trial 1 finished with value: 0.09398019109793126 and parameters: {'rho_e': 0.00019459711623305662, 'rho_d': 5.722640521209214, 'nu': 13, 'sigma': 0.5672546026273165}. Best is trial 0 with value: 0.07577005064009587.
[I 2026-08-17 00:09:42,951] Trial 2 finished with value: 0.09405523702920157 and parameters: {'rho_e': 321.4812758619285, 'rho_d': 4.302510656920417e-05, 'nu': 12, 'sigma': 0.3601623761996074}. Best is trial 0 with value: 0.07577005064009587.
[I 2026-08-17 00:10:36,054] Trial 3 finished with value: 0.09528694037282029 and parameters: {'rho_e': 4.3898520061802934e-05, 'rho_d': 0.03830168409239199, 'nu': 3, 'sigma': 0.9115914372285836}. Best is trial 0 with value: 0.07577005064009587.
[I 2026-08-17 00:11:28,427] Trial 4 finished with value: 0.09122608635616264 and parameters: {'rho_e': 949.2172066223391, 'rho_d': 0.026109422224811094, 'nu': 26, 'sigma': 0.9260120240556735}. Best is trial 0 with value: 0.07577005064009587.
[I 2026-08-17 00:12:21,906] Trial 5 finished with value: 0.09734508751424135 and parameters: {'rho_e': 55.07785948573999, 'rho_d': 1.5152031294533557e-05, 'nu': 2, 'sigma': 0.21277447591768917}. Best is trial 0 with value: 0.07577005064009587.
[I 2026-08-17 00:13:14,862] Trial 6 finished with value: 0.09394007607751717 and parameters: {'rho_e': 8.866466816341849e-05, 'rho_d': 7.61325088024623, 'nu': 26, 'sigma': 0.16313090927374585}. Best is trial 0 with value: 0.07577005064009587.
[I 2026-08-17 00:14:08,716] Trial 7 finished with value: 0.09203912553270963 and parameters: {'rho_e': 1.7261925851807923e-05, 'rho_d': 5.766907112583324, 'nu': 8, 'sigma': 0.4036048929120764}. Best is trial 0 with value: 0.07577005064009587.
[I 2026-08-17 00:14:40,832] Trial 8 finished with value: 0.07734179366227112 and parameters: {'rho_e': 0.0006613143814348048, 'rho_d': 0.0004843159996042769, 'nu': 4, 'sigma': 0.05929980630688328}. Best is trial 0 with value: 0.07577005064009587.
[I 2026-08-17 00:15:17,935] Trial 9 finished with value: 0.10450347284575989 and parameters: {'rho_e': 1.542794770823065, 'rho_d': 0.0001051601155778768, 'nu': 29, 'sigma': 0.06124649778519667}. Best is trial 0 with value: 0.07577005064009587.
[I 2026-08-17 00:15:51,780] Trial 10 finished with value: 0.09594966042812256 and parameters: {'rho_e': 0.0094884878266438, 'rho_d': 61.123373741526805, 'nu': 23, 'sigma': 0.8096778943389311}. Best is trial 0 with value: 0.07577005064009587.
[I 2026-08-17 00:16:26,707] Trial 11 finished with value: 0.08967065125385618 and parameters: {'rho_e': 0.004983867022387237, 'rho_d': 0.7195345772802716, 'nu': 12, 'sigma': 0.30276757880887223}. Best is trial 0 with value: 0.07577005064009587.
[I 2026-08-17 00:17:05,904] Trial 12 finished with value: 0.08041174196116078 and parameters: {'rho_e': 0.0018796021094759023, 'rho_d': 0.0038808481514466344, 'nu': 18, 'sigma': 0.43095678898781176}. Best is trial 0 with value: 0.07577005064009587.
[I 2026-08-17 00:17:45,154] Trial 13 finished with value: 0.09226099035246987 and parameters: {'rho_e': 1.7655547015118365, 'rho_d': 5.142686056063213e-05, 'nu': 33, 'sigma': 0.6472584614595902}. Best is trial 0 with value: 0.07577005064009587.
[I 2026-08-17 00:18:24,297] Trial 14 finished with value: 0.08959708060639945 and parameters: {'rho_e': 0.0015721301687322549, 'rho_d': 0.14451370611208825, 'nu': 29, 'sigma': 0.8847686295789441}. Best is trial 0 with value: 0.07577005064009587.
[I 2026-08-17 00:19:06,219] Trial 15 finished with value: 0.0801722008935287 and parameters: {'rho_e': 0.0010736074978672553, 'rho_d': 0.00017517887181672987, 'nu': 14, 'sigma': 0.6547066878649721}. Best is trial 0 with value: 0.07577005064009587.
[I 2026-08-17 00:19:48,231] Trial 16 finished with value: 0.09533734206711576 and parameters: {'rho_e': 1.041354975353017, 'rho_d': 0.06018447003063603, 'nu': 14, 'sigma': 0.2839448985622425}. Best is trial 0 with value: 0.07577005064009587.
[I 2026-08-17 00:20:30,276] Trial 17 finished with value: 0.10684215704486796 and parameters: {'rho_e': 4.574661102604166, 'rho_d': 0.0021644048058848996, 'nu': 23, 'sigma': 0.11627181049783943}. Best is trial 0 with value: 0.07577005064009587.
[I 2026-08-17 00:21:12,443] Trial 18 finished with value: 0.09894954843724489 and parameters: {'rho_e': 2.4872074477158685, 'rho_d': 0.0010015844130510873, 'nu': 33, 'sigma': 0.37218016341710936}. Best is trial 0 with value: 0.07577005064009587.
[I 2026-08-17 00:21:54,679] Trial 19 finished with value: 0.10731531092748228 and parameters: {'rho_e': 65.84645259610812, 'rho_d': 9.82662438607537, 'nu': 15, 'sigma': 0.2627584337801529}. Best is trial 0 with value: 0.07577005064009587.
[I 2026-08-17 00:22:36,735] Trial 20 finished with value: 0.08037691990801976 and parameters: {'rho_e': 0.07822964531426699, 'rho_d': 0.8639211893531282, 'nu': 26, 'sigma': 0.4186864994625047}. Best is trial 0 with value: 0.07577005064009587.
[I 2026-08-17 00:23:18,168] Trial 21 finished with value: 0.09071355704580628 and parameters: {'rho_e': 0.8662159080284164, 'rho_d': 0.0019943914592805614, 'nu': 27, 'sigma': 0.45781709249791797}. Best is trial 0 with value: 0.07577005064009587.
[I 2026-08-17 00:24:00,260] Trial 22 finished with value: 0.08722560737813442 and parameters: {'rho_e': 0.017682211067743325, 'rho_d': 1.762014949718825, 'nu': 10, 'sigma': 0.5935464874055492}. Best is trial 0 with value: 0.07577005064009587.
[I 2026-08-17 00:24:42,282] Trial 23 finished with value: 0.10212789445729964 and parameters: {'rho_e': 3.679925773076e-05, 'rho_d': 23.98453012214469, 'nu': 17, 'sigma': 0.9609156022633827}. Best is trial 0 with value: 0.07577005064009587.
[I 2026-08-17 00:25:24,424] Trial 24 finished with value: 0.08965032331348394 and parameters: {'rho_e': 0.0013378016644002941, 'rho_d': 0.3251386772406152, 'nu': 22, 'sigma': 0.6142287913179536}. Best is trial 0 with value: 0.07577005064009587.
[I 2026-08-17 00:26:06,597] Trial 25 finished with value: 0.07829661061324461 and parameters: {'rho_e': 9.513126298049566e-05, 'rho_d': 0.0001254129593580573, 'nu': 17, 'sigma': 0.4282198407451333}. Best is trial 0 with value: 0.07577005064009587.
[I 2026-08-17 00:26:48,709] Trial 26 finished with value: 0.07499525605481142 and parameters: {'rho_e': 0.05984570193345419, 'rho_d': 0.0002828514266644551, 'nu': 13, 'sigma': 0.8710282672465114}. Best is trial 26 with value: 0.07499525605481142.
[I 2026-08-17 00:27:30,679] Trial 27 finished with value: 0.09395937867971466 and parameters: {'rho_e': 468.4257953002554, 'rho_d': 1.2226077087028292e-05, 'nu': 23, 'sigma': 0.6044786846095609}. Best is trial 26 with value: 0.07499525605481142.
[I 2026-08-17 00:28:12,879] Trial 28 finished with value: 0.11212024635746347 and parameters: {'rho_e': 9.794758745867055, 'rho_d': 1.739018971835995e-05, 'nu': 5, 'sigma': 0.023519755783360522}. Best is trial 26 with value: 0.07499525605481142.
[I 2026-08-17 00:28:54,926] Trial 29 finished with value: 0.10086177898788193 and parameters: {'rho_e': 396.23136452155177, 'rho_d': 0.0012839635362927584, 'nu': 34, 'sigma': 0.5101047252162753}. Best is trial 26 with value: 0.07499525605481142.
[I 2026-08-17 00:29:36,935] Trial 30 finished with value: 0.09278648451460472 and parameters: {'rho_e': 0.0003366699491459107, 'rho_d': 204.4963039743385, 'nu': 32, 'sigma': 0.1493267250032733}. Best is trial 26 with value: 0.07499525605481142.
[I 2026-08-17 00:30:18,911] Trial 31 finished with value: 0.07967356935495885 and parameters: {'rho_e': 3.8729577897945755, 'rho_d': 507.6727010671596, 'nu': 19, 'sigma': 0.3524611314107998}. Best is trial 26 with value: 0.07499525605481142.
[I 2026-08-17 00:31:01,090] Trial 32 finished with value: 0.09149338692397427 and parameters: {'rho_e': 25.240423080998166, 'rho_d': 0.04024505840237463, 'nu': 22, 'sigma': 0.6878151672772727}. Best is trial 26 with value: 0.07499525605481142.
[I 2026-08-17 00:31:43,193] Trial 33 finished with value: 0.11726882646806261 and parameters: {'rho_e': 46.68655128693522, 'rho_d': 89.33226184339398, 'nu': 11, 'sigma': 0.12758460315021433}. Best is trial 26 with value: 0.07499525605481142.
[I 2026-08-17 00:32:25,341] Trial 34 finished with value: 0.08556007839006452 and parameters: {'rho_e': 0.09031981370866977, 'rho_d': 0.00353590580052761, 'nu': 3, 'sigma': 0.15528637475144552}. Best is trial 26 with value: 0.07499525605481142.
[I 2026-08-17 00:33:07,407] Trial 35 finished with value: 0.11089346781712658 and parameters: {'rho_e': 257.2582546121324, 'rho_d': 264.3352391583821, 'nu': 16, 'sigma': 0.23159987966773632}. Best is trial 26 with value: 0.07499525605481142.
[I 2026-08-17 00:33:49,431] Trial 36 finished with value: 0.09981360533708883 and parameters: {'rho_e': 0.011040115349735419, 'rho_d': 319.94169963542066, 'nu': 27, 'sigma': 0.992582531554602}. Best is trial 26 with value: 0.07499525605481142.
[I 2026-08-17 00:34:31,585] Trial 37 finished with value: 0.09292991975744722 and parameters: {'rho_e': 1.3005438575723007, 'rho_d': 0.01777507065717351, 'nu': 9, 'sigma': 0.19699907291064236}. Best is trial 26 with value: 0.07499525605481142.
[I 2026-08-17 00:35:13,738] Trial 38 finished with value: 0.0943292062385779 and parameters: {'rho_e': 0.006770029807866984, 'rho_d': 1.0453964517455576, 'nu': 32, 'sigma': 0.007867895654915082}. Best is trial 26 with value: 0.07499525605481142.
[I 2026-08-17 00:35:55,917] Trial 39 finished with value: 0.08472517860100257 and parameters: {'rho_e': 3.2653986066294935, 'rho_d': 0.00035918328578407783, 'nu': 11, 'sigma': 0.7117132233162679}. Best is trial 26 with value: 0.07499525605481142.
[I 2026-08-17 00:36:38,144] Trial 40 finished with value: 0.07707753904125253 and parameters: {'rho_e': 0.008384459587850678, 'rho_d': 0.00040208220297865917, 'nu': 24, 'sigma': 0.7413946652411322}. Best is trial 26 with value: 0.07499525605481142.
[I 2026-08-17 00:37:20,169] Trial 41 finished with value: 0.12185224036048337 and parameters: {'rho_e': 12.935242462549164, 'rho_d': 2.4536463769015713, 'nu': 34, 'sigma': 0.03111235605231228}. Best is trial 26 with value: 0.07499525605481142.
[I 2026-08-17 00:38:02,294] Trial 42 finished with value: 0.09354047160990621 and parameters: {'rho_e': 17.351980111290544, 'rho_d': 0.24761264897083934, 'nu': 32, 'sigma': 0.9330852931159648}. Best is trial 26 with value: 0.07499525605481142.
[I 2026-08-17 00:38:44,515] Trial 43 finished with value: 0.11914115855236752 and parameters: {'rho_e': 206.7348794304976, 'rho_d': 100.25810153166229, 'nu': 21, 'sigma': 0.04808111924412399}. Best is trial 26 with value: 0.07499525605481142.
[I 2026-08-17 00:39:26,788] Trial 44 finished with value: 0.10540195635240249 and parameters: {'rho_e': 178.9593730989775, 'rho_d': 0.10721182363435201, 'nu': 34, 'sigma': 0.31572977967490834}. Best is trial 26 with value: 0.07499525605481142.
[I 2026-08-17 00:40:08,932] Trial 45 finished with value: 0.09386049692841222 and parameters: {'rho_e': 0.00017424584549714995, 'rho_d': 25.47175357971929, 'nu': 22, 'sigma': 0.09551575449774102}. Best is trial 26 with value: 0.07499525605481142.
[I 2026-08-17 00:40:51,009] Trial 46 finished with value: 0.08372835458242972 and parameters: {'rho_e': 119.39227513011171, 'rho_d': 8.192784645277967e-05, 'nu': 3, 'sigma': 0.8143690994325316}. Best is trial 26 with value: 0.07499525605481142.
[I 2026-08-17 00:41:33,029] Trial 47 finished with value: 0.08238456725346405 and parameters: {'rho_e': 0.04633293692358927, 'rho_d': 1.3842410574283137, 'nu': 19, 'sigma': 0.18860831631006456}. Best is trial 26 with value: 0.07499525605481142.
[I 2026-08-17 00:42:15,051] Trial 48 finished with value: 0.0847479830923336 and parameters: {'rho_e': 0.0007714806253840602, 'rho_d': 0.0015442881351131804, 'nu': 7, 'sigma': 0.7990376021274297}. Best is trial 26 with value: 0.07499525605481142.
[I 2026-08-17 00:42:57,032] Trial 49 finished with value: 0.09237533335659473 and parameters: {'rho_e': 0.02334066741617611, 'rho_d': 19.61909076816956, 'nu': 7, 'sigma': 0.678847861548423}. Best is trial 26 with value: 0.07499525605481142.
[I 2026-08-17 00:43:38,817] Trial 50 finished with value: 0.10132019826223046 and parameters: {'rho_e': 30.484530649163847, 'rho_d': 0.0006865299827161224, 'nu': 35, 'sigma': 0.4931147100817814}. Best is trial 26 with value: 0.07499525605481142.
[I 2026-08-17 00:44:20,798] Trial 51 finished with value: 0.08592194796106041 and parameters: {'rho_e': 0.42596086471505806, 'rho_d': 0.006470326256837381, 'nu': 33, 'sigma': 0.6255704507885743}. Best is trial 26 with value: 0.07499525605481142.
[I 2026-08-17 00:45:02,889] Trial 52 finished with value: 0.09442996631610293 and parameters: {'rho_e': 5.6305504586876165e-05, 'rho_d': 0.01955400616757617, 'nu': 4, 'sigma': 0.9431022489306657}. Best is trial 26 with value: 0.07499525605481142.
[I 2026-08-17 00:45:44,733] Trial 53 finished with value: 0.09769160452027667 and parameters: {'rho_e': 2.2237461169194805, 'rho_d': 0.48566127158346006, 'nu': 28, 'sigma': 0.7769544614903604}. Best is trial 26 with value: 0.07499525605481142.
[I 2026-08-17 00:46:26,644] Trial 54 finished with value: 0.08782810710753353 and parameters: {'rho_e': 0.028583330992410914, 'rho_d': 1.9471088928715916, 'nu': 19, 'sigma': 0.89828252912396}. Best is trial 26 with value: 0.07499525605481142.
[I 2026-08-17 00:47:08,767] Trial 55 finished with value: 0.09358590759885793 and parameters: {'rho_e': 0.0002909616436868435, 'rho_d': 4.340886647251859, 'nu': 35, 'sigma': 0.6964604863331093}. Best is trial 26 with value: 0.07499525605481142.
[I 2026-08-17 00:47:50,742] Trial 56 finished with value: 0.09803295424353936 and parameters: {'rho_e': 7.798984580075104, 'rho_d': 0.08868122758097233, 'nu': 29, 'sigma': 0.5036294018829817}. Best is trial 26 with value: 0.07499525605481142.
[I 2026-08-17 00:48:32,737] Trial 57 finished with value: 0.08077567788495302 and parameters: {'rho_e': 1.2062065617383623e-05, 'rho_d': 0.00491871886944935, 'nu': 9, 'sigma': 0.540742976760754}. Best is trial 26 with value: 0.07499525605481142.
[I 2026-08-17 00:49:14,655] Trial 58 finished with value: 0.0931932016089935 and parameters: {'rho_e': 0.00026922761125582604, 'rho_d': 3.3483536015403974, 'nu': 15, 'sigma': 0.46419294116197934}. Best is trial 26 with value: 0.07499525605481142.
[I 2026-08-17 00:49:56,918] Trial 59 finished with value: 0.08899252538481053 and parameters: {'rho_e': 0.0004180230040562295, 'rho_d': 0.0080293432375613, 'nu': 9, 'sigma': 0.8474133959671261}. Best is trial 26 with value: 0.07499525605481142.
[I 2026-08-17 00:50:39,152] Trial 60 finished with value: 0.08773404040226186 and parameters: {'rho_e': 0.589700729128972, 'rho_d': 0.28163142246786826, 'nu': 21, 'sigma': 0.9514003827722398}. Best is trial 26 with value: 0.07499525605481142.
[I 2026-08-17 00:51:21,301] Trial 61 finished with value: 0.10192918087732687 and parameters: {'rho_e': 0.054968021979639604, 'rho_d': 440.7147463030633, 'nu': 4, 'sigma': 0.9846976523041496}. Best is trial 26 with value: 0.07499525605481142.
[I 2026-08-17 00:52:03,406] Trial 62 finished with value: 0.09341849454098153 and parameters: {'rho_e': 2.726598761494588e-05, 'rho_d': 377.6857032137641, 'nu': 31, 'sigma': 0.08797637433547147}. Best is trial 26 with value: 0.07499525605481142.
[I 2026-08-17 00:52:45,405] Trial 63 finished with value: 0.07554888816671856 and parameters: {'rho_e': 0.12562298455144785, 'rho_d': 6.332499214741886e-05, 'nu': 5, 'sigma': 0.7813637219857382}. Best is trial 26 with value: 0.07499525605481142.
[I 2026-08-17 00:53:27,556] Trial 64 finished with value: 0.07985234452622547 and parameters: {'rho_e': 0.18142030344388796, 'rho_d': 2.1716515450145203e-05, 'nu': 18, 'sigma': 0.4487600336855717}. Best is trial 26 with value: 0.07499525605481142.
[I 2026-08-17 00:54:09,619] Trial 65 finished with value: 0.0815285953930968 and parameters: {'rho_e': 0.2349945384747991, 'rho_d': 691.4897217341121, 'nu': 31, 'sigma': 0.8518952203160548}. Best is trial 26 with value: 0.07499525605481142.
[I 2026-08-17 00:54:51,710] Trial 66 finished with value: 0.07550426148000539 and parameters: {'rho_e': 3.246702767499522e-05, 'rho_d': 0.0007681605683548452, 'nu': 6, 'sigma': 0.2770482583742728}. Best is trial 26 with value: 0.07499525605481142.
[I 2026-08-17 00:55:33,868] Trial 67 finished with value: 0.10327076561443262 and parameters: {'rho_e': 19.088248943709846, 'rho_d': 0.0001340107418662817, 'nu': 12, 'sigma': 0.1701809606915158}. Best is trial 26 with value: 0.07499525605481142.
[I 2026-08-17 00:56:16,017] Trial 68 finished with value: 0.07997955212325977 and parameters: {'rho_e': 0.6338439291753183, 'rho_d': 5.494058947628885e-05, 'nu': 8, 'sigma': 0.5293218811648563}. Best is trial 26 with value: 0.07499525605481142.
[I 2026-08-17 00:56:58,156] Trial 69 finished with value: 0.08810988496796289 and parameters: {'rho_e': 40.954154106984234, 'rho_d': 0.17338017325692112, 'nu': 10, 'sigma': 0.489933757888093}. Best is trial 26 with value: 0.07499525605481142.
[I 2026-08-17 00:57:40,056] Trial 70 finished with value: 0.0758727434697402 and parameters: {'rho_e': 0.2523506782813784, 'rho_d': 31.510568285073717, 'nu': 33, 'sigma': 0.34714319395982135}. Best is trial 26 with value: 0.07499525605481142.
[I 2026-08-17 00:58:21,755] Trial 71 finished with value: 0.07885683043136935 and parameters: {'rho_e': 0.002930373386470407, 'rho_d': 3.317914597400771e-05, 'nu': 15, 'sigma': 0.6329596331201216}. Best is trial 26 with value: 0.07499525605481142.
[I 2026-08-17 00:59:03,466] Trial 72 finished with value: 0.0872123491149713 and parameters: {'rho_e': 6.601429297169598e-05, 'rho_d': 0.0002602530817699002, 'nu': 10, 'sigma': 0.9786083399861463}. Best is trial 26 with value: 0.07499525605481142.
[I 2026-08-17 00:59:45,203] Trial 73 finished with value: 0.11489082473200582 and parameters: {'rho_e': 150.26339501041664, 'rho_d': 147.5767738266191, 'nu': 16, 'sigma': 0.13512338246700153}. Best is trial 26 with value: 0.07499525605481142.
[I 2026-08-17 01:00:26,905] Trial 74 finished with value: 0.0795457516053677 and parameters: {'rho_e': 0.0035877410590901345, 'rho_d': 2.576553179691004e-05, 'nu': 16, 'sigma': 0.7308223403094861}. Best is trial 26 with value: 0.07499525605481142.
[I 2026-08-17 01:01:08,439] Trial 75 finished with value: 0.09177860806660787 and parameters: {'rho_e': 86.60477995186261, 'rho_d': 0.18303468390561242, 'nu': 24, 'sigma': 0.7510479721089599}. Best is trial 26 with value: 0.07499525605481142.
[I 2026-08-17 01:01:49,737] Trial 76 finished with value: 0.08422381003587356 and parameters: {'rho_e': 0.0001132723107819565, 'rho_d': 0.011169983777198775, 'nu': 25, 'sigma': 0.5751289637607758}. Best is trial 26 with value: 0.07499525605481142.
[I 2026-08-17 01:02:30,952] Trial 77 finished with value: 0.09092422042848833 and parameters: {'rho_e': 0.4844996036517181, 'rho_d': 0.4148539575898805, 'nu': 36, 'sigma': 0.9024820531629737}. Best is trial 26 with value: 0.07499525605481142.
[I 2026-08-17 01:03:12,153] Trial 78 finished with value: 0.07960347323801584 and parameters: {'rho_e': 1.821708082801357e-05, 'rho_d': 0.005972473493478661, 'nu': 13, 'sigma': 0.24793663344365371}. Best is trial 26 with value: 0.07499525605481142.
[I 2026-08-17 01:03:53,349] Trial 79 finished with value: 0.08577595904938379 and parameters: {'rho_e': 0.10718439047337557, 'rho_d': 0.01413294748664834, 'nu': 30, 'sigma': 0.5825243654914019}. Best is trial 26 with value: 0.07499525605481142.
[I 2026-08-17 01:04:34,536] Trial 80 finished with value: 0.0890390942129964 and parameters: {'rho_e': 2.210005167641908e-05, 'rho_d': 0.5546388056023296, 'nu': 18, 'sigma': 0.47803218740238534}. Best is trial 26 with value: 0.07499525605481142.
[I 2026-08-17 01:05:15,750] Trial 81 finished with value: 0.1146360253602324 and parameters: {'rho_e': 102.96197595152874, 'rho_d': 0.07419264172204353, 'nu': 24, 'sigma': 0.010538743582339223}. Best is trial 26 with value: 0.07499525605481142.
[I 2026-08-17 01:05:56,969] Trial 82 finished with value: 0.07638874108476401 and parameters: {'rho_e': 0.022847579467193208, 'rho_d': 1.0828452344232614e-05, 'nu': 27, 'sigma': 0.5303135042774483}. Best is trial 26 with value: 0.07499525605481142.
[I 2026-08-17 01:06:38,208] Trial 83 finished with value: 0.1041534638222365 and parameters: {'rho_e': 10.26433352336269, 'rho_d': 71.19093048176157, 'nu': 21, 'sigma': 0.8207179976064777}. Best is trial 26 with value: 0.07499525605481142.
[I 2026-08-17 01:07:19,445] Trial 84 finished with value: 0.08908997813049342 and parameters: {'rho_e': 0.013723837958967857, 'rho_d': 1.1136642004656445, 'nu': 16, 'sigma': 0.3285556664376412}. Best is trial 26 with value: 0.07499525605481142.
[I 2026-08-17 01:08:00,866] Trial 85 finished with value: 0.09214620014103041 and parameters: {'rho_e': 0.0009105435098633038, 'rho_d': 12.083035376420879, 'nu': 28, 'sigma': 0.33768991108051694}. Best is trial 26 with value: 0.07499525605481142.
[I 2026-08-17 01:08:42,469] Trial 86 finished with value: 0.10719395845923674 and parameters: {'rho_e': 0.0005060859690373761, 'rho_d': 903.9451928588301, 'nu': 6, 'sigma': 0.8612150440049049}. Best is trial 26 with value: 0.07499525605481142.
[I 2026-08-17 01:09:24,271] Trial 87 finished with value: 0.11239964894742364 and parameters: {'rho_e': 21.67076868737965, 'rho_d': 17.31408795432266, 'nu': 25, 'sigma': 0.2297095430176774}. Best is trial 26 with value: 0.07499525605481142.
