[I 2026-08-17 01:10:06,249] Trial 88 finished with value: 0.11353571300634543 and parameters: {'rho_e': 808.8435333665526, 'rho_d': 771.2850774129435, 'nu': 31, 'sigma': 0.254807051353894}. Best is trial 26 with value: 0.07499525605481142.
[I 2026-08-17 01:10:48,155] Trial 89 finished with value: 0.0951012149587028 and parameters: {'rho_e': 633.0253791527543, 'rho_d': 45.455452579488366, 'nu': 20, 'sigma': 0.7096389148598082}. Best is trial 26 with value: 0.07499525605481142.
[I 2026-08-17 01:11:29,837] Trial 90 finished with value: 0.08439799128555145 and parameters: {'rho_e': 1.0011331744014998e-05, 'rho_d': 0.053244906784150864, 'nu': 25, 'sigma': 0.1049856052027563}. Best is trial 26 with value: 0.07499525605481142.
[I 2026-08-17 01:12:11,920] Trial 91 finished with value: 0.08227644340836766 and parameters: {'rho_e': 0.00385361040567208, 'rho_d': 0.027705098919118584, 'nu': 11, 'sigma': 0.20991862069726686}. Best is trial 26 with value: 0.07499525605481142.
[I 2026-08-17 01:12:54,030] Trial 92 finished with value: 0.09832401654445988 and parameters: {'rho_e': 0.005714501227560669, 'rho_d': 116.00960750092175, 'nu': 18, 'sigma': 0.7255281995740358}. Best is trial 26 with value: 0.07499525605481142.
[I 2026-08-17 01:13:36,164] Trial 93 finished with value: 0.09191391475785678 and parameters: {'rho_e': 5.980189857056641, 'rho_d': 0.0002131882014836295, 'nu': 28, 'sigma': 0.7637138866173282}. Best is trial 26 with value: 0.07499525605481142.
[I 2026-08-17 01:14:18,311] Trial 94 finished with value: 0.08773751620069394 and parameters: {'rho_e': 5.5018371884489925, 'rho_d': 0.00982057041012593, 'nu': 8, 'sigma': 0.39470813686024214}. Best is trial 26 with value: 0.07499525605481142.
[I 2026-08-17 01:15:00,415] Trial 95 finished with value: 0.07738541711340943 and parameters: {'rho_e': 0.17280824537937622, 'rho_d': 37.68187082725423, 'nu': 35, 'sigma': 0.2984114598896659}. Best is trial 26 with value: 0.07499525605481142.
[I 2026-08-17 01:15:42,560] Trial 96 finished with value: 0.08736974281274072 and parameters: {'rho_e': 0.033897016078091556, 'rho_d': 164.3378023697618, 'nu': 6, 'sigma': 0.07350512557460892}. Best is trial 26 with value: 0.07499525605481142.
[I 2026-08-17 01:16:24,758] Trial 97 finished with value: 0.0941733318298403 and parameters: {'rho_e': 0.0021604944113239777, 'rho_d': 3.2413808908015533, 'nu': 20, 'sigma': 0.6607180513440737}. Best is trial 26 with value: 0.07499525605481142.
[I 2026-08-17 01:17:06,936] Trial 98 finished with value: 0.08561690146145282 and parameters: {'rho_e': 570.5570546933972, 'rho_d': 10.349660264682885, 'nu': 6, 'sigma': 0.8304150895769256}. Best is trial 26 with value: 0.07499525605481142.
[I 2026-08-17 01:17:49,038] Trial 99 finished with value: 0.07833386642199572 and parameters: {'rho_e': 0.00015533838611531524, 'rho_d': 0.0029907788869589056, 'nu': 30, 'sigma': 0.38017329613222484}. Best is trial 26 with value: 0.07499525605481142.
[I 2026-08-17 01:18:34,154] Trial 100 finished with value: 0.07606036955612683 and parameters: {'rho_e': 0.5703232672397865, 'rho_d': 1000.0, 'nu': 24, 'sigma': 0.38012255203714496}. Best is trial 26 with value: 0.07499525605481142.
[I 2026-08-17 01:19:16,106] Trial 101 finished with value: 0.07724408567761992 and parameters: {'rho_e': 1e-05, 'rho_d': 1e-05, 'nu': 2, 'sigma': 0.06415833245101941}. Best is trial 26 with value: 0.07499525605481142.
[I 2026-08-17 01:19:58,064] Trial 102 finished with value: 0.07211600931604856 and parameters: {'rho_e': 0.04461895057808354, 'rho_d': 0.00011526024103388407, 'nu': 2, 'sigma': 0.6264121618411606}. Best is trial 102 with value: 0.07211600931604856.
[I 2026-08-17 01:20:39,997] Trial 103 finished with value: 0.07905924397137043 and parameters: {'rho_e': 8.320076525149997e-05, 'rho_d': 1e-05, 'nu': 36, 'sigma': 0.0}. Best is trial 102 with value: 0.07211600931604856.
[I 2026-08-17 01:21:21,902] Trial 104 finished with value: 0.07226656484868535 and parameters: {'rho_e': 0.02136408397154746, 'rho_d': 2.0303907512105633e-05, 'nu': 2, 'sigma': 0.4533539815044658}. Best is trial 102 with value: 0.07211600931604856.
[I 2026-08-17 01:22:03,857] Trial 105 finished with value: 0.07171193123145476 and parameters: {'rho_e': 0.02977816056701242, 'rho_d': 6.097193518368563e-05, 'nu': 2, 'sigma': 0.5581603090444155}. Best is trial 105 with value: 0.07171193123145476.
[I 2026-08-17 01:22:45,735] Trial 106 finished with value: 0.07681900533143951 and parameters: {'rho_e': 1e-05, 'rho_d': 1e-05, 'nu': 36, 'sigma': 0.41840845400268417}. Best is trial 105 with value: 0.07171193123145476.
[I 2026-08-17 01:23:27,587] Trial 107 finished with value: 0.07637491812727132 and parameters: {'rho_e': 0.005232579029969892, 'rho_d': 1e-05, 'nu': 2, 'sigma': 0.17208737326994583}. Best is trial 105 with value: 0.07171193123145476.
[I 2026-08-17 01:24:09,320] Trial 108 finished with value: 0.07166743834009386 and parameters: {'rho_e': 0.018222639498977726, 'rho_d': 0.00012684513111309385, 'nu': 2, 'sigma': 0.5109088261435839}. Best is trial 108 with value: 0.07166743834009386.
[I 2026-08-17 01:24:51,154] Trial 109 finished with value: 0.0719171276313134 and parameters: {'rho_e': 0.021226098730323845, 'rho_d': 8.293328461423325e-05, 'nu': 2, 'sigma': 0.6018492466664721}. Best is trial 108 with value: 0.07166743834009386.
[I 2026-08-17 01:25:33,050] Trial 110 finished with value: 0.07961702156070238 and parameters: {'rho_e': 1e-05, 'rho_d': 1e-05, 'nu': 2, 'sigma': 0.5224268593309697}. Best is trial 108 with value: 0.07166743834009386.
[I 2026-08-17 01:26:14,946] Trial 111 finished with value: 0.07814056625734872 and parameters: {'rho_e': 1e-05, 'rho_d': 0.00012944570716427002, 'nu': 36, 'sigma': 0.09983901995605686}. Best is trial 108 with value: 0.07166743834009386.
[I 2026-08-17 01:26:56,865] Trial 112 finished with value: 0.07170320373148137 and parameters: {'rho_e': 0.026787832498833104, 'rho_d': 8.791565032749378e-05, 'nu': 2, 'sigma': 0.50124287503483}. Best is trial 108 with value: 0.07166743834009386.
[I 2026-08-17 01:27:39,158] Trial 113 finished with value: 0.08010644542027795 and parameters: {'rho_e': 0.19720155170399262, 'rho_d': 0.002542680273571612, 'nu': 2, 'sigma': 1.0}. Best is trial 108 with value: 0.07166743834009386.
[I 2026-08-17 01:28:21,499] Trial 114 finished with value: 0.07654781954981099 and parameters: {'rho_e': 1.2766238757881203, 'rho_d': 1000.0, 'nu': 2, 'sigma': 0.3918765619047575}. Best is trial 108 with value: 0.07166743834009386.
[I 2026-08-17 01:29:04,004] Trial 115 finished with value: 0.07908976399583925 and parameters: {'rho_e': 5.999112949965046e-05, 'rho_d': 0.00014403727359727246, 'nu': 2, 'sigma': 0.0}. Best is trial 108 with value: 0.07166743834009386.
[I 2026-08-17 01:29:46,458] Trial 116 finished with value: 0.07785718408542255 and parameters: {'rho_e': 0.033353856355923056, 'rho_d': 1e-05, 'nu': 36, 'sigma': 0.9999999999999999}. Best is trial 108 with value: 0.07166743834009386.
[I 2026-08-17 01:30:28,592] Trial 117 finished with value: 0.07386522908386207 and parameters: {'rho_e': 0.008966799212953467, 'rho_d': 0.00010590824351428966, 'nu': 2, 'sigma': 0.3736146734744153}. Best is trial 108 with value: 0.07166743834009386.
[I 2026-08-17 01:31:10,965] Trial 118 finished with value: 0.0789021879141504 and parameters: {'rho_e': 0.002030036639110902, 'rho_d': 1e-05, 'nu': 36, 'sigma': 0.0}. Best is trial 108 with value: 0.07166743834009386.
[I 2026-08-17 01:31:53,476] Trial 119 finished with value: 0.07173178546837111 and parameters: {'rho_e': 0.02407830373099537, 'rho_d': 0.00028514817700653675, 'nu': 2, 'sigma': 0.5814630203933868}. Best is trial 108 with value: 0.07166743834009386.
[I 2026-08-17 01:32:35,841] Trial 120 finished with value: 0.0720833053755322 and parameters: {'rho_e': 0.02395473378675052, 'rho_d': 0.00012474704311064673, 'nu': 2, 'sigma': 0.5480471426798899}. Best is trial 108 with value: 0.07166743834009386.
[I 2026-08-17 01:33:18,178] Trial 121 finished with value: 0.08016981791038474 and parameters: {'rho_e': 1e-05, 'rho_d': 1e-05, 'nu': 36, 'sigma': 1.0}. Best is trial 108 with value: 0.07166743834009386.
[I 2026-08-17 01:34:00,522] Trial 122 finished with value: 0.07213679295844616 and parameters: {'rho_e': 0.0433445201367893, 'rho_d': 1e-05, 'nu': 2, 'sigma': 0.5527731057838088}. Best is trial 108 with value: 0.07166743834009386.
[I 2026-08-17 01:34:42,985] Trial 123 finished with value: 0.0735663690087933 and parameters: {'rho_e': 0.021094490263775658, 'rho_d': 0.0005429964411138697, 'nu': 2, 'sigma': 0.745835748566839}. Best is trial 108 with value: 0.07166743834009386.
[I 2026-08-17 01:35:25,334] Trial 124 finished with value: 0.07842950984365454 and parameters: {'rho_e': 0.027777614534474814, 'rho_d': 1e-05, 'nu': 2, 'sigma': 1.0}. Best is trial 108 with value: 0.07166743834009386.
[I 2026-08-17 01:36:07,670] Trial 125 finished with value: 0.07441292193351862 and parameters: {'rho_e': 1.0121495914394865, 'rho_d': 1000.0, 'nu': 36, 'sigma': 0.5115407999184601}. Best is trial 108 with value: 0.07166743834009386.
[I 2026-08-17 01:36:49,944] Trial 126 finished with value: 0.07216843637383455 and parameters: {'rho_e': 0.03873436857169197, 'rho_d': 3.9836831825097995e-05, 'nu': 2, 'sigma': 0.5175518632727367}. Best is trial 108 with value: 0.07166743834009386.
[I 2026-08-17 01:37:31,135] Trial 127 finished with value: 0.07634539302997424 and parameters: {'rho_e': 0.041203879747698804, 'rho_d': 1e-05, 'nu': 2, 'sigma': 0.3529462920264625}. Best is trial 108 with value: 0.07166743834009386.
[I 2026-08-17 01:38:12,579] Trial 128 finished with value: 0.07180775932046947 and parameters: {'rho_e': 0.021744827022577472, 'rho_d': 1e-05, 'nu': 2, 'sigma': 0.5717252724933419}. Best is trial 108 with value: 0.07166743834009386.
[I 2026-08-17 01:38:54,013] Trial 129 finished with value: 0.07154288953279989 and parameters: {'rho_e': 0.023476725903858405, 'rho_d': 2.9615579825449017e-05, 'nu': 2, 'sigma': 0.5500409662451116}. Best is trial 129 with value: 0.07154288953279989.
[I 2026-08-17 01:39:35,473] Trial 130 finished with value: 0.07577354206854892 and parameters: {'rho_e': 0.0005795551553324095, 'rho_d': 1e-05, 'nu': 2, 'sigma': 0.20604781988013238}. Best is trial 129 with value: 0.07154288953279989.
[I 2026-08-17 01:40:16,863] Trial 131 finished with value: 0.07559142286949234 and parameters: {'rho_e': 0.22402409322772973, 'rho_d': 184.26897633274277, 'nu': 36, 'sigma': 0.5473229334510651}. Best is trial 129 with value: 0.07154288953279989.
[I 2026-08-17 01:40:58,262] Trial 132 finished with value: 0.07716355209525365 and parameters: {'rho_e': 0.0005652217555663793, 'rho_d': 1e-05, 'nu': 36, 'sigma': 0.30236098484095364}. Best is trial 129 with value: 0.07154288953279989.
[I 2026-08-17 01:41:39,700] Trial 133 finished with value: 0.07164378235091472 and parameters: {'rho_e': 0.026947892350850388, 'rho_d': 2.3037511201571305e-05, 'nu': 2, 'sigma': 0.5720778270337603}. Best is trial 129 with value: 0.07154288953279989.
[I 2026-08-17 01:42:21,292] Trial 134 finished with value: 0.07583388892539673 and parameters: {'rho_e': 1e-05, 'rho_d': 0.00018498960378351867, 'nu': 2, 'sigma': 0.2620249372774197}. Best is trial 129 with value: 0.07154288953279989.
[I 2026-08-17 01:43:03,020] Trial 135 finished with value: 0.07687719310337326 and parameters: {'rho_e': 1e-05, 'rho_d': 0.0004862707002249853, 'nu': 36, 'sigma': 0.48875730179810634}. Best is trial 129 with value: 0.07154288953279989.
[I 2026-08-17 01:43:44,841] Trial 136 finished with value: 0.07174785944534236 and parameters: {'rho_e': 0.01927759054976501, 'rho_d': 3.522933366599586e-05, 'nu': 2, 'sigma': 0.5317422912868237}. Best is trial 129 with value: 0.07154288953279989.
[I 2026-08-17 01:44:26,325] Trial 137 finished with value: 0.08671982576940851 and parameters: {'rho_e': 1000.0, 'rho_d': 1e-05, 'nu': 2, 'sigma': 0.9999999999999999}. Best is trial 129 with value: 0.07154288953279989.
[I 2026-08-17 01:45:07,740] Trial 138 finished with value: 0.07222321447454996 and parameters: {'rho_e': 0.034063866480956974, 'rho_d': 1e-05, 'nu': 2, 'sigma': 0.6513136596334322}. Best is trial 129 with value: 0.07154288953279989.
[I 2026-08-17 01:45:49,292] Trial 139 finished with value: 0.07550838994721855 and parameters: {'rho_e': 0.21692124061579343, 'rho_d': 13.397712273136992, 'nu': 2, 'sigma': 0.32910267399206394}. Best is trial 129 with value: 0.07154288953279989.
[I 2026-08-17 01:46:30,869] Trial 140 finished with value: 0.08663153162516375 and parameters: {'rho_e': 53.91232695638068, 'rho_d': 0.009750731473067237, 'nu': 2, 'sigma': 1.0}. Best is trial 129 with value: 0.07154288953279989.
[I 2026-08-17 01:47:12,290] Trial 141 finished with value: 0.08016657456274753 and parameters: {'rho_e': 0.0003532026945824802, 'rho_d': 1e-05, 'nu': 36, 'sigma': 1.0}. Best is trial 129 with value: 0.07154288953279989.
[I 2026-08-17 01:47:53,801] Trial 142 finished with value: 0.07210912976067924 and parameters: {'rho_e': 0.04671872955234329, 'rho_d': 0.0009459170864911256, 'nu': 2, 'sigma': 0.6274974536825573}. Best is trial 129 with value: 0.07154288953279989.
[I 2026-08-17 01:48:35,186] Trial 143 finished with value: 0.07234040650338061 and parameters: {'rho_e': 0.019391161670938482, 'rho_d': 0.0011074815098791602, 'nu': 2, 'sigma': 0.537004420812861}. Best is trial 129 with value: 0.07154288953279989.
[I 2026-08-17 01:49:16,666] Trial 144 finished with value: 0.07166553016052224 and parameters: {'rho_e': 0.02615814511255209, 'rho_d': 2.0650741430043327e-05, 'nu': 2, 'sigma': 0.5541149687567598}. Best is trial 129 with value: 0.07154288953279989.
[I 2026-08-17 01:49:58,166] Trial 145 finished with value: 0.07696386135189626 and parameters: {'rho_e': 0.02065002040791957, 'rho_d': 0.0008918470456437813, 'nu': 36, 'sigma': 1.0}. Best is trial 129 with value: 0.07154288953279989.
[I 2026-08-17 01:50:39,541] Trial 146 finished with value: 0.07861487635033235 and parameters: {'rho_e': 0.00033855983815058273, 'rho_d': 0.0004874886880618858, 'nu': 36, 'sigma': 0.044864606034606826}. Best is trial 129 with value: 0.07154288953279989.
[I 2026-08-17 01:51:20,931] Trial 147 finished with value: 0.07567989468235761 and parameters: {'rho_e': 4.293398712692617e-05, 'rho_d': 1e-05, 'nu': 2, 'sigma': 0.23450114119951165}. Best is trial 129 with value: 0.07154288953279989.
[I 2026-08-17 01:52:03,395] Trial 148 finished with value: 0.07903194153822687 and parameters: {'rho_e': 0.0009485095138408317, 'rho_d': 1e-05, 'nu': 2, 'sigma': 0.0}. Best is trial 129 with value: 0.07154288953279989.
[I 2026-08-17 01:52:45,527] Trial 149 finished with value: 0.07591865348229787 and parameters: {'rho_e': 0.0002578111593568781, 'rho_d': 0.0007323377765734538, 'nu': 2, 'sigma': 0.2828118115572434}. Best is trial 129 with value: 0.07154288953279989.
[I 2026-08-17 01:53:27,939] Trial 150 finished with value: 0.07188488109835316 and parameters: {'rho_e': 0.02533450778286087, 'rho_d': 2.290065319881402e-05, 'nu': 2, 'sigma': 0.5507257645693312}. Best is trial 129 with value: 0.07154288953279989.
[I 2026-08-17 01:54:10,388] Trial 151 finished with value: 0.07244564772690154 and parameters: {'rho_e': 0.03453579873074313, 'rho_d': 0.0004210955868567166, 'nu': 2, 'sigma': 0.5460117617096749}. Best is trial 129 with value: 0.07154288953279989.
[I 2026-08-17 01:54:52,877] Trial 152 finished with value: 0.07166421900677812 and parameters: {'rho_e': 0.018752515636804412, 'rho_d': 5.480898085133155e-05, 'nu': 2, 'sigma': 0.5225452975487439}. Best is trial 129 with value: 0.07154288953279989.
[I 2026-08-17 01:55:35,315] Trial 153 finished with value: 0.0759444212284334 and parameters: {'rho_e': 0.06775418306866396, 'rho_d': 0.004888278201145301, 'nu': 2, 'sigma': 0.7303158674450816}. Best is trial 129 with value: 0.07154288953279989.
[I 2026-08-17 01:56:17,747] Trial 154 finished with value: 0.07938894798056337 and parameters: {'rho_e': 0.2566540846332198, 'rho_d': 22.74499373698362, 'nu': 2, 'sigma': 0.0}. Best is trial 129 with value: 0.07154288953279989.
[I 2026-08-17 01:57:00,137] Trial 155 finished with value: 0.07281732461761467 and parameters: {'rho_e': 0.012920801365274534, 'rho_d': 0.0003298339914385076, 'nu': 2, 'sigma': 0.5540406681460776}. Best is trial 129 with value: 0.07154288953279989.
[I 2026-08-17 01:57:42,539] Trial 156 finished with value: 0.0864555380267593 and parameters: {'rho_e': 14.796774344786769, 'rho_d': 1e-05, 'nu': 2, 'sigma': 1.0}. Best is trial 129 with value: 0.07154288953279989.
[I 2026-08-17 01:58:25,125] Trial 157 finished with value: 0.07202200853987287 and parameters: {'rho_e': 0.022906850734448078, 'rho_d': 4.776702534058022e-05, 'nu': 2, 'sigma': 0.533258294186021}. Best is trial 129 with value: 0.07154288953279989.
[I 2026-08-17 01:59:07,615] Trial 158 finished with value: 0.07467872731331288 and parameters: {'rho_e': 1.3334839989424605, 'rho_d': 1000.0, 'nu': 36, 'sigma': 0.2934903666399381}. Best is trial 129 with value: 0.07154288953279989.
[I 2026-08-17 01:59:50,021] Trial 159 finished with value: 0.07988284311873795 and parameters: {'rho_e': 0.0003872051015346456, 'rho_d': 1e-05, 'nu': 2, 'sigma': 0.5498818649083441}. Best is trial 129 with value: 0.07154288953279989.
[I 2026-08-17 02:00:32,519] Trial 160 finished with value: 0.07993809767534725 and parameters: {'rho_e': 0.17177489715567001, 'rho_d': 0.00026354124315628537, 'nu': 36, 'sigma': 1.0}. Best is trial 129 with value: 0.07154288953279989.
[I 2026-08-17 02:01:14,867] Trial 161 finished with value: 0.07392918763891639 and parameters: {'rho_e': 0.007988519317057172, 'rho_d': 1.4439811942108601e-05, 'nu': 2, 'sigma': 0.44680643919855356}. Best is trial 129 with value: 0.07154288953279989.
[I 2026-08-17 02:01:57,347] Trial 162 finished with value: 0.09811273733124762 and parameters: {'rho_e': 1000.0, 'rho_d': 1000.0, 'nu': 2, 'sigma': 1.0}. Best is trial 129 with value: 0.07154288953279989.
[I 2026-08-17 02:02:39,703] Trial 163 finished with value: 0.08345983982703582 and parameters: {'rho_e': 1000.0, 'rho_d': 0.17443686169743547, 'nu': 2, 'sigma': 0.5912548674636513}. Best is trial 129 with value: 0.07154288953279989.
[I 2026-08-17 02:03:22,036] Trial 164 finished with value: 0.07331004099664515 and parameters: {'rho_e': 0.08114947716543253, 'rho_d': 0.00030860366399010434, 'nu': 2, 'sigma': 0.6366932240245397}. Best is trial 129 with value: 0.07154288953279989.
[I 2026-08-17 02:04:04,298] Trial 165 finished with value: 0.07254862930006178 and parameters: {'rho_e': 0.030201875647393534, 'rho_d': 0.0003282768444373718, 'nu': 9, 'sigma': 0.6388596608351672}. Best is trial 129 with value: 0.07154288953279989.
[I 2026-08-17 02:04:46,567] Trial 166 finished with value: 0.07168326221498286 and parameters: {'rho_e': 0.030604114137764777, 'rho_d': 2.6481213284342444e-05, 'nu': 2, 'sigma': 0.5883951641251582}. Best is trial 129 with value: 0.07154288953279989.
[I 2026-08-17 02:05:28,916] Trial 167 finished with value: 0.07181617717935275 and parameters: {'rho_e': 0.030152108127970114, 'rho_d': 0.0005382178085101562, 'nu': 2, 'sigma': 0.6284484014045516}. Best is trial 129 with value: 0.07154288953279989.
[I 2026-08-17 02:06:11,197] Trial 168 finished with value: 0.07526728387527183 and parameters: {'rho_e': 0.0014965140407392729, 'rho_d': 0.00010761468750710604, 'nu': 2, 'sigma': 0.27300978442518453}. Best is trial 129 with value: 0.07154288953279989.
[I 2026-08-17 02:06:53,406] Trial 169 finished with value: 0.0772004187099354 and parameters: {'rho_e': 3.7766284814509634e-05, 'rho_d': 0.00014864151171872097, 'nu': 36, 'sigma': 0.267884380935595}. Best is trial 129 with value: 0.07154288953279989.
[I 2026-08-17 02:07:35,724] Trial 170 finished with value: 0.07692034318747919 and parameters: {'rho_e': 0.7337163050327351, 'rho_d': 1000.0, 'nu': 2, 'sigma': 0.0}. Best is trial 129 with value: 0.07154288953279989.
[I 2026-08-17 02:08:18,142] Trial 171 finished with value: 0.07636739620858274 and parameters: {'rho_e': 0.8276207838362554, 'rho_d': 119.67940088986872, 'nu': 2, 'sigma': 0.24396306991977193}. Best is trial 129 with value: 0.07154288953279989.
[I 2026-08-17 02:09:00,616] Trial 172 finished with value: 0.07843894073580657 and parameters: {'rho_e': 4.328971689388422e-05, 'rho_d': 1e-05, 'nu': 36, 'sigma': 0.6986452602258595}. Best is trial 129 with value: 0.07154288953279989.
[I 2026-08-17 02:09:42,737] Trial 173 finished with value: 0.0715051976915598 and parameters: {'rho_e': 0.026777818808607804, 'rho_d': 1e-05, 'nu': 2, 'sigma': 0.5573073415570048}. Best is trial 173 with value: 0.0715051976915598.
[I 2026-08-17 02:10:24,829] Trial 174 finished with value: 0.07161201383885013 and parameters: {'rho_e': 0.026724662693361705, 'rho_d': 1e-05, 'nu': 2, 'sigma': 0.5554173874153464}. Best is trial 173 with value: 0.0715051976915598.
[I 2026-08-17 02:11:06,824] Trial 175 finished with value: 0.07176717682116626 and parameters: {'rho_e': 0.02696401057937587, 'rho_d': 1e-05, 'nu': 2, 'sigma': 0.5563240430104097}. Best is trial 173 with value: 0.0715051976915598.
[I 2026-08-17 02:11:48,894] Trial 176 finished with value: 0.08032523002801106 and parameters: {'rho_e': 1e-05, 'rho_d': 0.001535841586020807, 'nu': 36, 'sigma': 1.0}. Best is trial 173 with value: 0.0715051976915598.
[I 2026-08-17 02:12:31,025] Trial 177 finished with value: 0.07197108637119005 and parameters: {'rho_e': 0.029570439592311416, 'rho_d': 1.2093602279224092e-05, 'nu': 7, 'sigma': 0.5871433508301706}. Best is trial 173 with value: 0.0715051976915598.
[I 2026-08-17 02:13:12,953] Trial 178 finished with value: 0.0715051976915598 and parameters: {'rho_e': 0.026777818808607804, 'rho_d': 1e-05, 'nu': 2, 'sigma': 0.5573073415570048}. Best is trial 173 with value: 0.0715051976915598.
[I 2026-08-17 02:13:55,038] Trial 179 finished with value: 0.07872224476869029 and parameters: {'rho_e': 0.37983971807080197, 'rho_d': 1000.0, 'nu': 36, 'sigma': 0.0}. Best is trial 173 with value: 0.0715051976915598.
