/home/gterren/dynamic_update/functional_forecast_dynamic_update/scripts/validate_zone_ffc_mpi.py:673: ExperimentalWarning: GPSampler is experimental (supported from v3.6.0). The interface can change in the future.
  sampler=GPSampler(seed=SEED, n_startup_trials=0)
[I 2026-08-16 11:29:17,273] A new study created in memory with name: no-name-70aee97a-ff21-4533-859d-28ca9b57906a
[I 2026-08-16 11:29:51,841] Trial 0 finished with value: 0.10301206537207486 and parameters: {'rho_e': 5.247681245641926, 'rho_d': 0.0006125078384803686, 'nu': 29, 'sigma': 0.3795701963755878}. Best is trial 0 with value: 0.10301206537207486.
[I 2026-08-16 11:30:25,888] Trial 1 finished with value: 0.11006621277576445 and parameters: {'rho_e': 1.1168655667755443e-05, 'rho_d': 27.27529060935579, 'nu': 7, 'sigma': 0.9848847747229966}. Best is trial 0 with value: 0.10301206537207486.
[I 2026-08-16 11:30:59,752] Trial 2 finished with value: 0.07459102767618903 and parameters: {'rho_e': 0.028592057169474067, 'rho_d': 2.0676146559541318e-05, 'nu': 24, 'sigma': 0.02896676626850926}. Best is trial 2 with value: 0.07459102767618903.
[I 2026-08-16 11:31:32,502] Trial 3 finished with value: 0.08663069206048897 and parameters: {'rho_e': 0.7479111353598896, 'rho_d': 0.20326502899529134, 'nu': 17, 'sigma': 0.5834774192105489}. Best is trial 2 with value: 0.07459102767618903.
[I 2026-08-16 11:32:04,771] Trial 4 finished with value: 0.09700935843124779 and parameters: {'rho_e': 231.80424018888363, 'rho_d': 0.005218081939306516, 'nu': 28, 'sigma': 0.6033532862982331}. Best is trial 2 with value: 0.07459102767618903.
[I 2026-08-16 11:32:37,943] Trial 5 finished with value: 0.08064882293805303 and parameters: {'rho_e': 0.0009807086411315613, 'rho_d': 0.022784337771851695, 'nu': 21, 'sigma': 0.08403766638211563}. Best is trial 2 with value: 0.07459102767618903.
[I 2026-08-16 11:33:12,152] Trial 6 finished with value: 0.0784062273448079 and parameters: {'rho_e': 0.036005368274231446, 'rho_d': 4.1916385549526356e-05, 'nu': 24, 'sigma': 0.5067692596436605}. Best is trial 2 with value: 0.07459102767618903.
[I 2026-08-16 11:33:46,189] Trial 7 finished with value: 0.08972781863716739 and parameters: {'rho_e': 0.00026518004093903645, 'rho_d': 0.23164412027334574, 'nu': 34, 'sigma': 0.7240641925210752}. Best is trial 2 with value: 0.07459102767618903.
[I 2026-08-16 11:34:20,123] Trial 8 finished with value: 0.0908640827518301 and parameters: {'rho_e': 0.27725636951893434, 'rho_d': 0.00010319877183866505, 'nu': 17, 'sigma': 0.9152240755069856}. Best is trial 2 with value: 0.07459102767618903.
[I 2026-08-16 11:34:53,631] Trial 9 finished with value: 0.08786909985492707 and parameters: {'rho_e': 0.01423166587603266, 'rho_d': 0.00011529344411553688, 'nu': 20, 'sigma': 0.9280204851159674}. Best is trial 2 with value: 0.07459102767618903.
[I 2026-08-16 11:35:27,010] Trial 10 finished with value: 0.08569405327888252 and parameters: {'rho_e': 0.022032508530684204, 'rho_d': 0.4284717545071544, 'nu': 22, 'sigma': 0.3349870907962873}. Best is trial 2 with value: 0.07459102767618903.
[I 2026-08-16 11:36:00,969] Trial 11 finished with value: 0.09417006880464199 and parameters: {'rho_e': 795.5571493780449, 'rho_d': 0.043915784149457515, 'nu': 21, 'sigma': 0.8652698130290851}. Best is trial 2 with value: 0.07459102767618903.
[I 2026-08-16 11:36:33,592] Trial 12 finished with value: 0.09977642215066618 and parameters: {'rho_e': 100.11456606005416, 'rho_d': 0.2874155831385556, 'nu': 36, 'sigma': 0.6578018459999071}. Best is trial 2 with value: 0.07459102767618903.
[I 2026-08-16 11:37:06,010] Trial 13 finished with value: 0.09902296334959604 and parameters: {'rho_e': 1.8134375510868903, 'rho_d': 2.559477715928666e-05, 'nu': 12, 'sigma': 0.30657608164097483}. Best is trial 2 with value: 0.07459102767618903.
[I 2026-08-16 11:37:38,478] Trial 14 finished with value: 0.09490806110983968 and parameters: {'rho_e': 2.222290554011899e-05, 'rho_d': 83.21587806792193, 'nu': 16, 'sigma': 0.1855001582871715}. Best is trial 2 with value: 0.07459102767618903.
[I 2026-08-16 11:38:12,773] Trial 15 finished with value: 0.09472778391263348 and parameters: {'rho_e': 13.633504765968414, 'rho_d': 0.05044240784110283, 'nu': 27, 'sigma': 0.6496820521728937}. Best is trial 2 with value: 0.07459102767618903.
[I 2026-08-16 11:38:46,512] Trial 16 finished with value: 0.08990652562602561 and parameters: {'rho_e': 3.6196093592116867, 'rho_d': 3.0755560961550574, 'nu': 26, 'sigma': 0.9013482074062696}. Best is trial 2 with value: 0.07459102767618903.
[I 2026-08-16 11:39:20,009] Trial 17 finished with value: 0.09684450581998974 and parameters: {'rho_e': 36.28800484925105, 'rho_d': 0.002353591384247565, 'nu': 31, 'sigma': 0.6611477877746437}. Best is trial 2 with value: 0.07459102767618903.
[I 2026-08-16 11:39:52,199] Trial 18 finished with value: 0.09551462883855111 and parameters: {'rho_e': 0.00922108093433046, 'rho_d': 2.5576579082867354, 'nu': 32, 'sigma': 0.9333397295805703}. Best is trial 2 with value: 0.07459102767618903.
[I 2026-08-16 11:40:24,594] Trial 19 finished with value: 0.09278385719222733 and parameters: {'rho_e': 0.012963656078688183, 'rho_d': 3.975488321663502, 'nu': 19, 'sigma': 0.14401367247559793}. Best is trial 2 with value: 0.07459102767618903.
[I 2026-08-16 11:40:56,966] Trial 20 finished with value: 0.07519628058946634 and parameters: {'rho_e': 0.08508849505942263, 'rho_d': 0.0004657746427047275, 'nu': 3, 'sigma': 0.3834852211237792}. Best is trial 2 with value: 0.07459102767618903.
[I 2026-08-16 11:41:30,116] Trial 21 finished with value: 0.08173844022762988 and parameters: {'rho_e': 213.17386886907664, 'rho_d': 1.0419418059297488e-05, 'nu': 5, 'sigma': 0.8279037871360151}. Best is trial 2 with value: 0.07459102767618903.
[I 2026-08-16 11:42:03,940] Trial 22 finished with value: 0.11313654765619126 and parameters: {'rho_e': 27.25890883737297, 'rho_d': 2.3974230056991935e-05, 'nu': 34, 'sigma': 0.19161085064663394}. Best is trial 2 with value: 0.07459102767618903.
[I 2026-08-16 11:42:36,961] Trial 23 finished with value: 0.09039441660382086 and parameters: {'rho_e': 483.9361161393797, 'rho_d': 0.5835716528813517, 'nu': 11, 'sigma': 0.5500663547012238}. Best is trial 2 with value: 0.07459102767618903.
[I 2026-08-16 11:43:08,568] Trial 24 finished with value: 0.08372640999674438 and parameters: {'rho_e': 16.36533718821968, 'rho_d': 0.0011749515767803334, 'nu': 7, 'sigma': 0.8852864794112243}. Best is trial 2 with value: 0.07459102767618903.
[I 2026-08-16 11:43:39,562] Trial 25 finished with value: 0.09902778601909021 and parameters: {'rho_e': 66.69123804971512, 'rho_d': 0.0018912956298194855, 'nu': 19, 'sigma': 0.3962667004532965}. Best is trial 2 with value: 0.07459102767618903.
[I 2026-08-16 11:44:12,304] Trial 26 finished with value: 0.09568848128112001 and parameters: {'rho_e': 6.111381769147065e-05, 'rho_d': 947.1137140159173, 'nu': 15, 'sigma': 0.16647968493166312}. Best is trial 2 with value: 0.07459102767618903.
[I 2026-08-16 11:44:46,422] Trial 27 finished with value: 0.0835174256320787 and parameters: {'rho_e': 0.16876640503802764, 'rho_d': 178.70319952648444, 'nu': 14, 'sigma': 0.264334174991917}. Best is trial 2 with value: 0.07459102767618903.
[I 2026-08-16 11:45:18,353] Trial 28 finished with value: 0.07921858905781304 and parameters: {'rho_e': 0.0006430551561949669, 'rho_d': 0.008108540907046644, 'nu': 8, 'sigma': 0.011643309872168639}. Best is trial 2 with value: 0.07459102767618903.
[I 2026-08-16 11:45:50,209] Trial 29 finished with value: 0.08566581882134927 and parameters: {'rho_e': 20.68549399809872, 'rho_d': 6.208493606697881e-05, 'nu': 6, 'sigma': 0.49297810302888506}. Best is trial 2 with value: 0.07459102767618903.
[I 2026-08-16 11:46:23,057] Trial 30 finished with value: 0.09083628861187151 and parameters: {'rho_e': 0.5503008761489823, 'rho_d': 0.00035460685438498674, 'nu': 12, 'sigma': 0.5927337512843323}. Best is trial 2 with value: 0.07459102767618903.
[I 2026-08-16 11:46:55,835] Trial 31 finished with value: 0.09032147902664626 and parameters: {'rho_e': 2.407237909130099, 'rho_d': 1.227917596884686, 'nu': 29, 'sigma': 0.6269036603608881}. Best is trial 2 with value: 0.07459102767618903.
[I 2026-08-16 11:47:29,043] Trial 32 finished with value: 0.09203282042238303 and parameters: {'rho_e': 0.1261435470443532, 'rho_d': 9.309796040045958, 'nu': 10, 'sigma': 0.9445670996269848}. Best is trial 2 with value: 0.07459102767618903.
[I 2026-08-16 11:48:02,209] Trial 33 finished with value: 0.10036421709578734 and parameters: {'rho_e': 0.0030617796127663565, 'rho_d': 18.48684316064251, 'nu': 12, 'sigma': 0.7862661790666224}. Best is trial 2 with value: 0.07459102767618903.
[I 2026-08-16 11:48:33,746] Trial 34 finished with value: 0.09037268749887557 and parameters: {'rho_e': 0.0002981602491602183, 'rho_d': 0.1568097215073345, 'nu': 26, 'sigma': 0.6830531346985167}. Best is trial 2 with value: 0.07459102767618903.
[I 2026-08-16 11:49:04,936] Trial 35 finished with value: 0.09432056380499758 and parameters: {'rho_e': 7.122639000162669, 'rho_d': 0.0002485141785324131, 'nu': 25, 'sigma': 0.7552634073760089}. Best is trial 2 with value: 0.07459102767618903.
[I 2026-08-16 11:49:37,796] Trial 36 finished with value: 0.1010905781507674 and parameters: {'rho_e': 6.070887616647406, 'rho_d': 8.073077894538509e-05, 'nu': 23, 'sigma': 0.3698869968472051}. Best is trial 2 with value: 0.07459102767618903.
[I 2026-08-16 11:50:11,484] Trial 37 finished with value: 0.10420968474397321 and parameters: {'rho_e': 0.0017704513801971057, 'rho_d': 13.819627874017986, 'nu': 9, 'sigma': 0.8788896774908486}. Best is trial 2 with value: 0.07459102767618903.
[I 2026-08-16 11:50:45,462] Trial 38 finished with value: 0.08450808572450752 and parameters: {'rho_e': 0.0004493563739316998, 'rho_d': 1.3278934547351234e-05, 'nu': 27, 'sigma': 0.7364559240056235}. Best is trial 2 with value: 0.07459102767618903.
[I 2026-08-16 11:51:19,300] Trial 39 finished with value: 0.0928679924256453 and parameters: {'rho_e': 0.18500597043299424, 'rho_d': 0.011208642176318732, 'nu': 23, 'sigma': 0.10422088083378028}. Best is trial 2 with value: 0.07459102767618903.
[I 2026-08-16 11:51:52,294] Trial 40 finished with value: 0.08391295197207083 and parameters: {'rho_e': 0.004295152831629358, 'rho_d': 0.015474971618419537, 'nu': 30, 'sigma': 0.6913034118900789}. Best is trial 2 with value: 0.07459102767618903.
[I 2026-08-16 11:52:23,401] Trial 41 finished with value: 0.10433183689890008 and parameters: {'rho_e': 123.35097072962604, 'rho_d': 0.0009696360751368713, 'nu': 18, 'sigma': 0.2715262684703847}. Best is trial 2 with value: 0.07459102767618903.
[I 2026-08-16 11:52:55,803] Trial 42 finished with value: 0.09659948766411386 and parameters: {'rho_e': 0.39205772204033107, 'rho_d': 0.03732022931578132, 'nu': 13, 'sigma': 0.11969271619988292}. Best is trial 2 with value: 0.07459102767618903.
[I 2026-08-16 11:53:28,796] Trial 43 finished with value: 0.09470450293903623 and parameters: {'rho_e': 2.7876453726277834e-05, 'rho_d': 6.501723024785589, 'nu': 30, 'sigma': 0.4282965502231063}. Best is trial 2 with value: 0.07459102767618903.
[I 2026-08-16 11:54:02,807] Trial 44 finished with value: 0.08425355282129574 and parameters: {'rho_e': 5.177934130100721e-05, 'rho_d': 0.00019615740582785326, 'nu': 21, 'sigma': 0.6192343287221345}. Best is trial 2 with value: 0.07459102767618903.
[I 2026-08-16 11:54:36,778] Trial 45 finished with value: 0.08187608172334748 and parameters: {'rho_e': 0.06714476444609983, 'rho_d': 7.423622674594495e-05, 'nu': 33, 'sigma': 0.7938775919321376}. Best is trial 2 with value: 0.07459102767618903.
[I 2026-08-16 11:55:10,036] Trial 46 finished with value: 0.09948830158000278 and parameters: {'rho_e': 295.11143897500244, 'rho_d': 7.349589040830128, 'nu': 14, 'sigma': 0.34317320396711304}. Best is trial 2 with value: 0.07459102767618903.
[I 2026-08-16 11:55:43,428] Trial 47 finished with value: 0.09368797294964425 and parameters: {'rho_e': 0.007707150718902386, 'rho_d': 4.618481181283435, 'nu': 20, 'sigma': 0.35084462486805973}. Best is trial 2 with value: 0.07459102767618903.
[I 2026-08-16 11:56:17,057] Trial 48 finished with value: 0.10166056021431877 and parameters: {'rho_e': 23.774349908511628, 'rho_d': 128.72530987220983, 'nu': 10, 'sigma': 0.062057220775538185}. Best is trial 2 with value: 0.07459102767618903.
[I 2026-08-16 11:56:49,699] Trial 49 finished with value: 0.07685621482737535 and parameters: {'rho_e': 4.146337585367703e-05, 'rho_d': 0.0016538038645537794, 'nu': 10, 'sigma': 0.03425434792008899}. Best is trial 2 with value: 0.07459102767618903.
[I 2026-08-16 11:57:22,343] Trial 50 finished with value: 0.10945842153996552 and parameters: {'rho_e': 982.0080085407459, 'rho_d': 3.359663983511556e-05, 'nu': 32, 'sigma': 0.282647647380397}. Best is trial 2 with value: 0.07459102767618903.
[I 2026-08-16 11:57:55,070] Trial 51 finished with value: 0.09479778302637938 and parameters: {'rho_e': 0.026858998583020113, 'rho_d': 578.96759383322, 'nu': 19, 'sigma': 0.436068292006836}. Best is trial 2 with value: 0.07459102767618903.
[I 2026-08-16 11:58:28,932] Trial 52 finished with value: 0.10191622461989211 and parameters: {'rho_e': 0.0007390312563054468, 'rho_d': 54.80623493350293, 'nu': 8, 'sigma': 0.6336826753172522}. Best is trial 2 with value: 0.07459102767618903.
[I 2026-08-16 11:59:03,154] Trial 53 finished with value: 0.07751883642384119 and parameters: {'rho_e': 1.2834130997588183e-05, 'rho_d': 0.005428408638175941, 'nu': 15, 'sigma': 0.04722360523370885}. Best is trial 2 with value: 0.07459102767618903.
[I 2026-08-16 11:59:35,911] Trial 54 finished with value: 0.09455277998579273 and parameters: {'rho_e': 0.002711666077154057, 'rho_d': 5.4536792920918815, 'nu': 32, 'sigma': 0.2485425681637083}. Best is trial 2 with value: 0.07459102767618903.
[I 2026-08-16 12:00:09,379] Trial 55 finished with value: 0.08817277850986567 and parameters: {'rho_e': 11.938095005330396, 'rho_d': 0.3613491675476328, 'nu': 3, 'sigma': 0.4189681041237941}. Best is trial 2 with value: 0.07459102767618903.
[I 2026-08-16 12:00:42,469] Trial 56 finished with value: 0.0917188016946934 and parameters: {'rho_e': 156.46175254268005, 'rho_d': 701.9322158156243, 'nu': 34, 'sigma': 0.529398900038353}. Best is trial 2 with value: 0.07459102767618903.
[I 2026-08-16 12:01:14,799] Trial 57 finished with value: 0.07485210650698429 and parameters: {'rho_e': 0.00011954257909016131, 'rho_d': 0.0012040981904281978, 'nu': 6, 'sigma': 0.20657955901598601}. Best is trial 2 with value: 0.07459102767618903.
[I 2026-08-16 12:01:47,609] Trial 58 finished with value: 0.08360251066284521 and parameters: {'rho_e': 0.041636500441514575, 'rho_d': 0.0026017057622005997, 'nu': 31, 'sigma': 0.974037700044028}. Best is trial 2 with value: 0.07459102767618903.
[I 2026-08-16 12:02:20,254] Trial 59 finished with value: 0.0806572844875806 and parameters: {'rho_e': 9.380510951948738, 'rho_d': 545.2695053982503, 'nu': 33, 'sigma': 0.05325119026758321}. Best is trial 2 with value: 0.07459102767618903.
[I 2026-08-16 12:02:54,105] Trial 60 finished with value: 0.08213566273186443 and parameters: {'rho_e': 1.5503787627960501, 'rho_d': 66.57300774748441, 'nu': 13, 'sigma': 0.8408968542008819}. Best is trial 2 with value: 0.07459102767618903.
[I 2026-08-16 12:03:27,114] Trial 61 finished with value: 0.0861944208522244 and parameters: {'rho_e': 1.1777051813132993, 'rho_d': 0.710602600325068, 'nu': 6, 'sigma': 0.8393784290499045}. Best is trial 2 with value: 0.07459102767618903.
[I 2026-08-16 12:03:59,475] Trial 62 finished with value: 0.09452069989632408 and parameters: {'rho_e': 360.911278032988, 'rho_d': 0.11287917489438408, 'nu': 20, 'sigma': 0.7453575459231517}. Best is trial 2 with value: 0.07459102767618903.
[I 2026-08-16 12:04:32,511] Trial 63 finished with value: 0.09622942655271242 and parameters: {'rho_e': 0.07703627845703925, 'rho_d': 369.0045226778142, 'nu': 5, 'sigma': 0.535987151294908}. Best is trial 2 with value: 0.07459102767618903.
[I 2026-08-16 12:05:04,982] Trial 64 finished with value: 0.08190361559280918 and parameters: {'rho_e': 3.612676234509068e-05, 'rho_d': 0.07257239479288269, 'nu': 9, 'sigma': 0.3251282757455044}. Best is trial 2 with value: 0.07459102767618903.
[I 2026-08-16 12:05:37,687] Trial 65 finished with value: 0.11279213771163189 and parameters: {'rho_e': 4.11275023076696, 'rho_d': 0.00017950911966134757, 'nu': 11, 'sigma': 0.07871906426641836}. Best is trial 2 with value: 0.07459102767618903.
[I 2026-08-16 12:06:11,675] Trial 66 finished with value: 0.08913785898448985 and parameters: {'rho_e': 0.0570118179716726, 'rho_d': 39.712095531018626, 'nu': 22, 'sigma': 0.5409334172350566}. Best is trial 2 with value: 0.07459102767618903.
[I 2026-08-16 12:06:45,480] Trial 67 finished with value: 0.09740770209673316 and parameters: {'rho_e': 44.38488067281256, 'rho_d': 21.212028074156173, 'nu': 25, 'sigma': 0.4041160019394654}. Best is trial 2 with value: 0.07459102767618903.
[I 2026-08-16 12:07:17,759] Trial 68 finished with value: 0.09778098085360279 and parameters: {'rho_e': 53.639289240624386, 'rho_d': 0.0038601844299691315, 'nu': 28, 'sigma': 0.5745067158406888}. Best is trial 2 with value: 0.07459102767618903.
[I 2026-08-16 12:07:50,595] Trial 69 finished with value: 0.08158273429802589 and parameters: {'rho_e': 0.0002053390047152492, 'rho_d': 4.612332228500869e-05, 'nu': 25, 'sigma': 0.4533999667514726}. Best is trial 2 with value: 0.07459102767618903.
[I 2026-08-16 12:08:23,572] Trial 70 finished with value: 0.09407858562723573 and parameters: {'rho_e': 0.00017181517469241377, 'rho_d': 11.72236751549136, 'nu': 5, 'sigma': 0.13769462886120942}. Best is trial 2 with value: 0.07459102767618903.
[I 2026-08-16 12:08:55,882] Trial 71 finished with value: 0.11754716732818182 and parameters: {'rho_e': 3.2332858031466016, 'rho_d': 0.010934472359075013, 'nu': 29, 'sigma': 0.008762857561686321}. Best is trial 2 with value: 0.07459102767618903.
[I 2026-08-16 12:09:28,734] Trial 72 finished with value: 0.08561263171893563 and parameters: {'rho_e': 602.730610637277, 'rho_d': 0.0005016405197829267, 'nu': 4, 'sigma': 0.4432746424819022}. Best is trial 2 with value: 0.07459102767618903.
[I 2026-08-16 12:10:02,646] Trial 73 finished with value: 0.0991540397764176 and parameters: {'rho_e': 1.0797094701402827, 'rho_d': 0.03087133272419994, 'nu': 14, 'sigma': 0.3141435781257956}. Best is trial 2 with value: 0.07459102767618903.
[I 2026-08-16 12:10:34,952] Trial 74 finished with value: 0.0932098708866278 and parameters: {'rho_e': 0.0001345531676437762, 'rho_d': 30.277429856267943, 'nu': 11, 'sigma': 0.1734442467619402}. Best is trial 2 with value: 0.07459102767618903.
[I 2026-08-16 12:11:07,232] Trial 75 finished with value: 0.08679985924477726 and parameters: {'rho_e': 0.21427972958712158, 'rho_d': 271.7360752109469, 'nu': 22, 'sigma': 0.767815795802877}. Best is trial 2 with value: 0.07459102767618903.
[I 2026-08-16 12:11:40,143] Trial 76 finished with value: 0.09381706328240019 and parameters: {'rho_e': 9.308393182627046e-05, 'rho_d': 1.5758336834376918, 'nu': 17, 'sigma': 0.09043207658651127}. Best is trial 2 with value: 0.07459102767618903.
[I 2026-08-16 12:12:13,051] Trial 77 finished with value: 0.09585291227121692 and parameters: {'rho_e': 0.005373862093618463, 'rho_d': 279.5225652721376, 'nu': 35, 'sigma': 0.6776004211645973}. Best is trial 2 with value: 0.07459102767618903.
[I 2026-08-16 12:12:46,302] Trial 78 finished with value: 0.08377071444931666 and parameters: {'rho_e': 0.32216160735312793, 'rho_d': 398.13548309282, 'nu': 32, 'sigma': 0.2227778298864175}. Best is trial 2 with value: 0.07459102767618903.
[I 2026-08-16 12:13:19,980] Trial 79 finished with value: 0.09809825316573251 and parameters: {'rho_e': 1.547005953946472e-05, 'rho_d': 50.96729236404503, 'nu': 28, 'sigma': 0.8126884085891242}. Best is trial 2 with value: 0.07459102767618903.
[I 2026-08-16 12:13:54,208] Trial 80 finished with value: 0.07726363463068797 and parameters: {'rho_e': 0.8919331403937769, 'rho_d': 148.85551909921764, 'nu': 16, 'sigma': 0.21701483054648713}. Best is trial 2 with value: 0.07459102767618903.
[I 2026-08-16 12:14:27,637] Trial 81 finished with value: 0.07544682557366952 and parameters: {'rho_e': 0.4704816696259276, 'rho_d': 1.9986848597622138, 'nu': 3, 'sigma': 0.5177800990445658}. Best is trial 2 with value: 0.07459102767618903.
[I 2026-08-16 12:15:01,466] Trial 82 finished with value: 0.0961549277182184 and parameters: {'rho_e': 0.0012113396867950883, 'rho_d': 102.00529244336428, 'nu': 16, 'sigma': 0.46495178418210015}. Best is trial 2 with value: 0.07459102767618903.
[I 2026-08-16 12:15:33,651] Trial 83 finished with value: 0.08441854078191394 and parameters: {'rho_e': 0.0010700178032619617, 'rho_d': 0.09724868359338733, 'nu': 36, 'sigma': 0.5649456751234387}. Best is trial 2 with value: 0.07459102767618903.
[I 2026-08-16 12:16:06,580] Trial 84 finished with value: 0.1055427995955594 and parameters: {'rho_e': 0.0005744346436843673, 'rho_d': 0.02358963994043909, 'nu': 7, 'sigma': 0.999760535050079}. Best is trial 2 with value: 0.07459102767618903.
[I 2026-08-16 12:16:38,592] Trial 85 finished with value: 0.10336558236348656 and parameters: {'rho_e': 1.7655564094680962e-05, 'rho_d': 0.9738897501130936, 'nu': 4, 'sigma': 0.7129303434727572}. Best is trial 2 with value: 0.07459102767618903.
[I 2026-08-16 12:17:11,389] Trial 86 finished with value: 0.10654703217044209 and parameters: {'rho_e': 0.0016887789094121941, 'rho_d': 0.815124328528669, 'nu': 9, 'sigma': 0.8597295544680066}. Best is trial 2 with value: 0.07459102767618903.
[I 2026-08-16 12:17:45,501] Trial 87 finished with value: 0.10608092813844333 and parameters: {'rho_e': 79.22946799771881, 'rho_d': 0.003247906981282341, 'nu': 18, 'sigma': 0.23662250510420801}. Best is trial 2 with value: 0.07459102767618903.
