/home/gterren/dynamic_update/functional_forecast_dynamic_update/scripts/validate_zone_ffc_mpi.py:673: ExperimentalWarning: GPSampler is experimental (supported from v3.6.0). The interface can change in the future.
  sampler=GPSampler(seed=SEED, n_startup_trials=0)
[I 2026-08-16 15:56:00,507] A new study created in memory with name: no-name-5a5ff375-4168-469f-b583-2eeceec358ec
[I 2026-08-16 15:56:50,003] Trial 0 finished with value: 0.10466730830142881 and parameters: {'rho_e': 44.1887411737707, 'rho_d': 995.9637851462421, 'nu': 12, 'sigma': 0.0043106438599059835}. Best is trial 0 with value: 0.10466730830142881.
[I 2026-08-16 15:57:36,278] Trial 1 finished with value: 0.09428925761240288 and parameters: {'rho_e': 2.6447219863664277, 'rho_d': 40.466308168473645, 'nu': 7, 'sigma': 0.8437847205349434}. Best is trial 1 with value: 0.09428925761240288.
[I 2026-08-16 15:58:18,543] Trial 2 finished with value: 0.09107919555004543 and parameters: {'rho_e': 0.00047214664584092734, 'rho_d': 16.540868088977554, 'nu': 31, 'sigma': 0.44896906609996834}. Best is trial 2 with value: 0.09107919555004543.
[I 2026-08-16 15:59:00,395] Trial 3 finished with value: 0.09377242820327375 and parameters: {'rho_e': 0.0011040808147135118, 'rho_d': 375.80621701668764, 'nu': 35, 'sigma': 0.585819048626765}. Best is trial 2 with value: 0.09107919555004543.
[I 2026-08-16 15:59:45,463] Trial 4 finished with value: 0.07296919565690396 and parameters: {'rho_e': 0.028024767563296443, 'rho_d': 0.0015178460450582438, 'nu': 3, 'sigma': 0.18433914389435993}. Best is trial 4 with value: 0.07296919565690396.
[I 2026-08-16 16:00:30,465] Trial 5 finished with value: 0.07665720839043963 and parameters: {'rho_e': 0.001699489598361542, 'rho_d': 0.00039845408642133815, 'nu': 9, 'sigma': 0.09183323898684663}. Best is trial 4 with value: 0.07296919565690396.
[I 2026-08-16 16:01:15,250] Trial 6 finished with value: 0.10786999784579923 and parameters: {'rho_e': 388.63316229431973, 'rho_d': 13.096576802695594, 'nu': 28, 'sigma': 0.46530231933873223}. Best is trial 4 with value: 0.07296919565690396.
[I 2026-08-16 16:02:04,278] Trial 7 finished with value: 0.07367280325170189 and parameters: {'rho_e': 0.0637580878679922, 'rho_d': 0.8459015317980902, 'nu': 20, 'sigma': 0.2920379239440455}. Best is trial 4 with value: 0.07296919565690396.
[I 2026-08-16 16:02:53,937] Trial 8 finished with value: 0.08877166468090782 and parameters: {'rho_e': 1.3245676649218092, 'rho_d': 2.0909343784521127e-05, 'nu': 28, 'sigma': 0.8354419364160272}. Best is trial 4 with value: 0.07296919565690396.
[I 2026-08-16 16:03:43,639] Trial 9 finished with value: 0.10550574181118717 and parameters: {'rho_e': 92.52545804383819, 'rho_d': 3.6878315606541364e-05, 'nu': 27, 'sigma': 0.4074229521373047}. Best is trial 4 with value: 0.07296919565690396.
[I 2026-08-16 16:04:32,084] Trial 10 finished with value: 0.09576152778195304 and parameters: {'rho_e': 0.0003006985895585273, 'rho_d': 0.014855235320470521, 'nu': 23, 'sigma': 0.9517323870713255}. Best is trial 4 with value: 0.07296919565690396.
[I 2026-08-16 16:05:19,740] Trial 11 finished with value: 0.08722204803793586 and parameters: {'rho_e': 0.09065003585191227, 'rho_d': 0.000830117853765425, 'nu': 33, 'sigma': 0.2729529483426405}. Best is trial 4 with value: 0.07296919565690396.
[I 2026-08-16 16:06:07,435] Trial 12 finished with value: 0.09739296568077382 and parameters: {'rho_e': 9.145431087095083, 'rho_d': 251.2324980259013, 'nu': 16, 'sigma': 0.12132399718501542}. Best is trial 4 with value: 0.07296919565690396.
[I 2026-08-16 16:06:56,151] Trial 13 finished with value: 0.08504229703128559 and parameters: {'rho_e': 0.4221359244181985, 'rho_d': 0.5031258736302461, 'nu': 2, 'sigma': 0.9688122926413166}. Best is trial 4 with value: 0.07296919565690396.
[I 2026-08-16 16:07:43,922] Trial 14 finished with value: 0.11502391141807142 and parameters: {'rho_e': 186.78622596048191, 'rho_d': 0.19269267165914727, 'nu': 28, 'sigma': 0.21258830873915074}. Best is trial 4 with value: 0.07296919565690396.
[I 2026-08-16 16:08:31,269] Trial 15 finished with value: 0.09235324686225732 and parameters: {'rho_e': 0.0007960708182704726, 'rho_d': 5.246925738731659, 'nu': 14, 'sigma': 0.03710305493235684}. Best is trial 4 with value: 0.07296919565690396.
[I 2026-08-16 16:09:18,940] Trial 16 finished with value: 0.09153677926273675 and parameters: {'rho_e': 0.00013923005165982413, 'rho_d': 2.2731740310669983, 'nu': 6, 'sigma': 0.5070607118223327}. Best is trial 4 with value: 0.07296919565690396.
[I 2026-08-16 16:10:06,887] Trial 17 finished with value: 0.09909259369376532 and parameters: {'rho_e': 1.675648098732365, 'rho_d': 5.4121737341892715e-05, 'nu': 29, 'sigma': 0.3985846183223305}. Best is trial 4 with value: 0.07296919565690396.
[I 2026-08-16 16:10:53,224] Trial 18 finished with value: 0.09104676802495702 and parameters: {'rho_e': 0.629032730414082, 'rho_d': 1.5324784323963947, 'nu': 19, 'sigma': 0.37824389994983043}. Best is trial 4 with value: 0.07296919565690396.
[I 2026-08-16 16:11:39,394] Trial 19 finished with value: 0.09361270969452037 and parameters: {'rho_e': 3.1676475676253133e-05, 'rho_d': 34.70948675987812, 'nu': 23, 'sigma': 0.053769306126003336}. Best is trial 4 with value: 0.07296919565690396.
[I 2026-08-16 16:12:25,960] Trial 20 finished with value: 0.08163729981739401 and parameters: {'rho_e': 0.016052545476288312, 'rho_d': 9.457465933528161e-05, 'nu': 11, 'sigma': 0.47341304745096374}. Best is trial 4 with value: 0.07296919565690396.
[I 2026-08-16 16:13:13,741] Trial 21 finished with value: 0.08236252201285385 and parameters: {'rho_e': 0.0006193681280061315, 'rho_d': 0.002122475691460386, 'nu': 33, 'sigma': 0.5258429656298358}. Best is trial 4 with value: 0.07296919565690396.
[I 2026-08-16 16:14:00,972] Trial 22 finished with value: 0.10439424374153108 and parameters: {'rho_e': 0.002651003243141662, 'rho_d': 739.559649726732, 'nu': 11, 'sigma': 0.7980848647561093}. Best is trial 4 with value: 0.07296919565690396.
[I 2026-08-16 16:14:49,819] Trial 23 finished with value: 0.07988152843324606 and parameters: {'rho_e': 0.038014044196559606, 'rho_d': 4.931123228055199e-05, 'nu': 5, 'sigma': 0.06632928962635307}. Best is trial 4 with value: 0.07296919565690396.
[I 2026-08-16 16:15:36,356] Trial 24 finished with value: 0.09437497116933899 and parameters: {'rho_e': 0.11768782191515849, 'rho_d': 0.0008474973387104216, 'nu': 4, 'sigma': 0.028747009170219398}. Best is trial 4 with value: 0.07296919565690396.
[I 2026-08-16 16:16:24,602] Trial 25 finished with value: 0.07852276507124954 and parameters: {'rho_e': 0.000221194803883462, 'rho_d': 0.003127785231010655, 'nu': 35, 'sigma': 0.3448516036404479}. Best is trial 4 with value: 0.07296919565690396.
[I 2026-08-16 16:17:11,343] Trial 26 finished with value: 0.09348123137944632 and parameters: {'rho_e': 0.0014152114357771622, 'rho_d': 101.5441791125969, 'nu': 18, 'sigma': 0.08793124894415151}. Best is trial 4 with value: 0.07296919565690396.
[I 2026-08-16 16:17:58,802] Trial 27 finished with value: 0.08330724360638622 and parameters: {'rho_e': 0.005999664155561336, 'rho_d': 0.7336578996042769, 'nu': 12, 'sigma': 0.23314686158624018}. Best is trial 4 with value: 0.07296919565690396.
[I 2026-08-16 16:18:44,146] Trial 28 finished with value: 0.08210279276987073 and parameters: {'rho_e': 0.16658008593499812, 'rho_d': 0.04697853166935672, 'nu': 15, 'sigma': 0.30418720184778986}. Best is trial 4 with value: 0.07296919565690396.
[I 2026-08-16 16:19:31,739] Trial 29 finished with value: 0.11587488827870775 and parameters: {'rho_e': 90.41279317914542, 'rho_d': 0.00022732243773290796, 'nu': 18, 'sigma': 0.14097116339632224}. Best is trial 4 with value: 0.07296919565690396.
[I 2026-08-16 16:20:19,307] Trial 30 finished with value: 0.09523246731788221 and parameters: {'rho_e': 3.2818996043536557, 'rho_d': 0.30800376430725923, 'nu': 21, 'sigma': 0.8049373236365045}. Best is trial 4 with value: 0.07296919565690396.
[I 2026-08-16 16:21:07,872] Trial 31 finished with value: 0.08312678471257948 and parameters: {'rho_e': 0.0018651502837486495, 'rho_d': 0.5424347638825685, 'nu': 9, 'sigma': 0.1763314183454423}. Best is trial 4 with value: 0.07296919565690396.
[I 2026-08-16 16:21:55,712] Trial 32 finished with value: 0.09063307620712797 and parameters: {'rho_e': 267.2163415663082, 'rho_d': 3.249594855967158e-05, 'nu': 13, 'sigma': 0.9315113891219337}. Best is trial 4 with value: 0.07296919565690396.
[I 2026-08-16 16:22:43,161] Trial 33 finished with value: 0.07638914953094778 and parameters: {'rho_e': 0.000498668179609825, 'rho_d': 6.820202043620142e-05, 'nu': 3, 'sigma': 0.1958307936925543}. Best is trial 4 with value: 0.07296919565690396.
[I 2026-08-16 16:23:30,195] Trial 34 finished with value: 0.09329890458852201 and parameters: {'rho_e': 1.192611506222469e-05, 'rho_d': 0.06660878220627138, 'nu': 10, 'sigma': 0.6560513841848424}. Best is trial 4 with value: 0.07296919565690396.
[I 2026-08-16 16:24:17,488] Trial 35 finished with value: 0.09124781563914329 and parameters: {'rho_e': 5.750061851907727e-05, 'rho_d': 0.0028177041849973042, 'nu': 21, 'sigma': 0.6732476278597038}. Best is trial 4 with value: 0.07296919565690396.
[I 2026-08-16 16:25:04,180] Trial 36 finished with value: 0.09387311394247455 and parameters: {'rho_e': 6.422774334214674e-05, 'rho_d': 0.006227749718999353, 'nu': 16, 'sigma': 0.709754391076522}. Best is trial 4 with value: 0.07296919565690396.
[I 2026-08-16 16:25:50,405] Trial 37 finished with value: 0.09436336726475483 and parameters: {'rho_e': 20.021423656906084, 'rho_d': 1.0275090280402304e-05, 'nu': 25, 'sigma': 0.7210935975558631}. Best is trial 4 with value: 0.07296919565690396.
[I 2026-08-16 16:26:37,361] Trial 38 finished with value: 0.08574297238455791 and parameters: {'rho_e': 10.501862252814515, 'rho_d': 0.0005026248739778633, 'nu': 3, 'sigma': 0.4250157492584251}. Best is trial 4 with value: 0.07296919565690396.
[I 2026-08-16 16:27:25,736] Trial 39 finished with value: 0.08703470968363661 and parameters: {'rho_e': 0.010990099912398583, 'rho_d': 1.8233103861012256, 'nu': 33, 'sigma': 0.16796318482573772}. Best is trial 4 with value: 0.07296919565690396.
[I 2026-08-16 16:28:13,443] Trial 40 finished with value: 0.09917549271412483 and parameters: {'rho_e': 0.00481183877593825, 'rho_d': 0.026305690862481013, 'nu': 15, 'sigma': 0.888135880764632}. Best is trial 4 with value: 0.07296919565690396.
[I 2026-08-16 16:29:02,247] Trial 41 finished with value: 0.0901371905069987 and parameters: {'rho_e': 7.8251003831822015, 'rho_d': 1.664382356585933e-05, 'nu': 18, 'sigma': 0.6065667358852513}. Best is trial 4 with value: 0.07296919565690396.
[I 2026-08-16 16:29:48,053] Trial 42 finished with value: 0.1001811441490274 and parameters: {'rho_e': 0.007596660479025543, 'rho_d': 1.100315492927821, 'nu': 2, 'sigma': 0.8217855286182979}. Best is trial 4 with value: 0.07296919565690396.
[I 2026-08-16 16:30:35,325] Trial 43 finished with value: 0.07464605852086711 and parameters: {'rho_e': 0.23972978121694616, 'rho_d': 126.84185906989173, 'nu': 30, 'sigma': 0.3868549940580984}. Best is trial 4 with value: 0.07296919565690396.
[I 2026-08-16 16:31:21,859] Trial 44 finished with value: 0.0856746433568544 and parameters: {'rho_e': 2.7283524569992597e-05, 'rho_d': 0.05207894674608654, 'nu': 26, 'sigma': 0.5423483362304925}. Best is trial 4 with value: 0.07296919565690396.
[I 2026-08-16 16:32:09,319] Trial 45 finished with value: 0.08760285491495573 and parameters: {'rho_e': 66.67581953053337, 'rho_d': 0.0012019497506995061, 'nu': 8, 'sigma': 0.8928040493191106}. Best is trial 4 with value: 0.07296919565690396.
[I 2026-08-16 16:32:54,910] Trial 46 finished with value: 0.07896478683624833 and parameters: {'rho_e': 1.900838426665218e-05, 'rho_d': 0.0013289444123579571, 'nu': 34, 'sigma': 0.3521330491817352}. Best is trial 4 with value: 0.07296919565690396.
[I 2026-08-16 16:33:42,897] Trial 47 finished with value: 0.09794455012227782 and parameters: {'rho_e': 153.2689312978113, 'rho_d': 8.437372149563782, 'nu': 23, 'sigma': 0.8533919192290506}. Best is trial 4 with value: 0.07296919565690396.
[I 2026-08-16 16:34:30,604] Trial 48 finished with value: 0.09272442068790784 and parameters: {'rho_e': 4.925083285937313e-05, 'rho_d': 542.7749062374181, 'nu': 35, 'sigma': 0.1593186103901423}. Best is trial 4 with value: 0.07296919565690396.
[I 2026-08-16 16:35:19,416] Trial 49 finished with value: 0.10431461272752496 and parameters: {'rho_e': 212.9875212555835, 'rho_d': 48.76774399180994, 'nu': 29, 'sigma': 0.7197311181430005}. Best is trial 4 with value: 0.07296919565690396.
[I 2026-08-16 16:36:07,102] Trial 50 finished with value: 0.12453507813207393 and parameters: {'rho_e': 489.8472385096317, 'rho_d': 6.8768147678018305, 'nu': 30, 'sigma': 0.04491793612113747}. Best is trial 4 with value: 0.07296919565690396.
[I 2026-08-16 16:36:53,571] Trial 51 finished with value: 0.08761252092045804 and parameters: {'rho_e': 1.3920279470390566e-05, 'rho_d': 0.01793887909829646, 'nu': 22, 'sigma': 0.5675936128191598}. Best is trial 4 with value: 0.07296919565690396.
[I 2026-08-16 16:37:39,884] Trial 52 finished with value: 0.08995757014780209 and parameters: {'rho_e': 0.00018037727121456568, 'rho_d': 0.0038804300061513813, 'nu': 30, 'sigma': 0.8158050640653053}. Best is trial 4 with value: 0.07296919565690396.
[I 2026-08-16 16:38:27,096] Trial 53 finished with value: 0.08659746687794548 and parameters: {'rho_e': 6.78857731303566, 'rho_d': 0.012118698241549724, 'nu': 7, 'sigma': 0.916631269473956}. Best is trial 4 with value: 0.07296919565690396.
[I 2026-08-16 16:39:13,941] Trial 54 finished with value: 0.08519497240820288 and parameters: {'rho_e': 2.2409185909988056, 'rho_d': 0.00024689869215745674, 'nu': 14, 'sigma': 0.6897159965604344}. Best is trial 4 with value: 0.07296919565690396.
[I 2026-08-16 16:40:00,809] Trial 55 finished with value: 0.09441720380721305 and parameters: {'rho_e': 3.449822132887724, 'rho_d': 1.2563234433273771e-05, 'nu': 4, 'sigma': 0.28976515686341164}. Best is trial 4 with value: 0.07296919565690396.
[I 2026-08-16 16:40:48,069] Trial 56 finished with value: 0.08730446859869037 and parameters: {'rho_e': 0.2806930201620222, 'rho_d': 0.029986995738449304, 'nu': 12, 'sigma': 0.92582884001405}. Best is trial 4 with value: 0.07296919565690396.
[I 2026-08-16 16:41:36,695] Trial 57 finished with value: 0.09191498636436536 and parameters: {'rho_e': 985.391994706257, 'rho_d': 0.12078333171462972, 'nu': 20, 'sigma': 0.6945244332927897}. Best is trial 4 with value: 0.07296919565690396.
[I 2026-08-16 16:42:24,676] Trial 58 finished with value: 0.08544355876800887 and parameters: {'rho_e': 117.90454992355644, 'rho_d': 0.11300386714373258, 'nu': 5, 'sigma': 0.49993628747908586}. Best is trial 4 with value: 0.07296919565690396.
[I 2026-08-16 16:43:12,150] Trial 59 finished with value: 0.09251690177337868 and parameters: {'rho_e': 0.0036481280281944377, 'rho_d': 0.0051933169863971115, 'nu': 21, 'sigma': 0.7614574183154023}. Best is trial 4 with value: 0.07296919565690396.
[I 2026-08-16 16:43:58,235] Trial 60 finished with value: 0.09051146050491925 and parameters: {'rho_e': 0.003494353005863863, 'rho_d': 27.789776118697908, 'nu': 35, 'sigma': 0.513905526476248}. Best is trial 4 with value: 0.07296919565690396.
[I 2026-08-16 16:44:45,749] Trial 61 finished with value: 0.1121011004586391 and parameters: {'rho_e': 717.5929767561584, 'rho_d': 11.407749883444923, 'nu': 25, 'sigma': 0.2540509228979462}. Best is trial 4 with value: 0.07296919565690396.
[I 2026-08-16 16:45:32,334] Trial 62 finished with value: 0.0997896436827296 and parameters: {'rho_e': 57.55813159589362, 'rho_d': 0.4123804061662132, 'nu': 9, 'sigma': 0.31575203741216806}. Best is trial 4 with value: 0.07296919565690396.
[I 2026-08-16 16:46:17,014] Trial 63 finished with value: 0.07959013239619675 and parameters: {'rho_e': 1.589672244626133e-05, 'rho_d': 0.09785167493195497, 'nu': 24, 'sigma': 0.22164170234292374}. Best is trial 4 with value: 0.07296919565690396.
[I 2026-08-16 16:47:01,493] Trial 64 finished with value: 0.11410900321741119 and parameters: {'rho_e': 4.0343604181179735, 'rho_d': 0.008954020893868687, 'nu': 8, 'sigma': 0.0747051664399045}. Best is trial 4 with value: 0.07296919565690396.
[I 2026-08-16 16:47:45,518] Trial 65 finished with value: 0.07535044575786601 and parameters: {'rho_e': 0.13624954063375214, 'rho_d': 3.9976573701501863, 'nu': 31, 'sigma': 0.206348798836421}. Best is trial 4 with value: 0.07296919565690396.
[I 2026-08-16 16:48:30,637] Trial 66 finished with value: 0.08993439218332731 and parameters: {'rho_e': 17.171830117313117, 'rho_d': 0.00015333200533721803, 'nu': 14, 'sigma': 0.5716870781133826}. Best is trial 4 with value: 0.07296919565690396.
[I 2026-08-16 16:49:12,363] Trial 67 finished with value: 0.11237583335796361 and parameters: {'rho_e': 27.33429844556746, 'rho_d': 8.479735863197818e-05, 'nu': 5, 'sigma': 0.13606955523984277}. Best is trial 4 with value: 0.07296919565690396.
[I 2026-08-16 16:49:56,448] Trial 68 finished with value: 0.08666367940716233 and parameters: {'rho_e': 0.0003796212758769884, 'rho_d': 0.17257927591478062, 'nu': 19, 'sigma': 0.4808836952546002}. Best is trial 4 with value: 0.07296919565690396.
[I 2026-08-16 16:50:40,476] Trial 69 finished with value: 0.08824917167363253 and parameters: {'rho_e': 1.2767895371336881, 'rho_d': 0.0002810576441523176, 'nu': 31, 'sigma': 0.9914650753532751}. Best is trial 4 with value: 0.07296919565690396.
[I 2026-08-16 16:51:27,680] Trial 70 finished with value: 0.09484173867691599 and parameters: {'rho_e': 36.37992524764074, 'rho_d': 0.006863645247452625, 'nu': 15, 'sigma': 0.451098447496511}. Best is trial 4 with value: 0.07296919565690396.
[I 2026-08-16 16:52:13,969] Trial 71 finished with value: 0.09476675900602637 and parameters: {'rho_e': 0.009992669525819491, 'rho_d': 3.5222702991430515, 'nu': 18, 'sigma': 0.7303937643547083}. Best is trial 4 with value: 0.07296919565690396.
[I 2026-08-16 16:53:00,258] Trial 72 finished with value: 0.08790942840354946 and parameters: {'rho_e': 0.3377343297456709, 'rho_d': 0.0774053186649358, 'nu': 32, 'sigma': 0.8621540264578681}. Best is trial 4 with value: 0.07296919565690396.
[I 2026-08-16 16:53:47,607] Trial 73 finished with value: 0.09096479274632886 and parameters: {'rho_e': 0.0009109716413857181, 'rho_d': 60.436547994533875, 'nu': 32, 'sigma': 0.3601272943929218}. Best is trial 4 with value: 0.07296919565690396.
[I 2026-08-16 16:54:36,087] Trial 74 finished with value: 0.09175668664240857 and parameters: {'rho_e': 0.007371262888054564, 'rho_d': 0.0003809082386397183, 'nu': 7, 'sigma': 0.6175256314359799}. Best is trial 4 with value: 0.07296919565690396.
[I 2026-08-16 16:55:23,921] Trial 75 finished with value: 0.08812575246912124 and parameters: {'rho_e': 9.598720198791217e-05, 'rho_d': 2.606996649475721, 'nu': 27, 'sigma': 0.3376011646100149}. Best is trial 4 with value: 0.07296919565690396.
[I 2026-08-16 16:56:10,336] Trial 76 finished with value: 0.08778926558040949 and parameters: {'rho_e': 0.05701125952035331, 'rho_d': 79.35071154424456, 'nu': 24, 'sigma': 0.6494202149716699}. Best is trial 4 with value: 0.07296919565690396.
[I 2026-08-16 16:56:57,567] Trial 77 finished with value: 0.07634006451267145 and parameters: {'rho_e': 0.713291651455664, 'rho_d': 413.4491860047718, 'nu': 36, 'sigma': 0.10339289430403716}. Best is trial 4 with value: 0.07296919565690396.
[I 2026-08-16 16:57:45,289] Trial 78 finished with value: 0.09738742626304411 and parameters: {'rho_e': 0.021878463708535335, 'rho_d': 616.8919853855866, 'nu': 26, 'sigma': 0.7435358182837166}. Best is trial 4 with value: 0.07296919565690396.
[I 2026-08-16 16:58:31,089] Trial 79 finished with value: 0.11889128266669222 and parameters: {'rho_e': 403.30574868014355, 'rho_d': 0.0001871394398860649, 'nu': 22, 'sigma': 0.11602803450536041}. Best is trial 4 with value: 0.07296919565690396.
[I 2026-08-16 16:59:17,353] Trial 80 finished with value: 0.10647579332869243 and parameters: {'rho_e': 611.092291059491, 'rho_d': 22.56094230841643, 'nu': 21, 'sigma': 0.41161249066195105}. Best is trial 4 with value: 0.07296919565690396.
[I 2026-08-16 17:00:03,495] Trial 81 finished with value: 0.11836496641515992 and parameters: {'rho_e': 324.04015392973747, 'rho_d': 153.91265757305513, 'nu': 29, 'sigma': 0.24049189958762376}. Best is trial 4 with value: 0.07296919565690396.
[I 2026-08-16 17:00:50,830] Trial 82 finished with value: 0.09498695302647271 and parameters: {'rho_e': 12.92694280260706, 'rho_d': 175.46495522091607, 'nu': 11, 'sigma': 0.4337060987926702}. Best is trial 4 with value: 0.07296919565690396.
[I 2026-08-16 17:01:37,750] Trial 83 finished with value: 0.08996614544608422 and parameters: {'rho_e': 2.3173430983309787e-05, 'rho_d': 0.24821385970358006, 'nu': 6, 'sigma': 0.5374331467526692}. Best is trial 4 with value: 0.07296919565690396.
[I 2026-08-16 17:02:26,139] Trial 84 finished with value: 0.09391516731016863 and parameters: {'rho_e': 32.19044123433823, 'rho_d': 0.01092394055737463, 'nu': 32, 'sigma': 0.9860377075010679}. Best is trial 4 with value: 0.07296919565690396.
[I 2026-08-16 17:03:12,544] Trial 85 finished with value: 0.09855773467531746 and parameters: {'rho_e': 0.000256338232395033, 'rho_d': 192.69694587001928, 'nu': 27, 'sigma': 0.7586787989485323}. Best is trial 4 with value: 0.07296919565690396.
[I 2026-08-16 17:04:01,154] Trial 86 finished with value: 0.11363352193855737 and parameters: {'rho_e': 1.0361792722433372, 'rho_d': 2.9031833158665516e-05, 'nu': 16, 'sigma': 0.01333033464460244}. Best is trial 4 with value: 0.07296919565690396.
[I 2026-08-16 17:04:48,624] Trial 87 finished with value: 0.0905561526539792 and parameters: {'rho_e': 0.888444978053921, 'rho_d': 7.352791689725258, 'nu': 10, 'sigma': 0.6653375875095507}. Best is trial 4 with value: 0.07296919565690396.
