[I 2026-08-16 17:39:12,580] Trial 182 finished with value: 0.07038442476895101 and parameters: {'rho_e': 3.9011712199576736, 'rho_d': 1000.0, 'nu': 36, 'sigma': 0.4810605021501631}. Best is trial 150 with value: 0.06641674455210447.
[I 2026-08-16 17:39:49,134] Trial 183 finished with value: 0.08105730529487054 and parameters: {'rho_e': 0.000828501452145878, 'rho_d': 1e-05, 'nu': 2, 'sigma': 0.0}. Best is trial 150 with value: 0.06641674455210447.
[I 2026-08-16 17:40:25,656] Trial 184 finished with value: 0.0913966508812159 and parameters: {'rho_e': 1.1690556153728573, 'rho_d': 0.0012926110513238353, 'nu': 2, 'sigma': 1.0}. Best is trial 150 with value: 0.06641674455210447.
[I 2026-08-16 17:41:02,105] Trial 185 finished with value: 0.07905726209934054 and parameters: {'rho_e': 1e-05, 'rho_d': 0.10718203669296615, 'nu': 36, 'sigma': 0.43555497053951575}. Best is trial 150 with value: 0.06641674455210447.
[I 2026-08-16 17:41:38,660] Trial 186 finished with value: 0.08870438295994332 and parameters: {'rho_e': 0.00011122887023858707, 'rho_d': 1000.0, 'nu': 2, 'sigma': 0.0}. Best is trial 150 with value: 0.06641674455210447.
[I 2026-08-16 17:42:15,269] Trial 187 finished with value: 0.07003585044784713 and parameters: {'rho_e': 0.6949641795148487, 'rho_d': 84.73608531031074, 'nu': 2, 'sigma': 0.4270322521530505}. Best is trial 150 with value: 0.06641674455210447.
[I 2026-08-16 17:42:51,840] Trial 188 finished with value: 0.06737253428346437 and parameters: {'rho_e': 1.2236810057342253, 'rho_d': 332.53591791069647, 'nu': 2, 'sigma': 0.22303481863322186}. Best is trial 150 with value: 0.06641674455210447.
[I 2026-08-16 17:43:28,409] Trial 189 finished with value: 0.06772277487692845 and parameters: {'rho_e': 0.2793761470477426, 'rho_d': 73.43274154042815, 'nu': 2, 'sigma': 0.25884520152764673}. Best is trial 150 with value: 0.06641674455210447.
[I 2026-08-16 17:44:04,913] Trial 190 finished with value: 0.0862780003805376 and parameters: {'rho_e': 0.0005906677106541348, 'rho_d': 0.002055956669700523, 'nu': 36, 'sigma': 1.0}. Best is trial 150 with value: 0.06641674455210447.
[I 2026-08-16 17:44:41,444] Trial 191 finished with value: 0.11394381704151818 and parameters: {'rho_e': 1e-05, 'rho_d': 1000.0, 'nu': 2, 'sigma': 1.0}. Best is trial 150 with value: 0.06641674455210447.
[I 2026-08-16 17:45:17,915] Trial 192 finished with value: 0.06996924674229316 and parameters: {'rho_e': 2.4728248486020212, 'rho_d': 1000.0, 'nu': 36, 'sigma': 0.27945149647740675}. Best is trial 150 with value: 0.06641674455210447.
[I 2026-08-16 17:45:54,516] Trial 193 finished with value: 0.06704228393233691 and parameters: {'rho_e': 0.5154510425200305, 'rho_d': 98.79164077579723, 'nu': 2, 'sigma': 0.26457916032019996}. Best is trial 150 with value: 0.06641674455210447.
[I 2026-08-16 17:46:31,047] Trial 194 finished with value: 0.08973120802239656 and parameters: {'rho_e': 1000.0, 'rho_d': 0.4114109763586896, 'nu': 2, 'sigma': 0.9999999999999999}. Best is trial 150 with value: 0.06641674455210447.
[I 2026-08-16 17:47:07,519] Trial 195 finished with value: 0.09084719654497594 and parameters: {'rho_e': 0.0007427152205798339, 'rho_d': 1000.0, 'nu': 36, 'sigma': 1.0}. Best is trial 150 with value: 0.06641674455210447.
[I 2026-08-16 17:47:44,073] Trial 196 finished with value: 0.07941339958630424 and parameters: {'rho_e': 0.007847517489040452, 'rho_d': 0.025351015928003064, 'nu': 23, 'sigma': 0.0}. Best is trial 150 with value: 0.06641674455210447.
[I 2026-08-16 17:48:20,651] Trial 197 finished with value: 0.08046871481557066 and parameters: {'rho_e': 0.006838704548440365, 'rho_d': 5.135845855746839e-05, 'nu': 36, 'sigma': 0.47500975951975605}. Best is trial 150 with value: 0.06641674455210447.
[I 2026-08-16 17:48:57,255] Trial 198 finished with value: 0.07100135147326174 and parameters: {'rho_e': 0.15598635210801615, 'rho_d': 14.64409615284573, 'nu': 2, 'sigma': 0.20208964962512255}. Best is trial 150 with value: 0.06641674455210447.
[I 2026-08-16 17:49:33,715] Trial 199 finished with value: 0.08783169856177858 and parameters: {'rho_e': 9.014307490199645e-05, 'rho_d': 1000.0, 'nu': 36, 'sigma': 0.5531082585747298}. Best is trial 150 with value: 0.06641674455210447.
/home/gterren/dynamic_update/functional_forecast_dynamic_update/scripts/validate_zone_ffc_mpi.py:1094: FutureWarning: The behavior of DataFrame concatenation with empty or all-NA entries is deprecated. In a future version, this will no longer exclude empty or all-NA columns when determining the result dtypes. To retain the old behavior, exclude the relevant entries before the concat operation.
  results_df = pd.concat([results_df, prob_results], axis = 0, ignore_index=True)
