[I 2026-08-16 14:11:23,702] Trial 88 finished with value: 0.09961685271458476 and parameters: {'rho_e': 0.00012125829831653894, 'rho_d': 19.630650519000437, 'nu': 10, 'sigma': 0.7884377100219454}. Best is trial 4 with value: 0.07315077536507808.
[I 2026-08-16 14:11:54,321] Trial 89 finished with value: 0.10343922572211384 and parameters: {'rho_e': 3.893751642068498e-05, 'rho_d': 0.9795442357931721, 'nu': 20, 'sigma': 0.5936410928252096}. Best is trial 4 with value: 0.07315077536507808.
[I 2026-08-16 14:12:24,925] Trial 90 finished with value: 0.0999379116780048 and parameters: {'rho_e': 4.8811512206932886, 'rho_d': 3.209766039730455, 'nu': 34, 'sigma': 0.8768891090820096}. Best is trial 4 with value: 0.07315077536507808.
[I 2026-08-16 14:12:55,529] Trial 91 finished with value: 0.0778570426850565 and parameters: {'rho_e': 0.19086427524381236, 'rho_d': 0.0005859037345321275, 'nu': 8, 'sigma': 0.5505294308690223}. Best is trial 4 with value: 0.07315077536507808.
[I 2026-08-16 14:13:26,109] Trial 92 finished with value: 0.08485358782477781 and parameters: {'rho_e': 0.44668270078282146, 'rho_d': 1.9189911568156766e-05, 'nu': 24, 'sigma': 0.9048428701329665}. Best is trial 4 with value: 0.07315077536507808.
[I 2026-08-16 14:13:56,765] Trial 93 finished with value: 0.07758340035363108 and parameters: {'rho_e': 0.04518272217488784, 'rho_d': 0.0019042154852168265, 'nu': 17, 'sigma': 0.7711616889352428}. Best is trial 4 with value: 0.07315077536507808.
[I 2026-08-16 14:14:27,387] Trial 94 finished with value: 0.0900227732232565 and parameters: {'rho_e': 0.02386327174800719, 'rho_d': 70.35453635909505, 'nu': 26, 'sigma': 0.6321242947578075}. Best is trial 4 with value: 0.07315077536507808.
[I 2026-08-16 14:14:58,006] Trial 95 finished with value: 0.08800667478560865 and parameters: {'rho_e': 8.25713500843253e-05, 'rho_d': 0.00012532475584443455, 'nu': 13, 'sigma': 0.26396166502640883}. Best is trial 4 with value: 0.07315077536507808.
[I 2026-08-16 14:15:28,553] Trial 96 finished with value: 0.09447941917675406 and parameters: {'rho_e': 0.0024547283980115068, 'rho_d': 305.22017701744807, 'nu': 17, 'sigma': 0.32786718698677975}. Best is trial 4 with value: 0.07315077536507808.
[I 2026-08-16 14:15:59,154] Trial 97 finished with value: 0.09139068620819037 and parameters: {'rho_e': 21.13367188708461, 'rho_d': 0.019753486361084704, 'nu': 14, 'sigma': 0.946528522698323}. Best is trial 4 with value: 0.07315077536507808.
[I 2026-08-16 14:16:29,789] Trial 98 finished with value: 0.0855787822404178 and parameters: {'rho_e': 0.07307392667419121, 'rho_d': 0.03432656436892995, 'nu': 25, 'sigma': 0.9790803255957043}. Best is trial 4 with value: 0.07315077536507808.
[I 2026-08-16 14:16:59,735] Trial 99 finished with value: 0.10259657199849284 and parameters: {'rho_e': 0.014400697832168036, 'rho_d': 0.2992169838775733, 'nu': 4, 'sigma': 0.6279299990703359}. Best is trial 4 with value: 0.07315077536507808.
[I 2026-08-16 14:17:31,705] Trial 100 finished with value: 0.07673023991644065 and parameters: {'rho_e': 1.2122337757195056, 'rho_d': 1000.0, 'nu': 2, 'sigma': 0.0}. Best is trial 4 with value: 0.07315077536507808.
[I 2026-08-16 14:18:01,838] Trial 101 finished with value: 0.07224845440396181 and parameters: {'rho_e': 0.033282498320172646, 'rho_d': 0.0006689833093646226, 'nu': 2, 'sigma': 0.27860559584931766}. Best is trial 101 with value: 0.07224845440396181.
[I 2026-08-16 14:18:32,589] Trial 102 finished with value: 0.08131775303590405 and parameters: {'rho_e': 0.14764365713972488, 'rho_d': 410.12029646488764, 'nu': 36, 'sigma': 0.0}. Best is trial 101 with value: 0.07224845440396181.
[I 2026-08-16 14:19:03,356] Trial 103 finished with value: 0.07375318499361491 and parameters: {'rho_e': 0.04225686714774716, 'rho_d': 0.0015049917327057993, 'nu': 10, 'sigma': 0.366868722679764}. Best is trial 101 with value: 0.07224845440396181.
[I 2026-08-16 14:19:33,989] Trial 104 finished with value: 0.073140750679 and parameters: {'rho_e': 0.02397782649974327, 'rho_d': 0.00034628963054408174, 'nu': 2, 'sigma': 0.18330669787893802}. Best is trial 101 with value: 0.07224845440396181.
[I 2026-08-16 14:20:04,744] Trial 105 finished with value: 0.07170105834205409 and parameters: {'rho_e': 0.04860637932368047, 'rho_d': 1e-05, 'nu': 2, 'sigma': 0.356390459175934}. Best is trial 105 with value: 0.07170105834205409.
[I 2026-08-16 14:20:35,405] Trial 106 finished with value: 0.07323483404634695 and parameters: {'rho_e': 0.0243683330759004, 'rho_d': 1e-05, 'nu': 2, 'sigma': 0.21953549401940223}. Best is trial 105 with value: 0.07170105834205409.
[I 2026-08-16 14:21:06,096] Trial 107 finished with value: 0.07225588061484564 and parameters: {'rho_e': 0.07547395021643792, 'rho_d': 1e-05, 'nu': 2, 'sigma': 0.5249845504254795}. Best is trial 105 with value: 0.07170105834205409.
[I 2026-08-16 14:21:36,662] Trial 108 finished with value: 0.07201583810560756 and parameters: {'rho_e': 0.05646321694699719, 'rho_d': 3.069289752114511e-05, 'nu': 2, 'sigma': 0.3958389600771572}. Best is trial 105 with value: 0.07170105834205409.
[I 2026-08-16 14:22:07,293] Trial 109 finished with value: 0.07254150070702008 and parameters: {'rho_e': 0.07311298057843, 'rho_d': 1e-05, 'nu': 2, 'sigma': 0.3793360502799266}. Best is trial 105 with value: 0.07170105834205409.
[I 2026-08-16 14:22:37,941] Trial 110 finished with value: 0.07203607884464434 and parameters: {'rho_e': 0.044959683424073596, 'rho_d': 1e-05, 'nu': 2, 'sigma': 0.4349130306161687}. Best is trial 105 with value: 0.07170105834205409.
[I 2026-08-16 14:23:08,695] Trial 111 finished with value: 0.09161200230101617 and parameters: {'rho_e': 1e-05, 'rho_d': 1e-05, 'nu': 36, 'sigma': 1.0}. Best is trial 105 with value: 0.07170105834205409.
[I 2026-08-16 14:23:39,378] Trial 112 finished with value: 0.08639694038300398 and parameters: {'rho_e': 0.0005733366982423919, 'rho_d': 1e-05, 'nu': 36, 'sigma': 0.0}. Best is trial 105 with value: 0.07170105834205409.
[I 2026-08-16 14:24:09,993] Trial 113 finished with value: 0.07187941630487626 and parameters: {'rho_e': 0.04281748914503162, 'rho_d': 1.8822846765889242e-05, 'nu': 2, 'sigma': 0.34658208168094223}. Best is trial 105 with value: 0.07170105834205409.
[I 2026-08-16 14:24:40,662] Trial 114 finished with value: 0.08040271126919221 and parameters: {'rho_e': 0.07041080696185187, 'rho_d': 1e-05, 'nu': 2, 'sigma': 1.0}. Best is trial 105 with value: 0.07170105834205409.
[I 2026-08-16 14:25:11,338] Trial 115 finished with value: 0.07841674941554763 and parameters: {'rho_e': 0.7216687924275347, 'rho_d': 1000.0, 'nu': 36, 'sigma': 0.3985988450957548}. Best is trial 105 with value: 0.07170105834205409.
[I 2026-08-16 14:25:42,028] Trial 116 finished with value: 0.07247110682154087 and parameters: {'rho_e': 0.053533741381808955, 'rho_d': 0.0001918618094667761, 'nu': 2, 'sigma': 0.4604568783956454}. Best is trial 105 with value: 0.07170105834205409.
[I 2026-08-16 14:26:12,610] Trial 117 finished with value: 0.09060232964048964 and parameters: {'rho_e': 999.999999999998, 'rho_d': 5.67535031776902, 'nu': 2, 'sigma': 1.0}. Best is trial 105 with value: 0.07170105834205409.
[I 2026-08-16 14:26:43,423] Trial 118 finished with value: 0.07525250355937396 and parameters: {'rho_e': 0.0706329918864809, 'rho_d': 0.0024631521326968523, 'nu': 36, 'sigma': 0.6684306780905462}. Best is trial 105 with value: 0.07170105834205409.
[I 2026-08-16 14:27:14,133] Trial 119 finished with value: 0.0742268805530627 and parameters: {'rho_e': 0.047820895967688785, 'rho_d': 1e-05, 'nu': 36, 'sigma': 0.5822416249892574}. Best is trial 105 with value: 0.07170105834205409.
[I 2026-08-16 14:27:44,715] Trial 120 finished with value: 0.07358336658519445 and parameters: {'rho_e': 0.05058960062499556, 'rho_d': 1e-05, 'nu': 13, 'sigma': 0.41014506029328407}. Best is trial 105 with value: 0.07170105834205409.
[I 2026-08-16 14:28:15,386] Trial 121 finished with value: 0.07495507772512738 and parameters: {'rho_e': 0.051535110315407424, 'rho_d': 0.00011821901349889382, 'nu': 36, 'sigma': 0.8518292710333798}. Best is trial 105 with value: 0.07170105834205409.
[I 2026-08-16 14:28:46,044] Trial 122 finished with value: 0.0787222251397703 and parameters: {'rho_e': 0.019749047493496798, 'rho_d': 1e-05, 'nu': 36, 'sigma': 1.0}. Best is trial 105 with value: 0.07170105834205409.
[I 2026-08-16 14:29:16,621] Trial 123 finished with value: 0.08640503974459547 and parameters: {'rho_e': 1e-05, 'rho_d': 1e-05, 'nu': 36, 'sigma': 0.0}. Best is trial 105 with value: 0.07170105834205409.
[I 2026-08-16 14:29:47,412] Trial 124 finished with value: 0.07147549871848792 and parameters: {'rho_e': 0.044343811958788774, 'rho_d': 1e-05, 'nu': 2, 'sigma': 0.333520546907736}. Best is trial 124 with value: 0.07147549871848792.
[I 2026-08-16 14:30:18,166] Trial 125 finished with value: 0.0733248715024402 and parameters: {'rho_e': 0.07628231799155451, 'rho_d': 4.889514538017923e-05, 'nu': 2, 'sigma': 0.6033243299566787}. Best is trial 124 with value: 0.07147549871848792.
[I 2026-08-16 14:30:48,793] Trial 126 finished with value: 0.09160351825756692 and parameters: {'rho_e': 0.0005658947402883719, 'rho_d': 1e-05, 'nu': 36, 'sigma': 1.0}. Best is trial 124 with value: 0.07147549871848792.
[I 2026-08-16 14:31:19,526] Trial 127 finished with value: 0.0743898536015768 and parameters: {'rho_e': 2.547004577396767, 'rho_d': 999.999999999998, 'nu': 30, 'sigma': 0.0}. Best is trial 124 with value: 0.07147549871848792.
[I 2026-08-16 14:31:50,136] Trial 128 finished with value: 0.07493520740719592 and parameters: {'rho_e': 0.019352217627333315, 'rho_d': 1e-05, 'nu': 36, 'sigma': 0.18787384023614423}. Best is trial 124 with value: 0.07147549871848792.
[I 2026-08-16 14:32:20,721] Trial 129 finished with value: 0.07227504286456196 and parameters: {'rho_e': 0.058767232396927105, 'rho_d': 0.0016041176510375357, 'nu': 2, 'sigma': 0.4268340107501732}. Best is trial 124 with value: 0.07147549871848792.
[I 2026-08-16 14:32:51,436] Trial 130 finished with value: 0.0795103162403652 and parameters: {'rho_e': 0.011294542505202112, 'rho_d': 0.0005391626097803796, 'nu': 36, 'sigma': 0.0}. Best is trial 124 with value: 0.07147549871848792.
[I 2026-08-16 14:33:22,181] Trial 131 finished with value: 0.07802769613849617 and parameters: {'rho_e': 0.01539033681774759, 'rho_d': 1e-05, 'nu': 36, 'sigma': 0.4907848371403458}. Best is trial 124 with value: 0.07147549871848792.
[I 2026-08-16 14:33:52,910] Trial 132 finished with value: 0.07357237291621149 and parameters: {'rho_e': 5.942562700690046, 'rho_d': 1000.0, 'nu': 2, 'sigma': 0.0}. Best is trial 124 with value: 0.07147549871848792.
[I 2026-08-16 14:34:23,623] Trial 133 finished with value: 0.07572498463377678 and parameters: {'rho_e': 0.07926041656017913, 'rho_d': 0.0009267982916533046, 'nu': 36, 'sigma': 1.0}. Best is trial 124 with value: 0.07147549871848792.
[I 2026-08-16 14:34:54,209] Trial 134 finished with value: 0.09385282431060452 and parameters: {'rho_e': 1e-05, 'rho_d': 1000.0, 'nu': 2, 'sigma': 0.0}. Best is trial 124 with value: 0.07147549871848792.
[I 2026-08-16 14:35:24,992] Trial 135 finished with value: 0.08640503974459547 and parameters: {'rho_e': 1e-05, 'rho_d': 1e-05, 'nu': 2, 'sigma': 0.0}. Best is trial 124 with value: 0.07147549871848792.
[I 2026-08-16 14:35:55,778] Trial 136 finished with value: 0.0721684332757023 and parameters: {'rho_e': 0.04458098011162486, 'rho_d': 1e-05, 'nu': 2, 'sigma': 0.2857149442114464}. Best is trial 124 with value: 0.07147549871848792.
[I 2026-08-16 14:36:26,483] Trial 137 finished with value: 0.07589932664518226 and parameters: {'rho_e': 2.76396764328117, 'rho_d': 1000.0, 'nu': 2, 'sigma': 0.22596272924293495}. Best is trial 124 with value: 0.07147549871848792.
[I 2026-08-16 14:36:57,230] Trial 138 finished with value: 0.08006415501389588 and parameters: {'rho_e': 0.010529714087278094, 'rho_d': 1e-05, 'nu': 21, 'sigma': 0.0}. Best is trial 124 with value: 0.07147549871848792.
[I 2026-08-16 14:37:27,934] Trial 139 finished with value: 0.09992177572562803 and parameters: {'rho_e': 1e-05, 'rho_d': 1000.0, 'nu': 36, 'sigma': 1.0}. Best is trial 124 with value: 0.07147549871848792.
[I 2026-08-16 14:37:58,678] Trial 140 finished with value: 0.0747140349242637 and parameters: {'rho_e': 0.039106937680019334, 'rho_d': 4.85250218590024e-05, 'nu': 36, 'sigma': 0.3738789001631474}. Best is trial 124 with value: 0.07147549871848792.
[I 2026-08-16 14:38:29,261] Trial 141 finished with value: 0.08576192525627904 and parameters: {'rho_e': 0.3608764163176897, 'rho_d': 999.999999999998, 'nu': 2, 'sigma': 0.4181099529948549}. Best is trial 124 with value: 0.07147549871848792.
[I 2026-08-16 14:38:59,985] Trial 142 finished with value: 0.07402566568935234 and parameters: {'rho_e': 2.8558336403785103, 'rho_d': 1000.0, 'nu': 14, 'sigma': 0.0}. Best is trial 124 with value: 0.07147549871848792.
[I 2026-08-16 14:39:30,707] Trial 143 finished with value: 0.07721894868633032 and parameters: {'rho_e': 0.05480423478115704, 'rho_d': 1e-05, 'nu': 36, 'sigma': 0.26284467957056334}. Best is trial 124 with value: 0.07147549871848792.
[I 2026-08-16 14:40:01,455] Trial 144 finished with value: 0.07173686997349839 and parameters: {'rho_e': 0.05282907837841339, 'rho_d': 0.0005920171089860965, 'nu': 2, 'sigma': 0.354374652037801}. Best is trial 124 with value: 0.07147549871848792.
[I 2026-08-16 14:40:32,113] Trial 145 finished with value: 0.0718009725054777 and parameters: {'rho_e': 0.04252371545563814, 'rho_d': 1e-05, 'nu': 2, 'sigma': 0.3720756212634241}. Best is trial 124 with value: 0.07147549871848792.
[I 2026-08-16 14:41:02,827] Trial 146 finished with value: 0.0718957647719534 and parameters: {'rho_e': 0.050650141469270216, 'rho_d': 0.0012655296585759393, 'nu': 2, 'sigma': 0.3089092719766151}. Best is trial 124 with value: 0.07147549871848792.
[I 2026-08-16 14:41:33,468] Trial 147 finished with value: 0.07413997602057465 and parameters: {'rho_e': 0.03107259787777684, 'rho_d': 0.0005074963542346273, 'nu': 36, 'sigma': 0.5660450431495365}. Best is trial 124 with value: 0.07147549871848792.
[I 2026-08-16 14:42:04,688] Trial 148 finished with value: 0.09481549933036026 and parameters: {'rho_e': 1000.0, 'rho_d': 1e-05, 'nu': 36, 'sigma': 1.0}. Best is trial 124 with value: 0.07147549871848792.
[I 2026-08-16 14:42:35,331] Trial 149 finished with value: 0.07805005165669579 and parameters: {'rho_e': 0.02220332536980104, 'rho_d': 0.0005177194450087317, 'nu': 36, 'sigma': 1.0}. Best is trial 124 with value: 0.07147549871848792.
[I 2026-08-16 14:43:06,106] Trial 150 finished with value: 0.07317137055190553 and parameters: {'rho_e': 0.05277837035744168, 'rho_d': 0.0036362633195643214, 'nu': 2, 'sigma': 0.3058719974735948}. Best is trial 124 with value: 0.07147549871848792.
[I 2026-08-16 14:43:36,826] Trial 151 finished with value: 0.07584904238185987 and parameters: {'rho_e': 0.079964408370243, 'rho_d': 1e-05, 'nu': 36, 'sigma': 1.0}. Best is trial 124 with value: 0.07147549871848792.
[I 2026-08-16 14:44:07,586] Trial 152 finished with value: 0.07132993164898312 and parameters: {'rho_e': 0.0477411466591353, 'rho_d': 0.0007529328383016627, 'nu': 2, 'sigma': 0.3818751196452495}. Best is trial 152 with value: 0.07132993164898312.
[I 2026-08-16 14:44:38,205] Trial 153 finished with value: 0.07173370458715073 and parameters: {'rho_e': 0.044710582746628764, 'rho_d': 0.0007787886407111713, 'nu': 2, 'sigma': 0.3894154870702609}. Best is trial 152 with value: 0.07132993164898312.
[I 2026-08-16 14:45:08,957] Trial 154 finished with value: 0.07205686538036088 and parameters: {'rho_e': 0.05984274506339129, 'rho_d': 0.0006440344876800922, 'nu': 2, 'sigma': 0.4231347967949223}. Best is trial 152 with value: 0.07132993164898312.
[I 2026-08-16 14:45:39,534] Trial 155 finished with value: 0.07663155872719407 and parameters: {'rho_e': 0.18109750356382237, 'rho_d': 32.19895113954538, 'nu': 36, 'sigma': 0.5741993835296781}. Best is trial 152 with value: 0.07132993164898312.
[I 2026-08-16 14:46:10,226] Trial 156 finished with value: 0.08459293883360504 and parameters: {'rho_e': 0.4110779025986144, 'rho_d': 1000.0, 'nu': 36, 'sigma': 1.0}. Best is trial 152 with value: 0.07132993164898312.
[I 2026-08-16 14:46:40,833] Trial 157 finished with value: 0.09216594610230697 and parameters: {'rho_e': 1e-05, 'rho_d': 1e-05, 'nu': 2, 'sigma': 0.6356792915641235}. Best is trial 152 with value: 0.07132993164898312.
[I 2026-08-16 14:47:11,615] Trial 158 finished with value: 0.07182993271691049 and parameters: {'rho_e': 0.04112965093401387, 'rho_d': 0.00011007559195002687, 'nu': 2, 'sigma': 0.3071509352697405}. Best is trial 152 with value: 0.07132993164898312.
[I 2026-08-16 14:47:42,296] Trial 159 finished with value: 0.10419116950718106 and parameters: {'rho_e': 1000.0, 'rho_d': 1000.0, 'nu': 2, 'sigma': 1.0}. Best is trial 152 with value: 0.07132993164898312.
[I 2026-08-16 14:48:13,045] Trial 160 finished with value: 0.07142986512631405 and parameters: {'rho_e': 0.04468435704785372, 'rho_d': 0.0003565115969430156, 'nu': 2, 'sigma': 0.3274774148723328}. Best is trial 152 with value: 0.07132993164898312.
[I 2026-08-16 14:48:43,711] Trial 161 finished with value: 0.07616907352023407 and parameters: {'rho_e': 0.023855426197854517, 'rho_d': 0.0033589854328448855, 'nu': 36, 'sigma': 0.35145575428660575}. Best is trial 152 with value: 0.07132993164898312.
[I 2026-08-16 14:49:14,403] Trial 162 finished with value: 0.09055796733560567 and parameters: {'rho_e': 1000.0, 'rho_d': 0.001728406951365693, 'nu': 2, 'sigma': 1.0}. Best is trial 152 with value: 0.07132993164898312.
[I 2026-08-16 14:49:45,061] Trial 163 finished with value: 0.07317443922365735 and parameters: {'rho_e': 0.5194630811600306, 'rho_d': 49.560182737829535, 'nu': 36, 'sigma': 0.0}. Best is trial 152 with value: 0.07132993164898312.
[I 2026-08-16 14:50:15,782] Trial 164 finished with value: 0.07588154103025824 and parameters: {'rho_e': 1.4825435186838178, 'rho_d': 93.73818750293853, 'nu': 2, 'sigma': 0.0}. Best is trial 152 with value: 0.07132993164898312.
[I 2026-08-16 14:50:46,483] Trial 165 finished with value: 0.07476136687307902 and parameters: {'rho_e': 1.3136978771963836, 'rho_d': 102.32075128843654, 'nu': 36, 'sigma': 0.0}. Best is trial 152 with value: 0.07132993164898312.
[I 2026-08-16 14:51:17,236] Trial 166 finished with value: 0.07141995121118827 and parameters: {'rho_e': 0.0447524310439977, 'rho_d': 0.00034289369569061556, 'nu': 2, 'sigma': 0.3284498910604214}. Best is trial 152 with value: 0.07132993164898312.
[I 2026-08-16 14:51:47,931] Trial 167 finished with value: 0.07297450709197215 and parameters: {'rho_e': 0.4192801132652943, 'rho_d': 63.395359127410906, 'nu': 18, 'sigma': 0.0}. Best is trial 152 with value: 0.07132993164898312.
[I 2026-08-16 14:52:18,632] Trial 168 finished with value: 0.07509524282041313 and parameters: {'rho_e': 0.24241650876962542, 'rho_d': 28.59966949940513, 'nu': 2, 'sigma': 0.0}. Best is trial 152 with value: 0.07132993164898312.
[I 2026-08-16 14:52:49,342] Trial 169 finished with value: 0.07505633211909568 and parameters: {'rho_e': 0.2062227756399457, 'rho_d': 40.79639309134259, 'nu': 36, 'sigma': 0.0}. Best is trial 152 with value: 0.07132993164898312.
[I 2026-08-16 14:53:19,358] Trial 170 finished with value: 0.07152293179577769 and parameters: {'rho_e': 0.044634587910129475, 'rho_d': 0.00033833759261727803, 'nu': 2, 'sigma': 0.3303507898465785}. Best is trial 152 with value: 0.07132993164898312.
[I 2026-08-16 14:53:50,118] Trial 171 finished with value: 0.07148249768232626 and parameters: {'rho_e': 0.04921783247925133, 'rho_d': 0.00024833603416179106, 'nu': 2, 'sigma': 0.3250864970737962}. Best is trial 152 with value: 0.07132993164898312.
[I 2026-08-16 14:54:20,805] Trial 172 finished with value: 0.07975500315827623 and parameters: {'rho_e': 0.026272761713085204, 'rho_d': 0.01116456115673222, 'nu': 2, 'sigma': 0.0}. Best is trial 152 with value: 0.07132993164898312.
[I 2026-08-16 14:54:51,398] Trial 173 finished with value: 0.07283294570957805 and parameters: {'rho_e': 0.49059745694395224, 'rho_d': 60.52362019574306, 'nu': 36, 'sigma': 0.19732280477116174}. Best is trial 152 with value: 0.07132993164898312.
[I 2026-08-16 14:55:22,107] Trial 174 finished with value: 0.07925837954293533 and parameters: {'rho_e': 0.1290235678547095, 'rho_d': 30.620319251750665, 'nu': 36, 'sigma': 1.0}. Best is trial 152 with value: 0.07132993164898312.
[I 2026-08-16 14:55:52,752] Trial 175 finished with value: 0.07346235054288167 and parameters: {'rho_e': 0.7276800741407461, 'rho_d': 112.25876496925692, 'nu': 36, 'sigma': 0.41473124490917035}. Best is trial 152 with value: 0.07132993164898312.
[I 2026-08-16 14:56:22,674] Trial 176 finished with value: 0.07170380293630892 and parameters: {'rho_e': 0.04243083808395029, 'rho_d': 0.0003258451463092479, 'nu': 2, 'sigma': 0.33842083744911916}. Best is trial 152 with value: 0.07132993164898312.
[I 2026-08-16 14:56:53,298] Trial 177 finished with value: 0.07407276853135472 and parameters: {'rho_e': 3.355534595348637, 'rho_d': 1000.0, 'nu': 36, 'sigma': 0.2937136712913124}. Best is trial 152 with value: 0.07132993164898312.
[I 2026-08-16 14:57:24,107] Trial 178 finished with value: 0.07358493240007899 and parameters: {'rho_e': 6.682600978446352, 'rho_d': 1000.0, 'nu': 36, 'sigma': 0.0}. Best is trial 152 with value: 0.07132993164898312.
[I 2026-08-16 14:57:54,684] Trial 179 finished with value: 0.07614231589284226 and parameters: {'rho_e': 2.8997751879917377, 'rho_d': 1000.0, 'nu': 36, 'sigma': 0.6506620213759204}. Best is trial 152 with value: 0.07132993164898312.
[I 2026-08-16 14:58:25,286] Trial 180 finished with value: 0.07408111798108102 and parameters: {'rho_e': 0.428348482089761, 'rho_d': 113.04802996572006, 'nu': 2, 'sigma': 0.0}. Best is trial 152 with value: 0.07132993164898312.
