[I 2026-08-16 23:30:45,814] Trial 88 finished with value: 0.10465339408077352 and parameters: {'rho_e': 20.05100372778324, 'rho_d': 240.04651052859904, 'nu': 32, 'sigma': 0.6632310659426867}. Best is trial 65 with value: 0.07327754563056543.
[I 2026-08-16 23:31:27,213] Trial 89 finished with value: 0.08330747823234225 and parameters: {'rho_e': 14.535026447759645, 'rho_d': 0.00019912265665459548, 'nu': 3, 'sigma': 0.6507498885502383}. Best is trial 65 with value: 0.07327754563056543.
[I 2026-08-16 23:32:09,181] Trial 90 finished with value: 0.07981201872905022 and parameters: {'rho_e': 0.28140290229323806, 'rho_d': 527.6607569870137, 'nu': 27, 'sigma': 0.2728631205517334}. Best is trial 65 with value: 0.07327754563056543.
[I 2026-08-16 23:32:49,888] Trial 91 finished with value: 0.08873569539349555 and parameters: {'rho_e': 5.485200242835515e-05, 'rho_d': 0.5105224667918634, 'nu': 7, 'sigma': 0.43595692900403227}. Best is trial 65 with value: 0.07327754563056543.
[I 2026-08-16 23:33:31,454] Trial 92 finished with value: 0.08019258799135703 and parameters: {'rho_e': 8.336341425228934e-05, 'rho_d': 0.0005794827126532159, 'nu': 29, 'sigma': 0.3821765731577653}. Best is trial 65 with value: 0.07327754563056543.
[I 2026-08-16 23:34:12,974] Trial 93 finished with value: 0.09576608518432174 and parameters: {'rho_e': 0.00038047924661825585, 'rho_d': 0.001078044841329357, 'nu': 9, 'sigma': 0.9819704824560707}. Best is trial 65 with value: 0.07327754563056543.
[I 2026-08-16 23:34:53,829] Trial 94 finished with value: 0.10689310500794338 and parameters: {'rho_e': 992.4492503377901, 'rho_d': 224.539692942945, 'nu': 23, 'sigma': 0.41514563562753076}. Best is trial 65 with value: 0.07327754563056543.
[I 2026-08-16 23:35:35,167] Trial 95 finished with value: 0.07357068613179374 and parameters: {'rho_e': 0.031764010262606016, 'rho_d': 0.0008756819049872257, 'nu': 14, 'sigma': 0.5301312561385396}. Best is trial 65 with value: 0.07327754563056543.
[I 2026-08-16 23:36:15,636] Trial 96 finished with value: 0.07699021942997263 and parameters: {'rho_e': 0.00022222847061875202, 'rho_d': 0.0001738050296441543, 'nu': 13, 'sigma': 0.025223925458757613}. Best is trial 65 with value: 0.07327754563056543.
[I 2026-08-16 23:36:57,123] Trial 97 finished with value: 0.09228883108554421 and parameters: {'rho_e': 29.574688674829023, 'rho_d': 2.855641724548162e-05, 'nu': 27, 'sigma': 0.8224464280175334}. Best is trial 65 with value: 0.07327754563056543.
[I 2026-08-16 23:37:38,340] Trial 98 finished with value: 0.08834536006840196 and parameters: {'rho_e': 0.00889875840901572, 'rho_d': 1.9427635266660284, 'nu': 18, 'sigma': 0.22802846369653387}. Best is trial 65 with value: 0.07327754563056543.
[I 2026-08-16 23:38:21,395] Trial 99 finished with value: 0.10087163662066319 and parameters: {'rho_e': 359.3652997994175, 'rho_d': 61.41717882969804, 'nu': 20, 'sigma': 0.5626303589657099}. Best is trial 65 with value: 0.07327754563056543.
[I 2026-08-16 23:39:06,042] Trial 100 finished with value: 0.07030341013080171 and parameters: {'rho_e': 0.030150300119324087, 'rho_d': 0.00013208995724197365, 'nu': 2, 'sigma': 0.4392277973095274}. Best is trial 100 with value: 0.07030341013080171.
[I 2026-08-16 23:39:48,275] Trial 101 finished with value: 0.06978548676218527 and parameters: {'rho_e': 0.023088975576242343, 'rho_d': 1e-05, 'nu': 2, 'sigma': 0.40061837917237186}. Best is trial 101 with value: 0.06978548676218527.
[I 2026-08-16 23:40:27,768] Trial 102 finished with value: 0.07650332444677282 and parameters: {'rho_e': 0.0068265988569284845, 'rho_d': 1e-05, 'nu': 2, 'sigma': 0.23610436028800932}. Best is trial 101 with value: 0.06978548676218527.
[I 2026-08-16 23:41:06,174] Trial 103 finished with value: 0.07114130156933916 and parameters: {'rho_e': 0.04848077417711708, 'rho_d': 1e-05, 'nu': 2, 'sigma': 0.474994210164072}. Best is trial 101 with value: 0.06978548676218527.
[I 2026-08-16 23:41:43,710] Trial 104 finished with value: 0.07725029689558864 and parameters: {'rho_e': 1e-05, 'rho_d': 1e-05, 'nu': 36, 'sigma': 0.0}. Best is trial 101 with value: 0.06978548676218527.
[I 2026-08-16 23:42:25,080] Trial 105 finished with value: 0.08516343213401521 and parameters: {'rho_e': 442.2390417011845, 'rho_d': 0.0012941086187366168, 'nu': 2, 'sigma': 1.0}. Best is trial 101 with value: 0.06978548676218527.
[I 2026-08-16 23:43:07,017] Trial 106 finished with value: 0.07725029689558864 and parameters: {'rho_e': 1e-05, 'rho_d': 1e-05, 'nu': 2, 'sigma': 0.0}. Best is trial 101 with value: 0.06978548676218527.
[I 2026-08-16 23:43:48,978] Trial 107 finished with value: 0.0710124438898454 and parameters: {'rho_e': 0.03786021627575509, 'rho_d': 4.680084416906895e-05, 'nu': 2, 'sigma': 0.44414563701253007}. Best is trial 101 with value: 0.06978548676218527.
[I 2026-08-16 23:44:30,951] Trial 108 finished with value: 0.07488977872552208 and parameters: {'rho_e': 0.02963881073114385, 'rho_d': 1e-05, 'nu': 17, 'sigma': 0.4391859047770345}. Best is trial 101 with value: 0.06978548676218527.
[I 2026-08-16 23:45:12,867] Trial 109 finished with value: 0.07724969177780336 and parameters: {'rho_e': 0.00021001018686345502, 'rho_d': 1e-05, 'nu': 36, 'sigma': 0.0}. Best is trial 101 with value: 0.06978548676218527.
[I 2026-08-16 23:45:54,978] Trial 110 finished with value: 0.07098800483655868 and parameters: {'rho_e': 0.03318443318469451, 'rho_d': 8.762690722244123e-05, 'nu': 2, 'sigma': 0.40293625909167413}. Best is trial 101 with value: 0.06978548676218527.
[I 2026-08-16 23:46:36,243] Trial 111 finished with value: 0.08059621902369414 and parameters: {'rho_e': 0.43671705814885386, 'rho_d': 1000.0, 'nu': 2, 'sigma': 0.0}. Best is trial 101 with value: 0.06978548676218527.
[I 2026-08-16 23:47:19,335] Trial 112 finished with value: 0.07030867184662928 and parameters: {'rho_e': 0.05167415859549091, 'rho_d': 6.13740946100582e-05, 'nu': 2, 'sigma': 0.5309991353272686}. Best is trial 101 with value: 0.06978548676218527.
[I 2026-08-16 23:48:02,687] Trial 113 finished with value: 0.07002222255784882 and parameters: {'rho_e': 0.04438355942171117, 'rho_d': 1e-05, 'nu': 2, 'sigma': 0.5355739304633326}. Best is trial 101 with value: 0.06978548676218527.
[I 2026-08-16 23:48:45,557] Trial 114 finished with value: 0.06990056420486951 and parameters: {'rho_e': 0.03243807952681809, 'rho_d': 3.354267375492617e-05, 'nu': 2, 'sigma': 0.5028700824955428}. Best is trial 101 with value: 0.06978548676218527.
[I 2026-08-16 23:49:27,912] Trial 115 finished with value: 0.0701073075984315 and parameters: {'rho_e': 0.03115400354819089, 'rho_d': 2.9669907756480457e-05, 'nu': 2, 'sigma': 0.5009038342369859}. Best is trial 101 with value: 0.06978548676218527.
[I 2026-08-16 23:50:09,116] Trial 116 finished with value: 0.07000902471265438 and parameters: {'rho_e': 0.032374334946388285, 'rho_d': 1e-05, 'nu': 2, 'sigma': 0.5108505445411374}. Best is trial 101 with value: 0.06978548676218527.
[I 2026-08-16 23:50:51,006] Trial 117 finished with value: 0.07008916811354782 and parameters: {'rho_e': 0.028720140925681127, 'rho_d': 2.7843910217884908e-05, 'nu': 2, 'sigma': 0.4950501516605901}. Best is trial 101 with value: 0.06978548676218527.
[I 2026-08-16 23:51:32,867] Trial 118 finished with value: 0.07056931674188265 and parameters: {'rho_e': 0.02977895424575507, 'rho_d': 1e-05, 'nu': 2, 'sigma': 0.5055569027780987}. Best is trial 101 with value: 0.06978548676218527.
[I 2026-08-16 23:52:13,792] Trial 119 finished with value: 0.07028168600412629 and parameters: {'rho_e': 0.026750492579833612, 'rho_d': 3.784586674119823e-05, 'nu': 2, 'sigma': 0.48431475345173114}. Best is trial 101 with value: 0.06978548676218527.
[I 2026-08-16 23:52:55,820] Trial 120 finished with value: 0.07683275000105168 and parameters: {'rho_e': 0.004643612687173742, 'rho_d': 1e-05, 'nu': 36, 'sigma': 0.0}. Best is trial 101 with value: 0.06978548676218527.
[I 2026-08-16 23:53:37,549] Trial 121 finished with value: 0.0837961314774932 and parameters: {'rho_e': 0.3729904018603082, 'rho_d': 1000.0, 'nu': 36, 'sigma': 1.0}. Best is trial 101 with value: 0.06978548676218527.
[I 2026-08-16 23:54:18,835] Trial 122 finished with value: 0.07011644163601283 and parameters: {'rho_e': 0.04498869544208593, 'rho_d': 5.096744764072221e-05, 'nu': 2, 'sigma': 0.5525053123135409}. Best is trial 101 with value: 0.06978548676218527.
[I 2026-08-16 23:55:00,831] Trial 123 finished with value: 0.07808990970238061 and parameters: {'rho_e': 1e-05, 'rho_d': 0.001835891774585852, 'nu': 2, 'sigma': 0.0}. Best is trial 101 with value: 0.06978548676218527.
[I 2026-08-16 23:55:42,293] Trial 124 finished with value: 0.07143878251743414 and parameters: {'rho_e': 0.06288495916012256, 'rho_d': 1e-05, 'nu': 2, 'sigma': 0.6367154031615072}. Best is trial 101 with value: 0.06978548676218527.
[I 2026-08-16 23:56:25,935] Trial 125 finished with value: 0.07754943462104016 and parameters: {'rho_e': 0.004966005672273597, 'rho_d': 0.0017824052345333386, 'nu': 2, 'sigma': 0.0}. Best is trial 101 with value: 0.06978548676218527.
[I 2026-08-16 23:57:09,277] Trial 126 finished with value: 0.07040407270821997 and parameters: {'rho_e': 0.049030100667227614, 'rho_d': 0.00016692135357329117, 'nu': 2, 'sigma': 0.5862144517567286}. Best is trial 101 with value: 0.06978548676218527.
[I 2026-08-16 23:57:51,052] Trial 127 finished with value: 0.07929328741689014 and parameters: {'rho_e': 0.6601931161927599, 'rho_d': 999.999999999998, 'nu': 36, 'sigma': 0.0}. Best is trial 101 with value: 0.06978548676218527.
[I 2026-08-16 23:58:33,304] Trial 128 finished with value: 0.07008671983854611 and parameters: {'rho_e': 0.023302637426664205, 'rho_d': 1e-05, 'nu': 2, 'sigma': 0.46977894557572886}. Best is trial 101 with value: 0.06978548676218527.
[I 2026-08-16 23:59:14,329] Trial 129 finished with value: 0.08500065775413675 and parameters: {'rho_e': 1e-05, 'rho_d': 1e-05, 'nu': 36, 'sigma': 1.0}. Best is trial 101 with value: 0.06978548676218527.
[I 2026-08-16 23:59:56,308] Trial 130 finished with value: 0.07067531850652958 and parameters: {'rho_e': 0.0187572244724455, 'rho_d': 6.397263426352705e-05, 'nu': 2, 'sigma': 0.43822193712412594}. Best is trial 101 with value: 0.06978548676218527.
[I 2026-08-17 00:00:37,801] Trial 131 finished with value: 0.0700146481228047 and parameters: {'rho_e': 0.025428170481516372, 'rho_d': 1e-05, 'nu': 2, 'sigma': 0.417810363172535}. Best is trial 101 with value: 0.06978548676218527.
[I 2026-08-17 00:01:18,753] Trial 132 finished with value: 0.07702096413436402 and parameters: {'rho_e': 0.004287607082524768, 'rho_d': 0.0008483797098489203, 'nu': 36, 'sigma': 0.0}. Best is trial 101 with value: 0.06978548676218527.
[I 2026-08-17 00:02:00,708] Trial 133 finished with value: 0.0789408103054475 and parameters: {'rho_e': 0.022270981783575, 'rho_d': 1e-05, 'nu': 2, 'sigma': 0.0}. Best is trial 101 with value: 0.06978548676218527.
[I 2026-08-17 00:02:41,761] Trial 134 finished with value: 0.06970219277126594 and parameters: {'rho_e': 0.023257607118963717, 'rho_d': 1e-05, 'nu': 2, 'sigma': 0.4510077425482703}. Best is trial 134 with value: 0.06970219277126594.
[I 2026-08-17 00:03:23,849] Trial 135 finished with value: 0.07725028556333324 and parameters: {'rho_e': 6.384299920171887e-05, 'rho_d': 1e-05, 'nu': 2, 'sigma': 0.0}. Best is trial 134 with value: 0.06970219277126594.
[I 2026-08-17 00:04:06,173] Trial 136 finished with value: 0.07014633696717026 and parameters: {'rho_e': 0.020831809546173936, 'rho_d': 1e-05, 'nu': 2, 'sigma': 0.4651141829806959}. Best is trial 134 with value: 0.06970219277126594.
[I 2026-08-17 00:04:48,631] Trial 137 finished with value: 0.07895337187576876 and parameters: {'rho_e': 0.08593701193197463, 'rho_d': 1e-05, 'nu': 36, 'sigma': 1.0}. Best is trial 134 with value: 0.06970219277126594.
[I 2026-08-17 00:05:31,982] Trial 138 finished with value: 0.076134732450425 and parameters: {'rho_e': 0.009033559997690854, 'rho_d': 0.00018241973123669488, 'nu': 36, 'sigma': 0.3566067002065803}. Best is trial 134 with value: 0.06970219277126594.
[I 2026-08-17 00:06:14,631] Trial 139 finished with value: 0.09378409614733335 and parameters: {'rho_e': 1000.0, 'rho_d': 1e-05, 'nu': 36, 'sigma': 1.0}. Best is trial 134 with value: 0.06970219277126594.
[I 2026-08-17 00:06:56,110] Trial 140 finished with value: 0.08514765643639682 and parameters: {'rho_e': 1000.0, 'rho_d': 2.260121708386969, 'nu': 2, 'sigma': 1.0}. Best is trial 134 with value: 0.06970219277126594.
[I 2026-08-17 00:07:38,317] Trial 141 finished with value: 0.08076007532145801 and parameters: {'rho_e': 1e-05, 'rho_d': 0.0014224267878677982, 'nu': 36, 'sigma': 0.5190611429015296}. Best is trial 134 with value: 0.06970219277126594.
[I 2026-08-17 00:08:19,326] Trial 142 finished with value: 0.06968491169351754 and parameters: {'rho_e': 0.024227745556552778, 'rho_d': 1e-05, 'nu': 2, 'sigma': 0.410152369911318}. Best is trial 142 with value: 0.06968491169351754.
[I 2026-08-17 00:09:01,228] Trial 143 finished with value: 0.07176665762847165 and parameters: {'rho_e': 0.09072777747186377, 'rho_d': 0.0001614196271302072, 'nu': 2, 'sigma': 0.6695034347177784}. Best is trial 142 with value: 0.06968491169351754.
[I 2026-08-17 00:09:42,873] Trial 144 finished with value: 0.06994545563772805 and parameters: {'rho_e': 0.023348562303256153, 'rho_d': 1e-05, 'nu': 2, 'sigma': 0.399696188359195}. Best is trial 142 with value: 0.06968491169351754.
[I 2026-08-17 00:10:23,728] Trial 145 finished with value: 0.08508916651813903 and parameters: {'rho_e': 57.156702568131394, 'rho_d': 1e-05, 'nu': 2, 'sigma': 1.0}. Best is trial 142 with value: 0.06968491169351754.
[I 2026-08-17 00:11:05,537] Trial 146 finished with value: 0.06955783221183265 and parameters: {'rho_e': 0.022315192760524478, 'rho_d': 1e-05, 'nu': 2, 'sigma': 0.39579288714727967}. Best is trial 146 with value: 0.06955783221183265.
[I 2026-08-17 00:11:46,980] Trial 147 finished with value: 0.0786107665509142 and parameters: {'rho_e': 0.00010364548298021407, 'rho_d': 0.005872646574901403, 'nu': 2, 'sigma': 0.0}. Best is trial 146 with value: 0.06955783221183265.
[I 2026-08-17 00:12:29,663] Trial 148 finished with value: 0.06986996081515773 and parameters: {'rho_e': 0.015727275801009823, 'rho_d': 0.0009274207812251402, 'nu': 2, 'sigma': 0.2992259442573758}. Best is trial 146 with value: 0.06955783221183265.
[I 2026-08-17 00:13:12,561] Trial 149 finished with value: 0.07185104318702105 and parameters: {'rho_e': 0.020468223945542367, 'rho_d': 0.0021389325697054764, 'nu': 2, 'sigma': 0.23339194332370847}. Best is trial 146 with value: 0.06955783221183265.
[I 2026-08-17 00:13:55,210] Trial 150 finished with value: 0.07192287737716514 and parameters: {'rho_e': 0.014408770279317092, 'rho_d': 0.0007369036835564114, 'nu': 2, 'sigma': 0.36165462124703945}. Best is trial 146 with value: 0.06955783221183265.
[I 2026-08-17 00:14:38,340] Trial 151 finished with value: 0.06992055066628575 and parameters: {'rho_e': 0.026433687577641255, 'rho_d': 1e-05, 'nu': 2, 'sigma': 0.3966557726561367}. Best is trial 146 with value: 0.06955783221183265.
[I 2026-08-17 00:15:20,095] Trial 152 finished with value: 0.06995652298585439 and parameters: {'rho_e': 0.023855050381305008, 'rho_d': 1e-05, 'nu': 2, 'sigma': 0.37130904035969275}. Best is trial 146 with value: 0.06955783221183265.
[I 2026-08-17 00:16:02,038] Trial 153 finished with value: 0.0981546651417591 and parameters: {'rho_e': 0.014903507385638474, 'rho_d': 1000.0, 'nu': 36, 'sigma': 1.0}. Best is trial 146 with value: 0.06955783221183265.
[I 2026-08-17 00:16:44,130] Trial 154 finished with value: 0.06960022902671772 and parameters: {'rho_e': 0.020604568617896838, 'rho_d': 1e-05, 'nu': 2, 'sigma': 0.41954565296000446}. Best is trial 146 with value: 0.06955783221183265.
[I 2026-08-17 00:17:24,853] Trial 155 finished with value: 0.06941121416404629 and parameters: {'rho_e': 0.02027867502106764, 'rho_d': 1e-05, 'nu': 2, 'sigma': 0.4038849596984307}. Best is trial 155 with value: 0.06941121416404629.
[I 2026-08-17 00:18:06,685] Trial 156 finished with value: 0.07862628189692697 and parameters: {'rho_e': 0.03939790497784457, 'rho_d': 0.005484186971902758, 'nu': 36, 'sigma': 0.598064821318704}. Best is trial 155 with value: 0.06941121416404629.
[I 2026-08-17 00:18:48,277] Trial 157 finished with value: 0.09498068654091016 and parameters: {'rho_e': 1e-05, 'rho_d': 1000.0, 'nu': 2, 'sigma': 0.0}. Best is trial 155 with value: 0.06941121416404629.
[I 2026-08-17 00:19:29,528] Trial 158 finished with value: 0.07810204011186295 and parameters: {'rho_e': 0.7893229488362364, 'rho_d': 1000.0, 'nu': 36, 'sigma': 0.5171079527375306}. Best is trial 155 with value: 0.06941121416404629.
[I 2026-08-17 00:20:11,449] Trial 159 finished with value: 0.07813366168544697 and parameters: {'rho_e': 0.0012210898314906418, 'rho_d': 1e-05, 'nu': 36, 'sigma': 0.2816436957653367}. Best is trial 155 with value: 0.06941121416404629.
[I 2026-08-17 00:20:52,625] Trial 160 finished with value: 0.085124294558721 and parameters: {'rho_e': 95.28199609316633, 'rho_d': 0.08372571098255716, 'nu': 2, 'sigma': 1.0}. Best is trial 155 with value: 0.06941121416404629.
[I 2026-08-17 00:21:35,169] Trial 161 finished with value: 0.07001389789098114 and parameters: {'rho_e': 0.01858035004288382, 'rho_d': 0.00012072096656663513, 'nu': 2, 'sigma': 0.2996630942544678}. Best is trial 155 with value: 0.06941121416404629.
[I 2026-08-17 00:22:18,428] Trial 162 finished with value: 0.08221008146162104 and parameters: {'rho_e': 1e-05, 'rho_d': 1e-05, 'nu': 2, 'sigma': 0.33023255779475597}. Best is trial 155 with value: 0.06941121416404629.
[I 2026-08-17 00:23:00,876] Trial 163 finished with value: 0.0699246353049301 and parameters: {'rho_e': 0.018558128599168375, 'rho_d': 0.0001992670033560968, 'nu': 2, 'sigma': 0.2822207016076726}. Best is trial 155 with value: 0.06941121416404629.
[I 2026-08-17 00:23:43,748] Trial 164 finished with value: 0.06991113325561288 and parameters: {'rho_e': 0.01965690383012763, 'rho_d': 2.8452325656064457e-05, 'nu': 2, 'sigma': 0.35815856366638277}. Best is trial 155 with value: 0.06941121416404629.
[I 2026-08-17 00:24:24,903] Trial 165 finished with value: 0.07485768581100774 and parameters: {'rho_e': 0.1091003215239633, 'rho_d': 1e-05, 'nu': 2, 'sigma': 1.0}. Best is trial 155 with value: 0.06941121416404629.
[I 2026-08-17 00:25:06,881] Trial 166 finished with value: 0.07724387394936216 and parameters: {'rho_e': 8.825821359271903e-05, 'rho_d': 0.0004025406225473303, 'nu': 36, 'sigma': 0.0}. Best is trial 155 with value: 0.06941121416404629.
[I 2026-08-17 00:25:48,678] Trial 167 finished with value: 0.07868322059875663 and parameters: {'rho_e': 0.10132350395812299, 'rho_d': 2.1973096801802297, 'nu': 2, 'sigma': 0.0}. Best is trial 155 with value: 0.06941121416404629.
[I 2026-08-17 00:26:29,689] Trial 168 finished with value: 0.06969154418747363 and parameters: {'rho_e': 0.019471237091897745, 'rho_d': 1e-05, 'nu': 2, 'sigma': 0.35567681903865117}. Best is trial 155 with value: 0.06941121416404629.
[I 2026-08-17 00:27:11,576] Trial 169 finished with value: 0.06983876694000189 and parameters: {'rho_e': 0.01971484540964758, 'rho_d': 2.684339974489519e-05, 'nu': 2, 'sigma': 0.360750424631206}. Best is trial 155 with value: 0.06941121416404629.
[I 2026-08-17 00:27:52,388] Trial 170 finished with value: 0.08032967891371601 and parameters: {'rho_e': 0.3699256011382018, 'rho_d': 13.677705785592334, 'nu': 2, 'sigma': 0.3069186504236771}. Best is trial 155 with value: 0.06941121416404629.
[I 2026-08-17 00:28:34,417] Trial 171 finished with value: 0.06996522102024205 and parameters: {'rho_e': 0.018236434623451973, 'rho_d': 1e-05, 'nu': 2, 'sigma': 0.3830639652620807}. Best is trial 155 with value: 0.06941121416404629.
[I 2026-08-17 00:29:15,433] Trial 172 finished with value: 0.07907183492371817 and parameters: {'rho_e': 1e-05, 'rho_d': 1e-05, 'nu': 36, 'sigma': 0.33885359717442326}. Best is trial 155 with value: 0.06941121416404629.
[I 2026-08-17 00:29:54,789] Trial 173 finished with value: 0.0705797935135575 and parameters: {'rho_e': 0.014006756603653468, 'rho_d': 0.00029099646636079136, 'nu': 2, 'sigma': 0.23703359881989047}. Best is trial 155 with value: 0.06941121416404629.
[I 2026-08-17 00:30:34,770] Trial 174 finished with value: 0.08270322451402136 and parameters: {'rho_e': 1000.0, 'rho_d': 1e-05, 'nu': 2, 'sigma': 0.7482992641159129}. Best is trial 155 with value: 0.06941121416404629.
[I 2026-08-17 00:31:13,990] Trial 175 finished with value: 0.08499964819975409 and parameters: {'rho_e': 0.00023742987362443405, 'rho_d': 1e-05, 'nu': 36, 'sigma': 1.0}. Best is trial 155 with value: 0.06941121416404629.
[I 2026-08-17 00:31:55,991] Trial 176 finished with value: 0.07725029664226879 and parameters: {'rho_e': 3.4614739962808276e-05, 'rho_d': 1e-05, 'nu': 23, 'sigma': 0.0}. Best is trial 155 with value: 0.06941121416404629.
[I 2026-08-17 00:32:38,454] Trial 177 finished with value: 0.07015555974420801 and parameters: {'rho_e': 0.018094612386586308, 'rho_d': 1e-05, 'nu': 2, 'sigma': 0.39795919574130467}. Best is trial 155 with value: 0.06941121416404629.
[I 2026-08-17 00:33:19,459] Trial 178 finished with value: 0.07723837476005493 and parameters: {'rho_e': 0.0006281637240045001, 'rho_d': 1e-05, 'nu': 2, 'sigma': 0.0}. Best is trial 155 with value: 0.06941121416404629.
[I 2026-08-17 00:34:01,487] Trial 179 finished with value: 0.07720319820098268 and parameters: {'rho_e': 0.0011055529489919843, 'rho_d': 4.024253445761071e-05, 'nu': 36, 'sigma': 0.0}. Best is trial 155 with value: 0.06941121416404629.
[I 2026-08-17 00:34:43,541] Trial 180 finished with value: 0.06944857017940984 and parameters: {'rho_e': 0.021294895838545262, 'rho_d': 2.7161418873835096e-05, 'nu': 2, 'sigma': 0.3690641613095965}. Best is trial 155 with value: 0.06941121416404629.
