[I 2026-08-16 18:19:36,237] Trial 182 finished with value: 0.08101541475345359 and parameters: {'rho_e': 1e-05, 'rho_d': 0.0010531964351249256, 'nu': 36, 'sigma': 0.0}. Best is trial 145 with value: 0.06409511125443859.
[I 2026-08-16 18:20:26,450] Trial 183 finished with value: 0.07941076967518909 and parameters: {'rho_e': 0.005992157026396203, 'rho_d': 1e-05, 'nu': 18, 'sigma': 0.2542027814670566}. Best is trial 145 with value: 0.06409511125443859.
[I 2026-08-16 18:21:16,551] Trial 184 finished with value: 0.07244836356221608 and parameters: {'rho_e': 2.982660292101945, 'rho_d': 1000.0, 'nu': 36, 'sigma': 1.0}. Best is trial 145 with value: 0.06409511125443859.
[I 2026-08-16 18:22:06,653] Trial 185 finished with value: 0.0800079788510798 and parameters: {'rho_e': 7.785337442580334e-05, 'rho_d': 1e-05, 'nu': 36, 'sigma': 0.3598190845364249}. Best is trial 145 with value: 0.06409511125443859.
[I 2026-08-16 18:22:56,614] Trial 186 finished with value: 0.07166663154828437 and parameters: {'rho_e': 1.9260098761532445, 'rho_d': 1000.0, 'nu': 36, 'sigma': 0.7835245943237604}. Best is trial 145 with value: 0.06409511125443859.
[I 2026-08-16 18:23:46,638] Trial 187 finished with value: 0.07995587927263892 and parameters: {'rho_e': 0.16438410140953133, 'rho_d': 1000.0, 'nu': 36, 'sigma': 0.0}. Best is trial 145 with value: 0.06409511125443859.
[I 2026-08-16 18:24:35,666] Trial 188 finished with value: 0.09084720709800398 and parameters: {'rho_e': 0.00020550544124173993, 'rho_d': 1000.0, 'nu': 36, 'sigma': 1.0}. Best is trial 145 with value: 0.06409511125443859.
[I 2026-08-16 18:25:24,261] Trial 189 finished with value: 0.09257281013814059 and parameters: {'rho_e': 0.6752267621176686, 'rho_d': 1e-05, 'nu': 2, 'sigma': 1.0}. Best is trial 145 with value: 0.06409511125443859.
[I 2026-08-16 18:26:15,050] Trial 190 finished with value: 0.06409511125443859 and parameters: {'rho_e': 0.08312379405934436, 'rho_d': 0.15564620359310105, 'nu': 2, 'sigma': 0.20931204960058483}. Best is trial 145 with value: 0.06409511125443859.
[I 2026-08-16 18:27:05,009] Trial 191 finished with value: 0.06409511125443859 and parameters: {'rho_e': 0.08312379405934436, 'rho_d': 0.15564620359310105, 'nu': 2, 'sigma': 0.20931204960058483}. Best is trial 145 with value: 0.06409511125443859.
[I 2026-08-16 18:27:55,503] Trial 192 finished with value: 0.06409511125443859 and parameters: {'rho_e': 0.08312379405934436, 'rho_d': 0.15564620359310105, 'nu': 2, 'sigma': 0.20931204960058483}. Best is trial 145 with value: 0.06409511125443859.
[I 2026-08-16 18:28:45,919] Trial 193 finished with value: 0.06409511125443859 and parameters: {'rho_e': 0.08312379405934421, 'rho_d': 0.15564620359310105, 'nu': 2, 'sigma': 0.20931204960058483}. Best is trial 145 with value: 0.06409511125443859.
[I 2026-08-16 18:29:35,969] Trial 194 finished with value: 0.06409511125443859 and parameters: {'rho_e': 0.08312379405934436, 'rho_d': 0.15564620359310105, 'nu': 2, 'sigma': 0.20931204960058483}. Best is trial 145 with value: 0.06409511125443859.
[I 2026-08-16 18:30:26,540] Trial 195 finished with value: 0.06409511125443859 and parameters: {'rho_e': 0.08312379405934436, 'rho_d': 0.15564620359310105, 'nu': 2, 'sigma': 0.20931204960058483}. Best is trial 145 with value: 0.06409511125443859.
[I 2026-08-16 18:31:09,799] Trial 196 finished with value: 0.06409511125443859 and parameters: {'rho_e': 0.08312379405934436, 'rho_d': 0.15564620359310105, 'nu': 2, 'sigma': 0.20931204960058483}. Best is trial 145 with value: 0.06409511125443859.
[I 2026-08-16 18:31:52,892] Trial 197 finished with value: 0.06409511125443859 and parameters: {'rho_e': 0.08312379405934436, 'rho_d': 0.15564620359310105, 'nu': 2, 'sigma': 0.20931204960058483}. Best is trial 145 with value: 0.06409511125443859.
[I 2026-08-16 18:32:35,709] Trial 198 finished with value: 0.06409511125443859 and parameters: {'rho_e': 0.08312379405934436, 'rho_d': 0.15564620359310105, 'nu': 2, 'sigma': 0.20931204960058483}. Best is trial 145 with value: 0.06409511125443859.
[I 2026-08-16 18:33:18,587] Trial 199 finished with value: 0.06409511125443859 and parameters: {'rho_e': 0.08312379405934436, 'rho_d': 0.15564620359310105, 'nu': 2, 'sigma': 0.20931204960058483}. Best is trial 145 with value: 0.06409511125443859.
/home/gterren/dynamic_update/functional_forecast_dynamic_update/scripts/validate_zone_ffc_mpi.py:1094: FutureWarning: The behavior of DataFrame concatenation with empty or all-NA entries is deprecated. In a future version, this will no longer exclude empty or all-NA columns when determining the result dtypes. To retain the old behavior, exclude the relevant entries before the concat operation.
  results_df = pd.concat([results_df, prob_results], axis = 0, ignore_index=True)
