[I 2026-08-16 12:18:19,029] Trial 88 finished with value: 0.08578462310679544 and parameters: {'rho_e': 0.10955683436189492, 'rho_d': 17.335641105180176, 'nu': 30, 'sigma': 0.9665030333402096}. Best is trial 2 with value: 0.07459102767618903.
[I 2026-08-16 12:18:51,142] Trial 89 finished with value: 0.08571577325997666 and parameters: {'rho_e': 404.0017816903608, 'rho_d': 1.7029913359385358, 'nu': 8, 'sigma': 0.7748778573795911}. Best is trial 2 with value: 0.07459102767618903.
[I 2026-08-16 12:19:22,988] Trial 90 finished with value: 0.08035960415437624 and parameters: {'rho_e': 6.687532104035759e-05, 'rho_d': 0.017658739928068382, 'nu': 23, 'sigma': 0.29099843561974764}. Best is trial 2 with value: 0.07459102767618903.
[I 2026-08-16 12:19:55,548] Trial 91 finished with value: 0.09674694996144204 and parameters: {'rho_e': 1.9771401749850168, 'rho_d': 0.05984121945521464, 'nu': 35, 'sigma': 0.8944799975093669}. Best is trial 2 with value: 0.07459102767618903.
[I 2026-08-16 12:20:29,326] Trial 92 finished with value: 0.08649331994954987 and parameters: {'rho_e': 40.24790330007283, 'rho_d': 200.98181792944928, 'nu': 15, 'sigma': 0.4706039997045142}. Best is trial 2 with value: 0.07459102767618903.
[I 2026-08-16 12:21:02,642] Trial 93 finished with value: 0.08342862759993927 and parameters: {'rho_e': 0.007468269893370547, 'rho_d': 1.61286970740552e-05, 'nu': 26, 'sigma': 0.7062855262944665}. Best is trial 2 with value: 0.07459102767618903.
[I 2026-08-16 12:21:36,813] Trial 94 finished with value: 0.08830695453637286 and parameters: {'rho_e': 0.0023898071675510797, 'rho_d': 0.5105799785763581, 'nu': 3, 'sigma': 0.12408622300734228}. Best is trial 2 with value: 0.07459102767618903.
[I 2026-08-16 12:22:10,190] Trial 95 finished with value: 0.07368373856395474 and parameters: {'rho_e': 0.016506505170872286, 'rho_d': 0.0067545827302765695, 'nu': 13, 'sigma': 0.15750510918850885}. Best is trial 95 with value: 0.07368373856395474.
[I 2026-08-16 12:22:42,581] Trial 96 finished with value: 0.08637059993035515 and parameters: {'rho_e': 8.919454905898495e-05, 'rho_d': 0.1301658122748069, 'nu': 23, 'sigma': 0.48334819167680704}. Best is trial 95 with value: 0.07368373856395474.
[I 2026-08-16 12:23:13,239] Trial 97 finished with value: 0.09500739262980376 and parameters: {'rho_e': 167.59176445305437, 'rho_d': 0.0003270573651194096, 'nu': 33, 'sigma': 0.8028864249055724}. Best is trial 95 with value: 0.07368373856395474.
[I 2026-08-16 12:23:45,436] Trial 98 finished with value: 0.07607237079713064 and parameters: {'rho_e': 0.0003329223434176967, 'rho_d': 0.00014468150177905916, 'nu': 2, 'sigma': 0.25371662350737295}. Best is trial 95 with value: 0.07368373856395474.
[I 2026-08-16 12:24:19,396] Trial 99 finished with value: 0.08723318292103308 and parameters: {'rho_e': 0.005144397214248984, 'rho_d': 0.0007543567094497256, 'nu': 27, 'sigma': 0.9544511364446193}. Best is trial 95 with value: 0.07368373856395474.
[I 2026-08-16 12:24:54,724] Trial 100 finished with value: 0.0729998737520608 and parameters: {'rho_e': 0.01122217327239614, 'rho_d': 0.00022156481039888563, 'nu': 7, 'sigma': 0.17432590036805942}. Best is trial 100 with value: 0.0729998737520608.
[I 2026-08-16 12:25:26,932] Trial 101 finished with value: 0.07533533675572499 and parameters: {'rho_e': 0.007418429503939984, 'rho_d': 0.00020563527156258803, 'nu': 28, 'sigma': 0.13825183489216322}. Best is trial 100 with value: 0.0729998737520608.
[I 2026-08-16 12:25:58,671] Trial 102 finished with value: 0.07159073244607084 and parameters: {'rho_e': 0.024675477420664813, 'rho_d': 0.0016441276951502245, 'nu': 2, 'sigma': 0.27006344191454795}. Best is trial 102 with value: 0.07159073244607084.
[I 2026-08-16 12:26:30,750] Trial 103 finished with value: 0.07413310501368016 and parameters: {'rho_e': 1e-05, 'rho_d': 4.00731478950371e-05, 'nu': 2, 'sigma': 0.1481010784697131}. Best is trial 102 with value: 0.07159073244607084.
[I 2026-08-16 12:27:04,055] Trial 104 finished with value: 0.08364042461735804 and parameters: {'rho_e': 61.75808521170791, 'rho_d': 1000.0, 'nu': 2, 'sigma': 1.0}. Best is trial 102 with value: 0.07159073244607084.
[I 2026-08-16 12:27:38,386] Trial 105 finished with value: 0.07752118968203288 and parameters: {'rho_e': 1e-05, 'rho_d': 1e-05, 'nu': 29, 'sigma': 0.0}. Best is trial 102 with value: 0.07159073244607084.
[I 2026-08-16 12:28:10,515] Trial 106 finished with value: 0.07523992283483177 and parameters: {'rho_e': 0.015788355980081735, 'rho_d': 0.0007075421463657839, 'nu': 2, 'sigma': 0.0}. Best is trial 102 with value: 0.07159073244607084.
[I 2026-08-16 12:28:41,595] Trial 107 finished with value: 0.07385925734778963 and parameters: {'rho_e': 0.021764515160472477, 'rho_d': 0.0011259945615215816, 'nu': 9, 'sigma': 0.2912940075241413}. Best is trial 102 with value: 0.07159073244607084.
[I 2026-08-16 12:29:12,561] Trial 108 finished with value: 0.07716687551892637 and parameters: {'rho_e': 0.00433237391590141, 'rho_d': 1e-05, 'nu': 16, 'sigma': 0.0}. Best is trial 102 with value: 0.07159073244607084.
[I 2026-08-16 12:29:46,783] Trial 109 finished with value: 0.0712551179361672 and parameters: {'rho_e': 0.025878803766848733, 'rho_d': 1e-05, 'nu': 2, 'sigma': 0.2667536787302188}. Best is trial 109 with value: 0.0712551179361672.
[I 2026-08-16 12:30:19,874] Trial 110 finished with value: 0.07141807036522763 and parameters: {'rho_e': 0.026327004915905866, 'rho_d': 6.268750130524543e-05, 'nu': 2, 'sigma': 0.27322018133007125}. Best is trial 109 with value: 0.0712551179361672.
[I 2026-08-16 12:30:53,888] Trial 111 finished with value: 0.07323415888479577 and parameters: {'rho_e': 0.02015088052404641, 'rho_d': 1e-05, 'nu': 36, 'sigma': 0.19628842292533535}. Best is trial 109 with value: 0.0712551179361672.
[I 2026-08-16 12:31:26,060] Trial 112 finished with value: 0.07028497505352382 and parameters: {'rho_e': 0.023753843440263368, 'rho_d': 1e-05, 'nu': 2, 'sigma': 0.16411239910130276}. Best is trial 112 with value: 0.07028497505352382.
[I 2026-08-16 12:31:57,073] Trial 113 finished with value: 0.07144559043224294 and parameters: {'rho_e': 0.037338991787914604, 'rho_d': 1e-05, 'nu': 2, 'sigma': 0.15116853251203377}. Best is trial 112 with value: 0.07028497505352382.
[I 2026-08-16 12:32:29,741] Trial 114 finished with value: 0.0770119012267715 and parameters: {'rho_e': 2.908228481079401, 'rho_d': 1000.0, 'nu': 23, 'sigma': 0.4344107996924837}. Best is trial 112 with value: 0.07028497505352382.
[I 2026-08-16 12:33:03,740] Trial 115 finished with value: 0.07752118928284528 and parameters: {'rho_e': 5.182835140370507e-05, 'rho_d': 1e-05, 'nu': 2, 'sigma': 0.0}. Best is trial 112 with value: 0.07028497505352382.
[I 2026-08-16 12:33:37,802] Trial 116 finished with value: 0.07129900908943904 and parameters: {'rho_e': 0.014998438379456707, 'rho_d': 1e-05, 'nu': 2, 'sigma': 0.1523546801516412}. Best is trial 112 with value: 0.07028497505352382.
[I 2026-08-16 12:34:11,324] Trial 117 finished with value: 0.07522497383779653 and parameters: {'rho_e': 1e-05, 'rho_d': 0.0011170668568118922, 'nu': 2, 'sigma': 0.23634582277310842}. Best is trial 112 with value: 0.07028497505352382.
[I 2026-08-16 12:34:42,872] Trial 118 finished with value: 0.07570585375047936 and parameters: {'rho_e': 2.3326431161038914, 'rho_d': 88.32919221944623, 'nu': 2, 'sigma': 0.4996862385690089}. Best is trial 112 with value: 0.07028497505352382.
[I 2026-08-16 12:35:15,130] Trial 119 finished with value: 0.07260009801332018 and parameters: {'rho_e': 0.02324833255053152, 'rho_d': 1e-05, 'nu': 11, 'sigma': 0.18491424977544144}. Best is trial 112 with value: 0.07028497505352382.
[I 2026-08-16 12:35:47,124] Trial 120 finished with value: 0.08499928287286572 and parameters: {'rho_e': 1e-05, 'rho_d': 1e-05, 'nu': 36, 'sigma': 0.9999999999999999}. Best is trial 112 with value: 0.07028497505352382.
[I 2026-08-16 12:36:21,238] Trial 121 finished with value: 0.08315133451296672 and parameters: {'rho_e': 1e-05, 'rho_d': 1e-05, 'nu': 2, 'sigma': 0.44597337526857356}. Best is trial 112 with value: 0.07028497505352382.
[I 2026-08-16 12:36:54,391] Trial 122 finished with value: 0.0775186935645181 and parameters: {'rho_e': 1e-05, 'rho_d': 0.00023941221844295328, 'nu': 2, 'sigma': 0.0}. Best is trial 112 with value: 0.07028497505352382.
[I 2026-08-16 12:37:27,893] Trial 123 finished with value: 0.0774868271557034 and parameters: {'rho_e': 1e-05, 'rho_d': 0.00018520127036408132, 'nu': 18, 'sigma': 0.2084749550422418}. Best is trial 112 with value: 0.07028497505352382.
[I 2026-08-16 12:38:01,406] Trial 124 finished with value: 0.07752088357109399 and parameters: {'rho_e': 0.000284960256904182, 'rho_d': 1e-05, 'nu': 36, 'sigma': 0.0}. Best is trial 112 with value: 0.07028497505352382.
[I 2026-08-16 12:38:34,233] Trial 125 finished with value: 0.07591440230541252 and parameters: {'rho_e': 0.010153597786612211, 'rho_d': 1e-05, 'nu': 36, 'sigma': 0.0}. Best is trial 112 with value: 0.07028497505352382.
[I 2026-08-16 12:39:07,021] Trial 126 finished with value: 0.0840691663233978 and parameters: {'rho_e': 1000.0, 'rho_d': 1000.0, 'nu': 2, 'sigma': 1.0}. Best is trial 112 with value: 0.07028497505352382.
[I 2026-08-16 12:39:39,390] Trial 127 finished with value: 0.07689839464560114 and parameters: {'rho_e': 0.012047482686914919, 'rho_d': 0.0004890898091541516, 'nu': 36, 'sigma': 0.40065477927533083}. Best is trial 112 with value: 0.07028497505352382.
[I 2026-08-16 12:40:13,212] Trial 128 finished with value: 0.07395166231599704 and parameters: {'rho_e': 0.006546853750753813, 'rho_d': 0.0021774524448498153, 'nu': 2, 'sigma': 0.21848482463775365}. Best is trial 112 with value: 0.07028497505352382.
[I 2026-08-16 12:40:47,227] Trial 129 finished with value: 0.07749039657951096 and parameters: {'rho_e': 1e-05, 'rho_d': 0.0008471797032234942, 'nu': 36, 'sigma': 0.0}. Best is trial 112 with value: 0.07028497505352382.
[I 2026-08-16 12:41:20,285] Trial 130 finished with value: 0.07028629551463478 and parameters: {'rho_e': 0.02554953427184814, 'rho_d': 3.714337942015868e-05, 'nu': 2, 'sigma': 0.17481197288430084}. Best is trial 112 with value: 0.07028497505352382.
[I 2026-08-16 12:41:53,061] Trial 131 finished with value: 0.07026460683152419 and parameters: {'rho_e': 0.024830074362145137, 'rho_d': 3.122617988475592e-05, 'nu': 2, 'sigma': 0.17708832958772433}. Best is trial 131 with value: 0.07026460683152419.
[I 2026-08-16 12:42:24,961] Trial 132 finished with value: 0.07040211108716574 and parameters: {'rho_e': 0.024079434939711507, 'rho_d': 2.4780100765347817e-05, 'nu': 2, 'sigma': 0.18017739943144587}. Best is trial 131 with value: 0.07026460683152419.
[I 2026-08-16 12:42:57,189] Trial 133 finished with value: 0.07044845832705637 and parameters: {'rho_e': 0.024173377140408788, 'rho_d': 2.2079657743238875e-05, 'nu': 2, 'sigma': 0.18255779373964198}. Best is trial 131 with value: 0.07026460683152419.
[I 2026-08-16 12:43:30,568] Trial 134 finished with value: 0.07057420003435236 and parameters: {'rho_e': 0.030289031896114704, 'rho_d': 0.00024356849556636453, 'nu': 2, 'sigma': 0.18403183421125113}. Best is trial 131 with value: 0.07026460683152419.
[I 2026-08-16 12:44:04,239] Trial 135 finished with value: 0.07011938233786699 and parameters: {'rho_e': 0.024766163995570897, 'rho_d': 6.96057371722986e-05, 'nu': 2, 'sigma': 0.16700195043405983}. Best is trial 135 with value: 0.07011938233786699.
[I 2026-08-16 12:44:37,533] Trial 136 finished with value: 0.07951029481645072 and parameters: {'rho_e': 2.6422197676656745, 'rho_d': 1000.0, 'nu': 36, 'sigma': 1.0}. Best is trial 135 with value: 0.07011938233786699.
[I 2026-08-16 12:45:10,679] Trial 137 finished with value: 0.08278811798712363 and parameters: {'rho_e': 1.7733680814260782, 'rho_d': 1000.0, 'nu': 36, 'sigma': 0.0}. Best is trial 135 with value: 0.07011938233786699.
[I 2026-08-16 12:45:43,786] Trial 138 finished with value: 0.0703176312583195 and parameters: {'rho_e': 0.023942475225756956, 'rho_d': 6.347269064320467e-05, 'nu': 2, 'sigma': 0.14296420441526525}. Best is trial 135 with value: 0.07011938233786699.
[I 2026-08-16 12:46:16,913] Trial 139 finished with value: 0.07009274858950867 and parameters: {'rho_e': 0.022366822389001544, 'rho_d': 0.00011400584140989028, 'nu': 2, 'sigma': 0.1754177311720518}. Best is trial 139 with value: 0.07009274858950867.
[I 2026-08-16 12:46:50,094] Trial 140 finished with value: 0.07019940956797319 and parameters: {'rho_e': 0.02307239575144858, 'rho_d': 0.00010667924475683076, 'nu': 2, 'sigma': 0.1772815938992043}. Best is trial 139 with value: 0.07009274858950867.
[I 2026-08-16 12:47:23,216] Trial 141 finished with value: 0.08317278353146215 and parameters: {'rho_e': 10.403228597278886, 'rho_d': 1000.0, 'nu': 2, 'sigma': 0.6748576194237471}. Best is trial 139 with value: 0.07009274858950867.
[I 2026-08-16 12:47:56,298] Trial 142 finished with value: 0.07750696303419277 and parameters: {'rho_e': 0.0001493632999997943, 'rho_d': 0.0005671627833945936, 'nu': 36, 'sigma': 0.0}. Best is trial 139 with value: 0.07009274858950867.
[I 2026-08-16 12:48:29,290] Trial 143 finished with value: 0.08302346258709893 and parameters: {'rho_e': 1000.0, 'rho_d': 0.0002791724972058848, 'nu': 2, 'sigma': 1.0}. Best is trial 139 with value: 0.07009274858950867.
[I 2026-08-16 12:49:02,325] Trial 144 finished with value: 0.0749856099241683 and parameters: {'rho_e': 3.9057696384881796e-05, 'rho_d': 0.00010800827774545409, 'nu': 2, 'sigma': 0.22669328796586882}. Best is trial 139 with value: 0.07009274858950867.
[I 2026-08-16 12:49:35,360] Trial 145 finished with value: 0.07869169189189681 and parameters: {'rho_e': 1e-05, 'rho_d': 1e-05, 'nu': 36, 'sigma': 0.3603251605020712}. Best is trial 139 with value: 0.07009274858950867.
[I 2026-08-16 12:50:08,381] Trial 146 finished with value: 0.07829850044549415 and parameters: {'rho_e': 0.06659381269453732, 'rho_d': 1e-05, 'nu': 36, 'sigma': 0.3420134728995616}. Best is trial 139 with value: 0.07009274858950867.
[I 2026-08-16 12:50:41,343] Trial 147 finished with value: 0.08024087384547837 and parameters: {'rho_e': 69.24555806433288, 'rho_d': 1000.0, 'nu': 36, 'sigma': 1.0}. Best is trial 139 with value: 0.07009274858950867.
[I 2026-08-16 12:51:14,893] Trial 148 finished with value: 0.07021221639411437 and parameters: {'rho_e': 0.02115961500467284, 'rho_d': 0.00022095001750845864, 'nu': 2, 'sigma': 0.17241438388309874}. Best is trial 139 with value: 0.07009274858950867.
[I 2026-08-16 12:51:47,884] Trial 149 finished with value: 0.08285349311806137 and parameters: {'rho_e': 18.623337422886465, 'rho_d': 1e-05, 'nu': 2, 'sigma': 1.0}. Best is trial 139 with value: 0.07009274858950867.
[I 2026-08-16 12:52:20,870] Trial 150 finished with value: 0.07739096416749301 and parameters: {'rho_e': 0.0009080711117359417, 'rho_d': 0.0003340402993263177, 'nu': 36, 'sigma': 0.27124283000389227}. Best is trial 139 with value: 0.07009274858950867.
[I 2026-08-16 12:52:53,850] Trial 151 finished with value: 0.0769374252920917 and parameters: {'rho_e': 0.00617451427540055, 'rho_d': 1e-05, 'nu': 36, 'sigma': 0.2949344275354692}. Best is trial 139 with value: 0.07009274858950867.
[I 2026-08-16 12:53:26,873] Trial 152 finished with value: 0.0700253941062384 and parameters: {'rho_e': 0.02286650022757093, 'rho_d': 0.00010724198959223835, 'nu': 2, 'sigma': 0.17318462076887625}. Best is trial 152 with value: 0.0700253941062384.
[I 2026-08-16 12:53:59,888] Trial 153 finished with value: 0.0765691428478062 and parameters: {'rho_e': 4.808827883009299e-05, 'rho_d': 1e-05, 'nu': 36, 'sigma': 0.14639721435061678}. Best is trial 152 with value: 0.0700253941062384.
[I 2026-08-16 12:54:32,865] Trial 154 finished with value: 0.078972755919575 and parameters: {'rho_e': 1.105398841408605, 'rho_d': 1000.0, 'nu': 2, 'sigma': 0.1990540096602693}. Best is trial 152 with value: 0.0700253941062384.
[I 2026-08-16 12:55:05,852] Trial 155 finished with value: 0.07653750859172007 and parameters: {'rho_e': 0.0002722402961443388, 'rho_d': 0.00013491365987844102, 'nu': 17, 'sigma': 0.07550633552867632}. Best is trial 152 with value: 0.0700253941062384.
[I 2026-08-16 12:55:38,793] Trial 156 finished with value: 0.09167532392080797 and parameters: {'rho_e': 999.999999999998, 'rho_d': 1000.0, 'nu': 36, 'sigma': 1.0}. Best is trial 152 with value: 0.0700253941062384.
[I 2026-08-16 12:56:11,779] Trial 157 finished with value: 0.07264304268644489 and parameters: {'rho_e': 0.06184777324468256, 'rho_d': 0.036463680597827855, 'nu': 2, 'sigma': 0.34569455679765027}. Best is trial 152 with value: 0.0700253941062384.
[I 2026-08-16 12:56:44,804] Trial 158 finished with value: 0.0707793935700878 and parameters: {'rho_e': 0.03134745640213633, 'rho_d': 0.01071731436037965, 'nu': 2, 'sigma': 0.18878760199321212}. Best is trial 152 with value: 0.0700253941062384.
[I 2026-08-16 12:57:17,842] Trial 159 finished with value: 0.07218524298985449 and parameters: {'rho_e': 0.046278453420724834, 'rho_d': 0.005523864928804467, 'nu': 2, 'sigma': 0.22974241608263848}. Best is trial 152 with value: 0.0700253941062384.
[I 2026-08-16 12:57:51,049] Trial 160 finished with value: 0.07256812703833948 and parameters: {'rho_e': 0.0225003297599966, 'rho_d': 0.019895659520301947, 'nu': 2, 'sigma': 0.2305999733236777}. Best is trial 152 with value: 0.0700253941062384.
[I 2026-08-16 12:58:24,295] Trial 161 finished with value: 0.07057619094786231 and parameters: {'rho_e': 0.02210223825455445, 'rho_d': 0.0028785382664508704, 'nu': 2, 'sigma': 0.15274084725030693}. Best is trial 152 with value: 0.0700253941062384.
[I 2026-08-16 12:58:57,772] Trial 162 finished with value: 0.07764249692448957 and parameters: {'rho_e': 0.07388900913154671, 'rho_d': 0.011948676818246538, 'nu': 2, 'sigma': 0.5524498479300625}. Best is trial 152 with value: 0.0700253941062384.
[I 2026-08-16 12:59:31,383] Trial 163 finished with value: 0.07392267467749163 and parameters: {'rho_e': 0.03333953951956483, 'rho_d': 0.02887566476982573, 'nu': 2, 'sigma': 0.09288880514291926}. Best is trial 152 with value: 0.0700253941062384.
[I 2026-08-16 13:00:04,955] Trial 164 finished with value: 0.0702392044308241 and parameters: {'rho_e': 0.021004746594997608, 'rho_d': 0.0005549506335872169, 'nu': 2, 'sigma': 0.1713548848792832}. Best is trial 152 with value: 0.0700253941062384.
[I 2026-08-16 13:00:38,414] Trial 165 finished with value: 0.07992253186049134 and parameters: {'rho_e': 112.25864772110589, 'rho_d': 0.0016530633296912758, 'nu': 2, 'sigma': 0.7310310667561676}. Best is trial 152 with value: 0.0700253941062384.
[I 2026-08-16 13:01:11,799] Trial 166 finished with value: 0.07748099070800149 and parameters: {'rho_e': 0.06497825808414545, 'rho_d': 1e-05, 'nu': 2, 'sigma': 0.5150043025784833}. Best is trial 152 with value: 0.0700253941062384.
[I 2026-08-16 13:01:45,055] Trial 167 finished with value: 0.07721112601990436 and parameters: {'rho_e': 4.1075013441430634, 'rho_d': 1000.0, 'nu': 36, 'sigma': 0.2595094620667496}. Best is trial 152 with value: 0.0700253941062384.
[I 2026-08-16 13:02:18,225] Trial 168 finished with value: 0.07849497370310526 and parameters: {'rho_e': 1000.0, 'rho_d': 1000.0, 'nu': 2, 'sigma': 0.5855360252722184}. Best is trial 152 with value: 0.0700253941062384.
[I 2026-08-16 13:02:51,358] Trial 169 finished with value: 0.11292278798095987 and parameters: {'rho_e': 1000.0, 'rho_d': 1000.0, 'nu': 36, 'sigma': 0.0}. Best is trial 152 with value: 0.0700253941062384.
[I 2026-08-16 13:03:24,533] Trial 170 finished with value: 0.07751552046035956 and parameters: {'rho_e': 0.0007550136134375535, 'rho_d': 1e-05, 'nu': 2, 'sigma': 0.0}. Best is trial 152 with value: 0.0700253941062384.
[I 2026-08-16 13:03:57,538] Trial 171 finished with value: 0.07342346188746493 and parameters: {'rho_e': 0.6647021190243895, 'rho_d': 16.413754340950664, 'nu': 2, 'sigma': 0.3416383620544293}. Best is trial 152 with value: 0.0700253941062384.
[I 2026-08-16 13:04:30,616] Trial 172 finished with value: 0.07019095785618092 and parameters: {'rho_e': 0.02213774187257944, 'rho_d': 0.00016395999589926768, 'nu': 2, 'sigma': 0.15718598112811275}. Best is trial 152 with value: 0.0700253941062384.
[I 2026-08-16 13:05:03,630] Trial 173 finished with value: 0.07505010404977877 and parameters: {'rho_e': 0.14410164253941946, 'rho_d': 0.739170971036887, 'nu': 2, 'sigma': 0.3288776711452463}. Best is trial 152 with value: 0.0700253941062384.
[I 2026-08-16 13:05:36,648] Trial 174 finished with value: 0.08499915745320913 and parameters: {'rho_e': 0.00020075346323075664, 'rho_d': 1e-05, 'nu': 36, 'sigma': 1.0}. Best is trial 152 with value: 0.0700253941062384.
[I 2026-08-16 13:06:09,604] Trial 175 finished with value: 0.08027427930408462 and parameters: {'rho_e': 1e-05, 'rho_d': 0.0028298933662126765, 'nu': 36, 'sigma': 0.5259894634876684}. Best is trial 152 with value: 0.0700253941062384.
[I 2026-08-16 13:06:42,697] Trial 176 finished with value: 0.08060916087204566 and parameters: {'rho_e': 214.45576251914946, 'rho_d': 1000.0, 'nu': 2, 'sigma': 0.6987891525385185}. Best is trial 152 with value: 0.0700253941062384.
[I 2026-08-16 13:07:15,600] Trial 177 finished with value: 0.0756743790069973 and parameters: {'rho_e': 8.868510957471772, 'rho_d': 1000.0, 'nu': 36, 'sigma': 0.7230339375841244}. Best is trial 152 with value: 0.0700253941062384.
[I 2026-08-16 13:07:48,628] Trial 178 finished with value: 0.07960559423843216 and parameters: {'rho_e': 1.4316055484414907, 'rho_d': 1000.0, 'nu': 36, 'sigma': 0.6407026957978799}. Best is trial 152 with value: 0.0700253941062384.
[I 2026-08-16 13:08:21,600] Trial 179 finished with value: 0.07539536733397652 and parameters: {'rho_e': 0.015108444572987215, 'rho_d': 0.0011876015407914081, 'nu': 36, 'sigma': 0.0}. Best is trial 152 with value: 0.0700253941062384.
[I 2026-08-16 13:08:54,562] Trial 180 finished with value: 0.07350715956902787 and parameters: {'rho_e': 0.026785440629370084, 'rho_d': 0.00016822415184407274, 'nu': 36, 'sigma': 0.156702377260554}. Best is trial 152 with value: 0.0700253941062384.
