[I 2026-08-17 00:09:51,494] Trial 181 finished with value: 0.06959232718788855 and parameters: {'rho_e': 0.017922836787804052, 'rho_d': 0.00016809963753750573, 'nu': 2, 'sigma': 0.29708070613445936}. Best is trial 158 with value: 0.0691559843254079.
[I 2026-08-17 00:10:23,929] Trial 182 finished with value: 0.06960272634990264 and parameters: {'rho_e': 0.02081150281154251, 'rho_d': 0.00022789525629186331, 'nu': 2, 'sigma': 0.36454376412775624}. Best is trial 158 with value: 0.0691559843254079.
[I 2026-08-17 00:10:55,806] Trial 183 finished with value: 0.06943885535770836 and parameters: {'rho_e': 0.020906150718461088, 'rho_d': 9.252608210273836e-05, 'nu': 2, 'sigma': 0.3414952950191104}. Best is trial 158 with value: 0.0691559843254079.
[I 2026-08-17 00:11:28,418] Trial 184 finished with value: 0.06926778470079353 and parameters: {'rho_e': 0.016642192916748143, 'rho_d': 0.0008183131434380348, 'nu': 2, 'sigma': 0.28623108380796736}. Best is trial 158 with value: 0.0691559843254079.
[I 2026-08-17 00:12:00,741] Trial 185 finished with value: 0.07554362086782157 and parameters: {'rho_e': 0.016817756882610772, 'rho_d': 0.0017077273727075873, 'nu': 36, 'sigma': 0.3129597667532771}. Best is trial 158 with value: 0.0691559843254079.
[I 2026-08-17 00:12:33,014] Trial 186 finished with value: 0.06973900866412636 and parameters: {'rho_e': 0.016320660519822602, 'rho_d': 0.0005627560950085446, 'nu': 2, 'sigma': 0.2682351434286739}. Best is trial 158 with value: 0.0691559843254079.
[I 2026-08-17 00:13:05,028] Trial 187 finished with value: 0.07720230744107923 and parameters: {'rho_e': 0.0006517762933938503, 'rho_d': 0.00047288528161448025, 'nu': 36, 'sigma': 0.0}. Best is trial 158 with value: 0.0691559843254079.
[I 2026-08-17 00:13:37,176] Trial 188 finished with value: 0.08514533943213498 and parameters: {'rho_e': 156.7141291710264, 'rho_d': 0.11914059376193303, 'nu': 2, 'sigma': 1.0}. Best is trial 158 with value: 0.0691559843254079.
[I 2026-08-17 00:14:08,301] Trial 189 finished with value: 0.07620862404464611 and parameters: {'rho_e': 0.1096796949034751, 'rho_d': 1.852021363178838, 'nu': 36, 'sigma': 0.3991622961366786}. Best is trial 158 with value: 0.0691559843254079.
[I 2026-08-17 00:14:40,514] Trial 190 finished with value: 0.06966470624518983 and parameters: {'rho_e': 0.02204906632817965, 'rho_d': 1e-05, 'nu': 2, 'sigma': 0.39608478626119636}. Best is trial 158 with value: 0.0691559843254079.
[I 2026-08-17 00:15:12,815] Trial 191 finished with value: 0.06943493997490738 and parameters: {'rho_e': 0.0180701549228065, 'rho_d': 0.0005090568679528006, 'nu': 2, 'sigma': 0.3454808965539305}. Best is trial 158 with value: 0.0691559843254079.
[I 2026-08-17 00:15:45,794] Trial 192 finished with value: 0.0699525241297867 and parameters: {'rho_e': 0.019546239289528988, 'rho_d': 0.0007391652881287793, 'nu': 2, 'sigma': 0.31453747204508964}. Best is trial 158 with value: 0.0691559843254079.
[I 2026-08-17 00:16:18,581] Trial 193 finished with value: 0.06991263622808552 and parameters: {'rho_e': 0.016698944268766912, 'rho_d': 0.0002210940974930943, 'nu': 2, 'sigma': 0.3437853863402368}. Best is trial 158 with value: 0.0691559843254079.
[I 2026-08-17 00:16:51,543] Trial 194 finished with value: 0.08203809112184572 and parameters: {'rho_e': 2.17910804978343, 'rho_d': 1000.0, 'nu': 2, 'sigma': 0.6171773947102805}. Best is trial 158 with value: 0.0691559843254079.
[I 2026-08-17 00:17:24,726] Trial 195 finished with value: 0.09354885913810804 and parameters: {'rho_e': 27.778041277233143, 'rho_d': 1e-05, 'nu': 36, 'sigma': 1.0}. Best is trial 158 with value: 0.0691559843254079.
[I 2026-08-17 00:17:57,876] Trial 196 finished with value: 0.07043213323695657 and parameters: {'rho_e': 0.01863813396444132, 'rho_d': 0.000315211693512391, 'nu': 2, 'sigma': 0.267791788785573}. Best is trial 158 with value: 0.0691559843254079.
[I 2026-08-17 00:18:30,959] Trial 197 finished with value: 0.06979402658317344 and parameters: {'rho_e': 0.01912706699273716, 'rho_d': 0.00020659040921936075, 'nu': 2, 'sigma': 0.3902944588040507}. Best is trial 158 with value: 0.0691559843254079.
[I 2026-08-17 00:19:03,837] Trial 198 finished with value: 0.07901867715629465 and parameters: {'rho_e': 0.0005257259096219781, 'rho_d': 1e-05, 'nu': 2, 'sigma': 0.21508621418378127}. Best is trial 158 with value: 0.0691559843254079.
[I 2026-08-17 00:19:36,841] Trial 199 finished with value: 0.06957906322323536 and parameters: {'rho_e': 0.023681412044505135, 'rho_d': 4.861132851269638e-05, 'nu': 2, 'sigma': 0.433019777502758}. Best is trial 158 with value: 0.0691559843254079.
/home/gterren/dynamic_update/functional_forecast_dynamic_update/scripts/validate_zone_ffc_mpi.py:1094: FutureWarning: The behavior of DataFrame concatenation with empty or all-NA entries is deprecated. In a future version, this will no longer exclude empty or all-NA columns when determining the result dtypes. To retain the old behavior, exclude the relevant entries before the concat operation.
  results_df = pd.concat([results_df, prob_results], axis = 0, ignore_index=True)
