[I 2026-08-16 23:38:23,095] Trial 88 finished with value: 0.08198298667110031 and parameters: {'rho_e': 0.10955683436189492, 'rho_d': 17.335641105180176, 'nu': 30, 'sigma': 0.9665030333402096}. Best is trial 20 with value: 0.07579271293156761.
[I 2026-08-16 23:39:08,263] Trial 89 finished with value: 0.08669637601213682 and parameters: {'rho_e': 404.0017816903608, 'rho_d': 1.7029913359385358, 'nu': 8, 'sigma': 0.7748778573795911}. Best is trial 20 with value: 0.07579271293156761.
[I 2026-08-16 23:39:52,631] Trial 90 finished with value: 0.08144522596630929 and parameters: {'rho_e': 6.687532104035759e-05, 'rho_d': 0.017658739928068382, 'nu': 23, 'sigma': 0.29099843561974764}. Best is trial 20 with value: 0.07579271293156761.
[I 2026-08-16 23:40:34,946] Trial 91 finished with value: 0.0938270122429253 and parameters: {'rho_e': 1.9771401749850168, 'rho_d': 0.05984121945521464, 'nu': 35, 'sigma': 0.8944799975093669}. Best is trial 20 with value: 0.07579271293156761.
[I 2026-08-16 23:41:16,529] Trial 92 finished with value: 0.10903954213762276 and parameters: {'rho_e': 40.24790330007283, 'rho_d': 200.98181792944928, 'nu': 15, 'sigma': 0.4706039997045142}. Best is trial 20 with value: 0.07579271293156761.
[I 2026-08-16 23:41:58,490] Trial 93 finished with value: 0.08099623920161486 and parameters: {'rho_e': 0.007468269893370547, 'rho_d': 1.61286970740552e-05, 'nu': 26, 'sigma': 0.7062855262944665}. Best is trial 20 with value: 0.07579271293156761.
[I 2026-08-16 23:42:44,265] Trial 94 finished with value: 0.08675736435987676 and parameters: {'rho_e': 0.0023898071675510797, 'rho_d': 0.5105799785763581, 'nu': 3, 'sigma': 0.12408622300734228}. Best is trial 20 with value: 0.07579271293156761.
[I 2026-08-16 23:43:30,179] Trial 95 finished with value: 0.0760626974694066 and parameters: {'rho_e': 0.016506505170872286, 'rho_d': 0.0067545827302765695, 'nu': 13, 'sigma': 0.15750510918850885}. Best is trial 20 with value: 0.07579271293156761.
[I 2026-08-16 23:44:16,085] Trial 96 finished with value: 0.08676494507252287 and parameters: {'rho_e': 8.919454905898495e-05, 'rho_d': 0.1301658122748069, 'nu': 23, 'sigma': 0.48334819167680704}. Best is trial 20 with value: 0.07579271293156761.
[I 2026-08-16 23:45:01,919] Trial 97 finished with value: 0.09607176044703154 and parameters: {'rho_e': 167.59176445305437, 'rho_d': 0.0003270573651194096, 'nu': 33, 'sigma': 0.8028864249055724}. Best is trial 20 with value: 0.07579271293156761.
[I 2026-08-16 23:45:47,312] Trial 98 finished with value: 0.08019568250993778 and parameters: {'rho_e': 0.0003329223434176967, 'rho_d': 0.00014468150177905916, 'nu': 2, 'sigma': 0.25371662350737295}. Best is trial 20 with value: 0.07579271293156761.
[I 2026-08-16 23:46:32,739] Trial 99 finished with value: 0.08622899390562017 and parameters: {'rho_e': 0.005144397214248984, 'rho_d': 0.0007543567094497256, 'nu': 27, 'sigma': 0.9544511364446193}. Best is trial 20 with value: 0.07579271293156761.
[I 2026-08-16 23:47:20,468] Trial 100 finished with value: 0.07283949493883254 and parameters: {'rho_e': 0.02396775288524502, 'rho_d': 0.0004974985573581788, 'nu': 9, 'sigma': 0.4232148570284447}. Best is trial 100 with value: 0.07283949493883254.
[I 2026-08-16 23:48:06,782] Trial 101 finished with value: 0.06979568919928911 and parameters: {'rho_e': 0.019177845208134908, 'rho_d': 1e-05, 'nu': 2, 'sigma': 0.3448438908671416}. Best is trial 101 with value: 0.06979568919928911.
[I 2026-08-16 23:48:52,756] Trial 102 finished with value: 0.07392137090268527 and parameters: {'rho_e': 0.008705408087622416, 'rho_d': 1e-05, 'nu': 2, 'sigma': 0.15041130323615032}. Best is trial 101 with value: 0.06979568919928911.
[I 2026-08-16 23:49:38,801] Trial 103 finished with value: 0.06991107964611676 and parameters: {'rho_e': 0.03151376692245227, 'rho_d': 1e-05, 'nu': 2, 'sigma': 0.4978212863449066}. Best is trial 101 with value: 0.06979568919928911.
[I 2026-08-16 23:50:23,798] Trial 104 finished with value: 0.07725029689558864 and parameters: {'rho_e': 1e-05, 'rho_d': 1e-05, 'nu': 36, 'sigma': 0.0}. Best is trial 101 with value: 0.06979568919928911.
[I 2026-08-16 23:51:09,727] Trial 105 finished with value: 0.07089942815935818 and parameters: {'rho_e': 0.031215988835739894, 'rho_d': 1e-05, 'nu': 2, 'sigma': 0.3877586105191818}. Best is trial 101 with value: 0.06979568919928911.
[I 2026-08-16 23:51:55,037] Trial 106 finished with value: 0.07553140153179733 and parameters: {'rho_e': 0.014087025935261377, 'rho_d': 1e-05, 'nu': 2, 'sigma': 0.46936373079140076}. Best is trial 101 with value: 0.06979568919928911.
[I 2026-08-16 23:52:40,736] Trial 107 finished with value: 0.07725029689558864 and parameters: {'rho_e': 1e-05, 'rho_d': 1e-05, 'nu': 2, 'sigma': 0.0}. Best is trial 101 with value: 0.06979568919928911.
[I 2026-08-16 23:53:26,754] Trial 108 finished with value: 0.07272744491921633 and parameters: {'rho_e': 0.04592265820245059, 'rho_d': 1e-05, 'nu': 2, 'sigma': 0.3740001220600243}. Best is trial 101 with value: 0.06979568919928911.
[I 2026-08-16 23:54:11,540] Trial 109 finished with value: 0.07724374937617262 and parameters: {'rho_e': 0.0004944576501525544, 'rho_d': 1e-05, 'nu': 36, 'sigma': 0.0}. Best is trial 101 with value: 0.06979568919928911.
[I 2026-08-16 23:54:57,198] Trial 110 finished with value: 0.07131858287872245 and parameters: {'rho_e': 0.06980804145098873, 'rho_d': 1e-05, 'nu': 2, 'sigma': 0.6607091955594664}. Best is trial 101 with value: 0.06979568919928911.
[I 2026-08-16 23:55:41,770] Trial 111 finished with value: 0.07028383648778702 and parameters: {'rho_e': 0.04484436730458286, 'rho_d': 7.541138735701788e-05, 'nu': 2, 'sigma': 0.5852558274656724}. Best is trial 101 with value: 0.06979568919928911.
[I 2026-08-16 23:56:28,161] Trial 112 finished with value: 0.070472169177208 and parameters: {'rho_e': 0.04217536905928879, 'rho_d': 4.484244726845148e-05, 'nu': 2, 'sigma': 0.533041411866877}. Best is trial 101 with value: 0.06979568919928911.
[I 2026-08-16 23:57:14,234] Trial 113 finished with value: 0.07725027368039292 and parameters: {'rho_e': 7.723482833144612e-05, 'rho_d': 1e-05, 'nu': 18, 'sigma': 0.0}. Best is trial 101 with value: 0.06979568919928911.
[I 2026-08-16 23:57:59,712] Trial 114 finished with value: 0.08500065775413675 and parameters: {'rho_e': 1e-05, 'rho_d': 1e-05, 'nu': 36, 'sigma': 1.0}. Best is trial 101 with value: 0.06979568919928911.
[I 2026-08-16 23:58:45,752] Trial 115 finished with value: 0.07017383143620196 and parameters: {'rho_e': 0.021002188540027625, 'rho_d': 0.00010306797217739486, 'nu': 2, 'sigma': 0.3063810328509519}. Best is trial 101 with value: 0.06979568919928911.
[I 2026-08-16 23:59:30,693] Trial 116 finished with value: 0.07049861498049481 and parameters: {'rho_e': 0.029290492232417083, 'rho_d': 6.683557945400533e-05, 'nu': 2, 'sigma': 0.415012096144236}. Best is trial 101 with value: 0.06979568919928911.
[I 2026-08-17 00:00:17,423] Trial 117 finished with value: 0.0710577490015368 and parameters: {'rho_e': 0.01782146392542605, 'rho_d': 0.00012142921158025937, 'nu': 2, 'sigma': 0.23393296799539737}. Best is trial 101 with value: 0.06979568919928911.
[I 2026-08-17 00:01:02,557] Trial 118 finished with value: 0.07132472730538152 and parameters: {'rho_e': 0.056548722531359334, 'rho_d': 0.0001907003862073008, 'nu': 2, 'sigma': 0.7176235651155976}. Best is trial 101 with value: 0.06979568919928911.
[I 2026-08-17 00:01:48,568] Trial 119 finished with value: 0.07022044642720948 and parameters: {'rho_e': 0.0396717456274446, 'rho_d': 5.360970723016457e-05, 'nu': 2, 'sigma': 0.5264700164787907}. Best is trial 101 with value: 0.06979568919928911.
[I 2026-08-17 00:02:34,368] Trial 120 finished with value: 0.077033617677491 and parameters: {'rho_e': 0.004399768476464287, 'rho_d': 0.00010759397246151523, 'nu': 36, 'sigma': 0.17858680445685368}. Best is trial 101 with value: 0.06979568919928911.
[I 2026-08-17 00:03:19,353] Trial 121 finished with value: 0.07690279548313866 and parameters: {'rho_e': 0.07488541244117197, 'rho_d': 1e-05, 'nu': 2, 'sigma': 1.0}. Best is trial 101 with value: 0.06979568919928911.
[I 2026-08-17 00:04:05,144] Trial 122 finished with value: 0.07612927665451638 and parameters: {'rho_e': 0.007062883646100324, 'rho_d': 0.000288816208768339, 'nu': 2, 'sigma': 0.0}. Best is trial 101 with value: 0.06979568919928911.
[I 2026-08-17 00:04:50,269] Trial 123 finished with value: 0.0863628454481127 and parameters: {'rho_e': 1e-05, 'rho_d': 1e-05, 'nu': 2, 'sigma': 0.4898640814234185}. Best is trial 101 with value: 0.06979568919928911.
[I 2026-08-17 00:05:36,433] Trial 124 finished with value: 0.07724501144924809 and parameters: {'rho_e': 6.739632334823561e-05, 'rho_d': 0.00037663847070717245, 'nu': 36, 'sigma': 0.0}. Best is trial 101 with value: 0.06979568919928911.
[I 2026-08-17 00:06:21,750] Trial 125 finished with value: 0.07075654507739404 and parameters: {'rho_e': 0.027084050329598236, 'rho_d': 5.463319196364773e-05, 'nu': 2, 'sigma': 0.3771216625572959}. Best is trial 101 with value: 0.06979568919928911.
[I 2026-08-17 00:07:07,887] Trial 126 finished with value: 0.07646664224259629 and parameters: {'rho_e': 0.057815867984668416, 'rho_d': 0.03386559032592826, 'nu': 36, 'sigma': 0.6693386136957382}. Best is trial 101 with value: 0.06979568919928911.
[I 2026-08-17 00:07:53,815] Trial 127 finished with value: 0.07964891268999633 and parameters: {'rho_e': 0.5782467449750963, 'rho_d': 1000.0, 'nu': 24, 'sigma': 0.0}. Best is trial 101 with value: 0.06979568919928911.
[I 2026-08-17 00:08:39,053] Trial 128 finished with value: 0.07048505737317413 and parameters: {'rho_e': 0.05005763253045252, 'rho_d': 3.79689439641774e-05, 'nu': 2, 'sigma': 0.5823681342504246}. Best is trial 101 with value: 0.06979568919928911.
[I 2026-08-17 00:09:25,531] Trial 129 finished with value: 0.07014031803583115 and parameters: {'rho_e': 0.0337387432522438, 'rho_d': 0.000696457939958359, 'nu': 2, 'sigma': 0.5450288908791947}. Best is trial 101 with value: 0.06979568919928911.
[I 2026-08-17 00:10:10,635] Trial 130 finished with value: 0.06981199622249878 and parameters: {'rho_e': 0.03539218304488876, 'rho_d': 0.00020523688951236502, 'nu': 2, 'sigma': 0.5375628672085161}. Best is trial 101 with value: 0.06979568919928911.
[I 2026-08-17 00:10:56,588] Trial 131 finished with value: 0.0697934959839193 and parameters: {'rho_e': 0.03668972996758694, 'rho_d': 0.00021480725628820576, 'nu': 2, 'sigma': 0.5448812481301618}. Best is trial 131 with value: 0.0697934959839193.
[I 2026-08-17 00:11:42,179] Trial 132 finished with value: 0.06983808097883003 and parameters: {'rho_e': 0.039315908160968846, 'rho_d': 0.00026038949089568833, 'nu': 2, 'sigma': 0.5580729460534221}. Best is trial 131 with value: 0.0697934959839193.
[I 2026-08-17 00:12:27,111] Trial 133 finished with value: 0.07020198224650503 and parameters: {'rho_e': 0.04266761696516679, 'rho_d': 0.00045454419939580394, 'nu': 2, 'sigma': 0.5710616503913083}. Best is trial 131 with value: 0.0697934959839193.
[I 2026-08-17 00:13:12,612] Trial 134 finished with value: 0.07022004510079313 and parameters: {'rho_e': 0.026847549521478112, 'rho_d': 0.0014143898893991935, 'nu': 2, 'sigma': 0.4270143135314715}. Best is trial 131 with value: 0.0697934959839193.
[I 2026-08-17 00:13:58,100] Trial 135 finished with value: 0.07038448825111884 and parameters: {'rho_e': 0.03388025558195192, 'rho_d': 0.00040196822061523723, 'nu': 2, 'sigma': 0.487495992690182}. Best is trial 131 with value: 0.0697934959839193.
[I 2026-08-17 00:14:44,298] Trial 136 finished with value: 0.07096810290419084 and parameters: {'rho_e': 0.03951211443037148, 'rho_d': 0.0025907335437000026, 'nu': 2, 'sigma': 0.5556159649635325}. Best is trial 131 with value: 0.0697934959839193.
[I 2026-08-17 00:15:29,572] Trial 137 finished with value: 0.07955046953450562 and parameters: {'rho_e': 1e-05, 'rho_d': 1e-05, 'nu': 36, 'sigma': 0.4085346652745889}. Best is trial 131 with value: 0.0697934959839193.
[I 2026-08-17 00:16:15,694] Trial 138 finished with value: 0.06986902046690222 and parameters: {'rho_e': 0.034894431843178184, 'rho_d': 0.00020102471416608763, 'nu': 2, 'sigma': 0.5925487769672951}. Best is trial 131 with value: 0.0697934959839193.
[I 2026-08-17 00:17:01,526] Trial 139 finished with value: 0.07069186693736906 and parameters: {'rho_e': 0.040020583179942205, 'rho_d': 1e-05, 'nu': 2, 'sigma': 0.6409161198779699}. Best is trial 131 with value: 0.0697934959839193.
[I 2026-08-17 00:17:46,833] Trial 140 finished with value: 0.08273894454601353 and parameters: {'rho_e': 1.6336545659817774, 'rho_d': 1e-05, 'nu': 2, 'sigma': 1.0}. Best is trial 131 with value: 0.0697934959839193.
[I 2026-08-17 00:18:32,885] Trial 141 finished with value: 0.07169143186969057 and parameters: {'rho_e': 0.02128461788108261, 'rho_d': 1e-05, 'nu': 2, 'sigma': 0.23513623285906857}. Best is trial 131 with value: 0.0697934959839193.
[I 2026-08-17 00:19:17,998] Trial 142 finished with value: 0.06996721000225134 and parameters: {'rho_e': 0.033696720497693976, 'rho_d': 0.0002552319580081717, 'nu': 2, 'sigma': 0.5665001864987403}. Best is trial 131 with value: 0.0697934959839193.
[I 2026-08-17 00:20:03,778] Trial 143 finished with value: 0.07022232542370846 and parameters: {'rho_e': 0.01702177825406123, 'rho_d': 0.001209560511834362, 'nu': 2, 'sigma': 0.344566425211742}. Best is trial 131 with value: 0.0697934959839193.
[I 2026-08-17 00:20:48,526] Trial 144 finished with value: 0.07006632075887363 and parameters: {'rho_e': 0.023569244777481423, 'rho_d': 0.0009554525204400577, 'nu': 2, 'sigma': 0.34479780613171285}. Best is trial 131 with value: 0.0697934959839193.
[I 2026-08-17 00:21:34,124] Trial 145 finished with value: 0.07045097058191277 and parameters: {'rho_e': 0.022786609523097287, 'rho_d': 0.004219232919086672, 'nu': 2, 'sigma': 0.33728257693063735}. Best is trial 131 with value: 0.0697934959839193.
[I 2026-08-17 00:22:19,991] Trial 146 finished with value: 0.08516542491638425 and parameters: {'rho_e': 1000.0, 'rho_d': 1e-05, 'nu': 2, 'sigma': 0.9999999999999999}. Best is trial 131 with value: 0.0697934959839193.
[I 2026-08-17 00:23:05,354] Trial 147 finished with value: 0.07012616695900323 and parameters: {'rho_e': 0.036999887723111066, 'rho_d': 0.00016442688390706108, 'nu': 2, 'sigma': 0.5987965187646637}. Best is trial 131 with value: 0.0697934959839193.
[I 2026-08-17 00:23:52,541] Trial 148 finished with value: 0.07707769899456425 and parameters: {'rho_e': 0.001955372928692798, 'rho_d': 1e-05, 'nu': 19, 'sigma': 0.0}. Best is trial 131 with value: 0.0697934959839193.
[I 2026-08-17 00:24:37,671] Trial 149 finished with value: 0.07854595843182566 and parameters: {'rho_e': 1e-05, 'rho_d': 0.003746903620747799, 'nu': 36, 'sigma': 0.0}. Best is trial 131 with value: 0.0697934959839193.
[I 2026-08-17 00:25:23,773] Trial 150 finished with value: 0.09619113573020406 and parameters: {'rho_e': 1000.0, 'rho_d': 1000.0, 'nu': 2, 'sigma': 0.9999999999999999}. Best is trial 131 with value: 0.0697934959839193.
[I 2026-08-17 00:26:08,793] Trial 151 finished with value: 0.0772482184414287 and parameters: {'rho_e': 0.00031835545675296703, 'rho_d': 1e-05, 'nu': 2, 'sigma': 0.0}. Best is trial 131 with value: 0.0697934959839193.
[I 2026-08-17 00:26:55,137] Trial 152 finished with value: 0.07001839336328058 and parameters: {'rho_e': 0.021285803069194992, 'rho_d': 0.000772611890500636, 'nu': 2, 'sigma': 0.32479954694858193}. Best is trial 131 with value: 0.0697934959839193.
[I 2026-08-17 00:27:41,023] Trial 153 finished with value: 0.07439489187225351 and parameters: {'rho_e': 0.01304890110756864, 'rho_d': 1e-05, 'nu': 36, 'sigma': 0.3366162641251746}. Best is trial 131 with value: 0.0697934959839193.
[I 2026-08-17 00:28:26,192] Trial 154 finished with value: 0.07908922032626166 and parameters: {'rho_e': 0.0015793432497471804, 'rho_d': 1e-05, 'nu': 36, 'sigma': 0.3650750796864605}. Best is trial 131 with value: 0.0697934959839193.
[I 2026-08-17 00:29:12,050] Trial 155 finished with value: 0.07261880788290459 and parameters: {'rho_e': 0.017175906731414475, 'rho_d': 1e-05, 'nu': 11, 'sigma': 0.2942809601481875}. Best is trial 131 with value: 0.0697934959839193.
[I 2026-08-17 00:29:54,692] Trial 156 finished with value: 0.0851515058553784 and parameters: {'rho_e': 194.21539084886183, 'rho_d': 0.016815388188152494, 'nu': 2, 'sigma': 1.0}. Best is trial 131 with value: 0.0697934959839193.
[I 2026-08-17 00:30:37,057] Trial 157 finished with value: 0.07024601264776209 and parameters: {'rho_e': 0.035180642935846065, 'rho_d': 0.0003960341879675022, 'nu': 2, 'sigma': 0.6095454765173687}. Best is trial 131 with value: 0.0697934959839193.
[I 2026-08-17 00:31:19,191] Trial 158 finished with value: 0.08075967866552568 and parameters: {'rho_e': 0.13521041765291303, 'rho_d': 0.024219031515533524, 'nu': 36, 'sigma': 1.0}. Best is trial 131 with value: 0.0697934959839193.
[I 2026-08-17 00:32:05,485] Trial 159 finished with value: 0.07948236618793018 and parameters: {'rho_e': 0.6406969010304407, 'rho_d': 1000.0, 'nu': 2, 'sigma': 0.2682913584776981}. Best is trial 131 with value: 0.0697934959839193.
[I 2026-08-17 00:32:51,526] Trial 160 finished with value: 0.07809519615862007 and parameters: {'rho_e': 5.132085183849387e-05, 'rho_d': 1e-05, 'nu': 36, 'sigma': 0.23889312544402752}. Best is trial 131 with value: 0.0697934959839193.
[I 2026-08-17 00:33:36,828] Trial 161 finished with value: 0.0695575239870616 and parameters: {'rho_e': 0.016257943722794262, 'rho_d': 0.001037972480812669, 'nu': 2, 'sigma': 0.28205022543657665}. Best is trial 161 with value: 0.0695575239870616.
[I 2026-08-17 00:34:22,837] Trial 162 finished with value: 0.07257138723438897 and parameters: {'rho_e': 0.012640059744631574, 'rho_d': 0.0013313480025776538, 'nu': 2, 'sigma': 0.2606268370669663}. Best is trial 161 with value: 0.0695575239870616.
[I 2026-08-17 00:35:07,815] Trial 163 finished with value: 0.07137995683024999 and parameters: {'rho_e': 0.02532801958090465, 'rho_d': 0.0008990201635664992, 'nu': 2, 'sigma': 0.31944034478553895}. Best is trial 161 with value: 0.0695575239870616.
[I 2026-08-17 00:35:53,814] Trial 164 finished with value: 0.07082836334570763 and parameters: {'rho_e': 0.021651126812956167, 'rho_d': 0.0016019870347090926, 'nu': 2, 'sigma': 0.4672443823568067}. Best is trial 161 with value: 0.0695575239870616.
[I 2026-08-17 00:36:39,208] Trial 165 finished with value: 0.0760307671810998 and parameters: {'rho_e': 0.04937376763056128, 'rho_d': 0.004819792117954957, 'nu': 15, 'sigma': 0.7080734685614882}. Best is trial 161 with value: 0.0695575239870616.
[I 2026-08-17 00:37:24,486] Trial 166 finished with value: 0.07415106574042277 and parameters: {'rho_e': 0.02201258264813524, 'rho_d': 1e-05, 'nu': 36, 'sigma': 1.0}. Best is trial 161 with value: 0.0695575239870616.
[I 2026-08-17 00:38:10,024] Trial 167 finished with value: 0.08309029590065845 and parameters: {'rho_e': 1e-05, 'rho_d': 0.004282364132266839, 'nu': 36, 'sigma': 0.6066530259553624}. Best is trial 161 with value: 0.0695575239870616.
[I 2026-08-17 00:38:54,655] Trial 168 finished with value: 0.06994255884043021 and parameters: {'rho_e': 0.025394121362558243, 'rho_d': 0.0003656955844329024, 'nu': 2, 'sigma': 0.4256752612120455}. Best is trial 161 with value: 0.0695575239870616.
[I 2026-08-17 00:39:40,932] Trial 169 finished with value: 0.08413779620013409 and parameters: {'rho_e': 0.34647188266806833, 'rho_d': 1000.0, 'nu': 36, 'sigma': 1.0}. Best is trial 161 with value: 0.0695575239870616.
[I 2026-08-17 00:40:26,013] Trial 170 finished with value: 0.06977688800180307 and parameters: {'rho_e': 0.02262607602462926, 'rho_d': 0.0003480102301522086, 'nu': 2, 'sigma': 0.3985852478301628}. Best is trial 161 with value: 0.0695575239870616.
[I 2026-08-17 00:41:11,949] Trial 171 finished with value: 0.08774279894281659 and parameters: {'rho_e': 0.7728302196054924, 'rho_d': 1e-05, 'nu': 36, 'sigma': 1.0}. Best is trial 161 with value: 0.0695575239870616.
[I 2026-08-17 00:41:57,881] Trial 172 finished with value: 0.0704005147433387 and parameters: {'rho_e': 0.03024322200201527, 'rho_d': 0.00040185453225812033, 'nu': 2, 'sigma': 0.4632778907272092}. Best is trial 161 with value: 0.0695575239870616.
[I 2026-08-17 00:42:42,991] Trial 173 finished with value: 0.07615110763873575 and parameters: {'rho_e': 0.020344271642921945, 'rho_d': 0.001881974078794211, 'nu': 36, 'sigma': 0.3655537826218631}. Best is trial 161 with value: 0.0695575239870616.
[I 2026-08-17 00:43:29,915] Trial 174 finished with value: 0.08500050947252319 and parameters: {'rho_e': 0.00012958489312997996, 'rho_d': 1e-05, 'nu': 36, 'sigma': 1.0}. Best is trial 161 with value: 0.0695575239870616.
[I 2026-08-17 00:44:15,125] Trial 175 finished with value: 0.06988293326151065 and parameters: {'rho_e': 0.019918898829985883, 'rho_d': 0.0002928653876022941, 'nu': 2, 'sigma': 0.36837771297400235}. Best is trial 161 with value: 0.0695575239870616.
[I 2026-08-17 00:45:01,053] Trial 176 finished with value: 0.07988999241476254 and parameters: {'rho_e': 1e-05, 'rho_d': 0.00861878690666493, 'nu': 2, 'sigma': 0.0}. Best is trial 161 with value: 0.0695575239870616.
[I 2026-08-17 00:45:43,585] Trial 177 finished with value: 0.07643069162036223 and parameters: {'rho_e': 0.006044292812424112, 'rho_d': 1e-05, 'nu': 36, 'sigma': 0.0}. Best is trial 161 with value: 0.0695575239870616.
[I 2026-08-17 00:46:25,070] Trial 178 finished with value: 0.06997025230292733 and parameters: {'rho_e': 0.019917210879761997, 'rho_d': 0.00029532722269424376, 'nu': 2, 'sigma': 0.3673039973424699}. Best is trial 161 with value: 0.0695575239870616.
[I 2026-08-17 00:47:06,522] Trial 179 finished with value: 0.09498068654091016 and parameters: {'rho_e': 1e-05, 'rho_d': 1000.0, 'nu': 36, 'sigma': 0.0}. Best is trial 161 with value: 0.0695575239870616.
