[I 2026-08-16 12:24:58,430] Trial 88 finished with value: 0.10164175134487005 and parameters: {'rho_e': 0.00012125829831653894, 'rho_d': 19.630650519000437, 'nu': 10, 'sigma': 0.7884377100219454}. Best is trial 4 with value: 0.07072241948357118.
[I 2026-08-16 12:25:35,813] Trial 89 finished with value: 0.0949207518966659 and parameters: {'rho_e': 3.893751642068498e-05, 'rho_d': 0.9795442357931721, 'nu': 20, 'sigma': 0.5936410928252096}. Best is trial 4 with value: 0.07072241948357118.
[I 2026-08-16 12:26:12,494] Trial 90 finished with value: 0.09131831874694414 and parameters: {'rho_e': 4.8811512206932886, 'rho_d': 3.209766039730455, 'nu': 34, 'sigma': 0.8768891090820096}. Best is trial 4 with value: 0.07072241948357118.
[I 2026-08-16 12:26:49,803] Trial 91 finished with value: 0.08294604467709972 and parameters: {'rho_e': 0.19086427524381236, 'rho_d': 0.0005859037345321275, 'nu': 8, 'sigma': 0.5505294308690223}. Best is trial 4 with value: 0.07072241948357118.
[I 2026-08-16 12:27:27,270] Trial 92 finished with value: 0.09253707365318652 and parameters: {'rho_e': 0.44668270078282146, 'rho_d': 1.9189911568156766e-05, 'nu': 24, 'sigma': 0.9048428701329665}. Best is trial 4 with value: 0.07072241948357118.
[I 2026-08-16 12:28:04,627] Trial 93 finished with value: 0.08334671070337257 and parameters: {'rho_e': 0.04518272217488784, 'rho_d': 0.0019042154852168265, 'nu': 17, 'sigma': 0.7711616889352428}. Best is trial 4 with value: 0.07072241948357118.
[I 2026-08-16 12:28:42,005] Trial 94 finished with value: 0.09493493180190317 and parameters: {'rho_e': 0.02386327174800719, 'rho_d': 70.35453635909505, 'nu': 26, 'sigma': 0.6321242947578075}. Best is trial 4 with value: 0.07072241948357118.
[I 2026-08-16 12:29:19,483] Trial 95 finished with value: 0.07805045615180685 and parameters: {'rho_e': 8.25713500843253e-05, 'rho_d': 0.00012532475584443455, 'nu': 13, 'sigma': 0.26396166502640883}. Best is trial 4 with value: 0.07072241948357118.
[I 2026-08-16 12:29:56,847] Trial 96 finished with value: 0.09468275963850539 and parameters: {'rho_e': 0.0024547283980115068, 'rho_d': 305.22017701744807, 'nu': 17, 'sigma': 0.32786718698677975}. Best is trial 4 with value: 0.07072241948357118.
[I 2026-08-16 12:30:34,270] Trial 97 finished with value: 0.09104350519484664 and parameters: {'rho_e': 21.13367188708461, 'rho_d': 0.019753486361084704, 'nu': 14, 'sigma': 0.946528522698323}. Best is trial 4 with value: 0.07072241948357118.
[I 2026-08-16 12:31:11,724] Trial 98 finished with value: 0.08147874625539528 and parameters: {'rho_e': 0.07307392667419121, 'rho_d': 0.03432656436892995, 'nu': 25, 'sigma': 0.9790803255957043}. Best is trial 4 with value: 0.07072241948357118.
[I 2026-08-16 12:31:49,056] Trial 99 finished with value: 0.09712348005367441 and parameters: {'rho_e': 0.014400697832168036, 'rho_d': 0.2992169838775733, 'nu': 4, 'sigma': 0.6279299990703359}. Best is trial 4 with value: 0.07072241948357118.
[I 2026-08-16 12:32:27,193] Trial 100 finished with value: 0.07199820049272854 and parameters: {'rho_e': 0.011365540519416264, 'rho_d': 3.0805318798448476e-05, 'nu': 2, 'sigma': 0.15975527366917805}. Best is trial 4 with value: 0.07072241948357118.
[I 2026-08-16 12:33:04,819] Trial 101 finished with value: 0.07873604242116283 and parameters: {'rho_e': 2.2953080027526642, 'rho_d': 1000.0, 'nu': 2, 'sigma': 0.38254541845221857}. Best is trial 4 with value: 0.07072241948357118.
[I 2026-08-16 12:33:42,300] Trial 102 finished with value: 0.0719763889467868 and parameters: {'rho_e': 0.020244881559143786, 'rho_d': 0.0002622978532941439, 'nu': 8, 'sigma': 0.19128786188463068}. Best is trial 4 with value: 0.07072241948357118.
[I 2026-08-16 12:34:20,346] Trial 103 finished with value: 0.07164044267275134 and parameters: {'rho_e': 0.013863629327964696, 'rho_d': 0.00025013928838010736, 'nu': 2, 'sigma': 0.13192338127893474}. Best is trial 4 with value: 0.07072241948357118.
[I 2026-08-16 12:34:58,286] Trial 104 finished with value: 0.07751435339743937 and parameters: {'rho_e': 0.0008076373028274742, 'rho_d': 1e-05, 'nu': 2, 'sigma': 0.0}. Best is trial 4 with value: 0.07072241948357118.
[I 2026-08-16 12:35:35,771] Trial 105 finished with value: 0.07717011760958656 and parameters: {'rho_e': 0.0020711902581945743, 'rho_d': 1e-05, 'nu': 32, 'sigma': 0.22715823287102285}. Best is trial 4 with value: 0.07072241948357118.
[I 2026-08-16 12:36:12,730] Trial 106 finished with value: 0.07108262498616075 and parameters: {'rho_e': 0.025570641717865897, 'rho_d': 0.0001494157504631719, 'nu': 2, 'sigma': 0.21427070579486845}. Best is trial 4 with value: 0.07072241948357118.
[I 2026-08-16 12:36:50,019] Trial 107 finished with value: 0.08422282132952054 and parameters: {'rho_e': 0.006409754834702228, 'rho_d': 1e-05, 'nu': 36, 'sigma': 0.9999999999999999}. Best is trial 4 with value: 0.07072241948357118.
[I 2026-08-16 12:37:27,948] Trial 108 finished with value: 0.07752118968203288 and parameters: {'rho_e': 1e-05, 'rho_d': 1e-05, 'nu': 36, 'sigma': 0.0}. Best is trial 4 with value: 0.07072241948357118.
[I 2026-08-16 12:38:05,383] Trial 109 finished with value: 0.07752118968203288 and parameters: {'rho_e': 1e-05, 'rho_d': 1e-05, 'nu': 2, 'sigma': 0.0}. Best is trial 4 with value: 0.07072241948357118.
[I 2026-08-16 12:38:42,912] Trial 110 finished with value: 0.07069680416326823 and parameters: {'rho_e': 0.021584355841695532, 'rho_d': 0.00021030274239000935, 'nu': 2, 'sigma': 0.1976520477567261}. Best is trial 110 with value: 0.07069680416326823.
[I 2026-08-16 12:39:20,364] Trial 111 finished with value: 0.07091218778124192 and parameters: {'rho_e': 0.024249044219273604, 'rho_d': 0.0004189150839994802, 'nu': 2, 'sigma': 0.2091868479664008}. Best is trial 110 with value: 0.07069680416326823.
[I 2026-08-16 12:39:57,812] Trial 112 finished with value: 0.07752112346514628 and parameters: {'rho_e': 0.00017206550289730252, 'rho_d': 1e-05, 'nu': 36, 'sigma': 0.0}. Best is trial 110 with value: 0.07069680416326823.
[I 2026-08-16 12:40:35,303] Trial 113 finished with value: 0.07008164663164534 and parameters: {'rho_e': 0.026071718435055687, 'rho_d': 1e-05, 'nu': 2, 'sigma': 0.15744963277588317}. Best is trial 113 with value: 0.07008164663164534.
[I 2026-08-16 12:41:12,773] Trial 114 finished with value: 0.07149985879461658 and parameters: {'rho_e': 0.025265275973932046, 'rho_d': 1e-05, 'nu': 7, 'sigma': 0.18023381210286238}. Best is trial 113 with value: 0.07008164663164534.
[I 2026-08-16 12:41:50,345] Trial 115 finished with value: 0.07137537106791719 and parameters: {'rho_e': 0.02212699099058546, 'rho_d': 1e-05, 'nu': 2, 'sigma': 0.10517699435771546}. Best is trial 113 with value: 0.07008164663164534.
[I 2026-08-16 12:42:27,897] Trial 116 finished with value: 0.07121098276772883 and parameters: {'rho_e': 0.035489745184523656, 'rho_d': 1e-05, 'nu': 2, 'sigma': 0.21944167152478028}. Best is trial 113 with value: 0.07008164663164534.
[I 2026-08-16 12:43:05,344] Trial 117 finished with value: 0.08499928287286572 and parameters: {'rho_e': 1e-05, 'rho_d': 1e-05, 'nu': 36, 'sigma': 1.0}. Best is trial 113 with value: 0.07008164663164534.
[I 2026-08-16 12:43:42,878] Trial 118 finished with value: 0.07820344888480155 and parameters: {'rho_e': 0.023912524336034666, 'rho_d': 0.0010627696741183595, 'nu': 36, 'sigma': 0.6403885138960919}. Best is trial 113 with value: 0.07008164663164534.
[I 2026-08-16 12:44:20,327] Trial 119 finished with value: 0.07621225569784834 and parameters: {'rho_e': 3.755543609424988, 'rho_d': 1000.0, 'nu': 24, 'sigma': 0.43485854582752514}. Best is trial 113 with value: 0.07008164663164534.
[I 2026-08-16 12:44:58,357] Trial 120 finished with value: 0.07750985449632955 and parameters: {'rho_e': 1e-05, 'rho_d': 0.0005125638260173144, 'nu': 19, 'sigma': 0.0}. Best is trial 113 with value: 0.07008164663164534.
[I 2026-08-16 12:45:35,888] Trial 121 finished with value: 0.07750218681817084 and parameters: {'rho_e': 9.831114754726331e-05, 'rho_d': 0.0006564611813332284, 'nu': 2, 'sigma': 0.0}. Best is trial 113 with value: 0.07008164663164534.
[I 2026-08-16 12:46:13,297] Trial 122 finished with value: 0.07916113601989146 and parameters: {'rho_e': 0.00018103882468627062, 'rho_d': 1e-05, 'nu': 36, 'sigma': 0.39697018878041973}. Best is trial 113 with value: 0.07008164663164534.
[I 2026-08-16 12:46:50,825] Trial 123 finished with value: 0.08006421574369547 and parameters: {'rho_e': 21.34891421220022, 'rho_d': 999.999999999998, 'nu': 2, 'sigma': 0.6772110387406964}. Best is trial 113 with value: 0.07008164663164534.
[I 2026-08-16 12:47:28,425] Trial 124 finished with value: 0.0785563701734783 and parameters: {'rho_e': 4.104053963815731, 'rho_d': 2.401098372143234, 'nu': 2, 'sigma': 0.6079310836776163}. Best is trial 113 with value: 0.07008164663164534.
[I 2026-08-16 12:48:05,994] Trial 125 finished with value: 0.11103417203418249 and parameters: {'rho_e': 1e-05, 'rho_d': 1e-05, 'nu': 2, 'sigma': 1.0}. Best is trial 113 with value: 0.07008164663164534.
[I 2026-08-16 12:48:43,663] Trial 126 finished with value: 0.07592985278246778 and parameters: {'rho_e': 0.010070275772667225, 'rho_d': 1e-05, 'nu': 36, 'sigma': 0.0}. Best is trial 113 with value: 0.07008164663164534.
[I 2026-08-16 12:49:21,416] Trial 127 finished with value: 0.08265318324068137 and parameters: {'rho_e': 1.2219844873101926, 'rho_d': 1000.0, 'nu': 36, 'sigma': 1.0}. Best is trial 113 with value: 0.07008164663164534.
[I 2026-08-16 12:49:59,150] Trial 128 finished with value: 0.08985731462330786 and parameters: {'rho_e': 1e-05, 'rho_d': 0.0918074804587107, 'nu': 36, 'sigma': 0.9999999999999999}. Best is trial 113 with value: 0.07008164663164534.
[I 2026-08-16 12:50:36,886] Trial 129 finished with value: 0.0840691663233978 and parameters: {'rho_e': 1000.0, 'rho_d': 1000.0, 'nu': 2, 'sigma': 1.0}. Best is trial 113 with value: 0.07008164663164534.
[I 2026-08-16 12:51:14,648] Trial 130 finished with value: 0.08245712261389133 and parameters: {'rho_e': 9.354025398001513, 'rho_d': 1e-05, 'nu': 2, 'sigma': 1.0}. Best is trial 113 with value: 0.07008164663164534.
[I 2026-08-16 12:51:52,398] Trial 131 finished with value: 0.07916070435108988 and parameters: {'rho_e': 1e-05, 'rho_d': 0.007914154326503275, 'nu': 36, 'sigma': 0.0}. Best is trial 113 with value: 0.07008164663164534.
[I 2026-08-16 12:52:30,241] Trial 132 finished with value: 0.07637975099243685 and parameters: {'rho_e': 0.008091443597039906, 'rho_d': 1e-05, 'nu': 18, 'sigma': 0.0}. Best is trial 113 with value: 0.07008164663164534.
[I 2026-08-16 12:53:08,121] Trial 133 finished with value: 0.07496914491679488 and parameters: {'rho_e': 0.017699980093268355, 'rho_d': 1e-05, 'nu': 36, 'sigma': 0.33827035936696287}. Best is trial 113 with value: 0.07008164663164534.
[I 2026-08-16 12:53:45,978] Trial 134 finished with value: 0.07178675757036106 and parameters: {'rho_e': 0.039672056226315276, 'rho_d': 0.0027745742125270924, 'nu': 2, 'sigma': 0.2713811515251521}. Best is trial 113 with value: 0.07008164663164534.
[I 2026-08-16 12:54:23,893] Trial 135 finished with value: 0.07752118876676556 and parameters: {'rho_e': 6.271243605147263e-05, 'rho_d': 1e-05, 'nu': 16, 'sigma': 0.0}. Best is trial 113 with value: 0.07008164663164534.
[I 2026-08-16 12:55:01,860] Trial 136 finished with value: 0.08778076543154885 and parameters: {'rho_e': 0.4792416523394414, 'rho_d': 1000.0, 'nu': 9, 'sigma': 0.0}. Best is trial 113 with value: 0.07008164663164534.
[I 2026-08-16 12:55:39,922] Trial 137 finished with value: 0.07423491176748365 and parameters: {'rho_e': 0.021730720559329383, 'rho_d': 1e-05, 'nu': 22, 'sigma': 0.2261343658150235}. Best is trial 113 with value: 0.07008164663164534.
[I 2026-08-16 12:56:17,991] Trial 138 finished with value: 0.07527067282586825 and parameters: {'rho_e': 0.00841018685524872, 'rho_d': 0.0002322287301205968, 'nu': 36, 'sigma': 0.2220439782051194}. Best is trial 113 with value: 0.07008164663164534.
[I 2026-08-16 12:56:56,004] Trial 139 finished with value: 0.07176489717112289 and parameters: {'rho_e': 0.016415941602500414, 'rho_d': 0.001857854978343095, 'nu': 2, 'sigma': 0.20581876643681996}. Best is trial 113 with value: 0.07008164663164534.
[I 2026-08-16 12:57:34,093] Trial 140 finished with value: 0.08302346258709893 and parameters: {'rho_e': 1000.0, 'rho_d': 0.031183830308204114, 'nu': 2, 'sigma': 1.0}. Best is trial 113 with value: 0.07008164663164534.
[I 2026-08-16 12:58:12,155] Trial 141 finished with value: 0.08088103320473503 and parameters: {'rho_e': 1000.0, 'rho_d': 1e-05, 'nu': 2, 'sigma': 0.6199212442780642}. Best is trial 113 with value: 0.07008164663164534.
[I 2026-08-16 12:58:50,171] Trial 142 finished with value: 0.08447676431333011 and parameters: {'rho_e': 0.013873829690575644, 'rho_d': 0.02736012646887045, 'nu': 36, 'sigma': 1.0}. Best is trial 113 with value: 0.07008164663164534.
[I 2026-08-16 12:59:28,387] Trial 143 finished with value: 0.07475347804733054 and parameters: {'rho_e': 0.04008534628493135, 'rho_d': 0.0016867267962681854, 'nu': 11, 'sigma': 0.28346521179248557}. Best is trial 113 with value: 0.07008164663164534.
[I 2026-08-16 13:00:06,450] Trial 144 finished with value: 0.08071703615706768 and parameters: {'rho_e': 55.125427696312144, 'rho_d': 1e-05, 'nu': 2, 'sigma': 0.6536302508706119}. Best is trial 113 with value: 0.07008164663164534.
[I 2026-08-16 13:00:44,495] Trial 145 finished with value: 0.07232939201609329 and parameters: {'rho_e': 0.22396675762454146, 'rho_d': 0.34716000903785516, 'nu': 2, 'sigma': 0.3928522791382763}. Best is trial 113 with value: 0.07008164663164534.
[I 2026-08-16 13:01:22,569] Trial 146 finished with value: 0.07004005519682918 and parameters: {'rho_e': 0.08512182407905548, 'rho_d': 0.09489940349066209, 'nu': 2, 'sigma': 0.2760439761492931}. Best is trial 146 with value: 0.07004005519682918.
[I 2026-08-16 13:02:00,648] Trial 147 finished with value: 0.06998700331097234 and parameters: {'rho_e': 0.09446218410655075, 'rho_d': 0.060520935569684034, 'nu': 2, 'sigma': 0.2996720068974197}. Best is trial 147 with value: 0.06998700331097234.
[I 2026-08-16 13:02:39,189] Trial 148 finished with value: 0.06919611894220548 and parameters: {'rho_e': 0.07436612738047328, 'rho_d': 0.054347585832764056, 'nu': 2, 'sigma': 0.2672192204480651}. Best is trial 148 with value: 0.06919611894220548.
[I 2026-08-16 13:03:17,389] Trial 149 finished with value: 0.06906209343588147 and parameters: {'rho_e': 0.05161299615086795, 'rho_d': 0.05087595179277562, 'nu': 2, 'sigma': 0.21527004790959395}. Best is trial 149 with value: 0.06906209343588147.
[I 2026-08-16 13:03:55,497] Trial 150 finished with value: 0.06919527641365525 and parameters: {'rho_e': 0.0498821768433257, 'rho_d': 0.04038450325572751, 'nu': 2, 'sigma': 0.21377015916655742}. Best is trial 149 with value: 0.06906209343588147.
[I 2026-08-16 13:04:33,642] Trial 151 finished with value: 0.06929729364777418 and parameters: {'rho_e': 0.05326451632183703, 'rho_d': 0.03549131916428497, 'nu': 2, 'sigma': 0.22249711297530134}. Best is trial 149 with value: 0.06906209343588147.
[I 2026-08-16 13:05:11,797] Trial 152 finished with value: 0.0699909216319021 and parameters: {'rho_e': 0.0497264884557734, 'rho_d': 0.05084533463614917, 'nu': 2, 'sigma': 0.23956785482330298}. Best is trial 149 with value: 0.06906209343588147.
[I 2026-08-16 13:05:49,830] Trial 153 finished with value: 0.06899689489799893 and parameters: {'rho_e': 0.06962834415594198, 'rho_d': 0.06858848064927567, 'nu': 2, 'sigma': 0.20466288216887188}. Best is trial 153 with value: 0.06899689489799893.
[I 2026-08-16 13:06:27,911] Trial 154 finished with value: 0.06855941474292249 and parameters: {'rho_e': 0.06840229619230526, 'rho_d': 0.04802042032831384, 'nu': 2, 'sigma': 0.20972999948492657}. Best is trial 154 with value: 0.06855941474292249.
[I 2026-08-16 13:07:05,918] Trial 155 finished with value: 0.06921731664754369 and parameters: {'rho_e': 0.07687314280000004, 'rho_d': 0.03569531824454127, 'nu': 2, 'sigma': 0.21547748868573702}. Best is trial 154 with value: 0.06855941474292249.
[I 2026-08-16 13:07:43,942] Trial 156 finished with value: 0.07207840082893843 and parameters: {'rho_e': 0.04712931141511481, 'rho_d': 0.08126279111519498, 'nu': 2, 'sigma': 0.13044635257827938}. Best is trial 154 with value: 0.06855941474292249.
[I 2026-08-16 13:08:21,941] Trial 157 finished with value: 0.07033987072338789 and parameters: {'rho_e': 0.1287995440970093, 'rho_d': 0.22455150013609892, 'nu': 2, 'sigma': 0.23451159623203666}. Best is trial 154 with value: 0.06855941474292249.
[I 2026-08-16 13:08:59,892] Trial 158 finished with value: 0.09167532392080796 and parameters: {'rho_e': 1000.0, 'rho_d': 1000.0, 'nu': 36, 'sigma': 1.0}. Best is trial 154 with value: 0.06855941474292249.
[I 2026-08-16 13:09:37,336] Trial 159 finished with value: 0.08140556133654617 and parameters: {'rho_e': 1e-05, 'rho_d': 0.023741171789345258, 'nu': 2, 'sigma': 0.0}. Best is trial 154 with value: 0.06855941474292249.
[I 2026-08-16 13:10:14,731] Trial 160 finished with value: 0.08099454882415316 and parameters: {'rho_e': 0.0042176235658719224, 'rho_d': 1e-05, 'nu': 36, 'sigma': 0.6068982690075869}. Best is trial 154 with value: 0.06855941474292249.
[I 2026-08-16 13:10:52,567] Trial 161 finished with value: 0.08079198459780121 and parameters: {'rho_e': 1e-05, 'rho_d': 1e-05, 'nu': 36, 'sigma': 0.5699114456964297}. Best is trial 154 with value: 0.06855941474292249.
[I 2026-08-16 13:11:30,349] Trial 162 finished with value: 0.0985071928266312 and parameters: {'rho_e': 1e-05, 'rho_d': 999.999999999998, 'nu': 36, 'sigma': 0.9999999999999999}. Best is trial 154 with value: 0.06855941474292249.
[I 2026-08-16 13:12:08,089] Trial 163 finished with value: 0.0764795793476853 and parameters: {'rho_e': 3.4137007620869753, 'rho_d': 1000.0, 'nu': 36, 'sigma': 0.636815304475888}. Best is trial 154 with value: 0.06855941474292249.
[I 2026-08-16 13:12:45,850] Trial 164 finished with value: 0.07750384135304257 and parameters: {'rho_e': 0.0010995914385441054, 'rho_d': 0.00040246454012724046, 'nu': 36, 'sigma': 0.0}. Best is trial 154 with value: 0.06855941474292249.
[I 2026-08-16 13:13:23,501] Trial 165 finished with value: 0.07213552447313132 and parameters: {'rho_e': 19.11700935495097, 'rho_d': 1000.0, 'nu': 2, 'sigma': 0.2653526633096022}. Best is trial 154 with value: 0.06855941474292249.
[I 2026-08-16 13:14:01,169] Trial 166 finished with value: 0.07576510033024968 and parameters: {'rho_e': 7.369181942073518, 'rho_d': 1000.0, 'nu': 36, 'sigma': 0.32730560401790404}. Best is trial 154 with value: 0.06855941474292249.
[I 2026-08-16 13:14:38,837] Trial 167 finished with value: 0.09150140989883794 and parameters: {'rho_e': 13.88559974847406, 'rho_d': 1000.0, 'nu': 2, 'sigma': 1.0}. Best is trial 154 with value: 0.06855941474292249.
[I 2026-08-16 13:15:16,514] Trial 168 finished with value: 0.07743325353808239 and parameters: {'rho_e': 1e-05, 'rho_d': 1e-05, 'nu': 2, 'sigma': 0.29130784218396105}. Best is trial 154 with value: 0.06855941474292249.
[I 2026-08-16 13:15:54,191] Trial 169 finished with value: 0.08499904083890547 and parameters: {'rho_e': 0.00025442917342229066, 'rho_d': 1e-05, 'nu': 36, 'sigma': 0.9999999999999999}. Best is trial 154 with value: 0.06855941474292249.
[I 2026-08-16 13:16:31,846] Trial 170 finished with value: 0.07543545774378585 and parameters: {'rho_e': 60.81221072249257, 'rho_d': 1000.0, 'nu': 2, 'sigma': 0.3930853887199072}. Best is trial 154 with value: 0.06855941474292249.
[I 2026-08-16 13:17:09,534] Trial 171 finished with value: 0.08096143176397902 and parameters: {'rho_e': 1000.0, 'rho_d': 0.003469758486131727, 'nu': 2, 'sigma': 0.6154829678129707}. Best is trial 154 with value: 0.06855941474292249.
[I 2026-08-16 13:17:47,205] Trial 172 finished with value: 0.09285369172800648 and parameters: {'rho_e': 0.8356263486327461, 'rho_d': 1000.0, 'nu': 2, 'sigma': 0.7285881597055528}. Best is trial 154 with value: 0.06855941474292249.
[I 2026-08-16 13:18:24,840] Trial 173 finished with value: 0.07426896679225223 and parameters: {'rho_e': 9.057000799315237e-05, 'rho_d': 1e-05, 'nu': 2, 'sigma': 0.18499028176423352}. Best is trial 154 with value: 0.06855941474292249.
[I 2026-08-16 13:19:02,435] Trial 174 finished with value: 0.0944862950128606 and parameters: {'rho_e': 1000.0, 'rho_d': 1e-05, 'nu': 36, 'sigma': 0.9999999999999999}. Best is trial 154 with value: 0.06855941474292249.
[I 2026-08-16 13:19:40,048] Trial 175 finished with value: 0.09909361597447625 and parameters: {'rho_e': 1e-05, 'rho_d': 999.999999999998, 'nu': 2, 'sigma': 0.0}. Best is trial 154 with value: 0.06855941474292249.
[I 2026-08-16 13:20:17,588] Trial 176 finished with value: 0.08124128612648049 and parameters: {'rho_e': 0.0003486720731531417, 'rho_d': 1e-05, 'nu': 2, 'sigma': 0.4090674689860571}. Best is trial 154 with value: 0.06855941474292249.
[I 2026-08-16 13:20:55,273] Trial 177 finished with value: 0.08337751190266166 and parameters: {'rho_e': 0.14798484085967759, 'rho_d': 9.468769695089007, 'nu': 36, 'sigma': 1.0}. Best is trial 154 with value: 0.06855941474292249.
[I 2026-08-16 13:21:32,922] Trial 178 finished with value: 0.08302346258709893 and parameters: {'rho_e': 1000.0, 'rho_d': 1e-05, 'nu': 2, 'sigma': 1.0}. Best is trial 154 with value: 0.06855941474292249.
[I 2026-08-16 13:22:10,646] Trial 179 finished with value: 0.07613838998726405 and parameters: {'rho_e': 6.476898692708853, 'rho_d': 1000.0, 'nu': 2, 'sigma': 0.10837608173249007}. Best is trial 154 with value: 0.06855941474292249.
[I 2026-08-16 13:22:48,345] Trial 180 finished with value: 0.07764256356094032 and parameters: {'rho_e': 1e-05, 'rho_d': 1e-05, 'nu': 22, 'sigma': 0.21493165687445256}. Best is trial 154 with value: 0.06855941474292249.
[I 2026-08-16 13:23:25,939] Trial 181 finished with value: 0.07619474560305205 and parameters: {'rho_e': 0.6634725942880657, 'rho_d': 6.46572096559657, 'nu': 2, 'sigma': 0.3077517983691327}. Best is trial 154 with value: 0.06855941474292249.
