/home/gterren/dynamic_update/functional_forecast_dynamic_update/scripts/validate_zone_ffc_mpi.py:673: ExperimentalWarning: GPSampler is experimental (supported from v3.6.0). The interface can change in the future.
  sampler=GPSampler(seed=SEED, n_startup_trials=0)
[I 2026-08-16 16:11:00,337] A new study created in memory with name: no-name-c4ce7916-919c-41dd-bf1a-132c59438612
[I 2026-08-16 16:11:44,373] Trial 0 finished with value: 0.0724824421620614 and parameters: {'rho_e': 0.3269036145707431, 'rho_d': 0.0008924503989739542, 'nu': 2, 'sigma': 0.5589802398441411}. Best is trial 0 with value: 0.0724824421620614.
[I 2026-08-16 16:12:28,608] Trial 1 finished with value: 0.09375689890607602 and parameters: {'rho_e': 0.00019459711623305662, 'rho_d': 5.722640521209214, 'nu': 13, 'sigma': 0.5672546026273165}. Best is trial 0 with value: 0.0724824421620614.
[I 2026-08-16 16:13:12,481] Trial 2 finished with value: 0.0986341080183829 and parameters: {'rho_e': 321.4812758619285, 'rho_d': 4.302510656920417e-05, 'nu': 12, 'sigma': 0.3601623761996074}. Best is trial 0 with value: 0.0724824421620614.
[I 2026-08-16 16:13:55,892] Trial 3 finished with value: 0.10839372180543708 and parameters: {'rho_e': 4.3898520061802934e-05, 'rho_d': 0.03830168409239199, 'nu': 3, 'sigma': 0.9115914372285836}. Best is trial 0 with value: 0.0724824421620614.
[I 2026-08-16 16:14:39,903] Trial 4 finished with value: 0.09214085496107202 and parameters: {'rho_e': 949.2172066223391, 'rho_d': 0.026109422224811094, 'nu': 26, 'sigma': 0.9260120240556735}. Best is trial 0 with value: 0.0724824421620614.
[I 2026-08-16 16:15:23,055] Trial 5 finished with value: 0.10384895956908767 and parameters: {'rho_e': 55.07785948573999, 'rho_d': 1.5152031294533557e-05, 'nu': 2, 'sigma': 0.21277447591768917}. Best is trial 0 with value: 0.0724824421620614.
[I 2026-08-16 16:16:07,189] Trial 6 finished with value: 0.09144091308106958 and parameters: {'rho_e': 8.866466816341849e-05, 'rho_d': 7.61325088024623, 'nu': 26, 'sigma': 0.16313090927374585}. Best is trial 0 with value: 0.0724824421620614.
[I 2026-08-16 16:16:50,438] Trial 7 finished with value: 0.08946067627382556 and parameters: {'rho_e': 1.7261925851807923e-05, 'rho_d': 5.766907112583324, 'nu': 8, 'sigma': 0.4036048929120764}. Best is trial 0 with value: 0.0724824421620614.
[I 2026-08-16 16:17:34,532] Trial 8 finished with value: 0.07655572342721127 and parameters: {'rho_e': 0.0006613143814348048, 'rho_d': 0.0004843159996042769, 'nu': 4, 'sigma': 0.05929980630688328}. Best is trial 0 with value: 0.0724824421620614.
[I 2026-08-16 16:18:17,695] Trial 9 finished with value: 0.11274841648835464 and parameters: {'rho_e': 1.542794770823065, 'rho_d': 0.0001051601155778768, 'nu': 29, 'sigma': 0.06124649778519667}. Best is trial 0 with value: 0.0724824421620614.
[I 2026-08-16 16:19:01,771] Trial 10 finished with value: 0.09844476302442576 and parameters: {'rho_e': 0.0094884878266438, 'rho_d': 61.123373741526805, 'nu': 23, 'sigma': 0.8096778943389311}. Best is trial 0 with value: 0.0724824421620614.
[I 2026-08-16 16:19:44,948] Trial 11 finished with value: 0.08385960008230336 and parameters: {'rho_e': 0.004983867022387237, 'rho_d': 0.7195345772802716, 'nu': 12, 'sigma': 0.30276757880887223}. Best is trial 0 with value: 0.0724824421620614.
[I 2026-08-16 16:20:29,056] Trial 12 finished with value: 0.08566477982827772 and parameters: {'rho_e': 0.0018796021094759023, 'rho_d': 0.0038808481514466344, 'nu': 18, 'sigma': 0.43095678898781176}. Best is trial 0 with value: 0.0724824421620614.
[I 2026-08-16 16:21:12,332] Trial 13 finished with value: 0.09535853679598892 and parameters: {'rho_e': 1.7655547015118365, 'rho_d': 5.142686056063213e-05, 'nu': 33, 'sigma': 0.6472584614595902}. Best is trial 0 with value: 0.0724824421620614.
[I 2026-08-16 16:21:56,461] Trial 14 finished with value: 0.09047351813852123 and parameters: {'rho_e': 0.0015721301687322549, 'rho_d': 0.14451370611208825, 'nu': 29, 'sigma': 0.8847686295789441}. Best is trial 0 with value: 0.0724824421620614.
[I 2026-08-16 16:22:39,876] Trial 15 finished with value: 0.09285111580100426 and parameters: {'rho_e': 0.0010736074978672553, 'rho_d': 0.00017517887181672987, 'nu': 14, 'sigma': 0.6547066878649721}. Best is trial 0 with value: 0.0724824421620614.
[I 2026-08-16 16:23:24,287] Trial 16 finished with value: 0.09885042398837611 and parameters: {'rho_e': 1.041354975353017, 'rho_d': 0.06018447003063603, 'nu': 14, 'sigma': 0.2839448985622425}. Best is trial 0 with value: 0.0724824421620614.
[I 2026-08-16 16:24:07,769] Trial 17 finished with value: 0.11476299740659976 and parameters: {'rho_e': 4.574661102604166, 'rho_d': 0.0021644048058848996, 'nu': 23, 'sigma': 0.11627181049783943}. Best is trial 0 with value: 0.0724824421620614.
[I 2026-08-16 16:24:52,137] Trial 18 finished with value: 0.10445643050893651 and parameters: {'rho_e': 2.4872074477158685, 'rho_d': 0.0010015844130510873, 'nu': 33, 'sigma': 0.37218016341710936}. Best is trial 0 with value: 0.0724824421620614.
[I 2026-08-16 16:25:35,591] Trial 19 finished with value: 0.11377568081769057 and parameters: {'rho_e': 65.84645259610812, 'rho_d': 9.82662438607537, 'nu': 15, 'sigma': 0.2627584337801529}. Best is trial 0 with value: 0.0724824421620614.
[I 2026-08-16 16:26:19,850] Trial 20 finished with value: 0.07288011401769717 and parameters: {'rho_e': 0.07822964531426699, 'rho_d': 0.8639211893531282, 'nu': 26, 'sigma': 0.4186864994625047}. Best is trial 0 with value: 0.0724824421620614.
[I 2026-08-16 16:27:03,396] Trial 21 finished with value: 0.09349431701449042 and parameters: {'rho_e': 0.8662159080284164, 'rho_d': 0.0019943914592805614, 'nu': 27, 'sigma': 0.45781709249791797}. Best is trial 0 with value: 0.0724824421620614.
[I 2026-08-16 16:27:47,266] Trial 22 finished with value: 0.09018646343670483 and parameters: {'rho_e': 0.017682211067743325, 'rho_d': 1.762014949718825, 'nu': 10, 'sigma': 0.5935464874055492}. Best is trial 0 with value: 0.0724824421620614.
[I 2026-08-16 16:28:31,285] Trial 23 finished with value: 0.1051197349952726 and parameters: {'rho_e': 3.679925773076e-05, 'rho_d': 23.98453012214469, 'nu': 17, 'sigma': 0.9609156022633827}. Best is trial 0 with value: 0.0724824421620614.
[I 2026-08-16 16:29:15,329] Trial 24 finished with value: 0.08866894116093327 and parameters: {'rho_e': 0.0013378016644002941, 'rho_d': 0.3251386772406152, 'nu': 22, 'sigma': 0.6142287913179536}. Best is trial 0 with value: 0.0724824421620614.
[I 2026-08-16 16:30:04,972] Trial 25 finished with value: 0.08515160478343992 and parameters: {'rho_e': 9.513126298049566e-05, 'rho_d': 0.0001254129593580573, 'nu': 17, 'sigma': 0.4282198407451333}. Best is trial 0 with value: 0.0724824421620614.
[I 2026-08-16 16:30:48,477] Trial 26 finished with value: 0.08788998091460411 and parameters: {'rho_e': 0.05984570193345419, 'rho_d': 0.0002828514266644551, 'nu': 13, 'sigma': 0.8710282672465114}. Best is trial 0 with value: 0.0724824421620614.
[I 2026-08-16 16:31:33,316] Trial 27 finished with value: 0.09583814932095669 and parameters: {'rho_e': 468.4257953002554, 'rho_d': 1.2226077087028292e-05, 'nu': 23, 'sigma': 0.6044786846095609}. Best is trial 0 with value: 0.0724824421620614.
[I 2026-08-16 16:32:17,641] Trial 28 finished with value: 0.12258931504287056 and parameters: {'rho_e': 9.794758745867055, 'rho_d': 1.739018971835995e-05, 'nu': 5, 'sigma': 0.023519755783360522}. Best is trial 0 with value: 0.0724824421620614.
[I 2026-08-16 16:33:01,972] Trial 29 finished with value: 0.10544701816139153 and parameters: {'rho_e': 396.23136452155177, 'rho_d': 0.0012839635362927584, 'nu': 34, 'sigma': 0.5101047252162753}. Best is trial 0 with value: 0.0724824421620614.
[I 2026-08-16 16:33:49,069] Trial 30 finished with value: 0.09377456746129835 and parameters: {'rho_e': 0.0003366699491459107, 'rho_d': 204.4963039743385, 'nu': 32, 'sigma': 0.1493267250032733}. Best is trial 0 with value: 0.0724824421620614.
[I 2026-08-16 16:34:38,467] Trial 31 finished with value: 0.075974558525482 and parameters: {'rho_e': 3.8729577897945755, 'rho_d': 507.6727010671596, 'nu': 19, 'sigma': 0.3524611314107998}. Best is trial 0 with value: 0.0724824421620614.
[I 2026-08-16 16:35:27,342] Trial 32 finished with value: 0.09314081052304914 and parameters: {'rho_e': 25.240423080998166, 'rho_d': 0.04024505840237463, 'nu': 22, 'sigma': 0.6878151672772727}. Best is trial 0 with value: 0.0724824421620614.
[I 2026-08-16 16:36:16,928] Trial 33 finished with value: 0.12510622902996446 and parameters: {'rho_e': 46.68655128693522, 'rho_d': 89.33226184339398, 'nu': 11, 'sigma': 0.12758460315021433}. Best is trial 0 with value: 0.0724824421620614.
[I 2026-08-16 16:37:04,721] Trial 34 finished with value: 0.08411371890211836 and parameters: {'rho_e': 0.09031981370866977, 'rho_d': 0.00353590580052761, 'nu': 3, 'sigma': 0.15528637475144552}. Best is trial 0 with value: 0.0724824421620614.
[I 2026-08-16 16:37:50,070] Trial 35 finished with value: 0.1183649758829846 and parameters: {'rho_e': 257.2582546121324, 'rho_d': 264.3352391583821, 'nu': 16, 'sigma': 0.23159987966773632}. Best is trial 0 with value: 0.0724824421620614.
[I 2026-08-16 16:38:34,451] Trial 36 finished with value: 0.10075706290848786 and parameters: {'rho_e': 0.011040115349735419, 'rho_d': 319.94169963542066, 'nu': 27, 'sigma': 0.992582531554602}. Best is trial 0 with value: 0.0724824421620614.
[I 2026-08-16 16:39:19,732] Trial 37 finished with value: 0.09999872933304299 and parameters: {'rho_e': 1.3005438575723007, 'rho_d': 0.01777507065717351, 'nu': 9, 'sigma': 0.19699907291064236}. Best is trial 0 with value: 0.0724824421620614.
[I 2026-08-16 16:40:04,131] Trial 38 finished with value: 0.08942402537648492 and parameters: {'rho_e': 0.006770029807866984, 'rho_d': 1.0453964517455576, 'nu': 32, 'sigma': 0.007867895654915082}. Best is trial 0 with value: 0.0724824421620614.
[I 2026-08-16 16:40:47,832] Trial 39 finished with value: 0.08493662773797261 and parameters: {'rho_e': 3.2653986066294935, 'rho_d': 0.00035918328578407783, 'nu': 11, 'sigma': 0.7117132233162679}. Best is trial 0 with value: 0.0724824421620614.
[I 2026-08-16 16:41:30,395] Trial 40 finished with value: 0.08930560993647266 and parameters: {'rho_e': 0.008384459587850678, 'rho_d': 0.00040208220297865917, 'nu': 24, 'sigma': 0.7413946652411322}. Best is trial 0 with value: 0.0724824421620614.
[I 2026-08-16 16:42:14,444] Trial 41 finished with value: 0.12980816786454277 and parameters: {'rho_e': 12.935242462549164, 'rho_d': 2.4536463769015713, 'nu': 34, 'sigma': 0.03111235605231228}. Best is trial 0 with value: 0.0724824421620614.
[I 2026-08-16 16:42:57,679] Trial 42 finished with value: 0.09512703690241232 and parameters: {'rho_e': 17.351980111290544, 'rho_d': 0.24761264897083934, 'nu': 32, 'sigma': 0.9330852931159648}. Best is trial 0 with value: 0.0724824421620614.
[I 2026-08-16 16:43:42,347] Trial 43 finished with value: 0.12644688026613193 and parameters: {'rho_e': 206.7348794304976, 'rho_d': 100.25810153166229, 'nu': 21, 'sigma': 0.04808111924412399}. Best is trial 0 with value: 0.0724824421620614.
[I 2026-08-16 16:44:26,088] Trial 44 finished with value: 0.11277987696701199 and parameters: {'rho_e': 178.9593730989775, 'rho_d': 0.10721182363435201, 'nu': 34, 'sigma': 0.31572977967490834}. Best is trial 0 with value: 0.0724824421620614.
[I 2026-08-16 16:45:10,753] Trial 45 finished with value: 0.09282967460393918 and parameters: {'rho_e': 0.00017424584549714995, 'rho_d': 25.47175357971929, 'nu': 22, 'sigma': 0.09551575449774102}. Best is trial 0 with value: 0.0724824421620614.
[I 2026-08-16 16:45:54,262] Trial 46 finished with value: 0.0809546913847088 and parameters: {'rho_e': 119.39227513011171, 'rho_d': 8.192784645277967e-05, 'nu': 3, 'sigma': 0.8143690994325316}. Best is trial 0 with value: 0.0724824421620614.
[I 2026-08-16 16:46:38,888] Trial 47 finished with value: 0.07779215810034294 and parameters: {'rho_e': 0.04633293692358927, 'rho_d': 1.3842410574283137, 'nu': 19, 'sigma': 0.18860831631006456}. Best is trial 0 with value: 0.0724824421620614.
[I 2026-08-16 16:47:22,567] Trial 48 finished with value: 0.10094354484047482 and parameters: {'rho_e': 0.0007714806253840602, 'rho_d': 0.0015442881351131804, 'nu': 7, 'sigma': 0.7990376021274297}. Best is trial 0 with value: 0.0724824421620614.
[I 2026-08-16 16:48:07,135] Trial 49 finished with value: 0.097117464925141 and parameters: {'rho_e': 0.02334066741617611, 'rho_d': 19.61909076816956, 'nu': 7, 'sigma': 0.678847861548423}. Best is trial 0 with value: 0.0724824421620614.
[I 2026-08-16 16:48:50,610] Trial 50 finished with value: 0.10634083927488418 and parameters: {'rho_e': 30.484530649163847, 'rho_d': 0.0006865299827161224, 'nu': 35, 'sigma': 0.4931147100817814}. Best is trial 0 with value: 0.0724824421620614.
[I 2026-08-16 16:49:34,991] Trial 51 finished with value: 0.0881554817192109 and parameters: {'rho_e': 0.42596086471505806, 'rho_d': 0.006470326256837381, 'nu': 33, 'sigma': 0.6255704507885743}. Best is trial 0 with value: 0.0724824421620614.
[I 2026-08-16 16:50:18,343] Trial 52 finished with value: 0.10967477228859436 and parameters: {'rho_e': 5.6305504586876165e-05, 'rho_d': 0.01955400616757617, 'nu': 4, 'sigma': 0.9431022489306657}. Best is trial 0 with value: 0.0724824421620614.
[I 2026-08-16 16:51:02,664] Trial 53 finished with value: 0.09707493886018123 and parameters: {'rho_e': 2.2237461169194805, 'rho_d': 0.48566127158346006, 'nu': 28, 'sigma': 0.7769544614903604}. Best is trial 0 with value: 0.0724824421620614.
[I 2026-08-16 16:51:46,087] Trial 54 finished with value: 0.09169358262435046 and parameters: {'rho_e': 0.028583330992410914, 'rho_d': 1.9471088928715916, 'nu': 19, 'sigma': 0.89828252912396}. Best is trial 0 with value: 0.0724824421620614.
[I 2026-08-16 16:52:29,980] Trial 55 finished with value: 0.09063301202426169 and parameters: {'rho_e': 0.0002909616436868435, 'rho_d': 4.340886647251859, 'nu': 35, 'sigma': 0.6964604863331093}. Best is trial 0 with value: 0.0724824421620614.
[I 2026-08-16 16:53:14,597] Trial 56 finished with value: 0.10099500079462934 and parameters: {'rho_e': 7.798984580075104, 'rho_d': 0.08868122758097233, 'nu': 29, 'sigma': 0.5036294018829817}. Best is trial 0 with value: 0.0724824421620614.
[I 2026-08-16 16:53:59,718] Trial 57 finished with value: 0.09062893851480044 and parameters: {'rho_e': 1.2062065617383623e-05, 'rho_d': 0.00491871886944935, 'nu': 9, 'sigma': 0.540742976760754}. Best is trial 0 with value: 0.0724824421620614.
[I 2026-08-16 16:54:45,688] Trial 58 finished with value: 0.09069166116704702 and parameters: {'rho_e': 0.00026922761125582604, 'rho_d': 3.3483536015403974, 'nu': 15, 'sigma': 0.46419294116197934}. Best is trial 0 with value: 0.0724824421620614.
[I 2026-08-16 16:55:31,122] Trial 59 finished with value: 0.10016495137185939 and parameters: {'rho_e': 0.0004180230040562295, 'rho_d': 0.0080293432375613, 'nu': 9, 'sigma': 0.8474133959671261}. Best is trial 0 with value: 0.0724824421620614.
[I 2026-08-16 16:56:17,053] Trial 60 finished with value: 0.0903626253386544 and parameters: {'rho_e': 0.589700729128972, 'rho_d': 0.28163142246786826, 'nu': 21, 'sigma': 0.9514003827722398}. Best is trial 0 with value: 0.0724824421620614.
[I 2026-08-16 16:57:02,595] Trial 61 finished with value: 0.1095563536397931 and parameters: {'rho_e': 0.054968021979639604, 'rho_d': 440.7147463030633, 'nu': 4, 'sigma': 0.9846976523041496}. Best is trial 0 with value: 0.0724824421620614.
[I 2026-08-16 16:57:48,608] Trial 62 finished with value: 0.09327383726401438 and parameters: {'rho_e': 2.726598761494588e-05, 'rho_d': 377.6857032137641, 'nu': 31, 'sigma': 0.08797637433547147}. Best is trial 0 with value: 0.0724824421620614.
[I 2026-08-16 16:58:33,847] Trial 63 finished with value: 0.08340690664773816 and parameters: {'rho_e': 0.12562298455144785, 'rho_d': 6.332499214741886e-05, 'nu': 5, 'sigma': 0.7813637219857382}. Best is trial 0 with value: 0.0724824421620614.
[I 2026-08-16 16:59:18,283] Trial 64 finished with value: 0.08195173124958638 and parameters: {'rho_e': 0.18142030344388796, 'rho_d': 2.1716515450145203e-05, 'nu': 18, 'sigma': 0.4487600336855717}. Best is trial 0 with value: 0.0724824421620614.
[I 2026-08-16 17:00:02,504] Trial 65 finished with value: 0.08615497695138091 and parameters: {'rho_e': 0.2349945384747991, 'rho_d': 691.4897217341121, 'nu': 31, 'sigma': 0.8518952203160548}. Best is trial 0 with value: 0.0724824421620614.
[I 2026-08-16 17:00:47,162] Trial 66 finished with value: 0.07978760015463968 and parameters: {'rho_e': 3.246702767499522e-05, 'rho_d': 0.0007681605683548452, 'nu': 6, 'sigma': 0.2770482583742728}. Best is trial 0 with value: 0.0724824421620614.
[I 2026-08-16 17:01:30,988] Trial 67 finished with value: 0.11167098569220348 and parameters: {'rho_e': 19.088248943709846, 'rho_d': 0.0001340107418662817, 'nu': 12, 'sigma': 0.1701809606915158}. Best is trial 0 with value: 0.0724824421620614.
[I 2026-08-16 17:02:15,517] Trial 68 finished with value: 0.08003969156961477 and parameters: {'rho_e': 0.6338439291753183, 'rho_d': 5.494058947628885e-05, 'nu': 8, 'sigma': 0.5293218811648563}. Best is trial 0 with value: 0.0724824421620614.
[I 2026-08-16 17:02:59,951] Trial 69 finished with value: 0.08991112288702093 and parameters: {'rho_e': 40.954154106984234, 'rho_d': 0.17338017325692112, 'nu': 10, 'sigma': 0.489933757888093}. Best is trial 0 with value: 0.0724824421620614.
[I 2026-08-16 17:03:44,068] Trial 70 finished with value: 0.07447792794904912 and parameters: {'rho_e': 0.2523506782813784, 'rho_d': 31.510568285073717, 'nu': 33, 'sigma': 0.34714319395982135}. Best is trial 0 with value: 0.0724824421620614.
[I 2026-08-16 17:04:28,462] Trial 71 finished with value: 0.09132275222985439 and parameters: {'rho_e': 0.002930373386470407, 'rho_d': 3.317914597400771e-05, 'nu': 15, 'sigma': 0.6329596331201216}. Best is trial 0 with value: 0.0724824421620614.
[I 2026-08-16 17:05:12,176] Trial 72 finished with value: 0.10499176251848846 and parameters: {'rho_e': 6.601429297169598e-05, 'rho_d': 0.0002602530817699002, 'nu': 10, 'sigma': 0.9786083399861463}. Best is trial 0 with value: 0.0724824421620614.
[I 2026-08-16 17:05:56,120] Trial 73 finished with value: 0.12288945670051235 and parameters: {'rho_e': 150.26339501041664, 'rho_d': 147.5767738266191, 'nu': 16, 'sigma': 0.13512338246700153}. Best is trial 0 with value: 0.0724824421620614.
[I 2026-08-16 17:06:39,667] Trial 74 finished with value: 0.09388526222630977 and parameters: {'rho_e': 0.0035877410590901345, 'rho_d': 2.576553179691004e-05, 'nu': 16, 'sigma': 0.7308223403094861}. Best is trial 0 with value: 0.0724824421620614.
[I 2026-08-16 17:07:23,092] Trial 75 finished with value: 0.09333930954119937 and parameters: {'rho_e': 86.60477995186261, 'rho_d': 0.18303468390561242, 'nu': 24, 'sigma': 0.7510479721089599}. Best is trial 0 with value: 0.0724824421620614.
[I 2026-08-16 17:08:07,657] Trial 76 finished with value: 0.0863233013651855 and parameters: {'rho_e': 0.0001132723107819565, 'rho_d': 0.011169983777198775, 'nu': 25, 'sigma': 0.5751289637607758}. Best is trial 0 with value: 0.0724824421620614.
[I 2026-08-16 17:08:51,257] Trial 77 finished with value: 0.08594773851578418 and parameters: {'rho_e': 0.4844996036517181, 'rho_d': 0.4148539575898805, 'nu': 36, 'sigma': 0.9024820531629737}. Best is trial 0 with value: 0.0724824421620614.
[I 2026-08-16 17:09:35,736] Trial 78 finished with value: 0.07869983905427622 and parameters: {'rho_e': 1.821708082801357e-05, 'rho_d': 0.005972473493478661, 'nu': 13, 'sigma': 0.24793663344365371}. Best is trial 0 with value: 0.0724824421620614.
[I 2026-08-16 17:10:19,376] Trial 79 finished with value: 0.08138130486192635 and parameters: {'rho_e': 0.10718439047337557, 'rho_d': 0.01413294748664834, 'nu': 30, 'sigma': 0.5825243654914019}. Best is trial 0 with value: 0.0724824421620614.
[I 2026-08-16 17:11:03,955] Trial 80 finished with value: 0.08756943705722885 and parameters: {'rho_e': 2.210005167641908e-05, 'rho_d': 0.5546388056023296, 'nu': 18, 'sigma': 0.47803218740238534}. Best is trial 0 with value: 0.0724824421620614.
[I 2026-08-16 17:11:47,625] Trial 81 finished with value: 0.12534968599488533 and parameters: {'rho_e': 102.96197595152874, 'rho_d': 0.07419264172204353, 'nu': 24, 'sigma': 0.010538743582339223}. Best is trial 0 with value: 0.0724824421620614.
[I 2026-08-16 17:12:32,165] Trial 82 finished with value: 0.07828529209855395 and parameters: {'rho_e': 0.022847579467193208, 'rho_d': 1.0828452344232614e-05, 'nu': 27, 'sigma': 0.5303135042774483}. Best is trial 0 with value: 0.0724824421620614.
[I 2026-08-16 17:13:15,586] Trial 83 finished with value: 0.10403235448064428 and parameters: {'rho_e': 10.26433352336269, 'rho_d': 71.19093048176157, 'nu': 21, 'sigma': 0.8207179976064777}. Best is trial 0 with value: 0.0724824421620614.
[I 2026-08-16 17:13:59,433] Trial 84 finished with value: 0.08296871049621986 and parameters: {'rho_e': 0.013723837958967857, 'rho_d': 1.1136642004656445, 'nu': 16, 'sigma': 0.3285556664376412}. Best is trial 0 with value: 0.0724824421620614.
[I 2026-08-16 17:14:43,940] Trial 85 finished with value: 0.08948929662437789 and parameters: {'rho_e': 0.0009105435098633038, 'rho_d': 12.083035376420879, 'nu': 28, 'sigma': 0.33768991108051694}. Best is trial 0 with value: 0.0724824421620614.
[I 2026-08-16 17:15:27,833] Trial 86 finished with value: 0.1091897136175562 and parameters: {'rho_e': 0.0005060859690373761, 'rho_d': 903.9451928588301, 'nu': 6, 'sigma': 0.8612150440049049}. Best is trial 0 with value: 0.0724824421620614.
[I 2026-08-16 17:16:12,739] Trial 87 finished with value: 0.11963142083003658 and parameters: {'rho_e': 21.67076868737965, 'rho_d': 17.31408795432266, 'nu': 25, 'sigma': 0.2297095430176774}. Best is trial 0 with value: 0.0724824421620614.
