/home/gterren/dynamic_update/functional_forecast_dynamic_update/scripts/validate_zone_ffc_mpi.py:673: ExperimentalWarning: GPSampler is experimental (supported from v3.6.0). The interface can change in the future.
  sampler=GPSampler(seed=SEED, n_startup_trials=0)
[I 2026-08-16 21:54:02,943] A new study created in memory with name: no-name-4082e7f8-f23c-417b-9ee2-86a6bc9a1b06
[I 2026-08-16 21:54:42,904] Trial 0 finished with value: 0.08284719993104805 and parameters: {'rho_e': 0.05130538765211261, 'rho_d': 159.34360042487788, 'nu': 12, 'sigma': 0.5084229902414978}. Best is trial 0 with value: 0.08284719993104805.
[I 2026-08-16 21:55:22,872] Trial 1 finished with value: 0.08897101646617928 and parameters: {'rho_e': 0.0005122558519380855, 'rho_d': 32.425410862105856, 'nu': 22, 'sigma': 0.16229555546785135}. Best is trial 0 with value: 0.08284719993104805.
[I 2026-08-16 21:56:02,848] Trial 2 finished with value: 0.08354851632647994 and parameters: {'rho_e': 0.0002907002396614678, 'rho_d': 1.0681430010997222, 'nu': 25, 'sigma': 0.3175015924783596}. Best is trial 0 with value: 0.08284719993104805.
[I 2026-08-16 21:56:42,773] Trial 3 finished with value: 0.08467624787707105 and parameters: {'rho_e': 0.15459819014696047, 'rho_d': 0.007049018290446209, 'nu': 28, 'sigma': 0.8939081311539592}. Best is trial 0 with value: 0.08284719993104805.
[I 2026-08-16 21:57:22,789] Trial 4 finished with value: 0.07923377685836114 and parameters: {'rho_e': 0.00024972829950657623, 'rho_d': 0.10788381977150274, 'nu': 30, 'sigma': 0.6043613758865917}. Best is trial 4 with value: 0.07923377685836114.
[I 2026-08-16 21:58:01,110] Trial 5 finished with value: 0.07784598660978864 and parameters: {'rho_e': 0.07054778164641946, 'rho_d': 3.4019708794999226, 'nu': 29, 'sigma': 0.8677123527003876}. Best is trial 5 with value: 0.07784598660978864.
[I 2026-08-16 21:58:40,725] Trial 6 finished with value: 0.09419867728196188 and parameters: {'rho_e': 0.0011413998300874072, 'rho_d': 9.6498684474939, 'nu': 14, 'sigma': 0.6969082969982466}. Best is trial 5 with value: 0.07784598660978864.
[I 2026-08-16 21:59:25,147] Trial 7 finished with value: 0.09662635045704382 and parameters: {'rho_e': 6.71469489641359, 'rho_d': 14.596686740186136, 'nu': 16, 'sigma': 0.8011852333787559}. Best is trial 5 with value: 0.07784598660978864.
[I 2026-08-16 22:00:03,354] Trial 8 finished with value: 0.07901889061521288 and parameters: {'rho_e': 0.0005780690544240158, 'rho_d': 0.00043046789416559814, 'nu': 26, 'sigma': 0.13315700209173578}. Best is trial 5 with value: 0.07784598660978864.
[I 2026-08-16 22:00:41,119] Trial 9 finished with value: 0.07875176853297028 and parameters: {'rho_e': 0.041180130735989355, 'rho_d': 1.9040208927154505, 'nu': 24, 'sigma': 0.6876618828967466}. Best is trial 5 with value: 0.07784598660978864.
[I 2026-08-16 22:01:18,814] Trial 10 finished with value: 0.08204516139169743 and parameters: {'rho_e': 10.94333458673787, 'rho_d': 0.8502427099286538, 'nu': 7, 'sigma': 0.7948271525840304}. Best is trial 5 with value: 0.07784598660978864.
[I 2026-08-16 22:01:56,542] Trial 11 finished with value: 0.0947545732508872 and parameters: {'rho_e': 2.056806631301449, 'rho_d': 0.23908519674375642, 'nu': 24, 'sigma': 0.6495743209699272}. Best is trial 5 with value: 0.07784598660978864.
[I 2026-08-16 22:02:34,409] Trial 12 finished with value: 0.09714976774122866 and parameters: {'rho_e': 22.16091413397793, 'rho_d': 102.42837154457695, 'nu': 13, 'sigma': 0.7166522443837102}. Best is trial 5 with value: 0.07784598660978864.
[I 2026-08-16 22:03:13,030] Trial 13 finished with value: 0.09509765820771879 and parameters: {'rho_e': 495.0826114594978, 'rho_d': 0.7034133659876444, 'nu': 20, 'sigma': 0.424043330246107}. Best is trial 5 with value: 0.07784598660978864.
[I 2026-08-16 22:03:51,069] Trial 14 finished with value: 0.10763165245612724 and parameters: {'rho_e': 2.559282706211498, 'rho_d': 0.05194142367219997, 'nu': 34, 'sigma': 0.25710944934785357}. Best is trial 5 with value: 0.07784598660978864.
[I 2026-08-16 22:04:28,954] Trial 15 finished with value: 0.10598172611925087 and parameters: {'rho_e': 1.0450851317782563, 'rho_d': 0.0002904738250813984, 'nu': 4, 'sigma': 0.08248947477806663}. Best is trial 5 with value: 0.07784598660978864.
[I 2026-08-16 22:05:07,073] Trial 16 finished with value: 0.08853844883615358 and parameters: {'rho_e': 1.732836016647159e-05, 'rho_d': 7.756201103940586, 'nu': 31, 'sigma': 0.26096072329647446}. Best is trial 5 with value: 0.07784598660978864.
[I 2026-08-16 22:05:45,318] Trial 17 finished with value: 0.07988005517831728 and parameters: {'rho_e': 0.0027023941445373633, 'rho_d': 1.0960063409825168e-05, 'nu': 25, 'sigma': 0.7385525606770245}. Best is trial 5 with value: 0.07784598660978864.
[I 2026-08-16 22:06:23,572] Trial 18 finished with value: 0.08771571775194405 and parameters: {'rho_e': 1.333196146382448, 'rho_d': 0.0232324191813232, 'nu': 17, 'sigma': 0.541989422929672}. Best is trial 5 with value: 0.07784598660978864.
[I 2026-08-16 22:07:01,850] Trial 19 finished with value: 0.07706919977180116 and parameters: {'rho_e': 0.01664552594325546, 'rho_d': 8.466433407869235e-05, 'nu': 12, 'sigma': 0.14563709443610734}. Best is trial 19 with value: 0.07706919977180116.
[I 2026-08-16 22:07:40,621] Trial 20 finished with value: 0.07371194294106811 and parameters: {'rho_e': 0.02383027986408138, 'rho_d': 4.927016917702346e-05, 'nu': 8, 'sigma': 0.8171559094972686}. Best is trial 20 with value: 0.07371194294106811.
[I 2026-08-16 22:08:19,328] Trial 21 finished with value: 0.07251734237353201 and parameters: {'rho_e': 0.9012711003651388, 'rho_d': 668.732952040831, 'nu': 24, 'sigma': 0.21269131317002835}. Best is trial 21 with value: 0.07251734237353201.
[I 2026-08-16 22:08:57,673] Trial 22 finished with value: 0.11827979227747415 and parameters: {'rho_e': 825.5725328833008, 'rho_d': 0.0012077093299815295, 'nu': 32, 'sigma': 0.0534397398167166}. Best is trial 21 with value: 0.07251734237353201.
[I 2026-08-16 22:09:35,877] Trial 23 finished with value: 0.11923512556928698 and parameters: {'rho_e': 53.17700384806444, 'rho_d': 0.0020074036375338136, 'nu': 10, 'sigma': 0.01639415453224614}. Best is trial 21 with value: 0.07251734237353201.
[I 2026-08-16 22:10:13,998] Trial 24 finished with value: 0.08844441557230692 and parameters: {'rho_e': 3.0728210731476913, 'rho_d': 3.386987856442567e-05, 'nu': 23, 'sigma': 0.6158860973553404}. Best is trial 21 with value: 0.07251734237353201.
[I 2026-08-16 22:10:51,923] Trial 25 finished with value: 0.08369398491848258 and parameters: {'rho_e': 0.06909225110210694, 'rho_d': 0.003566916489887744, 'nu': 28, 'sigma': 0.8894633752708715}. Best is trial 21 with value: 0.07251734237353201.
[I 2026-08-16 22:11:30,109] Trial 26 finished with value: 0.08984221472454977 and parameters: {'rho_e': 0.0013309501353172594, 'rho_d': 43.621962576663485, 'nu': 10, 'sigma': 0.4438207150452868}. Best is trial 21 with value: 0.07251734237353201.
[I 2026-08-16 22:12:08,311] Trial 27 finished with value: 0.0806507086737531 and parameters: {'rho_e': 0.0007561178177340193, 'rho_d': 0.00037107592977927707, 'nu': 5, 'sigma': 0.7542423189312096}. Best is trial 21 with value: 0.07251734237353201.
[I 2026-08-16 22:12:46,717] Trial 28 finished with value: 0.11008910402092574 and parameters: {'rho_e': 281.93024316234624, 'rho_d': 0.18329657510425618, 'nu': 34, 'sigma': 0.230645877960256}. Best is trial 21 with value: 0.07251734237353201.
[I 2026-08-16 22:13:25,258] Trial 29 finished with value: 0.08702895284633724 and parameters: {'rho_e': 0.01189512082322422, 'rho_d': 12.498583596127744, 'nu': 29, 'sigma': 0.1288615739079443}. Best is trial 21 with value: 0.07251734237353201.
[I 2026-08-16 22:14:03,756] Trial 30 finished with value: 0.07241448245210355 and parameters: {'rho_e': 0.14346363617445182, 'rho_d': 0.4145893546161153, 'nu': 18, 'sigma': 0.4598907863083959}. Best is trial 30 with value: 0.07241448245210355.
[I 2026-08-16 22:14:42,724] Trial 31 finished with value: 0.0923828578869246 and parameters: {'rho_e': 423.02701724807093, 'rho_d': 0.0021938817027226543, 'nu': 21, 'sigma': 0.49421510870665714}. Best is trial 30 with value: 0.07241448245210355.
[I 2026-08-16 22:15:21,223] Trial 32 finished with value: 0.10209235978852932 and parameters: {'rho_e': 63.644069072407845, 'rho_d': 1.5451288726341956, 'nu': 22, 'sigma': 0.3441378547418572}. Best is trial 30 with value: 0.07241448245210355.
[I 2026-08-16 22:15:59,430] Trial 33 finished with value: 0.11307983933218252 and parameters: {'rho_e': 132.08663328501328, 'rho_d': 0.0005567785679076391, 'nu': 16, 'sigma': 0.09398481847775952}. Best is trial 30 with value: 0.07241448245210355.
[I 2026-08-16 22:16:37,545] Trial 34 finished with value: 0.07751493104485543 and parameters: {'rho_e': 1.266865144400304e-05, 'rho_d': 0.12330926471931568, 'nu': 35, 'sigma': 0.04921549418843673}. Best is trial 30 with value: 0.07241448245210355.
[I 2026-08-16 22:17:15,701] Trial 35 finished with value: 0.10412753795958218 and parameters: {'rho_e': 3.8192786276578287e-05, 'rho_d': 28.716774855808982, 'nu': 6, 'sigma': 0.974459664061737}. Best is trial 30 with value: 0.07241448245210355.
[I 2026-08-16 22:17:53,814] Trial 36 finished with value: 0.08480055901660219 and parameters: {'rho_e': 0.21140465460326044, 'rho_d': 0.011576477952224494, 'nu': 19, 'sigma': 0.5896716402694026}. Best is trial 30 with value: 0.07241448245210355.
[I 2026-08-16 22:18:31,972] Trial 37 finished with value: 0.11313796842313009 and parameters: {'rho_e': 34.15359717004281, 'rho_d': 1.9808268031354162e-05, 'nu': 25, 'sigma': 0.11978853148141448}. Best is trial 30 with value: 0.07241448245210355.
[I 2026-08-16 22:19:10,098] Trial 38 finished with value: 0.08704851075461276 and parameters: {'rho_e': 0.0008318890373154131, 'rho_d': 3.0189195105021565, 'nu': 31, 'sigma': 0.5295877815244101}. Best is trial 30 with value: 0.07241448245210355.
[I 2026-08-16 22:19:48,504] Trial 39 finished with value: 0.08600272814071774 and parameters: {'rho_e': 3.4876488231296725, 'rho_d': 115.8870391749511, 'nu': 19, 'sigma': 0.8570796566424906}. Best is trial 30 with value: 0.07241448245210355.
[I 2026-08-16 22:20:26,793] Trial 40 finished with value: 0.07836186988474932 and parameters: {'rho_e': 3.202990709440797e-05, 'rho_d': 3.8688248370249687e-05, 'nu': 26, 'sigma': 0.5531228164654773}. Best is trial 30 with value: 0.07241448245210355.
[I 2026-08-16 22:21:05,443] Trial 41 finished with value: 0.0825844650575733 and parameters: {'rho_e': 0.020413897802171923, 'rho_d': 2.4656123657291036, 'nu': 17, 'sigma': 0.4709575418027467}. Best is trial 30 with value: 0.07241448245210355.
[I 2026-08-16 22:21:44,126] Trial 42 finished with value: 0.1042762516486263 and parameters: {'rho_e': 120.707712640029, 'rho_d': 0.0038708397542804476, 'nu': 33, 'sigma': 0.3671158717025286}. Best is trial 30 with value: 0.07241448245210355.
[I 2026-08-16 22:22:22,466] Trial 43 finished with value: 0.0746586894002613 and parameters: {'rho_e': 0.08677285334720536, 'rho_d': 0.03262622815627771, 'nu': 3, 'sigma': 0.7626829064027205}. Best is trial 30 with value: 0.07241448245210355.
[I 2026-08-16 22:23:00,717] Trial 44 finished with value: 0.07943493097990587 and parameters: {'rho_e': 0.3196327995848152, 'rho_d': 0.01069136100689396, 'nu': 7, 'sigma': 0.5187480928965137}. Best is trial 30 with value: 0.07241448245210355.
[I 2026-08-16 22:23:38,839] Trial 45 finished with value: 0.08620461590756423 and parameters: {'rho_e': 0.010924065366585245, 'rho_d': 385.5198059907951, 'nu': 15, 'sigma': 0.1002787895673072}. Best is trial 30 with value: 0.07241448245210355.
[I 2026-08-16 22:24:16,977] Trial 46 finished with value: 0.08785249245731068 and parameters: {'rho_e': 0.00014924794676755124, 'rho_d': 76.77587657498614, 'nu': 8, 'sigma': 0.1748479160920512}. Best is trial 30 with value: 0.07241448245210355.
[I 2026-08-16 22:24:55,256] Trial 47 finished with value: 0.09856741996368872 and parameters: {'rho_e': 5.643387330174131, 'rho_d': 0.0001526698469632002, 'nu': 15, 'sigma': 0.29707041249836325}. Best is trial 30 with value: 0.07241448245210355.
[I 2026-08-16 22:25:33,569] Trial 48 finished with value: 0.08837130841338238 and parameters: {'rho_e': 186.81288658037974, 'rho_d': 5.596886015412078, 'nu': 17, 'sigma': 0.6372973489216365}. Best is trial 30 with value: 0.07241448245210355.
[I 2026-08-16 22:26:12,005] Trial 49 finished with value: 0.07966483882387879 and parameters: {'rho_e': 0.0036848822471749984, 'rho_d': 0.022516403021388742, 'nu': 22, 'sigma': 0.7232218394328277}. Best is trial 30 with value: 0.07241448245210355.
[I 2026-08-16 22:26:50,522] Trial 50 finished with value: 0.0771619635841598 and parameters: {'rho_e': 0.00011048364266781098, 'rho_d': 0.0411193245896246, 'nu': 31, 'sigma': 0.20805584137381047}. Best is trial 30 with value: 0.07241448245210355.
[I 2026-08-16 22:27:29,054] Trial 51 finished with value: 0.08129938516992356 and parameters: {'rho_e': 0.3751427078167346, 'rho_d': 726.3302795991754, 'nu': 11, 'sigma': 0.8378188296523077}. Best is trial 30 with value: 0.07241448245210355.
[I 2026-08-16 22:28:08,018] Trial 52 finished with value: 0.08865518040058921 and parameters: {'rho_e': 0.0031221891544329547, 'rho_d': 11.155095941332075, 'nu': 36, 'sigma': 0.06314301806580355}. Best is trial 30 with value: 0.07241448245210355.
[I 2026-08-16 22:28:46,553] Trial 53 finished with value: 0.07798332016328725 and parameters: {'rho_e': 9.533775238416124e-05, 'rho_d': 0.00013003584925736015, 'nu': 33, 'sigma': 0.6234279648307336}. Best is trial 30 with value: 0.07241448245210355.
[I 2026-08-16 22:29:25,046] Trial 54 finished with value: 0.07065227632259832 and parameters: {'rho_e': 0.7294242480541165, 'rho_d': 1.3539652813413604e-05, 'nu': 4, 'sigma': 0.8435634030841942}. Best is trial 54 with value: 0.07065227632259832.
[I 2026-08-16 22:30:03,523] Trial 55 finished with value: 0.08010162452729926 and parameters: {'rho_e': 6.493179246985206e-05, 'rho_d': 0.018481900198821115, 'nu': 30, 'sigma': 0.9329030484397383}. Best is trial 54 with value: 0.07065227632259832.
[I 2026-08-16 22:30:41,961] Trial 56 finished with value: 0.07918523458707505 and parameters: {'rho_e': 2.490614456858246e-05, 'rho_d': 0.0016802687337611668, 'nu': 30, 'sigma': 0.1569738359527891}. Best is trial 54 with value: 0.07065227632259832.
[I 2026-08-16 22:31:20,481] Trial 57 finished with value: 0.1129139982936708 and parameters: {'rho_e': 109.02064252307345, 'rho_d': 50.26604657464007, 'nu': 11, 'sigma': 0.18232262632483398}. Best is trial 54 with value: 0.07065227632259832.
[I 2026-08-16 22:31:59,040] Trial 58 finished with value: 0.08148815215680129 and parameters: {'rho_e': 0.013626777049800911, 'rho_d': 1.1386832983056452, 'nu': 28, 'sigma': 0.03390079504548418}. Best is trial 54 with value: 0.07065227632259832.
[I 2026-08-16 22:32:37,832] Trial 59 finished with value: 0.07794382991519053 and parameters: {'rho_e': 0.007482081968946405, 'rho_d': 0.15837749528517273, 'nu': 26, 'sigma': 0.35737382282517394}. Best is trial 54 with value: 0.07065227632259832.
[I 2026-08-16 22:33:16,862] Trial 60 finished with value: 0.0890230105832103 and parameters: {'rho_e': 0.002053258949656858, 'rho_d': 4.0962499533039205, 'nu': 13, 'sigma': 0.46979061556878776}. Best is trial 54 with value: 0.07065227632259832.
[I 2026-08-16 22:33:55,515] Trial 61 finished with value: 0.10006509064241312 and parameters: {'rho_e': 690.0311644274273, 'rho_d': 894.2147515922587, 'nu': 27, 'sigma': 0.7469698190412718}. Best is trial 54 with value: 0.07065227632259832.
[I 2026-08-16 22:34:33,926] Trial 62 finished with value: 0.08775060711879122 and parameters: {'rho_e': 47.89014936258288, 'rho_d': 9.168236881179045e-05, 'nu': 19, 'sigma': 0.5727288841940168}. Best is trial 54 with value: 0.07065227632259832.
[I 2026-08-16 22:35:12,481] Trial 63 finished with value: 0.0901571567508786 and parameters: {'rho_e': 38.12372931180452, 'rho_d': 6.4099240126027555, 'nu': 21, 'sigma': 0.9923102418499551}. Best is trial 54 with value: 0.07065227632259832.
[I 2026-08-16 22:35:51,029] Trial 64 finished with value: 0.10460981111545507 and parameters: {'rho_e': 259.94253079705385, 'rho_d': 0.09638137903454169, 'nu': 36, 'sigma': 0.3927531943520083}. Best is trial 54 with value: 0.07065227632259832.
[I 2026-08-16 22:36:29,507] Trial 65 finished with value: 0.07288019358484069 and parameters: {'rho_e': 0.03657071823252119, 'rho_d': 0.004522379364698514, 'nu': 4, 'sigma': 0.4854863035598044}. Best is trial 54 with value: 0.07065227632259832.
[I 2026-08-16 22:37:08,077] Trial 66 finished with value: 0.08854018076104664 and parameters: {'rho_e': 0.005432288919654041, 'rho_d': 20.834828754666525, 'nu': 34, 'sigma': 0.07329994970455685}. Best is trial 54 with value: 0.07065227632259832.
[I 2026-08-16 22:37:46,873] Trial 67 finished with value: 0.08831095994627097 and parameters: {'rho_e': 0.000478127584539193, 'rho_d': 0.008928583634641437, 'nu': 6, 'sigma': 0.9454319472183293}. Best is trial 54 with value: 0.07065227632259832.
[I 2026-08-16 22:38:25,544] Trial 68 finished with value: 0.10151294986753664 and parameters: {'rho_e': 194.07297008746949, 'rho_d': 65.8028326539759, 'nu': 8, 'sigma': 0.32241000999044095}. Best is trial 54 with value: 0.07065227632259832.
[I 2026-08-16 22:39:04,172] Trial 69 finished with value: 0.08953835243522587 and parameters: {'rho_e': 1.878968277539725e-05, 'rho_d': 0.00026853645690385263, 'nu': 2, 'sigma': 0.9633222108226387}. Best is trial 54 with value: 0.07065227632259832.
[I 2026-08-16 22:39:42,912] Trial 70 finished with value: 0.07536740263406072 and parameters: {'rho_e': 1.0814167941776005e-05, 'rho_d': 0.06733407630939071, 'nu': 20, 'sigma': 0.19868344705311058}. Best is trial 54 with value: 0.07065227632259832.
[I 2026-08-16 22:40:21,517] Trial 71 finished with value: 0.0874433962404549 and parameters: {'rho_e': 0.00016803293739832122, 'rho_d': 473.98055311881023, 'nu': 14, 'sigma': 0.3379590550462185}. Best is trial 54 with value: 0.07065227632259832.
[I 2026-08-16 22:41:00,305] Trial 72 finished with value: 0.08183664910672031 and parameters: {'rho_e': 4.614300865458859e-05, 'rho_d': 0.5417236679935402, 'nu': 32, 'sigma': 0.00983145075470137}. Best is trial 54 with value: 0.07065227632259832.
[I 2026-08-16 22:41:39,073] Trial 73 finished with value: 0.09485174084184242 and parameters: {'rho_e': 0.0021054046534932907, 'rho_d': 0.3139444515952875, 'nu': 11, 'sigma': 0.9051310687927652}. Best is trial 54 with value: 0.07065227632259832.
[I 2026-08-16 22:42:17,826] Trial 74 finished with value: 0.08900300433649452 and parameters: {'rho_e': 0.005126029066137056, 'rho_d': 133.57309518031505, 'nu': 9, 'sigma': 0.40907520970435357}. Best is trial 54 with value: 0.07065227632259832.
[I 2026-08-16 22:42:56,530] Trial 75 finished with value: 0.08191289778865288 and parameters: {'rho_e': 1.097453168456264, 'rho_d': 7.459101637038071e-05, 'nu': 15, 'sigma': 0.9288519617449775}. Best is trial 54 with value: 0.07065227632259832.
[I 2026-08-16 22:43:35,219] Trial 76 finished with value: 0.09749975873109415 and parameters: {'rho_e': 86.68473071175217, 'rho_d': 2.328856054045838e-05, 'nu': 5, 'sigma': 0.2440468020024129}. Best is trial 54 with value: 0.07065227632259832.
[I 2026-08-16 22:44:13,849] Trial 77 finished with value: 0.09651582090460478 and parameters: {'rho_e': 0.5719166904811707, 'rho_d': 0.014704072191847684, 'nu': 21, 'sigma': 0.3045674779953614}. Best is trial 54 with value: 0.07065227632259832.
[I 2026-08-16 22:44:52,672] Trial 78 finished with value: 0.07268766564571709 and parameters: {'rho_e': 7.161390124383581, 'rho_d': 0.038841803280178396, 'nu': 6, 'sigma': 0.8763650818366417}. Best is trial 54 with value: 0.07065227632259832.
[I 2026-08-16 22:45:31,413] Trial 79 finished with value: 0.0797609389751858 and parameters: {'rho_e': 0.44268133414363114, 'rho_d': 0.25751719389310535, 'nu': 16, 'sigma': 0.7891758883902007}. Best is trial 54 with value: 0.07065227632259832.
[I 2026-08-16 22:46:10,121] Trial 80 finished with value: 0.08227175455180989 and parameters: {'rho_e': 4.497236583093951, 'rho_d': 5.5036202489056365e-05, 'nu': 12, 'sigma': 0.7036543114191908}. Best is trial 54 with value: 0.07065227632259832.
[I 2026-08-16 22:46:48,769] Trial 81 finished with value: 0.08234929429411049 and parameters: {'rho_e': 0.11281004891687561, 'rho_d': 0.078730953578376, 'nu': 2, 'sigma': 0.9590092049956432}. Best is trial 54 with value: 0.07065227632259832.
[I 2026-08-16 22:47:27,379] Trial 82 finished with value: 0.08682986425819662 and parameters: {'rho_e': 0.0015977160869099062, 'rho_d': 316.8143702933896, 'nu': 35, 'sigma': 0.2829620637460863}. Best is trial 54 with value: 0.07065227632259832.
[I 2026-08-16 22:48:06,107] Trial 83 finished with value: 0.07149652754598082 and parameters: {'rho_e': 13.051164193664768, 'rho_d': 0.006117279443072486, 'nu': 4, 'sigma': 0.7747761550310729}. Best is trial 54 with value: 0.07065227632259832.
[I 2026-08-16 22:48:44,929] Trial 84 finished with value: 0.08375758081129478 and parameters: {'rho_e': 0.1874527111303846, 'rho_d': 0.0007518692086726012, 'nu': 20, 'sigma': 0.6734216001444787}. Best is trial 54 with value: 0.07065227632259832.
[I 2026-08-16 22:49:23,673] Trial 85 finished with value: 0.07922862112006371 and parameters: {'rho_e': 1.7519472685375101, 'rho_d': 0.0029439952080665996, 'nu': 10, 'sigma': 0.9197262229452866}. Best is trial 54 with value: 0.07065227632259832.
[I 2026-08-16 22:50:02,397] Trial 86 finished with value: 0.08953498894693068 and parameters: {'rho_e': 2.5646508005764416e-05, 'rho_d': 21.407958410715413, 'nu': 9, 'sigma': 0.3759604652136845}. Best is trial 54 with value: 0.07065227632259832.
[I 2026-08-16 22:50:41,111] Trial 87 finished with value: 0.09598228415350014 and parameters: {'rho_e': 8.709574300757826, 'rho_d': 1.7211132219514293e-05, 'nu': 33, 'sigma': 0.5939331122209633}. Best is trial 54 with value: 0.07065227632259832.
