[I 2026-08-16 13:09:27,552] Trial 181 finished with value: 0.08639353718759171 and parameters: {'rho_e': 1e-05, 'rho_d': 0.008736715322726107, 'nu': 36, 'sigma': 1.0}. Best is trial 152 with value: 0.0700253941062384.
[I 2026-08-16 13:10:00,552] Trial 182 finished with value: 0.08309174203174523 and parameters: {'rho_e': 42.51192521791126, 'rho_d': 0.5731055425381424, 'nu': 2, 'sigma': 0.9999999999999999}. Best is trial 152 with value: 0.0700253941062384.
[I 2026-08-16 13:10:33,552] Trial 183 finished with value: 0.0704431358663574 and parameters: {'rho_e': 0.022136595942733112, 'rho_d': 0.00015091657899699918, 'nu': 2, 'sigma': 0.18538125109624293}. Best is trial 152 with value: 0.0700253941062384.
[I 2026-08-16 13:11:06,552] Trial 184 finished with value: 0.07024522932302862 and parameters: {'rho_e': 0.02064079357227282, 'rho_d': 7.330141213960419e-05, 'nu': 2, 'sigma': 0.15312633141442286}. Best is trial 152 with value: 0.0700253941062384.
[I 2026-08-16 13:11:39,552] Trial 185 finished with value: 0.07023247626143111 and parameters: {'rho_e': 0.023993134276797248, 'rho_d': 0.00019972384026895694, 'nu': 2, 'sigma': 0.14841954437001276}. Best is trial 152 with value: 0.0700253941062384.
[I 2026-08-16 13:12:12,588] Trial 186 finished with value: 0.11103417203418249 and parameters: {'rho_e': 1e-05, 'rho_d': 1e-05, 'nu': 2, 'sigma': 1.0}. Best is trial 152 with value: 0.0700253941062384.
[I 2026-08-16 13:12:45,635] Trial 187 finished with value: 0.08179980165893842 and parameters: {'rho_e': 0.00025777801262435605, 'rho_d': 0.0006786789719066144, 'nu': 36, 'sigma': 0.6350873662766595}. Best is trial 152 with value: 0.0700253941062384.
[I 2026-08-16 13:13:18,616] Trial 188 finished with value: 0.0785703622856095 and parameters: {'rho_e': 13.6559255677413, 'rho_d': 1000.0, 'nu': 24, 'sigma': 1.0}. Best is trial 152 with value: 0.0700253941062384.
[I 2026-08-16 13:13:51,716] Trial 189 finished with value: 0.07747284316584754 and parameters: {'rho_e': 0.0017149872521387765, 'rho_d': 0.0006435009858734696, 'nu': 36, 'sigma': 0.0}. Best is trial 152 with value: 0.0700253941062384.
[I 2026-08-16 13:14:24,822] Trial 190 finished with value: 0.0944862950128606 and parameters: {'rho_e': 1000.0, 'rho_d': 1e-05, 'nu': 36, 'sigma': 1.0}. Best is trial 152 with value: 0.0700253941062384.
[I 2026-08-16 13:14:58,136] Trial 191 finished with value: 0.12111151374011164 and parameters: {'rho_e': 1000.0, 'rho_d': 1e-05, 'nu': 2, 'sigma': 0.0}. Best is trial 152 with value: 0.0700253941062384.
[I 2026-08-16 13:15:31,781] Trial 192 finished with value: 0.07297874919821476 and parameters: {'rho_e': 0.02097657794804182, 'rho_d': 1e-05, 'nu': 2, 'sigma': 0.04577080640473636}. Best is trial 152 with value: 0.0700253941062384.
[I 2026-08-16 13:16:05,364] Trial 193 finished with value: 0.08203207777958854 and parameters: {'rho_e': 0.02925021064071815, 'rho_d': 1e-05, 'nu': 36, 'sigma': 1.0}. Best is trial 152 with value: 0.0700253941062384.
[I 2026-08-16 13:16:38,920] Trial 194 finished with value: 0.0806417008023255 and parameters: {'rho_e': 1000.0, 'rho_d': 1e-05, 'nu': 2, 'sigma': 0.6930888027086298}. Best is trial 152 with value: 0.0700253941062384.
[I 2026-08-16 13:17:12,349] Trial 195 finished with value: 0.08175623733361306 and parameters: {'rho_e': 3.537778401630544e-05, 'rho_d': 1e-05, 'nu': 36, 'sigma': 0.6417840632338435}. Best is trial 152 with value: 0.0700253941062384.
[I 2026-08-16 13:17:45,757] Trial 196 finished with value: 0.07855026813185516 and parameters: {'rho_e': 0.002640925230974399, 'rho_d': 1e-05, 'nu': 2, 'sigma': 0.3304610465402607}. Best is trial 152 with value: 0.0700253941062384.
[I 2026-08-16 13:18:19,006] Trial 197 finished with value: 0.0700253941062384 and parameters: {'rho_e': 0.02286650022757093, 'rho_d': 0.00010724198959223835, 'nu': 2, 'sigma': 0.17318462076887625}. Best is trial 152 with value: 0.0700253941062384.
[I 2026-08-16 13:18:52,201] Trial 198 finished with value: 0.0700253941062384 and parameters: {'rho_e': 0.02286650022757093, 'rho_d': 0.00010724198959223835, 'nu': 2, 'sigma': 0.17318462076887625}. Best is trial 152 with value: 0.0700253941062384.
[I 2026-08-16 13:19:25,364] Trial 199 finished with value: 0.0700253941062384 and parameters: {'rho_e': 0.02286650022757093, 'rho_d': 0.00010724198959223835, 'nu': 2, 'sigma': 0.17318462076887625}. Best is trial 152 with value: 0.0700253941062384.
/home/gterren/dynamic_update/functional_forecast_dynamic_update/scripts/validate_zone_ffc_mpi.py:1094: FutureWarning: The behavior of DataFrame concatenation with empty or all-NA entries is deprecated. In a future version, this will no longer exclude empty or all-NA columns when determining the result dtypes. To retain the old behavior, exclude the relevant entries before the concat operation.
  results_df = pd.concat([results_df, prob_results], axis = 0, ignore_index=True)
