[I 2026-08-16 13:10:55,930] Trial 88 finished with value: 0.08660727079437208 and parameters: {'rho_e': 0.486251533292777, 'rho_d': 52.14784654714354, 'nu': 6, 'sigma': 0.7891228370595951}. Best is trial 44 with value: 0.07572602804820784.
[I 2026-08-16 13:11:34,433] Trial 89 finished with value: 0.08934759493778205 and parameters: {'rho_e': 0.000612889380538402, 'rho_d': 6.25476322167153e-05, 'nu': 5, 'sigma': 0.9047950693848056}. Best is trial 44 with value: 0.07572602804820784.
[I 2026-08-16 13:12:12,888] Trial 90 finished with value: 0.11061823654429537 and parameters: {'rho_e': 7.905609421867139, 'rho_d': 1.482399313641124, 'nu': 20, 'sigma': 0.1529659116515288}. Best is trial 44 with value: 0.07572602804820784.
[I 2026-08-16 13:12:51,549] Trial 91 finished with value: 0.08957212372863525 and parameters: {'rho_e': 0.6819215330358105, 'rho_d': 0.0003702816334400203, 'nu': 33, 'sigma': 0.8384256258654897}. Best is trial 44 with value: 0.07572602804820784.
[I 2026-08-16 13:13:30,116] Trial 92 finished with value: 0.08405240127184542 and parameters: {'rho_e': 0.004212958428106735, 'rho_d': 0.004678011386611994, 'nu': 8, 'sigma': 0.37791297465362256}. Best is trial 44 with value: 0.07572602804820784.
[I 2026-08-16 13:14:07,717] Trial 93 finished with value: 0.07688959119742858 and parameters: {'rho_e': 0.2677199530536358, 'rho_d': 11.763303983773799, 'nu': 11, 'sigma': 0.24816428628969947}. Best is trial 44 with value: 0.07572602804820784.
[I 2026-08-16 13:14:46,252] Trial 94 finished with value: 0.08251835728885787 and parameters: {'rho_e': 0.0011444406274560965, 'rho_d': 0.000721586105829393, 'nu': 14, 'sigma': 0.06114790393564393}. Best is trial 44 with value: 0.07572602804820784.
[I 2026-08-16 13:15:24,709] Trial 95 finished with value: 0.08418862056479844 and parameters: {'rho_e': 0.3792824094846887, 'rho_d': 0.0570033980864129, 'nu': 8, 'sigma': 0.8283112299515442}. Best is trial 44 with value: 0.07572602804820784.
[I 2026-08-16 13:16:03,304] Trial 96 finished with value: 0.08452236433470761 and parameters: {'rho_e': 1.9897379970608284e-05, 'rho_d': 0.000130016363482025, 'nu': 28, 'sigma': 0.5825780928860248}. Best is trial 44 with value: 0.07572602804820784.
[I 2026-08-16 13:16:40,536] Trial 97 finished with value: 0.09249634630501401 and parameters: {'rho_e': 0.8390481620733344, 'rho_d': 0.09244901937295714, 'nu': 29, 'sigma': 0.5060934257174607}. Best is trial 44 with value: 0.07572602804820784.
[I 2026-08-16 13:17:18,943] Trial 98 finished with value: 0.09992241932525463 and parameters: {'rho_e': 4.631918267545036, 'rho_d': 0.0009628776616921115, 'nu': 19, 'sigma': 0.2900502502494807}. Best is trial 44 with value: 0.07572602804820784.
[I 2026-08-16 13:17:57,356] Trial 99 finished with value: 0.0808590652734684 and parameters: {'rho_e': 0.04871965141021672, 'rho_d': 3.330825453140193e-05, 'nu': 7, 'sigma': 0.7954371049397843}. Best is trial 44 with value: 0.07572602804820784.
[I 2026-08-16 13:18:37,213] Trial 100 finished with value: 0.07171319545244481 and parameters: {'rho_e': 0.07606903693919716, 'rho_d': 0.07439437958440151, 'nu': 2, 'sigma': 0.3767101634590011}. Best is trial 100 with value: 0.07171319545244481.
[I 2026-08-16 13:19:15,717] Trial 101 finished with value: 0.07080944581406956 and parameters: {'rho_e': 0.08846766974254691, 'rho_d': 0.15868519662136937, 'nu': 2, 'sigma': 0.3282818081205901}. Best is trial 101 with value: 0.07080944581406956.
[I 2026-08-16 13:19:54,224] Trial 102 finished with value: 0.08172823288854128 and parameters: {'rho_e': 0.8577462885835269, 'rho_d': 1000.0, 'nu': 36, 'sigma': 0.39579516812786936}. Best is trial 101 with value: 0.07080944581406956.
[I 2026-08-16 13:20:32,780] Trial 103 finished with value: 0.0824282798418362 and parameters: {'rho_e': 1e-05, 'rho_d': 1e-05, 'nu': 36, 'sigma': 0.0}. Best is trial 101 with value: 0.07080944581406956.
[I 2026-08-16 13:21:11,350] Trial 104 finished with value: 0.07541458545188354 and parameters: {'rho_e': 0.0690836236879297, 'rho_d': 0.07511152209384236, 'nu': 36, 'sigma': 0.45697213866013087}. Best is trial 101 with value: 0.07080944581406956.
[I 2026-08-16 13:21:49,823] Trial 105 finished with value: 0.07206580620355392 and parameters: {'rho_e': 0.09921782555472967, 'rho_d': 0.2834776341025916, 'nu': 2, 'sigma': 0.3524322507544469}. Best is trial 101 with value: 0.07080944581406956.
[I 2026-08-16 13:22:28,212] Trial 106 finished with value: 0.07156264104139037 and parameters: {'rho_e': 0.07700905628513506, 'rho_d': 0.09566601977175027, 'nu': 2, 'sigma': 0.26530062427568984}. Best is trial 101 with value: 0.07080944581406956.
[I 2026-08-16 13:23:06,688] Trial 107 finished with value: 0.08242726168880417 and parameters: {'rho_e': 0.00026497862112216376, 'rho_d': 1e-05, 'nu': 36, 'sigma': 0.0}. Best is trial 101 with value: 0.07080944581406956.
[I 2026-08-16 13:23:45,197] Trial 108 finished with value: 0.07137908702311238 and parameters: {'rho_e': 0.0699732028442265, 'rho_d': 0.24449678668037506, 'nu': 2, 'sigma': 0.26044484641124116}. Best is trial 101 with value: 0.07080944581406956.
[I 2026-08-16 13:24:23,839] Trial 109 finished with value: 0.08291875079941755 and parameters: {'rho_e': 1e-05, 'rho_d': 0.003133572723981711, 'nu': 2, 'sigma': 0.0}. Best is trial 101 with value: 0.07080944581406956.
[I 2026-08-16 13:25:02,680] Trial 110 finished with value: 0.078625038888297 and parameters: {'rho_e': 0.017428368082317167, 'rho_d': 1e-05, 'nu': 2, 'sigma': 0.0}. Best is trial 101 with value: 0.07080944581406956.
[I 2026-08-16 13:25:41,492] Trial 111 finished with value: 0.07165201724202239 and parameters: {'rho_e': 0.09026250394122746, 'rho_d': 0.07827206414626757, 'nu': 2, 'sigma': 0.27662684059571896}. Best is trial 101 with value: 0.07080944581406956.
[I 2026-08-16 13:26:20,395] Trial 112 finished with value: 0.0738658488205111 and parameters: {'rho_e': 0.07965714205200551, 'rho_d': 0.16593413331662635, 'nu': 11, 'sigma': 0.3324466495899949}. Best is trial 101 with value: 0.07080944581406956.
[I 2026-08-16 13:26:59,085] Trial 113 finished with value: 0.0852430811337267 and parameters: {'rho_e': 0.7265730164523754, 'rho_d': 1000.0, 'nu': 2, 'sigma': 0.33675005004836167}. Best is trial 101 with value: 0.07080944581406956.
[I 2026-08-16 13:27:37,768] Trial 114 finished with value: 0.07258452169393997 and parameters: {'rho_e': 0.06998212173836675, 'rho_d': 0.3163128087997853, 'nu': 2, 'sigma': 0.169354166075313}. Best is trial 101 with value: 0.07080944581406956.
[I 2026-08-16 13:28:16,509] Trial 115 finished with value: 0.09667425113262648 and parameters: {'rho_e': 1000.0, 'rho_d': 1e-05, 'nu': 36, 'sigma': 1.0}. Best is trial 101 with value: 0.07080944581406956.
[I 2026-08-16 13:28:55,152] Trial 116 finished with value: 0.0822680377631673 and parameters: {'rho_e': 0.0021213403013479386, 'rho_d': 1e-05, 'nu': 2, 'sigma': 0.0}. Best is trial 101 with value: 0.07080944581406956.
[I 2026-08-16 13:29:33,745] Trial 117 finished with value: 0.0745431763751116 and parameters: {'rho_e': 0.05279516814482181, 'rho_d': 0.00028071162357006353, 'nu': 2, 'sigma': 0.2772346091769393}. Best is trial 101 with value: 0.07080944581406956.
[I 2026-08-16 13:30:12,361] Trial 118 finished with value: 0.07327702236741111 and parameters: {'rho_e': 0.06545714429244626, 'rho_d': 0.016302120577297755, 'nu': 2, 'sigma': 0.34043156979030154}. Best is trial 101 with value: 0.07080944581406956.
[I 2026-08-16 13:30:50,952] Trial 119 finished with value: 0.07901582719152372 and parameters: {'rho_e': 0.034256119943192005, 'rho_d': 1e-05, 'nu': 36, 'sigma': 0.2787104290275015}. Best is trial 101 with value: 0.07080944581406956.
[I 2026-08-16 13:31:29,505] Trial 120 finished with value: 0.07260645229772467 and parameters: {'rho_e': 0.04468980086086517, 'rho_d': 1e-05, 'nu': 2, 'sigma': 0.3559966199280899}. Best is trial 101 with value: 0.07080944581406956.
[I 2026-08-16 13:32:08,181] Trial 121 finished with value: 0.07491742454182265 and parameters: {'rho_e': 0.018842855699378623, 'rho_d': 1e-05, 'nu': 2, 'sigma': 0.3583463721157227}. Best is trial 101 with value: 0.07080944581406956.
[I 2026-08-16 13:32:46,766] Trial 122 finished with value: 0.0824282798418362 and parameters: {'rho_e': 1e-05, 'rho_d': 1e-05, 'nu': 2, 'sigma': 0.0}. Best is trial 101 with value: 0.07080944581406956.
[I 2026-08-16 13:33:25,306] Trial 123 finished with value: 0.07648918992377031 and parameters: {'rho_e': 0.07555808350253924, 'rho_d': 1e-05, 'nu': 2, 'sigma': 0.20410267961703077}. Best is trial 101 with value: 0.07080944581406956.
[I 2026-08-16 13:34:03,808] Trial 124 finished with value: 0.08854053789632196 and parameters: {'rho_e': 1e-05, 'rho_d': 0.4387805190752912, 'nu': 36, 'sigma': 0.0}. Best is trial 101 with value: 0.07080944581406956.
[I 2026-08-16 13:34:42,381] Trial 125 finished with value: 0.07096071856382169 and parameters: {'rho_e': 0.06364748082287923, 'rho_d': 0.1688951725819015, 'nu': 2, 'sigma': 0.31158429092465745}. Best is trial 101 with value: 0.07080944581406956.
[I 2026-08-16 13:35:20,813] Trial 126 finished with value: 0.07104392404122362 and parameters: {'rho_e': 0.0636470685094178, 'rho_d': 0.1610793220792398, 'nu': 2, 'sigma': 0.31217837930258935}. Best is trial 101 with value: 0.07080944581406956.
[I 2026-08-16 13:35:59,451] Trial 127 finished with value: 0.07734621616149584 and parameters: {'rho_e': 0.09612702011678552, 'rho_d': 0.06997747759332638, 'nu': 36, 'sigma': 1.0}. Best is trial 101 with value: 0.07080944581406956.
[I 2026-08-16 13:36:37,925] Trial 128 finished with value: 0.07119345199402963 and parameters: {'rho_e': 0.06487337800920359, 'rho_d': 0.14957702706135845, 'nu': 2, 'sigma': 0.31565842587145}. Best is trial 101 with value: 0.07080944581406956.
[I 2026-08-16 13:37:16,423] Trial 129 finished with value: 0.07914224345456172 and parameters: {'rho_e': 0.0548328929440187, 'rho_d': 0.003123537788667031, 'nu': 36, 'sigma': 0.6596414873686263}. Best is trial 101 with value: 0.07080944581406956.
[I 2026-08-16 13:37:54,899] Trial 130 finished with value: 0.07956335233245536 and parameters: {'rho_e': 0.39281713737392643, 'rho_d': 1e-05, 'nu': 2, 'sigma': 1.0}. Best is trial 101 with value: 0.07080944581406956.
[I 2026-08-16 13:38:33,468] Trial 131 finished with value: 0.08682288241024516 and parameters: {'rho_e': 0.0010228231879858534, 'rho_d': 1e-05, 'nu': 36, 'sigma': 1.0}. Best is trial 101 with value: 0.07080944581406956.
[I 2026-08-16 13:39:11,966] Trial 132 finished with value: 0.08689919851592176 and parameters: {'rho_e': 9.451318978230514e-05, 'rho_d': 0.17538936732425814, 'nu': 2, 'sigma': 0.0}. Best is trial 101 with value: 0.07080944581406956.
[I 2026-08-16 13:39:50,608] Trial 133 finished with value: 0.08709949984761431 and parameters: {'rho_e': 1000.0, 'rho_d': 0.023978518277413995, 'nu': 2, 'sigma': 1.0}. Best is trial 101 with value: 0.07080944581406956.
[I 2026-08-16 13:40:29,078] Trial 134 finished with value: 0.08682011801521605 and parameters: {'rho_e': 17.840150087463247, 'rho_d': 1e-05, 'nu': 2, 'sigma': 1.0}. Best is trial 101 with value: 0.07080944581406956.
[I 2026-08-16 13:41:06,685] Trial 135 finished with value: 0.0778905289447452 and parameters: {'rho_e': 0.4540721812366816, 'rho_d': 30.35401078565745, 'nu': 36, 'sigma': 0.4856858636712236}. Best is trial 101 with value: 0.07080944581406956.
[I 2026-08-16 13:41:45,139] Trial 136 finished with value: 0.07120638363492426 and parameters: {'rho_e': 0.06780843638105441, 'rho_d': 0.16785167110692895, 'nu': 2, 'sigma': 0.323172381363669}. Best is trial 101 with value: 0.07080944581406956.
[I 2026-08-16 13:42:23,596] Trial 137 finished with value: 0.0736977915862647 and parameters: {'rho_e': 0.0772931872643023, 'rho_d': 3.589891976654471e-05, 'nu': 2, 'sigma': 0.44897141866084855}. Best is trial 101 with value: 0.07080944581406956.
[I 2026-08-16 13:43:02,093] Trial 138 finished with value: 0.07575107431107375 and parameters: {'rho_e': 0.09333088228804573, 'rho_d': 0.18742645311299458, 'nu': 36, 'sigma': 0.6962494706563468}. Best is trial 101 with value: 0.07080944581406956.
[I 2026-08-16 13:43:40,670] Trial 139 finished with value: 0.09583580657056395 and parameters: {'rho_e': 1e-05, 'rho_d': 1000.0, 'nu': 2, 'sigma': 0.0}. Best is trial 101 with value: 0.07080944581406956.
[I 2026-08-16 13:44:19,144] Trial 140 finished with value: 0.08109719816460184 and parameters: {'rho_e': 0.036315539052355794, 'rho_d': 0.0015994659644358708, 'nu': 36, 'sigma': 0.0}. Best is trial 101 with value: 0.07080944581406956.
[I 2026-08-16 13:44:57,578] Trial 141 finished with value: 0.10457425214200244 and parameters: {'rho_e': 1000.0, 'rho_d': 1000.0, 'nu': 2, 'sigma': 1.0}. Best is trial 101 with value: 0.07080944581406956.
[I 2026-08-16 13:45:36,046] Trial 142 finished with value: 0.08242822876165076 and parameters: {'rho_e': 0.00010903248120068689, 'rho_d': 1e-05, 'nu': 2, 'sigma': 0.0}. Best is trial 101 with value: 0.07080944581406956.
[I 2026-08-16 13:46:14,571] Trial 143 finished with value: 0.08099616488420278 and parameters: {'rho_e': 0.006996187400935984, 'rho_d': 1e-05, 'nu': 36, 'sigma': 0.0}. Best is trial 101 with value: 0.07080944581406956.
[I 2026-08-16 13:46:53,244] Trial 144 finished with value: 0.0823516326172805 and parameters: {'rho_e': 0.000189178628555452, 'rho_d': 0.0015881909959809782, 'nu': 36, 'sigma': 0.0}. Best is trial 101 with value: 0.07080944581406956.
[I 2026-08-16 13:47:31,913] Trial 145 finished with value: 0.08358649878697282 and parameters: {'rho_e': 2.0928491835659, 'rho_d': 0.00031239359359589884, 'nu': 2, 'sigma': 1.0}. Best is trial 101 with value: 0.07080944581406956.
[I 2026-08-16 13:48:10,856] Trial 146 finished with value: 0.0829867034463447 and parameters: {'rho_e': 0.04786448076640539, 'rho_d': 3.6624338034746233, 'nu': 2, 'sigma': 0.0}. Best is trial 101 with value: 0.07080944581406956.
[I 2026-08-16 13:48:49,782] Trial 147 finished with value: 0.07100877412267702 and parameters: {'rho_e': 0.08199375359983006, 'rho_d': 0.206316366570313, 'nu': 2, 'sigma': 0.2877286217400881}. Best is trial 101 with value: 0.07080944581406956.
[I 2026-08-16 13:49:29,112] Trial 148 finished with value: 0.0711999740795822 and parameters: {'rho_e': 0.0803659547452447, 'rho_d': 0.18562551570150393, 'nu': 2, 'sigma': 0.2896516137250445}. Best is trial 101 with value: 0.07080944581406956.
[I 2026-08-16 13:50:07,870] Trial 149 finished with value: 0.07202777844972548 and parameters: {'rho_e': 0.07253879354307685, 'rho_d': 0.3052771847987912, 'nu': 2, 'sigma': 0.3121946300746048}. Best is trial 101 with value: 0.07080944581406956.
[I 2026-08-16 13:50:46,613] Trial 150 finished with value: 0.07727874646262722 and parameters: {'rho_e': 0.20241439834077443, 'rho_d': 2.1207856933051863, 'nu': 36, 'sigma': 1.0}. Best is trial 101 with value: 0.07080944581406956.
[I 2026-08-16 13:51:25,316] Trial 151 finished with value: 0.08156425172820914 and parameters: {'rho_e': 1e-05, 'rho_d': 1e-05, 'nu': 2, 'sigma': 0.5008700310178915}. Best is trial 101 with value: 0.07080944581406956.
[I 2026-08-16 13:52:03,874] Trial 152 finished with value: 0.08407409263062143 and parameters: {'rho_e': 1.234175349235168, 'rho_d': 1000.0, 'nu': 36, 'sigma': 1.0}. Best is trial 101 with value: 0.07080944581406956.
[I 2026-08-16 13:52:42,352] Trial 153 finished with value: 0.0779352462819185 and parameters: {'rho_e': 0.045352302554921196, 'rho_d': 1e-05, 'nu': 14, 'sigma': 0.4725285392324601}. Best is trial 101 with value: 0.07080944581406956.
[I 2026-08-16 13:53:21,057] Trial 154 finished with value: 0.07097413920709514 and parameters: {'rho_e': 0.06306056440157118, 'rho_d': 0.10803304681788113, 'nu': 2, 'sigma': 0.28969504483179825}. Best is trial 101 with value: 0.07080944581406956.
[I 2026-08-16 13:53:59,559] Trial 155 finished with value: 0.08278942554073535 and parameters: {'rho_e': 0.0011243316480322209, 'rho_d': 1e-05, 'nu': 36, 'sigma': 0.4145727416256838}. Best is trial 101 with value: 0.07080944581406956.
[I 2026-08-16 13:54:38,232] Trial 156 finished with value: 0.07728900704805519 and parameters: {'rho_e': 0.09911558765700455, 'rho_d': 1.6748888430839393, 'nu': 36, 'sigma': 0.374098664500409}. Best is trial 101 with value: 0.07080944581406956.
[I 2026-08-16 13:55:16,712] Trial 157 finished with value: 0.07644642399203014 and parameters: {'rho_e': 0.13298840513042745, 'rho_d': 0.0010005029746092042, 'nu': 2, 'sigma': 1.0}. Best is trial 101 with value: 0.07080944581406956.
[I 2026-08-16 13:55:55,359] Trial 158 finished with value: 0.07905609402519913 and parameters: {'rho_e': 0.07346852442009703, 'rho_d': 0.04430599119734376, 'nu': 2, 'sigma': 1.0}. Best is trial 101 with value: 0.07080944581406956.
[I 2026-08-16 13:56:33,878] Trial 159 finished with value: 0.07368330793190186 and parameters: {'rho_e': 0.03485194792835026, 'rho_d': 4.6547366336721287e-05, 'nu': 2, 'sigma': 0.3454638422503173}. Best is trial 101 with value: 0.07080944581406956.
[I 2026-08-16 13:57:12,330] Trial 160 finished with value: 0.10208602507209674 and parameters: {'rho_e': 1e-05, 'rho_d': 1000.0, 'nu': 36, 'sigma': 1.0}. Best is trial 101 with value: 0.07080944581406956.
[I 2026-08-16 13:57:50,905] Trial 161 finished with value: 0.07927649828431313 and parameters: {'rho_e': 0.023641600668446994, 'rho_d': 0.01882224655669671, 'nu': 36, 'sigma': 0.30641190468249874}. Best is trial 101 with value: 0.07080944581406956.
[I 2026-08-16 13:58:29,387] Trial 162 finished with value: 0.07080944581406956 and parameters: {'rho_e': 0.08846766974254691, 'rho_d': 0.15868519662136937, 'nu': 2, 'sigma': 0.3282818081205901}. Best is trial 101 with value: 0.07080944581406956.
[I 2026-08-16 13:59:07,898] Trial 163 finished with value: 0.07080944581406956 and parameters: {'rho_e': 0.08846766974254691, 'rho_d': 0.15868519662136937, 'nu': 2, 'sigma': 0.3282818081205901}. Best is trial 101 with value: 0.07080944581406956.
[I 2026-08-16 13:59:46,524] Trial 164 finished with value: 0.07114560896031467 and parameters: {'rho_e': 0.07629881615083711, 'rho_d': 0.12712587441960907, 'nu': 2, 'sigma': 0.2985250144927465}. Best is trial 101 with value: 0.07080944581406956.
[I 2026-08-16 14:00:25,080] Trial 165 finished with value: 0.07110067792009923 and parameters: {'rho_e': 0.07606452768777537, 'rho_d': 0.12713126515668313, 'nu': 2, 'sigma': 0.30064054251627204}. Best is trial 101 with value: 0.07080944581406956.
[I 2026-08-16 14:01:03,659] Trial 166 finished with value: 0.07080944581406956 and parameters: {'rho_e': 0.08846766974254691, 'rho_d': 0.15868519662136937, 'nu': 2, 'sigma': 0.3282818081205901}. Best is trial 101 with value: 0.07080944581406956.
[I 2026-08-16 14:01:42,234] Trial 167 finished with value: 0.07080944581406956 and parameters: {'rho_e': 0.08846766974254691, 'rho_d': 0.15868519662136937, 'nu': 2, 'sigma': 0.3282818081205901}. Best is trial 101 with value: 0.07080944581406956.
[I 2026-08-16 14:02:20,846] Trial 168 finished with value: 0.07080944581406956 and parameters: {'rho_e': 0.08846766974254691, 'rho_d': 0.15868519662136937, 'nu': 2, 'sigma': 0.3282818081205901}. Best is trial 101 with value: 0.07080944581406956.
[I 2026-08-16 14:02:59,343] Trial 169 finished with value: 0.07080944581406956 and parameters: {'rho_e': 0.08846766974254691, 'rho_d': 0.15868519662136937, 'nu': 2, 'sigma': 0.3282818081205901}. Best is trial 101 with value: 0.07080944581406956.
[I 2026-08-16 14:03:37,835] Trial 170 finished with value: 0.07080944581406956 and parameters: {'rho_e': 0.08846766974254691, 'rho_d': 0.15868519662136937, 'nu': 2, 'sigma': 0.3282818081205901}. Best is trial 101 with value: 0.07080944581406956.
[I 2026-08-16 14:04:16,307] Trial 171 finished with value: 0.07080944581406956 and parameters: {'rho_e': 0.08846766974254691, 'rho_d': 0.15868519662136937, 'nu': 2, 'sigma': 0.3282818081205901}. Best is trial 101 with value: 0.07080944581406956.
[I 2026-08-16 14:04:54,790] Trial 172 finished with value: 0.07080944581406956 and parameters: {'rho_e': 0.08846766974254691, 'rho_d': 0.15868519662136937, 'nu': 2, 'sigma': 0.3282818081205901}. Best is trial 101 with value: 0.07080944581406956.
[I 2026-08-16 14:05:33,218] Trial 173 finished with value: 0.07080944581406956 and parameters: {'rho_e': 0.08846766974254691, 'rho_d': 0.15868519662136937, 'nu': 2, 'sigma': 0.3282818081205901}. Best is trial 101 with value: 0.07080944581406956.
[I 2026-08-16 14:06:11,699] Trial 174 finished with value: 0.07080944581406956 and parameters: {'rho_e': 0.08846766974254691, 'rho_d': 0.15868519662136937, 'nu': 2, 'sigma': 0.3282818081205901}. Best is trial 101 with value: 0.07080944581406956.
[I 2026-08-16 14:06:50,124] Trial 175 finished with value: 0.07080944581406956 and parameters: {'rho_e': 0.08846766974254691, 'rho_d': 0.15868519662136937, 'nu': 2, 'sigma': 0.3282818081205901}. Best is trial 101 with value: 0.07080944581406956.
[I 2026-08-16 14:07:28,648] Trial 176 finished with value: 0.07080944581406956 and parameters: {'rho_e': 0.08846766974254691, 'rho_d': 0.15868519662136937, 'nu': 2, 'sigma': 0.3282818081205901}. Best is trial 101 with value: 0.07080944581406956.
[I 2026-08-16 14:08:07,173] Trial 177 finished with value: 0.07080944581406956 and parameters: {'rho_e': 0.08846766974254691, 'rho_d': 0.15868519662136937, 'nu': 2, 'sigma': 0.3282818081205901}. Best is trial 101 with value: 0.07080944581406956.
[I 2026-08-16 14:08:45,800] Trial 178 finished with value: 0.07080944581406956 and parameters: {'rho_e': 0.08846766974254691, 'rho_d': 0.15868519662136937, 'nu': 2, 'sigma': 0.3282818081205901}. Best is trial 101 with value: 0.07080944581406956.
[I 2026-08-16 14:09:24,735] Trial 179 finished with value: 0.07080944581406956 and parameters: {'rho_e': 0.08846766974254691, 'rho_d': 0.15868519662136937, 'nu': 2, 'sigma': 0.3282818081205901}. Best is trial 101 with value: 0.07080944581406956.
