/home/gterren/dynamic_update/functional_forecast_dynamic_update/scripts/validate_zone_ffc_mpi.py:673: ExperimentalWarning: GPSampler is experimental (supported from v3.6.0). The interface can change in the future.
  sampler=GPSampler(seed=SEED, n_startup_trials=0)
[I 2026-08-16 22:31:15,583] A new study created in memory with name: no-name-8445e0cc-9906-4ed4-a215-8e3f117a3023
[I 2026-08-16 22:31:50,184] Trial 0 finished with value: 0.08777216821009957 and parameters: {'rho_e': 0.05130538765211261, 'rho_d': 159.34360042487788, 'nu': 12, 'sigma': 0.5084229902414978}. Best is trial 0 with value: 0.08777216821009957.
[I 2026-08-16 22:32:23,204] Trial 1 finished with value: 0.09447404120058052 and parameters: {'rho_e': 0.0005122558519380855, 'rho_d': 32.425410862105856, 'nu': 22, 'sigma': 0.16229555546785135}. Best is trial 0 with value: 0.08777216821009957.
[I 2026-08-16 22:32:57,177] Trial 2 finished with value: 0.08868660556643194 and parameters: {'rho_e': 0.0002907002396614678, 'rho_d': 1.0681430010997222, 'nu': 25, 'sigma': 0.3175015924783596}. Best is trial 0 with value: 0.08777216821009957.
[I 2026-08-16 22:33:29,170] Trial 3 finished with value: 0.07936424249888685 and parameters: {'rho_e': 0.15459819014696047, 'rho_d': 0.007049018290446209, 'nu': 28, 'sigma': 0.8939081311539592}. Best is trial 3 with value: 0.07936424249888685.
[I 2026-08-16 22:33:59,986] Trial 4 finished with value: 0.08620387414367581 and parameters: {'rho_e': 0.00024972829950657623, 'rho_d': 0.10788381977150274, 'nu': 30, 'sigma': 0.6043613758865917}. Best is trial 3 with value: 0.07936424249888685.
[I 2026-08-16 22:34:36,353] Trial 5 finished with value: 0.07938741431112897 and parameters: {'rho_e': 0.07054778164641946, 'rho_d': 3.4019708794999226, 'nu': 29, 'sigma': 0.8677123527003876}. Best is trial 3 with value: 0.07936424249888685.
[I 2026-08-16 22:35:14,245] Trial 6 finished with value: 0.0980948007654717 and parameters: {'rho_e': 0.0011413998300874072, 'rho_d': 9.6498684474939, 'nu': 14, 'sigma': 0.6969082969982466}. Best is trial 3 with value: 0.07936424249888685.
[I 2026-08-16 22:35:51,364] Trial 7 finished with value: 0.10124084571284256 and parameters: {'rho_e': 6.71469489641359, 'rho_d': 14.596686740186136, 'nu': 16, 'sigma': 0.8011852333787559}. Best is trial 3 with value: 0.07936424249888685.
[I 2026-08-16 22:36:30,372] Trial 8 finished with value: 0.0775244051575905 and parameters: {'rho_e': 0.0005780690544240158, 'rho_d': 0.00043046789416559814, 'nu': 26, 'sigma': 0.13315700209173578}. Best is trial 8 with value: 0.0775244051575905.
[I 2026-08-16 22:37:11,779] Trial 9 finished with value: 0.08082500934960242 and parameters: {'rho_e': 0.041180130735989355, 'rho_d': 1.9040208927154505, 'nu': 24, 'sigma': 0.6876618828967466}. Best is trial 8 with value: 0.0775244051575905.
[I 2026-08-16 22:37:52,227] Trial 10 finished with value: 0.0908431377657221 and parameters: {'rho_e': 10.94333458673787, 'rho_d': 0.8502427099286538, 'nu': 7, 'sigma': 0.7948271525840304}. Best is trial 8 with value: 0.0775244051575905.
[I 2026-08-16 22:38:33,631] Trial 11 finished with value: 0.09650903830564064 and parameters: {'rho_e': 2.056806631301449, 'rho_d': 0.23908519674375642, 'nu': 24, 'sigma': 0.6495743209699272}. Best is trial 8 with value: 0.0775244051575905.
[I 2026-08-16 22:39:14,145] Trial 12 finished with value: 0.10293278748647372 and parameters: {'rho_e': 22.16091413397793, 'rho_d': 102.42837154457695, 'nu': 13, 'sigma': 0.7166522443837102}. Best is trial 8 with value: 0.0775244051575905.
[I 2026-08-16 22:39:56,096] Trial 13 finished with value: 0.09918616347394764 and parameters: {'rho_e': 495.0826114594978, 'rho_d': 0.7034133659876444, 'nu': 20, 'sigma': 0.424043330246107}. Best is trial 8 with value: 0.0775244051575905.
[I 2026-08-16 22:40:36,243] Trial 14 finished with value: 0.10613996105070606 and parameters: {'rho_e': 2.559282706211498, 'rho_d': 0.05194142367219997, 'nu': 34, 'sigma': 0.25710944934785357}. Best is trial 8 with value: 0.0775244051575905.
[I 2026-08-16 22:41:15,606] Trial 15 finished with value: 0.10284572976497575 and parameters: {'rho_e': 1.0450851317782563, 'rho_d': 0.0002904738250813984, 'nu': 4, 'sigma': 0.08248947477806663}. Best is trial 8 with value: 0.0775244051575905.
[I 2026-08-16 22:41:55,747] Trial 16 finished with value: 0.09374343974548335 and parameters: {'rho_e': 1.732836016647159e-05, 'rho_d': 7.756201103940586, 'nu': 31, 'sigma': 0.26096072329647446}. Best is trial 8 with value: 0.0775244051575905.
[I 2026-08-16 22:42:35,276] Trial 17 finished with value: 0.08490332991558266 and parameters: {'rho_e': 0.0027023941445373633, 'rho_d': 1.0960063409825168e-05, 'nu': 25, 'sigma': 0.7385525606770245}. Best is trial 8 with value: 0.0775244051575905.
[I 2026-08-16 22:43:15,592] Trial 18 finished with value: 0.08909984433895282 and parameters: {'rho_e': 1.333196146382448, 'rho_d': 0.0232324191813232, 'nu': 17, 'sigma': 0.541989422929672}. Best is trial 8 with value: 0.0775244051575905.
[I 2026-08-16 22:43:55,293] Trial 19 finished with value: 0.07481851005226849 and parameters: {'rho_e': 0.01664552594325546, 'rho_d': 8.466433407869235e-05, 'nu': 12, 'sigma': 0.14563709443610734}. Best is trial 19 with value: 0.07481851005226849.
[I 2026-08-16 22:44:36,155] Trial 20 finished with value: 0.07833381502813316 and parameters: {'rho_e': 0.02383027986408138, 'rho_d': 4.927016917702346e-05, 'nu': 8, 'sigma': 0.8171559094972686}. Best is trial 19 with value: 0.07481851005226849.
[I 2026-08-16 22:45:17,032] Trial 21 finished with value: 0.0771331389123543 and parameters: {'rho_e': 0.9012711003651388, 'rho_d': 668.732952040831, 'nu': 24, 'sigma': 0.21269131317002835}. Best is trial 19 with value: 0.07481851005226849.
[I 2026-08-16 22:45:57,154] Trial 22 finished with value: 0.11585638932852428 and parameters: {'rho_e': 825.5725328833008, 'rho_d': 0.0012077093299815295, 'nu': 32, 'sigma': 0.0534397398167166}. Best is trial 19 with value: 0.07481851005226849.
[I 2026-08-16 22:46:38,192] Trial 23 finished with value: 0.11633634237226614 and parameters: {'rho_e': 53.17700384806444, 'rho_d': 0.0020074036375338136, 'nu': 10, 'sigma': 0.01639415453224614}. Best is trial 19 with value: 0.07481851005226849.
[I 2026-08-16 22:47:18,494] Trial 24 finished with value: 0.09160657937796741 and parameters: {'rho_e': 3.0728210731476913, 'rho_d': 3.386987856442567e-05, 'nu': 23, 'sigma': 0.6158860973553404}. Best is trial 19 with value: 0.07481851005226849.
[I 2026-08-16 22:47:59,785] Trial 25 finished with value: 0.07806098981271976 and parameters: {'rho_e': 0.06909225110210694, 'rho_d': 0.003566916489887744, 'nu': 28, 'sigma': 0.8894633752708715}. Best is trial 19 with value: 0.07481851005226849.
[I 2026-08-16 22:48:39,210] Trial 26 finished with value: 0.09529718210643812 and parameters: {'rho_e': 0.0013309501353172594, 'rho_d': 43.621962576663485, 'nu': 10, 'sigma': 0.4438207150452868}. Best is trial 19 with value: 0.07481851005226849.
[I 2026-08-16 22:49:17,470] Trial 27 finished with value: 0.09097632699462219 and parameters: {'rho_e': 0.0007561178177340193, 'rho_d': 0.00037107592977927707, 'nu': 5, 'sigma': 0.7542423189312096}. Best is trial 19 with value: 0.07481851005226849.
[I 2026-08-16 22:49:54,908] Trial 28 finished with value: 0.1098868631885126 and parameters: {'rho_e': 281.93024316234624, 'rho_d': 0.18329657510425618, 'nu': 34, 'sigma': 0.230645877960256}. Best is trial 19 with value: 0.07481851005226849.
[I 2026-08-16 22:50:33,655] Trial 29 finished with value: 0.09119511038412151 and parameters: {'rho_e': 0.01189512082322422, 'rho_d': 12.498583596127744, 'nu': 29, 'sigma': 0.1288615739079443}. Best is trial 19 with value: 0.07481851005226849.
[I 2026-08-16 22:51:14,758] Trial 30 finished with value: 0.07842792795228974 and parameters: {'rho_e': 0.14346363617445182, 'rho_d': 0.4145893546161153, 'nu': 18, 'sigma': 0.4598907863083959}. Best is trial 19 with value: 0.07481851005226849.
[I 2026-08-16 22:51:54,878] Trial 31 finished with value: 0.09700691073102477 and parameters: {'rho_e': 423.02701724807093, 'rho_d': 0.0021938817027226543, 'nu': 21, 'sigma': 0.49421510870665714}. Best is trial 19 with value: 0.07481851005226849.
[I 2026-08-16 22:52:35,746] Trial 32 finished with value: 0.10422692431968615 and parameters: {'rho_e': 63.644069072407845, 'rho_d': 1.5451288726341956, 'nu': 22, 'sigma': 0.3441378547418572}. Best is trial 19 with value: 0.07481851005226849.
[I 2026-08-16 22:53:16,371] Trial 33 finished with value: 0.11163068219366494 and parameters: {'rho_e': 132.08663328501328, 'rho_d': 0.0005567785679076391, 'nu': 16, 'sigma': 0.09398481847775952}. Best is trial 19 with value: 0.07481851005226849.
[I 2026-08-16 22:53:56,493] Trial 34 finished with value: 0.08375398762582856 and parameters: {'rho_e': 1.266865144400304e-05, 'rho_d': 0.12330926471931568, 'nu': 35, 'sigma': 0.04921549418843673}. Best is trial 19 with value: 0.07481851005226849.
[I 2026-08-16 22:54:37,299] Trial 35 finished with value: 0.10908059291158168 and parameters: {'rho_e': 3.8192786276578287e-05, 'rho_d': 28.716774855808982, 'nu': 6, 'sigma': 0.974459664061737}. Best is trial 19 with value: 0.07481851005226849.
[I 2026-08-16 22:55:17,231] Trial 36 finished with value: 0.08022623173628375 and parameters: {'rho_e': 0.21140465460326044, 'rho_d': 0.011576477952224494, 'nu': 19, 'sigma': 0.5896716402694026}. Best is trial 19 with value: 0.07481851005226849.
[I 2026-08-16 22:55:57,988] Trial 37 finished with value: 0.11168620882268168 and parameters: {'rho_e': 34.15359717004281, 'rho_d': 1.9808268031354162e-05, 'nu': 25, 'sigma': 0.11978853148141448}. Best is trial 19 with value: 0.07481851005226849.
[I 2026-08-16 22:56:36,009] Trial 38 finished with value: 0.09185869216159637 and parameters: {'rho_e': 0.0008318890373154131, 'rho_d': 3.0189195105021565, 'nu': 31, 'sigma': 0.5295877815244101}. Best is trial 19 with value: 0.07481851005226849.
[I 2026-08-16 22:57:12,961] Trial 39 finished with value: 0.09212529856897061 and parameters: {'rho_e': 3.4876488231296725, 'rho_d': 115.8870391749511, 'nu': 19, 'sigma': 0.8570796566424906}. Best is trial 19 with value: 0.07481851005226849.
[I 2026-08-16 22:57:49,603] Trial 40 finished with value: 0.08271258677089027 and parameters: {'rho_e': 3.202990709440797e-05, 'rho_d': 3.8688248370249687e-05, 'nu': 26, 'sigma': 0.5531228164654773}. Best is trial 19 with value: 0.07481851005226849.
[I 2026-08-16 22:58:29,203] Trial 41 finished with value: 0.08489350290734118 and parameters: {'rho_e': 0.020413897802171923, 'rho_d': 2.4656123657291036, 'nu': 17, 'sigma': 0.4709575418027467}. Best is trial 19 with value: 0.07481851005226849.
[I 2026-08-16 22:59:11,080] Trial 42 finished with value: 0.10563942888436721 and parameters: {'rho_e': 120.707712640029, 'rho_d': 0.0038708397542804476, 'nu': 33, 'sigma': 0.3671158717025286}. Best is trial 19 with value: 0.07481851005226849.
[I 2026-08-16 22:59:51,827] Trial 43 finished with value: 0.07811832363642063 and parameters: {'rho_e': 0.08677285334720536, 'rho_d': 0.03262622815627771, 'nu': 3, 'sigma': 0.7626829064027205}. Best is trial 19 with value: 0.07481851005226849.
[I 2026-08-16 23:00:33,448] Trial 44 finished with value: 0.08019937750555359 and parameters: {'rho_e': 0.3196327995848152, 'rho_d': 0.01069136100689396, 'nu': 7, 'sigma': 0.5187480928965137}. Best is trial 19 with value: 0.07481851005226849.
[I 2026-08-16 23:01:13,779] Trial 45 finished with value: 0.09300332503345952 and parameters: {'rho_e': 0.010924065366585245, 'rho_d': 385.5198059907951, 'nu': 15, 'sigma': 0.1002787895673072}. Best is trial 19 with value: 0.07481851005226849.
[I 2026-08-16 23:01:55,362] Trial 46 finished with value: 0.09435945403360754 and parameters: {'rho_e': 0.00014924794676755124, 'rho_d': 76.77587657498614, 'nu': 8, 'sigma': 0.1748479160920512}. Best is trial 19 with value: 0.07481851005226849.
[I 2026-08-16 23:02:37,027] Trial 47 finished with value: 0.0998508327881262 and parameters: {'rho_e': 5.643387330174131, 'rho_d': 0.0001526698469632002, 'nu': 15, 'sigma': 0.29707041249836325}. Best is trial 19 with value: 0.07481851005226849.
[I 2026-08-16 23:03:18,049] Trial 48 finished with value: 0.09313500431171781 and parameters: {'rho_e': 186.81288658037974, 'rho_d': 5.596886015412078, 'nu': 17, 'sigma': 0.6372973489216365}. Best is trial 19 with value: 0.07481851005226849.
[I 2026-08-16 23:04:00,434] Trial 49 finished with value: 0.08712775889897936 and parameters: {'rho_e': 0.0036848822471749984, 'rho_d': 0.022516403021388742, 'nu': 22, 'sigma': 0.7232218394328277}. Best is trial 19 with value: 0.07481851005226849.
[I 2026-08-16 23:04:42,621] Trial 50 finished with value: 0.08179156177274652 and parameters: {'rho_e': 0.00011048364266781098, 'rho_d': 0.0411193245896246, 'nu': 31, 'sigma': 0.20805584137381047}. Best is trial 19 with value: 0.07481851005226849.
[I 2026-08-16 23:05:25,153] Trial 51 finished with value: 0.08819589327875708 and parameters: {'rho_e': 0.3751427078167346, 'rho_d': 726.3302795991754, 'nu': 11, 'sigma': 0.8378188296523077}. Best is trial 19 with value: 0.07481851005226849.
[I 2026-08-16 23:06:06,256] Trial 52 finished with value: 0.09351404184906356 and parameters: {'rho_e': 0.0031221891544329547, 'rho_d': 11.155095941332075, 'nu': 36, 'sigma': 0.06314301806580355}. Best is trial 19 with value: 0.07481851005226849.
[I 2026-08-16 23:06:47,977] Trial 53 finished with value: 0.08206990967338054 and parameters: {'rho_e': 9.533775238416124e-05, 'rho_d': 0.00013003584925736015, 'nu': 33, 'sigma': 0.6234279648307336}. Best is trial 19 with value: 0.07481851005226849.
[I 2026-08-16 23:07:29,701] Trial 54 finished with value: 0.08150180758306806 and parameters: {'rho_e': 0.7294242480541165, 'rho_d': 1.3539652813413604e-05, 'nu': 4, 'sigma': 0.8435634030841942}. Best is trial 19 with value: 0.07481851005226849.
[I 2026-08-16 23:08:10,377] Trial 55 finished with value: 0.0881636756293465 and parameters: {'rho_e': 6.493179246985206e-05, 'rho_d': 0.018481900198821115, 'nu': 30, 'sigma': 0.9329030484397383}. Best is trial 19 with value: 0.07481851005226849.
[I 2026-08-16 23:08:51,976] Trial 56 finished with value: 0.07775739066767556 and parameters: {'rho_e': 2.490614456858246e-05, 'rho_d': 0.0016802687337611668, 'nu': 30, 'sigma': 0.1569738359527891}. Best is trial 19 with value: 0.07481851005226849.
[I 2026-08-16 23:09:32,608] Trial 57 finished with value: 0.11158186871090675 and parameters: {'rho_e': 109.02064252307345, 'rho_d': 50.26604657464007, 'nu': 11, 'sigma': 0.18232262632483398}. Best is trial 19 with value: 0.07481851005226849.
[I 2026-08-16 23:10:14,210] Trial 58 finished with value: 0.08696624511002198 and parameters: {'rho_e': 0.013626777049800911, 'rho_d': 1.1386832983056452, 'nu': 28, 'sigma': 0.03390079504548418}. Best is trial 19 with value: 0.07481851005226849.
[I 2026-08-16 23:10:55,103] Trial 59 finished with value: 0.08370805764264949 and parameters: {'rho_e': 0.007482081968946405, 'rho_d': 0.15837749528517273, 'nu': 26, 'sigma': 0.35737382282517394}. Best is trial 19 with value: 0.07481851005226849.
[I 2026-08-16 23:11:36,836] Trial 60 finished with value: 0.09249086758647601 and parameters: {'rho_e': 0.002053258949656858, 'rho_d': 4.0962499533039205, 'nu': 13, 'sigma': 0.46979061556878776}. Best is trial 19 with value: 0.07481851005226849.
[I 2026-08-16 23:12:16,086] Trial 61 finished with value: 0.10514601847358514 and parameters: {'rho_e': 690.0311644274273, 'rho_d': 894.2147515922587, 'nu': 27, 'sigma': 0.7469698190412718}. Best is trial 19 with value: 0.07481851005226849.
[I 2026-08-16 23:12:55,569] Trial 62 finished with value: 0.09307663140388858 and parameters: {'rho_e': 47.89014936258288, 'rho_d': 9.168236881179045e-05, 'nu': 19, 'sigma': 0.5727288841940168}. Best is trial 19 with value: 0.07481851005226849.
[I 2026-08-16 23:13:34,448] Trial 63 finished with value: 0.09575361095718055 and parameters: {'rho_e': 38.12372931180452, 'rho_d': 6.4099240126027555, 'nu': 21, 'sigma': 0.9923102418499551}. Best is trial 19 with value: 0.07481851005226849.
[I 2026-08-16 23:14:16,149] Trial 64 finished with value: 0.10590406574729398 and parameters: {'rho_e': 259.94253079705385, 'rho_d': 0.09638137903454169, 'nu': 36, 'sigma': 0.3927531943520083}. Best is trial 19 with value: 0.07481851005226849.
[I 2026-08-16 23:14:58,221] Trial 65 finished with value: 0.07327754563056543 and parameters: {'rho_e': 0.03657071823252119, 'rho_d': 0.004522379364698514, 'nu': 4, 'sigma': 0.4854863035598044}. Best is trial 65 with value: 0.07327754563056543.
[I 2026-08-16 23:15:39,067] Trial 66 finished with value: 0.09376762086750268 and parameters: {'rho_e': 0.005432288919654041, 'rho_d': 20.834828754666525, 'nu': 34, 'sigma': 0.07329994970455685}. Best is trial 65 with value: 0.07327754563056543.
[I 2026-08-16 23:16:20,736] Trial 67 finished with value: 0.0992161041371091 and parameters: {'rho_e': 0.000478127584539193, 'rho_d': 0.008928583634641437, 'nu': 6, 'sigma': 0.9454319472183293}. Best is trial 65 with value: 0.07327754563056543.
[I 2026-08-16 23:17:01,474] Trial 68 finished with value: 0.10263524571538002 and parameters: {'rho_e': 194.07297008746949, 'rho_d': 65.8028326539759, 'nu': 8, 'sigma': 0.32241000999044095}. Best is trial 65 with value: 0.07327754563056543.
[I 2026-08-16 23:17:43,075] Trial 69 finished with value: 0.09746814451784697 and parameters: {'rho_e': 1.878968277539725e-05, 'rho_d': 0.00026853645690385263, 'nu': 2, 'sigma': 0.9633222108226387}. Best is trial 65 with value: 0.07327754563056543.
[I 2026-08-16 23:18:24,623] Trial 70 finished with value: 0.08271140586948814 and parameters: {'rho_e': 1.0814167941776005e-05, 'rho_d': 0.06733407630939071, 'nu': 20, 'sigma': 0.19868344705311058}. Best is trial 65 with value: 0.07327754563056543.
[I 2026-08-16 23:19:05,442] Trial 71 finished with value: 0.0953850095605861 and parameters: {'rho_e': 0.00016803293739832122, 'rho_d': 473.98055311881023, 'nu': 14, 'sigma': 0.3379590550462185}. Best is trial 65 with value: 0.07327754563056543.
[I 2026-08-16 23:19:47,237] Trial 72 finished with value: 0.08854018206693591 and parameters: {'rho_e': 4.614300865458859e-05, 'rho_d': 0.5417236679935402, 'nu': 32, 'sigma': 0.00983145075470137}. Best is trial 65 with value: 0.07327754563056543.
[I 2026-08-16 23:20:28,398] Trial 73 finished with value: 0.10074971322799196 and parameters: {'rho_e': 0.0021054046534932907, 'rho_d': 0.3139444515952875, 'nu': 11, 'sigma': 0.9051310687927652}. Best is trial 65 with value: 0.07327754563056543.
[I 2026-08-16 23:21:10,999] Trial 74 finished with value: 0.09570112957837112 and parameters: {'rho_e': 0.005126029066137056, 'rho_d': 133.57309518031505, 'nu': 9, 'sigma': 0.40907520970435357}. Best is trial 65 with value: 0.07327754563056543.
[I 2026-08-16 23:21:53,161] Trial 75 finished with value: 0.08577742540520533 and parameters: {'rho_e': 1.097453168456264, 'rho_d': 7.459101637038071e-05, 'nu': 15, 'sigma': 0.9288519617449775}. Best is trial 65 with value: 0.07327754563056543.
[I 2026-08-16 23:22:35,790] Trial 76 finished with value: 0.10013907857772496 and parameters: {'rho_e': 86.68473071175217, 'rho_d': 2.328856054045838e-05, 'nu': 5, 'sigma': 0.2440468020024129}. Best is trial 65 with value: 0.07327754563056543.
[I 2026-08-16 23:23:15,348] Trial 77 finished with value: 0.09339671569422864 and parameters: {'rho_e': 0.5719166904811707, 'rho_d': 0.014704072191847684, 'nu': 21, 'sigma': 0.3045674779953614}. Best is trial 65 with value: 0.07327754563056543.
[I 2026-08-16 23:23:53,610] Trial 78 finished with value: 0.08608672609855947 and parameters: {'rho_e': 7.161390124383581, 'rho_d': 0.038841803280178396, 'nu': 6, 'sigma': 0.8763650818366417}. Best is trial 65 with value: 0.07327754563056543.
[I 2026-08-16 23:24:31,243] Trial 79 finished with value: 0.08564146162610894 and parameters: {'rho_e': 0.44268133414363114, 'rho_d': 0.25751719389310535, 'nu': 16, 'sigma': 0.7891758883902007}. Best is trial 65 with value: 0.07327754563056543.
[I 2026-08-16 23:25:11,845] Trial 80 finished with value: 0.08752434405387592 and parameters: {'rho_e': 4.497236583093951, 'rho_d': 5.5036202489056365e-05, 'nu': 12, 'sigma': 0.7036543114191908}. Best is trial 65 with value: 0.07327754563056543.
[I 2026-08-16 23:25:53,725] Trial 81 finished with value: 0.08454472294767022 and parameters: {'rho_e': 0.11281004891687561, 'rho_d': 0.078730953578376, 'nu': 2, 'sigma': 0.9590092049956432}. Best is trial 65 with value: 0.07327754563056543.
[I 2026-08-16 23:26:34,040] Trial 82 finished with value: 0.09384147538318005 and parameters: {'rho_e': 0.0015977160869099062, 'rho_d': 316.8143702933896, 'nu': 35, 'sigma': 0.2829620637460863}. Best is trial 65 with value: 0.07327754563056543.
[I 2026-08-16 23:27:15,690] Trial 83 finished with value: 0.08427021022965626 and parameters: {'rho_e': 13.051164193664768, 'rho_d': 0.006117279443072486, 'nu': 4, 'sigma': 0.7747761550310729}. Best is trial 65 with value: 0.07327754563056543.
[I 2026-08-16 23:27:56,556] Trial 84 finished with value: 0.07761457162504853 and parameters: {'rho_e': 0.1874527111303846, 'rho_d': 0.0007518692086726012, 'nu': 20, 'sigma': 0.6734216001444787}. Best is trial 65 with value: 0.07327754563056543.
[I 2026-08-16 23:28:38,359] Trial 85 finished with value: 0.08700213147766932 and parameters: {'rho_e': 1.7519472685375101, 'rho_d': 0.0029439952080665996, 'nu': 10, 'sigma': 0.9197262229452866}. Best is trial 65 with value: 0.07327754563056543.
[I 2026-08-16 23:29:20,483] Trial 86 finished with value: 0.09419855146122998 and parameters: {'rho_e': 2.5646508005764416e-05, 'rho_d': 21.407958410715413, 'nu': 9, 'sigma': 0.3759604652136845}. Best is trial 65 with value: 0.07327754563056543.
[I 2026-08-16 23:30:02,983] Trial 87 finished with value: 0.09949983104223613 and parameters: {'rho_e': 8.709574300757826, 'rho_d': 1.7211132219514293e-05, 'nu': 33, 'sigma': 0.5939331122209633}. Best is trial 65 with value: 0.07327754563056543.
