[I 2026-08-16 12:25:49,474] Trial 88 finished with value: 0.097071949338993 and parameters: {'rho_e': 0.00012125829831653894, 'rho_d': 19.630650519000437, 'nu': 10, 'sigma': 0.7884377100219454}. Best is trial 7 with value: 0.07385320178071267.
[I 2026-08-16 12:26:25,903] Trial 89 finished with value: 0.08851021322884631 and parameters: {'rho_e': 3.893751642068498e-05, 'rho_d': 0.9795442357931721, 'nu': 20, 'sigma': 0.5936410928252096}. Best is trial 7 with value: 0.07385320178071267.
[I 2026-08-16 12:27:00,654] Trial 90 finished with value: 0.08997122799578905 and parameters: {'rho_e': 4.8811512206932886, 'rho_d': 3.209766039730455, 'nu': 34, 'sigma': 0.8768891090820096}. Best is trial 7 with value: 0.07385320178071267.
[I 2026-08-16 12:27:35,982] Trial 91 finished with value: 0.08211084654302918 and parameters: {'rho_e': 0.19086427524381236, 'rho_d': 0.0005859037345321275, 'nu': 8, 'sigma': 0.5505294308690223}. Best is trial 7 with value: 0.07385320178071267.
[I 2026-08-16 12:28:08,585] Trial 92 finished with value: 0.08471190360803864 and parameters: {'rho_e': 0.44668270078282146, 'rho_d': 1.9189911568156766e-05, 'nu': 24, 'sigma': 0.9048428701329665}. Best is trial 7 with value: 0.07385320178071267.
[I 2026-08-16 12:28:40,731] Trial 93 finished with value: 0.0897768981042313 and parameters: {'rho_e': 0.04518272217488784, 'rho_d': 0.0019042154852168265, 'nu': 17, 'sigma': 0.7711616889352428}. Best is trial 7 with value: 0.07385320178071267.
[I 2026-08-16 12:29:12,160] Trial 94 finished with value: 0.08946828597197293 and parameters: {'rho_e': 0.02386327174800719, 'rho_d': 70.35453635909505, 'nu': 26, 'sigma': 0.6321242947578075}. Best is trial 7 with value: 0.07385320178071267.
[I 2026-08-16 12:29:50,405] Trial 95 finished with value: 0.08280386266278728 and parameters: {'rho_e': 8.25713500843253e-05, 'rho_d': 0.00012532475584443455, 'nu': 13, 'sigma': 0.26396166502640883}. Best is trial 7 with value: 0.07385320178071267.
[I 2026-08-16 12:30:28,908] Trial 96 finished with value: 0.09116899561753102 and parameters: {'rho_e': 0.0024547283980115068, 'rho_d': 305.22017701744807, 'nu': 17, 'sigma': 0.32786718698677975}. Best is trial 7 with value: 0.07385320178071267.
[I 2026-08-16 12:31:06,768] Trial 97 finished with value: 0.09299428131345185 and parameters: {'rho_e': 21.13367188708461, 'rho_d': 0.019753486361084704, 'nu': 14, 'sigma': 0.946528522698323}. Best is trial 7 with value: 0.07385320178071267.
[I 2026-08-16 12:31:45,438] Trial 98 finished with value: 0.08528552688426635 and parameters: {'rho_e': 0.07307392667419121, 'rho_d': 0.03432656436892995, 'nu': 25, 'sigma': 0.9790803255957043}. Best is trial 7 with value: 0.07385320178071267.
[I 2026-08-16 12:32:21,887] Trial 99 finished with value: 0.08531048662652357 and parameters: {'rho_e': 0.014400697832168036, 'rho_d': 0.2992169838775733, 'nu': 4, 'sigma': 0.6279299990703359}. Best is trial 7 with value: 0.07385320178071267.
[I 2026-08-16 12:33:03,239] Trial 100 finished with value: 0.07253687573642567 and parameters: {'rho_e': 1.5984459373576472, 'rho_d': 1000.0, 'nu': 2, 'sigma': 0.25956797937638854}. Best is trial 100 with value: 0.07253687573642567.
[I 2026-08-16 12:33:41,491] Trial 101 finished with value: 0.07483941094482131 and parameters: {'rho_e': 2.0960625204575485, 'rho_d': 1000.0, 'nu': 14, 'sigma': 0.18309111793756205}. Best is trial 100 with value: 0.07253687573642567.
[I 2026-08-16 12:34:20,364] Trial 102 finished with value: 0.07140813607618915 and parameters: {'rho_e': 4.968395981155932, 'rho_d': 999.999999999998, 'nu': 2, 'sigma': 0.36053307462470147}. Best is trial 102 with value: 0.07140813607618915.
[I 2026-08-16 12:34:57,117] Trial 103 finished with value: 0.07082475767069912 and parameters: {'rho_e': 0.3464063674247341, 'rho_d': 16.294779615830794, 'nu': 2, 'sigma': 0.5025203260945014}. Best is trial 103 with value: 0.07082475767069912.
[I 2026-08-16 12:35:36,008] Trial 104 finished with value: 0.07896326822929117 and parameters: {'rho_e': 1.0044068462935027, 'rho_d': 359.5275499362899, 'nu': 2, 'sigma': 0.5335507053214547}. Best is trial 103 with value: 0.07082475767069912.
[I 2026-08-16 12:36:14,049] Trial 105 finished with value: 0.07072495934045062 and parameters: {'rho_e': 7.74926662820817, 'rho_d': 1000.0, 'nu': 2, 'sigma': 0.18735525787236545}. Best is trial 105 with value: 0.07072495934045062.
[I 2026-08-16 12:36:52,971] Trial 106 finished with value: 0.06706043158022418 and parameters: {'rho_e': 0.1807537644523269, 'rho_d': 1.695754739090508, 'nu': 2, 'sigma': 0.4185331076871221}. Best is trial 106 with value: 0.06706043158022418.
[I 2026-08-16 12:37:30,944] Trial 107 finished with value: 0.06887291983719894 and parameters: {'rho_e': 0.1303236750811217, 'rho_d': 1.9024245598941942, 'nu': 2, 'sigma': 0.33402855267658155}. Best is trial 106 with value: 0.06706043158022418.
[I 2026-08-16 12:38:08,723] Trial 108 finished with value: 0.06548337804892054 and parameters: {'rho_e': 0.2108529195737713, 'rho_d': 0.7258999934978048, 'nu': 2, 'sigma': 0.4664155344990156}. Best is trial 108 with value: 0.06548337804892054.
[I 2026-08-16 12:38:46,439] Trial 109 finished with value: 0.06630918953641077 and parameters: {'rho_e': 0.2924427408645301, 'rho_d': 0.4390123741661436, 'nu': 2, 'sigma': 0.5010603943796297}. Best is trial 108 with value: 0.06548337804892054.
[I 2026-08-16 12:39:25,343] Trial 110 finished with value: 0.08242827979395063 and parameters: {'rho_e': 1e-05, 'rho_d': 1e-05, 'nu': 2, 'sigma': 0.0}. Best is trial 108 with value: 0.06548337804892054.
[I 2026-08-16 12:40:03,173] Trial 111 finished with value: 0.06581832936743057 and parameters: {'rho_e': 0.15881202164317956, 'rho_d': 0.40405117465657153, 'nu': 2, 'sigma': 0.47306838955877206}. Best is trial 108 with value: 0.06548337804892054.
[I 2026-08-16 12:40:41,308] Trial 112 finished with value: 0.06736121592667904 and parameters: {'rho_e': 0.19005790090326502, 'rho_d': 0.7947041867818226, 'nu': 2, 'sigma': 0.5205140289889185}. Best is trial 108 with value: 0.06548337804892054.
[I 2026-08-16 12:41:18,801] Trial 113 finished with value: 0.06549505614370095 and parameters: {'rho_e': 0.20227062394003126, 'rho_d': 0.2711839960815231, 'nu': 2, 'sigma': 0.42838327001720544}. Best is trial 108 with value: 0.06548337804892054.
[I 2026-08-16 12:41:57,678] Trial 114 finished with value: 0.06494064539747177 and parameters: {'rho_e': 0.20099133088467228, 'rho_d': 0.2966702300256943, 'nu': 2, 'sigma': 0.4315539023665306}. Best is trial 114 with value: 0.06494064539747177.
[I 2026-08-16 12:42:35,678] Trial 115 finished with value: 0.08242827979395063 and parameters: {'rho_e': 1e-05, 'rho_d': 1e-05, 'nu': 36, 'sigma': 0.0}. Best is trial 114 with value: 0.06494064539747177.
[I 2026-08-16 12:43:14,558] Trial 116 finished with value: 0.08856186110493931 and parameters: {'rho_e': 0.013921851877109804, 'rho_d': 1e-05, 'nu': 36, 'sigma': 1.0}. Best is trial 114 with value: 0.06494064539747177.
[I 2026-08-16 12:43:51,593] Trial 117 finished with value: 0.08444164931798197 and parameters: {'rho_e': 999.999999999998, 'rho_d': 1000.0, 'nu': 2, 'sigma': 1.0}. Best is trial 114 with value: 0.06494064539747177.
[I 2026-08-16 12:44:30,152] Trial 118 finished with value: 0.06724326480113221 and parameters: {'rho_e': 0.1403878959900053, 'rho_d': 0.1513191207314829, 'nu': 2, 'sigma': 0.4088839376396288}. Best is trial 114 with value: 0.06494064539747177.
[I 2026-08-16 12:45:07,854] Trial 119 finished with value: 0.06642428383539248 and parameters: {'rho_e': 0.339020405808901, 'rho_d': 0.5200248106033588, 'nu': 2, 'sigma': 0.43522503594600215}. Best is trial 114 with value: 0.06494064539747177.
[I 2026-08-16 12:45:43,737] Trial 120 finished with value: 0.08213042904466389 and parameters: {'rho_e': 0.003522189530039616, 'rho_d': 1e-05, 'nu': 36, 'sigma': 0.0}. Best is trial 114 with value: 0.06494064539747177.
[I 2026-08-16 12:46:18,979] Trial 121 finished with value: 0.0796992552952611 and parameters: {'rho_e': 1.571038689004464, 'rho_d': 1000.0, 'nu': 2, 'sigma': 0.0}. Best is trial 114 with value: 0.06494064539747177.
[I 2026-08-16 12:46:54,705] Trial 122 finished with value: 0.09121441390195992 and parameters: {'rho_e': 1e-05, 'rho_d': 1e-05, 'nu': 36, 'sigma': 1.0}. Best is trial 114 with value: 0.06494064539747177.
[I 2026-08-16 12:47:33,641] Trial 123 finished with value: 0.09614481872285821 and parameters: {'rho_e': 1e-05, 'rho_d': 1000.0, 'nu': 36, 'sigma': 1.0}. Best is trial 114 with value: 0.06494064539747177.
[I 2026-08-16 12:48:11,680] Trial 124 finished with value: 0.08986824030557583 and parameters: {'rho_e': 1e-05, 'rho_d': 1000.0, 'nu': 2, 'sigma': 0.31264150556740666}. Best is trial 114 with value: 0.06494064539747177.
[I 2026-08-16 12:48:50,661] Trial 125 finished with value: 0.08199896368847195 and parameters: {'rho_e': 0.004244763819669539, 'rho_d': 1e-05, 'nu': 2, 'sigma': 0.0}. Best is trial 114 with value: 0.06494064539747177.
[I 2026-08-16 12:49:28,335] Trial 126 finished with value: 0.08507461536338479 and parameters: {'rho_e': 1e-05, 'rho_d': 0.03131243889165671, 'nu': 2, 'sigma': 0.0}. Best is trial 114 with value: 0.06494064539747177.
[I 2026-08-16 12:50:06,454] Trial 127 finished with value: 0.06947139685873305 and parameters: {'rho_e': 0.10605147530591401, 'rho_d': 0.34166414444653237, 'nu': 36, 'sigma': 0.4612333192146297}. Best is trial 114 with value: 0.06494064539747177.
[I 2026-08-16 12:50:44,278] Trial 128 finished with value: 0.10100746459869248 and parameters: {'rho_e': 0.45967985554827734, 'rho_d': 1000.0, 'nu': 2, 'sigma': 1.0}. Best is trial 114 with value: 0.06494064539747177.
[I 2026-08-16 12:51:23,232] Trial 129 finished with value: 0.0832292621394697 and parameters: {'rho_e': 1.6622718094525857, 'rho_d': 1e-05, 'nu': 2, 'sigma': 0.9999999999999999}. Best is trial 114 with value: 0.06494064539747177.
[I 2026-08-16 12:52:01,102] Trial 130 finished with value: 0.07579716206881007 and parameters: {'rho_e': 63.071013117602995, 'rho_d': 1000.0, 'nu': 2, 'sigma': 0.6293633104452698}. Best is trial 114 with value: 0.06494064539747177.
[I 2026-08-16 12:52:38,715] Trial 131 finished with value: 0.0783691827305217 and parameters: {'rho_e': 2.2393404466442295, 'rho_d': 1.7692182204302611, 'nu': 2, 'sigma': 0.5857951298210989}. Best is trial 114 with value: 0.06494064539747177.
[I 2026-08-16 12:53:16,608] Trial 132 finished with value: 0.08182517351558413 and parameters: {'rho_e': 0.00026366017929559484, 'rho_d': 1e-05, 'nu': 36, 'sigma': 0.36296238110287105}. Best is trial 114 with value: 0.06494064539747177.
[I 2026-08-16 12:53:55,533] Trial 133 finished with value: 0.07713497362119438 and parameters: {'rho_e': 0.040911772589297436, 'rho_d': 0.02488503291201601, 'nu': 36, 'sigma': 0.5169705757313044}. Best is trial 114 with value: 0.06494064539747177.
[I 2026-08-16 12:54:33,480] Trial 134 finished with value: 0.0867278613404382 and parameters: {'rho_e': 36.99001443937109, 'rho_d': 1000.0, 'nu': 2, 'sigma': 1.0}. Best is trial 114 with value: 0.06494064539747177.
[I 2026-08-16 12:55:12,295] Trial 135 finished with value: 0.07275799964723959 and parameters: {'rho_e': 0.19494560924211132, 'rho_d': 3.54431018729919, 'nu': 36, 'sigma': 0.554019381281997}. Best is trial 114 with value: 0.06494064539747177.
[I 2026-08-16 12:55:49,144] Trial 136 finished with value: 0.0862539793338657 and parameters: {'rho_e': 1e-05, 'rho_d': 1e-05, 'nu': 2, 'sigma': 0.48180455510409986}. Best is trial 114 with value: 0.06494064539747177.
[I 2026-08-16 12:56:28,031] Trial 137 finished with value: 0.06494064539747177 and parameters: {'rho_e': 0.20099133088467228, 'rho_d': 0.2966702300256943, 'nu': 2, 'sigma': 0.4315539023665306}. Best is trial 114 with value: 0.06494064539747177.
[I 2026-08-16 12:57:06,805] Trial 138 finished with value: 0.06494064539747176 and parameters: {'rho_e': 0.20099133088467264, 'rho_d': 0.2966702300256943, 'nu': 2, 'sigma': 0.4315539023665306}. Best is trial 138 with value: 0.06494064539747176.
[I 2026-08-16 12:57:45,031] Trial 139 finished with value: 0.06494064539747174 and parameters: {'rho_e': 0.200991330884673, 'rho_d': 0.2966702300256943, 'nu': 2, 'sigma': 0.4315539023665305}. Best is trial 139 with value: 0.06494064539747174.
[I 2026-08-16 12:58:23,828] Trial 140 finished with value: 0.06494064539747174 and parameters: {'rho_e': 0.200991330884673, 'rho_d': 0.2966702300256943, 'nu': 2, 'sigma': 0.4315539023665305}. Best is trial 139 with value: 0.06494064539747174.
[I 2026-08-16 12:59:00,366] Trial 141 finished with value: 0.06494064539747174 and parameters: {'rho_e': 0.200991330884673, 'rho_d': 0.2966702300256943, 'nu': 2, 'sigma': 0.4315539023665306}. Best is trial 139 with value: 0.06494064539747174.
[I 2026-08-16 12:59:39,398] Trial 142 finished with value: 0.06494064539747174 and parameters: {'rho_e': 0.200991330884673, 'rho_d': 0.2966702300256943, 'nu': 2, 'sigma': 0.4315539023665305}. Best is trial 139 with value: 0.06494064539747174.
[I 2026-08-16 13:00:17,526] Trial 143 finished with value: 0.06494064539747174 and parameters: {'rho_e': 0.200991330884673, 'rho_d': 0.2966702300256943, 'nu': 2, 'sigma': 0.4315539023665305}. Best is trial 139 with value: 0.06494064539747174.
[I 2026-08-16 13:00:56,383] Trial 144 finished with value: 0.06494064539747174 and parameters: {'rho_e': 0.200991330884673, 'rho_d': 0.2966702300256943, 'nu': 2, 'sigma': 0.4315539023665305}. Best is trial 139 with value: 0.06494064539747174.
[I 2026-08-16 13:01:33,709] Trial 145 finished with value: 0.06494064539747174 and parameters: {'rho_e': 0.200991330884673, 'rho_d': 0.2966702300256943, 'nu': 2, 'sigma': 0.4315539023665305}. Best is trial 139 with value: 0.06494064539747174.
[I 2026-08-16 13:02:11,761] Trial 146 finished with value: 0.06494064539747174 and parameters: {'rho_e': 0.200991330884673, 'rho_d': 0.2966702300256943, 'nu': 2, 'sigma': 0.4315539023665305}. Best is trial 139 with value: 0.06494064539747174.
[I 2026-08-16 13:02:49,574] Trial 147 finished with value: 0.06494064539747174 and parameters: {'rho_e': 0.200991330884673, 'rho_d': 0.2966702300256943, 'nu': 2, 'sigma': 0.4315539023665305}. Best is trial 139 with value: 0.06494064539747174.
[I 2026-08-16 13:03:29,351] Trial 148 finished with value: 0.06494064539747174 and parameters: {'rho_e': 0.200991330884673, 'rho_d': 0.2966702300256943, 'nu': 2, 'sigma': 0.4315539023665305}. Best is trial 139 with value: 0.06494064539747174.
[I 2026-08-16 13:04:07,186] Trial 149 finished with value: 0.06494064539747174 and parameters: {'rho_e': 0.200991330884673, 'rho_d': 0.2966702300256943, 'nu': 2, 'sigma': 0.4315539023665305}. Best is trial 139 with value: 0.06494064539747174.
[I 2026-08-16 13:04:44,792] Trial 150 finished with value: 0.06494064539747174 and parameters: {'rho_e': 0.200991330884673, 'rho_d': 0.2966702300256943, 'nu': 2, 'sigma': 0.4315539023665305}. Best is trial 139 with value: 0.06494064539747174.
[I 2026-08-16 13:05:22,867] Trial 151 finished with value: 0.06494064539747174 and parameters: {'rho_e': 0.200991330884673, 'rho_d': 0.2966702300256943, 'nu': 2, 'sigma': 0.4315539023665305}. Best is trial 139 with value: 0.06494064539747174.
[I 2026-08-16 13:05:59,508] Trial 152 finished with value: 0.06346525023204509 and parameters: {'rho_e': 0.20734305948697168, 'rho_d': 0.4104761025295782, 'nu': 2, 'sigma': 0.435698523439667}. Best is trial 152 with value: 0.06346525023204509.
[I 2026-08-16 13:06:35,201] Trial 153 finished with value: 0.09235978761335376 and parameters: {'rho_e': 0.053796152540058415, 'rho_d': 1000.0, 'nu': 36, 'sigma': 0.0}. Best is trial 152 with value: 0.06346525023204509.
[I 2026-08-16 13:07:10,070] Trial 154 finished with value: 0.11026000704017254 and parameters: {'rho_e': 0.00022141911592875262, 'rho_d': 1e-05, 'nu': 2, 'sigma': 1.0}. Best is trial 152 with value: 0.06346525023204509.
[I 2026-08-16 13:07:47,088] Trial 155 finished with value: 0.08674174305028776 and parameters: {'rho_e': 1000.0, 'rho_d': 0.0676465957123677, 'nu': 2, 'sigma': 1.0}. Best is trial 152 with value: 0.06346525023204509.
[I 2026-08-16 13:08:25,900] Trial 156 finished with value: 0.07694748916730462 and parameters: {'rho_e': 0.025365538547707227, 'rho_d': 1e-05, 'nu': 36, 'sigma': 0.2841969478007421}. Best is trial 152 with value: 0.06346525023204509.
[I 2026-08-16 13:09:04,266] Trial 157 finished with value: 0.07266607600384999 and parameters: {'rho_e': 3.415065160412544, 'rho_d': 1000.0, 'nu': 36, 'sigma': 0.4022639408178234}. Best is trial 152 with value: 0.06346525023204509.
[I 2026-08-16 13:09:43,059] Trial 158 finished with value: 0.07466377676728199 and parameters: {'rho_e': 0.10048496660588327, 'rho_d': 1e-05, 'nu': 2, 'sigma': 0.32210223221724893}. Best is trial 152 with value: 0.06346525023204509.
[I 2026-08-16 13:10:20,800] Trial 159 finished with value: 0.09509529413552027 and parameters: {'rho_e': 1000.0, 'rho_d': 1e-05, 'nu': 36, 'sigma': 0.9999999999999999}. Best is trial 152 with value: 0.06346525023204509.
[I 2026-08-16 13:10:58,461] Trial 160 finished with value: 0.08249345355416143 and parameters: {'rho_e': 1e-05, 'rho_d': 1e-05, 'nu': 36, 'sigma': 0.4316388405825841}. Best is trial 152 with value: 0.06346525023204509.
[I 2026-08-16 13:11:36,404] Trial 161 finished with value: 0.07668251982362724 and parameters: {'rho_e': 0.24188735126467667, 'rho_d': 10.036859361563318, 'nu': 36, 'sigma': 1.0}. Best is trial 152 with value: 0.06346525023204509.
[I 2026-08-16 13:12:15,361] Trial 162 finished with value: 0.0765159221469473 and parameters: {'rho_e': 1.8759719465882003, 'rho_d': 1000.0, 'nu': 36, 'sigma': 0.7441701759519945}. Best is trial 152 with value: 0.06346525023204509.
[I 2026-08-16 13:12:53,236] Trial 163 finished with value: 0.08187921989159586 and parameters: {'rho_e': 1000.0, 'rho_d': 1e-05, 'nu': 2, 'sigma': 0.587015710846247}. Best is trial 152 with value: 0.06346525023204509.
[I 2026-08-16 13:13:30,764] Trial 164 finished with value: 0.08376530363625674 and parameters: {'rho_e': 1e-05, 'rho_d': 0.010837165876462596, 'nu': 36, 'sigma': 0.0}. Best is trial 152 with value: 0.06346525023204509.
[I 2026-08-16 13:14:08,845] Trial 165 finished with value: 0.08194823545349081 and parameters: {'rho_e': 1000.0, 'rho_d': 0.002967263317534485, 'nu': 2, 'sigma': 0.5424673971813011}. Best is trial 152 with value: 0.06346525023204509.
[I 2026-08-16 13:14:47,680] Trial 166 finished with value: 0.09122812774126055 and parameters: {'rho_e': 1000.0, 'rho_d': 1000.0, 'nu': 36, 'sigma': 1.0}. Best is trial 152 with value: 0.06346525023204509.
[I 2026-08-16 13:15:25,618] Trial 167 finished with value: 0.08242820031847833 and parameters: {'rho_e': 0.00015248065337274992, 'rho_d': 1e-05, 'nu': 36, 'sigma': 0.0}. Best is trial 152 with value: 0.06346525023204509.
[I 2026-08-16 13:16:04,390] Trial 168 finished with value: 0.11432149884779222 and parameters: {'rho_e': 1e-05, 'rho_d': 1000.0, 'nu': 2, 'sigma': 1.0}. Best is trial 152 with value: 0.06346525023204509.
[I 2026-08-16 13:16:40,793] Trial 169 finished with value: 0.11790576933448974 and parameters: {'rho_e': 1000.0, 'rho_d': 1000.0, 'nu': 2, 'sigma': 0.0}. Best is trial 152 with value: 0.06346525023204509.
[I 2026-08-16 13:17:19,884] Trial 170 finished with value: 0.076687378114373 and parameters: {'rho_e': 7.171470444009931, 'rho_d': 1000.0, 'nu': 36, 'sigma': 0.0}. Best is trial 152 with value: 0.06346525023204509.
[I 2026-08-16 13:17:58,083] Trial 171 finished with value: 0.07932211407839095 and parameters: {'rho_e': 0.09219882532091316, 'rho_d': 1e-05, 'nu': 36, 'sigma': 0.6051423463054313}. Best is trial 152 with value: 0.06346525023204509.
[I 2026-08-16 13:18:35,815] Trial 172 finished with value: 0.08301281914413891 and parameters: {'rho_e': 0.00016565536537163682, 'rho_d': 0.003257869902223259, 'nu': 2, 'sigma': 0.0}. Best is trial 152 with value: 0.06346525023204509.
[I 2026-08-16 13:19:11,198] Trial 173 finished with value: 0.09583580657056395 and parameters: {'rho_e': 1e-05, 'rho_d': 999.999999999998, 'nu': 2, 'sigma': 0.0}. Best is trial 152 with value: 0.06346525023204509.
[I 2026-08-16 13:19:45,678] Trial 174 finished with value: 0.07679886272140304 and parameters: {'rho_e': 2.674056776587896, 'rho_d': 999.999999999998, 'nu': 36, 'sigma': 1.0}. Best is trial 152 with value: 0.06346525023204509.
[I 2026-08-16 13:20:22,707] Trial 175 finished with value: 0.0923772566646109 and parameters: {'rho_e': 1e-05, 'rho_d': 1000.0, 'nu': 36, 'sigma': 0.5160695510380339}. Best is trial 152 with value: 0.06346525023204509.
[I 2026-08-16 13:21:01,661] Trial 176 finished with value: 0.08973465560543753 and parameters: {'rho_e': 1e-05, 'rho_d': 0.13632607292213406, 'nu': 36, 'sigma': 1.0}. Best is trial 152 with value: 0.06346525023204509.
[I 2026-08-16 13:21:39,566] Trial 177 finished with value: 0.07801584996254386 and parameters: {'rho_e': 0.542263512175157, 'rho_d': 1e-05, 'nu': 2, 'sigma': 0.611274394675214}. Best is trial 152 with value: 0.06346525023204509.
[I 2026-08-16 13:22:17,150] Trial 178 finished with value: 0.07903457910521472 and parameters: {'rho_e': 0.019057881742051204, 'rho_d': 0.0016961719312412475, 'nu': 36, 'sigma': 0.0}. Best is trial 152 with value: 0.06346525023204509.
[I 2026-08-16 13:22:55,287] Trial 179 finished with value: 0.07333103174090094 and parameters: {'rho_e': 15.591221481182096, 'rho_d': 1000.0, 'nu': 36, 'sigma': 0.7763645910115649}. Best is trial 152 with value: 0.06346525023204509.
[I 2026-08-16 13:23:34,360] Trial 180 finished with value: 0.08247354210151699 and parameters: {'rho_e': 52.35349890079242, 'rho_d': 634.3968950870008, 'nu': 36, 'sigma': 0.9903122428804636}. Best is trial 152 with value: 0.06346525023204509.
[I 2026-08-16 13:24:12,405] Trial 181 finished with value: 0.08339034982693311 and parameters: {'rho_e': 0.011472827441676797, 'rho_d': 0.03494581709568226, 'nu': 2, 'sigma': 0.0}. Best is trial 152 with value: 0.06346525023204509.
