[I 2026-08-16 14:44:47,050] Trial 181 finished with value: 0.08153380346363252 and parameters: {'rho_e': 1e-05, 'rho_d': 0.0009996697865585586, 'nu': 36, 'sigma': 1.0}. Best is trial 166 with value: 0.07110355800410915.
[I 2026-08-16 14:45:39,244] Trial 182 finished with value: 0.0774963053035172 and parameters: {'rho_e': 0.0002301877895839852, 'rho_d': 0.0007546532813568486, 'nu': 36, 'sigma': 0.0}. Best is trial 166 with value: 0.07110355800410915.
[I 2026-08-16 14:46:31,484] Trial 183 finished with value: 0.07799167452603811 and parameters: {'rho_e': 47.43862320447508, 'rho_d': 0.006123385736630278, 'nu': 12, 'sigma': 1.0}. Best is trial 166 with value: 0.07110355800410915.
[I 2026-08-16 14:47:23,663] Trial 184 finished with value: 0.07797660025946364 and parameters: {'rho_e': 0.07715840102880504, 'rho_d': 0.011787168592613957, 'nu': 36, 'sigma': 0.7751034581319093}. Best is trial 166 with value: 0.07110355800410915.
[I 2026-08-16 14:48:15,893] Trial 185 finished with value: 0.07596318946515825 and parameters: {'rho_e': 43.00696886665622, 'rho_d': 1e-05, 'nu': 2, 'sigma': 0.7448009933538325}. Best is trial 166 with value: 0.07110355800410915.
[I 2026-08-16 14:49:07,984] Trial 186 finished with value: 0.07615874864810693 and parameters: {'rho_e': 1000.0, 'rho_d': 6.20225383885942e-05, 'nu': 2, 'sigma': 0.7907176007848302}. Best is trial 166 with value: 0.07110355800410915.
[I 2026-08-16 14:50:00,046] Trial 187 finished with value: 0.08154024118520539 and parameters: {'rho_e': 0.00018563516539052654, 'rho_d': 0.0008945710585813874, 'nu': 36, 'sigma': 1.0}. Best is trial 166 with value: 0.07110355800410915.
[I 2026-08-16 14:50:52,308] Trial 188 finished with value: 0.07578563405671547 and parameters: {'rho_e': 373.3958277782416, 'rho_d': 0.855728436498072, 'nu': 2, 'sigma': 0.802476476351957}. Best is trial 166 with value: 0.07110355800410915.
[I 2026-08-16 14:51:44,616] Trial 189 finished with value: 0.07601593917802099 and parameters: {'rho_e': 0.057024572151508905, 'rho_d': 1e-05, 'nu': 25, 'sigma': 0.3492464291899951}. Best is trial 166 with value: 0.07110355800410915.
[I 2026-08-16 14:52:36,836] Trial 190 finished with value: 0.0755035359983372 and parameters: {'rho_e': 0.009909796147355649, 'rho_d': 1e-05, 'nu': 17, 'sigma': 0.0}. Best is trial 166 with value: 0.07110355800410915.
[I 2026-08-16 14:53:28,889] Trial 191 finished with value: 0.08111361661857473 and parameters: {'rho_e': 1e-05, 'rho_d': 0.0190978546551777, 'nu': 2, 'sigma': 0.0}. Best is trial 166 with value: 0.07110355800410915.
[I 2026-08-16 14:54:21,093] Trial 192 finished with value: 0.07764521936382314 and parameters: {'rho_e': 0.0007886354274667922, 'rho_d': 1e-05, 'nu': 36, 'sigma': 0.37295262407677887}. Best is trial 166 with value: 0.07110355800410915.
[I 2026-08-16 14:55:13,255] Trial 193 finished with value: 0.07429619842590696 and parameters: {'rho_e': 0.01832594553619031, 'rho_d': 1e-05, 'nu': 36, 'sigma': 0.0}. Best is trial 166 with value: 0.07110355800410915.
[I 2026-08-16 14:56:05,526] Trial 194 finished with value: 0.08481586277846567 and parameters: {'rho_e': 1000.0, 'rho_d': 3.2572184309716143, 'nu': 22, 'sigma': 1.0}. Best is trial 166 with value: 0.07110355800410915.
[I 2026-08-16 14:56:57,810] Trial 195 finished with value: 0.07154315761962758 and parameters: {'rho_e': 0.029368268558821086, 'rho_d': 0.00028507490331275436, 'nu': 7, 'sigma': 0.31006931538300164}. Best is trial 166 with value: 0.07110355800410915.
[I 2026-08-16 14:57:49,965] Trial 196 finished with value: 0.08304158669472579 and parameters: {'rho_e': 1000.0, 'rho_d': 1e-05, 'nu': 19, 'sigma': 1.0}. Best is trial 166 with value: 0.07110355800410915.
[I 2026-08-16 14:58:42,403] Trial 197 finished with value: 0.07804646261907487 and parameters: {'rho_e': 1e-05, 'rho_d': 1e-05, 'nu': 16, 'sigma': 0.28845483157651225}. Best is trial 166 with value: 0.07110355800410915.
[I 2026-08-16 14:59:32,298] Trial 198 finished with value: 0.07478181545193613 and parameters: {'rho_e': 0.030657835665873857, 'rho_d': 0.00016926997094727575, 'nu': 36, 'sigma': 0.16403368273219987}. Best is trial 166 with value: 0.07110355800410915.
[I 2026-08-16 15:00:23,755] Trial 199 finished with value: 0.07918819861592505 and parameters: {'rho_e': 1e-05, 'rho_d': 0.0016888629190511865, 'nu': 13, 'sigma': 0.40533056081521157}. Best is trial 166 with value: 0.07110355800410915.
/home/gterren/dynamic_update/functional_forecast_dynamic_update/scripts/validate_zone_ffc_mpi.py:1094: FutureWarning: The behavior of DataFrame concatenation with empty or all-NA entries is deprecated. In a future version, this will no longer exclude empty or all-NA columns when determining the result dtypes. To retain the old behavior, exclude the relevant entries before the concat operation.
  results_df = pd.concat([results_df, prob_results], axis = 0, ignore_index=True)
