[I 2026-08-17 11:55:25,628] Trial 181 finished with value: 0.056360843955360514 and parameters: {'rho_e': 0.14774584488776182, 'rho_d': 0.00014036667288403878, 'nu': 2, 'sigma': 0.21389095371090353}. Best is trial 124 with value: 0.056360843955360514.
[I 2026-08-17 11:56:15,099] Trial 182 finished with value: 0.056360843955360514 and parameters: {'rho_e': 0.14774584488776182, 'rho_d': 0.00014036667288403878, 'nu': 2, 'sigma': 0.21389095371090353}. Best is trial 124 with value: 0.056360843955360514.
[I 2026-08-17 11:57:04,688] Trial 183 finished with value: 0.056360843955360514 and parameters: {'rho_e': 0.14774584488776182, 'rho_d': 0.00014036667288403878, 'nu': 2, 'sigma': 0.21389095371090353}. Best is trial 124 with value: 0.056360843955360514.
[I 2026-08-17 11:57:54,425] Trial 184 finished with value: 0.056360843955360514 and parameters: {'rho_e': 0.14774584488776182, 'rho_d': 0.00014036667288403878, 'nu': 2, 'sigma': 0.21389095371090353}. Best is trial 124 with value: 0.056360843955360514.
[I 2026-08-17 11:58:43,601] Trial 185 finished with value: 0.056360843955360514 and parameters: {'rho_e': 0.14774584488776182, 'rho_d': 0.00014036667288403878, 'nu': 2, 'sigma': 0.21389095371090353}. Best is trial 124 with value: 0.056360843955360514.
[I 2026-08-17 11:59:33,138] Trial 186 finished with value: 0.056360843955360514 and parameters: {'rho_e': 0.14774584488776182, 'rho_d': 0.00014036667288403878, 'nu': 2, 'sigma': 0.21389095371090353}. Best is trial 124 with value: 0.056360843955360514.
[I 2026-08-17 12:00:22,647] Trial 187 finished with value: 0.056360843955360514 and parameters: {'rho_e': 0.14774584488776182, 'rho_d': 0.00014036667288403878, 'nu': 2, 'sigma': 0.21389095371090353}. Best is trial 124 with value: 0.056360843955360514.
[I 2026-08-17 12:01:12,188] Trial 188 finished with value: 0.056360843955360514 and parameters: {'rho_e': 0.14774584488776182, 'rho_d': 0.00014036667288403878, 'nu': 2, 'sigma': 0.21389095371090353}. Best is trial 124 with value: 0.056360843955360514.
[I 2026-08-17 12:02:01,591] Trial 189 finished with value: 0.056360843955360514 and parameters: {'rho_e': 0.14774584488776182, 'rho_d': 0.00014036667288403878, 'nu': 2, 'sigma': 0.21389095371090353}. Best is trial 124 with value: 0.056360843955360514.
[I 2026-08-17 12:02:50,934] Trial 190 finished with value: 0.056360843955360514 and parameters: {'rho_e': 0.14774584488776182, 'rho_d': 0.00014036667288403878, 'nu': 2, 'sigma': 0.21389095371090353}. Best is trial 124 with value: 0.056360843955360514.
[I 2026-08-17 12:03:40,243] Trial 191 finished with value: 0.056360843955360514 and parameters: {'rho_e': 0.14774584488776182, 'rho_d': 0.00014036667288403878, 'nu': 2, 'sigma': 0.21389095371090353}. Best is trial 124 with value: 0.056360843955360514.
[I 2026-08-17 12:04:29,530] Trial 192 finished with value: 0.056360843955360514 and parameters: {'rho_e': 0.14774584488776182, 'rho_d': 0.00014036667288403878, 'nu': 2, 'sigma': 0.21389095371090353}. Best is trial 124 with value: 0.056360843955360514.
[I 2026-08-17 12:05:18,720] Trial 193 finished with value: 0.056360843955360514 and parameters: {'rho_e': 0.14774584488776182, 'rho_d': 0.00014036667288403878, 'nu': 2, 'sigma': 0.21389095371090353}. Best is trial 124 with value: 0.056360843955360514.
[I 2026-08-17 12:06:07,816] Trial 194 finished with value: 0.056360843955360514 and parameters: {'rho_e': 0.14774584488776182, 'rho_d': 0.00014036667288403878, 'nu': 2, 'sigma': 0.21389095371090353}. Best is trial 124 with value: 0.056360843955360514.
[I 2026-08-17 12:06:57,054] Trial 195 finished with value: 0.05658551579532946 and parameters: {'rho_e': 0.14499424784608547, 'rho_d': 0.0001907786467587941, 'nu': 2, 'sigma': 0.20415478135737194}. Best is trial 124 with value: 0.056360843955360514.
[I 2026-08-17 12:07:46,239] Trial 196 finished with value: 0.05642883115481903 and parameters: {'rho_e': 0.14145157060748112, 'rho_d': 6.435371688600325e-05, 'nu': 2, 'sigma': 0.19702970347594437}. Best is trial 124 with value: 0.056360843955360514.
[I 2026-08-17 12:08:35,261] Trial 197 finished with value: 0.056452075898558496 and parameters: {'rho_e': 0.14173247940535605, 'rho_d': 7.417490727364942e-05, 'nu': 2, 'sigma': 0.19796330085165567}. Best is trial 124 with value: 0.056360843955360514.
[I 2026-08-17 12:09:24,341] Trial 198 finished with value: 0.056360843955360514 and parameters: {'rho_e': 0.14774584488776182, 'rho_d': 0.00014036667288403878, 'nu': 2, 'sigma': 0.21389095371090353}. Best is trial 124 with value: 0.056360843955360514.
[I 2026-08-17 12:10:13,337] Trial 199 finished with value: 0.056458710434105205 and parameters: {'rho_e': 0.14144556794848545, 'rho_d': 0.00010005987236454018, 'nu': 2, 'sigma': 0.1985373817833626}. Best is trial 124 with value: 0.056360843955360514.
/home/gterren/dynamic_update/functional_forecast_dynamic_update/scripts/validate_zone_ffc_mpi.py:1094: FutureWarning: The behavior of DataFrame concatenation with empty or all-NA entries is deprecated. In a future version, this will no longer exclude empty or all-NA columns when determining the result dtypes. To retain the old behavior, exclude the relevant entries before the concat operation.
  results_df = pd.concat([results_df, prob_results], axis = 0, ignore_index=True)
