[I 2026-08-16 17:11:55,783] Trial 180 finished with value: 0.06289836677542854 and parameters: {'rho_e': 0.14929924951153892, 'rho_d': 4.4101101962549945e-05, 'nu': 2, 'sigma': 0.1975127966633918}. Best is trial 179 with value: 0.06256121631338647.
[I 2026-08-16 17:12:49,294] Trial 181 finished with value: 0.06346900341182692 and parameters: {'rho_e': 0.1577947414958615, 'rho_d': 1.8845229673618672e-05, 'nu': 2, 'sigma': 0.1916936000953206}. Best is trial 179 with value: 0.06256121631338647.
[I 2026-08-16 17:13:41,935] Trial 182 finished with value: 0.06285633468868729 and parameters: {'rho_e': 0.11924897226787899, 'rho_d': 0.00011153927006471379, 'nu': 2, 'sigma': 0.17627859632412943}. Best is trial 179 with value: 0.06256121631338647.
[I 2026-08-16 17:14:35,302] Trial 183 finished with value: 0.06267475226760363 and parameters: {'rho_e': 0.1133920453561858, 'rho_d': 4.130713533527134e-05, 'nu': 2, 'sigma': 0.20437942691019279}. Best is trial 179 with value: 0.06256121631338647.
[I 2026-08-16 17:15:28,685] Trial 184 finished with value: 0.06248159573722266 and parameters: {'rho_e': 0.11627996598658145, 'rho_d': 4.1946533075963676e-05, 'nu': 2, 'sigma': 0.202828507294902}. Best is trial 184 with value: 0.06248159573722266.
[I 2026-08-16 17:16:21,858] Trial 185 finished with value: 0.06271501364409325 and parameters: {'rho_e': 0.11252524304027094, 'rho_d': 4.140752448832807e-05, 'nu': 2, 'sigma': 0.2040974535353089}. Best is trial 184 with value: 0.06248159573722266.
[I 2026-08-16 17:17:15,029] Trial 186 finished with value: 0.06262652946588386 and parameters: {'rho_e': 0.10661843377825746, 'rho_d': 5.9348034376445045e-05, 'nu': 2, 'sigma': 0.1895392884458358}. Best is trial 184 with value: 0.06248159573722266.
[I 2026-08-16 17:18:07,268] Trial 187 finished with value: 0.06276361327197899 and parameters: {'rho_e': 0.1227310217790732, 'rho_d': 3.4307843123401765e-05, 'nu': 2, 'sigma': 0.2181040827231678}. Best is trial 184 with value: 0.06248159573722266.
[I 2026-08-16 17:18:59,897] Trial 188 finished with value: 0.06318437920058964 and parameters: {'rho_e': 0.09050791866494658, 'rho_d': 0.00022746744852557564, 'nu': 2, 'sigma': 0.16426294130020036}. Best is trial 184 with value: 0.06248159573722266.
[I 2026-08-16 17:19:52,916] Trial 189 finished with value: 0.06267683194774984 and parameters: {'rho_e': 0.12638062566776828, 'rho_d': 6.735446352826471e-05, 'nu': 2, 'sigma': 0.19053401394136713}. Best is trial 184 with value: 0.06248159573722266.
[I 2026-08-16 17:20:46,038] Trial 190 finished with value: 0.07804813581101577 and parameters: {'rho_e': 1e-05, 'rho_d': 1e-05, 'nu': 36, 'sigma': 0.37529215320785514}. Best is trial 184 with value: 0.06248159573722266.
[I 2026-08-16 17:21:39,169] Trial 191 finished with value: 0.0686866927921796 and parameters: {'rho_e': 0.04439820777064933, 'rho_d': 1e-05, 'nu': 36, 'sigma': 0.31934566458312685}. Best is trial 184 with value: 0.06248159573722266.
[I 2026-08-16 17:22:32,376] Trial 192 finished with value: 0.06248159573722266 and parameters: {'rho_e': 0.11627996598658145, 'rho_d': 4.1946533075963676e-05, 'nu': 2, 'sigma': 0.202828507294902}. Best is trial 184 with value: 0.06248159573722266.
[I 2026-08-16 17:23:25,558] Trial 193 finished with value: 0.06248159573722266 and parameters: {'rho_e': 0.11627996598658145, 'rho_d': 4.1946533075963676e-05, 'nu': 2, 'sigma': 0.202828507294902}. Best is trial 184 with value: 0.06248159573722266.
[I 2026-08-16 17:24:18,765] Trial 194 finished with value: 0.06248159573722266 and parameters: {'rho_e': 0.11627996598658145, 'rho_d': 4.1946533075963676e-05, 'nu': 2, 'sigma': 0.202828507294902}. Best is trial 184 with value: 0.06248159573722266.
[I 2026-08-16 17:25:11,915] Trial 195 finished with value: 0.06248159573722266 and parameters: {'rho_e': 0.11627996598658145, 'rho_d': 4.1946533075963676e-05, 'nu': 2, 'sigma': 0.202828507294902}. Best is trial 184 with value: 0.06248159573722266.
[I 2026-08-16 17:26:04,968] Trial 196 finished with value: 0.06248159573722266 and parameters: {'rho_e': 0.11627996598658145, 'rho_d': 4.1946533075963676e-05, 'nu': 2, 'sigma': 0.202828507294902}. Best is trial 184 with value: 0.06248159573722266.
[I 2026-08-16 17:26:57,150] Trial 197 finished with value: 0.06248159573722266 and parameters: {'rho_e': 0.11627996598658145, 'rho_d': 4.1946533075963676e-05, 'nu': 2, 'sigma': 0.202828507294902}. Best is trial 184 with value: 0.06248159573722266.
[I 2026-08-16 17:27:50,362] Trial 198 finished with value: 0.06248159573722266 and parameters: {'rho_e': 0.11627996598658145, 'rho_d': 4.1946533075963676e-05, 'nu': 2, 'sigma': 0.202828507294902}. Best is trial 184 with value: 0.06248159573722266.
[I 2026-08-16 17:28:40,156] Trial 199 finished with value: 0.06248159573722266 and parameters: {'rho_e': 0.11627996598658145, 'rho_d': 4.1946533075963676e-05, 'nu': 2, 'sigma': 0.202828507294902}. Best is trial 184 with value: 0.06248159573722266.
/home/gterren/dynamic_update/functional_forecast_dynamic_update/scripts/validate_zone_ffc_mpi.py:1094: FutureWarning: The behavior of DataFrame concatenation with empty or all-NA entries is deprecated. In a future version, this will no longer exclude empty or all-NA columns when determining the result dtypes. To retain the old behavior, exclude the relevant entries before the concat operation.
  results_df = pd.concat([results_df, prob_results], axis = 0, ignore_index=True)
