[I 2026-08-16 13:24:50,271] Trial 182 finished with value: 0.08317499846725415 and parameters: {'rho_e': 0.07509685268153571, 'rho_d': 403.12642973550567, 'nu': 2, 'sigma': 0.3035549148917198}. Best is trial 152 with value: 0.06346525023204509.
[I 2026-08-16 13:25:28,142] Trial 183 finished with value: 0.08674174305028776 and parameters: {'rho_e': 1000.0, 'rho_d': 1e-05, 'nu': 2, 'sigma': 1.0}. Best is trial 152 with value: 0.06346525023204509.
[I 2026-08-16 13:26:07,205] Trial 184 finished with value: 0.07080787067718472 and parameters: {'rho_e': 0.5360860368900665, 'rho_d': 15.453935621164034, 'nu': 2, 'sigma': 0.24351736705550245}. Best is trial 152 with value: 0.06346525023204509.
[I 2026-08-16 13:26:45,367] Trial 185 finished with value: 0.0817545595212423 and parameters: {'rho_e': 0.05055345929190683, 'rho_d': 1e-05, 'nu': 36, 'sigma': 0.0}. Best is trial 152 with value: 0.06346525023204509.
[I 2026-08-16 13:27:23,897] Trial 186 finished with value: 0.08333913722701236 and parameters: {'rho_e': 0.0006419767470702767, 'rho_d': 0.0060365013231579055, 'nu': 36, 'sigma': 0.0}. Best is trial 152 with value: 0.06346525023204509.
[I 2026-08-16 13:27:57,996] Trial 187 finished with value: 0.07252318147226881 and parameters: {'rho_e': 15.915238951941292, 'rho_d': 1000.0, 'nu': 36, 'sigma': 0.35211899474522657}. Best is trial 152 with value: 0.06346525023204509.
[I 2026-08-16 13:28:33,956] Trial 188 finished with value: 0.08242820839060816 and parameters: {'rho_e': 0.0001483645252807209, 'rho_d': 1e-05, 'nu': 2, 'sigma': 0.0}. Best is trial 152 with value: 0.06346525023204509.
[I 2026-08-16 13:29:09,477] Trial 189 finished with value: 0.09038579231236663 and parameters: {'rho_e': 0.0001923057729808765, 'rho_d': 1000.0, 'nu': 2, 'sigma': 0.2299917372562468}. Best is trial 152 with value: 0.06346525023204509.
[I 2026-08-16 13:29:44,587] Trial 190 finished with value: 0.09348230594474179 and parameters: {'rho_e': 0.07169654571278695, 'rho_d': 1e-05, 'nu': 2, 'sigma': 1.0}. Best is trial 152 with value: 0.06346525023204509.
[I 2026-08-16 13:30:19,654] Trial 191 finished with value: 0.08612732581880964 and parameters: {'rho_e': 0.025298099175880218, 'rho_d': 3.8307938233654912, 'nu': 36, 'sigma': 1.0}. Best is trial 152 with value: 0.06346525023204509.
[I 2026-08-16 13:30:57,716] Trial 192 finished with value: 0.08130674481754757 and parameters: {'rho_e': 0.14387556447970637, 'rho_d': 12.845170483871396, 'nu': 2, 'sigma': 0.0}. Best is trial 152 with value: 0.06346525023204509.
[I 2026-08-16 13:31:36,763] Trial 193 finished with value: 0.07997524531042571 and parameters: {'rho_e': 0.006378108860270363, 'rho_d': 0.0021894410336707297, 'nu': 36, 'sigma': 0.25170526449433256}. Best is trial 152 with value: 0.06346525023204509.
[I 2026-08-16 13:32:14,809] Trial 194 finished with value: 0.06955353563982991 and parameters: {'rho_e': 24.13505421512666, 'rho_d': 1000.0, 'nu': 2, 'sigma': 0.31395510210907784}. Best is trial 152 with value: 0.06346525023204509.
[I 2026-08-16 13:32:53,973] Trial 195 finished with value: 0.08464692880821204 and parameters: {'rho_e': 0.002837636079206101, 'rho_d': 1e-05, 'nu': 36, 'sigma': 0.5809963500798505}. Best is trial 152 with value: 0.06346525023204509.
[I 2026-08-16 13:33:30,759] Trial 196 finished with value: 0.08011324792600318 and parameters: {'rho_e': 0.0024155901948540058, 'rho_d': 1e-05, 'nu': 2, 'sigma': 0.32333836509404945}. Best is trial 152 with value: 0.06346525023204509.
[I 2026-08-16 13:34:08,622] Trial 197 finished with value: 0.08200784511378884 and parameters: {'rho_e': 67.2178403307579, 'rho_d': 1e-05, 'nu': 2, 'sigma': 0.6266759519732114}. Best is trial 152 with value: 0.06346525023204509.
[I 2026-08-16 13:34:44,749] Trial 198 finished with value: 0.09121337807028243 and parameters: {'rho_e': 0.0003261593203479889, 'rho_d': 1e-05, 'nu': 36, 'sigma': 1.0}. Best is trial 152 with value: 0.06346525023204509.
[I 2026-08-16 13:35:20,186] Trial 199 finished with value: 0.07259080694489226 and parameters: {'rho_e': 0.09393161681318524, 'rho_d': 0.12158551381610108, 'nu': 36, 'sigma': 0.22905846583177095}. Best is trial 152 with value: 0.06346525023204509.
/home/gterren/dynamic_update/functional_forecast_dynamic_update/scripts/validate_zone_ffc_mpi.py:1094: FutureWarning: The behavior of DataFrame concatenation with empty or all-NA entries is deprecated. In a future version, this will no longer exclude empty or all-NA columns when determining the result dtypes. To retain the old behavior, exclude the relevant entries before the concat operation.
  results_df = pd.concat([results_df, prob_results], axis = 0, ignore_index=True)
