/home/gterren/dynamic_update/functional_forecast_dynamic_update/scripts/validate_zone_ffc_mpi.py:673: ExperimentalWarning: GPSampler is experimental (supported from v3.6.0). The interface can change in the future.
  sampler=GPSampler(seed=SEED, n_startup_trials=0)
[I 2026-08-16 22:14:38,316] A new study created in memory with name: no-name-e5bdb24b-fef5-4a06-af0f-6e712587cf61
[I 2026-08-16 22:15:25,560] Trial 0 finished with value: 0.07159218923199027 and parameters: {'rho_e': 0.3269036145707431, 'rho_d': 0.0008924503989739542, 'nu': 2, 'sigma': 0.5589802398441411}. Best is trial 0 with value: 0.07159218923199027.
[I 2026-08-16 22:16:11,961] Trial 1 finished with value: 0.09149567368511455 and parameters: {'rho_e': 0.00019459711623305662, 'rho_d': 5.722640521209214, 'nu': 13, 'sigma': 0.5672546026273165}. Best is trial 0 with value: 0.07159218923199027.
[I 2026-08-16 22:16:58,017] Trial 2 finished with value: 0.09343443611424532 and parameters: {'rho_e': 321.4812758619285, 'rho_d': 4.302510656920417e-05, 'nu': 12, 'sigma': 0.3601623761996074}. Best is trial 0 with value: 0.07159218923199027.
[I 2026-08-16 22:17:42,196] Trial 3 finished with value: 0.09267794757534292 and parameters: {'rho_e': 4.3898520061802934e-05, 'rho_d': 0.03830168409239199, 'nu': 3, 'sigma': 0.9115914372285836}. Best is trial 0 with value: 0.07159218923199027.
[I 2026-08-16 22:18:28,329] Trial 4 finished with value: 0.0847717407991072 and parameters: {'rho_e': 949.2172066223391, 'rho_d': 0.026109422224811094, 'nu': 26, 'sigma': 0.9260120240556735}. Best is trial 0 with value: 0.07159218923199027.
[I 2026-08-16 22:19:14,454] Trial 5 finished with value: 0.09862321056325433 and parameters: {'rho_e': 55.07785948573999, 'rho_d': 1.5152031294533557e-05, 'nu': 2, 'sigma': 0.21277447591768917}. Best is trial 0 with value: 0.07159218923199027.
[I 2026-08-16 22:20:00,491] Trial 6 finished with value: 0.08814872840314691 and parameters: {'rho_e': 8.866466816341849e-05, 'rho_d': 7.61325088024623, 'nu': 26, 'sigma': 0.16313090927374585}. Best is trial 0 with value: 0.07159218923199027.
[I 2026-08-16 22:20:44,767] Trial 7 finished with value: 0.08955998818567901 and parameters: {'rho_e': 1.7261925851807923e-05, 'rho_d': 5.766907112583324, 'nu': 8, 'sigma': 0.4036048929120764}. Best is trial 0 with value: 0.07159218923199027.
[I 2026-08-16 22:21:30,882] Trial 8 finished with value: 0.07860322902513459 and parameters: {'rho_e': 0.0006613143814348048, 'rho_d': 0.0004843159996042769, 'nu': 4, 'sigma': 0.05929980630688328}. Best is trial 0 with value: 0.07159218923199027.
[I 2026-08-16 22:22:13,570] Trial 9 finished with value: 0.11277944099033053 and parameters: {'rho_e': 1.542794770823065, 'rho_d': 0.0001051601155778768, 'nu': 29, 'sigma': 0.06124649778519667}. Best is trial 0 with value: 0.07159218923199027.
[I 2026-08-16 22:22:59,572] Trial 10 finished with value: 0.09145631555932575 and parameters: {'rho_e': 0.0094884878266438, 'rho_d': 61.123373741526805, 'nu': 23, 'sigma': 0.8096778943389311}. Best is trial 0 with value: 0.07159218923199027.
[I 2026-08-16 22:23:43,824] Trial 11 finished with value: 0.08303729889659081 and parameters: {'rho_e': 0.004983867022387237, 'rho_d': 0.7195345772802716, 'nu': 12, 'sigma': 0.30276757880887223}. Best is trial 0 with value: 0.07159218923199027.
[I 2026-08-16 22:24:29,982] Trial 12 finished with value: 0.07821139590623127 and parameters: {'rho_e': 0.0018796021094759023, 'rho_d': 0.0038808481514466344, 'nu': 18, 'sigma': 0.43095678898781176}. Best is trial 0 with value: 0.07159218923199027.
[I 2026-08-16 22:25:16,119] Trial 13 finished with value: 0.09303404824875972 and parameters: {'rho_e': 1.7655547015118365, 'rho_d': 5.142686056063213e-05, 'nu': 33, 'sigma': 0.6472584614595902}. Best is trial 0 with value: 0.07159218923199027.
[I 2026-08-16 22:26:02,131] Trial 14 finished with value: 0.08370310186623509 and parameters: {'rho_e': 0.0015721301687322549, 'rho_d': 0.14451370611208825, 'nu': 29, 'sigma': 0.8847686295789441}. Best is trial 0 with value: 0.07159218923199027.
[I 2026-08-16 22:26:46,324] Trial 15 finished with value: 0.07974870585806915 and parameters: {'rho_e': 0.0010736074978672553, 'rho_d': 0.00017517887181672987, 'nu': 14, 'sigma': 0.6547066878649721}. Best is trial 0 with value: 0.07159218923199027.
[I 2026-08-16 22:27:32,475] Trial 16 finished with value: 0.09949578327119933 and parameters: {'rho_e': 1.041354975353017, 'rho_d': 0.06018447003063603, 'nu': 14, 'sigma': 0.2839448985622425}. Best is trial 0 with value: 0.07159218923199027.
[I 2026-08-16 22:28:18,659] Trial 17 finished with value: 0.11171705817860403 and parameters: {'rho_e': 4.574661102604166, 'rho_d': 0.0021644048058848996, 'nu': 23, 'sigma': 0.11627181049783943}. Best is trial 0 with value: 0.07159218923199027.
[I 2026-08-16 22:29:04,732] Trial 18 finished with value: 0.10261157230146871 and parameters: {'rho_e': 2.4872074477158685, 'rho_d': 0.0010015844130510873, 'nu': 33, 'sigma': 0.37218016341710936}. Best is trial 0 with value: 0.07159218923199027.
[I 2026-08-16 22:29:49,259] Trial 19 finished with value: 0.11000357898417179 and parameters: {'rho_e': 65.84645259610812, 'rho_d': 9.82662438607537, 'nu': 15, 'sigma': 0.2627584337801529}. Best is trial 0 with value: 0.07159218923199027.
[I 2026-08-16 22:30:35,408] Trial 20 finished with value: 0.07114779119985201 and parameters: {'rho_e': 0.07822964531426699, 'rho_d': 0.8639211893531282, 'nu': 26, 'sigma': 0.4186864994625047}. Best is trial 20 with value: 0.07114779119985201.
[I 2026-08-16 22:31:21,608] Trial 21 finished with value: 0.09381107754826225 and parameters: {'rho_e': 0.8662159080284164, 'rho_d': 0.0019943914592805614, 'nu': 27, 'sigma': 0.45781709249791797}. Best is trial 20 with value: 0.07114779119985201.
[I 2026-08-16 22:32:07,657] Trial 22 finished with value: 0.08397367316573215 and parameters: {'rho_e': 0.017682211067743325, 'rho_d': 1.762014949718825, 'nu': 10, 'sigma': 0.5935464874055492}. Best is trial 20 with value: 0.07114779119985201.
[I 2026-08-16 22:32:52,194] Trial 23 finished with value: 0.09859316243258082 and parameters: {'rho_e': 3.679925773076e-05, 'rho_d': 23.98453012214469, 'nu': 17, 'sigma': 0.9609156022633827}. Best is trial 20 with value: 0.07114779119985201.
[I 2026-08-16 22:33:38,360] Trial 24 finished with value: 0.08455074195068824 and parameters: {'rho_e': 0.0013378016644002941, 'rho_d': 0.3251386772406152, 'nu': 22, 'sigma': 0.6142287913179536}. Best is trial 20 with value: 0.07114779119985201.
[I 2026-08-16 22:34:24,493] Trial 25 finished with value: 0.07797614982172554 and parameters: {'rho_e': 9.513126298049566e-05, 'rho_d': 0.0001254129593580573, 'nu': 17, 'sigma': 0.4282198407451333}. Best is trial 20 with value: 0.07114779119985201.
[I 2026-08-16 22:35:10,555] Trial 26 finished with value: 0.07677164738649349 and parameters: {'rho_e': 0.05984570193345419, 'rho_d': 0.0002828514266644551, 'nu': 13, 'sigma': 0.8710282672465114}. Best is trial 20 with value: 0.07114779119985201.
[I 2026-08-16 22:35:54,741] Trial 27 finished with value: 0.08965350326623113 and parameters: {'rho_e': 468.4257953002554, 'rho_d': 1.2226077087028292e-05, 'nu': 23, 'sigma': 0.6044786846095609}. Best is trial 20 with value: 0.07114779119985201.
[I 2026-08-16 22:36:40,680] Trial 28 finished with value: 0.11734789966860287 and parameters: {'rho_e': 9.794758745867055, 'rho_d': 1.739018971835995e-05, 'nu': 5, 'sigma': 0.023519755783360522}. Best is trial 20 with value: 0.07114779119985201.
[I 2026-08-16 22:37:26,888] Trial 29 finished with value: 0.10017998545182485 and parameters: {'rho_e': 396.23136452155177, 'rho_d': 0.0012839635362927584, 'nu': 34, 'sigma': 0.5101047252162753}. Best is trial 20 with value: 0.07114779119985201.
[I 2026-08-16 22:38:12,974] Trial 30 finished with value: 0.08692083095483136 and parameters: {'rho_e': 0.0003366699491459107, 'rho_d': 204.4963039743385, 'nu': 32, 'sigma': 0.1493267250032733}. Best is trial 20 with value: 0.07114779119985201.
[I 2026-08-16 22:38:57,238] Trial 31 finished with value: 0.07517938245049159 and parameters: {'rho_e': 3.8729577897945755, 'rho_d': 507.6727010671596, 'nu': 19, 'sigma': 0.3524611314107998}. Best is trial 20 with value: 0.07114779119985201.
[I 2026-08-16 22:39:43,424] Trial 32 finished with value: 0.08650820625234741 and parameters: {'rho_e': 25.240423080998166, 'rho_d': 0.04024505840237463, 'nu': 22, 'sigma': 0.6878151672772727}. Best is trial 20 with value: 0.07114779119985201.
[I 2026-08-16 22:40:30,191] Trial 33 finished with value: 0.12002057576695019 and parameters: {'rho_e': 46.68655128693522, 'rho_d': 89.33226184339398, 'nu': 11, 'sigma': 0.12758460315021433}. Best is trial 20 with value: 0.07114779119985201.
[I 2026-08-16 22:41:14,615] Trial 34 finished with value: 0.0911239084932106 and parameters: {'rho_e': 0.09031981370866977, 'rho_d': 0.00353590580052761, 'nu': 3, 'sigma': 0.15528637475144552}. Best is trial 20 with value: 0.07114779119985201.
[I 2026-08-16 22:42:00,837] Trial 35 finished with value: 0.1132334870250543 and parameters: {'rho_e': 257.2582546121324, 'rho_d': 264.3352391583821, 'nu': 16, 'sigma': 0.23159987966773632}. Best is trial 20 with value: 0.07114779119985201.
[I 2026-08-16 22:42:46,986] Trial 36 finished with value: 0.09129999483110003 and parameters: {'rho_e': 0.011040115349735419, 'rho_d': 319.94169963542066, 'nu': 27, 'sigma': 0.992582531554602}. Best is trial 20 with value: 0.07114779119985201.
[I 2026-08-16 22:43:31,937] Trial 37 finished with value: 0.09920431355683415 and parameters: {'rho_e': 1.3005438575723007, 'rho_d': 0.01777507065717351, 'nu': 9, 'sigma': 0.19699907291064236}. Best is trial 20 with value: 0.07114779119985201.
[I 2026-08-16 22:44:13,226] Trial 38 finished with value: 0.08307214993917227 and parameters: {'rho_e': 0.006770029807866984, 'rho_d': 1.0453964517455576, 'nu': 32, 'sigma': 0.007867895654915082}. Best is trial 20 with value: 0.07114779119985201.
[I 2026-08-16 22:44:54,532] Trial 39 finished with value: 0.08164431772297134 and parameters: {'rho_e': 3.2653986066294935, 'rho_d': 0.00035918328578407783, 'nu': 11, 'sigma': 0.7117132233162679}. Best is trial 20 with value: 0.07114779119985201.
[I 2026-08-16 22:45:35,647] Trial 40 finished with value: 0.07845935195607902 and parameters: {'rho_e': 0.008384459587850678, 'rho_d': 0.00040208220297865917, 'nu': 24, 'sigma': 0.7413946652411322}. Best is trial 20 with value: 0.07114779119985201.
[I 2026-08-16 22:46:16,822] Trial 41 finished with value: 0.12686323438497313 and parameters: {'rho_e': 12.935242462549164, 'rho_d': 2.4536463769015713, 'nu': 34, 'sigma': 0.03111235605231228}. Best is trial 20 with value: 0.07114779119985201.
[I 2026-08-16 22:46:59,979] Trial 42 finished with value: 0.0874910929098651 and parameters: {'rho_e': 17.351980111290544, 'rho_d': 0.24761264897083934, 'nu': 32, 'sigma': 0.9330852931159648}. Best is trial 20 with value: 0.07114779119985201.
[I 2026-08-16 22:47:46,133] Trial 43 finished with value: 0.12379120330782861 and parameters: {'rho_e': 206.7348794304976, 'rho_d': 100.25810153166229, 'nu': 21, 'sigma': 0.04808111924412399}. Best is trial 20 with value: 0.07114779119985201.
[I 2026-08-16 22:48:32,245] Trial 44 finished with value: 0.107044040996103 and parameters: {'rho_e': 178.9593730989775, 'rho_d': 0.10721182363435201, 'nu': 34, 'sigma': 0.31572977967490834}. Best is trial 20 with value: 0.07114779119985201.
[I 2026-08-16 22:49:18,302] Trial 45 finished with value: 0.08903720510079001 and parameters: {'rho_e': 0.00017424584549714995, 'rho_d': 25.47175357971929, 'nu': 22, 'sigma': 0.09551575449774102}. Best is trial 20 with value: 0.07114779119985201.
[I 2026-08-16 22:50:01,888] Trial 46 finished with value: 0.07192914412527028 and parameters: {'rho_e': 119.39227513011171, 'rho_d': 8.192784645277967e-05, 'nu': 3, 'sigma': 0.8143690994325316}. Best is trial 20 with value: 0.07114779119985201.
[I 2026-08-16 22:50:48,002] Trial 47 finished with value: 0.07355061421787655 and parameters: {'rho_e': 0.04633293692358927, 'rho_d': 1.3842410574283137, 'nu': 19, 'sigma': 0.18860831631006456}. Best is trial 20 with value: 0.07114779119985201.
[I 2026-08-16 22:51:34,113] Trial 48 finished with value: 0.08171610726186043 and parameters: {'rho_e': 0.0007714806253840602, 'rho_d': 0.0015442881351131804, 'nu': 7, 'sigma': 0.7990376021274297}. Best is trial 20 with value: 0.07114779119985201.
[I 2026-08-16 22:52:20,157] Trial 49 finished with value: 0.09047703741233457 and parameters: {'rho_e': 0.02334066741617611, 'rho_d': 19.61909076816956, 'nu': 7, 'sigma': 0.678847861548423}. Best is trial 20 with value: 0.07114779119985201.
[I 2026-08-16 22:53:04,412] Trial 50 finished with value: 0.10101603203235879 and parameters: {'rho_e': 30.484530649163847, 'rho_d': 0.0006865299827161224, 'nu': 35, 'sigma': 0.4931147100817814}. Best is trial 20 with value: 0.07114779119985201.
[I 2026-08-16 22:53:50,415] Trial 51 finished with value: 0.09075679857416438 and parameters: {'rho_e': 0.42596086471505806, 'rho_d': 0.006470326256837381, 'nu': 33, 'sigma': 0.6255704507885743}. Best is trial 20 with value: 0.07114779119985201.
[I 2026-08-16 22:54:36,492] Trial 52 finished with value: 0.09108508757896425 and parameters: {'rho_e': 5.6305504586876165e-05, 'rho_d': 0.01955400616757617, 'nu': 4, 'sigma': 0.9431022489306657}. Best is trial 20 with value: 0.07114779119985201.
[I 2026-08-16 22:55:22,537] Trial 53 finished with value: 0.0941851170537159 and parameters: {'rho_e': 2.2237461169194805, 'rho_d': 0.48566127158346006, 'nu': 28, 'sigma': 0.7769544614903604}. Best is trial 20 with value: 0.07114779119985201.
[I 2026-08-16 22:56:06,886] Trial 54 finished with value: 0.08498212922982529 and parameters: {'rho_e': 0.028583330992410914, 'rho_d': 1.9471088928715916, 'nu': 19, 'sigma': 0.89828252912396}. Best is trial 20 with value: 0.07114779119985201.
[I 2026-08-16 22:56:53,001] Trial 55 finished with value: 0.0885805897226547 and parameters: {'rho_e': 0.0002909616436868435, 'rho_d': 4.340886647251859, 'nu': 35, 'sigma': 0.6964604863331093}. Best is trial 20 with value: 0.07114779119985201.
[I 2026-08-16 22:57:39,146] Trial 56 finished with value: 0.09731553973787721 and parameters: {'rho_e': 7.798984580075104, 'rho_d': 0.08868122758097233, 'nu': 29, 'sigma': 0.5036294018829817}. Best is trial 20 with value: 0.07114779119985201.
[I 2026-08-16 22:58:25,183] Trial 57 finished with value: 0.07974604787814563 and parameters: {'rho_e': 1.2062065617383623e-05, 'rho_d': 0.00491871886944935, 'nu': 9, 'sigma': 0.540742976760754}. Best is trial 20 with value: 0.07114779119985201.
[I 2026-08-16 22:59:09,542] Trial 58 finished with value: 0.08841610788259047 and parameters: {'rho_e': 0.00026922761125582604, 'rho_d': 3.3483536015403974, 'nu': 15, 'sigma': 0.46419294116197934}. Best is trial 20 with value: 0.07114779119985201.
[I 2026-08-16 22:59:55,697] Trial 59 finished with value: 0.08368527816026407 and parameters: {'rho_e': 0.0004180230040562295, 'rho_d': 0.0080293432375613, 'nu': 9, 'sigma': 0.8474133959671261}. Best is trial 20 with value: 0.07114779119985201.
[I 2026-08-16 23:00:41,967] Trial 60 finished with value: 0.0835298547437561 and parameters: {'rho_e': 0.589700729128972, 'rho_d': 0.28163142246786826, 'nu': 21, 'sigma': 0.9514003827722398}. Best is trial 20 with value: 0.07114779119985201.
[I 2026-08-16 23:01:28,005] Trial 61 finished with value: 0.09696241891543589 and parameters: {'rho_e': 0.054968021979639604, 'rho_d': 440.7147463030633, 'nu': 4, 'sigma': 0.9846976523041496}. Best is trial 20 with value: 0.07114779119985201.
[I 2026-08-16 23:02:13,526] Trial 62 finished with value: 0.08698347270116623 and parameters: {'rho_e': 2.726598761494588e-05, 'rho_d': 377.6857032137641, 'nu': 31, 'sigma': 0.08797637433547147}. Best is trial 20 with value: 0.07114779119985201.
[I 2026-08-16 23:02:58,571] Trial 63 finished with value: 0.07240270095298859 and parameters: {'rho_e': 0.12562298455144785, 'rho_d': 6.332499214741886e-05, 'nu': 5, 'sigma': 0.7813637219857382}. Best is trial 20 with value: 0.07114779119985201.
[I 2026-08-16 23:03:45,210] Trial 64 finished with value: 0.08814068988878743 and parameters: {'rho_e': 0.18142030344388796, 'rho_d': 2.1716515450145203e-05, 'nu': 18, 'sigma': 0.4487600336855717}. Best is trial 20 with value: 0.07114779119985201.
[I 2026-08-16 23:04:32,033] Trial 65 finished with value: 0.07692468528788851 and parameters: {'rho_e': 0.2349945384747991, 'rho_d': 691.4897217341121, 'nu': 31, 'sigma': 0.8518952203160548}. Best is trial 20 with value: 0.07114779119985201.
[I 2026-08-16 23:05:18,078] Trial 66 finished with value: 0.07439386264108919 and parameters: {'rho_e': 3.246702767499522e-05, 'rho_d': 0.0007681605683548452, 'nu': 6, 'sigma': 0.2770482583742728}. Best is trial 20 with value: 0.07114779119985201.
[I 2026-08-16 23:06:02,976] Trial 67 finished with value: 0.10593291601441795 and parameters: {'rho_e': 19.088248943709846, 'rho_d': 0.0001340107418662817, 'nu': 12, 'sigma': 0.1701809606915158}. Best is trial 20 with value: 0.07114779119985201.
[I 2026-08-16 23:06:49,411] Trial 68 finished with value: 0.08082685167176407 and parameters: {'rho_e': 0.6338439291753183, 'rho_d': 5.494058947628885e-05, 'nu': 8, 'sigma': 0.5293218811648563}. Best is trial 20 with value: 0.07114779119985201.
[I 2026-08-16 23:07:36,114] Trial 69 finished with value: 0.0851893032328776 and parameters: {'rho_e': 40.954154106984234, 'rho_d': 0.17338017325692112, 'nu': 10, 'sigma': 0.489933757888093}. Best is trial 20 with value: 0.07114779119985201.
[I 2026-08-16 23:08:22,227] Trial 70 finished with value: 0.07433181414556625 and parameters: {'rho_e': 0.2523506782813784, 'rho_d': 31.510568285073717, 'nu': 33, 'sigma': 0.34714319395982135}. Best is trial 20 with value: 0.07114779119985201.
[I 2026-08-16 23:09:06,387] Trial 71 finished with value: 0.07955333978182094 and parameters: {'rho_e': 0.002930373386470407, 'rho_d': 3.317914597400771e-05, 'nu': 15, 'sigma': 0.6329596331201216}. Best is trial 20 with value: 0.07114779119985201.
[I 2026-08-16 23:09:52,645] Trial 72 finished with value: 0.08419131077421188 and parameters: {'rho_e': 6.601429297169598e-05, 'rho_d': 0.0002602530817699002, 'nu': 10, 'sigma': 0.9786083399861463}. Best is trial 20 with value: 0.07114779119985201.
[I 2026-08-16 23:10:39,749] Trial 73 finished with value: 0.11879629268037789 and parameters: {'rho_e': 150.26339501041664, 'rho_d': 147.5767738266191, 'nu': 16, 'sigma': 0.13512338246700153}. Best is trial 20 with value: 0.07114779119985201.
[I 2026-08-16 23:11:26,968] Trial 74 finished with value: 0.08007280460941743 and parameters: {'rho_e': 0.0035877410590901345, 'rho_d': 2.576553179691004e-05, 'nu': 16, 'sigma': 0.7308223403094861}. Best is trial 20 with value: 0.07114779119985201.
[I 2026-08-16 23:12:12,018] Trial 75 finished with value: 0.08615434377066798 and parameters: {'rho_e': 86.60477995186261, 'rho_d': 0.18303468390561242, 'nu': 24, 'sigma': 0.7510479721089599}. Best is trial 20 with value: 0.07114779119985201.
[I 2026-08-16 23:12:58,732] Trial 76 finished with value: 0.07883544066402973 and parameters: {'rho_e': 0.0001132723107819565, 'rho_d': 0.011169983777198775, 'nu': 25, 'sigma': 0.5751289637607758}. Best is trial 20 with value: 0.07114779119985201.
[I 2026-08-16 23:13:45,056] Trial 77 finished with value: 0.08337898877091014 and parameters: {'rho_e': 0.4844996036517181, 'rho_d': 0.4148539575898805, 'nu': 36, 'sigma': 0.9024820531629737}. Best is trial 20 with value: 0.07114779119985201.
[I 2026-08-16 23:14:31,614] Trial 78 finished with value: 0.07842013386431126 and parameters: {'rho_e': 1.821708082801357e-05, 'rho_d': 0.005972473493478661, 'nu': 13, 'sigma': 0.24793663344365371}. Best is trial 20 with value: 0.07114779119985201.
[I 2026-08-16 23:15:17,496] Trial 79 finished with value: 0.08772310618294993 and parameters: {'rho_e': 0.10718439047337557, 'rho_d': 0.01413294748664834, 'nu': 30, 'sigma': 0.5825243654914019}. Best is trial 20 with value: 0.07114779119985201.
[I 2026-08-16 23:16:03,083] Trial 80 finished with value: 0.0842151843312201 and parameters: {'rho_e': 2.210005167641908e-05, 'rho_d': 0.5546388056023296, 'nu': 18, 'sigma': 0.47803218740238534}. Best is trial 20 with value: 0.07114779119985201.
[I 2026-08-16 23:16:49,882] Trial 81 finished with value: 0.12014914035736557 and parameters: {'rho_e': 102.96197595152874, 'rho_d': 0.07419264172204353, 'nu': 24, 'sigma': 0.010538743582339223}. Best is trial 20 with value: 0.07114779119985201.
[I 2026-08-16 23:17:36,612] Trial 82 finished with value: 0.07697845754055724 and parameters: {'rho_e': 0.022847579467193208, 'rho_d': 1.0828452344232614e-05, 'nu': 27, 'sigma': 0.5303135042774483}. Best is trial 20 with value: 0.07114779119985201.
[I 2026-08-16 23:18:23,148] Trial 83 finished with value: 0.09698740806168091 and parameters: {'rho_e': 10.26433352336269, 'rho_d': 71.19093048176157, 'nu': 21, 'sigma': 0.8207179976064777}. Best is trial 20 with value: 0.07114779119985201.
[I 2026-08-16 23:19:07,919] Trial 84 finished with value: 0.0809806309002324 and parameters: {'rho_e': 0.013723837958967857, 'rho_d': 1.1136642004656445, 'nu': 16, 'sigma': 0.3285556664376412}. Best is trial 20 with value: 0.07114779119985201.
[I 2026-08-16 23:19:54,118] Trial 85 finished with value: 0.08895492733275318 and parameters: {'rho_e': 0.0009105435098633038, 'rho_d': 12.083035376420879, 'nu': 28, 'sigma': 0.33768991108051694}. Best is trial 20 with value: 0.07114779119985201.
[I 2026-08-16 23:20:40,355] Trial 86 finished with value: 0.09895175850617347 and parameters: {'rho_e': 0.0005060859690373761, 'rho_d': 903.9451928588301, 'nu': 6, 'sigma': 0.8612150440049049}. Best is trial 20 with value: 0.07114779119985201.
[I 2026-08-16 23:21:26,640] Trial 87 finished with value: 0.11460192215211287 and parameters: {'rho_e': 21.67076868737965, 'rho_d': 17.31408795432266, 'nu': 25, 'sigma': 0.2297095430176774}. Best is trial 20 with value: 0.07114779119985201.
