[I 2026-08-17 11:37:34,402] Trial 180 finished with value: 0.0632475378206224 and parameters: {'rho_e': 0.1483089652787925, 'rho_d': 0.001737099789027793, 'nu': 2, 'sigma': 0.2932350892378833}. Best is trial 122 with value: 0.06260789326726629.
[I 2026-08-17 11:38:21,371] Trial 181 finished with value: 0.08958820864669781 and parameters: {'rho_e': 1000.0, 'rho_d': 1000.0, 'nu': 2, 'sigma': 0.058122956632318576}. Best is trial 122 with value: 0.06260789326726629.
[I 2026-08-17 11:39:07,822] Trial 182 finished with value: 0.07390704372047852 and parameters: {'rho_e': 27.633203945463507, 'rho_d': 1000.0, 'nu': 17, 'sigma': 0.09522189554149195}. Best is trial 122 with value: 0.06260789326726629.
[I 2026-08-17 11:39:54,851] Trial 183 finished with value: 0.07310267120532239 and parameters: {'rho_e': 0.6706566103437605, 'rho_d': 10.352731657359923, 'nu': 2, 'sigma': 0.0}. Best is trial 122 with value: 0.06260789326726629.
[I 2026-08-17 11:40:41,670] Trial 184 finished with value: 0.07637066560181185 and parameters: {'rho_e': 3.68321503524626, 'rho_d': 22.979447019657304, 'nu': 2, 'sigma': 0.3597845781762646}. Best is trial 122 with value: 0.06260789326726629.
[I 2026-08-17 11:41:28,336] Trial 185 finished with value: 0.0822139260525267 and parameters: {'rho_e': 1000.0, 'rho_d': 999.999999999998, 'nu': 36, 'sigma': 0.9999999999999999}. Best is trial 122 with value: 0.06260789326726629.
[I 2026-08-17 11:42:15,311] Trial 186 finished with value: 0.06728441936845071 and parameters: {'rho_e': 0.06637041024589617, 'rho_d': 0.00028705183577503243, 'nu': 36, 'sigma': 0.32172955677469134}. Best is trial 122 with value: 0.06260789326726629.
[I 2026-08-17 11:43:01,833] Trial 187 finished with value: 0.06514019779034776 and parameters: {'rho_e': 0.12144616904927157, 'rho_d': 0.005754534363474597, 'nu': 36, 'sigma': 0.2903177250595721}. Best is trial 122 with value: 0.06260789326726629.
[I 2026-08-17 11:43:48,758] Trial 188 finished with value: 0.06499624320923915 and parameters: {'rho_e': 0.08848956319474585, 'rho_d': 2.8925250121432573e-05, 'nu': 36, 'sigma': 0.28616950649320777}. Best is trial 122 with value: 0.06260789326726629.
[I 2026-08-17 11:44:35,722] Trial 189 finished with value: 0.0652587114557597 and parameters: {'rho_e': 0.15496778799583572, 'rho_d': 0.0026442183863618946, 'nu': 9, 'sigma': 0.2745937647723194}. Best is trial 122 with value: 0.06260789326726629.
[I 2026-08-17 11:45:22,134] Trial 190 finished with value: 0.07139134717243656 and parameters: {'rho_e': 0.21099102443109174, 'rho_d': 0.4898550464229433, 'nu': 2, 'sigma': 0.22446799134325024}. Best is trial 122 with value: 0.06260789326726629.
[I 2026-08-17 11:46:08,264] Trial 191 finished with value: 0.08142085366895016 and parameters: {'rho_e': 0.00013727799197629483, 'rho_d': 0.03947055695623678, 'nu': 36, 'sigma': 0.0}. Best is trial 122 with value: 0.06260789326726629.
[I 2026-08-17 11:46:55,100] Trial 192 finished with value: 0.07357055744690094 and parameters: {'rho_e': 0.041348497578567525, 'rho_d': 0.019247296676343683, 'nu': 36, 'sigma': 0.36907655433646563}. Best is trial 122 with value: 0.06260789326726629.
[I 2026-08-17 11:47:41,377] Trial 193 finished with value: 0.07104163787970415 and parameters: {'rho_e': 0.22090213902227918, 'rho_d': 1.0117922232312113, 'nu': 36, 'sigma': 0.0}. Best is trial 122 with value: 0.06260789326726629.
[I 2026-08-17 11:48:28,177] Trial 194 finished with value: 0.06674580934131531 and parameters: {'rho_e': 0.06189696650928065, 'rho_d': 1e-05, 'nu': 18, 'sigma': 0.0}. Best is trial 122 with value: 0.06260789326726629.
[I 2026-08-17 11:49:14,651] Trial 195 finished with value: 0.08128497765141826 and parameters: {'rho_e': 13.69485978389688, 'rho_d': 0.0009559636709192909, 'nu': 2, 'sigma': 1.0}. Best is trial 122 with value: 0.06260789326726629.
[I 2026-08-17 11:50:01,487] Trial 196 finished with value: 0.06494991032234507 and parameters: {'rho_e': 0.10555704985233735, 'rho_d': 1e-05, 'nu': 23, 'sigma': 0.29697676115709964}. Best is trial 122 with value: 0.06260789326726629.
[I 2026-08-17 11:50:46,622] Trial 197 finished with value: 0.07421704958318535 and parameters: {'rho_e': 3.2178781518665525, 'rho_d': 103.41185162917985, 'nu': 36, 'sigma': 0.531034908818377}. Best is trial 122 with value: 0.06260789326726629.
[I 2026-08-17 11:51:32,051] Trial 198 finished with value: 0.07961271211898308 and parameters: {'rho_e': 9.195273893314678e-05, 'rho_d': 7.607516762493518e-05, 'nu': 36, 'sigma': 0.0}. Best is trial 122 with value: 0.06260789326726629.
[I 2026-08-17 11:52:19,030] Trial 199 finished with value: 0.06370784613862081 and parameters: {'rho_e': 0.1871274600092815, 'rho_d': 0.0007753736825277212, 'nu': 2, 'sigma': 0.23098019510507584}. Best is trial 122 with value: 0.06260789326726629.
/home/gterren/dynamic_update/functional_forecast_dynamic_update/scripts/validate_zone_ffc_mpi.py:1094: FutureWarning: The behavior of DataFrame concatenation with empty or all-NA entries is deprecated. In a future version, this will no longer exclude empty or all-NA columns when determining the result dtypes. To retain the old behavior, exclude the relevant entries before the concat operation.
  results_df = pd.concat([results_df, prob_results], axis = 0, ignore_index=True)
