[I 2026-08-16 16:48:03,409] Trial 88 finished with value: 0.08254492273801053 and parameters: {'rho_e': 0.10955683436189492, 'rho_d': 17.335641105180176, 'nu': 30, 'sigma': 0.9665030333402096}. Best is trial 80 with value: 0.0689597294214217.
[I 2026-08-16 16:48:42,199] Trial 89 finished with value: 0.08660230152574229 and parameters: {'rho_e': 404.0017816903608, 'rho_d': 1.7029913359385358, 'nu': 8, 'sigma': 0.7748778573795911}. Best is trial 80 with value: 0.0689597294214217.
[I 2026-08-16 16:49:18,404] Trial 90 finished with value: 0.07984692834855123 and parameters: {'rho_e': 6.687532104035759e-05, 'rho_d': 0.017658739928068382, 'nu': 23, 'sigma': 0.29099843561974764}. Best is trial 80 with value: 0.0689597294214217.
[I 2026-08-16 16:49:58,516] Trial 91 finished with value: 0.10199362874501512 and parameters: {'rho_e': 1.9771401749850168, 'rho_d': 0.05984121945521464, 'nu': 35, 'sigma': 0.8944799975093669}. Best is trial 80 with value: 0.0689597294214217.
[I 2026-08-16 16:50:40,270] Trial 92 finished with value: 0.10738118902216603 and parameters: {'rho_e': 40.24790330007283, 'rho_d': 200.98181792944928, 'nu': 15, 'sigma': 0.4706039997045142}. Best is trial 80 with value: 0.0689597294214217.
[I 2026-08-16 16:51:25,383] Trial 93 finished with value: 0.08491829693489915 and parameters: {'rho_e': 0.007468269893370547, 'rho_d': 1.61286970740552e-05, 'nu': 26, 'sigma': 0.7062855262944665}. Best is trial 80 with value: 0.0689597294214217.
[I 2026-08-16 16:52:09,299] Trial 94 finished with value: 0.07938036413446548 and parameters: {'rho_e': 0.0023898071675510797, 'rho_d': 0.5105799785763581, 'nu': 3, 'sigma': 0.12408622300734228}. Best is trial 80 with value: 0.0689597294214217.
[I 2026-08-16 16:52:52,470] Trial 95 finished with value: 0.07712788071352925 and parameters: {'rho_e': 0.016506505170872286, 'rho_d': 0.0067545827302765695, 'nu': 13, 'sigma': 0.15750510918850885}. Best is trial 80 with value: 0.0689597294214217.
[I 2026-08-16 16:53:34,413] Trial 96 finished with value: 0.08286688359080872 and parameters: {'rho_e': 8.919454905898495e-05, 'rho_d': 0.1301658122748069, 'nu': 23, 'sigma': 0.48334819167680704}. Best is trial 80 with value: 0.0689597294214217.
[I 2026-08-16 16:54:16,104] Trial 97 finished with value: 0.09959429505043244 and parameters: {'rho_e': 167.59176445305437, 'rho_d': 0.0003270573651194096, 'nu': 33, 'sigma': 0.8028864249055724}. Best is trial 80 with value: 0.0689597294214217.
[I 2026-08-16 16:54:57,718] Trial 98 finished with value: 0.07877500011358665 and parameters: {'rho_e': 0.0003329223434176967, 'rho_d': 0.00014468150177905916, 'nu': 2, 'sigma': 0.25371662350737295}. Best is trial 80 with value: 0.0689597294214217.
[I 2026-08-16 16:55:38,284] Trial 99 finished with value: 0.09069422317744624 and parameters: {'rho_e': 0.005144397214248984, 'rho_d': 0.0007543567094497256, 'nu': 27, 'sigma': 0.9544511364446193}. Best is trial 80 with value: 0.0689597294214217.
[I 2026-08-16 16:56:22,373] Trial 100 finished with value: 0.07155693685954281 and parameters: {'rho_e': 0.759949347027006, 'rho_d': 1000.0, 'nu': 15, 'sigma': 0.29179278673211645}. Best is trial 80 with value: 0.0689597294214217.
[I 2026-08-16 16:57:03,628] Trial 101 finished with value: 0.07418161359168274 and parameters: {'rho_e': 0.8153417161950332, 'rho_d': 1000.0, 'nu': 29, 'sigma': 0.0}. Best is trial 80 with value: 0.0689597294214217.
[I 2026-08-16 16:57:46,585] Trial 102 finished with value: 0.0694658904331385 and parameters: {'rho_e': 0.5943997290234835, 'rho_d': 141.40924885864803, 'nu': 17, 'sigma': 0.26930133882737134}. Best is trial 80 with value: 0.0689597294214217.
[I 2026-08-16 16:58:30,560] Trial 103 finished with value: 0.06797459386381884 and parameters: {'rho_e': 0.5865197625554963, 'rho_d': 110.09751176055259, 'nu': 6, 'sigma': 0.2775461015377277}. Best is trial 103 with value: 0.06797459386381884.
[I 2026-08-16 16:59:15,389] Trial 104 finished with value: 0.06854725461022579 and parameters: {'rho_e': 0.5013472291690403, 'rho_d': 132.06146718402394, 'nu': 7, 'sigma': 0.16979632954781385}. Best is trial 103 with value: 0.06797459386381884.
[I 2026-08-16 16:59:59,189] Trial 105 finished with value: 0.07851218456449038 and parameters: {'rho_e': 0.003870963919461042, 'rho_d': 0.0003176150776333711, 'nu': 36, 'sigma': 0.1903610742274276}. Best is trial 103 with value: 0.06797459386381884.
[I 2026-08-16 17:00:43,798] Trial 106 finished with value: 0.09247747599259142 and parameters: {'rho_e': 4.638448145006055, 'rho_d': 1000.0, 'nu': 2, 'sigma': 1.0}. Best is trial 103 with value: 0.06797459386381884.
[I 2026-08-16 17:01:26,604] Trial 107 finished with value: 0.06781627116621153 and parameters: {'rho_e': 0.618333694146176, 'rho_d': 115.43018698736488, 'nu': 9, 'sigma': 0.256899455239128}. Best is trial 107 with value: 0.06781627116621153.
[I 2026-08-16 17:02:09,121] Trial 108 finished with value: 0.07733106147491683 and parameters: {'rho_e': 1e-05, 'rho_d': 1e-05, 'nu': 2, 'sigma': 0.21639135316373825}. Best is trial 107 with value: 0.06781627116621153.
[I 2026-08-16 17:02:49,493] Trial 109 finished with value: 0.080669306257194 and parameters: {'rho_e': 0.0043722891414486945, 'rho_d': 1e-05, 'nu': 2, 'sigma': 0.0}. Best is trial 107 with value: 0.06781627116621153.
[I 2026-08-16 17:03:31,007] Trial 110 finished with value: 0.07080741485947774 and parameters: {'rho_e': 1.363082466268937, 'rho_d': 1000.0, 'nu': 36, 'sigma': 0.25048651706281944}. Best is trial 107 with value: 0.06781627116621153.
[I 2026-08-16 17:04:13,022] Trial 111 finished with value: 0.08106486721695923 and parameters: {'rho_e': 1e-05, 'rho_d': 1e-05, 'nu': 36, 'sigma': 0.0}. Best is trial 107 with value: 0.06781627116621153.
[I 2026-08-16 17:04:54,429] Trial 112 finished with value: 0.06776748551802281 and parameters: {'rho_e': 0.553177360377704, 'rho_d': 56.01303154414005, 'nu': 6, 'sigma': 0.24628083585369667}. Best is trial 112 with value: 0.06776748551802281.
[I 2026-08-16 17:05:36,985] Trial 113 finished with value: 0.06737169786482364 and parameters: {'rho_e': 0.6745561552042797, 'rho_d': 77.66277227322131, 'nu': 7, 'sigma': 0.24926644394218475}. Best is trial 113 with value: 0.06737169786482364.
[I 2026-08-16 17:06:20,574] Trial 114 finished with value: 0.06816231050903754 and parameters: {'rho_e': 0.8574061619861325, 'rho_d': 58.23533894692532, 'nu': 2, 'sigma': 0.2936134275400765}. Best is trial 113 with value: 0.06737169786482364.
[I 2026-08-16 17:07:05,753] Trial 115 finished with value: 0.06733744799803473 and parameters: {'rho_e': 0.7452274812089159, 'rho_d': 79.69691699837533, 'nu': 6, 'sigma': 0.23037692234907522}. Best is trial 115 with value: 0.06733744799803473.
[I 2026-08-16 17:07:49,869] Trial 116 finished with value: 0.09733620096928522 and parameters: {'rho_e': 1000.0, 'rho_d': 1000.0, 'nu': 2, 'sigma': 1.0}. Best is trial 115 with value: 0.06733744799803473.
[I 2026-08-16 17:08:34,141] Trial 117 finished with value: 0.08631508752646595 and parameters: {'rho_e': 1e-05, 'rho_d': 1e-05, 'nu': 36, 'sigma': 1.0}. Best is trial 115 with value: 0.06733744799803473.
[I 2026-08-16 17:09:16,109] Trial 118 finished with value: 0.07861944220490463 and parameters: {'rho_e': 0.34605002654669126, 'rho_d': 1000.0, 'nu': 36, 'sigma': 1.0}. Best is trial 115 with value: 0.06733744799803473.
[I 2026-08-16 17:09:56,950] Trial 119 finished with value: 0.08106019491304209 and parameters: {'rho_e': 0.0006957329619927551, 'rho_d': 1e-05, 'nu': 36, 'sigma': 0.0}. Best is trial 115 with value: 0.06733744799803473.
[I 2026-08-16 17:10:37,835] Trial 120 finished with value: 0.08870438295994332 and parameters: {'rho_e': 1e-05, 'rho_d': 1000.0, 'nu': 36, 'sigma': 0.0}. Best is trial 115 with value: 0.06733744799803473.
[I 2026-08-16 17:11:19,838] Trial 121 finished with value: 0.0810648656758862 and parameters: {'rho_e': 7.595684866432565e-05, 'rho_d': 1e-05, 'nu': 2, 'sigma': 0.0}. Best is trial 115 with value: 0.06733744799803473.
[I 2026-08-16 17:12:01,151] Trial 122 finished with value: 0.06794541119395515 and parameters: {'rho_e': 0.7802863829923877, 'rho_d': 78.00219189573018, 'nu': 7, 'sigma': 0.2513307061287553}. Best is trial 115 with value: 0.06733744799803473.
[I 2026-08-16 17:12:43,182] Trial 123 finished with value: 0.06696598876638947 and parameters: {'rho_e': 0.5950378376232286, 'rho_d': 64.85793372508627, 'nu': 2, 'sigma': 0.22605780850528676}. Best is trial 123 with value: 0.06696598876638947.
[I 2026-08-16 17:13:26,364] Trial 124 finished with value: 0.06688291080387679 and parameters: {'rho_e': 0.5660221700160766, 'rho_d': 54.200559936193926, 'nu': 2, 'sigma': 0.20957234976127115}. Best is trial 124 with value: 0.06688291080387679.
[I 2026-08-16 17:14:10,993] Trial 125 finished with value: 0.06745542543234398 and parameters: {'rho_e': 0.6225494927453232, 'rho_d': 57.82743215909363, 'nu': 2, 'sigma': 0.1942617038615926}. Best is trial 124 with value: 0.06688291080387679.
[I 2026-08-16 17:14:55,804] Trial 126 finished with value: 0.11758620608629858 and parameters: {'rho_e': 1e-05, 'rho_d': 1e-05, 'nu': 2, 'sigma': 1.0}. Best is trial 124 with value: 0.06688291080387679.
[I 2026-08-16 17:15:39,045] Trial 127 finished with value: 0.0804094768279997 and parameters: {'rho_e': 1e-05, 'rho_d': 1e-05, 'nu': 36, 'sigma': 0.4101648792015798}. Best is trial 124 with value: 0.06688291080387679.
[I 2026-08-16 17:16:21,578] Trial 128 finished with value: 0.0806480154749918 and parameters: {'rho_e': 0.0038772280642414255, 'rho_d': 0.003705800768386681, 'nu': 2, 'sigma': 0.3256925938230897}. Best is trial 124 with value: 0.06688291080387679.
[I 2026-08-16 17:17:01,240] Trial 129 finished with value: 0.07734744293553311 and parameters: {'rho_e': 0.11422210177480213, 'rho_d': 38.556802692916115, 'nu': 2, 'sigma': 0.0}. Best is trial 124 with value: 0.06688291080387679.
[I 2026-08-16 17:17:43,221] Trial 130 finished with value: 0.08870438295994332 and parameters: {'rho_e': 1e-05, 'rho_d': 1000.0, 'nu': 2, 'sigma': 0.0}. Best is trial 124 with value: 0.06688291080387679.
[I 2026-08-16 17:18:24,307] Trial 131 finished with value: 0.07524826480078155 and parameters: {'rho_e': 0.4155647424022909, 'rho_d': 1000.0, 'nu': 36, 'sigma': 0.5383016719653315}. Best is trial 124 with value: 0.06688291080387679.
[I 2026-08-16 17:19:06,050] Trial 132 finished with value: 0.08870442758280257 and parameters: {'rho_e': 0.0008278966766043794, 'rho_d': 1000.0, 'nu': 36, 'sigma': 0.0}. Best is trial 124 with value: 0.06688291080387679.
[I 2026-08-16 17:19:48,394] Trial 133 finished with value: 0.06699034590169706 and parameters: {'rho_e': 0.5059283167822933, 'rho_d': 55.57279589194846, 'nu': 2, 'sigma': 0.24308690910206254}. Best is trial 124 with value: 0.06688291080387679.
[I 2026-08-16 17:20:32,472] Trial 134 finished with value: 0.07962146184797173 and parameters: {'rho_e': 0.003610876506779199, 'rho_d': 1e-05, 'nu': 20, 'sigma': 0.24596721813099418}. Best is trial 124 with value: 0.06688291080387679.
[I 2026-08-16 17:21:16,516] Trial 135 finished with value: 0.08001019198267903 and parameters: {'rho_e': 0.006960897902492546, 'rho_d': 0.02438487110387175, 'nu': 36, 'sigma': 0.0}. Best is trial 124 with value: 0.06688291080387679.
[I 2026-08-16 17:22:01,057] Trial 136 finished with value: 0.09084720709800398 and parameters: {'rho_e': 0.00016865220308621712, 'rho_d': 1000.0, 'nu': 36, 'sigma': 1.0}. Best is trial 124 with value: 0.06688291080387679.
[I 2026-08-16 17:22:42,797] Trial 137 finished with value: 0.08973120802239656 and parameters: {'rho_e': 1000.0, 'rho_d': 0.0005722128225185016, 'nu': 2, 'sigma': 1.0}. Best is trial 124 with value: 0.06688291080387679.
[I 2026-08-16 17:23:21,819] Trial 138 finished with value: 0.0663793105029089 and parameters: {'rho_e': 0.5694022545425571, 'rho_d': 79.2063402447829, 'nu': 2, 'sigma': 0.23519505212447292}. Best is trial 138 with value: 0.0663793105029089.
[I 2026-08-16 17:24:00,053] Trial 139 finished with value: 0.06701494212400835 and parameters: {'rho_e': 0.6193489192225844, 'rho_d': 145.40906712261648, 'nu': 2, 'sigma': 0.22865958966119412}. Best is trial 138 with value: 0.0663793105029089.
[I 2026-08-16 17:24:39,053] Trial 140 finished with value: 0.08868765294115788 and parameters: {'rho_e': 0.004238669304957943, 'rho_d': 1000.0, 'nu': 2, 'sigma': 0.0}. Best is trial 138 with value: 0.0663793105029089.
[I 2026-08-16 17:25:17,540] Trial 141 finished with value: 0.08376769086008909 and parameters: {'rho_e': 1e-05, 'rho_d': 0.004378329486881121, 'nu': 36, 'sigma': 0.6471928534191883}. Best is trial 138 with value: 0.0663793105029089.
[I 2026-08-16 17:25:57,760] Trial 142 finished with value: 0.07948848396987274 and parameters: {'rho_e': 1e-05, 'rho_d': 0.0013881729999499373, 'nu': 2, 'sigma': 0.2753582448486118}. Best is trial 138 with value: 0.0663793105029089.
[I 2026-08-16 17:26:39,838] Trial 143 finished with value: 0.08106486721695923 and parameters: {'rho_e': 1e-05, 'rho_d': 1e-05, 'nu': 2, 'sigma': 0.0}. Best is trial 138 with value: 0.0663793105029089.
[I 2026-08-16 17:27:25,130] Trial 144 finished with value: 0.0778629518298159 and parameters: {'rho_e': 1.2176758616233843, 'rho_d': 1000.0, 'nu': 2, 'sigma': 0.5688971296013156}. Best is trial 138 with value: 0.0663793105029089.
[I 2026-08-16 17:28:09,459] Trial 145 finished with value: 0.07323226240858287 and parameters: {'rho_e': 1.1781312600511429, 'rho_d': 161.9486698591244, 'nu': 36, 'sigma': 0.08591253730561317}. Best is trial 138 with value: 0.0663793105029089.
[I 2026-08-16 17:28:54,322] Trial 146 finished with value: 0.0817780907340747 and parameters: {'rho_e': 1e-05, 'rho_d': 0.5158306670135937, 'nu': 2, 'sigma': 0.0}. Best is trial 138 with value: 0.0663793105029089.
[I 2026-08-16 17:29:36,099] Trial 147 finished with value: 0.08829407428365924 and parameters: {'rho_e': 0.04188975709868593, 'rho_d': 1000.0, 'nu': 36, 'sigma': 1.0}. Best is trial 138 with value: 0.0663793105029089.
[I 2026-08-16 17:30:19,746] Trial 148 finished with value: 0.08535288139029686 and parameters: {'rho_e': 0.05410411029956204, 'rho_d': 1000.0, 'nu': 36, 'sigma': 0.0}. Best is trial 138 with value: 0.0663793105029089.
[I 2026-08-16 17:31:00,668] Trial 149 finished with value: 0.08946659389006298 and parameters: {'rho_e': 8.966307686336561, 'rho_d': 1e-05, 'nu': 2, 'sigma': 1.0}. Best is trial 138 with value: 0.0663793105029089.
[I 2026-08-16 17:31:42,757] Trial 150 finished with value: 0.07637052894717264 and parameters: {'rho_e': 0.010553748027248643, 'rho_d': 0.05907664640476812, 'nu': 2, 'sigma': 0.0}. Best is trial 138 with value: 0.0663793105029089.
[I 2026-08-16 17:32:23,868] Trial 151 finished with value: 0.06716213843808658 and parameters: {'rho_e': 0.42421674615464855, 'rho_d': 91.38768796724162, 'nu': 2, 'sigma': 0.23223241813103546}. Best is trial 138 with value: 0.0663793105029089.
[I 2026-08-16 17:33:04,551] Trial 152 finished with value: 0.0730149662055098 and parameters: {'rho_e': 0.08851414861631322, 'rho_d': 4.6170028744731875, 'nu': 2, 'sigma': 0.2732832483579644}. Best is trial 138 with value: 0.0663793105029089.
[I 2026-08-16 17:33:46,080] Trial 153 finished with value: 0.08751133079955302 and parameters: {'rho_e': 0.00019439744878613487, 'rho_d': 1000.0, 'nu': 36, 'sigma': 0.4956514205084406}. Best is trial 138 with value: 0.0663793105029089.
[I 2026-08-16 17:34:31,263] Trial 154 finished with value: 0.08145775613973076 and parameters: {'rho_e': 0.00018821981917206693, 'rho_d': 0.0027486465688463615, 'nu': 36, 'sigma': 0.0}. Best is trial 138 with value: 0.0663793105029089.
[I 2026-08-16 17:35:15,465] Trial 155 finished with value: 0.08730856006293664 and parameters: {'rho_e': 0.008521464902395146, 'rho_d': 1e-05, 'nu': 2, 'sigma': 0.44506492683025684}. Best is trial 138 with value: 0.0663793105029089.
[I 2026-08-16 17:35:59,422] Trial 156 finished with value: 0.08628974196292018 and parameters: {'rho_e': 0.0012916238181773306, 'rho_d': 1e-05, 'nu': 36, 'sigma': 1.0}. Best is trial 138 with value: 0.0663793105029089.
[I 2026-08-16 17:36:39,240] Trial 157 finished with value: 0.07305850605741754 and parameters: {'rho_e': 0.6510937301821966, 'rho_d': 1000.0, 'nu': 2, 'sigma': 0.06752194338351483}. Best is trial 138 with value: 0.0663793105029089.
[I 2026-08-16 17:37:19,167] Trial 158 finished with value: 0.07880522980515739 and parameters: {'rho_e': 0.01449842829861403, 'rho_d': 0.008530630921816525, 'nu': 36, 'sigma': 0.3791339226604192}. Best is trial 138 with value: 0.0663793105029089.
[I 2026-08-16 17:38:00,221] Trial 159 finished with value: 0.08129101418546639 and parameters: {'rho_e': 1e-05, 'rho_d': 0.49072283469303085, 'nu': 36, 'sigma': 0.0}. Best is trial 138 with value: 0.0663793105029089.
[I 2026-08-16 17:38:41,620] Trial 160 finished with value: 0.0897157354813638 and parameters: {'rho_e': 82.0627820091189, 'rho_d': 0.32055813235878344, 'nu': 2, 'sigma': 0.9999999999999999}. Best is trial 138 with value: 0.0663793105029089.
[I 2026-08-16 17:39:23,253] Trial 161 finished with value: 0.07925392269796297 and parameters: {'rho_e': 3.421070983439957e-05, 'rho_d': 1e-05, 'nu': 19, 'sigma': 0.20047413614218657}. Best is trial 138 with value: 0.0663793105029089.
[I 2026-08-16 17:40:03,813] Trial 162 finished with value: 0.08565973728787679 and parameters: {'rho_e': 1e-05, 'rho_d': 0.0699004880301709, 'nu': 36, 'sigma': 1.0}. Best is trial 138 with value: 0.0663793105029089.
[I 2026-08-16 17:40:45,338] Trial 163 finished with value: 0.08071470613847961 and parameters: {'rho_e': 0.004261965754074672, 'rho_d': 0.00046798630420785274, 'nu': 18, 'sigma': 0.0}. Best is trial 138 with value: 0.0663793105029089.
[I 2026-08-16 17:41:30,034] Trial 164 finished with value: 0.09084720709800398 and parameters: {'rho_e': 1e-05, 'rho_d': 1000.0, 'nu': 36, 'sigma': 1.0}. Best is trial 138 with value: 0.0663793105029089.
[I 2026-08-16 17:42:14,357] Trial 165 finished with value: 0.08009649679119109 and parameters: {'rho_e': 0.00793118752526555, 'rho_d': 1e-05, 'nu': 36, 'sigma': 0.0}. Best is trial 138 with value: 0.0663793105029089.
[I 2026-08-16 17:42:59,188] Trial 166 finished with value: 0.09855790200120318 and parameters: {'rho_e': 1000.0, 'rho_d': 1e-05, 'nu': 36, 'sigma': 1.0}. Best is trial 138 with value: 0.0663793105029089.
[I 2026-08-16 17:43:41,219] Trial 167 finished with value: 0.08113858636303906 and parameters: {'rho_e': 0.0020939734141222533, 'rho_d': 1e-05, 'nu': 36, 'sigma': 0.4566417906149889}. Best is trial 138 with value: 0.0663793105029089.
[I 2026-08-16 17:44:24,127] Trial 168 finished with value: 0.07277852197114616 and parameters: {'rho_e': 1.569339410565723, 'rho_d': 1000.0, 'nu': 27, 'sigma': 0.683547873348955}. Best is trial 138 with value: 0.0663793105029089.
[I 2026-08-16 17:45:05,389] Trial 169 finished with value: 0.07239325924488664 and parameters: {'rho_e': 3.05940556535334, 'rho_d': 1000.0, 'nu': 36, 'sigma': 1.0}. Best is trial 138 with value: 0.0663793105029089.
[I 2026-08-16 17:45:47,305] Trial 170 finished with value: 0.07493048203312325 and parameters: {'rho_e': 0.02201710132287873, 'rho_d': 0.13839657470897115, 'nu': 2, 'sigma': 0.3023085893357483}. Best is trial 138 with value: 0.0663793105029089.
[I 2026-08-16 17:46:28,315] Trial 171 finished with value: 0.06821761159512141 and parameters: {'rho_e': 0.3690809149801387, 'rho_d': 36.225275371189134, 'nu': 2, 'sigma': 0.2863751123049839}. Best is trial 138 with value: 0.0663793105029089.
[I 2026-08-16 17:47:08,912] Trial 172 finished with value: 0.0808272306945085 and parameters: {'rho_e': 0.0006524879283528137, 'rho_d': 0.002438868956141354, 'nu': 36, 'sigma': 0.4402897658553295}. Best is trial 138 with value: 0.0663793105029089.
[I 2026-08-16 17:47:50,812] Trial 173 finished with value: 0.08542250493920087 and parameters: {'rho_e': 8.171946119332032e-05, 'rho_d': 1e-05, 'nu': 2, 'sigma': 0.38229064109385696}. Best is trial 138 with value: 0.0663793105029089.
[I 2026-08-16 17:48:36,039] Trial 174 finished with value: 0.07205934083372958 and parameters: {'rho_e': 1.6797401836082173, 'rho_d': 1000.0, 'nu': 36, 'sigma': 0.8145686575787351}. Best is trial 138 with value: 0.0663793105029089.
[I 2026-08-16 17:49:19,306] Trial 175 finished with value: 0.07298535998956236 and parameters: {'rho_e': 0.17284291724109993, 'rho_d': 16.450715590779645, 'nu': 36, 'sigma': 0.223624406929443}. Best is trial 138 with value: 0.0663793105029089.
[I 2026-08-16 17:50:00,916] Trial 176 finished with value: 0.08384007398316311 and parameters: {'rho_e': 23.06775569253222, 'rho_d': 1000.0, 'nu': 36, 'sigma': 1.0}. Best is trial 138 with value: 0.0663793105029089.
[I 2026-08-16 17:50:40,073] Trial 177 finished with value: 0.07133263206717375 and parameters: {'rho_e': 0.26594686303518333, 'rho_d': 41.09538173287222, 'nu': 36, 'sigma': 0.46208112971095194}. Best is trial 138 with value: 0.0663793105029089.
[I 2026-08-16 17:51:22,987] Trial 178 finished with value: 0.07001238472581903 and parameters: {'rho_e': 1.1055759790004667, 'rho_d': 206.36726200879232, 'nu': 36, 'sigma': 0.42529790448565624}. Best is trial 138 with value: 0.0663793105029089.
[I 2026-08-16 17:52:04,905] Trial 179 finished with value: 0.07008771846137951 and parameters: {'rho_e': 3.165644390386581, 'rho_d': 1000.0, 'nu': 36, 'sigma': 0.48793587672080385}. Best is trial 138 with value: 0.0663793105029089.
[I 2026-08-16 17:52:46,106] Trial 180 finished with value: 0.07044373642504848 and parameters: {'rho_e': 1.9341027163715878, 'rho_d': 568.0150575127001, 'nu': 24, 'sigma': 0.35494745638843483}. Best is trial 138 with value: 0.0663793105029089.
[I 2026-08-16 17:53:28,158] Trial 181 finished with value: 0.07902223639132899 and parameters: {'rho_e': 1e-05, 'rho_d': 0.00036460173699181826, 'nu': 36, 'sigma': 0.160197930373758}. Best is trial 138 with value: 0.0663793105029089.
[I 2026-08-16 17:54:07,911] Trial 182 finished with value: 0.12970799085154994 and parameters: {'rho_e': 1000.0, 'rho_d': 1e-05, 'nu': 2, 'sigma': 0.0}. Best is trial 138 with value: 0.0663793105029089.
