[I 2026-08-16 14:03:30,443] Trial 88 finished with value: 0.09291450887189903 and parameters: {'rho_e': 20.05100372778324, 'rho_d': 240.04651052859904, 'nu': 32, 'sigma': 0.6632310659426867}. Best is trial 25 with value: 0.07626912088820964.
[I 2026-08-16 14:04:01,678] Trial 89 finished with value: 0.08744159969178653 and parameters: {'rho_e': 14.535026447759645, 'rho_d': 0.00019912265665459548, 'nu': 3, 'sigma': 0.6507498885502383}. Best is trial 25 with value: 0.07626912088820964.
[I 2026-08-16 14:04:32,837] Trial 90 finished with value: 0.0802253742218779 and parameters: {'rho_e': 0.28140290229323806, 'rho_d': 527.6607569870137, 'nu': 27, 'sigma': 0.2728631205517334}. Best is trial 25 with value: 0.07626912088820964.
[I 2026-08-16 14:05:03,941] Trial 91 finished with value: 0.10352354789196876 and parameters: {'rho_e': 5.485200242835515e-05, 'rho_d': 0.5105224667918634, 'nu': 7, 'sigma': 0.43595692900403227}. Best is trial 25 with value: 0.07626912088820964.
[I 2026-08-16 14:05:35,213] Trial 92 finished with value: 0.08795233401529193 and parameters: {'rho_e': 8.336341425228934e-05, 'rho_d': 0.0005794827126532159, 'nu': 29, 'sigma': 0.3821765731577653}. Best is trial 25 with value: 0.07626912088820964.
[I 2026-08-16 14:06:06,534] Trial 93 finished with value: 0.10024580047567266 and parameters: {'rho_e': 0.00038047924661825585, 'rho_d': 0.001078044841329357, 'nu': 9, 'sigma': 0.9819704824560707}. Best is trial 25 with value: 0.07626912088820964.
[I 2026-08-16 14:06:37,865] Trial 94 finished with value: 0.10334874237338948 and parameters: {'rho_e': 992.4492503377901, 'rho_d': 224.539692942945, 'nu': 23, 'sigma': 0.41514563562753076}. Best is trial 25 with value: 0.07626912088820964.
[I 2026-08-16 14:07:09,096] Trial 95 finished with value: 0.07573889512192683 and parameters: {'rho_e': 0.031764010262606016, 'rho_d': 0.0008756819049872257, 'nu': 14, 'sigma': 0.5301312561385396}. Best is trial 95 with value: 0.07573889512192683.
[I 2026-08-16 14:07:40,196] Trial 96 finished with value: 0.08659062472492154 and parameters: {'rho_e': 0.00022222847061875202, 'rho_d': 0.0001738050296441543, 'nu': 13, 'sigma': 0.025223925458757613}. Best is trial 95 with value: 0.07573889512192683.
[I 2026-08-16 14:08:11,450] Trial 97 finished with value: 0.0940281857962271 and parameters: {'rho_e': 29.574688674829023, 'rho_d': 2.855641724548162e-05, 'nu': 27, 'sigma': 0.8224464280175334}. Best is trial 95 with value: 0.07573889512192683.
[I 2026-08-16 14:08:42,746] Trial 98 finished with value: 0.09672125286167402 and parameters: {'rho_e': 0.00889875840901572, 'rho_d': 1.9427635266660284, 'nu': 18, 'sigma': 0.22802846369653387}. Best is trial 95 with value: 0.07573889512192683.
[I 2026-08-16 14:09:14,028] Trial 99 finished with value: 0.09839560718271666 and parameters: {'rho_e': 359.3652997994175, 'rho_d': 61.41717882969804, 'nu': 20, 'sigma': 0.5626303589657099}. Best is trial 95 with value: 0.07573889512192683.
[I 2026-08-16 14:09:47,015] Trial 100 finished with value: 0.07621197558254547 and parameters: {'rho_e': 1.6407592590291913, 'rho_d': 1000.0, 'nu': 36, 'sigma': 0.4770477721499439}. Best is trial 95 with value: 0.07573889512192683.
[I 2026-08-16 14:10:20,231] Trial 101 finished with value: 0.07540436692958116 and parameters: {'rho_e': 0.052232646260717, 'rho_d': 0.0015167356110559324, 'nu': 19, 'sigma': 0.6790208241012101}. Best is trial 101 with value: 0.07540436692958116.
[I 2026-08-16 14:10:55,152] Trial 102 finished with value: 0.07441299956983824 and parameters: {'rho_e': 0.0392780383200683, 'rho_d': 0.0009491332546573264, 'nu': 36, 'sigma': 0.6297355333021666}. Best is trial 102 with value: 0.07441299956983824.
[I 2026-08-16 14:11:30,087] Trial 103 finished with value: 0.07455126815134769 and parameters: {'rho_e': 0.02353485346247091, 'rho_d': 0.00027766501714789326, 'nu': 36, 'sigma': 0.31525116014989574}. Best is trial 102 with value: 0.07441299956983824.
[I 2026-08-16 14:12:04,895] Trial 104 finished with value: 0.07473586564908494 and parameters: {'rho_e': 0.03343837184986532, 'rho_d': 0.0008770598424159144, 'nu': 36, 'sigma': 0.44120203627683136}. Best is trial 102 with value: 0.07441299956983824.
[I 2026-08-16 14:12:39,715] Trial 105 finished with value: 0.0774136829272589 and parameters: {'rho_e': 0.9627322271593874, 'rho_d': 1000.0, 'nu': 36, 'sigma': 0.0}. Best is trial 102 with value: 0.07441299956983824.
[I 2026-08-16 14:13:14,353] Trial 106 finished with value: 0.07620523546335276 and parameters: {'rho_e': 0.01842044574314795, 'rho_d': 1.726766615904168e-05, 'nu': 36, 'sigma': 0.0}. Best is trial 102 with value: 0.07441299956983824.
[I 2026-08-16 14:13:49,244] Trial 107 finished with value: 0.07799970636186153 and parameters: {'rho_e': 0.013665980156818573, 'rho_d': 0.00013173732244808488, 'nu': 36, 'sigma': 0.0}. Best is trial 102 with value: 0.07441299956983824.
[I 2026-08-16 14:14:24,142] Trial 108 finished with value: 0.07455142589595742 and parameters: {'rho_e': 0.03338487626705551, 'rho_d': 7.360295371605733e-05, 'nu': 36, 'sigma': 0.37591356728193365}. Best is trial 102 with value: 0.07441299956983824.
[I 2026-08-16 14:14:59,037] Trial 109 finished with value: 0.07424165713479772 and parameters: {'rho_e': 0.03181247564822944, 'rho_d': 0.0002865615934132396, 'nu': 36, 'sigma': 0.5054829818220153}. Best is trial 109 with value: 0.07424165713479772.
[I 2026-08-16 14:15:33,945] Trial 110 finished with value: 0.07585304885633186 and parameters: {'rho_e': 0.04781405464258163, 'rho_d': 1e-05, 'nu': 36, 'sigma': 0.30068858252914754}. Best is trial 109 with value: 0.07424165713479772.
[I 2026-08-16 14:16:08,639] Trial 111 finished with value: 0.07536481447576493 and parameters: {'rho_e': 0.03920470367131682, 'rho_d': 1e-05, 'nu': 2, 'sigma': 0.08966824208970148}. Best is trial 109 with value: 0.07424165713479772.
[I 2026-08-16 14:16:43,501] Trial 112 finished with value: 0.074549109780812 and parameters: {'rho_e': 0.03784925605770395, 'rho_d': 0.0002630313356121275, 'nu': 36, 'sigma': 0.43182104070974897}. Best is trial 109 with value: 0.07424165713479772.
[I 2026-08-16 14:17:18,380] Trial 113 finished with value: 0.0748346938638034 and parameters: {'rho_e': 0.02359665158674028, 'rho_d': 0.000313153814695041, 'nu': 36, 'sigma': 0.4832463157009488}. Best is trial 109 with value: 0.07424165713479772.
[I 2026-08-16 14:17:53,320] Trial 114 finished with value: 0.074670256327458 and parameters: {'rho_e': 0.040309597732644475, 'rho_d': 2.9965060686900257e-05, 'nu': 22, 'sigma': 0.20548720212611168}. Best is trial 109 with value: 0.07424165713479772.
[I 2026-08-16 14:18:28,236] Trial 115 finished with value: 0.09055796733560567 and parameters: {'rho_e': 1000.0, 'rho_d': 4.680956895059347e-05, 'nu': 2, 'sigma': 1.0}. Best is trial 109 with value: 0.07424165713479772.
[I 2026-08-16 14:19:03,022] Trial 116 finished with value: 0.07404431891691794 and parameters: {'rho_e': 0.9428475018912208, 'rho_d': 228.5301783757808, 'nu': 36, 'sigma': 0.38937832136641454}. Best is trial 116 with value: 0.07404431891691794.
[I 2026-08-16 14:19:37,904] Trial 117 finished with value: 0.07471883627445637 and parameters: {'rho_e': 1.088620324513705, 'rho_d': 255.7796989097045, 'nu': 36, 'sigma': 0.5498785955976631}. Best is trial 116 with value: 0.07404431891691794.
[I 2026-08-16 14:20:12,802] Trial 118 finished with value: 0.07466948729070355 and parameters: {'rho_e': 1.0510207086775123, 'rho_d': 313.56259033485065, 'nu': 36, 'sigma': 0.30617570433983005}. Best is trial 116 with value: 0.07404431891691794.
[I 2026-08-16 14:20:46,964] Trial 119 finished with value: 0.07354522401963196 and parameters: {'rho_e': 0.4992455471509538, 'rho_d': 94.71233241644617, 'nu': 36, 'sigma': 0.3534250886908859}. Best is trial 119 with value: 0.07354522401963196.
[I 2026-08-16 14:21:21,019] Trial 120 finished with value: 0.07384521005590225 and parameters: {'rho_e': 0.4578316174675635, 'rho_d': 93.93192111159107, 'nu': 36, 'sigma': 0.08803690635420308}. Best is trial 119 with value: 0.07354522401963196.
[I 2026-08-16 14:21:55,962] Trial 121 finished with value: 0.07359548669225938 and parameters: {'rho_e': 0.5363879513047415, 'rho_d': 111.66020094952485, 'nu': 36, 'sigma': 0.25060644448811403}. Best is trial 119 with value: 0.07354522401963196.
[I 2026-08-16 14:22:30,714] Trial 122 finished with value: 0.07337852369864847 and parameters: {'rho_e': 0.37230882083238326, 'rho_d': 60.090026815158794, 'nu': 2, 'sigma': 0.0}. Best is trial 122 with value: 0.07337852369864847.
[I 2026-08-16 14:23:05,641] Trial 123 finished with value: 0.07300841972112251 and parameters: {'rho_e': 0.4177016856945835, 'rho_d': 65.64312756186719, 'nu': 16, 'sigma': 0.16312219739996714}. Best is trial 123 with value: 0.07300841972112251.
[I 2026-08-16 14:23:40,566] Trial 124 finished with value: 0.07376558735836884 and parameters: {'rho_e': 0.49661545696820797, 'rho_d': 107.58436097505539, 'nu': 12, 'sigma': 0.025553028505808543}. Best is trial 123 with value: 0.07300841972112251.
[I 2026-08-16 14:24:15,454] Trial 125 finished with value: 0.07388431587524409 and parameters: {'rho_e': 0.3494672077676978, 'rho_d': 43.2886510183275, 'nu': 2, 'sigma': 0.20838929534732542}. Best is trial 123 with value: 0.07300841972112251.
[I 2026-08-16 14:24:50,472] Trial 126 finished with value: 0.07376451680657711 and parameters: {'rho_e': 0.3087085305601816, 'rho_d': 54.00456103636379, 'nu': 16, 'sigma': 0.07875670982413933}. Best is trial 123 with value: 0.07300841972112251.
[I 2026-08-16 14:25:25,128] Trial 127 finished with value: 0.07375597757218705 and parameters: {'rho_e': 0.5166400271603737, 'rho_d': 42.22962017663231, 'nu': 12, 'sigma': 0.07152900240727839}. Best is trial 123 with value: 0.07300841972112251.
[I 2026-08-16 14:26:00,048] Trial 128 finished with value: 0.0905363631739797 and parameters: {'rho_e': 211.29984848348755, 'rho_d': 0.066685126548614, 'nu': 2, 'sigma': 1.0}. Best is trial 123 with value: 0.07300841972112251.
[I 2026-08-16 14:26:34,899] Trial 129 finished with value: 0.07739250809532991 and parameters: {'rho_e': 4.163602277466179, 'rho_d': 999.999999999998, 'nu': 36, 'sigma': 1.0}. Best is trial 123 with value: 0.07300841972112251.
[I 2026-08-16 14:27:09,837] Trial 130 finished with value: 0.07304371356222067 and parameters: {'rho_e': 0.5066797030154577, 'rho_d': 77.80396387045862, 'nu': 18, 'sigma': 0.22277269380760176}. Best is trial 123 with value: 0.07300841972112251.
[I 2026-08-16 14:27:44,834] Trial 131 finished with value: 0.08640503974459547 and parameters: {'rho_e': 1e-05, 'rho_d': 1e-05, 'nu': 36, 'sigma': 0.0}. Best is trial 123 with value: 0.07300841972112251.
[I 2026-08-16 14:28:19,559] Trial 132 finished with value: 0.07508939941362949 and parameters: {'rho_e': 0.04729868687962245, 'rho_d': 0.0006724055143333295, 'nu': 36, 'sigma': 0.9999999999999999}. Best is trial 123 with value: 0.07300841972112251.
[I 2026-08-16 14:28:54,470] Trial 133 finished with value: 0.07239256028830193 and parameters: {'rho_e': 0.48043369517245277, 'rho_d': 74.18710071272152, 'nu': 2, 'sigma': 0.1373639325643219}. Best is trial 133 with value: 0.07239256028830193.
[I 2026-08-16 14:29:29,375] Trial 134 finished with value: 0.07377631888392967 and parameters: {'rho_e': 0.606786822367717, 'rho_d': 95.08247604748176, 'nu': 2, 'sigma': 0.20424817145919583}. Best is trial 133 with value: 0.07239256028830193.
[I 2026-08-16 14:30:04,346] Trial 135 finished with value: 0.09385282431060452 and parameters: {'rho_e': 1e-05, 'rho_d': 1000.0, 'nu': 2, 'sigma': 0.0}. Best is trial 133 with value: 0.07239256028830193.
[I 2026-08-16 14:30:39,143] Trial 136 finished with value: 0.08326268627295993 and parameters: {'rho_e': 0.07722903958003147, 'rho_d': 1e-05, 'nu': 36, 'sigma': 0.0}. Best is trial 133 with value: 0.07239256028830193.
[I 2026-08-16 14:31:13,891] Trial 137 finished with value: 0.07347143161583483 and parameters: {'rho_e': 0.023506737998788864, 'rho_d': 1e-05, 'nu': 2, 'sigma': 0.2950750976798018}. Best is trial 133 with value: 0.07239256028830193.
[I 2026-08-16 14:31:48,630] Trial 138 finished with value: 0.08359875766245714 and parameters: {'rho_e': 0.006265229413141828, 'rho_d': 1e-05, 'nu': 2, 'sigma': 0.0}. Best is trial 133 with value: 0.07239256028830193.
[I 2026-08-16 14:32:23,567] Trial 139 finished with value: 0.07170242151106455 and parameters: {'rho_e': 0.04763452025227917, 'rho_d': 1e-05, 'nu': 2, 'sigma': 0.3976250278896182}. Best is trial 139 with value: 0.07170242151106455.
[I 2026-08-16 14:32:58,556] Trial 140 finished with value: 0.07211010282236016 and parameters: {'rho_e': 0.05447474486115126, 'rho_d': 1e-05, 'nu': 2, 'sigma': 0.417463664959341}. Best is trial 139 with value: 0.07170242151106455.
[I 2026-08-16 14:33:33,349] Trial 141 finished with value: 0.07162830287229127 and parameters: {'rho_e': 0.045333342246417975, 'rho_d': 1.7327933059802336e-05, 'nu': 2, 'sigma': 0.3721178747671579}. Best is trial 141 with value: 0.07162830287229127.
[I 2026-08-16 14:34:08,236] Trial 142 finished with value: 0.07173023499118467 and parameters: {'rho_e': 0.044647829168311864, 'rho_d': 1.5573624981295227e-05, 'nu': 2, 'sigma': 0.36678586968847793}. Best is trial 141 with value: 0.07162830287229127.
[I 2026-08-16 14:34:43,014] Trial 143 finished with value: 0.07183406356325278 and parameters: {'rho_e': 0.04416215389867482, 'rho_d': 1.3977133384892987e-05, 'nu': 2, 'sigma': 0.35981108609867946}. Best is trial 141 with value: 0.07162830287229127.
[I 2026-08-16 14:35:17,918] Trial 144 finished with value: 0.07211516150757295 and parameters: {'rho_e': 0.054006328955797205, 'rho_d': 2.153295572403467e-05, 'nu': 2, 'sigma': 0.414158071129546}. Best is trial 141 with value: 0.07162830287229127.
[I 2026-08-16 14:35:52,773] Trial 145 finished with value: 0.07191112753463258 and parameters: {'rho_e': 0.041385718284576684, 'rho_d': 1.3923373605376017e-05, 'nu': 2, 'sigma': 0.4089013845059542}. Best is trial 141 with value: 0.07162830287229127.
[I 2026-08-16 14:36:27,785] Trial 146 finished with value: 0.0716994420583954 and parameters: {'rho_e': 0.04776302470994472, 'rho_d': 1.2789064004372839e-05, 'nu': 2, 'sigma': 0.3472052181320604}. Best is trial 141 with value: 0.07162830287229127.
[I 2026-08-16 14:37:02,597] Trial 147 finished with value: 0.07172950704614812 and parameters: {'rho_e': 0.04681072770993158, 'rho_d': 1.2953645315276868e-05, 'nu': 2, 'sigma': 0.3493039508282953}. Best is trial 141 with value: 0.07162830287229127.
[I 2026-08-16 14:37:37,747] Trial 148 finished with value: 0.07196487105451282 and parameters: {'rho_e': 0.042476227602370666, 'rho_d': 1.6294471445544286e-05, 'nu': 2, 'sigma': 0.3472504179736935}. Best is trial 141 with value: 0.07162830287229127.
[I 2026-08-16 14:38:12,665] Trial 149 finished with value: 0.07188160449179917 and parameters: {'rho_e': 0.04532959773987621, 'rho_d': 1e-05, 'nu': 2, 'sigma': 0.35257084341143813}. Best is trial 141 with value: 0.07162830287229127.
[I 2026-08-16 14:38:47,610] Trial 150 finished with value: 0.07313272010856564 and parameters: {'rho_e': 0.04196761559075248, 'rho_d': 1.3460077713858149e-05, 'nu': 9, 'sigma': 0.3838328299386686}. Best is trial 141 with value: 0.07162830287229127.
[I 2026-08-16 14:39:22,620] Trial 151 finished with value: 0.07147797371791542 and parameters: {'rho_e': 0.046930161313919715, 'rho_d': 5.87529909261021e-05, 'nu': 2, 'sigma': 0.33013492852122833}. Best is trial 151 with value: 0.07147797371791542.
[I 2026-08-16 14:39:57,417] Trial 152 finished with value: 0.07188044178712914 and parameters: {'rho_e': 0.050229603907689276, 'rho_d': 0.00011994973252304382, 'nu': 2, 'sigma': 0.3203571801699189}. Best is trial 151 with value: 0.07147797371791542.
[I 2026-08-16 14:40:32,093] Trial 153 finished with value: 0.07162193391247829 and parameters: {'rho_e': 0.04659775499531109, 'rho_d': 4.891636672475049e-05, 'nu': 2, 'sigma': 0.3120234033460331}. Best is trial 151 with value: 0.07147797371791542.
[I 2026-08-16 14:41:07,022] Trial 154 finished with value: 0.07188469676051042 and parameters: {'rho_e': 0.043393991048291496, 'rho_d': 6.832965764517833e-05, 'nu': 2, 'sigma': 0.3672676936936382}. Best is trial 151 with value: 0.07147797371791542.
[I 2026-08-16 14:41:41,972] Trial 155 finished with value: 0.07277935010657305 and parameters: {'rho_e': 0.05672307188434976, 'rho_d': 5.423938261232491e-05, 'nu': 2, 'sigma': 0.32089056894099527}. Best is trial 151 with value: 0.07147797371791542.
[I 2026-08-16 14:42:16,886] Trial 156 finished with value: 0.071654707207813 and parameters: {'rho_e': 0.03690219129269583, 'rho_d': 6.276291010009883e-05, 'nu': 2, 'sigma': 0.3142774042471812}. Best is trial 151 with value: 0.07147797371791542.
[I 2026-08-16 14:42:51,836] Trial 157 finished with value: 0.07274128332479275 and parameters: {'rho_e': 0.04145723144107927, 'rho_d': 0.00032498071330665137, 'nu': 2, 'sigma': 0.24065719072236844}. Best is trial 151 with value: 0.07147797371791542.
[I 2026-08-16 14:43:26,567] Trial 158 finished with value: 0.07178698845957922 and parameters: {'rho_e': 0.03769940607170173, 'rho_d': 0.00010371206473571932, 'nu': 2, 'sigma': 0.31835951421911457}. Best is trial 151 with value: 0.07147797371791542.
[I 2026-08-16 14:44:01,507] Trial 159 finished with value: 0.08640426635574477 and parameters: {'rho_e': 0.0002366599999673381, 'rho_d': 1e-05, 'nu': 36, 'sigma': 0.0}. Best is trial 151 with value: 0.07147797371791542.
[I 2026-08-16 14:44:36,425] Trial 160 finished with value: 0.07815514787073449 and parameters: {'rho_e': 0.03952539232063021, 'rho_d': 0.0028121228399340882, 'nu': 2, 'sigma': 0.0}. Best is trial 151 with value: 0.07147797371791542.
[I 2026-08-16 14:45:11,261] Trial 161 finished with value: 0.07723209046955277 and parameters: {'rho_e': 0.09751660108448477, 'rho_d': 1e-05, 'nu': 36, 'sigma': 1.0}. Best is trial 151 with value: 0.07147797371791542.
[I 2026-08-16 14:45:46,206] Trial 162 finished with value: 0.07229924197406495 and parameters: {'rho_e': 0.06859532269416939, 'rho_d': 0.0008770805245001596, 'nu': 2, 'sigma': 0.36959890100611287}. Best is trial 151 with value: 0.07147797371791542.
[I 2026-08-16 14:46:20,999] Trial 163 finished with value: 0.09161200230101617 and parameters: {'rho_e': 1e-05, 'rho_d': 1e-05, 'nu': 36, 'sigma': 1.0}. Best is trial 151 with value: 0.07147797371791542.
[I 2026-08-16 14:46:55,734] Trial 164 finished with value: 0.07177708429407142 and parameters: {'rho_e': 0.03775544650240696, 'rho_d': 3.66933091893545e-05, 'nu': 2, 'sigma': 0.318378497200627}. Best is trial 151 with value: 0.07147797371791542.
[I 2026-08-16 14:47:30,593] Trial 165 finished with value: 0.07176688007580748 and parameters: {'rho_e': 0.05177361302774823, 'rho_d': 0.00027371650110393674, 'nu': 2, 'sigma': 0.405976721453213}. Best is trial 151 with value: 0.07147797371791542.
[I 2026-08-16 14:48:05,487] Trial 166 finished with value: 0.07174800169857692 and parameters: {'rho_e': 0.05529726893460175, 'rho_d': 0.00032098358087721997, 'nu': 2, 'sigma': 0.3820494334442104}. Best is trial 151 with value: 0.07147797371791542.
[I 2026-08-16 14:48:40,366] Trial 167 finished with value: 0.0809227524762621 and parameters: {'rho_e': 0.10578112639747415, 'rho_d': 1e-05, 'nu': 2, 'sigma': 0.9999999999999999}. Best is trial 151 with value: 0.07147797371791542.
[I 2026-08-16 14:49:15,295] Trial 168 finished with value: 0.0716620280035778 and parameters: {'rho_e': 0.04269674575353695, 'rho_d': 0.00015020810225610263, 'nu': 2, 'sigma': 0.37684750670600703}. Best is trial 151 with value: 0.07147797371791542.
[I 2026-08-16 14:49:49,244] Trial 169 finished with value: 0.07613042913580759 and parameters: {'rho_e': 0.7390215255986436, 'rho_d': 101.90027941693293, 'nu': 36, 'sigma': 1.0}. Best is trial 151 with value: 0.07147797371791542.
[I 2026-08-16 14:50:24,170] Trial 170 finished with value: 0.07170855360892837 and parameters: {'rho_e': 0.042922260949486556, 'rho_d': 0.00016625620275381023, 'nu': 2, 'sigma': 0.3709595253339768}. Best is trial 151 with value: 0.07147797371791542.
[I 2026-08-16 14:50:59,143] Trial 171 finished with value: 0.07229518151559189 and parameters: {'rho_e': 0.061015753904639695, 'rho_d': 0.0005102348239219578, 'nu': 2, 'sigma': 0.48446967196517077}. Best is trial 151 with value: 0.07147797371791542.
[I 2026-08-16 14:51:34,059] Trial 172 finished with value: 0.07426883794988332 and parameters: {'rho_e': 2.639516196473584, 'rho_d': 999.999999999998, 'nu': 2, 'sigma': 0.0}. Best is trial 151 with value: 0.07147797371791542.
[I 2026-08-16 14:52:08,998] Trial 173 finished with value: 0.0774164609961869 and parameters: {'rho_e': 0.9614760817635768, 'rho_d': 1000.0, 'nu': 2, 'sigma': 0.0}. Best is trial 151 with value: 0.07147797371791542.
[I 2026-08-16 14:52:43,692] Trial 174 finished with value: 0.07342957298700994 and parameters: {'rho_e': 4.5583095264654325, 'rho_d': 1000.0, 'nu': 36, 'sigma': 0.0}. Best is trial 151 with value: 0.07147797371791542.
[I 2026-08-16 14:53:18,653] Trial 175 finished with value: 0.07376585468756103 and parameters: {'rho_e': 4.246629120580847, 'rho_d': 1000.0, 'nu': 25, 'sigma': 0.22223098755075177}. Best is trial 151 with value: 0.07147797371791542.
[I 2026-08-16 14:53:53,560] Trial 176 finished with value: 0.07418838693520052 and parameters: {'rho_e': 8.21615025595005, 'rho_d': 1000.0, 'nu': 2, 'sigma': 0.0}. Best is trial 151 with value: 0.07147797371791542.
[I 2026-08-16 14:54:28,450] Trial 177 finished with value: 0.09057033820147035 and parameters: {'rho_e': 1000.0, 'rho_d': 4.458433208932355, 'nu': 2, 'sigma': 0.9999999999999999}. Best is trial 151 with value: 0.07147797371791542.
[I 2026-08-16 14:55:03,361] Trial 178 finished with value: 0.09992177572562803 and parameters: {'rho_e': 1e-05, 'rho_d': 1000.0, 'nu': 36, 'sigma': 1.0}. Best is trial 151 with value: 0.07147797371791542.
