[I 2026-08-16 14:46:07,631] Trial 181 finished with value: 0.07311084637721968 and parameters: {'rho_e': 0.10788050184505533, 'rho_d': 9.057224403625275e-05, 'nu': 2, 'sigma': 0.5609527504898337}. Best is trial 126 with value: 0.0712814557673119.
[I 2026-08-16 14:47:00,540] Trial 182 finished with value: 0.07621998098332956 and parameters: {'rho_e': 1000.0, 'rho_d': 0.0004123006599263823, 'nu': 2, 'sigma': 0.7549007472418545}. Best is trial 126 with value: 0.0712814557673119.
[I 2026-08-16 14:47:53,334] Trial 183 finished with value: 0.07570470269473899 and parameters: {'rho_e': 5.964244972678253, 'rho_d': 1e-05, 'nu': 2, 'sigma': 0.7343860234853817}. Best is trial 126 with value: 0.0712814557673119.
[I 2026-08-16 14:48:46,228] Trial 184 finished with value: 0.07849226034570561 and parameters: {'rho_e': 1.1175854183139264, 'rho_d': 1e-05, 'nu': 2, 'sigma': 0.8724844411509419}. Best is trial 126 with value: 0.0712814557673119.
[I 2026-08-16 14:49:39,302] Trial 185 finished with value: 0.0754554454788494 and parameters: {'rho_e': 0.09482300630223692, 'rho_d': 0.04584455427229209, 'nu': 2, 'sigma': 0.31021679560581855}. Best is trial 126 with value: 0.0712814557673119.
[I 2026-08-16 14:50:32,126] Trial 186 finished with value: 0.0749962958155049 and parameters: {'rho_e': 0.1483258451932077, 'rho_d': 0.00010196829742086116, 'nu': 2, 'sigma': 0.7638163471855748}. Best is trial 126 with value: 0.0712814557673119.
[I 2026-08-16 14:51:24,860] Trial 187 finished with value: 0.0723575741181613 and parameters: {'rho_e': 0.03720506949184887, 'rho_d': 5.5381608570130525e-05, 'nu': 2, 'sigma': 0.2834764629276975}. Best is trial 126 with value: 0.0712814557673119.
[I 2026-08-16 14:52:17,758] Trial 188 finished with value: 0.07324373594098207 and parameters: {'rho_e': 0.053876304987901406, 'rho_d': 2.0073211870971795e-05, 'nu': 2, 'sigma': 0.5827163445163596}. Best is trial 126 with value: 0.0712814557673119.
[I 2026-08-16 14:53:10,918] Trial 189 finished with value: 0.07580368078278571 and parameters: {'rho_e': 0.008556255828937372, 'rho_d': 0.0002831739848029255, 'nu': 36, 'sigma': 0.0}. Best is trial 126 with value: 0.0712814557673119.
[I 2026-08-16 14:54:03,847] Trial 190 finished with value: 0.07557499473685814 and parameters: {'rho_e': 0.04559198273507482, 'rho_d': 0.0010529271405944755, 'nu': 21, 'sigma': 0.23705160130222688}. Best is trial 126 with value: 0.0712814557673119.
[I 2026-08-16 14:54:56,792] Trial 191 finished with value: 0.07200661253264834 and parameters: {'rho_e': 0.025000530665599777, 'rho_d': 1e-05, 'nu': 2, 'sigma': 0.20597177443867734}. Best is trial 126 with value: 0.0712814557673119.
[I 2026-08-16 14:55:49,702] Trial 192 finished with value: 0.07497130158571638 and parameters: {'rho_e': 0.0145069407676173, 'rho_d': 0.0013862539566699484, 'nu': 36, 'sigma': 0.44036723739468536}. Best is trial 126 with value: 0.0712814557673119.
[I 2026-08-16 14:56:42,475] Trial 193 finished with value: 0.07699106211162905 and parameters: {'rho_e': 1e-05, 'rho_d': 0.00010827981077975137, 'nu': 17, 'sigma': 0.15875017272885877}. Best is trial 126 with value: 0.0712814557673119.
[I 2026-08-16 14:57:35,445] Trial 194 finished with value: 0.10378016547993055 and parameters: {'rho_e': 1e-05, 'rho_d': 1000.0, 'nu': 36, 'sigma': 1.0}. Best is trial 126 with value: 0.0712814557673119.
[I 2026-08-16 14:58:28,311] Trial 195 finished with value: 0.07405577724114712 and parameters: {'rho_e': 0.03379546355720268, 'rho_d': 9.027991863457468e-05, 'nu': 36, 'sigma': 0.6030229780253453}. Best is trial 126 with value: 0.0712814557673119.
[I 2026-08-16 14:59:21,166] Trial 196 finished with value: 0.07691283532247781 and parameters: {'rho_e': 3.0508639236581017, 'rho_d': 0.0004892233730087759, 'nu': 2, 'sigma': 1.0}. Best is trial 126 with value: 0.0712814557673119.
[I 2026-08-16 15:00:13,995] Trial 197 finished with value: 0.07605049481569891 and parameters: {'rho_e': 430.2467278584885, 'rho_d': 0.6470966229759004, 'nu': 2, 'sigma': 0.7891741712238171}. Best is trial 126 with value: 0.0712814557673119.
[I 2026-08-16 15:01:06,829] Trial 198 finished with value: 0.0778100828272337 and parameters: {'rho_e': 0.0005745442110058027, 'rho_d': 1e-05, 'nu': 16, 'sigma': 0.27406423637304234}. Best is trial 126 with value: 0.0712814557673119.
[I 2026-08-16 15:02:00,003] Trial 199 finished with value: 0.08023245316105639 and parameters: {'rho_e': 6.191499045766013e-05, 'rho_d': 1e-05, 'nu': 36, 'sigma': 0.7537004881442623}. Best is trial 126 with value: 0.0712814557673119.
/home/gterren/dynamic_update/functional_forecast_dynamic_update/scripts/validate_zone_ffc_mpi.py:1094: FutureWarning: The behavior of DataFrame concatenation with empty or all-NA entries is deprecated. In a future version, this will no longer exclude empty or all-NA columns when determining the result dtypes. To retain the old behavior, exclude the relevant entries before the concat operation.
  results_df = pd.concat([results_df, prob_results], axis = 0, ignore_index=True)
