[I 2026-08-16 14:07:30,373] Trial 181 finished with value: 0.0711279934943158 and parameters: {'rho_e': 0.050852236417763784, 'rho_d': 9.591813514455775e-05, 'nu': 7, 'sigma': 0.5823872008048766}. Best is trial 180 with value: 0.07091948215084592.
[I 2026-08-16 14:08:07,918] Trial 182 finished with value: 0.07125966290885637 and parameters: {'rho_e': 0.06746795374609561, 'rho_d': 4.002150756724958e-05, 'nu': 7, 'sigma': 0.6010113503479394}. Best is trial 180 with value: 0.07091948215084592.
[I 2026-08-16 14:08:45,763] Trial 183 finished with value: 0.07140028821730303 and parameters: {'rho_e': 0.07011152006711066, 'rho_d': 9.176682854411968e-05, 'nu': 7, 'sigma': 0.6238522869475472}. Best is trial 180 with value: 0.07091948215084592.
[I 2026-08-16 14:09:23,921] Trial 184 finished with value: 0.07129963004215537 and parameters: {'rho_e': 0.04374109625978057, 'rho_d': 8.262710052746212e-05, 'nu': 7, 'sigma': 0.5101811360388125}. Best is trial 180 with value: 0.07091948215084592.
[I 2026-08-16 14:10:02,049] Trial 185 finished with value: 0.07746468345093954 and parameters: {'rho_e': 0.0001055311476919305, 'rho_d': 0.0012143951282674904, 'nu': 15, 'sigma': 0.0}. Best is trial 180 with value: 0.07091948215084592.
[I 2026-08-16 14:10:40,063] Trial 186 finished with value: 0.08093508532016842 and parameters: {'rho_e': 1e-05, 'rho_d': 0.00022059528269749895, 'nu': 23, 'sigma': 0.5923825475356335}. Best is trial 180 with value: 0.07091948215084592.
[I 2026-08-16 14:11:18,027] Trial 187 finished with value: 0.07662480530790633 and parameters: {'rho_e': 15.494828510637104, 'rho_d': 0.03101824034280637, 'nu': 2, 'sigma': 1.0}. Best is trial 180 with value: 0.07091948215084592.
[I 2026-08-16 14:11:55,877] Trial 188 finished with value: 0.07191926244892607 and parameters: {'rho_e': 0.03166794682312847, 'rho_d': 1e-05, 'nu': 8, 'sigma': 0.3279003390391541}. Best is trial 180 with value: 0.07091948215084592.
[I 2026-08-16 14:12:33,674] Trial 189 finished with value: 0.07153022731341499 and parameters: {'rho_e': 0.07641399944907437, 'rho_d': 1e-05, 'nu': 7, 'sigma': 0.5899687820705631}. Best is trial 180 with value: 0.07091948215084592.
[I 2026-08-16 14:13:11,300] Trial 190 finished with value: 0.07088039249922584 and parameters: {'rho_e': 0.054884898782401464, 'rho_d': 2.7028403527770222e-05, 'nu': 7, 'sigma': 0.5277285550965776}. Best is trial 190 with value: 0.07088039249922584.
[I 2026-08-16 14:13:48,785] Trial 191 finished with value: 0.07129256394191857 and parameters: {'rho_e': 0.056424611937619794, 'rho_d': 2.8438134668398833e-05, 'nu': 7, 'sigma': 0.5186029784869063}. Best is trial 190 with value: 0.07088039249922584.
[I 2026-08-16 14:14:26,327] Trial 192 finished with value: 0.07177301033890504 and parameters: {'rho_e': 0.04578729710652874, 'rho_d': 1.315870531069207e-05, 'nu': 8, 'sigma': 0.5681620179123934}. Best is trial 190 with value: 0.07088039249922584.
[I 2026-08-16 14:15:03,842] Trial 193 finished with value: 0.07137819451025082 and parameters: {'rho_e': 0.06408677341232807, 'rho_d': 4.6883915432088835e-05, 'nu': 7, 'sigma': 0.5414042889301983}. Best is trial 190 with value: 0.07088039249922584.
[I 2026-08-16 14:15:41,300] Trial 194 finished with value: 0.07678102185636745 and parameters: {'rho_e': 91.35352767148119, 'rho_d': 0.020988191453958072, 'nu': 2, 'sigma': 1.0}. Best is trial 190 with value: 0.07088039249922584.
[I 2026-08-16 14:16:18,756] Trial 195 finished with value: 0.07150092552208237 and parameters: {'rho_e': 0.030481267002026174, 'rho_d': 5.190899271041853e-05, 'nu': 6, 'sigma': 0.33331629364179904}. Best is trial 190 with value: 0.07088039249922584.
[I 2026-08-16 14:16:56,111] Trial 196 finished with value: 0.07981472035142446 and parameters: {'rho_e': 5.1023713117926664e-05, 'rho_d': 0.0005830079802142871, 'nu': 36, 'sigma': 0.6425513191257615}. Best is trial 190 with value: 0.07088039249922584.
[I 2026-08-16 14:17:33,848] Trial 197 finished with value: 0.07742259734757778 and parameters: {'rho_e': 1e-05, 'rho_d': 0.00349941279239292, 'nu': 36, 'sigma': 0.0}. Best is trial 190 with value: 0.07088039249922584.
[I 2026-08-16 14:18:11,202] Trial 198 finished with value: 0.0719926818246592 and parameters: {'rho_e': 0.06130919094031539, 'rho_d': 1e-05, 'nu': 7, 'sigma': 0.4492458906457895}. Best is trial 190 with value: 0.07088039249922584.
[I 2026-08-16 14:18:48,505] Trial 199 finished with value: 0.0768130452310811 and parameters: {'rho_e': 7.479184232638867, 'rho_d': 1e-05, 'nu': 11, 'sigma': 1.0}. Best is trial 190 with value: 0.07088039249922584.
/home/gterren/dynamic_update/functional_forecast_dynamic_update/scripts/validate_zone_ffc_mpi.py:1094: FutureWarning: The behavior of DataFrame concatenation with empty or all-NA entries is deprecated. In a future version, this will no longer exclude empty or all-NA columns when determining the result dtypes. To retain the old behavior, exclude the relevant entries before the concat operation.
  results_df = pd.concat([results_df, prob_results], axis = 0, ignore_index=True)
