[I 2026-08-17 02:14:37,301] Trial 180 finished with value: 0.0715051976915598 and parameters: {'rho_e': 0.026777818808607804, 'rho_d': 1e-05, 'nu': 2, 'sigma': 0.5573073415570048}. Best is trial 173 with value: 0.0715051976915598.
[I 2026-08-17 02:15:19,602] Trial 181 finished with value: 0.0715051976915598 and parameters: {'rho_e': 0.026777818808607804, 'rho_d': 1e-05, 'nu': 2, 'sigma': 0.5573073415570048}. Best is trial 173 with value: 0.0715051976915598.
[I 2026-08-17 02:16:02,208] Trial 182 finished with value: 0.0715051976915598 and parameters: {'rho_e': 0.026777818808607804, 'rho_d': 1e-05, 'nu': 2, 'sigma': 0.5573073415570048}. Best is trial 173 with value: 0.0715051976915598.
[I 2026-08-17 02:16:44,636] Trial 183 finished with value: 0.0715051976915598 and parameters: {'rho_e': 0.026777818808607804, 'rho_d': 1e-05, 'nu': 2, 'sigma': 0.5573073415570048}. Best is trial 173 with value: 0.0715051976915598.
[I 2026-08-17 02:17:27,109] Trial 184 finished with value: 0.0715051976915598 and parameters: {'rho_e': 0.026777818808607804, 'rho_d': 1e-05, 'nu': 2, 'sigma': 0.5573073415570048}. Best is trial 173 with value: 0.0715051976915598.
[I 2026-08-17 02:18:09,578] Trial 185 finished with value: 0.0715051976915598 and parameters: {'rho_e': 0.026777818808607804, 'rho_d': 1e-05, 'nu': 2, 'sigma': 0.5573073415570048}. Best is trial 173 with value: 0.0715051976915598.
[I 2026-08-17 02:18:52,047] Trial 186 finished with value: 0.0715051976915598 and parameters: {'rho_e': 0.026777818808607804, 'rho_d': 1e-05, 'nu': 2, 'sigma': 0.5573073415570048}. Best is trial 173 with value: 0.0715051976915598.
[I 2026-08-17 02:19:34,667] Trial 187 finished with value: 0.0715051976915598 and parameters: {'rho_e': 0.026777818808607804, 'rho_d': 1e-05, 'nu': 2, 'sigma': 0.5573073415570048}. Best is trial 173 with value: 0.0715051976915598.
[I 2026-08-17 02:20:16,606] Trial 188 finished with value: 0.0715051976915598 and parameters: {'rho_e': 0.026777818808607804, 'rho_d': 1e-05, 'nu': 2, 'sigma': 0.5573073415570048}. Best is trial 173 with value: 0.0715051976915598.
[I 2026-08-17 02:20:58,651] Trial 189 finished with value: 0.0715051976915598 and parameters: {'rho_e': 0.026777818808607804, 'rho_d': 1e-05, 'nu': 2, 'sigma': 0.5573073415570048}. Best is trial 173 with value: 0.0715051976915598.
[I 2026-08-17 02:21:40,625] Trial 190 finished with value: 0.07910429434095385 and parameters: {'rho_e': 0.002636272361135343, 'rho_d': 0.00022605702079217112, 'nu': 36, 'sigma': 1.0}. Best is trial 173 with value: 0.0715051976915598.
[I 2026-08-17 02:22:22,616] Trial 191 finished with value: 0.0715051976915598 and parameters: {'rho_e': 0.026777818808607804, 'rho_d': 1e-05, 'nu': 2, 'sigma': 0.5573073415570048}. Best is trial 173 with value: 0.0715051976915598.
[I 2026-08-17 02:23:04,679] Trial 192 finished with value: 0.0715051976915598 and parameters: {'rho_e': 0.026777818808607804, 'rho_d': 1e-05, 'nu': 2, 'sigma': 0.5573073415570048}. Best is trial 173 with value: 0.0715051976915598.
[I 2026-08-17 02:23:46,810] Trial 193 finished with value: 0.0715051976915598 and parameters: {'rho_e': 0.026777818808607804, 'rho_d': 1e-05, 'nu': 2, 'sigma': 0.5573073415570048}. Best is trial 173 with value: 0.0715051976915598.
[I 2026-08-17 02:24:28,763] Trial 194 finished with value: 0.0715051976915598 and parameters: {'rho_e': 0.026777818808607804, 'rho_d': 1e-05, 'nu': 2, 'sigma': 0.5573073415570048}. Best is trial 173 with value: 0.0715051976915598.
[I 2026-08-17 02:25:10,805] Trial 195 finished with value: 0.0715051976915598 and parameters: {'rho_e': 0.026777818808607804, 'rho_d': 1e-05, 'nu': 2, 'sigma': 0.5573073415570048}. Best is trial 173 with value: 0.0715051976915598.
[I 2026-08-17 02:25:52,836] Trial 196 finished with value: 0.0715051976915598 and parameters: {'rho_e': 0.026777818808607804, 'rho_d': 1e-05, 'nu': 2, 'sigma': 0.5573073415570048}. Best is trial 173 with value: 0.0715051976915598.
[I 2026-08-17 02:26:34,733] Trial 197 finished with value: 0.0715051976915598 and parameters: {'rho_e': 0.026777818808607804, 'rho_d': 1e-05, 'nu': 2, 'sigma': 0.5573073415570048}. Best is trial 173 with value: 0.0715051976915598.
[I 2026-08-17 02:27:16,816] Trial 198 finished with value: 0.0715051976915598 and parameters: {'rho_e': 0.026777818808607804, 'rho_d': 1e-05, 'nu': 2, 'sigma': 0.5573073415570048}. Best is trial 173 with value: 0.0715051976915598.
[I 2026-08-17 02:27:58,300] Trial 199 finished with value: 0.0715051976915598 and parameters: {'rho_e': 0.026777818808607804, 'rho_d': 1e-05, 'nu': 2, 'sigma': 0.5573073415570048}. Best is trial 173 with value: 0.0715051976915598.
/home/gterren/dynamic_update/functional_forecast_dynamic_update/scripts/validate_zone_ffc_mpi.py:1094: FutureWarning: The behavior of DataFrame concatenation with empty or all-NA entries is deprecated. In a future version, this will no longer exclude empty or all-NA columns when determining the result dtypes. To retain the old behavior, exclude the relevant entries before the concat operation.
  results_df = pd.concat([results_df, prob_results], axis = 0, ignore_index=True)
