[I 2026-08-17 00:32:42,661] Trial 181 finished with value: 0.07894677925512009 and parameters: {'rho_e': 0.011024465033881542, 'rho_d': 1e-05, 'nu': 36, 'sigma': 1.0}. Best is trial 155 with value: 0.06935845389168228.
[I 2026-08-17 00:33:17,487] Trial 182 finished with value: 0.07722543937367239 and parameters: {'rho_e': 0.015813501456967808, 'rho_d': 0.018714664934127233, 'nu': 36, 'sigma': 0.5811546249975091}. Best is trial 155 with value: 0.06935845389168228.
[I 2026-08-17 00:33:52,321] Trial 183 finished with value: 0.07687080902393834 and parameters: {'rho_e': 0.06035678925423078, 'rho_d': 0.19464164297882947, 'nu': 36, 'sigma': 0.9999999999999999}. Best is trial 155 with value: 0.06935845389168228.
[I 2026-08-17 00:34:27,075] Trial 184 finished with value: 0.0857423188317995 and parameters: {'rho_e': 1e-05, 'rho_d': 0.034024403819143643, 'nu': 36, 'sigma': 1.0}. Best is trial 155 with value: 0.06935845389168228.
[I 2026-08-17 00:35:02,398] Trial 185 finished with value: 0.07875141737317397 and parameters: {'rho_e': 0.0016204130974870733, 'rho_d': 1e-05, 'nu': 2, 'sigma': 0.20949315320857612}. Best is trial 155 with value: 0.06935845389168228.
[I 2026-08-17 00:35:40,878] Trial 186 finished with value: 0.06946694218698211 and parameters: {'rho_e': 0.021702223607702915, 'rho_d': 0.000500986194507916, 'nu': 2, 'sigma': 0.34185415680828934}. Best is trial 155 with value: 0.06935845389168228.
[I 2026-08-17 00:36:19,006] Trial 187 finished with value: 0.06960108105346893 and parameters: {'rho_e': 0.021483099573446823, 'rho_d': 0.0004711180545195055, 'nu': 2, 'sigma': 0.3422511147092194}. Best is trial 155 with value: 0.06935845389168228.
[I 2026-08-17 00:36:56,935] Trial 188 finished with value: 0.08243843148505706 and parameters: {'rho_e': 7.069222401237735e-05, 'rho_d': 1e-05, 'nu': 36, 'sigma': 0.7109192008790168}. Best is trial 155 with value: 0.06935845389168228.
[I 2026-08-17 00:37:31,189] Trial 189 finished with value: 0.06938735748390523 and parameters: {'rho_e': 0.021164592961048567, 'rho_d': 0.0004463690615587341, 'nu': 2, 'sigma': 0.3458495645040411}. Best is trial 155 with value: 0.06935845389168228.
[I 2026-08-17 00:38:06,637] Trial 190 finished with value: 0.07118049851423178 and parameters: {'rho_e': 0.021165033235444934, 'rho_d': 0.0007415779907952861, 'nu': 2, 'sigma': 0.2566580796415904}. Best is trial 155 with value: 0.06935845389168228.
[I 2026-08-17 00:38:43,513] Trial 191 finished with value: 0.08415892586842533 and parameters: {'rho_e': 0.0009929411685599121, 'rho_d': 0.13069664871940648, 'nu': 2, 'sigma': 0.0}. Best is trial 155 with value: 0.06935845389168228.
[I 2026-08-17 00:39:21,218] Trial 192 finished with value: 0.0964822154470529 and parameters: {'rho_e': 1e-05, 'rho_d': 1000.0, 'nu': 36, 'sigma': 0.6407353498653916}. Best is trial 155 with value: 0.06935845389168228.
[I 2026-08-17 00:39:58,981] Trial 193 finished with value: 0.0804003705088647 and parameters: {'rho_e': 0.09269383672141233, 'rho_d': 17.821005887547482, 'nu': 36, 'sigma': 0.618198107919638}. Best is trial 155 with value: 0.06935845389168228.
[I 2026-08-17 00:40:38,043] Trial 194 finished with value: 0.07000541316116286 and parameters: {'rho_e': 0.020121475308169694, 'rho_d': 0.0003404140495774971, 'nu': 2, 'sigma': 0.36308191370039483}. Best is trial 155 with value: 0.06935845389168228.
[I 2026-08-17 00:41:17,161] Trial 195 finished with value: 0.08208429713490806 and parameters: {'rho_e': 0.9903550499825388, 'rho_d': 0.002189494617529765, 'nu': 2, 'sigma': 1.0}. Best is trial 155 with value: 0.06935845389168228.
[I 2026-08-17 00:41:56,253] Trial 196 finished with value: 0.07313346629428938 and parameters: {'rho_e': 0.11454693355261776, 'rho_d': 1.3572754802118059e-05, 'nu': 2, 'sigma': 0.505406460724771}. Best is trial 155 with value: 0.06935845389168228.
[I 2026-08-17 00:42:34,210] Trial 197 finished with value: 0.08346784822214709 and parameters: {'rho_e': 0.23787606621429336, 'rho_d': 1000.0, 'nu': 2, 'sigma': 0.26438344750064374}. Best is trial 155 with value: 0.06935845389168228.
[I 2026-08-17 00:43:13,513] Trial 198 finished with value: 0.08516170579439564 and parameters: {'rho_e': 356.071913356672, 'rho_d': 0.01351228109468109, 'nu': 2, 'sigma': 1.0}. Best is trial 155 with value: 0.06935845389168228.
[I 2026-08-17 00:43:52,718] Trial 199 finished with value: 0.11804911945364963 and parameters: {'rho_e': 1000.0, 'rho_d': 1e-05, 'nu': 2, 'sigma': 0.0}. Best is trial 155 with value: 0.06935845389168228.
/home/gterren/dynamic_update/functional_forecast_dynamic_update/scripts/validate_zone_ffc_mpi.py:1094: FutureWarning: The behavior of DataFrame concatenation with empty or all-NA entries is deprecated. In a future version, this will no longer exclude empty or all-NA columns when determining the result dtypes. To retain the old behavior, exclude the relevant entries before the concat operation.
  results_df = pd.concat([results_df, prob_results], axis = 0, ignore_index=True)
