/home/gterren/dynamic_update/functional_forecast_dynamic_update/scripts/validate_zone_ffc_mpi.py:673: ExperimentalWarning: GPSampler is experimental (supported from v3.6.0). The interface can change in the future.
  sampler=GPSampler(seed=SEED, n_startup_trials=0)
[I 2026-08-17 09:15:59,161] A new study created in memory with name: no-name-1625440f-8aad-4787-be27-29add2d53b45
[I 2026-08-17 09:16:33,827] Trial 0 finished with value: 0.09408699176016785 and parameters: {'rho_e': 0.05130538765211261, 'rho_d': 159.34360042487788, 'nu': 12, 'sigma': 0.5084229902414978}. Best is trial 0 with value: 0.09408699176016785.
[I 2026-08-17 09:17:08,296] Trial 1 finished with value: 0.09132907558587702 and parameters: {'rho_e': 0.0005122558519380855, 'rho_d': 32.425410862105856, 'nu': 22, 'sigma': 0.16229555546785135}. Best is trial 1 with value: 0.09132907558587702.
[I 2026-08-17 09:17:42,627] Trial 2 finished with value: 0.0865346157674791 and parameters: {'rho_e': 0.0002907002396614678, 'rho_d': 1.0681430010997222, 'nu': 25, 'sigma': 0.3175015924783596}. Best is trial 2 with value: 0.0865346157674791.
[I 2026-08-17 09:18:17,064] Trial 3 finished with value: 0.06983689265725564 and parameters: {'rho_e': 0.15459819014696047, 'rho_d': 0.007049018290446209, 'nu': 28, 'sigma': 0.8939081311539592}. Best is trial 3 with value: 0.06983689265725564.
[I 2026-08-17 09:18:51,407] Trial 4 finished with value: 0.0854959253795896 and parameters: {'rho_e': 0.00024972829950657623, 'rho_d': 0.10788381977150274, 'nu': 30, 'sigma': 0.6043613758865917}. Best is trial 3 with value: 0.06983689265725564.
[I 2026-08-17 09:19:26,034] Trial 5 finished with value: 0.08467845272541719 and parameters: {'rho_e': 0.07054778164641946, 'rho_d': 3.4019708794999226, 'nu': 29, 'sigma': 0.8677123527003876}. Best is trial 3 with value: 0.06983689265725564.
[I 2026-08-17 09:20:00,722] Trial 6 finished with value: 0.09739404993821198 and parameters: {'rho_e': 0.0011413998300874072, 'rho_d': 9.6498684474939, 'nu': 14, 'sigma': 0.6969082969982466}. Best is trial 3 with value: 0.06983689265725564.
[I 2026-08-17 09:20:35,597] Trial 7 finished with value: 0.08090782952778482 and parameters: {'rho_e': 6.71469489641359, 'rho_d': 14.596686740186136, 'nu': 16, 'sigma': 0.8011852333787559}. Best is trial 3 with value: 0.06983689265725564.
[I 2026-08-17 09:21:10,424] Trial 8 finished with value: 0.08132572150512249 and parameters: {'rho_e': 0.0005780690544240158, 'rho_d': 0.00043046789416559814, 'nu': 26, 'sigma': 0.13315700209173578}. Best is trial 3 with value: 0.06983689265725564.
[I 2026-08-17 09:21:45,015] Trial 9 finished with value: 0.08355577419206532 and parameters: {'rho_e': 0.041180130735989355, 'rho_d': 1.9040208927154505, 'nu': 24, 'sigma': 0.6876618828967466}. Best is trial 3 with value: 0.06983689265725564.
[I 2026-08-17 09:22:19,491] Trial 10 finished with value: 0.08512168653057177 and parameters: {'rho_e': 10.94333458673787, 'rho_d': 0.8502427099286538, 'nu': 7, 'sigma': 0.7948271525840304}. Best is trial 3 with value: 0.06983689265725564.
[I 2026-08-17 09:22:54,122] Trial 11 finished with value: 0.08884445741730869 and parameters: {'rho_e': 2.056806631301449, 'rho_d': 0.23908519674375642, 'nu': 24, 'sigma': 0.6495743209699272}. Best is trial 3 with value: 0.06983689265725564.
[I 2026-08-17 09:23:28,716] Trial 12 finished with value: 0.08019716140366265 and parameters: {'rho_e': 22.16091413397793, 'rho_d': 102.42837154457695, 'nu': 13, 'sigma': 0.7166522443837102}. Best is trial 3 with value: 0.06983689265725564.
[I 2026-08-17 09:24:02,947] Trial 13 finished with value: 0.09558517972440292 and parameters: {'rho_e': 495.0826114594978, 'rho_d': 0.7034133659876444, 'nu': 20, 'sigma': 0.424043330246107}. Best is trial 3 with value: 0.06983689265725564.
[I 2026-08-17 09:24:37,137] Trial 14 finished with value: 0.09876627471386676 and parameters: {'rho_e': 2.559282706211498, 'rho_d': 0.05194142367219997, 'nu': 34, 'sigma': 0.25710944934785357}. Best is trial 3 with value: 0.06983689265725564.
[I 2026-08-17 09:25:11,593] Trial 15 finished with value: 0.0904425575282738 and parameters: {'rho_e': 1.0450851317782563, 'rho_d': 0.0002904738250813984, 'nu': 4, 'sigma': 0.08248947477806663}. Best is trial 3 with value: 0.06983689265725564.
[I 2026-08-17 09:25:45,980] Trial 16 finished with value: 0.08998390114063615 and parameters: {'rho_e': 1.732836016647159e-05, 'rho_d': 7.756201103940586, 'nu': 31, 'sigma': 0.26096072329647446}. Best is trial 3 with value: 0.06983689265725564.
[I 2026-08-17 09:26:20,589] Trial 17 finished with value: 0.0874331629534777 and parameters: {'rho_e': 0.0027023941445373633, 'rho_d': 1.0960063409825168e-05, 'nu': 25, 'sigma': 0.7385525606770245}. Best is trial 3 with value: 0.06983689265725564.
[I 2026-08-17 09:26:55,171] Trial 18 finished with value: 0.08005834689163556 and parameters: {'rho_e': 1.333196146382448, 'rho_d': 0.0232324191813232, 'nu': 17, 'sigma': 0.541989422929672}. Best is trial 3 with value: 0.06983689265725564.
[I 2026-08-17 09:27:29,760] Trial 19 finished with value: 0.07747558705002802 and parameters: {'rho_e': 0.01664552594325546, 'rho_d': 8.466433407869235e-05, 'nu': 12, 'sigma': 0.14563709443610734}. Best is trial 3 with value: 0.06983689265725564.
[I 2026-08-17 09:28:04,066] Trial 20 finished with value: 0.08481608032164592 and parameters: {'rho_e': 0.02383027986408138, 'rho_d': 4.927016917702346e-05, 'nu': 8, 'sigma': 0.8171559094972686}. Best is trial 3 with value: 0.06983689265725564.
[I 2026-08-17 09:28:38,427] Trial 21 finished with value: 0.08109359888061268 and parameters: {'rho_e': 0.9012711003651388, 'rho_d': 668.732952040831, 'nu': 24, 'sigma': 0.21269131317002835}. Best is trial 3 with value: 0.06983689265725564.
[I 2026-08-17 09:29:12,771] Trial 22 finished with value: 0.11125846539944977 and parameters: {'rho_e': 825.5725328833008, 'rho_d': 0.0012077093299815295, 'nu': 32, 'sigma': 0.0534397398167166}. Best is trial 3 with value: 0.06983689265725564.
[I 2026-08-17 09:29:46,787] Trial 23 finished with value: 0.11133517352626537 and parameters: {'rho_e': 53.17700384806444, 'rho_d': 0.0020074036375338136, 'nu': 10, 'sigma': 0.01639415453224614}. Best is trial 3 with value: 0.06983689265725564.
[I 2026-08-17 09:30:20,811] Trial 24 finished with value: 0.08661055561773867 and parameters: {'rho_e': 3.0728210731476913, 'rho_d': 3.386987856442567e-05, 'nu': 23, 'sigma': 0.6158860973553404}. Best is trial 3 with value: 0.06983689265725564.
[I 2026-08-17 09:30:54,686] Trial 25 finished with value: 0.07298215976472747 and parameters: {'rho_e': 0.06909225110210694, 'rho_d': 0.003566916489887744, 'nu': 28, 'sigma': 0.8894633752708715}. Best is trial 3 with value: 0.06983689265725564.
[I 2026-08-17 09:31:27,923] Trial 26 finished with value: 0.09658659847243926 and parameters: {'rho_e': 0.0013309501353172594, 'rho_d': 43.621962576663485, 'nu': 10, 'sigma': 0.4438207150452868}. Best is trial 3 with value: 0.06983689265725564.
[I 2026-08-17 09:32:00,266] Trial 27 finished with value: 0.09070520804744386 and parameters: {'rho_e': 0.0007561178177340193, 'rho_d': 0.00037107592977927707, 'nu': 5, 'sigma': 0.7542423189312096}. Best is trial 3 with value: 0.06983689265725564.
[I 2026-08-17 09:32:31,587] Trial 28 finished with value: 0.10599811252973386 and parameters: {'rho_e': 281.93024316234624, 'rho_d': 0.18329657510425618, 'nu': 34, 'sigma': 0.230645877960256}. Best is trial 3 with value: 0.06983689265725564.
[I 2026-08-17 09:33:02,965] Trial 29 finished with value: 0.08853402095603904 and parameters: {'rho_e': 0.01189512082322422, 'rho_d': 12.498583596127744, 'nu': 29, 'sigma': 0.1288615739079443}. Best is trial 3 with value: 0.06983689265725564.
[I 2026-08-17 09:33:34,307] Trial 30 finished with value: 0.07386206497830948 and parameters: {'rho_e': 0.14346363617445182, 'rho_d': 0.4145893546161153, 'nu': 18, 'sigma': 0.4598907863083959}. Best is trial 3 with value: 0.06983689265725564.
[I 2026-08-17 09:34:05,479] Trial 31 finished with value: 0.09375322604295348 and parameters: {'rho_e': 423.02701724807093, 'rho_d': 0.0021938817027226543, 'nu': 21, 'sigma': 0.49421510870665714}. Best is trial 3 with value: 0.06983689265725564.
[I 2026-08-17 09:34:35,307] Trial 32 finished with value: 0.09945700179673611 and parameters: {'rho_e': 63.644069072407845, 'rho_d': 1.5451288726341956, 'nu': 22, 'sigma': 0.3441378547418572}. Best is trial 3 with value: 0.06983689265725564.
[I 2026-08-17 09:35:04,739] Trial 33 finished with value: 0.10747752933107582 and parameters: {'rho_e': 132.08663328501328, 'rho_d': 0.0005567785679076391, 'nu': 16, 'sigma': 0.09398481847775952}. Best is trial 3 with value: 0.06983689265725564.
[I 2026-08-17 09:35:33,235] Trial 34 finished with value: 0.0836016115281541 and parameters: {'rho_e': 1.266865144400304e-05, 'rho_d': 0.12330926471931568, 'nu': 35, 'sigma': 0.04921549418843673}. Best is trial 3 with value: 0.06983689265725564.
[I 2026-08-17 09:36:01,284] Trial 35 finished with value: 0.10739464149364011 and parameters: {'rho_e': 3.8192786276578287e-05, 'rho_d': 28.716774855808982, 'nu': 6, 'sigma': 0.974459664061737}. Best is trial 3 with value: 0.06983689265725564.
[I 2026-08-17 09:36:29,203] Trial 36 finished with value: 0.06844060397321783 and parameters: {'rho_e': 0.21140465460326044, 'rho_d': 0.011576477952224494, 'nu': 19, 'sigma': 0.5896716402694026}. Best is trial 36 with value: 0.06844060397321783.
[I 2026-08-17 09:36:57,117] Trial 37 finished with value: 0.10765329155211656 and parameters: {'rho_e': 34.15359717004281, 'rho_d': 1.9808268031354162e-05, 'nu': 25, 'sigma': 0.11978853148141448}. Best is trial 36 with value: 0.06844060397321783.
[I 2026-08-17 09:37:25,002] Trial 38 finished with value: 0.0923204694129506 and parameters: {'rho_e': 0.0008318890373154131, 'rho_d': 3.0189195105021565, 'nu': 31, 'sigma': 0.5295877815244101}. Best is trial 36 with value: 0.06844060397321783.
[I 2026-08-17 09:37:52,887] Trial 39 finished with value: 0.07928863143252263 and parameters: {'rho_e': 3.4876488231296725, 'rho_d': 115.8870391749511, 'nu': 19, 'sigma': 0.8570796566424906}. Best is trial 36 with value: 0.06844060397321783.
[I 2026-08-17 09:38:20,700] Trial 40 finished with value: 0.08576136505027626 and parameters: {'rho_e': 3.202990709440797e-05, 'rho_d': 3.8688248370249687e-05, 'nu': 26, 'sigma': 0.5531228164654773}. Best is trial 36 with value: 0.06844060397321783.
[I 2026-08-17 09:38:48,549] Trial 41 finished with value: 0.08854678973600866 and parameters: {'rho_e': 0.020413897802171923, 'rho_d': 2.4656123657291036, 'nu': 17, 'sigma': 0.4709575418027467}. Best is trial 36 with value: 0.06844060397321783.
[I 2026-08-17 09:39:16,420] Trial 42 finished with value: 0.10235498274566639 and parameters: {'rho_e': 120.707712640029, 'rho_d': 0.0038708397542804476, 'nu': 33, 'sigma': 0.3671158717025286}. Best is trial 36 with value: 0.06844060397321783.
[I 2026-08-17 09:39:44,268] Trial 43 finished with value: 0.07683903144968467 and parameters: {'rho_e': 0.08677285334720536, 'rho_d': 0.03262622815627771, 'nu': 3, 'sigma': 0.7626829064027205}. Best is trial 36 with value: 0.06844060397321783.
[I 2026-08-17 09:40:12,126] Trial 44 finished with value: 0.06919257347174879 and parameters: {'rho_e': 0.3196327995848152, 'rho_d': 0.01069136100689396, 'nu': 7, 'sigma': 0.5187480928965137}. Best is trial 36 with value: 0.06844060397321783.
[I 2026-08-17 09:40:39,941] Trial 45 finished with value: 0.0947638420076318 and parameters: {'rho_e': 0.010924065366585245, 'rho_d': 385.5198059907951, 'nu': 15, 'sigma': 0.1002787895673072}. Best is trial 36 with value: 0.06844060397321783.
[I 2026-08-17 09:41:07,749] Trial 46 finished with value: 0.09382232312960082 and parameters: {'rho_e': 0.00014924794676755124, 'rho_d': 76.77587657498614, 'nu': 8, 'sigma': 0.1748479160920512}. Best is trial 36 with value: 0.06844060397321783.
[I 2026-08-17 09:41:35,567] Trial 47 finished with value: 0.09566678319105137 and parameters: {'rho_e': 5.643387330174131, 'rho_d': 0.0001526698469632002, 'nu': 15, 'sigma': 0.29707041249836325}. Best is trial 36 with value: 0.06844060397321783.
[I 2026-08-17 09:42:03,384] Trial 48 finished with value: 0.08768945006163993 and parameters: {'rho_e': 186.81288658037974, 'rho_d': 5.596886015412078, 'nu': 17, 'sigma': 0.6372973489216365}. Best is trial 36 with value: 0.06844060397321783.
[I 2026-08-17 09:42:31,765] Trial 49 finished with value: 0.08944237302142354 and parameters: {'rho_e': 0.0036848822471749984, 'rho_d': 0.022516403021388742, 'nu': 22, 'sigma': 0.7232218394328277}. Best is trial 36 with value: 0.06844060397321783.
[I 2026-08-17 09:43:00,745] Trial 50 finished with value: 0.08186258145285788 and parameters: {'rho_e': 0.00011048364266781098, 'rho_d': 0.0411193245896246, 'nu': 31, 'sigma': 0.20805584137381047}. Best is trial 36 with value: 0.06844060397321783.
[I 2026-08-17 09:43:29,643] Trial 51 finished with value: 0.09489570250902868 and parameters: {'rho_e': 0.3751427078167346, 'rho_d': 726.3302795991754, 'nu': 11, 'sigma': 0.8378188296523077}. Best is trial 36 with value: 0.06844060397321783.
[I 2026-08-17 09:43:58,630] Trial 52 finished with value: 0.08973198180696698 and parameters: {'rho_e': 0.0031221891544329547, 'rho_d': 11.155095941332075, 'nu': 36, 'sigma': 0.06314301806580355}. Best is trial 36 with value: 0.06844060397321783.
[I 2026-08-17 09:44:27,562] Trial 53 finished with value: 0.08501071755938816 and parameters: {'rho_e': 9.533775238416124e-05, 'rho_d': 0.00013003584925736015, 'nu': 33, 'sigma': 0.6234279648307336}. Best is trial 36 with value: 0.06844060397321783.
[I 2026-08-17 09:44:56,533] Trial 54 finished with value: 0.07417294355900915 and parameters: {'rho_e': 0.7294242480541165, 'rho_d': 1.3539652813413604e-05, 'nu': 4, 'sigma': 0.8435634030841942}. Best is trial 36 with value: 0.06844060397321783.
[I 2026-08-17 09:45:25,539] Trial 55 finished with value: 0.0890049425742863 and parameters: {'rho_e': 6.493179246985206e-05, 'rho_d': 0.018481900198821115, 'nu': 30, 'sigma': 0.9329030484397383}. Best is trial 36 with value: 0.06844060397321783.
[I 2026-08-17 09:45:54,811] Trial 56 finished with value: 0.08122308829140676 and parameters: {'rho_e': 2.490614456858246e-05, 'rho_d': 0.0016802687337611668, 'nu': 30, 'sigma': 0.1569738359527891}. Best is trial 36 with value: 0.06844060397321783.
[I 2026-08-17 09:46:25,428] Trial 57 finished with value: 0.0976411034853588 and parameters: {'rho_e': 109.02064252307345, 'rho_d': 50.26604657464007, 'nu': 11, 'sigma': 0.18232262632483398}. Best is trial 36 with value: 0.06844060397321783.
[I 2026-08-17 09:46:56,040] Trial 58 finished with value: 0.08369041630966483 and parameters: {'rho_e': 0.013626777049800911, 'rho_d': 1.1386832983056452, 'nu': 28, 'sigma': 0.03390079504548418}. Best is trial 36 with value: 0.06844060397321783.
[I 2026-08-17 09:47:26,623] Trial 59 finished with value: 0.08406842821012078 and parameters: {'rho_e': 0.007482081968946405, 'rho_d': 0.15837749528517273, 'nu': 26, 'sigma': 0.35737382282517394}. Best is trial 36 with value: 0.06844060397321783.
[I 2026-08-17 09:47:57,162] Trial 60 finished with value: 0.09494131139998181 and parameters: {'rho_e': 0.002053258949656858, 'rho_d': 4.0962499533039205, 'nu': 13, 'sigma': 0.46979061556878776}. Best is trial 36 with value: 0.06844060397321783.
[I 2026-08-17 09:48:27,735] Trial 61 finished with value: 0.07972042230965301 and parameters: {'rho_e': 690.0311644274273, 'rho_d': 894.2147515922587, 'nu': 27, 'sigma': 0.7469698190412718}. Best is trial 36 with value: 0.06844060397321783.
[I 2026-08-17 09:48:58,313] Trial 62 finished with value: 0.09004216843940574 and parameters: {'rho_e': 47.89014936258288, 'rho_d': 9.168236881179045e-05, 'nu': 19, 'sigma': 0.5727288841940168}. Best is trial 36 with value: 0.06844060397321783.
[I 2026-08-17 09:49:28,862] Trial 63 finished with value: 0.09097363080043468 and parameters: {'rho_e': 38.12372931180452, 'rho_d': 6.4099240126027555, 'nu': 21, 'sigma': 0.9923102418499551}. Best is trial 36 with value: 0.06844060397321783.
[I 2026-08-17 09:49:59,444] Trial 64 finished with value: 0.10250004074930595 and parameters: {'rho_e': 259.94253079705385, 'rho_d': 0.09638137903454169, 'nu': 36, 'sigma': 0.3927531943520083}. Best is trial 36 with value: 0.06844060397321783.
[I 2026-08-17 09:50:29,988] Trial 65 finished with value: 0.07657548661959213 and parameters: {'rho_e': 0.03657071823252119, 'rho_d': 0.004522379364698514, 'nu': 4, 'sigma': 0.4854863035598044}. Best is trial 36 with value: 0.06844060397321783.
[I 2026-08-17 09:51:00,525] Trial 66 finished with value: 0.0904727718718921 and parameters: {'rho_e': 0.005432288919654041, 'rho_d': 20.834828754666525, 'nu': 34, 'sigma': 0.07329994970455685}. Best is trial 36 with value: 0.06844060397321783.
[I 2026-08-17 09:51:31,050] Trial 67 finished with value: 0.09371638922573536 and parameters: {'rho_e': 0.000478127584539193, 'rho_d': 0.008928583634641437, 'nu': 6, 'sigma': 0.9454319472183293}. Best is trial 36 with value: 0.06844060397321783.
[I 2026-08-17 09:52:01,589] Trial 68 finished with value: 0.09322094095265421 and parameters: {'rho_e': 194.07297008746949, 'rho_d': 65.8028326539759, 'nu': 8, 'sigma': 0.32241000999044095}. Best is trial 36 with value: 0.06844060397321783.
[I 2026-08-17 09:52:32,152] Trial 69 finished with value: 0.09433126601774358 and parameters: {'rho_e': 1.878968277539725e-05, 'rho_d': 0.00026853645690385263, 'nu': 2, 'sigma': 0.9633222108226387}. Best is trial 36 with value: 0.06844060397321783.
[I 2026-08-17 09:53:02,700] Trial 70 finished with value: 0.08321650710112735 and parameters: {'rho_e': 1.0814167941776005e-05, 'rho_d': 0.06733407630939071, 'nu': 20, 'sigma': 0.19868344705311058}. Best is trial 36 with value: 0.06844060397321783.
[I 2026-08-17 09:53:33,219] Trial 71 finished with value: 0.09746144360942285 and parameters: {'rho_e': 0.00016803293739832122, 'rho_d': 473.98055311881023, 'nu': 14, 'sigma': 0.3379590550462185}. Best is trial 36 with value: 0.06844060397321783.
[I 2026-08-17 09:54:03,799] Trial 72 finished with value: 0.08652494511338199 and parameters: {'rho_e': 4.614300865458859e-05, 'rho_d': 0.5417236679935402, 'nu': 32, 'sigma': 0.00983145075470137}. Best is trial 36 with value: 0.06844060397321783.
[I 2026-08-17 09:54:34,358] Trial 73 finished with value: 0.09908185762147838 and parameters: {'rho_e': 0.0021054046534932907, 'rho_d': 0.3139444515952875, 'nu': 11, 'sigma': 0.9051310687927652}. Best is trial 36 with value: 0.06844060397321783.
[I 2026-08-17 09:55:04,945] Trial 74 finished with value: 0.09786528771599023 and parameters: {'rho_e': 0.005126029066137056, 'rho_d': 133.57309518031505, 'nu': 9, 'sigma': 0.40907520970435357}. Best is trial 36 with value: 0.06844060397321783.
[I 2026-08-17 09:55:35,512] Trial 75 finished with value: 0.07803966327105469 and parameters: {'rho_e': 1.097453168456264, 'rho_d': 7.459101637038071e-05, 'nu': 15, 'sigma': 0.9288519617449775}. Best is trial 36 with value: 0.06844060397321783.
[I 2026-08-17 09:56:06,095] Trial 76 finished with value: 0.09640040327697703 and parameters: {'rho_e': 86.68473071175217, 'rho_d': 2.328856054045838e-05, 'nu': 5, 'sigma': 0.2440468020024129}. Best is trial 36 with value: 0.06844060397321783.
[I 2026-08-17 09:56:36,657] Trial 77 finished with value: 0.07898266364505252 and parameters: {'rho_e': 0.5719166904811707, 'rho_d': 0.014704072191847684, 'nu': 21, 'sigma': 0.3045674779953614}. Best is trial 36 with value: 0.06844060397321783.
[I 2026-08-17 09:57:07,231] Trial 78 finished with value: 0.08168215983624878 and parameters: {'rho_e': 7.161390124383581, 'rho_d': 0.038841803280178396, 'nu': 6, 'sigma': 0.8763650818366417}. Best is trial 36 with value: 0.06844060397321783.
[I 2026-08-17 09:57:37,741] Trial 79 finished with value: 0.07936933979459433 and parameters: {'rho_e': 0.44268133414363114, 'rho_d': 0.25751719389310535, 'nu': 16, 'sigma': 0.7891758883902007}. Best is trial 36 with value: 0.06844060397321783.
[I 2026-08-17 09:58:08,272] Trial 80 finished with value: 0.08241520793622815 and parameters: {'rho_e': 4.497236583093951, 'rho_d': 5.5036202489056365e-05, 'nu': 12, 'sigma': 0.7036543114191908}. Best is trial 36 with value: 0.06844060397321783.
[I 2026-08-17 09:58:38,814] Trial 81 finished with value: 0.08387789406086854 and parameters: {'rho_e': 0.11281004891687561, 'rho_d': 0.078730953578376, 'nu': 2, 'sigma': 0.9590092049956432}. Best is trial 36 with value: 0.06844060397321783.
[I 2026-08-17 09:59:09,320] Trial 82 finished with value: 0.09481895657782449 and parameters: {'rho_e': 0.0015977160869099062, 'rho_d': 316.8143702933896, 'nu': 35, 'sigma': 0.2829620637460863}. Best is trial 36 with value: 0.06844060397321783.
[I 2026-08-17 09:59:39,397] Trial 83 finished with value: 0.08032022915108844 and parameters: {'rho_e': 13.051164193664768, 'rho_d': 0.006117279443072486, 'nu': 4, 'sigma': 0.7747761550310729}. Best is trial 36 with value: 0.06844060397321783.
[I 2026-08-17 10:00:07,972] Trial 84 finished with value: 0.06885313120939919 and parameters: {'rho_e': 0.1874527111303846, 'rho_d': 0.0007518692086726012, 'nu': 20, 'sigma': 0.6734216001444787}. Best is trial 36 with value: 0.06844060397321783.
[I 2026-08-17 10:00:36,537] Trial 85 finished with value: 0.08095100061383577 and parameters: {'rho_e': 1.7519472685375101, 'rho_d': 0.0029439952080665996, 'nu': 10, 'sigma': 0.9197262229452866}. Best is trial 36 with value: 0.06844060397321783.
[I 2026-08-17 10:01:05,062] Trial 86 finished with value: 0.09468163704095992 and parameters: {'rho_e': 2.5646508005764416e-05, 'rho_d': 21.407958410715413, 'nu': 9, 'sigma': 0.3759604652136845}. Best is trial 36 with value: 0.06844060397321783.
[I 2026-08-17 10:01:33,638] Trial 87 finished with value: 0.09603848045145465 and parameters: {'rho_e': 8.709574300757826, 'rho_d': 1.7211132219514293e-05, 'nu': 33, 'sigma': 0.5939331122209633}. Best is trial 36 with value: 0.06844060397321783.
