/home/gterren/dynamic_update/functional_forecast_dynamic_update/scripts/validate_zone_ffc_mpi.py:673: ExperimentalWarning: GPSampler is experimental (supported from v3.6.0). The interface can change in the future.
  sampler=GPSampler(seed=SEED, n_startup_trials=0)
[I 2026-08-16 22:36:16,236] A new study created in memory with name: no-name-3ef4535d-3850-4970-b99f-f3457e09ca93
[I 2026-08-16 22:36:59,315] Trial 0 finished with value: 0.07546803911127442 and parameters: {'rho_e': 0.3269036145707431, 'rho_d': 0.0008924503989739542, 'nu': 2, 'sigma': 0.5589802398441411}. Best is trial 0 with value: 0.07546803911127442.
[I 2026-08-16 22:37:37,843] Trial 1 finished with value: 0.09470953193374504 and parameters: {'rho_e': 0.00019459711623305662, 'rho_d': 5.722640521209214, 'nu': 13, 'sigma': 0.5672546026273165}. Best is trial 0 with value: 0.07546803911127442.
[I 2026-08-16 22:38:16,893] Trial 2 finished with value: 0.09779413179158983 and parameters: {'rho_e': 321.4812758619285, 'rho_d': 4.302510656920417e-05, 'nu': 12, 'sigma': 0.3601623761996074}. Best is trial 0 with value: 0.07546803911127442.
[I 2026-08-16 22:38:54,635] Trial 3 finished with value: 0.09822287447274045 and parameters: {'rho_e': 4.3898520061802934e-05, 'rho_d': 0.03830168409239199, 'nu': 3, 'sigma': 0.9115914372285836}. Best is trial 0 with value: 0.07546803911127442.
[I 2026-08-16 22:39:33,559] Trial 4 finished with value: 0.09086530990516475 and parameters: {'rho_e': 949.2172066223391, 'rho_d': 0.026109422224811094, 'nu': 26, 'sigma': 0.9260120240556735}. Best is trial 0 with value: 0.07546803911127442.
[I 2026-08-16 22:40:12,618] Trial 5 finished with value: 0.10087416698265157 and parameters: {'rho_e': 55.07785948573999, 'rho_d': 1.5152031294533557e-05, 'nu': 2, 'sigma': 0.21277447591768917}. Best is trial 0 with value: 0.07546803911127442.
[I 2026-08-16 22:40:51,596] Trial 6 finished with value: 0.09372005853654605 and parameters: {'rho_e': 8.866466816341849e-05, 'rho_d': 7.61325088024623, 'nu': 26, 'sigma': 0.16313090927374585}. Best is trial 0 with value: 0.07546803911127442.
[I 2026-08-16 22:41:29,272] Trial 7 finished with value: 0.09237045459832066 and parameters: {'rho_e': 1.7261925851807923e-05, 'rho_d': 5.766907112583324, 'nu': 8, 'sigma': 0.4036048929120764}. Best is trial 0 with value: 0.07546803911127442.
[I 2026-08-16 22:42:08,171] Trial 8 finished with value: 0.07684889500026112 and parameters: {'rho_e': 0.0006613143814348048, 'rho_d': 0.0004843159996042769, 'nu': 4, 'sigma': 0.05929980630688328}. Best is trial 0 with value: 0.07546803911127442.
[I 2026-08-16 22:42:47,043] Trial 9 finished with value: 0.10932191129746237 and parameters: {'rho_e': 1.542794770823065, 'rho_d': 0.0001051601155778768, 'nu': 29, 'sigma': 0.06124649778519667}. Best is trial 0 with value: 0.07546803911127442.
[I 2026-08-16 22:43:25,992] Trial 10 finished with value: 0.09687464003642329 and parameters: {'rho_e': 0.0094884878266438, 'rho_d': 61.123373741526805, 'nu': 23, 'sigma': 0.8096778943389311}. Best is trial 0 with value: 0.07546803911127442.
[I 2026-08-16 22:44:03,860] Trial 11 finished with value: 0.08603549064760588 and parameters: {'rho_e': 0.004983867022387237, 'rho_d': 0.7195345772802716, 'nu': 12, 'sigma': 0.30276757880887223}. Best is trial 0 with value: 0.07546803911127442.
[I 2026-08-16 22:44:42,598] Trial 12 finished with value: 0.08405318277626107 and parameters: {'rho_e': 0.0018796021094759023, 'rho_d': 0.0038808481514466344, 'nu': 18, 'sigma': 0.43095678898781176}. Best is trial 0 with value: 0.07546803911127442.
[I 2026-08-16 22:45:21,380] Trial 13 finished with value: 0.09545640419722158 and parameters: {'rho_e': 1.7655547015118365, 'rho_d': 5.142686056063213e-05, 'nu': 33, 'sigma': 0.6472584614595902}. Best is trial 0 with value: 0.07546803911127442.
[I 2026-08-16 22:46:00,222] Trial 14 finished with value: 0.08970552539057228 and parameters: {'rho_e': 0.0015721301687322549, 'rho_d': 0.14451370611208825, 'nu': 29, 'sigma': 0.8847686295789441}. Best is trial 0 with value: 0.07546803911127442.
[I 2026-08-16 22:46:38,983] Trial 15 finished with value: 0.08717970273878702 and parameters: {'rho_e': 0.0010736074978672553, 'rho_d': 0.00017517887181672987, 'nu': 14, 'sigma': 0.6547066878649721}. Best is trial 0 with value: 0.07546803911127442.
[I 2026-08-16 22:47:17,568] Trial 16 finished with value: 0.09643498377252335 and parameters: {'rho_e': 1.041354975353017, 'rho_d': 0.06018447003063603, 'nu': 14, 'sigma': 0.2839448985622425}. Best is trial 0 with value: 0.07546803911127442.
[I 2026-08-16 22:47:56,842] Trial 17 finished with value: 0.10927792170122164 and parameters: {'rho_e': 4.574661102604166, 'rho_d': 0.0021644048058848996, 'nu': 23, 'sigma': 0.11627181049783943}. Best is trial 0 with value: 0.07546803911127442.
[I 2026-08-16 22:48:36,294] Trial 18 finished with value: 0.10239910178384859 and parameters: {'rho_e': 2.4872074477158685, 'rho_d': 0.0010015844130510873, 'nu': 33, 'sigma': 0.37218016341710936}. Best is trial 0 with value: 0.07546803911127442.
[I 2026-08-16 22:49:15,715] Trial 19 finished with value: 0.1086821630617938 and parameters: {'rho_e': 65.84645259610812, 'rho_d': 9.82662438607537, 'nu': 15, 'sigma': 0.2627584337801529}. Best is trial 0 with value: 0.07546803911127442.
[I 2026-08-16 22:49:53,597] Trial 20 finished with value: 0.07513610392039803 and parameters: {'rho_e': 0.07822964531426699, 'rho_d': 0.8639211893531282, 'nu': 26, 'sigma': 0.4186864994625047}. Best is trial 20 with value: 0.07513610392039803.
[I 2026-08-16 22:50:32,987] Trial 21 finished with value: 0.09395909656786885 and parameters: {'rho_e': 0.8662159080284164, 'rho_d': 0.0019943914592805614, 'nu': 27, 'sigma': 0.45781709249791797}. Best is trial 20 with value: 0.07513610392039803.
[I 2026-08-16 22:51:12,203] Trial 22 finished with value: 0.08581540137680475 and parameters: {'rho_e': 0.017682211067743325, 'rho_d': 1.762014949718825, 'nu': 10, 'sigma': 0.5935464874055492}. Best is trial 20 with value: 0.07513610392039803.
[I 2026-08-16 22:51:51,547] Trial 23 finished with value: 0.10307243524621931 and parameters: {'rho_e': 3.679925773076e-05, 'rho_d': 23.98453012214469, 'nu': 17, 'sigma': 0.9609156022633827}. Best is trial 20 with value: 0.07513610392039803.
[I 2026-08-16 22:52:29,516] Trial 24 finished with value: 0.08947379735581276 and parameters: {'rho_e': 0.0013378016644002941, 'rho_d': 0.3251386772406152, 'nu': 22, 'sigma': 0.6142287913179536}. Best is trial 20 with value: 0.07513610392039803.
[I 2026-08-16 22:53:08,797] Trial 25 finished with value: 0.08269419530025651 and parameters: {'rho_e': 9.513126298049566e-05, 'rho_d': 0.0001254129593580573, 'nu': 17, 'sigma': 0.4282198407451333}. Best is trial 20 with value: 0.07513610392039803.
[I 2026-08-16 22:53:48,109] Trial 26 finished with value: 0.0785225519652746 and parameters: {'rho_e': 0.05984570193345419, 'rho_d': 0.0002828514266644551, 'nu': 13, 'sigma': 0.8710282672465114}. Best is trial 20 with value: 0.07513610392039803.
[I 2026-08-16 22:54:26,762] Trial 27 finished with value: 0.09468524820418525 and parameters: {'rho_e': 468.4257953002554, 'rho_d': 1.2226077087028292e-05, 'nu': 23, 'sigma': 0.6044786846095609}. Best is trial 20 with value: 0.07513610392039803.
[I 2026-08-16 22:55:02,390] Trial 28 finished with value: 0.11466860102109941 and parameters: {'rho_e': 9.794758745867055, 'rho_d': 1.739018971835995e-05, 'nu': 5, 'sigma': 0.023519755783360522}. Best is trial 20 with value: 0.07513610392039803.
[I 2026-08-16 22:55:38,151] Trial 29 finished with value: 0.10269521528280595 and parameters: {'rho_e': 396.23136452155177, 'rho_d': 0.0012839635362927584, 'nu': 34, 'sigma': 0.5101047252162753}. Best is trial 20 with value: 0.07513610392039803.
[I 2026-08-16 22:56:13,739] Trial 30 finished with value: 0.09565602439587073 and parameters: {'rho_e': 0.0003366699491459107, 'rho_d': 204.4963039743385, 'nu': 32, 'sigma': 0.1493267250032733}. Best is trial 20 with value: 0.07513610392039803.
[I 2026-08-16 22:56:49,270] Trial 31 finished with value: 0.08134751324137221 and parameters: {'rho_e': 3.8729577897945755, 'rho_d': 507.6727010671596, 'nu': 19, 'sigma': 0.3524611314107998}. Best is trial 20 with value: 0.07513610392039803.
[I 2026-08-16 22:57:26,130] Trial 32 finished with value: 0.09168316819250426 and parameters: {'rho_e': 25.240423080998166, 'rho_d': 0.04024505840237463, 'nu': 22, 'sigma': 0.6878151672772727}. Best is trial 20 with value: 0.07513610392039803.
[I 2026-08-16 22:58:04,993] Trial 33 finished with value: 0.11844123719722291 and parameters: {'rho_e': 46.68655128693522, 'rho_d': 89.33226184339398, 'nu': 11, 'sigma': 0.12758460315021433}. Best is trial 20 with value: 0.07513610392039803.
[I 2026-08-16 22:58:43,872] Trial 34 finished with value: 0.0855435069419984 and parameters: {'rho_e': 0.09031981370866977, 'rho_d': 0.00353590580052761, 'nu': 3, 'sigma': 0.15528637475144552}. Best is trial 20 with value: 0.07513610392039803.
[I 2026-08-16 22:59:22,784] Trial 35 finished with value: 0.11208685656376893 and parameters: {'rho_e': 257.2582546121324, 'rho_d': 264.3352391583821, 'nu': 16, 'sigma': 0.23159987966773632}. Best is trial 20 with value: 0.07513610392039803.
[I 2026-08-16 23:00:00,368] Trial 36 finished with value: 0.0991833713769088 and parameters: {'rho_e': 0.011040115349735419, 'rho_d': 319.94169963542066, 'nu': 27, 'sigma': 0.992582531554602}. Best is trial 20 with value: 0.07513610392039803.
[I 2026-08-16 23:00:39,255] Trial 37 finished with value: 0.09897597686506907 and parameters: {'rho_e': 1.3005438575723007, 'rho_d': 0.01777507065717351, 'nu': 9, 'sigma': 0.19699907291064236}. Best is trial 20 with value: 0.07513610392039803.
[I 2026-08-16 23:01:18,278] Trial 38 finished with value: 0.08921014133699057 and parameters: {'rho_e': 0.006770029807866984, 'rho_d': 1.0453964517455576, 'nu': 32, 'sigma': 0.007867895654915082}. Best is trial 20 with value: 0.07513610392039803.
[I 2026-08-16 23:01:57,199] Trial 39 finished with value: 0.08685979233154137 and parameters: {'rho_e': 3.2653986066294935, 'rho_d': 0.00035918328578407783, 'nu': 11, 'sigma': 0.7117132233162679}. Best is trial 20 with value: 0.07513610392039803.
[I 2026-08-16 23:02:34,807] Trial 40 finished with value: 0.08152063817166391 and parameters: {'rho_e': 0.008384459587850678, 'rho_d': 0.00040208220297865917, 'nu': 24, 'sigma': 0.7413946652411322}. Best is trial 20 with value: 0.07513610392039803.
[I 2026-08-16 23:03:13,739] Trial 41 finished with value: 0.12330102763114256 and parameters: {'rho_e': 12.935242462549164, 'rho_d': 2.4536463769015713, 'nu': 34, 'sigma': 0.03111235605231228}. Best is trial 20 with value: 0.07513610392039803.
[I 2026-08-16 23:03:52,701] Trial 42 finished with value: 0.0933991265707309 and parameters: {'rho_e': 17.351980111290544, 'rho_d': 0.24761264897083934, 'nu': 32, 'sigma': 0.9330852931159648}. Best is trial 20 with value: 0.07513610392039803.
[I 2026-08-16 23:04:31,644] Trial 43 finished with value: 0.12107341173686206 and parameters: {'rho_e': 206.7348794304976, 'rho_d': 100.25810153166229, 'nu': 21, 'sigma': 0.04808111924412399}. Best is trial 20 with value: 0.07513610392039803.
[I 2026-08-16 23:05:09,426] Trial 44 finished with value: 0.10786232403230193 and parameters: {'rho_e': 178.9593730989775, 'rho_d': 0.10721182363435201, 'nu': 34, 'sigma': 0.31572977967490834}. Best is trial 20 with value: 0.07513610392039803.
[I 2026-08-16 23:05:48,444] Trial 45 finished with value: 0.09421436986831033 and parameters: {'rho_e': 0.00017424584549714995, 'rho_d': 25.47175357971929, 'nu': 22, 'sigma': 0.09551575449774102}. Best is trial 20 with value: 0.07513610392039803.
[I 2026-08-16 23:06:27,547] Trial 46 finished with value: 0.08353125840600067 and parameters: {'rho_e': 119.39227513011171, 'rho_d': 8.192784645277967e-05, 'nu': 3, 'sigma': 0.8143690994325316}. Best is trial 20 with value: 0.07513610392039803.
[I 2026-08-16 23:07:07,053] Trial 47 finished with value: 0.0788264638338225 and parameters: {'rho_e': 0.04633293692358927, 'rho_d': 1.3842410574283137, 'nu': 19, 'sigma': 0.18860831631006456}. Best is trial 20 with value: 0.07513610392039803.
[I 2026-08-16 23:07:45,195] Trial 48 finished with value: 0.09242500247241968 and parameters: {'rho_e': 0.0007714806253840602, 'rho_d': 0.0015442881351131804, 'nu': 7, 'sigma': 0.7990376021274297}. Best is trial 20 with value: 0.07513610392039803.
[I 2026-08-16 23:08:24,692] Trial 49 finished with value: 0.09501131619931263 and parameters: {'rho_e': 0.02334066741617611, 'rho_d': 19.61909076816956, 'nu': 7, 'sigma': 0.678847861548423}. Best is trial 20 with value: 0.07513610392039803.
[I 2026-08-16 23:09:04,005] Trial 50 finished with value: 0.1031936935767073 and parameters: {'rho_e': 30.484530649163847, 'rho_d': 0.0006865299827161224, 'nu': 35, 'sigma': 0.4931147100817814}. Best is trial 20 with value: 0.07513610392039803.
[I 2026-08-16 23:09:43,301] Trial 51 finished with value: 0.0884450848050178 and parameters: {'rho_e': 0.42596086471505806, 'rho_d': 0.006470326256837381, 'nu': 33, 'sigma': 0.6255704507885743}. Best is trial 20 with value: 0.07513610392039803.
[I 2026-08-16 23:10:21,311] Trial 52 finished with value: 0.09878524664334987 and parameters: {'rho_e': 5.6305504586876165e-05, 'rho_d': 0.01955400616757617, 'nu': 4, 'sigma': 0.9431022489306657}. Best is trial 20 with value: 0.07513610392039803.
[I 2026-08-16 23:11:00,611] Trial 53 finished with value: 0.09643704814677308 and parameters: {'rho_e': 2.2237461169194805, 'rho_d': 0.48566127158346006, 'nu': 28, 'sigma': 0.7769544614903604}. Best is trial 20 with value: 0.07513610392039803.
[I 2026-08-16 23:11:40,003] Trial 54 finished with value: 0.08626817240249761 and parameters: {'rho_e': 0.028583330992410914, 'rho_d': 1.9471088928715916, 'nu': 19, 'sigma': 0.89828252912396}. Best is trial 20 with value: 0.07513610392039803.
[I 2026-08-16 23:12:19,354] Trial 55 finished with value: 0.09331716860302061 and parameters: {'rho_e': 0.0002909616436868435, 'rho_d': 4.340886647251859, 'nu': 35, 'sigma': 0.6964604863331093}. Best is trial 20 with value: 0.07513610392039803.
[I 2026-08-16 23:12:57,349] Trial 56 finished with value: 0.10031706167258958 and parameters: {'rho_e': 7.798984580075104, 'rho_d': 0.08868122758097233, 'nu': 29, 'sigma': 0.5036294018829817}. Best is trial 20 with value: 0.07513610392039803.
[I 2026-08-16 23:13:36,502] Trial 57 finished with value: 0.08772864918260434 and parameters: {'rho_e': 1.2062065617383623e-05, 'rho_d': 0.00491871886944935, 'nu': 9, 'sigma': 0.540742976760754}. Best is trial 20 with value: 0.07513610392039803.
[I 2026-08-16 23:14:15,729] Trial 58 finished with value: 0.09138477567155218 and parameters: {'rho_e': 0.00026922761125582604, 'rho_d': 3.3483536015403974, 'nu': 15, 'sigma': 0.46419294116197934}. Best is trial 20 with value: 0.07513610392039803.
[I 2026-08-16 23:14:55,190] Trial 59 finished with value: 0.09692137864635526 and parameters: {'rho_e': 0.0004180230040562295, 'rho_d': 0.0080293432375613, 'nu': 9, 'sigma': 0.8474133959671261}. Best is trial 20 with value: 0.07513610392039803.
[I 2026-08-16 23:15:32,458] Trial 60 finished with value: 0.08695267703484241 and parameters: {'rho_e': 0.589700729128972, 'rho_d': 0.28163142246786826, 'nu': 21, 'sigma': 0.9514003827722398}. Best is trial 20 with value: 0.07513610392039803.
[I 2026-08-16 23:16:11,467] Trial 61 finished with value: 0.10358545856117231 and parameters: {'rho_e': 0.054968021979639604, 'rho_d': 440.7147463030633, 'nu': 4, 'sigma': 0.9846976523041496}. Best is trial 20 with value: 0.07513610392039803.
[I 2026-08-16 23:16:50,353] Trial 62 finished with value: 0.09431947476852087 and parameters: {'rho_e': 2.726598761494588e-05, 'rho_d': 377.6857032137641, 'nu': 31, 'sigma': 0.08797637433547147}. Best is trial 20 with value: 0.07513610392039803.
[I 2026-08-16 23:17:29,321] Trial 63 finished with value: 0.07607794502513379 and parameters: {'rho_e': 0.12562298455144785, 'rho_d': 6.332499214741886e-05, 'nu': 5, 'sigma': 0.7813637219857382}. Best is trial 20 with value: 0.07513610392039803.
[I 2026-08-16 23:18:07,643] Trial 64 finished with value: 0.08060406041265955 and parameters: {'rho_e': 0.18142030344388796, 'rho_d': 2.1716515450145203e-05, 'nu': 18, 'sigma': 0.4487600336855717}. Best is trial 20 with value: 0.07513610392039803.
[I 2026-08-16 23:18:46,095] Trial 65 finished with value: 0.08400025518512347 and parameters: {'rho_e': 0.2349945384747991, 'rho_d': 691.4897217341121, 'nu': 31, 'sigma': 0.8518952203160548}. Best is trial 20 with value: 0.07513610392039803.
[I 2026-08-16 23:19:25,076] Trial 66 finished with value: 0.0801861212870099 and parameters: {'rho_e': 3.246702767499522e-05, 'rho_d': 0.0007681605683548452, 'nu': 6, 'sigma': 0.2770482583742728}. Best is trial 20 with value: 0.07513610392039803.
[I 2026-08-16 23:20:03,920] Trial 67 finished with value: 0.10602972723167112 and parameters: {'rho_e': 19.088248943709846, 'rho_d': 0.0001340107418662817, 'nu': 12, 'sigma': 0.1701809606915158}. Best is trial 20 with value: 0.07513610392039803.
[I 2026-08-16 23:20:42,780] Trial 68 finished with value: 0.08335477120190074 and parameters: {'rho_e': 0.6338439291753183, 'rho_d': 5.494058947628885e-05, 'nu': 8, 'sigma': 0.5293218811648563}. Best is trial 20 with value: 0.07513610392039803.
[I 2026-08-16 23:21:20,788] Trial 69 finished with value: 0.09104075643412662 and parameters: {'rho_e': 40.954154106984234, 'rho_d': 0.17338017325692112, 'nu': 10, 'sigma': 0.489933757888093}. Best is trial 20 with value: 0.07513610392039803.
[I 2026-08-16 23:21:59,746] Trial 70 finished with value: 0.07792835820271678 and parameters: {'rho_e': 0.2523506782813784, 'rho_d': 31.510568285073717, 'nu': 33, 'sigma': 0.34714319395982135}. Best is trial 20 with value: 0.07513610392039803.
[I 2026-08-16 23:22:38,890] Trial 71 finished with value: 0.08594571469012321 and parameters: {'rho_e': 0.002930373386470407, 'rho_d': 3.317914597400771e-05, 'nu': 15, 'sigma': 0.6329596331201216}. Best is trial 20 with value: 0.07513610392039803.
[I 2026-08-16 23:23:16,527] Trial 72 finished with value: 0.09496014313210427 and parameters: {'rho_e': 6.601429297169598e-05, 'rho_d': 0.0002602530817699002, 'nu': 10, 'sigma': 0.9786083399861463}. Best is trial 20 with value: 0.07513610392039803.
[I 2026-08-16 23:23:55,649] Trial 73 finished with value: 0.11658712629366601 and parameters: {'rho_e': 150.26339501041664, 'rho_d': 147.5767738266191, 'nu': 16, 'sigma': 0.13512338246700153}. Best is trial 20 with value: 0.07513610392039803.
[I 2026-08-16 23:24:34,703] Trial 74 finished with value: 0.08763637522543774 and parameters: {'rho_e': 0.0035877410590901345, 'rho_d': 2.576553179691004e-05, 'nu': 16, 'sigma': 0.7308223403094861}. Best is trial 20 with value: 0.07513610392039803.
[I 2026-08-16 23:25:12,513] Trial 75 finished with value: 0.09191440737668316 and parameters: {'rho_e': 86.60477995186261, 'rho_d': 0.18303468390561242, 'nu': 24, 'sigma': 0.7510479721089599}. Best is trial 20 with value: 0.07513610392039803.
[I 2026-08-16 23:25:51,693] Trial 76 finished with value: 0.08504640766824714 and parameters: {'rho_e': 0.0001132723107819565, 'rho_d': 0.011169983777198775, 'nu': 25, 'sigma': 0.5751289637607758}. Best is trial 20 with value: 0.07513610392039803.
[I 2026-08-16 23:26:30,998] Trial 77 finished with value: 0.08929718043133583 and parameters: {'rho_e': 0.4844996036517181, 'rho_d': 0.4148539575898805, 'nu': 36, 'sigma': 0.9024820531629737}. Best is trial 20 with value: 0.07513610392039803.
[I 2026-08-16 23:27:07,071] Trial 78 finished with value: 0.081117406468299 and parameters: {'rho_e': 1.821708082801357e-05, 'rho_d': 0.005972473493478661, 'nu': 13, 'sigma': 0.24793663344365371}. Best is trial 20 with value: 0.07513610392039803.
[I 2026-08-16 23:27:42,766] Trial 79 finished with value: 0.08352208621961046 and parameters: {'rho_e': 0.10718439047337557, 'rho_d': 0.01413294748664834, 'nu': 30, 'sigma': 0.5825243654914019}. Best is trial 20 with value: 0.07513610392039803.
[I 2026-08-16 23:28:18,628] Trial 80 finished with value: 0.0884976649885872 and parameters: {'rho_e': 2.210005167641908e-05, 'rho_d': 0.5546388056023296, 'nu': 18, 'sigma': 0.47803218740238534}. Best is trial 20 with value: 0.07513610392039803.
[I 2026-08-16 23:28:54,505] Trial 81 finished with value: 0.11727789957761184 and parameters: {'rho_e': 102.96197595152874, 'rho_d': 0.07419264172204353, 'nu': 24, 'sigma': 0.010538743582339223}. Best is trial 20 with value: 0.07513610392039803.
[I 2026-08-16 23:29:30,128] Trial 82 finished with value: 0.07429246971531536 and parameters: {'rho_e': 0.022847579467193208, 'rho_d': 1.0828452344232614e-05, 'nu': 27, 'sigma': 0.5303135042774483}. Best is trial 82 with value: 0.07429246971531536.
[I 2026-08-16 23:30:09,448] Trial 83 finished with value: 0.10389610837019884 and parameters: {'rho_e': 10.26433352336269, 'rho_d': 71.19093048176157, 'nu': 21, 'sigma': 0.8207179976064777}. Best is trial 82 with value: 0.07429246971531536.
[I 2026-08-16 23:30:48,799] Trial 84 finished with value: 0.08452980857746206 and parameters: {'rho_e': 0.013723837958967857, 'rho_d': 1.1136642004656445, 'nu': 16, 'sigma': 0.3285556664376412}. Best is trial 82 with value: 0.07429246971531536.
[I 2026-08-16 23:31:28,144] Trial 85 finished with value: 0.09354227335904591 and parameters: {'rho_e': 0.0009105435098633038, 'rho_d': 12.083035376420879, 'nu': 28, 'sigma': 0.33768991108051694}. Best is trial 82 with value: 0.07429246971531536.
[I 2026-08-16 23:32:06,166] Trial 86 finished with value: 0.10807851750689487 and parameters: {'rho_e': 0.0005060859690373761, 'rho_d': 903.9451928588301, 'nu': 6, 'sigma': 0.8612150440049049}. Best is trial 82 with value: 0.07429246971531536.
[I 2026-08-16 23:32:45,524] Trial 87 finished with value: 0.11324815193341041 and parameters: {'rho_e': 21.67076868737965, 'rho_d': 17.31408795432266, 'nu': 25, 'sigma': 0.2297095430176774}. Best is trial 82 with value: 0.07429246971531536.
