[I 2026-08-16 23:55:39,610] Trial 181 finished with value: 0.07423098922274066 and parameters: {'rho_e': 1000.0, 'rho_d': 1e-05, 'nu': 2, 'sigma': 0.6365176244526012}. Best is trial 170 with value: 0.06673490069787118.
[I 2026-08-16 23:56:20,462] Trial 182 finished with value: 0.08978619310260624 and parameters: {'rho_e': 1e-05, 'rho_d': 1000.0, 'nu': 36, 'sigma': 1.0}. Best is trial 170 with value: 0.06673490069787118.
[I 2026-08-16 23:57:02,782] Trial 183 finished with value: 0.09693533312892275 and parameters: {'rho_e': 999.999999999998, 'rho_d': 1000.0, 'nu': 2, 'sigma': 1.0}. Best is trial 170 with value: 0.06673490069787118.
[I 2026-08-16 23:57:44,689] Trial 184 finished with value: 0.07303902101874163 and parameters: {'rho_e': 110.72743834221768, 'rho_d': 1e-05, 'nu': 2, 'sigma': 0.8020463669105913}. Best is trial 170 with value: 0.06673490069787118.
[I 2026-08-16 23:58:26,077] Trial 185 finished with value: 0.06746818982498878 and parameters: {'rho_e': 0.05909982010493594, 'rho_d': 0.07518436808034744, 'nu': 2, 'sigma': 0.2754880228691905}. Best is trial 170 with value: 0.06673490069787118.
[I 2026-08-16 23:59:08,372] Trial 186 finished with value: 0.0743191958667462 and parameters: {'rho_e': 1e-05, 'rho_d': 0.0011012620982144192, 'nu': 2, 'sigma': 0.37804582974951173}. Best is trial 170 with value: 0.06673490069787118.
[I 2026-08-16 23:59:49,325] Trial 187 finished with value: 0.07385090228611334 and parameters: {'rho_e': 0.00010061183898693237, 'rho_d': 0.0008680313442576469, 'nu': 2, 'sigma': 0.367501547429052}. Best is trial 170 with value: 0.06673490069787118.
[I 2026-08-17 00:00:29,992] Trial 188 finished with value: 0.06729318252779519 and parameters: {'rho_e': 0.06399497443306627, 'rho_d': 0.10186299062948838, 'nu': 6, 'sigma': 0.251477658184524}. Best is trial 170 with value: 0.06673490069787118.
[I 2026-08-17 00:01:03,767] Trial 189 finished with value: 0.06740033601326531 and parameters: {'rho_e': 0.04850770480531064, 'rho_d': 0.1250223876845871, 'nu': 5, 'sigma': 0.18972047552525712}. Best is trial 170 with value: 0.06673490069787118.
[I 2026-08-17 00:01:37,328] Trial 190 finished with value: 0.08013220448977582 and parameters: {'rho_e': 0.00015744866073439417, 'rho_d': 1e-05, 'nu': 36, 'sigma': 0.9999999999999999}. Best is trial 170 with value: 0.06673490069787118.
[I 2026-08-17 00:02:10,705] Trial 191 finished with value: 0.07575456560755991 and parameters: {'rho_e': 0.4225772564118468, 'rho_d': 1000.0, 'nu': 19, 'sigma': 0.0}. Best is trial 170 with value: 0.06673490069787118.
[I 2026-08-17 00:02:43,800] Trial 192 finished with value: 0.07325324717542969 and parameters: {'rho_e': 0.1139348212332998, 'rho_d': 4.523451373609712, 'nu': 36, 'sigma': 0.4554174149587807}. Best is trial 170 with value: 0.06673490069787118.
[I 2026-08-17 00:03:16,479] Trial 193 finished with value: 0.07573483084474815 and parameters: {'rho_e': 0.1985743311350496, 'rho_d': 7.301816090781475, 'nu': 36, 'sigma': 0.0}. Best is trial 170 with value: 0.06673490069787118.
[I 2026-08-17 00:03:49,342] Trial 194 finished with value: 0.06978143050973643 and parameters: {'rho_e': 0.07115081492974566, 'rho_d': 0.3816285749111665, 'nu': 23, 'sigma': 0.22633134009013636}. Best is trial 170 with value: 0.06673490069787118.
[I 2026-08-17 00:04:22,099] Trial 195 finished with value: 0.07155562150444819 and parameters: {'rho_e': 2.179454740267362, 'rho_d': 1000.0, 'nu': 36, 'sigma': 1.0}. Best is trial 170 with value: 0.06673490069787118.
[I 2026-08-17 00:04:54,767] Trial 196 finished with value: 0.07926990145274679 and parameters: {'rho_e': 0.0003621782083801585, 'rho_d': 0.0400067333396111, 'nu': 2, 'sigma': 0.0}. Best is trial 170 with value: 0.06673490069787118.
[I 2026-08-17 00:05:27,300] Trial 197 finished with value: 0.06836060358682745 and parameters: {'rho_e': 0.28324441573026926, 'rho_d': 0.0008912427507334104, 'nu': 2, 'sigma': 0.7953285686906628}. Best is trial 170 with value: 0.06673490069787118.
[I 2026-08-17 00:05:59,808] Trial 198 finished with value: 0.07385065187661806 and parameters: {'rho_e': 0.013087625523169518, 'rho_d': 1e-05, 'nu': 2, 'sigma': 0.6364675094645634}. Best is trial 170 with value: 0.06673490069787118.
[I 2026-08-17 00:06:32,314] Trial 199 finished with value: 0.06686269630041977 and parameters: {'rho_e': 0.04904336367391358, 'rho_d': 0.0886774350271255, 'nu': 2, 'sigma': 0.21902769927552126}. Best is trial 170 with value: 0.06673490069787118.
/home/gterren/dynamic_update/functional_forecast_dynamic_update/scripts/validate_zone_ffc_mpi.py:1094: FutureWarning: The behavior of DataFrame concatenation with empty or all-NA entries is deprecated. In a future version, this will no longer exclude empty or all-NA columns when determining the result dtypes. To retain the old behavior, exclude the relevant entries before the concat operation.
  results_df = pd.concat([results_df, prob_results], axis = 0, ignore_index=True)
