[I 2026-08-16 13:24:03,460] Trial 182 finished with value: 0.09862342828496945 and parameters: {'rho_e': 0.058741152271592066, 'rho_d': 1e-05, 'nu': 2, 'sigma': 1.0}. Best is trial 154 with value: 0.06855941474292249.
[I 2026-08-16 13:24:41,103] Trial 183 finished with value: 0.07746923959193144 and parameters: {'rho_e': 8.048273017485639e-05, 'rho_d': 0.0011496166779411383, 'nu': 36, 'sigma': 0.0}. Best is trial 154 with value: 0.06855941474292249.
[I 2026-08-16 13:25:18,820] Trial 184 finished with value: 0.06938237163456137 and parameters: {'rho_e': 0.08009475319253204, 'rho_d': 0.03293371470401644, 'nu': 2, 'sigma': 0.22941753856145336}. Best is trial 154 with value: 0.06855941474292249.
[I 2026-08-16 13:25:56,341] Trial 185 finished with value: 0.10142748977932306 and parameters: {'rho_e': 1000.0, 'rho_d': 1000.0, 'nu': 2, 'sigma': 0.1468687167865848}. Best is trial 154 with value: 0.06855941474292249.
[I 2026-08-16 13:26:34,045] Trial 186 finished with value: 0.07486792274144419 and parameters: {'rho_e': 0.020009273617651507, 'rho_d': 0.0010583116952804657, 'nu': 36, 'sigma': 0.0}. Best is trial 154 with value: 0.06855941474292249.
[I 2026-08-16 13:27:11,651] Trial 187 finished with value: 0.07614872987289778 and parameters: {'rho_e': 21.540333769494904, 'rho_d': 1000.0, 'nu': 36, 'sigma': 1.0}. Best is trial 154 with value: 0.06855941474292249.
[I 2026-08-16 13:27:49,249] Trial 188 finished with value: 0.07550058663463743 and parameters: {'rho_e': 19.88053420715058, 'rho_d': 1000.0, 'nu': 36, 'sigma': 0.6462444860115981}. Best is trial 154 with value: 0.06855941474292249.
[I 2026-08-16 13:28:26,853] Trial 189 finished with value: 0.07785854998270111 and parameters: {'rho_e': 0.048387956962833746, 'rho_d': 1e-05, 'nu': 36, 'sigma': 0.5794162249088363}. Best is trial 154 with value: 0.06855941474292249.
[I 2026-08-16 13:29:04,418] Trial 190 finished with value: 0.07439634500228881 and parameters: {'rho_e': 1e-05, 'rho_d': 0.00047736932768411964, 'nu': 2, 'sigma': 0.19160481797610704}. Best is trial 154 with value: 0.06855941474292249.
[I 2026-08-16 13:29:41,965] Trial 191 finished with value: 0.07672178837760686 and parameters: {'rho_e': 0.000475554082264211, 'rho_d': 1e-05, 'nu': 16, 'sigma': 0.16519909496793572}. Best is trial 154 with value: 0.06855941474292249.
[I 2026-08-16 13:30:19,528] Trial 192 finished with value: 0.11567108573808402 and parameters: {'rho_e': 1e-05, 'rho_d': 1000.0, 'nu': 2, 'sigma': 1.0}. Best is trial 154 with value: 0.06855941474292249.
[I 2026-08-16 13:30:57,032] Trial 193 finished with value: 0.08043141613035076 and parameters: {'rho_e': 0.055485050113561835, 'rho_d': 1e-05, 'nu': 36, 'sigma': 0.0}. Best is trial 154 with value: 0.06855941474292249.
[I 2026-08-16 13:31:34,629] Trial 194 finished with value: 0.09776834311476175 and parameters: {'rho_e': 0.03993018512041038, 'rho_d': 1000.0, 'nu': 36, 'sigma': 0.0}. Best is trial 154 with value: 0.06855941474292249.
[I 2026-08-16 13:32:12,203] Trial 195 finished with value: 0.0761728667751568 and parameters: {'rho_e': 0.009417413872881869, 'rho_d': 0.0008762935067207643, 'nu': 22, 'sigma': 0.0}. Best is trial 154 with value: 0.06855941474292249.
[I 2026-08-16 13:32:49,742] Trial 196 finished with value: 0.07481959988686421 and parameters: {'rho_e': 0.10167495925986228, 'rho_d': 0.2503416404269923, 'nu': 36, 'sigma': 0.5519935035594249}. Best is trial 154 with value: 0.06855941474292249.
[I 2026-08-16 13:33:26,444] Trial 197 finished with value: 0.07387765604795703 and parameters: {'rho_e': 14.986321349426671, 'rho_d': 1000.0, 'nu': 14, 'sigma': 0.30801350547290635}. Best is trial 154 with value: 0.06855941474292249.
[I 2026-08-16 13:34:04,140] Trial 198 finished with value: 0.07903825661157887 and parameters: {'rho_e': 0.3633127150807231, 'rho_d': 9.8104883632617, 'nu': 36, 'sigma': 0.5814088165675058}. Best is trial 154 with value: 0.06855941474292249.
[I 2026-08-16 13:34:41,562] Trial 199 finished with value: 0.08148657529313394 and parameters: {'rho_e': 0.7081383531929711, 'rho_d': 0.09446285803410459, 'nu': 2, 'sigma': 0.5023163284540266}. Best is trial 154 with value: 0.06855941474292249.
/home/gterren/dynamic_update/functional_forecast_dynamic_update/scripts/validate_zone_ffc_mpi.py:1094: FutureWarning: The behavior of DataFrame concatenation with empty or all-NA entries is deprecated. In a future version, this will no longer exclude empty or all-NA columns when determining the result dtypes. To retain the old behavior, exclude the relevant entries before the concat operation.
  results_df = pd.concat([results_df, prob_results], axis = 0, ignore_index=True)
