[I 2026-08-17 10:32:05,571] Trial 88 finished with value: 0.09731527435874165 and parameters: {'rho_e': 0.00012125829831653894, 'rho_d': 19.630650519000437, 'nu': 10, 'sigma': 0.7884377100219454}. Best is trial 28 with value: 0.06535149127868158.
[I 2026-08-17 10:32:56,584] Trial 89 finished with value: 0.0870809101044126 and parameters: {'rho_e': 3.893751642068498e-05, 'rho_d': 0.9795442357931721, 'nu': 20, 'sigma': 0.5936410928252096}. Best is trial 28 with value: 0.06535149127868158.
[I 2026-08-17 10:33:47,740] Trial 90 finished with value: 0.08426955804036856 and parameters: {'rho_e': 4.8811512206932886, 'rho_d': 3.209766039730455, 'nu': 34, 'sigma': 0.8768891090820096}. Best is trial 28 with value: 0.06535149127868158.
[I 2026-08-17 10:34:38,790] Trial 91 finished with value: 0.06272606608570587 and parameters: {'rho_e': 0.19086427524381236, 'rho_d': 0.0005859037345321275, 'nu': 8, 'sigma': 0.5505294308690223}. Best is trial 91 with value: 0.06272606608570587.
[I 2026-08-17 10:35:29,858] Trial 92 finished with value: 0.069899370740392 and parameters: {'rho_e': 0.44668270078282146, 'rho_d': 1.9189911568156766e-05, 'nu': 24, 'sigma': 0.9048428701329665}. Best is trial 91 with value: 0.06272606608570587.
[I 2026-08-17 10:36:20,614] Trial 93 finished with value: 0.070555984260922 and parameters: {'rho_e': 0.04518272217488784, 'rho_d': 0.0019042154852168265, 'nu': 17, 'sigma': 0.7711616889352428}. Best is trial 91 with value: 0.06272606608570587.
[I 2026-08-17 10:37:11,477] Trial 94 finished with value: 0.09123397196372711 and parameters: {'rho_e': 0.02386327174800719, 'rho_d': 70.35453635909505, 'nu': 26, 'sigma': 0.6321242947578075}. Best is trial 91 with value: 0.06272606608570587.
[I 2026-08-17 10:38:02,408] Trial 95 finished with value: 0.0782185128417297 and parameters: {'rho_e': 8.25713500843253e-05, 'rho_d': 0.00012532475584443455, 'nu': 13, 'sigma': 0.26396166502640883}. Best is trial 91 with value: 0.06272606608570587.
[I 2026-08-17 10:38:53,204] Trial 96 finished with value: 0.09421963610117705 and parameters: {'rho_e': 0.0024547283980115068, 'rho_d': 305.22017701744807, 'nu': 17, 'sigma': 0.32786718698677975}. Best is trial 91 with value: 0.06272606608570587.
[I 2026-08-17 10:39:43,473] Trial 97 finished with value: 0.08239828056430301 and parameters: {'rho_e': 21.13367188708461, 'rho_d': 0.019753486361084704, 'nu': 14, 'sigma': 0.946528522698323}. Best is trial 91 with value: 0.06272606608570587.
[I 2026-08-17 10:40:33,514] Trial 98 finished with value: 0.0725186441780293 and parameters: {'rho_e': 0.07307392667419121, 'rho_d': 0.03432656436892995, 'nu': 25, 'sigma': 0.9790803255957043}. Best is trial 91 with value: 0.06272606608570587.
[I 2026-08-17 10:41:24,496] Trial 99 finished with value: 0.08333218629765232 and parameters: {'rho_e': 0.014400697832168036, 'rho_d': 0.2992169838775733, 'nu': 4, 'sigma': 0.6279299990703359}. Best is trial 91 with value: 0.06272606608570587.
[I 2026-08-17 10:42:17,843] Trial 100 finished with value: 0.06219062799475904 and parameters: {'rho_e': 0.22329961356520164, 'rho_d': 0.00022769182670103141, 'nu': 2, 'sigma': 0.7600984394531983}. Best is trial 100 with value: 0.06219062799475904.
[I 2026-08-17 10:43:06,122] Trial 101 finished with value: 0.07275846548585777 and parameters: {'rho_e': 6.60685532923281, 'rho_d': 1000.0, 'nu': 2, 'sigma': 0.07340626409801278}. Best is trial 100 with value: 0.06219062799475904.
[I 2026-08-17 10:43:56,337] Trial 102 finished with value: 0.06040013802570046 and parameters: {'rho_e': 0.20848737328348063, 'rho_d': 0.0011649224457486054, 'nu': 2, 'sigma': 0.6537210394372938}. Best is trial 102 with value: 0.06040013802570046.
[I 2026-08-17 10:44:47,203] Trial 103 finished with value: 0.06077685879288296 and parameters: {'rho_e': 0.2152212167598361, 'rho_d': 0.004092897976885888, 'nu': 2, 'sigma': 0.6018156007002521}. Best is trial 102 with value: 0.06040013802570046.
[I 2026-08-17 10:45:38,182] Trial 104 finished with value: 0.06164597487813433 and parameters: {'rho_e': 0.2562092016298607, 'rho_d': 0.001984183397833967, 'nu': 2, 'sigma': 0.6713465469325061}. Best is trial 102 with value: 0.06040013802570046.
[I 2026-08-17 10:46:29,100] Trial 105 finished with value: 0.059421262381608386 and parameters: {'rho_e': 0.15379331642868313, 'rho_d': 0.002453330661398868, 'nu': 2, 'sigma': 0.5641906510902949}. Best is trial 105 with value: 0.059421262381608386.
[I 2026-08-17 10:47:20,067] Trial 106 finished with value: 0.0601179855502045 and parameters: {'rho_e': 0.12758514863766612, 'rho_d': 0.002282546388819463, 'nu': 2, 'sigma': 0.5201557686292761}. Best is trial 105 with value: 0.059421262381608386.
[I 2026-08-17 10:48:10,722] Trial 107 finished with value: 0.06610400129030207 and parameters: {'rho_e': 0.06627827314393941, 'rho_d': 1e-05, 'nu': 36, 'sigma': 1.0}. Best is trial 105 with value: 0.059421262381608386.
[I 2026-08-17 10:49:00,871] Trial 108 finished with value: 0.07355724585676704 and parameters: {'rho_e': 0.016225562045650167, 'rho_d': 1e-05, 'nu': 36, 'sigma': 0.0}. Best is trial 105 with value: 0.059421262381608386.
[I 2026-08-17 10:49:51,802] Trial 109 finished with value: 0.06007280343672664 and parameters: {'rho_e': 0.12747482282929712, 'rho_d': 1e-05, 'nu': 2, 'sigma': 0.6011435789035936}. Best is trial 105 with value: 0.059421262381608386.
[I 2026-08-17 10:50:42,667] Trial 110 finished with value: 0.06629139105171268 and parameters: {'rho_e': 0.12520647667902027, 'rho_d': 1e-05, 'nu': 2, 'sigma': 1.0}. Best is trial 105 with value: 0.059421262381608386.
[I 2026-08-17 10:51:33,747] Trial 111 finished with value: 0.060057302854648026 and parameters: {'rho_e': 0.130810010006593, 'rho_d': 1e-05, 'nu': 2, 'sigma': 0.4491712379225793}. Best is trial 105 with value: 0.059421262381608386.
[I 2026-08-17 10:52:23,874] Trial 112 finished with value: 0.05956591041903643 and parameters: {'rho_e': 0.1289076025332182, 'rho_d': 0.00015220937872870288, 'nu': 2, 'sigma': 0.5063648158420543}. Best is trial 105 with value: 0.059421262381608386.
[I 2026-08-17 10:53:14,200] Trial 113 finished with value: 0.059954157181416674 and parameters: {'rho_e': 0.14043770852014203, 'rho_d': 0.0003135937022170518, 'nu': 2, 'sigma': 0.5127358417357999}. Best is trial 105 with value: 0.059421262381608386.
[I 2026-08-17 10:54:05,475] Trial 114 finished with value: 0.07825952032885795 and parameters: {'rho_e': 1e-05, 'rho_d': 1e-05, 'nu': 2, 'sigma': 0.0}. Best is trial 105 with value: 0.059421262381608386.
[I 2026-08-17 10:54:56,828] Trial 115 finished with value: 0.05997038153748353 and parameters: {'rho_e': 0.10893291919546312, 'rho_d': 4.795707716883585e-05, 'nu': 2, 'sigma': 0.5190560663886773}. Best is trial 105 with value: 0.059421262381608386.
[I 2026-08-17 10:55:47,132] Trial 116 finished with value: 0.0820801187272055 and parameters: {'rho_e': 1e-05, 'rho_d': 1e-05, 'nu': 36, 'sigma': 0.9999999999999999}. Best is trial 105 with value: 0.059421262381608386.
[I 2026-08-17 10:56:39,075] Trial 117 finished with value: 0.06570922919221601 and parameters: {'rho_e': 0.09766791809119232, 'rho_d': 1e-05, 'nu': 36, 'sigma': 0.5814551257479972}. Best is trial 105 with value: 0.059421262381608386.
[I 2026-08-17 10:57:31,183] Trial 118 finished with value: 0.06017709303174708 and parameters: {'rho_e': 0.17003445330093997, 'rho_d': 2.3483348286990515e-05, 'nu': 2, 'sigma': 0.5397387358756892}. Best is trial 105 with value: 0.059421262381608386.
[I 2026-08-17 10:58:22,560] Trial 119 finished with value: 0.06637083220431482 and parameters: {'rho_e': 0.12177028854540041, 'rho_d': 0.0016802923399653069, 'nu': 36, 'sigma': 0.6469168358456391}. Best is trial 105 with value: 0.059421262381608386.
[I 2026-08-17 10:59:15,293] Trial 120 finished with value: 0.05984993373684963 and parameters: {'rho_e': 0.12949845447484204, 'rho_d': 0.0005975852717999694, 'nu': 2, 'sigma': 0.5838969834058186}. Best is trial 105 with value: 0.059421262381608386.
[I 2026-08-17 11:00:08,234] Trial 121 finished with value: 0.08168352788214281 and parameters: {'rho_e': 0.003256406482228159, 'rho_d': 1e-05, 'nu': 36, 'sigma': 1.0}. Best is trial 105 with value: 0.059421262381608386.
[I 2026-08-17 11:01:01,362] Trial 122 finished with value: 0.05986116383327313 and parameters: {'rho_e': 0.14546740971035552, 'rho_d': 0.0009586443366346993, 'nu': 2, 'sigma': 0.48733216365530396}. Best is trial 105 with value: 0.059421262381608386.
[I 2026-08-17 11:01:54,664] Trial 123 finished with value: 0.07224697856986675 and parameters: {'rho_e': 9.204263335025134, 'rho_d': 1000.0, 'nu': 36, 'sigma': 0.2613033642916432}. Best is trial 105 with value: 0.059421262381608386.
[I 2026-08-17 11:02:47,835] Trial 124 finished with value: 0.059644007716236784 and parameters: {'rho_e': 0.13336338694781086, 'rho_d': 0.000785623968761804, 'nu': 2, 'sigma': 0.5799246497912065}. Best is trial 105 with value: 0.059421262381608386.
[I 2026-08-17 11:03:41,021] Trial 125 finished with value: 0.0706047202182217 and parameters: {'rho_e': 0.1882133012523024, 'rho_d': 7.046203504860852, 'nu': 2, 'sigma': 0.0}. Best is trial 105 with value: 0.059421262381608386.
[I 2026-08-17 11:04:34,022] Trial 126 finished with value: 0.06031890620352271 and parameters: {'rho_e': 0.0972227971876546, 'rho_d': 1e-05, 'nu': 2, 'sigma': 0.49009442581955254}. Best is trial 105 with value: 0.059421262381608386.
[I 2026-08-17 11:05:26,894] Trial 127 finished with value: 0.061465449336014444 and parameters: {'rho_e': 0.16843882319087644, 'rho_d': 0.02579566951872032, 'nu': 2, 'sigma': 0.44138686540158323}. Best is trial 105 with value: 0.059421262381608386.
[I 2026-08-17 11:06:19,670] Trial 128 finished with value: 0.07825952032885795 and parameters: {'rho_e': 1e-05, 'rho_d': 1e-05, 'nu': 36, 'sigma': 0.0}. Best is trial 105 with value: 0.059421262381608386.
[I 2026-08-17 11:07:12,322] Trial 129 finished with value: 0.08662153696252374 and parameters: {'rho_e': 1e-05, 'rho_d': 1e-05, 'nu': 2, 'sigma': 1.0}. Best is trial 105 with value: 0.059421262381608386.
[I 2026-08-17 11:08:04,779] Trial 130 finished with value: 0.05979678657696554 and parameters: {'rho_e': 0.13434243532069642, 'rho_d': 0.00013910931011198728, 'nu': 2, 'sigma': 0.5738674578897383}. Best is trial 105 with value: 0.059421262381608386.
[I 2026-08-17 11:08:57,215] Trial 131 finished with value: 0.08692007073621084 and parameters: {'rho_e': 56.304046361908135, 'rho_d': 999.999999999998, 'nu': 2, 'sigma': 1.0}. Best is trial 105 with value: 0.059421262381608386.
[I 2026-08-17 11:09:49,460] Trial 132 finished with value: 0.07825739849755457 and parameters: {'rho_e': 0.0003709414490842501, 'rho_d': 1e-05, 'nu': 36, 'sigma': 0.0}. Best is trial 105 with value: 0.059421262381608386.
[I 2026-08-17 11:10:41,595] Trial 133 finished with value: 0.07008219598671023 and parameters: {'rho_e': 0.1409483320473015, 'rho_d': 0.023148140841502074, 'nu': 36, 'sigma': 0.0}. Best is trial 105 with value: 0.059421262381608386.
[I 2026-08-17 11:11:33,597] Trial 134 finished with value: 0.059892004893653386 and parameters: {'rho_e': 0.13577549367036584, 'rho_d': 0.0020489615127350876, 'nu': 2, 'sigma': 0.6125294130165625}. Best is trial 105 with value: 0.059421262381608386.
[I 2026-08-17 11:12:25,511] Trial 135 finished with value: 0.05953050269151725 and parameters: {'rho_e': 0.15188376737028517, 'rho_d': 0.0008493398388579616, 'nu': 2, 'sigma': 0.5553843070708776}. Best is trial 105 with value: 0.059421262381608386.
[I 2026-08-17 11:13:16,559] Trial 136 finished with value: 0.06260331005892422 and parameters: {'rho_e': 0.12253203621400624, 'rho_d': 1e-05, 'nu': 10, 'sigma': 0.5479910908672259}. Best is trial 105 with value: 0.059421262381608386.
[I 2026-08-17 11:14:07,978] Trial 137 finished with value: 0.05946732175797531 and parameters: {'rho_e': 0.15139543906416023, 'rho_d': 0.0008731563804639483, 'nu': 2, 'sigma': 0.5584288296236478}. Best is trial 105 with value: 0.059421262381608386.
[I 2026-08-17 11:14:59,291] Trial 138 finished with value: 0.059536046426555765 and parameters: {'rho_e': 0.15254033132923034, 'rho_d': 0.0008823812999227974, 'nu': 2, 'sigma': 0.5596297786414288}. Best is trial 105 with value: 0.059421262381608386.
[I 2026-08-17 11:15:50,708] Trial 139 finished with value: 0.059421262381608386 and parameters: {'rho_e': 0.15379331642868313, 'rho_d': 0.002453330661398868, 'nu': 2, 'sigma': 0.5641906510902949}. Best is trial 105 with value: 0.059421262381608386.
[I 2026-08-17 11:16:41,809] Trial 140 finished with value: 0.059421262381608386 and parameters: {'rho_e': 0.15379331642868313, 'rho_d': 0.002453330661398868, 'nu': 2, 'sigma': 0.5641906510902949}. Best is trial 105 with value: 0.059421262381608386.
[I 2026-08-17 11:17:33,003] Trial 141 finished with value: 0.059421262381608386 and parameters: {'rho_e': 0.15379331642868313, 'rho_d': 0.002453330661398868, 'nu': 2, 'sigma': 0.5641906510902949}. Best is trial 105 with value: 0.059421262381608386.
[I 2026-08-17 11:18:24,155] Trial 142 finished with value: 0.05957220387045924 and parameters: {'rho_e': 0.15425171658638265, 'rho_d': 0.0013589327700333977, 'nu': 2, 'sigma': 0.5575458960263592}. Best is trial 105 with value: 0.059421262381608386.
[I 2026-08-17 11:19:15,345] Trial 143 finished with value: 0.07148495005988245 and parameters: {'rho_e': 0.9932086292444074, 'rho_d': 1e-05, 'nu': 2, 'sigma': 1.0}. Best is trial 105 with value: 0.059421262381608386.
[I 2026-08-17 11:20:06,471] Trial 144 finished with value: 0.05944347865493439 and parameters: {'rho_e': 0.15456353569539633, 'rho_d': 0.0013653517540745874, 'nu': 2, 'sigma': 0.5601878636992319}. Best is trial 105 with value: 0.059421262381608386.
[I 2026-08-17 11:20:57,517] Trial 145 finished with value: 0.059421262381608386 and parameters: {'rho_e': 0.15379331642868313, 'rho_d': 0.002453330661398868, 'nu': 2, 'sigma': 0.5641906510902949}. Best is trial 105 with value: 0.059421262381608386.
[I 2026-08-17 11:21:48,561] Trial 146 finished with value: 0.05945953073504019 and parameters: {'rho_e': 0.15546030804047542, 'rho_d': 0.001432568592269846, 'nu': 2, 'sigma': 0.5632658083830671}. Best is trial 105 with value: 0.059421262381608386.
[I 2026-08-17 11:22:38,844] Trial 147 finished with value: 0.059512210027515486 and parameters: {'rho_e': 0.15595560299256614, 'rho_d': 0.001444493533078672, 'nu': 2, 'sigma': 0.564964469917067}. Best is trial 105 with value: 0.059421262381608386.
[I 2026-08-17 11:23:30,747] Trial 148 finished with value: 0.05958238521476371 and parameters: {'rho_e': 0.15619173044274634, 'rho_d': 0.0014559711167547323, 'nu': 2, 'sigma': 0.5663387419498681}. Best is trial 105 with value: 0.059421262381608386.
[I 2026-08-17 11:24:21,591] Trial 149 finished with value: 0.059617131170588505 and parameters: {'rho_e': 0.15601753907444513, 'rho_d': 0.0014570955413760918, 'nu': 2, 'sigma': 0.5669859200050322}. Best is trial 105 with value: 0.059421262381608386.
[I 2026-08-17 11:25:12,496] Trial 150 finished with value: 0.059421262381608386 and parameters: {'rho_e': 0.15379331642868313, 'rho_d': 0.002453330661398868, 'nu': 2, 'sigma': 0.5641906510902949}. Best is trial 105 with value: 0.059421262381608386.
[I 2026-08-17 11:26:02,293] Trial 151 finished with value: 0.059421262381608386 and parameters: {'rho_e': 0.15379331642868313, 'rho_d': 0.002453330661398868, 'nu': 2, 'sigma': 0.5641906510902949}. Best is trial 105 with value: 0.059421262381608386.
[I 2026-08-17 11:26:53,287] Trial 152 finished with value: 0.0597698101355334 and parameters: {'rho_e': 0.15788490018917675, 'rho_d': 0.0016801519256319363, 'nu': 2, 'sigma': 0.5564355720760115}. Best is trial 105 with value: 0.059421262381608386.
[I 2026-08-17 11:27:44,290] Trial 153 finished with value: 0.059421262381608386 and parameters: {'rho_e': 0.15379331642868313, 'rho_d': 0.002453330661398868, 'nu': 2, 'sigma': 0.5641906510902949}. Best is trial 105 with value: 0.059421262381608386.
[I 2026-08-17 11:28:35,144] Trial 154 finished with value: 0.059421262381608386 and parameters: {'rho_e': 0.15379331642868313, 'rho_d': 0.002453330661398868, 'nu': 2, 'sigma': 0.5641906510902949}. Best is trial 105 with value: 0.059421262381608386.
[I 2026-08-17 11:29:25,083] Trial 155 finished with value: 0.059421262381608386 and parameters: {'rho_e': 0.15379331642868313, 'rho_d': 0.002453330661398868, 'nu': 2, 'sigma': 0.5641906510902949}. Best is trial 105 with value: 0.059421262381608386.
[I 2026-08-17 11:30:16,070] Trial 156 finished with value: 0.059421262381608386 and parameters: {'rho_e': 0.15379331642868313, 'rho_d': 0.002453330661398868, 'nu': 2, 'sigma': 0.5641906510902949}. Best is trial 105 with value: 0.059421262381608386.
[I 2026-08-17 11:31:07,057] Trial 157 finished with value: 0.059421262381608386 and parameters: {'rho_e': 0.15379331642868313, 'rho_d': 0.002453330661398868, 'nu': 2, 'sigma': 0.5641906510902949}. Best is trial 105 with value: 0.059421262381608386.
[I 2026-08-17 11:31:57,296] Trial 158 finished with value: 0.059421262381608386 and parameters: {'rho_e': 0.15379331642868313, 'rho_d': 0.002453330661398868, 'nu': 2, 'sigma': 0.5641906510902949}. Best is trial 105 with value: 0.059421262381608386.
[I 2026-08-17 11:32:48,251] Trial 159 finished with value: 0.059421262381608386 and parameters: {'rho_e': 0.15379331642868313, 'rho_d': 0.002453330661398868, 'nu': 2, 'sigma': 0.5641906510902949}. Best is trial 105 with value: 0.059421262381608386.
[I 2026-08-17 11:33:38,188] Trial 160 finished with value: 0.059421262381608386 and parameters: {'rho_e': 0.15379331642868313, 'rho_d': 0.002453330661398868, 'nu': 2, 'sigma': 0.5641906510902949}. Best is trial 105 with value: 0.059421262381608386.
[I 2026-08-17 11:34:29,073] Trial 161 finished with value: 0.059421262381608386 and parameters: {'rho_e': 0.15379331642868313, 'rho_d': 0.002453330661398868, 'nu': 2, 'sigma': 0.5641906510902949}. Best is trial 105 with value: 0.059421262381608386.
[I 2026-08-17 11:35:19,411] Trial 162 finished with value: 0.059421262381608386 and parameters: {'rho_e': 0.15379331642868313, 'rho_d': 0.002453330661398868, 'nu': 2, 'sigma': 0.5641906510902949}. Best is trial 105 with value: 0.059421262381608386.
[I 2026-08-17 11:36:10,907] Trial 163 finished with value: 0.059421262381608386 and parameters: {'rho_e': 0.15379331642868313, 'rho_d': 0.002453330661398868, 'nu': 2, 'sigma': 0.5641906510902949}. Best is trial 105 with value: 0.059421262381608386.
[I 2026-08-17 11:37:01,723] Trial 164 finished with value: 0.059421262381608386 and parameters: {'rho_e': 0.15379331642868313, 'rho_d': 0.002453330661398868, 'nu': 2, 'sigma': 0.5641906510902949}. Best is trial 105 with value: 0.059421262381608386.
[I 2026-08-17 11:37:53,234] Trial 165 finished with value: 0.05975048750490314 and parameters: {'rho_e': 0.15370025912163268, 'rho_d': 0.002063577581510238, 'nu': 2, 'sigma': 0.5870529232310295}. Best is trial 105 with value: 0.059421262381608386.
[I 2026-08-17 11:38:44,732] Trial 166 finished with value: 0.059421262381608386 and parameters: {'rho_e': 0.15379331642868313, 'rho_d': 0.002453330661398868, 'nu': 2, 'sigma': 0.5641906510902949}. Best is trial 105 with value: 0.059421262381608386.
[I 2026-08-17 11:39:36,152] Trial 167 finished with value: 0.059421262381608386 and parameters: {'rho_e': 0.15379331642868313, 'rho_d': 0.002453330661398868, 'nu': 2, 'sigma': 0.5641906510902949}. Best is trial 105 with value: 0.059421262381608386.
[I 2026-08-17 11:40:27,774] Trial 168 finished with value: 0.05973963429872339 and parameters: {'rho_e': 0.15828631810849345, 'rho_d': 0.0022594576751070066, 'nu': 2, 'sigma': 0.5417862196019371}. Best is trial 105 with value: 0.059421262381608386.
[I 2026-08-17 11:41:18,695] Trial 169 finished with value: 0.05991652182003607 and parameters: {'rho_e': 0.14869047000374463, 'rho_d': 0.0033277482199953546, 'nu': 2, 'sigma': 0.585470251305186}. Best is trial 105 with value: 0.059421262381608386.
[I 2026-08-17 11:42:10,204] Trial 170 finished with value: 0.05982699350130581 and parameters: {'rho_e': 0.15772482993526218, 'rho_d': 0.00191217072255126, 'nu': 2, 'sigma': 0.5430242516294859}. Best is trial 105 with value: 0.059421262381608386.
[I 2026-08-17 11:43:00,866] Trial 171 finished with value: 0.09820661366684943 and parameters: {'rho_e': 1e-05, 'rho_d': 1000.0, 'nu': 36, 'sigma': 1.0}. Best is trial 105 with value: 0.059421262381608386.
[I 2026-08-17 11:43:52,456] Trial 172 finished with value: 0.08661982047029884 and parameters: {'rho_e': 0.0003223261306263638, 'rho_d': 1e-05, 'nu': 2, 'sigma': 1.0}. Best is trial 105 with value: 0.059421262381608386.
[I 2026-08-17 11:44:43,992] Trial 173 finished with value: 0.059856375945158316 and parameters: {'rho_e': 0.12830405277307375, 'rho_d': 4.925583117559064e-05, 'nu': 2, 'sigma': 0.46483058495816043}. Best is trial 105 with value: 0.059421262381608386.
[I 2026-08-17 11:45:34,963] Trial 174 finished with value: 0.07973809398135522 and parameters: {'rho_e': 1000.0, 'rho_d': 1e-05, 'nu': 2, 'sigma': 1.0}. Best is trial 105 with value: 0.059421262381608386.
[I 2026-08-17 11:46:26,566] Trial 175 finished with value: 0.059421262381608386 and parameters: {'rho_e': 0.15379331642868313, 'rho_d': 0.002453330661398868, 'nu': 2, 'sigma': 0.5641906510902949}. Best is trial 105 with value: 0.059421262381608386.
[I 2026-08-17 11:47:18,045] Trial 176 finished with value: 0.059421262381608386 and parameters: {'rho_e': 0.15379331642868313, 'rho_d': 0.002453330661398868, 'nu': 2, 'sigma': 0.5641906510902949}. Best is trial 105 with value: 0.059421262381608386.
[I 2026-08-17 11:48:09,607] Trial 177 finished with value: 0.059421262381608386 and parameters: {'rho_e': 0.15379331642868313, 'rho_d': 0.002453330661398868, 'nu': 2, 'sigma': 0.5641906510902949}. Best is trial 105 with value: 0.059421262381608386.
[I 2026-08-17 11:49:01,274] Trial 178 finished with value: 0.06853099588322704 and parameters: {'rho_e': 0.10511046356685508, 'rho_d': 1e-05, 'nu': 36, 'sigma': 0.0}. Best is trial 105 with value: 0.059421262381608386.
