/home/gterren/dynamic_update/functional_forecast_dynamic_update/scripts/validate_zone_ffc_mpi.py:673: ExperimentalWarning: GPSampler is experimental (supported from v3.6.0). The interface can change in the future.
  sampler=GPSampler(seed=SEED, n_startup_trials=0)
[I 2026-08-16 13:17:10,725] A new study created in memory with name: no-name-7144dead-9e0a-4224-b0f6-166fdf1806ad
[I 2026-08-16 13:17:42,104] Trial 0 finished with value: 0.0888499494287806 and parameters: {'rho_e': 0.05130538765211261, 'rho_d': 159.34360042487788, 'nu': 12, 'sigma': 0.5084229902414978}. Best is trial 0 with value: 0.0888499494287806.
[I 2026-08-16 13:18:13,374] Trial 1 finished with value: 0.09130304235764485 and parameters: {'rho_e': 0.0005122558519380855, 'rho_d': 32.425410862105856, 'nu': 22, 'sigma': 0.16229555546785135}. Best is trial 0 with value: 0.0888499494287806.
[I 2026-08-16 13:18:44,667] Trial 2 finished with value: 0.10088843630267547 and parameters: {'rho_e': 0.0002907002396614678, 'rho_d': 1.0681430010997222, 'nu': 25, 'sigma': 0.3175015924783596}. Best is trial 0 with value: 0.0888499494287806.
[I 2026-08-16 13:19:15,196] Trial 3 finished with value: 0.08064283374005596 and parameters: {'rho_e': 0.15459819014696047, 'rho_d': 0.007049018290446209, 'nu': 28, 'sigma': 0.8939081311539592}. Best is trial 3 with value: 0.08064283374005596.
[I 2026-08-16 13:19:46,330] Trial 4 finished with value: 0.10051322688825184 and parameters: {'rho_e': 0.00024972829950657623, 'rho_d': 0.10788381977150274, 'nu': 30, 'sigma': 0.6043613758865917}. Best is trial 3 with value: 0.08064283374005596.
[I 2026-08-16 13:20:17,415] Trial 5 finished with value: 0.08763209730261419 and parameters: {'rho_e': 0.07054778164641946, 'rho_d': 3.4019708794999226, 'nu': 29, 'sigma': 0.8677123527003876}. Best is trial 3 with value: 0.08064283374005596.
[I 2026-08-16 13:20:48,166] Trial 6 finished with value: 0.1010280869028021 and parameters: {'rho_e': 0.0011413998300874072, 'rho_d': 9.6498684474939, 'nu': 14, 'sigma': 0.6969082969982466}. Best is trial 3 with value: 0.08064283374005596.
[I 2026-08-16 13:21:18,597] Trial 7 finished with value: 0.1025859886812723 and parameters: {'rho_e': 6.71469489641359, 'rho_d': 14.596686740186136, 'nu': 16, 'sigma': 0.8011852333787559}. Best is trial 3 with value: 0.08064283374005596.
[I 2026-08-16 13:21:49,412] Trial 8 finished with value: 0.08686809987361481 and parameters: {'rho_e': 0.0005780690544240158, 'rho_d': 0.00043046789416559814, 'nu': 26, 'sigma': 0.13315700209173578}. Best is trial 3 with value: 0.08064283374005596.
[I 2026-08-16 13:22:19,756] Trial 9 finished with value: 0.09080641025444885 and parameters: {'rho_e': 0.041180130735989355, 'rho_d': 1.9040208927154505, 'nu': 24, 'sigma': 0.6876618828967466}. Best is trial 3 with value: 0.08064283374005596.
[I 2026-08-16 13:22:50,556] Trial 10 finished with value: 0.09176693145311494 and parameters: {'rho_e': 10.94333458673787, 'rho_d': 0.8502427099286538, 'nu': 7, 'sigma': 0.7948271525840304}. Best is trial 3 with value: 0.08064283374005596.
[I 2026-08-16 13:23:16,524] Trial 11 finished with value: 0.09453159645123689 and parameters: {'rho_e': 2.056806631301449, 'rho_d': 0.23908519674375642, 'nu': 24, 'sigma': 0.6495743209699272}. Best is trial 3 with value: 0.08064283374005596.
[I 2026-08-16 13:23:43,255] Trial 12 finished with value: 0.10051467104582612 and parameters: {'rho_e': 22.16091413397793, 'rho_d': 102.42837154457695, 'nu': 13, 'sigma': 0.7166522443837102}. Best is trial 3 with value: 0.08064283374005596.
[I 2026-08-16 13:24:13,474] Trial 13 finished with value: 0.09609261917464906 and parameters: {'rho_e': 495.0826114594978, 'rho_d': 0.7034133659876444, 'nu': 20, 'sigma': 0.424043330246107}. Best is trial 3 with value: 0.08064283374005596.
[I 2026-08-16 13:24:45,044] Trial 14 finished with value: 0.10019936830160703 and parameters: {'rho_e': 2.559282706211498, 'rho_d': 0.05194142367219997, 'nu': 34, 'sigma': 0.25710944934785357}. Best is trial 3 with value: 0.08064283374005596.
[I 2026-08-16 13:25:15,796] Trial 15 finished with value: 0.09830485245554478 and parameters: {'rho_e': 1.0450851317782563, 'rho_d': 0.0002904738250813984, 'nu': 4, 'sigma': 0.08248947477806663}. Best is trial 3 with value: 0.08064283374005596.
[I 2026-08-16 13:25:46,130] Trial 16 finished with value: 0.09707533084540514 and parameters: {'rho_e': 1.732836016647159e-05, 'rho_d': 7.756201103940586, 'nu': 31, 'sigma': 0.26096072329647446}. Best is trial 3 with value: 0.08064283374005596.
[I 2026-08-16 13:26:16,948] Trial 17 finished with value: 0.09124978974408247 and parameters: {'rho_e': 0.0027023941445373633, 'rho_d': 1.0960063409825168e-05, 'nu': 25, 'sigma': 0.7385525606770245}. Best is trial 3 with value: 0.08064283374005596.
[I 2026-08-16 13:26:46,952] Trial 18 finished with value: 0.08939175167969848 and parameters: {'rho_e': 1.333196146382448, 'rho_d': 0.0232324191813232, 'nu': 17, 'sigma': 0.541989422929672}. Best is trial 3 with value: 0.08064283374005596.
[I 2026-08-16 13:27:17,672] Trial 19 finished with value: 0.07663179605239237 and parameters: {'rho_e': 0.01664552594325546, 'rho_d': 8.466433407869235e-05, 'nu': 12, 'sigma': 0.14563709443610734}. Best is trial 19 with value: 0.07663179605239237.
[I 2026-08-16 13:27:48,075] Trial 20 finished with value: 0.08248062639653128 and parameters: {'rho_e': 0.02383027986408138, 'rho_d': 4.927016917702346e-05, 'nu': 8, 'sigma': 0.8171559094972686}. Best is trial 19 with value: 0.07663179605239237.
[I 2026-08-16 13:28:20,095] Trial 21 finished with value: 0.0767237708934152 and parameters: {'rho_e': 0.9012711003651388, 'rho_d': 668.732952040831, 'nu': 24, 'sigma': 0.21269131317002835}. Best is trial 19 with value: 0.07663179605239237.
[I 2026-08-16 13:28:51,600] Trial 22 finished with value: 0.1103578898355638 and parameters: {'rho_e': 825.5725328833008, 'rho_d': 0.0012077093299815295, 'nu': 32, 'sigma': 0.0534397398167166}. Best is trial 19 with value: 0.07663179605239237.
[I 2026-08-16 13:29:23,174] Trial 23 finished with value: 0.1109016859174894 and parameters: {'rho_e': 53.17700384806444, 'rho_d': 0.0020074036375338136, 'nu': 10, 'sigma': 0.01639415453224614}. Best is trial 19 with value: 0.07663179605239237.
[I 2026-08-16 13:29:53,902] Trial 24 finished with value: 0.0911873645990415 and parameters: {'rho_e': 3.0728210731476913, 'rho_d': 3.386987856442567e-05, 'nu': 23, 'sigma': 0.6158860973553404}. Best is trial 19 with value: 0.07663179605239237.
[I 2026-08-16 13:30:24,999] Trial 25 finished with value: 0.07626912088820964 and parameters: {'rho_e': 0.06909225110210694, 'rho_d': 0.003566916489887744, 'nu': 28, 'sigma': 0.8894633752708715}. Best is trial 25 with value: 0.07626912088820964.
[I 2026-08-16 13:30:54,905] Trial 26 finished with value: 0.09313688193865262 and parameters: {'rho_e': 0.0013309501353172594, 'rho_d': 43.621962576663485, 'nu': 10, 'sigma': 0.4438207150452868}. Best is trial 25 with value: 0.07626912088820964.
[I 2026-08-16 13:31:26,457] Trial 27 finished with value: 0.09558884235364193 and parameters: {'rho_e': 0.0007561178177340193, 'rho_d': 0.00037107592977927707, 'nu': 5, 'sigma': 0.7542423189312096}. Best is trial 25 with value: 0.07626912088820964.
[I 2026-08-16 13:31:57,817] Trial 28 finished with value: 0.1054768632134778 and parameters: {'rho_e': 281.93024316234624, 'rho_d': 0.18329657510425618, 'nu': 34, 'sigma': 0.230645877960256}. Best is trial 25 with value: 0.07626912088820964.
[I 2026-08-16 13:32:29,402] Trial 29 finished with value: 0.09397717566406535 and parameters: {'rho_e': 0.01189512082322422, 'rho_d': 12.498583596127744, 'nu': 29, 'sigma': 0.1288615739079443}. Best is trial 25 with value: 0.07626912088820964.
[I 2026-08-16 13:33:00,961] Trial 30 finished with value: 0.08704347360553812 and parameters: {'rho_e': 0.14346363617445182, 'rho_d': 0.4145893546161153, 'nu': 18, 'sigma': 0.4598907863083959}. Best is trial 25 with value: 0.07626912088820964.
[I 2026-08-16 13:33:32,528] Trial 31 finished with value: 0.09501838726168607 and parameters: {'rho_e': 423.02701724807093, 'rho_d': 0.0021938817027226543, 'nu': 21, 'sigma': 0.49421510870665714}. Best is trial 25 with value: 0.07626912088820964.
[I 2026-08-16 13:34:04,134] Trial 32 finished with value: 0.0985252175592595 and parameters: {'rho_e': 63.644069072407845, 'rho_d': 1.5451288726341956, 'nu': 22, 'sigma': 0.3441378547418572}. Best is trial 25 with value: 0.07626912088820964.
[I 2026-08-16 13:34:35,610] Trial 33 finished with value: 0.10731205910667965 and parameters: {'rho_e': 132.08663328501328, 'rho_d': 0.0005567785679076391, 'nu': 16, 'sigma': 0.09398481847775952}. Best is trial 25 with value: 0.07626912088820964.
[I 2026-08-16 13:35:07,088] Trial 34 finished with value: 0.09747038712506836 and parameters: {'rho_e': 1.266865144400304e-05, 'rho_d': 0.12330926471931568, 'nu': 35, 'sigma': 0.04921549418843673}. Best is trial 25 with value: 0.07626912088820964.
[I 2026-08-16 13:35:38,599] Trial 35 finished with value: 0.1039486199388098 and parameters: {'rho_e': 3.8192786276578287e-05, 'rho_d': 28.716774855808982, 'nu': 6, 'sigma': 0.974459664061737}. Best is trial 25 with value: 0.07626912088820964.
[I 2026-08-16 13:36:10,170] Trial 36 finished with value: 0.08097831523271436 and parameters: {'rho_e': 0.21140465460326044, 'rho_d': 0.011576477952224494, 'nu': 19, 'sigma': 0.5896716402694026}. Best is trial 25 with value: 0.07626912088820964.
[I 2026-08-16 13:36:41,769] Trial 37 finished with value: 0.10723636904133346 and parameters: {'rho_e': 34.15359717004281, 'rho_d': 1.9808268031354162e-05, 'nu': 25, 'sigma': 0.11978853148141448}. Best is trial 25 with value: 0.07626912088820964.
[I 2026-08-16 13:37:13,279] Trial 38 finished with value: 0.09852823544280048 and parameters: {'rho_e': 0.0008318890373154131, 'rho_d': 3.0189195105021565, 'nu': 31, 'sigma': 0.5295877815244101}. Best is trial 25 with value: 0.07626912088820964.
[I 2026-08-16 13:37:44,741] Trial 39 finished with value: 0.08452014435286773 and parameters: {'rho_e': 3.4876488231296725, 'rho_d': 115.8870391749511, 'nu': 19, 'sigma': 0.8570796566424906}. Best is trial 25 with value: 0.07626912088820964.
[I 2026-08-16 13:38:16,277] Trial 40 finished with value: 0.08932135033860752 and parameters: {'rho_e': 3.202990709440797e-05, 'rho_d': 3.8688248370249687e-05, 'nu': 26, 'sigma': 0.5531228164654773}. Best is trial 25 with value: 0.07626912088820964.
[I 2026-08-16 13:38:47,829] Trial 41 finished with value: 0.0938969582143564 and parameters: {'rho_e': 0.020413897802171923, 'rho_d': 2.4656123657291036, 'nu': 17, 'sigma': 0.4709575418027467}. Best is trial 25 with value: 0.07626912088820964.
[I 2026-08-16 13:39:19,420] Trial 42 finished with value: 0.10171787941405047 and parameters: {'rho_e': 120.707712640029, 'rho_d': 0.0038708397542804476, 'nu': 33, 'sigma': 0.3671158717025286}. Best is trial 25 with value: 0.07626912088820964.
[I 2026-08-16 13:39:50,968] Trial 43 finished with value: 0.08444722039705886 and parameters: {'rho_e': 0.08677285334720536, 'rho_d': 0.03262622815627771, 'nu': 3, 'sigma': 0.7626829064027205}. Best is trial 25 with value: 0.07626912088820964.
[I 2026-08-16 13:40:22,411] Trial 44 finished with value: 0.08162361084459487 and parameters: {'rho_e': 0.3196327995848152, 'rho_d': 0.01069136100689396, 'nu': 7, 'sigma': 0.5187480928965137}. Best is trial 25 with value: 0.07626912088820964.
[I 2026-08-16 13:40:54,037] Trial 45 finished with value: 0.09255292296099071 and parameters: {'rho_e': 0.010924065366585245, 'rho_d': 385.5198059907951, 'nu': 15, 'sigma': 0.1002787895673072}. Best is trial 25 with value: 0.07626912088820964.
[I 2026-08-16 13:41:25,637] Trial 46 finished with value: 0.09091067753307731 and parameters: {'rho_e': 0.00014924794676755124, 'rho_d': 76.77587657498614, 'nu': 8, 'sigma': 0.1748479160920512}. Best is trial 25 with value: 0.07626912088820964.
[I 2026-08-16 13:41:57,195] Trial 47 finished with value: 0.09647355124766246 and parameters: {'rho_e': 5.643387330174131, 'rho_d': 0.0001526698469632002, 'nu': 15, 'sigma': 0.29707041249836325}. Best is trial 25 with value: 0.07626912088820964.
[I 2026-08-16 13:42:28,733] Trial 48 finished with value: 0.09282116795927445 and parameters: {'rho_e': 186.81288658037974, 'rho_d': 5.596886015412078, 'nu': 17, 'sigma': 0.6372973489216365}. Best is trial 25 with value: 0.07626912088820964.
[I 2026-08-16 13:43:00,100] Trial 49 finished with value: 0.09827647014255367 and parameters: {'rho_e': 0.0036848822471749984, 'rho_d': 0.022516403021388742, 'nu': 22, 'sigma': 0.7232218394328277}. Best is trial 25 with value: 0.07626912088820964.
[I 2026-08-16 13:43:31,714] Trial 50 finished with value: 0.09445196666260006 and parameters: {'rho_e': 0.00011048364266781098, 'rho_d': 0.0411193245896246, 'nu': 31, 'sigma': 0.20805584137381047}. Best is trial 25 with value: 0.07626912088820964.
[I 2026-08-16 13:44:03,266] Trial 51 finished with value: 0.08919160782306113 and parameters: {'rho_e': 0.3751427078167346, 'rho_d': 726.3302795991754, 'nu': 11, 'sigma': 0.8378188296523077}. Best is trial 25 with value: 0.07626912088820964.
[I 2026-08-16 13:44:34,854] Trial 52 finished with value: 0.09602523631939022 and parameters: {'rho_e': 0.0031221891544329547, 'rho_d': 11.155095941332075, 'nu': 36, 'sigma': 0.06314301806580355}. Best is trial 25 with value: 0.07626912088820964.
[I 2026-08-16 13:45:06,421] Trial 53 finished with value: 0.08907639237564056 and parameters: {'rho_e': 9.533775238416124e-05, 'rho_d': 0.00013003584925736015, 'nu': 33, 'sigma': 0.6234279648307336}. Best is trial 25 with value: 0.07626912088820964.
[I 2026-08-16 13:45:37,876] Trial 54 finished with value: 0.08436556257278721 and parameters: {'rho_e': 0.7294242480541165, 'rho_d': 1.3539652813413604e-05, 'nu': 4, 'sigma': 0.8435634030841942}. Best is trial 25 with value: 0.07626912088820964.
[I 2026-08-16 13:46:09,413] Trial 55 finished with value: 0.09808724838927893 and parameters: {'rho_e': 6.493179246985206e-05, 'rho_d': 0.018481900198821115, 'nu': 30, 'sigma': 0.9329030484397383}. Best is trial 25 with value: 0.07626912088820964.
[I 2026-08-16 13:46:40,341] Trial 56 finished with value: 0.08682259172404441 and parameters: {'rho_e': 2.490614456858246e-05, 'rho_d': 0.0016802687337611668, 'nu': 30, 'sigma': 0.1569738359527891}. Best is trial 25 with value: 0.07626912088820964.
[I 2026-08-16 13:47:12,007] Trial 57 finished with value: 0.10792805201652549 and parameters: {'rho_e': 109.02064252307345, 'rho_d': 50.26604657464007, 'nu': 11, 'sigma': 0.18232262632483398}. Best is trial 25 with value: 0.07626912088820964.
[I 2026-08-16 13:47:43,629] Trial 58 finished with value: 0.09691282378984961 and parameters: {'rho_e': 0.013626777049800911, 'rho_d': 1.1386832983056452, 'nu': 28, 'sigma': 0.03390079504548418}. Best is trial 25 with value: 0.07626912088820964.
[I 2026-08-16 13:48:15,129] Trial 59 finished with value: 0.0997731657661239 and parameters: {'rho_e': 0.007482081968946405, 'rho_d': 0.15837749528517273, 'nu': 26, 'sigma': 0.35737382282517394}. Best is trial 25 with value: 0.07626912088820964.
[I 2026-08-16 13:48:46,605] Trial 60 finished with value: 0.09898634025712949 and parameters: {'rho_e': 0.002053258949656858, 'rho_d': 4.0962499533039205, 'nu': 13, 'sigma': 0.46979061556878776}. Best is trial 25 with value: 0.07626912088820964.
[I 2026-08-16 13:49:18,256] Trial 61 finished with value: 0.10088216449693205 and parameters: {'rho_e': 690.0311644274273, 'rho_d': 894.2147515922587, 'nu': 27, 'sigma': 0.7469698190412718}. Best is trial 25 with value: 0.07626912088820964.
[I 2026-08-16 13:49:49,882] Trial 62 finished with value: 0.09337604391189228 and parameters: {'rho_e': 47.89014936258288, 'rho_d': 9.168236881179045e-05, 'nu': 19, 'sigma': 0.5727288841940168}. Best is trial 25 with value: 0.07626912088820964.
[I 2026-08-16 13:50:21,481] Trial 63 finished with value: 0.09714985635874389 and parameters: {'rho_e': 38.12372931180452, 'rho_d': 6.4099240126027555, 'nu': 21, 'sigma': 0.9923102418499551}. Best is trial 25 with value: 0.07626912088820964.
[I 2026-08-16 13:50:53,056] Trial 64 finished with value: 0.10181318847682697 and parameters: {'rho_e': 259.94253079705385, 'rho_d': 0.09638137903454169, 'nu': 36, 'sigma': 0.3927531943520083}. Best is trial 25 with value: 0.07626912088820964.
[I 2026-08-16 13:51:24,537] Trial 65 finished with value: 0.07767241491683324 and parameters: {'rho_e': 0.03657071823252119, 'rho_d': 0.004522379364698514, 'nu': 4, 'sigma': 0.4854863035598044}. Best is trial 25 with value: 0.07626912088820964.
[I 2026-08-16 13:51:56,143] Trial 66 finished with value: 0.09262412987276918 and parameters: {'rho_e': 0.005432288919654041, 'rho_d': 20.834828754666525, 'nu': 34, 'sigma': 0.07329994970455685}. Best is trial 25 with value: 0.07626912088820964.
[I 2026-08-16 13:52:27,738] Trial 67 finished with value: 0.10210297050810904 and parameters: {'rho_e': 0.000478127584539193, 'rho_d': 0.008928583634641437, 'nu': 6, 'sigma': 0.9454319472183293}. Best is trial 25 with value: 0.07626912088820964.
[I 2026-08-16 13:52:59,339] Trial 68 finished with value: 0.10210524318782774 and parameters: {'rho_e': 194.07297008746949, 'rho_d': 65.8028326539759, 'nu': 8, 'sigma': 0.32241000999044095}. Best is trial 25 with value: 0.07626912088820964.
[I 2026-08-16 13:53:30,950] Trial 69 finished with value: 0.09789353783680593 and parameters: {'rho_e': 1.878968277539725e-05, 'rho_d': 0.00026853645690385263, 'nu': 2, 'sigma': 0.9633222108226387}. Best is trial 25 with value: 0.07626912088820964.
[I 2026-08-16 13:54:02,355] Trial 70 finished with value: 0.09595305367269194 and parameters: {'rho_e': 1.0814167941776005e-05, 'rho_d': 0.06733407630939071, 'nu': 20, 'sigma': 0.19868344705311058}. Best is trial 25 with value: 0.07626912088820964.
[I 2026-08-16 13:54:33,943] Trial 71 finished with value: 0.09600872610925373 and parameters: {'rho_e': 0.00016803293739832122, 'rho_d': 473.98055311881023, 'nu': 14, 'sigma': 0.3379590550462185}. Best is trial 25 with value: 0.07626912088820964.
[I 2026-08-16 13:55:05,510] Trial 72 finished with value: 0.100473088466284 and parameters: {'rho_e': 4.614300865458859e-05, 'rho_d': 0.5417236679935402, 'nu': 32, 'sigma': 0.00983145075470137}. Best is trial 25 with value: 0.07626912088820964.
[I 2026-08-16 13:55:37,123] Trial 73 finished with value: 0.1103062222062035 and parameters: {'rho_e': 0.0021054046534932907, 'rho_d': 0.3139444515952875, 'nu': 11, 'sigma': 0.9051310687927652}. Best is trial 25 with value: 0.07626912088820964.
[I 2026-08-16 13:56:08,710] Trial 74 finished with value: 0.09602295753555515 and parameters: {'rho_e': 0.005126029066137056, 'rho_d': 133.57309518031505, 'nu': 9, 'sigma': 0.40907520970435357}. Best is trial 25 with value: 0.07626912088820964.
[I 2026-08-16 13:56:40,130] Trial 75 finished with value: 0.08837335079505515 and parameters: {'rho_e': 1.097453168456264, 'rho_d': 7.459101637038071e-05, 'nu': 15, 'sigma': 0.9288519617449775}. Best is trial 25 with value: 0.07626912088820964.
[I 2026-08-16 13:57:11,745] Trial 76 finished with value: 0.0969915626145311 and parameters: {'rho_e': 86.68473071175217, 'rho_d': 2.328856054045838e-05, 'nu': 5, 'sigma': 0.2440468020024129}. Best is trial 25 with value: 0.07626912088820964.
[I 2026-08-16 13:57:43,346] Trial 77 finished with value: 0.09053982060091519 and parameters: {'rho_e': 0.5719166904811707, 'rho_d': 0.014704072191847684, 'nu': 21, 'sigma': 0.3045674779953614}. Best is trial 25 with value: 0.07626912088820964.
[I 2026-08-16 13:58:14,896] Trial 78 finished with value: 0.08861999277328184 and parameters: {'rho_e': 7.161390124383581, 'rho_d': 0.038841803280178396, 'nu': 6, 'sigma': 0.8763650818366417}. Best is trial 25 with value: 0.07626912088820964.
[I 2026-08-16 13:58:46,529] Trial 79 finished with value: 0.09159267951159032 and parameters: {'rho_e': 0.44268133414363114, 'rho_d': 0.25751719389310535, 'nu': 16, 'sigma': 0.7891758883902007}. Best is trial 25 with value: 0.07626912088820964.
[I 2026-08-16 13:59:18,028] Trial 80 finished with value: 0.08922060779222973 and parameters: {'rho_e': 4.497236583093951, 'rho_d': 5.5036202489056365e-05, 'nu': 12, 'sigma': 0.7036543114191908}. Best is trial 25 with value: 0.07626912088820964.
[I 2026-08-16 13:59:49,561] Trial 81 finished with value: 0.08842055736853677 and parameters: {'rho_e': 0.11281004891687561, 'rho_d': 0.078730953578376, 'nu': 2, 'sigma': 0.9590092049956432}. Best is trial 25 with value: 0.07626912088820964.
[I 2026-08-16 14:00:21,118] Trial 82 finished with value: 0.0927413049716205 and parameters: {'rho_e': 0.0015977160869099062, 'rho_d': 316.8143702933896, 'nu': 35, 'sigma': 0.2829620637460863}. Best is trial 25 with value: 0.07626912088820964.
[I 2026-08-16 14:00:52,720] Trial 83 finished with value: 0.08732829465765093 and parameters: {'rho_e': 13.051164193664768, 'rho_d': 0.006117279443072486, 'nu': 4, 'sigma': 0.7747761550310729}. Best is trial 25 with value: 0.07626912088820964.
[I 2026-08-16 14:01:24,339] Trial 84 finished with value: 0.07996885663500752 and parameters: {'rho_e': 0.1874527111303846, 'rho_d': 0.0007518692086726012, 'nu': 20, 'sigma': 0.6734216001444787}. Best is trial 25 with value: 0.07626912088820964.
[I 2026-08-16 14:01:55,818] Trial 85 finished with value: 0.08890959550935926 and parameters: {'rho_e': 1.7519472685375101, 'rho_d': 0.0029439952080665996, 'nu': 10, 'sigma': 0.9197262229452866}. Best is trial 25 with value: 0.07626912088820964.
[I 2026-08-16 14:02:27,309] Trial 86 finished with value: 0.09379817967171072 and parameters: {'rho_e': 2.5646508005764416e-05, 'rho_d': 21.407958410715413, 'nu': 9, 'sigma': 0.3759604652136845}. Best is trial 25 with value: 0.07626912088820964.
[I 2026-08-16 14:02:59,022] Trial 87 finished with value: 0.09601427822045713 and parameters: {'rho_e': 8.709574300757826, 'rho_d': 1.7211132219514293e-05, 'nu': 33, 'sigma': 0.5939331122209633}. Best is trial 25 with value: 0.07626912088820964.
