/home/gterren/dynamic_update/functional_forecast_dynamic_update/scripts/validate_zone_ffc_mpi.py:673: ExperimentalWarning: GPSampler is experimental (supported from v3.6.0). The interface can change in the future.
  sampler=GPSampler(seed=SEED, n_startup_trials=0)
[I 2026-08-16 11:29:18,939] A new study created in memory with name: no-name-6c702455-683e-4a93-a701-7bea45b6bada
[I 2026-08-16 11:29:44,893] Trial 0 finished with value: 0.10867846937499841 and parameters: {'rho_e': 320.48049270601035, 'rho_d': 7.333720044069125e-05, 'nu': 34, 'sigma': 0.34161895725503777}. Best is trial 0 with value: 0.10867846937499841.
[I 2026-08-16 11:30:10,452] Trial 1 finished with value: 0.0910213652880672 and parameters: {'rho_e': 714.2318580621164, 'rho_d': 7.880301998103747, 'nu': 14, 'sigma': 0.5640663113520826}. Best is trial 1 with value: 0.0910213652880672.
[I 2026-08-16 11:30:35,793] Trial 2 finished with value: 0.0888395421665797 and parameters: {'rho_e': 90.68365035523885, 'rho_d': 97.28200063020995, 'nu': 15, 'sigma': 0.6170686539921842}. Best is trial 2 with value: 0.0888395421665797.
[I 2026-08-16 11:31:01,812] Trial 3 finished with value: 0.1228967552581226 and parameters: {'rho_e': 34.09764974093975, 'rho_d': 1.8123134792657378, 'nu': 12, 'sigma': 0.03955694153629689}. Best is trial 2 with value: 0.0888395421665797.
[I 2026-08-16 11:31:27,472] Trial 4 finished with value: 0.08254800208509978 and parameters: {'rho_e': 0.03475995405019492, 'rho_d': 0.11138976964905928, 'nu': 7, 'sigma': 0.546009361076742}. Best is trial 4 with value: 0.08254800208509978.
[I 2026-08-16 11:31:52,766] Trial 5 finished with value: 0.08407399321186099 and parameters: {'rho_e': 3.807181325856371e-05, 'rho_d': 0.000138354297677471, 'nu': 9, 'sigma': 0.32339670371682033}. Best is trial 4 with value: 0.08254800208509978.
[I 2026-08-16 11:32:18,735] Trial 6 finished with value: 0.104814085729749 and parameters: {'rho_e': 5.553831725156411e-05, 'rho_d': 0.0005916483668115688, 'nu': 3, 'sigma': 0.8983600164394779}. Best is trial 4 with value: 0.08254800208509978.
[I 2026-08-16 11:32:44,426] Trial 7 finished with value: 0.09209011442081005 and parameters: {'rho_e': 0.0002147046480063219, 'rho_d': 17.176405562094168, 'nu': 32, 'sigma': 0.16345900097034335}. Best is trial 4 with value: 0.08254800208509978.
[I 2026-08-16 11:33:09,086] Trial 8 finished with value: 0.09283175802328708 and parameters: {'rho_e': 0.00039295529172662095, 'rho_d': 0.008983614558532275, 'nu': 19, 'sigma': 0.672973803669145}. Best is trial 4 with value: 0.08254800208509978.
[I 2026-08-16 11:33:34,444] Trial 9 finished with value: 0.07537714817152646 and parameters: {'rho_e': 0.3297833201098901, 'rho_d': 9.211714948268902, 'nu': 29, 'sigma': 0.18513435223250624}. Best is trial 9 with value: 0.07537714817152646.
[I 2026-08-16 11:34:00,169] Trial 10 finished with value: 0.09131879196344028 and parameters: {'rho_e': 0.00032743449687552774, 'rho_d': 0.06982459335646382, 'nu': 9, 'sigma': 0.5792478451202063}. Best is trial 9 with value: 0.07537714817152646.
[I 2026-08-16 11:34:25,441] Trial 11 finished with value: 0.08660198057912127 and parameters: {'rho_e': 8.16547317679453e-05, 'rho_d': 2.4989297252983232e-05, 'nu': 10, 'sigma': 0.41061226315015686}. Best is trial 9 with value: 0.07537714817152646.
[I 2026-08-16 11:34:51,292] Trial 12 finished with value: 0.09202051492675006 and parameters: {'rho_e': 120.0954437207198, 'rho_d': 242.85242029746937, 'nu': 32, 'sigma': 0.9360668636803037}. Best is trial 9 with value: 0.07537714817152646.
[I 2026-08-16 11:35:16,469] Trial 13 finished with value: 0.10881475905537065 and parameters: {'rho_e': 148.14344553176596, 'rho_d': 0.5265790180554144, 'nu': 26, 'sigma': 0.2609687718092598}. Best is trial 9 with value: 0.07537714817152646.
[I 2026-08-16 11:35:41,144] Trial 14 finished with value: 0.09963236703006904 and parameters: {'rho_e': 0.0012364362503263237, 'rho_d': 0.15322002229043483, 'nu': 13, 'sigma': 0.9515959537053901}. Best is trial 9 with value: 0.07537714817152646.
[I 2026-08-16 11:36:07,051] Trial 15 finished with value: 0.09112301461376086 and parameters: {'rho_e': 0.007445793612460039, 'rho_d': 137.09981367260704, 'nu': 23, 'sigma': 0.3660501592040706}. Best is trial 9 with value: 0.07537714817152646.
[I 2026-08-16 11:36:32,778] Trial 16 finished with value: 0.09501914429639975 and parameters: {'rho_e': 0.002331219976154238, 'rho_d': 392.7935435250583, 'nu': 35, 'sigma': 0.8741179454716912}. Best is trial 9 with value: 0.07537714817152646.
[I 2026-08-16 11:36:57,993] Trial 17 finished with value: 0.09393427729360164 and parameters: {'rho_e': 58.790303564087075, 'rho_d': 0.05935824250108043, 'nu': 31, 'sigma': 0.9216627658858851}. Best is trial 9 with value: 0.07537714817152646.
[I 2026-08-16 11:37:23,821] Trial 18 finished with value: 0.09051505361663612 and parameters: {'rho_e': 0.014580639344596942, 'rho_d': 174.2155211031002, 'nu': 36, 'sigma': 0.4028597931525407}. Best is trial 9 with value: 0.07537714817152646.
[I 2026-08-16 11:37:49,660] Trial 19 finished with value: 0.09630043852685839 and parameters: {'rho_e': 1.551834292783962e-05, 'rho_d': 7.758979887421448e-05, 'nu': 21, 'sigma': 0.8626656052613566}. Best is trial 9 with value: 0.07537714817152646.
[I 2026-08-16 11:38:14,876] Trial 20 finished with value: 0.09889918392586278 and parameters: {'rho_e': 0.009046633091153963, 'rho_d': 0.009973086216759817, 'nu': 19, 'sigma': 0.9666069253628409}. Best is trial 9 with value: 0.07537714817152646.
[I 2026-08-16 11:38:40,622] Trial 21 finished with value: 0.0954246011293761 and parameters: {'rho_e': 269.68912307558213, 'rho_d': 0.0013085337566522048, 'nu': 23, 'sigma': 0.6049507531969688}. Best is trial 9 with value: 0.07537714817152646.
[I 2026-08-16 11:39:06,465] Trial 22 finished with value: 0.08724916864635508 and parameters: {'rho_e': 504.8700620745148, 'rho_d': 0.00019757983555148038, 'nu': 5, 'sigma': 0.8532382499765339}. Best is trial 9 with value: 0.07537714817152646.
[I 2026-08-16 11:39:31,646] Trial 23 finished with value: 0.08409963447665197 and parameters: {'rho_e': 1.7746640904286266, 'rho_d': 1.549040305360904e-05, 'nu': 7, 'sigma': 0.6204933603595459}. Best is trial 9 with value: 0.07537714817152646.
[I 2026-08-16 11:39:57,332] Trial 24 finished with value: 0.11613219196138094 and parameters: {'rho_e': 11.673891313075186, 'rho_d': 0.03707447477903782, 'nu': 35, 'sigma': 0.1359820180272283}. Best is trial 9 with value: 0.07537714817152646.
[I 2026-08-16 11:40:23,198] Trial 25 finished with value: 0.11073462987731841 and parameters: {'rho_e': 2.2156827969853805, 'rho_d': 3.692191347356584e-05, 'nu': 22, 'sigma': 0.07674293879615599}. Best is trial 9 with value: 0.07537714817152646.
[I 2026-08-16 11:40:48,479] Trial 26 finished with value: 0.08086479334701012 and parameters: {'rho_e': 0.004544380665804007, 'rho_d': 0.00023035939536654332, 'nu': 32, 'sigma': 0.25784346919035067}. Best is trial 9 with value: 0.07537714817152646.
[I 2026-08-16 11:41:14,114] Trial 27 finished with value: 0.06972587413282039 and parameters: {'rho_e': 1.3826927126900712, 'rho_d': 64.78251153341243, 'nu': 8, 'sigma': 0.3167722166619299}. Best is trial 27 with value: 0.06972587413282039.
[I 2026-08-16 11:41:40,023] Trial 28 finished with value: 0.11266493126313594 and parameters: {'rho_e': 847.5752595376426, 'rho_d': 635.234736886619, 'nu': 34, 'sigma': 0.1439418689780986}. Best is trial 27 with value: 0.06972587413282039.
[I 2026-08-16 11:42:05,368] Trial 29 finished with value: 0.10164525540966915 and parameters: {'rho_e': 92.45494909910872, 'rho_d': 0.011334226708406118, 'nu': 26, 'sigma': 0.42583995993007934}. Best is trial 27 with value: 0.06972587413282039.
[I 2026-08-16 11:42:30,940] Trial 30 finished with value: 0.08374291641019269 and parameters: {'rho_e': 1.0131460240934304e-05, 'rho_d': 0.2653121086531181, 'nu': 6, 'sigma': 0.44201403494614916}. Best is trial 27 with value: 0.06972587413282039.
[I 2026-08-16 11:42:56,832] Trial 31 finished with value: 0.09088236939362099 and parameters: {'rho_e': 45.45766213389336, 'rho_d': 0.0025868602779063267, 'nu': 4, 'sigma': 0.38317322712608465}. Best is trial 27 with value: 0.06972587413282039.
[I 2026-08-16 11:43:22,195] Trial 32 finished with value: 0.10837987291052512 and parameters: {'rho_e': 12.753570002551308, 'rho_d': 0.4633466535985563, 'nu': 30, 'sigma': 0.33427812215348657}. Best is trial 27 with value: 0.06972587413282039.
[I 2026-08-16 11:43:47,755] Trial 33 finished with value: 0.0966025777127405 and parameters: {'rho_e': 4.965498044708172, 'rho_d': 0.423970550119016, 'nu': 30, 'sigma': 0.7788321911718593}. Best is trial 27 with value: 0.06972587413282039.
[I 2026-08-16 11:44:13,653] Trial 34 finished with value: 0.09263387697468399 and parameters: {'rho_e': 180.94562030525123, 'rho_d': 0.015332133818559709, 'nu': 21, 'sigma': 0.6868735114272253}. Best is trial 27 with value: 0.06972587413282039.
[I 2026-08-16 11:44:39,103] Trial 35 finished with value: 0.08408400915934927 and parameters: {'rho_e': 0.6085430963528888, 'rho_d': 2.0420730916203814e-05, 'nu': 17, 'sigma': 0.49669181962302233}. Best is trial 27 with value: 0.06972587413282039.
[I 2026-08-16 11:45:04,487] Trial 36 finished with value: 0.08630389637450268 and parameters: {'rho_e': 0.00928603156398131, 'rho_d': 4.888364469054896e-05, 'nu': 32, 'sigma': 0.6699979877065975}. Best is trial 27 with value: 0.06972587413282039.
[I 2026-08-16 11:45:30,480] Trial 37 finished with value: 0.11745104563601697 and parameters: {'rho_e': 6.869204441610755, 'rho_d': 0.9291412989812996, 'nu': 22, 'sigma': 0.12361705429933466}. Best is trial 27 with value: 0.06972587413282039.
[I 2026-08-16 11:45:56,004] Trial 38 finished with value: 0.09075901317368792 and parameters: {'rho_e': 224.63043333270562, 'rho_d': 0.0004148606041900776, 'nu': 15, 'sigma': 0.7352474706157236}. Best is trial 27 with value: 0.06972587413282039.
[I 2026-08-16 11:46:21,314] Trial 39 finished with value: 0.09581729094378874 and parameters: {'rho_e': 1.267081003095647e-05, 'rho_d': 0.04273530719106839, 'nu': 14, 'sigma': 0.7688281578751173}. Best is trial 27 with value: 0.06972587413282039.
[I 2026-08-16 11:46:47,303] Trial 40 finished with value: 0.08278656149637878 and parameters: {'rho_e': 0.012493083943583248, 'rho_d': 0.2028507300560964, 'nu': 23, 'sigma': 0.056227347433398675}. Best is trial 27 with value: 0.06972587413282039.
[I 2026-08-16 11:47:12,853] Trial 41 finished with value: 0.08464279231537201 and parameters: {'rho_e': 0.0007628531976274308, 'rho_d': 0.001670697392940989, 'nu': 29, 'sigma': 0.4584348767622854}. Best is trial 27 with value: 0.06972587413282039.
[I 2026-08-16 11:47:38,156] Trial 42 finished with value: 0.10564010378813778 and parameters: {'rho_e': 0.005806304421628637, 'rho_d': 1.4365977637269708e-05, 'nu': 2, 'sigma': 0.9106647475419452}. Best is trial 27 with value: 0.06972587413282039.
[I 2026-08-16 11:48:04,092] Trial 43 finished with value: 0.08109169976706943 and parameters: {'rho_e': 0.0008587368539217641, 'rho_d': 0.007288528117812194, 'nu': 11, 'sigma': 0.20396186869121644}. Best is trial 27 with value: 0.06972587413282039.
[I 2026-08-16 11:48:29,710] Trial 44 finished with value: 0.07291124204725105 and parameters: {'rho_e': 0.1792530484320524, 'rho_d': 3.479675194465007, 'nu': 3, 'sigma': 0.10525113802545309}. Best is trial 27 with value: 0.06972587413282039.
[I 2026-08-16 11:48:54,981] Trial 45 finished with value: 0.08760023591479969 and parameters: {'rho_e': 19.367126056962743, 'rho_d': 0.030252644562028107, 'nu': 4, 'sigma': 0.4336145360125894}. Best is trial 27 with value: 0.06972587413282039.
[I 2026-08-16 11:49:20,972] Trial 46 finished with value: 0.07947253933878962 and parameters: {'rho_e': 0.07819569654406465, 'rho_d': 1.9841520016538194, 'nu': 22, 'sigma': 0.04211050685633353}. Best is trial 27 with value: 0.06972587413282039.
[I 2026-08-16 11:49:46,698] Trial 47 finished with value: 0.10394634815721415 and parameters: {'rho_e': 669.3824717917842, 'rho_d': 0.00027660724373514654, 'nu': 16, 'sigma': 0.27678061563075596}. Best is trial 27 with value: 0.06972587413282039.
[I 2026-08-16 11:50:11,925] Trial 48 finished with value: 0.08706103477579999 and parameters: {'rho_e': 0.018501287512575466, 'rho_d': 0.22602256262332207, 'nu': 24, 'sigma': 0.8131818214754672}. Best is trial 27 with value: 0.06972587413282039.
[I 2026-08-16 11:50:37,856] Trial 49 finished with value: 0.092462697517881 and parameters: {'rho_e': 0.1030501020203731, 'rho_d': 119.55056247732517, 'nu': 11, 'sigma': 0.944863474340989}. Best is trial 27 with value: 0.06972587413282039.
[I 2026-08-16 11:51:03,713] Trial 50 finished with value: 0.08519420847257678 and parameters: {'rho_e': 0.0026246544686353516, 'rho_d': 0.7935311340354209, 'nu': 35, 'sigma': 0.3919356624055371}. Best is trial 27 with value: 0.06972587413282039.
[I 2026-08-16 11:51:28,932] Trial 51 finished with value: 0.09305406058832354 and parameters: {'rho_e': 0.00017659937383951617, 'rho_d': 0.02674076982660716, 'nu': 13, 'sigma': 0.6384925895833462}. Best is trial 27 with value: 0.06972587413282039.
[I 2026-08-16 11:51:54,710] Trial 52 finished with value: 0.08682800369301477 and parameters: {'rho_e': 0.0438223544438519, 'rho_d': 13.27092330947627, 'nu': 12, 'sigma': 0.6482034219596354}. Best is trial 27 with value: 0.06972587413282039.
[I 2026-08-16 11:52:20,594] Trial 53 finished with value: 0.11629540507726703 and parameters: {'rho_e': 67.31177771756968, 'rho_d': 22.524024416890263, 'nu': 25, 'sigma': 0.11958239231100397}. Best is trial 27 with value: 0.06972587413282039.
[I 2026-08-16 11:52:45,806] Trial 54 finished with value: 0.08885975153079143 and parameters: {'rho_e': 0.06009686948832667, 'rho_d': 702.7766718230083, 'nu': 24, 'sigma': 0.17989747837144152}. Best is trial 27 with value: 0.06972587413282039.
[I 2026-08-16 11:53:11,439] Trial 55 finished with value: 0.0944744623601188 and parameters: {'rho_e': 0.00012101083302027408, 'rho_d': 85.12969823799796, 'nu': 26, 'sigma': 0.7516186948384436}. Best is trial 27 with value: 0.06972587413282039.
[I 2026-08-16 11:53:37,285] Trial 56 finished with value: 0.10718315785682382 and parameters: {'rho_e': 4.4449465705750724e-05, 'rho_d': 9.401784700431145e-05, 'nu': 4, 'sigma': 0.9942653496967248}. Best is trial 27 with value: 0.06972587413282039.
[I 2026-08-16 11:54:02,629] Trial 57 finished with value: 0.08804706970048869 and parameters: {'rho_e': 3.307257910022608, 'rho_d': 1.1511665095735834e-05, 'nu': 20, 'sigma': 0.6905301191059311}. Best is trial 27 with value: 0.06972587413282039.
[I 2026-08-16 11:54:28,239] Trial 58 finished with value: 0.1014438833338601 and parameters: {'rho_e': 0.0018704796883527702, 'rho_d': 524.5157096061105, 'nu': 19, 'sigma': 0.8898001613676954}. Best is trial 27 with value: 0.06972587413282039.
[I 2026-08-16 11:54:54,197] Trial 59 finished with value: 0.09176748714032124 and parameters: {'rho_e': 0.00023883766661560925, 'rho_d': 947.8058917732094, 'nu': 10, 'sigma': 0.3568854649530273}. Best is trial 27 with value: 0.06972587413282039.
[I 2026-08-16 11:55:19,586] Trial 60 finished with value: 0.09184970348583715 and parameters: {'rho_e': 30.153221315802828, 'rho_d': 0.006272183691824702, 'nu': 12, 'sigma': 0.8466806358880004}. Best is trial 27 with value: 0.06972587413282039.
[I 2026-08-16 11:55:45,041] Trial 61 finished with value: 0.0824817980281298 and parameters: {'rho_e': 0.226268097322272, 'rho_d': 283.5251734794936, 'nu': 17, 'sigma': 0.019964072188620115}. Best is trial 27 with value: 0.06972587413282039.
[I 2026-08-16 11:56:10,942] Trial 62 finished with value: 0.10170447577103855 and parameters: {'rho_e': 2.4798988920647473, 'rho_d': 17.450493767735836, 'nu': 13, 'sigma': 0.0039353243500312015}. Best is trial 27 with value: 0.06972587413282039.
[I 2026-08-16 11:56:36,375] Trial 63 finished with value: 0.07689731919400994 and parameters: {'rho_e': 0.025011677310605572, 'rho_d': 0.016946064387621387, 'nu': 5, 'sigma': 0.08841482055332675}. Best is trial 27 with value: 0.06972587413282039.
[I 2026-08-16 11:57:01,880] Trial 64 finished with value: 0.08759763292615527 and parameters: {'rho_e': 0.029456952680907967, 'rho_d': 2.912499879392691e-05, 'nu': 33, 'sigma': 0.974254661426714}. Best is trial 27 with value: 0.06972587413282039.
[I 2026-08-16 11:57:27,857] Trial 65 finished with value: 0.088526271733922 and parameters: {'rho_e': 9.218225081546117e-05, 'rho_d': 0.1361310780000168, 'nu': 30, 'sigma': 0.7440945126870621}. Best is trial 27 with value: 0.06972587413282039.
[I 2026-08-16 11:57:53,325] Trial 66 finished with value: 0.09724770152217688 and parameters: {'rho_e': 21.482257030517378, 'rho_d': 42.52555482501704, 'nu': 27, 'sigma': 0.4609982391736993}. Best is trial 27 with value: 0.06972587413282039.
[I 2026-08-16 11:58:18,755] Trial 67 finished with value: 0.09120313934801894 and parameters: {'rho_e': 7.413442883472736e-05, 'rho_d': 207.16154979595137, 'nu': 18, 'sigma': 0.23019726500401494}. Best is trial 27 with value: 0.06972587413282039.
[I 2026-08-16 11:58:44,747] Trial 68 finished with value: 0.09344599756214209 and parameters: {'rho_e': 331.65607362397486, 'rho_d': 2.2977956617515165, 'nu': 31, 'sigma': 0.9880793079556061}. Best is trial 27 with value: 0.06972587413282039.
[I 2026-08-16 11:59:10,340] Trial 69 finished with value: 0.08727396347705188 and parameters: {'rho_e': 0.02228531315762712, 'rho_d': 25.232369392582758, 'nu': 25, 'sigma': 0.2216557233890635}. Best is trial 27 with value: 0.06972587413282039.
[I 2026-08-16 11:59:35,660] Trial 70 finished with value: 0.08089158743077177 and parameters: {'rho_e': 0.14969641630262168, 'rho_d': 54.06795952815221, 'nu': 20, 'sigma': 0.7103295068611721}. Best is trial 27 with value: 0.06972587413282039.
[I 2026-08-16 12:00:01,658] Trial 71 finished with value: 0.08261498490233624 and parameters: {'rho_e': 0.0017275438961041048, 'rho_d': 0.003548458129165728, 'nu': 28, 'sigma': 0.02796825543351146}. Best is trial 27 with value: 0.06972587413282039.
[I 2026-08-16 12:00:27,386] Trial 72 finished with value: 0.08834049991652634 and parameters: {'rho_e': 16.725979606950222, 'rho_d': 34.33925158049958, 'nu': 9, 'sigma': 0.802913518676575}. Best is trial 27 with value: 0.06972587413282039.
[I 2026-08-16 12:00:52,630] Trial 73 finished with value: 0.09077275528449888 and parameters: {'rho_e': 3.6122944035850635, 'rho_d': 0.01920927787961488, 'nu': 27, 'sigma': 0.7264140238743382}. Best is trial 27 with value: 0.06972587413282039.
[I 2026-08-16 12:01:18,565] Trial 74 finished with value: 0.09084493682446285 and parameters: {'rho_e': 38.61671152420864, 'rho_d': 0.002092292724802397, 'nu': 10, 'sigma': 0.47191996106294565}. Best is trial 27 with value: 0.06972587413282039.
[I 2026-08-16 12:01:44,229] Trial 75 finished with value: 0.09542780864150022 and parameters: {'rho_e': 2.450780781203914e-05, 'rho_d': 449.41470527134857, 'nu': 16, 'sigma': 0.5277083597945009}. Best is trial 27 with value: 0.06972587413282039.
[I 2026-08-16 12:02:09,414] Trial 76 finished with value: 0.08944444787418908 and parameters: {'rho_e': 0.00015760718394869903, 'rho_d': 0.0005200712074228567, 'nu': 15, 'sigma': 0.5106304992925566}. Best is trial 27 with value: 0.06972587413282039.
[I 2026-08-16 12:02:35,217] Trial 77 finished with value: 0.07878297217596911 and parameters: {'rho_e': 0.12333808423244141, 'rho_d': 0.0018142933109536823, 'nu': 4, 'sigma': 0.5331919170716646}. Best is trial 27 with value: 0.06972587413282039.
[I 2026-08-16 12:03:00,947] Trial 78 finished with value: 0.08929192412594607 and parameters: {'rho_e': 2.6615626186979542e-05, 'rho_d': 4.023562656475725, 'nu': 24, 'sigma': 0.48760603387528256}. Best is trial 27 with value: 0.06972587413282039.
[I 2026-08-16 12:03:26,184] Trial 79 finished with value: 0.10386100400832278 and parameters: {'rho_e': 451.9589689129725, 'rho_d': 6.286836703514959, 'nu': 18, 'sigma': 0.289480861806035}. Best is trial 27 with value: 0.06972587413282039.
[I 2026-08-16 12:03:51,875] Trial 80 finished with value: 0.08509016030109678 and parameters: {'rho_e': 0.0005064907910624623, 'rho_d': 0.34294972962194176, 'nu': 35, 'sigma': 0.6504115906201252}. Best is trial 27 with value: 0.06972587413282039.
[I 2026-08-16 12:04:17,698] Trial 81 finished with value: 0.09151837442501685 and parameters: {'rho_e': 1.1537053770394115, 'rho_d': 0.0001903153408941842, 'nu': 17, 'sigma': 0.30893609937588534}. Best is trial 27 with value: 0.06972587413282039.
[I 2026-08-16 12:04:42,950] Trial 82 finished with value: 0.08734949975901515 and parameters: {'rho_e': 0.0004165631246779191, 'rho_d': 0.00390870101242766, 'nu': 28, 'sigma': 0.5506632379880236}. Best is trial 27 with value: 0.06972587413282039.
[I 2026-08-16 12:05:08,590] Trial 83 finished with value: 0.08125181122964296 and parameters: {'rho_e': 3.230091141162473e-05, 'rho_d': 0.0012018846154684226, 'nu': 25, 'sigma': 0.19688751551933248}. Best is trial 27 with value: 0.06972587413282039.
[I 2026-08-16 12:05:34,394] Trial 84 finished with value: 0.07751077819601987 and parameters: {'rho_e': 0.09291954227513116, 'rho_d': 3.09424743819704, 'nu': 27, 'sigma': 0.7014670599510662}. Best is trial 27 with value: 0.06972587413282039.
[I 2026-08-16 12:05:59,689] Trial 85 finished with value: 0.08779579412070197 and parameters: {'rho_e': 0.003111638974228438, 'rho_d': 1.2149575344172832, 'nu': 33, 'sigma': 0.5953788769075302}. Best is trial 27 with value: 0.06972587413282039.
[I 2026-08-16 12:06:25,294] Trial 86 finished with value: 0.11164421394232443 and parameters: {'rho_e': 9.987810107211534, 'rho_d': 5.2299013316616865, 'nu': 3, 'sigma': 0.09085637693719704}. Best is trial 27 with value: 0.06972587413282039.
[I 2026-08-16 12:06:51,239] Trial 87 finished with value: 0.09211049609826298 and parameters: {'rho_e': 0.96044116828649, 'rho_d': 0.6420987843246544, 'nu': 17, 'sigma': 0.21429990725733172}. Best is trial 27 with value: 0.06972587413282039.
