[I 2026-08-16 12:46:36,779] Trial 180 finished with value: 0.0840974825412209 and parameters: {'rho_e': 0.5122075077449196, 'rho_d': 1e-05, 'nu': 36, 'sigma': 1.0}. Best is trial 129 with value: 0.06347398026264485.
[I 2026-08-16 12:47:02,648] Trial 181 finished with value: 0.06347398026264485 and parameters: {'rho_e': 0.1546842088129351, 'rho_d': 0.30462093021074393, 'nu': 2, 'sigma': 0.31113175337478144}. Best is trial 129 with value: 0.06347398026264485.
[I 2026-08-16 12:47:27,951] Trial 182 finished with value: 0.06347398026264485 and parameters: {'rho_e': 0.1546842088129351, 'rho_d': 0.30462093021074393, 'nu': 2, 'sigma': 0.31113175337478144}. Best is trial 129 with value: 0.06347398026264485.
[I 2026-08-16 12:47:53,778] Trial 183 finished with value: 0.08241733924336134 and parameters: {'rho_e': 1e-05, 'rho_d': 0.0006092318432000835, 'nu': 2, 'sigma': 0.0}. Best is trial 129 with value: 0.06347398026264485.
[I 2026-08-16 12:48:19,667] Trial 184 finished with value: 0.06347398026264485 and parameters: {'rho_e': 0.1546842088129351, 'rho_d': 0.30462093021074393, 'nu': 2, 'sigma': 0.31113175337478144}. Best is trial 129 with value: 0.06347398026264485.
[I 2026-08-16 12:48:44,987] Trial 185 finished with value: 0.07369143868698957 and parameters: {'rho_e': 0.4569935883448183, 'rho_d': 19.845657559911675, 'nu': 36, 'sigma': 0.5630347569987995}. Best is trial 129 with value: 0.06347398026264485.
[I 2026-08-16 12:49:10,784] Trial 186 finished with value: 0.06347398026264485 and parameters: {'rho_e': 0.1546842088129351, 'rho_d': 0.30462093021074393, 'nu': 2, 'sigma': 0.31113175337478144}. Best is trial 129 with value: 0.06347398026264485.
[I 2026-08-16 12:49:36,730] Trial 187 finished with value: 0.07818953664520126 and parameters: {'rho_e': 0.35851403294039186, 'rho_d': 1.6883940076181396, 'nu': 2, 'sigma': 1.0}. Best is trial 129 with value: 0.06347398026264485.
[I 2026-08-16 12:50:02,072] Trial 188 finished with value: 0.09953939003278453 and parameters: {'rho_e': 1e-05, 'rho_d': 6.36248362957675, 'nu': 2, 'sigma': 0.9999999999999999}. Best is trial 129 with value: 0.06347398026264485.
[I 2026-08-16 12:50:27,818] Trial 189 finished with value: 0.0735549122759302 and parameters: {'rho_e': 5.06736886670322, 'rho_d': 1000.0, 'nu': 36, 'sigma': 0.6361239297858668}. Best is trial 129 with value: 0.06347398026264485.
[I 2026-08-16 12:50:53,811] Trial 190 finished with value: 0.0831378287308489 and parameters: {'rho_e': 1.6715277040023637, 'rho_d': 0.0002178189820381778, 'nu': 2, 'sigma': 1.0}. Best is trial 129 with value: 0.06347398026264485.
[I 2026-08-16 12:51:19,191] Trial 191 finished with value: 0.0926767079824669 and parameters: {'rho_e': 1e-05, 'rho_d': 4.62292947087587, 'nu': 2, 'sigma': 0.0}. Best is trial 129 with value: 0.06347398026264485.
[I 2026-08-16 12:51:44,844] Trial 192 finished with value: 0.06347398026264485 and parameters: {'rho_e': 0.1546842088129351, 'rho_d': 0.30462093021074393, 'nu': 2, 'sigma': 0.31113175337478144}. Best is trial 129 with value: 0.06347398026264485.
[I 2026-08-16 12:52:10,909] Trial 193 finished with value: 0.08242830313193453 and parameters: {'rho_e': 8.751076642682251e-05, 'rho_d': 0.00022577851736790215, 'nu': 36, 'sigma': 0.0}. Best is trial 129 with value: 0.06347398026264485.
[I 2026-08-16 12:52:36,323] Trial 194 finished with value: 0.06347398026264485 and parameters: {'rho_e': 0.1546842088129351, 'rho_d': 0.30462093021074393, 'nu': 2, 'sigma': 0.3111317533747815}. Best is trial 129 with value: 0.06347398026264485.
[I 2026-08-16 12:53:01,927] Trial 195 finished with value: 0.07904060144591135 and parameters: {'rho_e': 0.18481096873288078, 'rho_d': 0.0061009695600189795, 'nu': 2, 'sigma': 0.23735889520771375}. Best is trial 129 with value: 0.06347398026264485.
[I 2026-08-16 12:53:27,910] Trial 196 finished with value: 0.08664676323558959 and parameters: {'rho_e': 1000.0, 'rho_d': 20.6386061041787, 'nu': 2, 'sigma': 1.0}. Best is trial 129 with value: 0.06347398026264485.
[I 2026-08-16 12:53:53,369] Trial 197 finished with value: 0.06347398026264485 and parameters: {'rho_e': 0.1546842088129351, 'rho_d': 0.30462093021074393, 'nu': 2, 'sigma': 0.31113175337478144}. Best is trial 129 with value: 0.06347398026264485.
[I 2026-08-16 12:54:18,941] Trial 198 finished with value: 0.08292673173684442 and parameters: {'rho_e': 0.00016405092151806338, 'rho_d': 0.051942621419070405, 'nu': 36, 'sigma': 0.1813613763265886}. Best is trial 129 with value: 0.06347398026264485.
[I 2026-08-16 12:54:44,954] Trial 199 finished with value: 0.06347398026264485 and parameters: {'rho_e': 0.1546842088129351, 'rho_d': 0.30462093021074393, 'nu': 2, 'sigma': 0.31113175337478144}. Best is trial 129 with value: 0.06347398026264485.
/home/gterren/dynamic_update/functional_forecast_dynamic_update/scripts/validate_zone_ffc_mpi.py:1094: FutureWarning: The behavior of DataFrame concatenation with empty or all-NA entries is deprecated. In a future version, this will no longer exclude empty or all-NA columns when determining the result dtypes. To retain the old behavior, exclude the relevant entries before the concat operation.
  results_df = pd.concat([results_df, prob_results], axis = 0, ignore_index=True)
