[I 2026-08-16 12:07:16,572] Trial 88 finished with value: 0.0814318518836821 and parameters: {'rho_e': 0.486251533292777, 'rho_d': 52.14784654714354, 'nu': 6, 'sigma': 0.7891228370595951}. Best is trial 27 with value: 0.06972587413282039.
[I 2026-08-16 12:07:42,027] Trial 89 finished with value: 0.1025233118724993 and parameters: {'rho_e': 0.000612889380538402, 'rho_d': 6.25476322167153e-05, 'nu': 5, 'sigma': 0.9047950693848056}. Best is trial 27 with value: 0.06972587413282039.
[I 2026-08-16 12:08:07,957] Trial 90 finished with value: 0.11528479856747792 and parameters: {'rho_e': 7.905609421867139, 'rho_d': 1.482399313641124, 'nu': 20, 'sigma': 0.1529659116515288}. Best is trial 27 with value: 0.06972587413282039.
[I 2026-08-16 12:08:32,885] Trial 91 finished with value: 0.08486294301970779 and parameters: {'rho_e': 0.6819215330358105, 'rho_d': 0.0003702816334400203, 'nu': 33, 'sigma': 0.8384256258654897}. Best is trial 27 with value: 0.06972587413282039.
[I 2026-08-16 12:08:58,330] Trial 92 finished with value: 0.08551108507305821 and parameters: {'rho_e': 0.004212958428106735, 'rho_d': 0.004678011386611994, 'nu': 8, 'sigma': 0.37791297465362256}. Best is trial 27 with value: 0.06972587413282039.
[I 2026-08-16 12:09:24,268] Trial 93 finished with value: 0.07320975451472744 and parameters: {'rho_e': 0.2677199530536358, 'rho_d': 11.763303983773799, 'nu': 11, 'sigma': 0.24816428628969947}. Best is trial 27 with value: 0.06972587413282039.
[I 2026-08-16 12:09:49,778] Trial 94 finished with value: 0.08158689189392737 and parameters: {'rho_e': 0.0011444406274560965, 'rho_d': 0.000721586105829393, 'nu': 14, 'sigma': 0.06114790393564393}. Best is trial 27 with value: 0.06972587413282039.
[I 2026-08-16 12:10:15,159] Trial 95 finished with value: 0.08427907447716268 and parameters: {'rho_e': 0.3792824094846887, 'rho_d': 0.0570033980864129, 'nu': 8, 'sigma': 0.8283112299515442}. Best is trial 27 with value: 0.06972587413282039.
[I 2026-08-16 12:10:41,205] Trial 96 finished with value: 0.08762414248152735 and parameters: {'rho_e': 1.9897379970608284e-05, 'rho_d': 0.000130016363482025, 'nu': 28, 'sigma': 0.5825780928860248}. Best is trial 27 with value: 0.06972587413282039.
[I 2026-08-16 12:11:06,743] Trial 97 finished with value: 0.09127925465259011 and parameters: {'rho_e': 0.8390481620733344, 'rho_d': 0.09244901937295714, 'nu': 29, 'sigma': 0.5060934257174607}. Best is trial 27 with value: 0.06972587413282039.
[I 2026-08-16 12:11:32,021] Trial 98 finished with value: 0.10037739306778828 and parameters: {'rho_e': 4.631918267545036, 'rho_d': 0.0009628776616921115, 'nu': 19, 'sigma': 0.2900502502494807}. Best is trial 27 with value: 0.06972587413282039.
[I 2026-08-16 12:11:57,948] Trial 99 finished with value: 0.09079496748431695 and parameters: {'rho_e': 0.04871965141021672, 'rho_d': 3.330825453140193e-05, 'nu': 7, 'sigma': 0.7954371049397843}. Best is trial 27 with value: 0.06972587413282039.
[I 2026-08-16 12:12:25,533] Trial 100 finished with value: 0.07464117537328824 and parameters: {'rho_e': 1.122528714170305, 'rho_d': 554.2718922419633, 'nu': 2, 'sigma': 0.3975571853076252}. Best is trial 27 with value: 0.06972587413282039.
[I 2026-08-16 12:12:50,864] Trial 101 finished with value: 0.07076255671821594 and parameters: {'rho_e': 0.9062087156148406, 'rho_d': 54.9742969275687, 'nu': 8, 'sigma': 0.37839427003716924}. Best is trial 27 with value: 0.06972587413282039.
[I 2026-08-16 12:13:16,713] Trial 102 finished with value: 0.068675071324513 and parameters: {'rho_e': 0.6549896871328443, 'rho_d': 38.578473397721154, 'nu': 2, 'sigma': 0.3487156429679239}. Best is trial 102 with value: 0.068675071324513.
[I 2026-08-16 12:13:42,550] Trial 103 finished with value: 0.06883760553016774 and parameters: {'rho_e': 0.6289440467577313, 'rho_d': 31.703504249833486, 'nu': 2, 'sigma': 0.3654596078946308}. Best is trial 102 with value: 0.068675071324513.
[I 2026-08-16 12:14:07,848] Trial 104 finished with value: 0.06834007128674062 and parameters: {'rho_e': 0.620076957885575, 'rho_d': 49.97103204171224, 'nu': 2, 'sigma': 0.3096178745045002}. Best is trial 104 with value: 0.06834007128674062.
[I 2026-08-16 12:14:33,624] Trial 105 finished with value: 0.0848189539542229 and parameters: {'rho_e': 1e-05, 'rho_d': 0.05439390964742909, 'nu': 2, 'sigma': 0.0}. Best is trial 104 with value: 0.06834007128674062.
[I 2026-08-16 12:14:59,594] Trial 106 finished with value: 0.06820288072217523 and parameters: {'rho_e': 0.7164759848371579, 'rho_d': 55.193061412249, 'nu': 2, 'sigma': 0.2936995294292603}. Best is trial 106 with value: 0.06820288072217523.
[I 2026-08-16 12:15:24,888] Trial 107 finished with value: 0.06804288831479743 and parameters: {'rho_e': 0.9461796537626284, 'rho_d': 43.84927390555811, 'nu': 2, 'sigma': 0.31366871032504595}. Best is trial 107 with value: 0.06804288831479743.
[I 2026-08-16 12:15:50,530] Trial 108 finished with value: 0.06849412268970496 and parameters: {'rho_e': 0.7336737730043055, 'rho_d': 28.64065140191734, 'nu': 2, 'sigma': 0.30226058977843534}. Best is trial 107 with value: 0.06804288831479743.
[I 2026-08-16 12:16:16,458] Trial 109 finished with value: 0.06805752264772316 and parameters: {'rho_e': 1.0064199240485205, 'rho_d': 66.88676897818591, 'nu': 2, 'sigma': 0.3089299312964332}. Best is trial 107 with value: 0.06804288831479743.
[I 2026-08-16 12:16:41,980] Trial 110 finished with value: 0.08242827979395063 and parameters: {'rho_e': 1e-05, 'rho_d': 1e-05, 'nu': 36, 'sigma': 0.0}. Best is trial 107 with value: 0.06804288831479743.
[I 2026-08-16 12:17:07,528] Trial 111 finished with value: 0.06795268791073619 and parameters: {'rho_e': 0.9486013551878316, 'rho_d': 57.552939921090875, 'nu': 2, 'sigma': 0.3127110849452009}. Best is trial 111 with value: 0.06795268791073619.
[I 2026-08-16 12:17:33,531] Trial 112 finished with value: 0.08444164931798197 and parameters: {'rho_e': 1000.0, 'rho_d': 1000.0, 'nu': 2, 'sigma': 1.0}. Best is trial 111 with value: 0.06795268791073619.
[I 2026-08-16 12:17:59,065] Trial 113 finished with value: 0.06843157312482995 and parameters: {'rho_e': 1.3839498019172434, 'rho_d': 49.99364291306199, 'nu': 2, 'sigma': 0.354077340289909}. Best is trial 111 with value: 0.06795268791073619.
[I 2026-08-16 12:18:24,545] Trial 114 finished with value: 0.06914260713353484 and parameters: {'rho_e': 0.07384462027973007, 'rho_d': 0.5980960975633469, 'nu': 2, 'sigma': 0.2272755304025457}. Best is trial 111 with value: 0.06795268791073619.
[I 2026-08-16 12:18:50,625] Trial 115 finished with value: 0.07868638959051993 and parameters: {'rho_e': 0.041394242048929365, 'rho_d': 1.4143308375410488, 'nu': 2, 'sigma': 0.13968925972506835}. Best is trial 111 with value: 0.06795268791073619.
[I 2026-08-16 12:19:16,245] Trial 116 finished with value: 0.06437829673087772 and parameters: {'rho_e': 0.11928869963305702, 'rho_d': 0.21710748770895988, 'nu': 2, 'sigma': 0.2691883970816867}. Best is trial 116 with value: 0.06437829673087772.
[I 2026-08-16 12:19:41,622] Trial 117 finished with value: 0.06700495890168771 and parameters: {'rho_e': 0.13326473604589056, 'rho_d': 0.09191039801224447, 'nu': 2, 'sigma': 0.2768434194141921}. Best is trial 116 with value: 0.06437829673087772.
[I 2026-08-16 12:20:07,717] Trial 118 finished with value: 0.06405166349845612 and parameters: {'rho_e': 0.16135863907094633, 'rho_d': 0.4503345142663266, 'nu': 2, 'sigma': 0.31236803605524993}. Best is trial 118 with value: 0.06405166349845612.
[I 2026-08-16 12:20:33,435] Trial 119 finished with value: 0.06370231755608059 and parameters: {'rho_e': 0.14773838618366594, 'rho_d': 0.36550907871523686, 'nu': 2, 'sigma': 0.28166626142015355}. Best is trial 119 with value: 0.06370231755608059.
[I 2026-08-16 12:20:58,715] Trial 120 finished with value: 0.06384510972082853 and parameters: {'rho_e': 0.1564193948497724, 'rho_d': 0.3786754575954879, 'nu': 2, 'sigma': 0.26470069292033765}. Best is trial 119 with value: 0.06370231755608059.
[I 2026-08-16 12:21:24,685] Trial 121 finished with value: 0.06357655217868524 and parameters: {'rho_e': 0.1427154831344574, 'rho_d': 0.3734169626957554, 'nu': 2, 'sigma': 0.28337540845333586}. Best is trial 121 with value: 0.06357655217868524.
[I 2026-08-16 12:21:50,464] Trial 122 finished with value: 0.07946172805448473 and parameters: {'rho_e': 0.01666478223566497, 'rho_d': 1e-05, 'nu': 2, 'sigma': 0.0}. Best is trial 121 with value: 0.06357655217868524.
[I 2026-08-16 12:22:15,763] Trial 123 finished with value: 0.06428974629329787 and parameters: {'rho_e': 0.1392141750097053, 'rho_d': 0.45237346176464066, 'nu': 2, 'sigma': 0.2829331390690682}. Best is trial 121 with value: 0.06357655217868524.
[I 2026-08-16 12:22:41,729] Trial 124 finished with value: 0.08242623439114506 and parameters: {'rho_e': 0.0004197276065961706, 'rho_d': 1e-05, 'nu': 36, 'sigma': 0.0}. Best is trial 121 with value: 0.06357655217868524.
[I 2026-08-16 12:23:07,617] Trial 125 finished with value: 0.09509529413552027 and parameters: {'rho_e': 1000.0, 'rho_d': 1e-05, 'nu': 36, 'sigma': 1.0}. Best is trial 121 with value: 0.06357655217868524.
[I 2026-08-16 12:23:32,877] Trial 126 finished with value: 0.06397546382490754 and parameters: {'rho_e': 0.17528200571543284, 'rho_d': 0.35553314056912444, 'nu': 2, 'sigma': 0.27961766520182463}. Best is trial 121 with value: 0.06357655217868524.
[I 2026-08-16 12:23:58,648] Trial 127 finished with value: 0.08242827979395063 and parameters: {'rho_e': 1e-05, 'rho_d': 1e-05, 'nu': 2, 'sigma': 0.0}. Best is trial 121 with value: 0.06357655217868524.
[I 2026-08-16 12:24:24,617] Trial 128 finished with value: 0.09583580657056395 and parameters: {'rho_e': 1e-05, 'rho_d': 1000.0, 'nu': 2, 'sigma': 0.0}. Best is trial 121 with value: 0.06357655217868524.
[I 2026-08-16 12:24:49,970] Trial 129 finished with value: 0.06347398026264485 and parameters: {'rho_e': 0.1546842088129351, 'rho_d': 0.30462093021074393, 'nu': 2, 'sigma': 0.31113175337478144}. Best is trial 129 with value: 0.06347398026264485.
[I 2026-08-16 12:25:15,634] Trial 130 finished with value: 0.06362797235636414 and parameters: {'rho_e': 0.1554471634718401, 'rho_d': 0.28752723063590574, 'nu': 2, 'sigma': 0.3167525049690759}. Best is trial 129 with value: 0.06347398026264485.
[I 2026-08-16 12:25:41,633] Trial 131 finished with value: 0.0787224527392569 and parameters: {'rho_e': 0.019458815445671098, 'rho_d': 1e-05, 'nu': 36, 'sigma': 0.0}. Best is trial 129 with value: 0.06347398026264485.
[I 2026-08-16 12:26:07,021] Trial 132 finished with value: 0.06347398026264485 and parameters: {'rho_e': 0.1546842088129351, 'rho_d': 0.30462093021074393, 'nu': 2, 'sigma': 0.31113175337478144}. Best is trial 129 with value: 0.06347398026264485.
[I 2026-08-16 12:26:32,553] Trial 133 finished with value: 0.06347398026264485 and parameters: {'rho_e': 0.1546842088129351, 'rho_d': 0.30462093021074393, 'nu': 2, 'sigma': 0.31113175337478144}. Best is trial 129 with value: 0.06347398026264485.
[I 2026-08-16 12:26:58,579] Trial 134 finished with value: 0.06347398026264485 and parameters: {'rho_e': 0.1546842088129351, 'rho_d': 0.30462093021074393, 'nu': 2, 'sigma': 0.31113175337478144}. Best is trial 129 with value: 0.06347398026264485.
[I 2026-08-16 12:27:24,063] Trial 135 finished with value: 0.06347398026264485 and parameters: {'rho_e': 0.1546842088129351, 'rho_d': 0.30462093021074393, 'nu': 2, 'sigma': 0.31113175337478144}. Best is trial 129 with value: 0.06347398026264485.
[I 2026-08-16 12:27:49,587] Trial 136 finished with value: 0.06347398026264485 and parameters: {'rho_e': 0.1546842088129351, 'rho_d': 0.30462093021074393, 'nu': 2, 'sigma': 0.31113175337478144}. Best is trial 129 with value: 0.06347398026264485.
[I 2026-08-16 12:28:15,600] Trial 137 finished with value: 0.06347398026264485 and parameters: {'rho_e': 0.1546842088129351, 'rho_d': 0.30462093021074393, 'nu': 2, 'sigma': 0.31113175337478144}. Best is trial 129 with value: 0.06347398026264485.
[I 2026-08-16 12:28:41,169] Trial 138 finished with value: 0.06347398026264485 and parameters: {'rho_e': 0.1546842088129351, 'rho_d': 0.30462093021074393, 'nu': 2, 'sigma': 0.31113175337478144}. Best is trial 129 with value: 0.06347398026264485.
[I 2026-08-16 12:29:06,663] Trial 139 finished with value: 0.06622591107799941 and parameters: {'rho_e': 0.14317685232023708, 'rho_d': 0.28699270256828296, 'nu': 6, 'sigma': 0.3053214659155132}. Best is trial 129 with value: 0.06347398026264485.
[I 2026-08-16 12:29:32,670] Trial 140 finished with value: 0.06347398026264485 and parameters: {'rho_e': 0.1546842088129351, 'rho_d': 0.30462093021074393, 'nu': 2, 'sigma': 0.31113175337478144}. Best is trial 129 with value: 0.06347398026264485.
[I 2026-08-16 12:29:58,294] Trial 141 finished with value: 0.06347398026264485 and parameters: {'rho_e': 0.1546842088129351, 'rho_d': 0.30462093021074393, 'nu': 2, 'sigma': 0.3111317533747814}. Best is trial 129 with value: 0.06347398026264485.
[I 2026-08-16 12:30:23,732] Trial 142 finished with value: 0.06347398026264485 and parameters: {'rho_e': 0.1546842088129351, 'rho_d': 0.30462093021074393, 'nu': 2, 'sigma': 0.31113175337478144}. Best is trial 129 with value: 0.06347398026264485.
[I 2026-08-16 12:30:49,797] Trial 143 finished with value: 0.06347398026264485 and parameters: {'rho_e': 0.1546842088129351, 'rho_d': 0.30462093021074393, 'nu': 2, 'sigma': 0.31113175337478144}. Best is trial 129 with value: 0.06347398026264485.
[I 2026-08-16 12:31:15,525] Trial 144 finished with value: 0.08674174305028776 and parameters: {'rho_e': 1000.0, 'rho_d': 0.06844630694583279, 'nu': 2, 'sigma': 1.0}. Best is trial 129 with value: 0.06347398026264485.
[I 2026-08-16 12:31:40,807] Trial 145 finished with value: 0.0862514111194839 and parameters: {'rho_e': 1e-05, 'rho_d': 0.12330372896802345, 'nu': 36, 'sigma': 0.0}. Best is trial 129 with value: 0.06347398026264485.
[I 2026-08-16 12:32:06,808] Trial 146 finished with value: 0.06347398026264485 and parameters: {'rho_e': 0.1546842088129351, 'rho_d': 0.30462093021074393, 'nu': 2, 'sigma': 0.31113175337478144}. Best is trial 129 with value: 0.06347398026264485.
[I 2026-08-16 12:32:32,598] Trial 147 finished with value: 0.06347398026264485 and parameters: {'rho_e': 0.1546842088129351, 'rho_d': 0.30462093021074393, 'nu': 2, 'sigma': 0.31113175337478144}. Best is trial 129 with value: 0.06347398026264485.
[I 2026-08-16 12:32:58,294] Trial 148 finished with value: 0.09614481872285821 and parameters: {'rho_e': 1e-05, 'rho_d': 1000.0, 'nu': 36, 'sigma': 1.0}. Best is trial 129 with value: 0.06347398026264485.
[I 2026-08-16 12:33:24,139] Trial 149 finished with value: 0.06347398026264485 and parameters: {'rho_e': 0.1546842088129351, 'rho_d': 0.30462093021074393, 'nu': 2, 'sigma': 0.31113175337478144}. Best is trial 129 with value: 0.06347398026264485.
[I 2026-08-16 12:33:49,398] Trial 150 finished with value: 0.07882215177950465 and parameters: {'rho_e': 1.353661835444008, 'rho_d': 1000.0, 'nu': 36, 'sigma': 1.0}. Best is trial 129 with value: 0.06347398026264485.
[I 2026-08-16 12:34:14,732] Trial 151 finished with value: 0.07626698132393563 and parameters: {'rho_e': 1.1702339444742813, 'rho_d': 1000.0, 'nu': 36, 'sigma': 0.36616988098598197}. Best is trial 129 with value: 0.06347398026264485.
[I 2026-08-16 12:34:40,567] Trial 152 finished with value: 0.06347398026264485 and parameters: {'rho_e': 0.1546842088129351, 'rho_d': 0.30462093021074393, 'nu': 2, 'sigma': 0.31113175337478144}. Best is trial 129 with value: 0.06347398026264485.
[I 2026-08-16 12:35:06,584] Trial 153 finished with value: 0.06347398026264485 and parameters: {'rho_e': 0.1546842088129351, 'rho_d': 0.30462093021074393, 'nu': 2, 'sigma': 0.31113175337478144}. Best is trial 129 with value: 0.06347398026264485.
[I 2026-08-16 12:35:31,905] Trial 154 finished with value: 0.09016159554795206 and parameters: {'rho_e': 10.625563085079154, 'rho_d': 1000.0, 'nu': 2, 'sigma': 1.0}. Best is trial 129 with value: 0.06347398026264485.
[I 2026-08-16 12:35:57,571] Trial 155 finished with value: 0.06347398026264485 and parameters: {'rho_e': 0.1546842088129351, 'rho_d': 0.30462093021074393, 'nu': 2, 'sigma': 0.31113175337478144}. Best is trial 129 with value: 0.06347398026264485.
[I 2026-08-16 12:36:23,560] Trial 156 finished with value: 0.06347398026264485 and parameters: {'rho_e': 0.1546842088129351, 'rho_d': 0.30462093021074393, 'nu': 2, 'sigma': 0.3111317533747815}. Best is trial 129 with value: 0.06347398026264485.
[I 2026-08-16 12:36:48,931] Trial 157 finished with value: 0.08657702811715223 and parameters: {'rho_e': 22.526622796374216, 'rho_d': 1e-05, 'nu': 2, 'sigma': 1.0}. Best is trial 129 with value: 0.06347398026264485.
[I 2026-08-16 12:37:14,550] Trial 158 finished with value: 0.06347398026264485 and parameters: {'rho_e': 0.1546842088129351, 'rho_d': 0.30462093021074393, 'nu': 2, 'sigma': 0.3111317533747814}. Best is trial 129 with value: 0.06347398026264485.
[I 2026-08-16 12:37:40,539] Trial 159 finished with value: 0.06347398026264485 and parameters: {'rho_e': 0.1546842088129351, 'rho_d': 0.30462093021074393, 'nu': 2, 'sigma': 0.31113175337478144}. Best is trial 129 with value: 0.06347398026264485.
[I 2026-08-16 12:38:06,086] Trial 160 finished with value: 0.08219497554895541 and parameters: {'rho_e': 0.05508223653892111, 'rho_d': 0.00042185246254278555, 'nu': 2, 'sigma': 0.0}. Best is trial 129 with value: 0.06347398026264485.
[I 2026-08-16 12:38:31,583] Trial 161 finished with value: 0.06347398026264485 and parameters: {'rho_e': 0.1546842088129351, 'rho_d': 0.30462093021074393, 'nu': 2, 'sigma': 0.31113175337478144}. Best is trial 129 with value: 0.06347398026264485.
[I 2026-08-16 12:38:57,570] Trial 162 finished with value: 0.07595094451942896 and parameters: {'rho_e': 0.27740605975994154, 'rho_d': 8.269210588027748, 'nu': 36, 'sigma': 1.0}. Best is trial 129 with value: 0.06347398026264485.
[I 2026-08-16 12:39:22,586] Trial 163 finished with value: 0.06347398026264485 and parameters: {'rho_e': 0.1546842088129351, 'rho_d': 0.30462093021074393, 'nu': 2, 'sigma': 0.31113175337478144}. Best is trial 129 with value: 0.06347398026264485.
[I 2026-08-16 12:39:47,620] Trial 164 finished with value: 0.08242243563904614 and parameters: {'rho_e': 0.000630151657727904, 'rho_d': 1e-05, 'nu': 2, 'sigma': 0.0}. Best is trial 129 with value: 0.06347398026264485.
[I 2026-08-16 12:40:13,132] Trial 165 finished with value: 0.06347398026264485 and parameters: {'rho_e': 0.1546842088129351, 'rho_d': 0.30462093021074393, 'nu': 2, 'sigma': 0.31113175337478144}. Best is trial 129 with value: 0.06347398026264485.
[I 2026-08-16 12:40:38,742] Trial 166 finished with value: 0.06347398026264485 and parameters: {'rho_e': 0.1546842088129351, 'rho_d': 0.30462093021074393, 'nu': 2, 'sigma': 0.31113175337478144}. Best is trial 129 with value: 0.06347398026264485.
[I 2026-08-16 12:41:04,188] Trial 167 finished with value: 0.06347398026264485 and parameters: {'rho_e': 0.1546842088129351, 'rho_d': 0.30462093021074393, 'nu': 2, 'sigma': 0.31113175337478144}. Best is trial 129 with value: 0.06347398026264485.
[I 2026-08-16 12:41:30,222] Trial 168 finished with value: 0.06347398026264485 and parameters: {'rho_e': 0.1546842088129351, 'rho_d': 0.30462093021074393, 'nu': 2, 'sigma': 0.31113175337478144}. Best is trial 129 with value: 0.06347398026264485.
[I 2026-08-16 12:41:55,803] Trial 169 finished with value: 0.07768258074896195 and parameters: {'rho_e': 0.0448371303662397, 'rho_d': 1e-05, 'nu': 36, 'sigma': 0.3972626555594908}. Best is trial 129 with value: 0.06347398026264485.
[I 2026-08-16 12:42:20,618] Trial 170 finished with value: 0.06347398026264485 and parameters: {'rho_e': 0.1546842088129351, 'rho_d': 0.30462093021074393, 'nu': 2, 'sigma': 0.3111317533747815}. Best is trial 129 with value: 0.06347398026264485.
[I 2026-08-16 12:42:46,139] Trial 171 finished with value: 0.08611626494077754 and parameters: {'rho_e': 0.00026232620602626236, 'rho_d': 0.20516110709627478, 'nu': 2, 'sigma': 0.0}. Best is trial 129 with value: 0.06347398026264485.
[I 2026-08-16 12:43:11,793] Trial 172 finished with value: 0.06347398026264485 and parameters: {'rho_e': 0.1546842088129351, 'rho_d': 0.30462093021074393, 'nu': 2, 'sigma': 0.3111317533747814}. Best is trial 129 with value: 0.06347398026264485.
[I 2026-08-16 12:43:37,217] Trial 173 finished with value: 0.07845803693688352 and parameters: {'rho_e': 0.05904474507659122, 'rho_d': 0.0008175066396062001, 'nu': 36, 'sigma': 0.3680444317296371}. Best is trial 129 with value: 0.06347398026264485.
[I 2026-08-16 12:44:02,724] Trial 174 finished with value: 0.07019496405234144 and parameters: {'rho_e': 8.852056541520325, 'rho_d': 1000.0, 'nu': 2, 'sigma': 0.3601369139508496}. Best is trial 129 with value: 0.06347398026264485.
[I 2026-08-16 12:44:28,424] Trial 175 finished with value: 0.09583376251038792 and parameters: {'rho_e': 0.0011763845205985494, 'rho_d': 1000.0, 'nu': 36, 'sigma': 0.0}. Best is trial 129 with value: 0.06347398026264485.
[I 2026-08-16 12:44:53,722] Trial 176 finished with value: 0.07261001257124723 and parameters: {'rho_e': 3.410757427572355, 'rho_d': 1000.0, 'nu': 2, 'sigma': 0.15298272503085936}. Best is trial 129 with value: 0.06347398026264485.
[I 2026-08-16 12:45:19,754] Trial 177 finished with value: 0.06878529934843837 and parameters: {'rho_e': 0.31190875043016497, 'rho_d': 1.147779104412811, 'nu': 2, 'sigma': 0.5799876665307039}. Best is trial 129 with value: 0.06347398026264485.
[I 2026-08-16 12:45:45,521] Trial 178 finished with value: 0.07583547311338265 and parameters: {'rho_e': 0.12070047807552862, 'rho_d': 0.13572991706663085, 'nu': 2, 'sigma': 0.0}. Best is trial 129 with value: 0.06347398026264485.
[I 2026-08-16 12:46:10,885] Trial 179 finished with value: 0.06347398026264485 and parameters: {'rho_e': 0.1546842088129351, 'rho_d': 0.30462093021074393, 'nu': 2, 'sigma': 0.31113175337478144}. Best is trial 129 with value: 0.06347398026264485.
