[I 2026-08-16 18:26:09,198] Trial 181 finished with value: 0.07755647780271543 and parameters: {'rho_e': 999.999999999998, 'rho_d': 0.00048636275530110866, 'nu': 2, 'sigma': 0.7374696327072751}. Best is trial 160 with value: 0.06770474478532267.
[I 2026-08-16 18:26:54,350] Trial 182 finished with value: 0.0783915966074196 and parameters: {'rho_e': 174.92358439341174, 'rho_d': 0.005534767434535334, 'nu': 2, 'sigma': 0.6337173531916324}. Best is trial 160 with value: 0.06770474478532267.
[I 2026-08-16 18:27:39,821] Trial 183 finished with value: 0.08704736932707326 and parameters: {'rho_e': 0.6816659409353777, 'rho_d': 1e-05, 'nu': 36, 'sigma': 1.0}. Best is trial 160 with value: 0.06770474478532267.
[I 2026-08-16 18:28:26,380] Trial 184 finished with value: 0.09497314190115157 and parameters: {'rho_e': 0.001539301759271852, 'rho_d': 1000.0, 'nu': 2, 'sigma': 0.0}. Best is trial 160 with value: 0.06770474478532267.
[I 2026-08-16 18:29:11,519] Trial 185 finished with value: 0.07717834061226143 and parameters: {'rho_e': 0.016780387112701755, 'rho_d': 0.08169735383848115, 'nu': 36, 'sigma': 0.426879162424208}. Best is trial 160 with value: 0.06770474478532267.
[I 2026-08-16 18:29:57,514] Trial 186 finished with value: 0.0773839047574624 and parameters: {'rho_e': 13.069151176608939, 'rho_d': 1e-05, 'nu': 2, 'sigma': 0.6409328447455436}. Best is trial 160 with value: 0.06770474478532267.
[I 2026-08-16 18:30:42,888] Trial 187 finished with value: 0.0768196069060958 and parameters: {'rho_e': 0.030057076496225136, 'rho_d': 1e-05, 'nu': 36, 'sigma': 0.3063124267374889}. Best is trial 160 with value: 0.06770474478532267.
[I 2026-08-16 18:31:29,385] Trial 188 finished with value: 0.08035837434546306 and parameters: {'rho_e': 0.0004568574377163676, 'rho_d': 1e-05, 'nu': 2, 'sigma': 0.2695134428389862}. Best is trial 160 with value: 0.06770474478532267.
[I 2026-08-16 18:32:13,558] Trial 189 finished with value: 0.0881403425952834 and parameters: {'rho_e': 1e-05, 'rho_d': 1e-05, 'nu': 2, 'sigma': 0.4047849130729747}. Best is trial 160 with value: 0.06770474478532267.
[I 2026-08-16 18:32:58,865] Trial 190 finished with value: 0.08283636789831336 and parameters: {'rho_e': 0.00015529205080387127, 'rho_d': 1e-05, 'nu': 36, 'sigma': 0.6142441334290175}. Best is trial 160 with value: 0.06770474478532267.
[I 2026-08-16 18:33:43,715] Trial 191 finished with value: 0.08920559777410206 and parameters: {'rho_e': 1e-05, 'rho_d': 0.03540525234895322, 'nu': 36, 'sigma': 1.0}. Best is trial 160 with value: 0.06770474478532267.
[I 2026-08-16 18:34:29,473] Trial 192 finished with value: 0.07969963646924848 and parameters: {'rho_e': 1e-05, 'rho_d': 0.009605233763600323, 'nu': 36, 'sigma': 0.46730843205247435}. Best is trial 160 with value: 0.06770474478532267.
[I 2026-08-16 18:35:11,385] Trial 193 finished with value: 0.07608368658113995 and parameters: {'rho_e': 0.26386024508928424, 'rho_d': 0.07693700655190984, 'nu': 2, 'sigma': 0.6110198655096227}. Best is trial 160 with value: 0.06770474478532267.
[I 2026-08-16 18:35:52,650] Trial 194 finished with value: 0.0854404152827993 and parameters: {'rho_e': 1000.0, 'rho_d': 0.1906199608866797, 'nu': 2, 'sigma': 1.0}. Best is trial 160 with value: 0.06770474478532267.
[I 2026-08-16 18:36:34,885] Trial 195 finished with value: 0.07653854151076263 and parameters: {'rho_e': 4.926418736603453e-05, 'rho_d': 0.00015406070106302648, 'nu': 36, 'sigma': 0.24472452352690655}. Best is trial 160 with value: 0.06770474478532267.
[I 2026-08-16 18:37:19,135] Trial 196 finished with value: 0.07828305369902738 and parameters: {'rho_e': 21.814100599414722, 'rho_d': 0.0006398134733597043, 'nu': 2, 'sigma': 0.6315424047593512}. Best is trial 160 with value: 0.06770474478532267.
[I 2026-08-16 18:38:02,718] Trial 197 finished with value: 0.07264386869913109 and parameters: {'rho_e': 0.30263742788577985, 'rho_d': 31.440498052407786, 'nu': 2, 'sigma': 0.19581640252620278}. Best is trial 160 with value: 0.06770474478532267.
[I 2026-08-16 18:38:46,997] Trial 198 finished with value: 0.12607488778312004 and parameters: {'rho_e': 1000.0, 'rho_d': 1e-05, 'nu': 2, 'sigma': 0.0}. Best is trial 160 with value: 0.06770474478532267.
[I 2026-08-16 18:39:30,462] Trial 199 finished with value: 0.07547374223582991 and parameters: {'rho_e': 1.0072227388077173, 'rho_d': 999.999999999998, 'nu': 20, 'sigma': 0.2277901530732427}. Best is trial 160 with value: 0.06770474478532267.
/home/gterren/dynamic_update/functional_forecast_dynamic_update/scripts/validate_zone_ffc_mpi.py:1094: FutureWarning: The behavior of DataFrame concatenation with empty or all-NA entries is deprecated. In a future version, this will no longer exclude empty or all-NA columns when determining the result dtypes. To retain the old behavior, exclude the relevant entries before the concat operation.
  results_df = pd.concat([results_df, prob_results], axis = 0, ignore_index=True)
