[I 2026-08-16 22:51:19,718] Trial 88 finished with value: 0.0984151403606702 and parameters: {'rho_e': 20.05100372778324, 'rho_d': 240.04651052859904, 'nu': 32, 'sigma': 0.6632310659426867}. Best is trial 54 with value: 0.07065227632259832.
[I 2026-08-16 22:51:58,381] Trial 89 finished with value: 0.0729663973565755 and parameters: {'rho_e': 14.535026447759645, 'rho_d': 0.00019912265665459548, 'nu': 3, 'sigma': 0.6507498885502383}. Best is trial 54 with value: 0.07065227632259832.
[I 2026-08-16 22:52:37,079] Trial 90 finished with value: 0.07385436041285898 and parameters: {'rho_e': 0.28140290229323806, 'rho_d': 527.6607569870137, 'nu': 27, 'sigma': 0.2728631205517334}. Best is trial 54 with value: 0.07065227632259832.
[I 2026-08-16 22:53:15,856] Trial 91 finished with value: 0.08650423041491491 and parameters: {'rho_e': 5.485200242835515e-05, 'rho_d': 0.5105224667918634, 'nu': 7, 'sigma': 0.43595692900403227}. Best is trial 54 with value: 0.07065227632259832.
[I 2026-08-16 22:53:54,511] Trial 92 finished with value: 0.07809413365605328 and parameters: {'rho_e': 8.336341425228934e-05, 'rho_d': 0.0005794827126532159, 'nu': 29, 'sigma': 0.3821765731577653}. Best is trial 54 with value: 0.07065227632259832.
[I 2026-08-16 22:54:33,129] Trial 93 finished with value: 0.0846279895995968 and parameters: {'rho_e': 0.00038047924661825585, 'rho_d': 0.001078044841329357, 'nu': 9, 'sigma': 0.9819704824560707}. Best is trial 54 with value: 0.07065227632259832.
[I 2026-08-16 22:55:11,785] Trial 94 finished with value: 0.10637810508798598 and parameters: {'rho_e': 992.4492503377901, 'rho_d': 224.539692942945, 'nu': 23, 'sigma': 0.41514563562753076}. Best is trial 54 with value: 0.07065227632259832.
[I 2026-08-16 22:55:50,292] Trial 95 finished with value: 0.07799499839125666 and parameters: {'rho_e': 0.031764010262606016, 'rho_d': 0.0008756819049872257, 'nu': 14, 'sigma': 0.5301312561385396}. Best is trial 54 with value: 0.07065227632259832.
[I 2026-08-16 22:56:28,981] Trial 96 finished with value: 0.08029960103240166 and parameters: {'rho_e': 0.00022222847061875202, 'rho_d': 0.0001738050296441543, 'nu': 13, 'sigma': 0.025223925458757613}. Best is trial 54 with value: 0.07065227632259832.
[I 2026-08-16 22:57:07,709] Trial 97 finished with value: 0.08591249318214468 and parameters: {'rho_e': 29.574688674829023, 'rho_d': 2.855641724548162e-05, 'nu': 27, 'sigma': 0.8224464280175334}. Best is trial 54 with value: 0.07065227632259832.
[I 2026-08-16 22:57:46,413] Trial 98 finished with value: 0.08374971907087067 and parameters: {'rho_e': 0.00889875840901572, 'rho_d': 1.9427635266660284, 'nu': 18, 'sigma': 0.22802846369653387}. Best is trial 54 with value: 0.07065227632259832.
[I 2026-08-16 22:58:25,752] Trial 99 finished with value: 0.09697076485144229 and parameters: {'rho_e': 359.3652997994175, 'rho_d': 61.41717882969804, 'nu': 20, 'sigma': 0.5626303589657099}. Best is trial 54 with value: 0.07065227632259832.
[I 2026-08-16 22:59:08,681] Trial 100 finished with value: 0.07710461072901387 and parameters: {'rho_e': 86.70470003896986, 'rho_d': 0.004916297647925337, 'nu': 2, 'sigma': 1.0}. Best is trial 54 with value: 0.07065227632259832.
[I 2026-08-16 22:59:51,375] Trial 101 finished with value: 0.06920524030031083 and parameters: {'rho_e': 0.1300691009591437, 'rho_d': 1e-05, 'nu': 2, 'sigma': 0.8238327972911045}. Best is trial 101 with value: 0.06920524030031083.
[I 2026-08-16 23:00:32,558] Trial 102 finished with value: 0.07009190773562879 and parameters: {'rho_e': 0.16420612800859455, 'rho_d': 1e-05, 'nu': 2, 'sigma': 1.0}. Best is trial 101 with value: 0.06920524030031083.
[I 2026-08-16 23:01:14,472] Trial 103 finished with value: 0.06943538936992594 and parameters: {'rho_e': 0.035704173860727974, 'rho_d': 1e-05, 'nu': 2, 'sigma': 0.6341240067645103}. Best is trial 101 with value: 0.06920524030031083.
[I 2026-08-16 23:01:56,227] Trial 104 finished with value: 0.0698309500552846 and parameters: {'rho_e': 0.12294799172083765, 'rho_d': 1e-05, 'nu': 2, 'sigma': 0.782056285159598}. Best is trial 101 with value: 0.06920524030031083.
[I 2026-08-16 23:02:37,722] Trial 105 finished with value: 0.07651789489680666 and parameters: {'rho_e': 0.34776541934368715, 'rho_d': 1000.0, 'nu': 2, 'sigma': 0.0}. Best is trial 101 with value: 0.06920524030031083.
[I 2026-08-16 23:03:19,721] Trial 106 finished with value: 0.07315443402071108 and parameters: {'rho_e': 0.006875217533089224, 'rho_d': 1e-05, 'nu': 2, 'sigma': 0.39564532119622464}. Best is trial 101 with value: 0.06920524030031083.
[I 2026-08-16 23:04:00,857] Trial 107 finished with value: 0.07011273829438394 and parameters: {'rho_e': 0.06454828202536805, 'rho_d': 1e-05, 'nu': 2, 'sigma': 0.8026372162604801}. Best is trial 101 with value: 0.06920524030031083.
[I 2026-08-16 23:04:42,705] Trial 108 finished with value: 0.07586600060148094 and parameters: {'rho_e': 0.41114094533042733, 'rho_d': 1000.0, 'nu': 36, 'sigma': 0.0}. Best is trial 101 with value: 0.06920524030031083.
[I 2026-08-16 23:05:24,534] Trial 109 finished with value: 0.07605733636203205 and parameters: {'rho_e': 0.004610260421569208, 'rho_d': 0.003683357226349603, 'nu': 2, 'sigma': 0.11684393883700436}. Best is trial 101 with value: 0.06920524030031083.
[I 2026-08-16 23:06:05,922] Trial 110 finished with value: 0.07712872786797384 and parameters: {'rho_e': 11.510022037505303, 'rho_d': 1e-05, 'nu': 2, 'sigma': 1.0}. Best is trial 101 with value: 0.06920524030031083.
[I 2026-08-16 23:06:48,016] Trial 111 finished with value: 0.06861836469241178 and parameters: {'rho_e': 0.24505270558934436, 'rho_d': 1e-05, 'nu': 2, 'sigma': 0.8188922752566863}. Best is trial 111 with value: 0.06861836469241178.
[I 2026-08-16 23:07:30,287] Trial 112 finished with value: 0.07687070262347193 and parameters: {'rho_e': 0.2948053626162253, 'rho_d': 1000.0, 'nu': 36, 'sigma': 1.0}. Best is trial 111 with value: 0.06861836469241178.
[I 2026-08-16 23:08:10,909] Trial 113 finished with value: 0.08106486721695923 and parameters: {'rho_e': 1e-05, 'rho_d': 1e-05, 'nu': 2, 'sigma': 0.0}. Best is trial 111 with value: 0.06861836469241178.
[I 2026-08-16 23:08:51,067] Trial 114 finished with value: 0.07561210130309995 and parameters: {'rho_e': 0.1584501902444689, 'rho_d': 0.7534495496351127, 'nu': 2, 'sigma': 0.43807012005907353}. Best is trial 111 with value: 0.06861836469241178.
[I 2026-08-16 23:09:30,864] Trial 115 finished with value: 0.08013232950526554 and parameters: {'rho_e': 1e-05, 'rho_d': 1e-05, 'nu': 36, 'sigma': 1.0}. Best is trial 111 with value: 0.06861836469241178.
[I 2026-08-16 23:10:11,781] Trial 116 finished with value: 0.06809818221009885 and parameters: {'rho_e': 0.2504003785007416, 'rho_d': 1e-05, 'nu': 2, 'sigma': 0.7846639189268636}. Best is trial 116 with value: 0.06809818221009885.
[I 2026-08-16 23:10:54,316] Trial 117 finished with value: 0.07715758809504365 and parameters: {'rho_e': 1000.0, 'rho_d': 0.888487743048365, 'nu': 2, 'sigma': 1.0}. Best is trial 116 with value: 0.06809818221009885.
[I 2026-08-16 23:11:37,065] Trial 118 finished with value: 0.07715758809504365 and parameters: {'rho_e': 1000.0, 'rho_d': 1e-05, 'nu': 2, 'sigma': 1.0}. Best is trial 116 with value: 0.06809818221009885.
[I 2026-08-16 23:12:18,499] Trial 119 finished with value: 0.08101101994133378 and parameters: {'rho_e': 1e-05, 'rho_d': 0.021691897966132617, 'nu': 2, 'sigma': 0.0}. Best is trial 116 with value: 0.06809818221009885.
[I 2026-08-16 23:12:59,483] Trial 120 finished with value: 0.07899924350341883 and parameters: {'rho_e': 1e-05, 'rho_d': 0.005488846516029833, 'nu': 36, 'sigma': 0.5946018096789848}. Best is trial 116 with value: 0.06809818221009885.
[I 2026-08-16 23:13:40,853] Trial 121 finished with value: 0.0690063259826891 and parameters: {'rho_e': 0.2273304535775071, 'rho_d': 1e-05, 'nu': 2, 'sigma': 0.7065379104725493}. Best is trial 116 with value: 0.06809818221009885.
[I 2026-08-16 23:14:23,217] Trial 122 finished with value: 0.07435380537838332 and parameters: {'rho_e': 0.42643691638412823, 'rho_d': 1000.0, 'nu': 36, 'sigma': 0.5149952002856446}. Best is trial 116 with value: 0.06809818221009885.
[I 2026-08-16 23:15:05,899] Trial 123 finished with value: 0.06857034358278569 and parameters: {'rho_e': 0.1894626469670641, 'rho_d': 5.2858859135639165e-05, 'nu': 2, 'sigma': 0.7987880995480413}. Best is trial 116 with value: 0.06809818221009885.
[I 2026-08-16 23:15:46,963] Trial 124 finished with value: 0.06918033064297895 and parameters: {'rho_e': 0.30629563424882567, 'rho_d': 1e-05, 'nu': 2, 'sigma': 0.8265296091536278}. Best is trial 116 with value: 0.06809818221009885.
[I 2026-08-16 23:16:28,404] Trial 125 finished with value: 0.0702500394863977 and parameters: {'rho_e': 0.10306674453272695, 'rho_d': 5.702443321517434e-05, 'nu': 2, 'sigma': 0.7160684468735024}. Best is trial 116 with value: 0.06809818221009885.
[I 2026-08-16 23:17:09,968] Trial 126 finished with value: 0.08106486721695923 and parameters: {'rho_e': 1e-05, 'rho_d': 1e-05, 'nu': 36, 'sigma': 0.0}. Best is trial 116 with value: 0.06809818221009885.
[I 2026-08-16 23:17:52,473] Trial 127 finished with value: 0.08071800109208185 and parameters: {'rho_e': 0.0031961343377145423, 'rho_d': 1e-05, 'nu': 2, 'sigma': 0.0}. Best is trial 116 with value: 0.06809818221009885.
[I 2026-08-16 23:18:34,552] Trial 128 finished with value: 0.08774358029453583 and parameters: {'rho_e': 1000.0, 'rho_d': 1e-05, 'nu': 36, 'sigma': 1.0}. Best is trial 116 with value: 0.06809818221009885.
[I 2026-08-16 23:19:16,402] Trial 129 finished with value: 0.06916899945847393 and parameters: {'rho_e': 0.3058937017809394, 'rho_d': 1e-05, 'nu': 2, 'sigma': 0.8404062254382436}. Best is trial 116 with value: 0.06809818221009885.
[I 2026-08-16 23:19:58,270] Trial 130 finished with value: 0.07283045725702954 and parameters: {'rho_e': 41.551922958587234, 'rho_d': 0.057745946638823584, 'nu': 2, 'sigma': 0.7881197439199885}. Best is trial 116 with value: 0.06809818221009885.
[I 2026-08-16 23:20:40,108] Trial 131 finished with value: 0.06913236463814898 and parameters: {'rho_e': 0.3220838741744048, 'rho_d': 4.2482420571353206e-05, 'nu': 2, 'sigma': 0.8286575488040695}. Best is trial 116 with value: 0.06809818221009885.
[I 2026-08-16 23:21:22,407] Trial 132 finished with value: 0.08008987632207738 and parameters: {'rho_e': 0.006142900490550158, 'rho_d': 1e-05, 'nu': 36, 'sigma': 0.0}. Best is trial 116 with value: 0.06809818221009885.
[I 2026-08-16 23:22:04,728] Trial 133 finished with value: 0.07330033459986743 and parameters: {'rho_e': 4.341077738487472, 'rho_d': 0.014359820164688395, 'nu': 2, 'sigma': 0.7756043741110503}. Best is trial 116 with value: 0.06809818221009885.
[I 2026-08-16 23:22:47,399] Trial 134 finished with value: 0.08636260217265791 and parameters: {'rho_e': 0.009137054697541846, 'rho_d': 1e-05, 'nu': 2, 'sigma': 1.0}. Best is trial 116 with value: 0.06809818221009885.
[I 2026-08-16 23:23:30,101] Trial 135 finished with value: 0.0742094011647613 and parameters: {'rho_e': 0.058304586890641066, 'rho_d': 1e-05, 'nu': 2, 'sigma': 0.5311434649291211}. Best is trial 116 with value: 0.06809818221009885.
[I 2026-08-16 23:24:11,546] Trial 136 finished with value: 0.0687550335034358 and parameters: {'rho_e': 0.23397530583867643, 'rho_d': 1e-05, 'nu': 2, 'sigma': 0.8539233721881125}. Best is trial 116 with value: 0.06809818221009885.
[I 2026-08-16 23:24:53,029] Trial 137 finished with value: 0.06871111104069495 and parameters: {'rho_e': 0.19117491149817678, 'rho_d': 2.8418105478829794e-05, 'nu': 2, 'sigma': 0.8516768167289287}. Best is trial 116 with value: 0.06809818221009885.
[I 2026-08-16 23:25:34,659] Trial 138 finished with value: 0.07375427038479129 and parameters: {'rho_e': 0.008127172098384424, 'rho_d': 0.00028001446819489196, 'nu': 2, 'sigma': 0.47526724174184587}. Best is trial 116 with value: 0.06809818221009885.
[I 2026-08-16 23:26:17,039] Trial 139 finished with value: 0.06861353329747205 and parameters: {'rho_e': 0.24683186871406912, 'rho_d': 1e-05, 'nu': 2, 'sigma': 0.858402902645054}. Best is trial 116 with value: 0.06809818221009885.
[I 2026-08-16 23:26:59,273] Trial 140 finished with value: 0.07709934620498823 and parameters: {'rho_e': 11.62002866357469, 'rho_d': 0.02049791262004293, 'nu': 2, 'sigma': 1.0}. Best is trial 116 with value: 0.06809818221009885.
[I 2026-08-16 23:27:41,182] Trial 141 finished with value: 0.06876840949753132 and parameters: {'rho_e': 0.20598904314605354, 'rho_d': 1e-05, 'nu': 2, 'sigma': 0.8309765117653821}. Best is trial 116 with value: 0.06809818221009885.
[I 2026-08-16 23:28:22,859] Trial 142 finished with value: 0.0687201004598898 and parameters: {'rho_e': 0.18219844653031422, 'rho_d': 3.312248852324402e-05, 'nu': 2, 'sigma': 0.848084420840857}. Best is trial 116 with value: 0.06809818221009885.
[I 2026-08-16 23:29:05,120] Trial 143 finished with value: 0.07309231956601575 and parameters: {'rho_e': 999.999999999998, 'rho_d': 0.003411246668890581, 'nu': 2, 'sigma': 0.842903902121997}. Best is trial 116 with value: 0.06809818221009885.
[I 2026-08-16 23:29:46,359] Trial 144 finished with value: 0.07300661239255578 and parameters: {'rho_e': 93.23554675881292, 'rho_d': 0.0004307463051139996, 'nu': 2, 'sigma': 0.7469353006757913}. Best is trial 116 with value: 0.06809818221009885.
[I 2026-08-16 23:30:28,116] Trial 145 finished with value: 0.08281560810469428 and parameters: {'rho_e': 1000.0, 'rho_d': 0.013866909371000036, 'nu': 18, 'sigma': 1.0}. Best is trial 116 with value: 0.06809818221009885.
[I 2026-08-16 23:31:10,569] Trial 146 finished with value: 0.0813599526481819 and parameters: {'rho_e': 0.006229339253606594, 'rho_d': 0.004404702092537776, 'nu': 36, 'sigma': 0.0}. Best is trial 116 with value: 0.06809818221009885.
[I 2026-08-16 23:31:52,533] Trial 147 finished with value: 0.07634337922349035 and parameters: {'rho_e': 0.00516135517425432, 'rho_d': 1e-05, 'nu': 20, 'sigma': 0.37608595438635845}. Best is trial 116 with value: 0.06809818221009885.
[I 2026-08-16 23:32:35,164] Trial 148 finished with value: 0.07346884883566807 and parameters: {'rho_e': 0.5540838884953609, 'rho_d': 1000.0, 'nu': 11, 'sigma': 0.3297547615274455}. Best is trial 116 with value: 0.06809818221009885.
[I 2026-08-16 23:33:17,432] Trial 149 finished with value: 0.08015413710834388 and parameters: {'rho_e': 0.0006377209760045366, 'rho_d': 0.0014083581624320272, 'nu': 36, 'sigma': 1.0}. Best is trial 116 with value: 0.06809818221009885.
[I 2026-08-16 23:33:59,438] Trial 150 finished with value: 0.08870438295994332 and parameters: {'rho_e': 1e-05, 'rho_d': 999.999999999998, 'nu': 2, 'sigma': 0.0}. Best is trial 116 with value: 0.06809818221009885.
[I 2026-08-16 23:34:41,095] Trial 151 finished with value: 0.0733714385483368 and parameters: {'rho_e': 484.0721177325155, 'rho_d': 0.07475833142402075, 'nu': 2, 'sigma': 0.7297217675722295}. Best is trial 116 with value: 0.06809818221009885.
[I 2026-08-16 23:35:22,965] Trial 152 finished with value: 0.06891346666748631 and parameters: {'rho_e': 0.13235931256952158, 'rho_d': 0.00027149918178043925, 'nu': 2, 'sigma': 0.8671225082454701}. Best is trial 116 with value: 0.06809818221009885.
[I 2026-08-16 23:36:04,710] Trial 153 finished with value: 0.07120592099571926 and parameters: {'rho_e': 0.5983393404293805, 'rho_d': 1e-05, 'nu': 2, 'sigma': 0.7154890612559116}. Best is trial 116 with value: 0.06809818221009885.
[I 2026-08-16 23:36:46,962] Trial 154 finished with value: 0.06892126563171774 and parameters: {'rho_e': 0.17153830235467024, 'rho_d': 4.557942851766762e-05, 'nu': 2, 'sigma': 0.8534288465557793}. Best is trial 116 with value: 0.06809818221009885.
[I 2026-08-16 23:37:28,419] Trial 155 finished with value: 0.06880090823390259 and parameters: {'rho_e': 0.19720522261442797, 'rho_d': 4.8644912333989874e-05, 'nu': 2, 'sigma': 0.8768461323445293}. Best is trial 116 with value: 0.06809818221009885.
[I 2026-08-16 23:38:10,675] Trial 156 finished with value: 0.07700275702439627 and parameters: {'rho_e': 0.16046572493833539, 'rho_d': 1e-05, 'nu': 10, 'sigma': 0.8058374255154213}. Best is trial 116 with value: 0.06809818221009885.
[I 2026-08-16 23:38:53,007] Trial 157 finished with value: 0.07144733564632573 and parameters: {'rho_e': 0.45299670960174876, 'rho_d': 1e-05, 'nu': 2, 'sigma': 0.9443338016337981}. Best is trial 116 with value: 0.06809818221009885.
[I 2026-08-16 23:39:35,084] Trial 158 finished with value: 0.06941054337381646 and parameters: {'rho_e': 0.10579385770444309, 'rho_d': 9.464154176162663e-05, 'nu': 2, 'sigma': 0.7980935589429298}. Best is trial 116 with value: 0.06809818221009885.
[I 2026-08-16 23:40:17,045] Trial 159 finished with value: 0.0684736534323808 and parameters: {'rho_e': 0.27368618864932415, 'rho_d': 8.036209900281738e-05, 'nu': 2, 'sigma': 0.8286189711492198}. Best is trial 116 with value: 0.06809818221009885.
[I 2026-08-16 23:40:59,356] Trial 160 finished with value: 0.06852117146244542 and parameters: {'rho_e': 0.26679436538970686, 'rho_d': 7.50807769237644e-05, 'nu': 2, 'sigma': 0.8297587114083388}. Best is trial 116 with value: 0.06809818221009885.
[I 2026-08-16 23:41:41,224] Trial 161 finished with value: 0.06850538311249 and parameters: {'rho_e': 0.2487611259687596, 'rho_d': 5.528444657463087e-05, 'nu': 2, 'sigma': 0.8340456702003776}. Best is trial 116 with value: 0.06809818221009885.
[I 2026-08-16 23:42:23,140] Trial 162 finished with value: 0.07449527351882387 and parameters: {'rho_e': 0.22806203956563262, 'rho_d': 10.665683679469351, 'nu': 18, 'sigma': 0.3896241651279263}. Best is trial 116 with value: 0.06809818221009885.
[I 2026-08-16 23:43:05,304] Trial 163 finished with value: 0.07144325739762378 and parameters: {'rho_e': 0.030465605716158264, 'rho_d': 0.10252963121677046, 'nu': 2, 'sigma': 0.0}. Best is trial 116 with value: 0.06809818221009885.
[I 2026-08-16 23:43:47,224] Trial 164 finished with value: 0.07363419553583356 and parameters: {'rho_e': 0.0864631471979647, 'rho_d': 1.936377453679525, 'nu': 9, 'sigma': 0.0}. Best is trial 116 with value: 0.06809818221009885.
[I 2026-08-16 23:44:29,225] Trial 165 finished with value: 0.0673043755253025 and parameters: {'rho_e': 0.039790919583840116, 'rho_d': 0.08875833317290739, 'nu': 10, 'sigma': 0.1927849900927096}. Best is trial 165 with value: 0.0673043755253025.
[I 2026-08-16 23:45:11,468] Trial 166 finished with value: 0.07076866885870642 and parameters: {'rho_e': 0.028632053308147054, 'rho_d': 0.03981775426245734, 'nu': 12, 'sigma': 0.12699593710966428}. Best is trial 165 with value: 0.0673043755253025.
[I 2026-08-16 23:45:53,336] Trial 167 finished with value: 0.06808100189756656 and parameters: {'rho_e': 0.04800077332127678, 'rho_d': 0.14808352081866732, 'nu': 7, 'sigma': 0.23662642835995906}. Best is trial 165 with value: 0.0673043755253025.
[I 2026-08-16 23:46:35,466] Trial 168 finished with value: 0.0683549714339827 and parameters: {'rho_e': 0.03092728829467583, 'rho_d': 0.06553602567011178, 'nu': 3, 'sigma': 0.24292968078214244}. Best is trial 165 with value: 0.0673043755253025.
[I 2026-08-16 23:47:17,534] Trial 169 finished with value: 0.06829534378669345 and parameters: {'rho_e': 0.039534920186726, 'rho_d': 0.09541428114111736, 'nu': 9, 'sigma': 0.28713461025216963}. Best is trial 165 with value: 0.0673043755253025.
[I 2026-08-16 23:47:59,249] Trial 170 finished with value: 0.06673490069787118 and parameters: {'rho_e': 0.052895283958205405, 'rho_d': 0.08338049294502874, 'nu': 5, 'sigma': 0.19864206646745353}. Best is trial 170 with value: 0.06673490069787118.
[I 2026-08-16 23:48:40,918] Trial 171 finished with value: 0.06723739988852025 and parameters: {'rho_e': 0.05582723892936724, 'rho_d': 0.05435422141075265, 'nu': 2, 'sigma': 0.19790194751253937}. Best is trial 170 with value: 0.06673490069787118.
[I 2026-08-16 23:49:23,440] Trial 172 finished with value: 0.06720478760731696 and parameters: {'rho_e': 0.06052572082898078, 'rho_d': 0.09068530285895424, 'nu': 7, 'sigma': 0.18084426045526758}. Best is trial 170 with value: 0.06673490069787118.
[I 2026-08-16 23:50:04,792] Trial 173 finished with value: 0.06865853749551347 and parameters: {'rho_e': 0.04808849705329309, 'rho_d': 0.04520224725341345, 'nu': 5, 'sigma': 0.20722549742521507}. Best is trial 170 with value: 0.06673490069787118.
[I 2026-08-16 23:50:46,716] Trial 174 finished with value: 0.06808006829085637 and parameters: {'rho_e': 0.05923566980487128, 'rho_d': 0.15633637938639972, 'nu': 2, 'sigma': 0.17635505868940943}. Best is trial 170 with value: 0.06673490069787118.
[I 2026-08-16 23:51:28,260] Trial 175 finished with value: 0.08943461064005093 and parameters: {'rho_e': 0.009588157833022958, 'rho_d': 1000.0, 'nu': 36, 'sigma': 1.0}. Best is trial 170 with value: 0.06673490069787118.
[I 2026-08-16 23:52:10,062] Trial 176 finished with value: 0.06821099619630636 and parameters: {'rho_e': 0.06714325466032042, 'rho_d': 0.2058851846013925, 'nu': 10, 'sigma': 0.19502779899486733}. Best is trial 170 with value: 0.06673490069787118.
[I 2026-08-16 23:52:51,947] Trial 177 finished with value: 0.07529728496693819 and parameters: {'rho_e': 0.00017221893703707228, 'rho_d': 1e-05, 'nu': 2, 'sigma': 0.4108150076053304}. Best is trial 170 with value: 0.06673490069787118.
[I 2026-08-16 23:53:33,993] Trial 178 finished with value: 0.07805009458984265 and parameters: {'rho_e': 0.001766319473763516, 'rho_d': 0.001477653474324615, 'nu': 36, 'sigma': 0.5116684717264689}. Best is trial 170 with value: 0.06673490069787118.
[I 2026-08-16 23:54:15,864] Trial 179 finished with value: 0.07678245022581832 and parameters: {'rho_e': 1e-05, 'rho_d': 1e-05, 'nu': 2, 'sigma': 0.48212075037306995}. Best is trial 170 with value: 0.06673490069787118.
[I 2026-08-16 23:54:57,800] Trial 180 finished with value: 0.0810644515980794 and parameters: {'rho_e': 0.00024331191091133658, 'rho_d': 1e-05, 'nu': 36, 'sigma': 0.0}. Best is trial 170 with value: 0.06673490069787118.
