[I 2026-08-16 14:37:12,703] Trial 88 finished with value: 0.09777687700538028 and parameters: {'rho_e': 0.00012125829831653894, 'rho_d': 19.630650519000437, 'nu': 10, 'sigma': 0.7884377100219454}. Best is trial 24 with value: 0.05809223699487032.
[I 2026-08-16 14:37:49,965] Trial 89 finished with value: 0.08767064153617296 and parameters: {'rho_e': 3.893751642068498e-05, 'rho_d': 0.9795442357931721, 'nu': 20, 'sigma': 0.5936410928252096}. Best is trial 24 with value: 0.05809223699487032.
[I 2026-08-16 14:38:27,389] Trial 90 finished with value: 0.08005788523699399 and parameters: {'rho_e': 4.8811512206932886, 'rho_d': 3.209766039730455, 'nu': 34, 'sigma': 0.8768891090820096}. Best is trial 24 with value: 0.05809223699487032.
[I 2026-08-16 14:39:04,740] Trial 91 finished with value: 0.07454510093358213 and parameters: {'rho_e': 0.19086427524381236, 'rho_d': 0.0005859037345321275, 'nu': 8, 'sigma': 0.5505294308690223}. Best is trial 24 with value: 0.05809223699487032.
[I 2026-08-16 14:39:42,035] Trial 92 finished with value: 0.07948335570537948 and parameters: {'rho_e': 0.44668270078282146, 'rho_d': 1.9189911568156766e-05, 'nu': 24, 'sigma': 0.9048428701329665}. Best is trial 24 with value: 0.05809223699487032.
[I 2026-08-16 14:40:19,381] Trial 93 finished with value: 0.08431210951241812 and parameters: {'rho_e': 0.04518272217488784, 'rho_d': 0.0019042154852168265, 'nu': 17, 'sigma': 0.7711616889352428}. Best is trial 24 with value: 0.05809223699487032.
[I 2026-08-16 14:40:56,678] Trial 94 finished with value: 0.08772269699653626 and parameters: {'rho_e': 0.02386327174800719, 'rho_d': 70.35453635909505, 'nu': 26, 'sigma': 0.6321242947578075}. Best is trial 24 with value: 0.05809223699487032.
[I 2026-08-16 14:41:33,942] Trial 95 finished with value: 0.07465914203110843 and parameters: {'rho_e': 8.25713500843253e-05, 'rho_d': 0.00012532475584443455, 'nu': 13, 'sigma': 0.26396166502640883}. Best is trial 24 with value: 0.05809223699487032.
[I 2026-08-16 14:42:11,266] Trial 96 finished with value: 0.08832584190179026 and parameters: {'rho_e': 0.0024547283980115068, 'rho_d': 305.22017701744807, 'nu': 17, 'sigma': 0.32786718698677975}. Best is trial 24 with value: 0.05809223699487032.
[I 2026-08-16 14:42:47,417] Trial 97 finished with value: 0.09404308393088852 and parameters: {'rho_e': 21.13367188708461, 'rho_d': 0.019753486361084704, 'nu': 14, 'sigma': 0.946528522698323}. Best is trial 24 with value: 0.05809223699487032.
[I 2026-08-16 14:43:24,691] Trial 98 finished with value: 0.08065422946517842 and parameters: {'rho_e': 0.07307392667419121, 'rho_d': 0.03432656436892995, 'nu': 25, 'sigma': 0.9790803255957043}. Best is trial 24 with value: 0.05809223699487032.
[I 2026-08-16 14:44:01,936] Trial 99 finished with value: 0.09216646975556271 and parameters: {'rho_e': 0.014400697832168036, 'rho_d': 0.2992169838775733, 'nu': 4, 'sigma': 0.6279299990703359}. Best is trial 24 with value: 0.05809223699487032.
[I 2026-08-16 14:44:40,652] Trial 100 finished with value: 0.07136092878206321 and parameters: {'rho_e': 2.3490966838889897, 'rho_d': 1000.0, 'nu': 2, 'sigma': 0.23482064280761925}. Best is trial 24 with value: 0.05809223699487032.
[I 2026-08-16 14:45:18,001] Trial 101 finished with value: 0.05971440229242919 and parameters: {'rho_e': 0.06795141748370816, 'rho_d': 0.001230294094978206, 'nu': 3, 'sigma': 0.0}. Best is trial 24 with value: 0.05809223699487032.
[I 2026-08-16 14:45:55,469] Trial 102 finished with value: 0.06791960110808833 and parameters: {'rho_e': 9.024169347026415, 'rho_d': 999.999999999998, 'nu': 30, 'sigma': 0.3328850040952993}. Best is trial 24 with value: 0.05809223699487032.
[I 2026-08-16 14:46:32,887] Trial 103 finished with value: 0.0672314513643588 and parameters: {'rho_e': 0.015527027795061961, 'rho_d': 1e-05, 'nu': 36, 'sigma': 0.0}. Best is trial 24 with value: 0.05809223699487032.
[I 2026-08-16 14:47:10,287] Trial 104 finished with value: 0.05895907682049312 and parameters: {'rho_e': 0.06858102675387918, 'rho_d': 0.0005920183154325819, 'nu': 14, 'sigma': 0.045453860733871046}. Best is trial 24 with value: 0.05809223699487032.
[I 2026-08-16 14:47:47,650] Trial 105 finished with value: 0.05714861827364745 and parameters: {'rho_e': 0.09393318356585871, 'rho_d': 0.00045083563565934045, 'nu': 6, 'sigma': 0.08696487837370646}. Best is trial 105 with value: 0.05714861827364745.
[I 2026-08-16 14:48:25,056] Trial 106 finished with value: 0.055540951160178764 and parameters: {'rho_e': 0.11291605014943268, 'rho_d': 0.00029017878981235434, 'nu': 2, 'sigma': 0.10831212227816119}. Best is trial 106 with value: 0.055540951160178764.
[I 2026-08-16 14:49:02,516] Trial 107 finished with value: 0.0553834885097757 and parameters: {'rho_e': 0.12139000804232689, 'rho_d': 8.647797885536729e-05, 'nu': 2, 'sigma': 0.11563430070880348}. Best is trial 107 with value: 0.0553834885097757.
[I 2026-08-16 14:49:39,894] Trial 108 finished with value: 0.05593432375425332 and parameters: {'rho_e': 0.13352627304978457, 'rho_d': 0.00015758462295438464, 'nu': 2, 'sigma': 0.1502594992661231}. Best is trial 107 with value: 0.0553834885097757.
[I 2026-08-16 14:50:17,339] Trial 109 finished with value: 0.05642867588758984 and parameters: {'rho_e': 0.11184369530010195, 'rho_d': 0.00010733537434114036, 'nu': 2, 'sigma': 0.07982797275396211}. Best is trial 107 with value: 0.0553834885097757.
[I 2026-08-16 14:50:54,753] Trial 110 finished with value: 0.07016712149001865 and parameters: {'rho_e': 0.00021942499519155917, 'rho_d': 1e-05, 'nu': 36, 'sigma': 0.0}. Best is trial 107 with value: 0.0553834885097757.
[I 2026-08-16 14:51:32,180] Trial 111 finished with value: 0.07016735436471443 and parameters: {'rho_e': 1e-05, 'rho_d': 1e-05, 'nu': 2, 'sigma': 0.0}. Best is trial 107 with value: 0.0553834885097757.
[I 2026-08-16 14:52:09,610] Trial 112 finished with value: 0.06605988581603796 and parameters: {'rho_e': 0.052235333615181054, 'rho_d': 1e-05, 'nu': 36, 'sigma': 0.45305736518000445}. Best is trial 107 with value: 0.0553834885097757.
[I 2026-08-16 14:52:46,973] Trial 113 finished with value: 0.056208438927564316 and parameters: {'rho_e': 0.11728853133453185, 'rho_d': 1e-05, 'nu': 2, 'sigma': 0.17157872981875674}. Best is trial 107 with value: 0.0553834885097757.
[I 2026-08-16 14:53:24,421] Trial 114 finished with value: 0.056113020991182566 and parameters: {'rho_e': 0.10876117385835658, 'rho_d': 7.177570664982792e-05, 'nu': 2, 'sigma': 0.15675381624477325}. Best is trial 107 with value: 0.0553834885097757.
[I 2026-08-16 14:54:01,820] Trial 115 finished with value: 0.07016735436471443 and parameters: {'rho_e': 1e-05, 'rho_d': 1e-05, 'nu': 36, 'sigma': 0.0}. Best is trial 107 with value: 0.0553834885097757.
[I 2026-08-16 14:54:39,192] Trial 116 finished with value: 0.05966467236605632 and parameters: {'rho_e': 0.08101422601539789, 'rho_d': 1e-05, 'nu': 18, 'sigma': 0.14893059025883887}. Best is trial 107 with value: 0.0553834885097757.
[I 2026-08-16 14:55:16,594] Trial 117 finished with value: 0.05581257234176063 and parameters: {'rho_e': 0.14483929774210524, 'rho_d': 3.528645620868868e-05, 'nu': 2, 'sigma': 0.13314662918371392}. Best is trial 107 with value: 0.0553834885097757.
[I 2026-08-16 14:55:54,077] Trial 118 finished with value: 0.056075792700470625 and parameters: {'rho_e': 0.13981073455069615, 'rho_d': 0.0016635228742330266, 'nu': 2, 'sigma': 0.1539072343975912}. Best is trial 107 with value: 0.0553834885097757.
[I 2026-08-16 14:56:31,413] Trial 119 finished with value: 0.08501170778253993 and parameters: {'rho_e': 1e-05, 'rho_d': 1e-05, 'nu': 36, 'sigma': 1.0}. Best is trial 107 with value: 0.0553834885097757.
[I 2026-08-16 14:57:08,839] Trial 120 finished with value: 0.05605978286017364 and parameters: {'rho_e': 0.1131922895987412, 'rho_d': 1e-05, 'nu': 2, 'sigma': 0.08786625021119364}. Best is trial 107 with value: 0.0553834885097757.
[I 2026-08-16 14:57:46,308] Trial 121 finished with value: 0.06175421513927025 and parameters: {'rho_e': 0.14701436626929076, 'rho_d': 0.16298649755017855, 'nu': 2, 'sigma': 0.1274334858860176}. Best is trial 107 with value: 0.0553834885097757.
[I 2026-08-16 14:58:23,786] Trial 122 finished with value: 0.07892865139788331 and parameters: {'rho_e': 1.3667515181282843, 'rho_d': 1000.0, 'nu': 36, 'sigma': 1.0}. Best is trial 107 with value: 0.0553834885097757.
[I 2026-08-16 14:59:01,210] Trial 123 finished with value: 0.058618921755476255 and parameters: {'rho_e': 0.08769895392776308, 'rho_d': 0.00020479357999810915, 'nu': 36, 'sigma': 0.008166900290093034}. Best is trial 107 with value: 0.0553834885097757.
[I 2026-08-16 14:59:38,673] Trial 124 finished with value: 0.05821385105060557 and parameters: {'rho_e': 0.09211721056454082, 'rho_d': 1e-05, 'nu': 36, 'sigma': 0.1153170725753794}. Best is trial 107 with value: 0.0553834885097757.
[I 2026-08-16 15:00:16,006] Trial 125 finished with value: 0.059625880134980505 and parameters: {'rho_e': 0.06841240872934473, 'rho_d': 1e-05, 'nu': 27, 'sigma': 0.0}. Best is trial 107 with value: 0.0553834885097757.
[I 2026-08-16 15:00:53,398] Trial 126 finished with value: 0.05921190311359797 and parameters: {'rho_e': 0.0637515282627048, 'rho_d': 0.00011826345478561775, 'nu': 30, 'sigma': 0.11081833704729101}. Best is trial 107 with value: 0.0553834885097757.
[I 2026-08-16 15:01:30,781] Trial 127 finished with value: 0.0772084379941032 and parameters: {'rho_e': 0.03930146129577169, 'rho_d': 1e-05, 'nu': 36, 'sigma': 0.9999999999999999}. Best is trial 107 with value: 0.0553834885097757.
[I 2026-08-16 15:02:08,194] Trial 128 finished with value: 0.09111783061090857 and parameters: {'rho_e': 1e-05, 'rho_d': 1000.0, 'nu': 2, 'sigma': 0.0}. Best is trial 107 with value: 0.0553834885097757.
[I 2026-08-16 15:02:45,657] Trial 129 finished with value: 0.05580906242442796 and parameters: {'rho_e': 0.1425155049252105, 'rho_d': 0.0002761809619761046, 'nu': 2, 'sigma': 0.14575067603494815}. Best is trial 107 with value: 0.0553834885097757.
[I 2026-08-16 15:03:23,060] Trial 130 finished with value: 0.07016730652197642 and parameters: {'rho_e': 0.00013656615176683846, 'rho_d': 1e-05, 'nu': 2, 'sigma': 0.0}. Best is trial 107 with value: 0.0553834885097757.
[I 2026-08-16 15:04:00,436] Trial 131 finished with value: 0.06732545315806107 and parameters: {'rho_e': 24.054603710897187, 'rho_d': 1000.0, 'nu': 2, 'sigma': 0.28091976623386133}. Best is trial 107 with value: 0.0553834885097757.
[I 2026-08-16 15:04:37,899] Trial 132 finished with value: 0.07024889760931877 and parameters: {'rho_e': 12.608178098482963, 'rho_d': 999.999999999998, 'nu': 31, 'sigma': 0.0}. Best is trial 107 with value: 0.0553834885097757.
[I 2026-08-16 15:05:15,331] Trial 133 finished with value: 0.0561093500540276 and parameters: {'rho_e': 0.15570128177175402, 'rho_d': 1e-05, 'nu': 2, 'sigma': 0.13915231722067703}. Best is trial 107 with value: 0.0553834885097757.
[I 2026-08-16 15:05:52,651] Trial 134 finished with value: 0.0944162728152037 and parameters: {'rho_e': 1e-05, 'rho_d': 1000.0, 'nu': 36, 'sigma': 1.0}. Best is trial 107 with value: 0.0553834885097757.
[I 2026-08-16 15:06:30,079] Trial 135 finished with value: 0.08994829556041709 and parameters: {'rho_e': 1000.0, 'rho_d': 1000.0, 'nu': 2, 'sigma': 1.0}. Best is trial 107 with value: 0.0553834885097757.
[I 2026-08-16 15:07:07,470] Trial 136 finished with value: 0.05646021553298605 and parameters: {'rho_e': 0.11452669036779685, 'rho_d': 1e-05, 'nu': 6, 'sigma': 0.1128405623402743}. Best is trial 107 with value: 0.0553834885097757.
[I 2026-08-16 15:07:44,814] Trial 137 finished with value: 0.06996720294088485 and parameters: {'rho_e': 0.003346524118182226, 'rho_d': 1e-05, 'nu': 2, 'sigma': 0.0}. Best is trial 107 with value: 0.0553834885097757.
[I 2026-08-16 15:08:22,168] Trial 138 finished with value: 0.05959027916964578 and parameters: {'rho_e': 0.15832040237813017, 'rho_d': 0.00023754867103611445, 'nu': 36, 'sigma': 0.1397943131891859}. Best is trial 107 with value: 0.0553834885097757.
[I 2026-08-16 15:08:59,644] Trial 139 finished with value: 0.05547425131983655 and parameters: {'rho_e': 0.1150480499537237, 'rho_d': 0.0005452584707591389, 'nu': 2, 'sigma': 0.1405383743823922}. Best is trial 107 with value: 0.0553834885097757.
[I 2026-08-16 15:09:36,901] Trial 140 finished with value: 0.055302584482587416 and parameters: {'rho_e': 0.11861469640865989, 'rho_d': 3.086161699583784e-05, 'nu': 2, 'sigma': 0.1257439267351731}. Best is trial 140 with value: 0.055302584482587416.
[I 2026-08-16 15:10:14,396] Trial 141 finished with value: 0.0899076531361356 and parameters: {'rho_e': 0.056901329088107036, 'rho_d': 1000.0, 'nu': 2, 'sigma': 0.0}. Best is trial 140 with value: 0.055302584482587416.
[I 2026-08-16 15:10:51,778] Trial 142 finished with value: 0.06423124728562102 and parameters: {'rho_e': 0.16570364434216808, 'rho_d': 0.03528412885065714, 'nu': 36, 'sigma': 0.4990017035503011}. Best is trial 140 with value: 0.055302584482587416.
[I 2026-08-16 15:11:29,127] Trial 143 finished with value: 0.06451542292927442 and parameters: {'rho_e': 0.3611047904812966, 'rho_d': 0.3301143703140615, 'nu': 2, 'sigma': 0.36010481140994294}. Best is trial 140 with value: 0.055302584482587416.
[I 2026-08-16 15:12:06,627] Trial 144 finished with value: 0.055296164956523064 and parameters: {'rho_e': 0.11570266617811263, 'rho_d': 2.9598969416906958e-05, 'nu': 2, 'sigma': 0.12476289158040949}. Best is trial 144 with value: 0.055296164956523064.
[I 2026-08-16 15:12:44,016] Trial 145 finished with value: 0.05527998948531282 and parameters: {'rho_e': 0.1153464850228516, 'rho_d': 2.9156028458602896e-05, 'nu': 2, 'sigma': 0.12463256706420645}. Best is trial 145 with value: 0.05527998948531282.
[I 2026-08-16 15:13:21,178] Trial 146 finished with value: 0.05527998948531282 and parameters: {'rho_e': 0.1153464850228516, 'rho_d': 2.9156028458602896e-05, 'nu': 2, 'sigma': 0.12463256706420645}. Best is trial 145 with value: 0.05527998948531282.
[I 2026-08-16 15:13:58,536] Trial 147 finished with value: 0.05525669535187046 and parameters: {'rho_e': 0.1144239470817301, 'rho_d': 2.6737850783240203e-05, 'nu': 2, 'sigma': 0.12412642509273623}. Best is trial 147 with value: 0.05525669535187046.
[I 2026-08-16 15:14:36,591] Trial 148 finished with value: 0.05533744590326522 and parameters: {'rho_e': 0.11252349491008701, 'rho_d': 2.416235205963757e-05, 'nu': 2, 'sigma': 0.12369933856146698}. Best is trial 147 with value: 0.05525669535187046.
[I 2026-08-16 15:15:13,954] Trial 149 finished with value: 0.05537739339734876 and parameters: {'rho_e': 0.11303016812570837, 'rho_d': 2.316118240440232e-05, 'nu': 2, 'sigma': 0.12399346969625118}. Best is trial 147 with value: 0.05525669535187046.
[I 2026-08-16 15:15:51,266] Trial 150 finished with value: 0.05541659692378391 and parameters: {'rho_e': 0.11283209200608837, 'rho_d': 2.1004128533017425e-05, 'nu': 2, 'sigma': 0.12448333809619293}. Best is trial 147 with value: 0.05525669535187046.
[I 2026-08-16 15:16:28,710] Trial 151 finished with value: 0.055418621506826936 and parameters: {'rho_e': 0.10925300247797051, 'rho_d': 1e-05, 'nu': 2, 'sigma': 0.12739637193595907}. Best is trial 147 with value: 0.05525669535187046.
[I 2026-08-16 15:17:06,123] Trial 152 finished with value: 0.0724788783680081 and parameters: {'rho_e': 0.0016871809565439458, 'rho_d': 1e-05, 'nu': 36, 'sigma': 0.2704243035116066}. Best is trial 147 with value: 0.05525669535187046.
[I 2026-08-16 15:17:43,520] Trial 153 finished with value: 0.059691039949027795 and parameters: {'rho_e': 0.09892761627408492, 'rho_d': 0.01154606383548046, 'nu': 25, 'sigma': 0.0}. Best is trial 147 with value: 0.05525669535187046.
[I 2026-08-16 15:18:20,913] Trial 154 finished with value: 0.07305781430061759 and parameters: {'rho_e': 2.6432715634102704, 'rho_d': 1000.0, 'nu': 36, 'sigma': 0.6191418842576855}. Best is trial 147 with value: 0.05525669535187046.
[I 2026-08-16 15:18:58,389] Trial 155 finished with value: 0.0802414441679931 and parameters: {'rho_e': 1e-05, 'rho_d': 1e-05, 'nu': 2, 'sigma': 0.3375979982950149}. Best is trial 147 with value: 0.05525669535187046.
[I 2026-08-16 15:19:35,806] Trial 156 finished with value: 0.07053181707557452 and parameters: {'rho_e': 9.751009112686058, 'rho_d': 1000.0, 'nu': 2, 'sigma': 0.0}. Best is trial 147 with value: 0.05525669535187046.
[I 2026-08-16 15:20:13,279] Trial 157 finished with value: 0.07994676404200711 and parameters: {'rho_e': 3.0050123589371256, 'rho_d': 1000.0, 'nu': 2, 'sigma': 0.5316547733395128}. Best is trial 147 with value: 0.05525669535187046.
[I 2026-08-16 15:20:50,629] Trial 158 finished with value: 0.05898695934227173 and parameters: {'rho_e': 0.08772805086350662, 'rho_d': 0.004884957152989737, 'nu': 36, 'sigma': 0.10232041103963452}. Best is trial 147 with value: 0.05525669535187046.
[I 2026-08-16 15:21:28,066] Trial 159 finished with value: 0.06998230590496964 and parameters: {'rho_e': 3.6976750318419564e-05, 'rho_d': 0.0041729284475500675, 'nu': 36, 'sigma': 0.0}. Best is trial 147 with value: 0.05525669535187046.
[I 2026-08-16 15:22:05,416] Trial 160 finished with value: 0.055326483081224245 and parameters: {'rho_e': 0.11852839839670716, 'rho_d': 0.0012587554246993459, 'nu': 2, 'sigma': 0.11095849059051616}. Best is trial 147 with value: 0.05525669535187046.
[I 2026-08-16 15:22:42,863] Trial 161 finished with value: 0.058013694612364275 and parameters: {'rho_e': 0.10426788096981898, 'rho_d': 0.009591275375234, 'nu': 9, 'sigma': 0.08081400453834549}. Best is trial 147 with value: 0.05525669535187046.
[I 2026-08-16 15:23:20,336] Trial 162 finished with value: 0.0700877348934234 and parameters: {'rho_e': 1e-05, 'rho_d': 0.00878756608747323, 'nu': 2, 'sigma': 0.0}. Best is trial 147 with value: 0.05525669535187046.
[I 2026-08-16 15:23:57,742] Trial 163 finished with value: 0.0659586609412109 and parameters: {'rho_e': 23.535864616660835, 'rho_d': 999.999999999998, 'nu': 18, 'sigma': 0.22796177109956003}. Best is trial 147 with value: 0.05525669535187046.
[I 2026-08-16 15:24:35,232] Trial 164 finished with value: 0.08212722270581858 and parameters: {'rho_e': 1000.0, 'rho_d': 1e-05, 'nu': 2, 'sigma': 0.5208877602083609}. Best is trial 147 with value: 0.05525669535187046.
[I 2026-08-16 15:25:12,688] Trial 165 finished with value: 0.06308806314018132 and parameters: {'rho_e': 0.03856422816099184, 'rho_d': 0.004042574944226798, 'nu': 36, 'sigma': 0.0}. Best is trial 147 with value: 0.05525669535187046.
[I 2026-08-16 15:25:50,108] Trial 166 finished with value: 0.07152363470284606 and parameters: {'rho_e': 20.11097959903345, 'rho_d': 999.999999999998, 'nu': 36, 'sigma': 1.0}. Best is trial 147 with value: 0.05525669535187046.
[I 2026-08-16 15:26:27,479] Trial 167 finished with value: 0.08500257731105199 and parameters: {'rho_e': 0.0008375303383186393, 'rho_d': 1e-05, 'nu': 36, 'sigma': 1.0}. Best is trial 147 with value: 0.05525669535187046.
[I 2026-08-16 15:27:05,000] Trial 168 finished with value: 0.07060617338387759 and parameters: {'rho_e': 0.030045159557114516, 'rho_d': 0.005593351666898755, 'nu': 36, 'sigma': 0.5140519233511757}. Best is trial 147 with value: 0.05525669535187046.
[I 2026-08-16 15:27:42,401] Trial 169 finished with value: 0.0748730844263392 and parameters: {'rho_e': 9.919001223602444e-05, 'rho_d': 1e-05, 'nu': 36, 'sigma': 0.4259739249732172}. Best is trial 147 with value: 0.05525669535187046.
[I 2026-08-16 15:28:19,954] Trial 170 finished with value: 0.055301922372852905 and parameters: {'rho_e': 0.11862963623056799, 'rho_d': 1.694012357237261e-05, 'nu': 2, 'sigma': 0.12600456761463122}. Best is trial 147 with value: 0.05525669535187046.
[I 2026-08-16 15:28:57,485] Trial 171 finished with value: 0.0592851609787568 and parameters: {'rho_e': 0.1317236318983731, 'rho_d': 1e-05, 'nu': 36, 'sigma': 0.2794766912157266}. Best is trial 147 with value: 0.05525669535187046.
[I 2026-08-16 15:29:34,920] Trial 172 finished with value: 0.055275435833970474 and parameters: {'rho_e': 0.1193069444448074, 'rho_d': 1.696109014281384e-05, 'nu': 2, 'sigma': 0.12579835055594238}. Best is trial 147 with value: 0.05525669535187046.
[I 2026-08-16 15:30:12,389] Trial 173 finished with value: 0.06348462894103865 and parameters: {'rho_e': 0.18729252596030246, 'rho_d': 0.024523847344031572, 'nu': 36, 'sigma': 0.0}. Best is trial 147 with value: 0.05525669535187046.
[I 2026-08-16 15:30:49,949] Trial 174 finished with value: 0.06245284935739583 and parameters: {'rho_e': 0.053478946415742606, 'rho_d': 1e-05, 'nu': 36, 'sigma': 0.2262232312888932}. Best is trial 147 with value: 0.05525669535187046.
[I 2026-08-16 15:31:27,319] Trial 175 finished with value: 0.06466049253945828 and parameters: {'rho_e': 0.17929691221112004, 'rho_d': 1e-05, 'nu': 36, 'sigma': 0.6051647451888269}. Best is trial 147 with value: 0.05525669535187046.
[I 2026-08-16 15:32:04,921] Trial 176 finished with value: 0.078379409397352 and parameters: {'rho_e': 1e-05, 'rho_d': 0.14781158051547655, 'nu': 36, 'sigma': 0.0}. Best is trial 147 with value: 0.05525669535187046.
[I 2026-08-16 15:32:42,427] Trial 177 finished with value: 0.05525281748216885 and parameters: {'rho_e': 0.1198882568684919, 'rho_d': 1.7096876975149465e-05, 'nu': 2, 'sigma': 0.12574420707398695}. Best is trial 177 with value: 0.05525281748216885.
[I 2026-08-16 15:33:19,966] Trial 178 finished with value: 0.05526568631289429 and parameters: {'rho_e': 0.12035401599377504, 'rho_d': 1.6686767789196186e-05, 'nu': 2, 'sigma': 0.12569558066370823}. Best is trial 177 with value: 0.05525281748216885.
[I 2026-08-16 15:33:57,509] Trial 179 finished with value: 0.05527716143907406 and parameters: {'rho_e': 0.12086134419232894, 'rho_d': 1.6419854135765527e-05, 'nu': 2, 'sigma': 0.12544157408592896}. Best is trial 177 with value: 0.05525281748216885.
[I 2026-08-16 15:34:35,023] Trial 180 finished with value: 0.05545066765874311 and parameters: {'rho_e': 0.12547054727929166, 'rho_d': 0.0007387581638190233, 'nu': 2, 'sigma': 0.11861789854324163}. Best is trial 177 with value: 0.05525281748216885.
