[I 2026-08-16 14:58:55,965] Trial 181 finished with value: 0.09128530799733994 and parameters: {'rho_e': 1e-05, 'rho_d': 0.0006648394616898157, 'nu': 36, 'sigma': 1.0}. Best is trial 152 with value: 0.07132993164898312.
[I 2026-08-16 14:59:26,713] Trial 182 finished with value: 0.07307887591953129 and parameters: {'rho_e': 0.694268919859284, 'rho_d': 95.98559938135864, 'nu': 20, 'sigma': 0.18263435819519125}. Best is trial 152 with value: 0.07132993164898312.
[I 2026-08-16 14:59:57,425] Trial 183 finished with value: 0.08631906095976842 and parameters: {'rho_e': 1e-05, 'rho_d': 0.0006946482915895824, 'nu': 2, 'sigma': 0.0}. Best is trial 152 with value: 0.07132993164898312.
[I 2026-08-16 15:00:28,043] Trial 184 finished with value: 0.07201402620923096 and parameters: {'rho_e': 0.05524039695243625, 'rho_d': 0.0001632789964412885, 'nu': 2, 'sigma': 0.3351286120789817}. Best is trial 152 with value: 0.07132993164898312.
[I 2026-08-16 15:00:58,641] Trial 185 finished with value: 0.07557535545735693 and parameters: {'rho_e': 0.16420966025138745, 'rho_d': 1e-05, 'nu': 2, 'sigma': 0.6053783384799983}. Best is trial 152 with value: 0.07132993164898312.
[I 2026-08-16 15:01:29,223] Trial 186 finished with value: 0.07333975569652389 and parameters: {'rho_e': 1.5087403379925861, 'rho_d': 288.48521827263124, 'nu': 36, 'sigma': 0.33603403820484884}. Best is trial 152 with value: 0.07132993164898312.
[I 2026-08-16 15:01:59,848] Trial 187 finished with value: 0.0715515129107728 and parameters: {'rho_e': 0.04624386909445685, 'rho_d': 0.000515693224218012, 'nu': 2, 'sigma': 0.3146093458449624}. Best is trial 152 with value: 0.07132993164898312.
[I 2026-08-16 15:02:30,468] Trial 188 finished with value: 0.08077167095100397 and parameters: {'rho_e': 0.13666586275605427, 'rho_d': 0.0004280679617770537, 'nu': 2, 'sigma': 1.0}. Best is trial 152 with value: 0.07132993164898312.
[I 2026-08-16 15:03:01,105] Trial 189 finished with value: 0.09385282186402258 and parameters: {'rho_e': 0.00020937622373436192, 'rho_d': 1000.0, 'nu': 2, 'sigma': 0.0}. Best is trial 152 with value: 0.07132993164898312.
[I 2026-08-16 15:03:31,802] Trial 190 finished with value: 0.08640493897612996 and parameters: {'rho_e': 0.00011346456201664504, 'rho_d': 1e-05, 'nu': 2, 'sigma': 0.0}. Best is trial 152 with value: 0.07132993164898312.
[I 2026-08-16 15:04:02,420] Trial 191 finished with value: 0.07932117496074861 and parameters: {'rho_e': 0.07222334803509406, 'rho_d': 82.35685386393526, 'nu': 2, 'sigma': 0.0}. Best is trial 152 with value: 0.07132993164898312.
[I 2026-08-16 15:04:33,134] Trial 192 finished with value: 0.07504233582194761 and parameters: {'rho_e': 0.019480508819531967, 'rho_d': 0.00025188487624789495, 'nu': 36, 'sigma': 0.29095806228366794}. Best is trial 152 with value: 0.07132993164898312.
[I 2026-08-16 15:05:03,865] Trial 193 finished with value: 0.07202227464432233 and parameters: {'rho_e': 0.036757132695631384, 'rho_d': 4.241853547679106e-05, 'nu': 2, 'sigma': 0.2869884594809338}. Best is trial 152 with value: 0.07132993164898312.
[I 2026-08-16 15:05:34,481] Trial 194 finished with value: 0.07798625765568933 and parameters: {'rho_e': 0.09295859855470588, 'rho_d': 3.3374844130676236e-05, 'nu': 36, 'sigma': 0.6872106091946418}. Best is trial 152 with value: 0.07132993164898312.
[I 2026-08-16 15:06:05,164] Trial 195 finished with value: 0.08929627717161935 and parameters: {'rho_e': 12.659629535824731, 'rho_d': 999.999999999998, 'nu': 2, 'sigma': 1.0}. Best is trial 152 with value: 0.07132993164898312.
[I 2026-08-16 15:06:35,764] Trial 196 finished with value: 0.08640261385082013 and parameters: {'rho_e': 0.0001491288414315201, 'rho_d': 0.0002764529891542753, 'nu': 36, 'sigma': 0.0}. Best is trial 152 with value: 0.07132993164898312.
[I 2026-08-16 15:07:06,378] Trial 197 finished with value: 0.07452465500422095 and parameters: {'rho_e': 0.11516790124575804, 'rho_d': 0.004241768277745193, 'nu': 2, 'sigma': 0.5131213769285035}. Best is trial 152 with value: 0.07132993164898312.
[I 2026-08-16 15:07:37,056] Trial 198 finished with value: 0.07307618698711665 and parameters: {'rho_e': 0.8766092162205553, 'rho_d': 110.63226115430614, 'nu': 36, 'sigma': 0.2161392198809484}. Best is trial 152 with value: 0.07132993164898312.
[I 2026-08-16 15:08:07,699] Trial 199 finished with value: 0.09853399065729491 and parameters: {'rho_e': 8.800188218505889e-05, 'rho_d': 1e-05, 'nu': 2, 'sigma': 1.0}. Best is trial 152 with value: 0.07132993164898312.
/home/gterren/dynamic_update/functional_forecast_dynamic_update/scripts/validate_zone_ffc_mpi.py:1094: FutureWarning: The behavior of DataFrame concatenation with empty or all-NA entries is deprecated. In a future version, this will no longer exclude empty or all-NA columns when determining the result dtypes. To retain the old behavior, exclude the relevant entries before the concat operation.
  results_df = pd.concat([results_df, prob_results], axis = 0, ignore_index=True)
