[I 2026-08-16 15:35:12,498] Trial 181 finished with value: 0.05525254954492324 and parameters: {'rho_e': 0.1198944357086793, 'rho_d': 1.6908856665725612e-05, 'nu': 2, 'sigma': 0.12584162320990872}. Best is trial 181 with value: 0.05525254954492324.
[I 2026-08-16 15:35:50,072] Trial 182 finished with value: 0.05530090885496981 and parameters: {'rho_e': 0.12024096267715245, 'rho_d': 1.6695763958373828e-05, 'nu': 2, 'sigma': 0.12571096431039844}. Best is trial 181 with value: 0.05525254954492324.
[I 2026-08-16 15:36:27,675] Trial 183 finished with value: 0.07005073015821606 and parameters: {'rho_e': 0.0012156645910179674, 'rho_d': 0.0016965102420805466, 'nu': 36, 'sigma': 0.0}. Best is trial 181 with value: 0.05525254954492324.
[I 2026-08-16 15:37:05,171] Trial 184 finished with value: 0.05525763403921666 and parameters: {'rho_e': 0.12056641577476121, 'rho_d': 1.700860136738481e-05, 'nu': 2, 'sigma': 0.12530934200108185}. Best is trial 181 with value: 0.05525254954492324.
[I 2026-08-16 15:37:42,772] Trial 185 finished with value: 0.0552712479254928 and parameters: {'rho_e': 0.12102315936621044, 'rho_d': 1.775295411100253e-05, 'nu': 2, 'sigma': 0.1245357700770794}. Best is trial 181 with value: 0.05525254954492324.
[I 2026-08-16 15:38:20,376] Trial 186 finished with value: 0.055284076988963815 and parameters: {'rho_e': 0.12066715302048968, 'rho_d': 1e-05, 'nu': 2, 'sigma': 0.12718652665306643}. Best is trial 181 with value: 0.05525254954492324.
[I 2026-08-16 15:38:57,989] Trial 187 finished with value: 0.0552987346721482 and parameters: {'rho_e': 0.12109206226350049, 'rho_d': 1e-05, 'nu': 2, 'sigma': 0.1270761926740762}. Best is trial 181 with value: 0.05525254954492324.
[I 2026-08-16 15:39:35,617] Trial 188 finished with value: 0.07854918134387956 and parameters: {'rho_e': 39.34472153209413, 'rho_d': 1000.0, 'nu': 2, 'sigma': 0.6103278272989863}. Best is trial 181 with value: 0.05525254954492324.
[I 2026-08-16 15:40:13,300] Trial 189 finished with value: 0.05541690904677109 and parameters: {'rho_e': 0.12208701142420225, 'rho_d': 1.9408442759384072e-05, 'nu': 2, 'sigma': 0.12209387119785535}. Best is trial 181 with value: 0.05525254954492324.
[I 2026-08-16 15:40:50,985] Trial 190 finished with value: 0.05531089645150588 and parameters: {'rho_e': 0.11838758506462192, 'rho_d': 1e-05, 'nu': 2, 'sigma': 0.1279625367680207}. Best is trial 181 with value: 0.05525254954492324.
[I 2026-08-16 15:41:28,716] Trial 191 finished with value: 0.05789758797117141 and parameters: {'rho_e': 0.11854415028221893, 'rho_d': 0.0012568559425127177, 'nu': 23, 'sigma': 0.10556432026601537}. Best is trial 181 with value: 0.05525254954492324.
[I 2026-08-16 15:42:06,415] Trial 192 finished with value: 0.07306947545809954 and parameters: {'rho_e': 1000.0, 'rho_d': 1000.0, 'nu': 36, 'sigma': 1.0}. Best is trial 181 with value: 0.05525254954492324.
[I 2026-08-16 15:42:44,139] Trial 193 finished with value: 0.05524927219973828 and parameters: {'rho_e': 0.11838260850370799, 'rho_d': 1.4454888410952e-05, 'nu': 2, 'sigma': 0.12828647472760232}. Best is trial 193 with value: 0.05524927219973828.
[I 2026-08-16 15:43:21,839] Trial 194 finished with value: 0.07000761858811518 and parameters: {'rho_e': 6.872902091425374e-05, 'rho_d': 0.005305473920777663, 'nu': 2, 'sigma': 0.0}. Best is trial 193 with value: 0.05524927219973828.
[I 2026-08-16 15:43:59,597] Trial 195 finished with value: 0.055248860666259836 and parameters: {'rho_e': 0.11839113573231615, 'rho_d': 1.4319133619155502e-05, 'nu': 2, 'sigma': 0.12855270462019389}. Best is trial 195 with value: 0.055248860666259836.
[I 2026-08-16 15:44:37,371] Trial 196 finished with value: 0.07016723189491765 and parameters: {'rho_e': 3.1303745686149135e-05, 'rho_d': 6.179073401507747e-05, 'nu': 19, 'sigma': 0.0}. Best is trial 195 with value: 0.055248860666259836.
[I 2026-08-16 15:45:15,231] Trial 197 finished with value: 0.05527560419894231 and parameters: {'rho_e': 0.11849479132362122, 'rho_d': 1.432810477793749e-05, 'nu': 2, 'sigma': 0.1286673416905128}. Best is trial 195 with value: 0.055248860666259836.
[I 2026-08-16 15:45:52,239] Trial 198 finished with value: 0.09216003703175883 and parameters: {'rho_e': 1000.0, 'rho_d': 1e-05, 'nu': 36, 'sigma': 1.0}. Best is trial 195 with value: 0.055248860666259836.
[I 2026-08-16 15:46:29,732] Trial 199 finished with value: 0.05529333747453878 and parameters: {'rho_e': 0.11882729064915606, 'rho_d': 1.4373159796640112e-05, 'nu': 2, 'sigma': 0.1288873751044732}. Best is trial 195 with value: 0.055248860666259836.
/home/gterren/dynamic_update/functional_forecast_dynamic_update/scripts/validate_zone_ffc_mpi.py:1094: FutureWarning: The behavior of DataFrame concatenation with empty or all-NA entries is deprecated. In a future version, this will no longer exclude empty or all-NA columns when determining the result dtypes. To retain the old behavior, exclude the relevant entries before the concat operation.
  results_df = pd.concat([results_df, prob_results], axis = 0, ignore_index=True)
