[I 2026-08-16 17:05:36,527] Trial 88 finished with value: 0.10402030472512686 and parameters: {'rho_e': 0.00012125829831653894, 'rho_d': 19.630650519000437, 'nu': 10, 'sigma': 0.7884377100219454}. Best is trial 4 with value: 0.07296919565690396.
[I 2026-08-16 17:06:21,449] Trial 89 finished with value: 0.09015297063626374 and parameters: {'rho_e': 3.893751642068498e-05, 'rho_d': 0.9795442357931721, 'nu': 20, 'sigma': 0.5936410928252096}. Best is trial 4 with value: 0.07296919565690396.
[I 2026-08-16 17:07:08,656] Trial 90 finished with value: 0.10351922548735994 and parameters: {'rho_e': 4.8811512206932886, 'rho_d': 3.209766039730455, 'nu': 34, 'sigma': 0.8768891090820096}. Best is trial 4 with value: 0.07296919565690396.
[I 2026-08-16 17:07:55,283] Trial 91 finished with value: 0.07818462153489791 and parameters: {'rho_e': 0.19086427524381236, 'rho_d': 0.0005859037345321275, 'nu': 8, 'sigma': 0.5505294308690223}. Best is trial 4 with value: 0.07296919565690396.
[I 2026-08-16 17:08:42,570] Trial 92 finished with value: 0.0844470657448715 and parameters: {'rho_e': 0.44668270078282146, 'rho_d': 1.9189911568156766e-05, 'nu': 24, 'sigma': 0.9048428701329665}. Best is trial 4 with value: 0.07296919565690396.
[I 2026-08-16 17:09:30,164] Trial 93 finished with value: 0.0850786817795495 and parameters: {'rho_e': 0.04518272217488784, 'rho_d': 0.0019042154852168265, 'nu': 17, 'sigma': 0.7711616889352428}. Best is trial 4 with value: 0.07296919565690396.
[I 2026-08-16 17:10:17,352] Trial 94 finished with value: 0.09226653258973014 and parameters: {'rho_e': 0.02386327174800719, 'rho_d': 70.35453635909505, 'nu': 26, 'sigma': 0.6321242947578075}. Best is trial 4 with value: 0.07296919565690396.
[I 2026-08-16 17:11:05,219] Trial 95 finished with value: 0.08008154139039346 and parameters: {'rho_e': 8.25713500843253e-05, 'rho_d': 0.00012532475584443455, 'nu': 13, 'sigma': 0.26396166502640883}. Best is trial 4 with value: 0.07296919565690396.
[I 2026-08-16 17:11:53,071] Trial 96 finished with value: 0.0922120191023337 and parameters: {'rho_e': 0.0024547283980115068, 'rho_d': 305.22017701744807, 'nu': 17, 'sigma': 0.32786718698677975}. Best is trial 4 with value: 0.07296919565690396.
[I 2026-08-16 17:12:40,713] Trial 97 finished with value: 0.09066013039589468 and parameters: {'rho_e': 21.13367188708461, 'rho_d': 0.019753486361084704, 'nu': 14, 'sigma': 0.946528522698323}. Best is trial 4 with value: 0.07296919565690396.
[I 2026-08-16 17:13:26,656] Trial 98 finished with value: 0.08255727699636534 and parameters: {'rho_e': 0.07307392667419121, 'rho_d': 0.03432656436892995, 'nu': 25, 'sigma': 0.9790803255957043}. Best is trial 4 with value: 0.07296919565690396.
[I 2026-08-16 17:14:13,337] Trial 99 finished with value: 0.09139887739968808 and parameters: {'rho_e': 0.014400697832168036, 'rho_d': 0.2992169838775733, 'nu': 4, 'sigma': 0.6279299990703359}. Best is trial 4 with value: 0.07296919565690396.
[I 2026-08-16 17:15:02,051] Trial 100 finished with value: 0.08324143827748774 and parameters: {'rho_e': 0.15790728410697222, 'rho_d': 1000.0, 'nu': 34, 'sigma': 0.2080080543635074}. Best is trial 4 with value: 0.07296919565690396.
[I 2026-08-16 17:15:49,747] Trial 101 finished with value: 0.07384451126381289 and parameters: {'rho_e': 0.011190789471114366, 'rho_d': 0.0001586788615805471, 'nu': 2, 'sigma': 0.18613183795382013}. Best is trial 4 with value: 0.07296919565690396.
[I 2026-08-16 17:16:37,557] Trial 102 finished with value: 0.07725029686186202 and parameters: {'rho_e': 1e-05, 'rho_d': 1e-05, 'nu': 36, 'sigma': 0.0}. Best is trial 4 with value: 0.07296919565690396.
[I 2026-08-16 17:17:24,960] Trial 103 finished with value: 0.07725029686186202 and parameters: {'rho_e': 1e-05, 'rho_d': 1e-05, 'nu': 2, 'sigma': 0.0}. Best is trial 4 with value: 0.07296919565690396.
[I 2026-08-16 17:18:13,042] Trial 104 finished with value: 0.07719603336110695 and parameters: {'rho_e': 0.0014815394009165235, 'rho_d': 1e-05, 'nu': 2, 'sigma': 0.0}. Best is trial 4 with value: 0.07296919565690396.
[I 2026-08-16 17:19:01,515] Trial 105 finished with value: 0.07221939619567827 and parameters: {'rho_e': 0.01990674628830775, 'rho_d': 0.0010844396114014618, 'nu': 2, 'sigma': 0.2463086891909059}. Best is trial 105 with value: 0.07221939619567827.
[I 2026-08-16 17:19:48,636] Trial 106 finished with value: 0.07474895376748181 and parameters: {'rho_e': 0.12663657344357043, 'rho_d': 5.283096803999453, 'nu': 36, 'sigma': 0.37452360479848984}. Best is trial 105 with value: 0.07221939619567827.
[I 2026-08-16 17:20:34,787] Trial 107 finished with value: 0.07725008168423202 and parameters: {'rho_e': 0.0001899441474793128, 'rho_d': 1e-05, 'nu': 36, 'sigma': 0.0}. Best is trial 105 with value: 0.07221939619567827.
[I 2026-08-16 17:21:21,671] Trial 108 finished with value: 0.07204475407855031 and parameters: {'rho_e': 0.03509824760964534, 'rho_d': 0.0007398228367749405, 'nu': 2, 'sigma': 0.2922181439484082}. Best is trial 108 with value: 0.07204475407855031.
[I 2026-08-16 17:22:09,578] Trial 109 finished with value: 0.07133033132498608 and parameters: {'rho_e': 0.033049152625024864, 'rho_d': 0.006080476323308701, 'nu': 2, 'sigma': 0.2871176719859609}. Best is trial 109 with value: 0.07133033132498608.
[I 2026-08-16 17:22:56,540] Trial 110 finished with value: 0.07725005825702241 and parameters: {'rho_e': 0.0001150958147197418, 'rho_d': 0.00017521809027345444, 'nu': 2, 'sigma': 0.0}. Best is trial 109 with value: 0.07133033132498608.
[I 2026-08-16 17:23:41,495] Trial 111 finished with value: 0.07827975991785069 and parameters: {'rho_e': 1e-05, 'rho_d': 0.0030213339518019664, 'nu': 36, 'sigma': 0.0}. Best is trial 109 with value: 0.07133033132498608.
[I 2026-08-16 17:24:25,691] Trial 112 finished with value: 0.0721498555213251 and parameters: {'rho_e': 0.153487410551495, 'rho_d': 1e-05, 'nu': 2, 'sigma': 0.5266209105415889}. Best is trial 109 with value: 0.07133033132498608.
[I 2026-08-16 17:25:09,942] Trial 113 finished with value: 0.07233048942530947 and parameters: {'rho_e': 0.4364806643010804, 'rho_d': 1e-05, 'nu': 2, 'sigma': 0.6446836113939264}. Best is trial 109 with value: 0.07133033132498608.
[I 2026-08-16 17:25:54,546] Trial 114 finished with value: 0.07265626631920985 and parameters: {'rho_e': 0.039480936457797516, 'rho_d': 0.08329094098684749, 'nu': 2, 'sigma': 0.2733431476685304}. Best is trial 109 with value: 0.07133033132498608.
[I 2026-08-16 17:26:39,252] Trial 115 finished with value: 0.08327359488362289 and parameters: {'rho_e': 0.022831642180833337, 'rho_d': 1e-05, 'nu': 36, 'sigma': 1.0}. Best is trial 109 with value: 0.07133033132498608.
[I 2026-08-16 17:27:26,312] Trial 116 finished with value: 0.07664242519505463 and parameters: {'rho_e': 0.0014338809084595233, 'rho_d': 1e-05, 'nu': 36, 'sigma': 0.19673557123401098}. Best is trial 109 with value: 0.07133033132498608.
[I 2026-08-16 17:28:13,081] Trial 117 finished with value: 0.07842635286007288 and parameters: {'rho_e': 1e-05, 'rho_d': 0.004231319988765852, 'nu': 2, 'sigma': 0.0}. Best is trial 109 with value: 0.07133033132498608.
[I 2026-08-16 17:29:00,409] Trial 118 finished with value: 0.07499556294260751 and parameters: {'rho_e': 0.184573381617388, 'rho_d': 1e-05, 'nu': 2, 'sigma': 0.6598116191722019}. Best is trial 109 with value: 0.07133033132498608.
[I 2026-08-16 17:29:45,862] Trial 119 finished with value: 0.07294314233263924 and parameters: {'rho_e': 0.06818022602675833, 'rho_d': 1e-05, 'nu': 2, 'sigma': 0.3571105727608638}. Best is trial 109 with value: 0.07133033132498608.
[I 2026-08-16 17:30:34,123] Trial 120 finished with value: 0.07330726071514707 and parameters: {'rho_e': 0.03204453642294868, 'rho_d': 0.01132130735816069, 'nu': 7, 'sigma': 0.2837994353425957}. Best is trial 109 with value: 0.07133033132498608.
[I 2026-08-16 17:31:22,402] Trial 121 finished with value: 0.08205039930924578 and parameters: {'rho_e': 1.999567267634696, 'rho_d': 1e-05, 'nu': 2, 'sigma': 1.0}. Best is trial 109 with value: 0.07133033132498608.
[I 2026-08-16 17:32:10,597] Trial 122 finished with value: 0.07677868291167728 and parameters: {'rho_e': 0.00020705876764865364, 'rho_d': 1e-05, 'nu': 36, 'sigma': 0.2880840956311765}. Best is trial 109 with value: 0.07133033132498608.
[I 2026-08-16 17:32:58,035] Trial 123 finished with value: 0.07081181556800803 and parameters: {'rho_e': 0.04559961950738491, 'rho_d': 0.006083386379109409, 'nu': 2, 'sigma': 0.3269393742978079}. Best is trial 123 with value: 0.07081181556800803.
[I 2026-08-16 17:33:45,369] Trial 124 finished with value: 0.07171586617179115 and parameters: {'rho_e': 0.05621454515413254, 'rho_d': 0.005219945793653503, 'nu': 2, 'sigma': 0.36670646162193576}. Best is trial 123 with value: 0.07081181556800803.
[I 2026-08-16 17:34:32,495] Trial 125 finished with value: 0.08914004258591725 and parameters: {'rho_e': 1e-05, 'rho_d': 1e-05, 'nu': 36, 'sigma': 1.0}. Best is trial 123 with value: 0.07081181556800803.
[I 2026-08-16 17:35:19,263] Trial 126 finished with value: 0.08086864738572824 and parameters: {'rho_e': 0.2144565141063864, 'rho_d': 1000.0, 'nu': 2, 'sigma': 0.27948490083162525}. Best is trial 123 with value: 0.07081181556800803.
[I 2026-08-16 17:36:05,178] Trial 127 finished with value: 0.07678303797110289 and parameters: {'rho_e': 0.0004539035785510547, 'rho_d': 1e-05, 'nu': 19, 'sigma': 0.1029408980126787}. Best is trial 123 with value: 0.07081181556800803.
[I 2026-08-16 17:36:48,319] Trial 128 finished with value: 0.09962798395494521 and parameters: {'rho_e': 1e-05, 'rho_d': 999.999999999998, 'nu': 36, 'sigma': 1.0}. Best is trial 123 with value: 0.07081181556800803.
[I 2026-08-16 17:37:32,486] Trial 129 finished with value: 0.07297038078211968 and parameters: {'rho_e': 0.3701533809363787, 'rho_d': 1e-05, 'nu': 2, 'sigma': 0.5203175703326308}. Best is trial 123 with value: 0.07081181556800803.
[I 2026-08-16 17:38:20,921] Trial 130 finished with value: 0.07670930294825566 and parameters: {'rho_e': 0.005716572945041768, 'rho_d': 1e-05, 'nu': 36, 'sigma': 0.0}. Best is trial 123 with value: 0.07081181556800803.
[I 2026-08-16 17:39:09,003] Trial 131 finished with value: 0.08159593076142319 and parameters: {'rho_e': 1e-05, 'rho_d': 1e-05, 'nu': 2, 'sigma': 0.2936709990714063}. Best is trial 123 with value: 0.07081181556800803.
[I 2026-08-16 17:39:56,671] Trial 132 finished with value: 0.07295647258631269 and parameters: {'rho_e': 0.07402822065159771, 'rho_d': 0.00018522634009221056, 'nu': 2, 'sigma': 0.41364583705510627}. Best is trial 123 with value: 0.07081181556800803.
[I 2026-08-16 17:40:43,910] Trial 133 finished with value: 0.07194487612675085 and parameters: {'rho_e': 0.07879466515235062, 'rho_d': 1.403584105000645, 'nu': 2, 'sigma': 0.35906466560745776}. Best is trial 123 with value: 0.07081181556800803.
[I 2026-08-16 17:41:31,123] Trial 134 finished with value: 0.07085076357601292 and parameters: {'rho_e': 0.06262164653157448, 'rho_d': 0.07604994109735616, 'nu': 2, 'sigma': 0.37007047812097743}. Best is trial 123 with value: 0.07081181556800803.
[I 2026-08-16 17:42:17,967] Trial 135 finished with value: 0.07114659059782152 and parameters: {'rho_e': 0.060452328927706654, 'rho_d': 0.06518460293180113, 'nu': 2, 'sigma': 0.3651098083818753}. Best is trial 123 with value: 0.07081181556800803.
[I 2026-08-16 17:43:05,075] Trial 136 finished with value: 0.07124455015683348 and parameters: {'rho_e': 0.059706747514379266, 'rho_d': 0.03444133187969598, 'nu': 2, 'sigma': 0.34161875349903903}. Best is trial 123 with value: 0.07081181556800803.
[I 2026-08-16 17:43:51,480] Trial 137 finished with value: 0.0761036473680771 and parameters: {'rho_e': 0.813718717355838, 'rho_d': 1000.0, 'nu': 36, 'sigma': 0.3231376646779161}. Best is trial 123 with value: 0.07081181556800803.
[I 2026-08-16 17:44:38,934] Trial 138 finished with value: 0.0734128006493745 and parameters: {'rho_e': 1.3699201499755767, 'rho_d': 1e-05, 'nu': 2, 'sigma': 0.6480748291105703}. Best is trial 123 with value: 0.07081181556800803.
[I 2026-08-16 17:45:27,527] Trial 139 finished with value: 0.0854404152827993 and parameters: {'rho_e': 1000.0, 'rho_d': 0.26696315246384494, 'nu': 2, 'sigma': 1.0}. Best is trial 123 with value: 0.07081181556800803.
[I 2026-08-16 17:46:15,519] Trial 140 finished with value: 0.07240597720344041 and parameters: {'rho_e': 0.04833248929357719, 'rho_d': 0.03043532286540945, 'nu': 2, 'sigma': 0.36502014773314906}. Best is trial 123 with value: 0.07081181556800803.
[I 2026-08-16 17:47:03,080] Trial 141 finished with value: 0.0698117639959135 and parameters: {'rho_e': 0.07484621868394221, 'rho_d': 0.17361088553540818, 'nu': 2, 'sigma': 0.33675727444566395}. Best is trial 141 with value: 0.0698117639959135.
[I 2026-08-16 17:47:50,181] Trial 142 finished with value: 0.07028162802285838 and parameters: {'rho_e': 0.08172276139196603, 'rho_d': 0.896362178447218, 'nu': 2, 'sigma': 0.2636004925780658}. Best is trial 141 with value: 0.0698117639959135.
[I 2026-08-16 17:48:37,508] Trial 143 finished with value: 0.06916055659041975 and parameters: {'rho_e': 0.08546119783640281, 'rho_d': 0.3422330135027906, 'nu': 2, 'sigma': 0.29955793705210637}. Best is trial 143 with value: 0.06916055659041975.
[I 2026-08-16 17:49:23,054] Trial 144 finished with value: 0.07514748434607457 and parameters: {'rho_e': 0.0133561187396958, 'rho_d': 1e-05, 'nu': 36, 'sigma': 0.3006856382283025}. Best is trial 143 with value: 0.06916055659041975.
[I 2026-08-16 17:50:06,798] Trial 145 finished with value: 0.06921277912711227 and parameters: {'rho_e': 0.1058830888542856, 'rho_d': 0.4016651194331173, 'nu': 2, 'sigma': 0.30454450498511887}. Best is trial 143 with value: 0.06916055659041975.
[I 2026-08-16 17:50:50,649] Trial 146 finished with value: 0.06833949906462901 and parameters: {'rho_e': 0.10124990305102856, 'rho_d': 0.3068154546829991, 'nu': 2, 'sigma': 0.30858197788194175}. Best is trial 146 with value: 0.06833949906462901.
[I 2026-08-16 17:51:38,938] Trial 147 finished with value: 0.08913479728860757 and parameters: {'rho_e': 0.0005652317727287353, 'rho_d': 1e-05, 'nu': 36, 'sigma': 1.0}. Best is trial 146 with value: 0.06833949906462901.
[I 2026-08-16 17:52:27,845] Trial 148 finished with value: 0.07979762408271598 and parameters: {'rho_e': 0.6753837951934483, 'rho_d': 1000.0, 'nu': 2, 'sigma': 0.0}. Best is trial 146 with value: 0.06833949906462901.
[I 2026-08-16 17:53:16,868] Trial 149 finished with value: 0.0684424261574786 and parameters: {'rho_e': 0.1570502398438325, 'rho_d': 1.8604719450297353, 'nu': 2, 'sigma': 0.2634790882079577}. Best is trial 146 with value: 0.06833949906462901.
[I 2026-08-16 17:54:03,126] Trial 150 finished with value: 0.06918733554716924 and parameters: {'rho_e': 0.1438508128865291, 'rho_d': 0.9672246819388602, 'nu': 2, 'sigma': 0.2929341188416415}. Best is trial 146 with value: 0.06833949906462901.
[I 2026-08-16 17:54:51,032] Trial 151 finished with value: 0.07128030868355732 and parameters: {'rho_e': 0.15899783739581358, 'rho_d': 4.857027103547167, 'nu': 2, 'sigma': 0.19424943699368694}. Best is trial 146 with value: 0.06833949906462901.
[I 2026-08-16 17:55:37,835] Trial 152 finished with value: 0.0690799289717135 and parameters: {'rho_e': 0.13927637945415638, 'rho_d': 0.725984176906989, 'nu': 2, 'sigma': 0.31694195996398183}. Best is trial 146 with value: 0.06833949906462901.
[I 2026-08-16 17:56:25,549] Trial 153 finished with value: 0.07913481184812596 and parameters: {'rho_e': 0.05386405449907795, 'rho_d': 1e-05, 'nu': 36, 'sigma': 0.5897781886207936}. Best is trial 146 with value: 0.06833949906462901.
[I 2026-08-16 17:57:12,397] Trial 154 finished with value: 0.07632061756360498 and parameters: {'rho_e': 0.0064528329308323785, 'rho_d': 0.001112119376514815, 'nu': 36, 'sigma': 0.27507105234051976}. Best is trial 146 with value: 0.06833949906462901.
[I 2026-08-16 17:58:00,119] Trial 155 finished with value: 0.06860699858048451 and parameters: {'rho_e': 0.12416272011583407, 'rho_d': 0.5444602413773855, 'nu': 2, 'sigma': 0.2707214874444477}. Best is trial 146 with value: 0.06833949906462901.
[I 2026-08-16 17:58:47,980] Trial 156 finished with value: 0.09402344680803804 and parameters: {'rho_e': 1000.0, 'rho_d': 999.999999999998, 'nu': 2, 'sigma': 0.9999999999999999}. Best is trial 146 with value: 0.06833949906462901.
[I 2026-08-16 17:59:37,101] Trial 157 finished with value: 0.06869376675905609 and parameters: {'rho_e': 0.12473682611897656, 'rho_d': 0.5361264397004053, 'nu': 2, 'sigma': 0.27214978771411874}. Best is trial 146 with value: 0.06833949906462901.
[I 2026-08-16 18:00:25,179] Trial 158 finished with value: 0.07838393849951153 and parameters: {'rho_e': 1e-05, 'rho_d': 1e-05, 'nu': 36, 'sigma': 0.36911242790701015}. Best is trial 146 with value: 0.06833949906462901.
[I 2026-08-16 18:01:12,170] Trial 159 finished with value: 0.09253191720056955 and parameters: {'rho_e': 1e-05, 'rho_d': 1000.0, 'nu': 2, 'sigma': 0.30260225860987555}. Best is trial 146 with value: 0.06833949906462901.
[I 2026-08-16 18:01:58,809] Trial 160 finished with value: 0.0688781088035374 and parameters: {'rho_e': 0.12842344005999584, 'rho_d': 0.4019314029208619, 'nu': 2, 'sigma': 0.3050980972713114}. Best is trial 146 with value: 0.06833949906462901.
[I 2026-08-16 18:02:46,468] Trial 161 finished with value: 0.09564035845152948 and parameters: {'rho_e': 1000.0, 'rho_d': 1e-05, 'nu': 36, 'sigma': 1.0}. Best is trial 146 with value: 0.06833949906462901.
[I 2026-08-16 18:03:33,238] Trial 162 finished with value: 0.06902299807720724 and parameters: {'rho_e': 0.1242191442318123, 'rho_d': 0.6354034938773373, 'nu': 2, 'sigma': 0.26481125521851395}. Best is trial 146 with value: 0.06833949906462901.
[I 2026-08-16 18:04:19,800] Trial 163 finished with value: 0.0777095837173525 and parameters: {'rho_e': 8.23384206939519e-05, 'rho_d': 0.0015934471916901115, 'nu': 36, 'sigma': 0.0}. Best is trial 146 with value: 0.06833949906462901.
[I 2026-08-16 18:05:07,414] Trial 164 finished with value: 0.07570545353358628 and parameters: {'rho_e': 0.02525675911947594, 'rho_d': 0.0191421971815381, 'nu': 36, 'sigma': 0.5389698793621597}. Best is trial 146 with value: 0.06833949906462901.
[I 2026-08-16 18:05:56,196] Trial 165 finished with value: 0.08764694488117392 and parameters: {'rho_e': 0.23310545911135577, 'rho_d': 1000.0, 'nu': 36, 'sigma': 1.0}. Best is trial 146 with value: 0.06833949906462901.
[I 2026-08-16 18:06:44,275] Trial 166 finished with value: 0.07756511046353413 and parameters: {'rho_e': 1000.0, 'rho_d': 1e-05, 'nu': 2, 'sigma': 0.6602823069032668}. Best is trial 146 with value: 0.06833949906462901.
[I 2026-08-16 18:07:29,624] Trial 167 finished with value: 0.07725029664132782 and parameters: {'rho_e': 3.749815089162224e-05, 'rho_d': 1e-05, 'nu': 20, 'sigma': 0.0}. Best is trial 146 with value: 0.06833949906462901.
[I 2026-08-16 18:08:17,583] Trial 168 finished with value: 0.07764581273214806 and parameters: {'rho_e': 999.999999999998, 'rho_d': 0.0015384935721488111, 'nu': 2, 'sigma': 0.6508011698371581}. Best is trial 146 with value: 0.06833949906462901.
[I 2026-08-16 18:09:04,430] Trial 169 finished with value: 0.0854404152827993 and parameters: {'rho_e': 1000.0, 'rho_d': 1e-05, 'nu': 2, 'sigma': 1.0}. Best is trial 146 with value: 0.06833949906462901.
[I 2026-08-16 18:09:48,749] Trial 170 finished with value: 0.07602175763794665 and parameters: {'rho_e': 0.008135486099471533, 'rho_d': 1e-05, 'nu': 18, 'sigma': 0.14774285432842563}. Best is trial 146 with value: 0.06833949906462901.
[I 2026-08-16 18:10:33,107] Trial 171 finished with value: 0.0775720077344364 and parameters: {'rho_e': 0.006633013442073764, 'rho_d': 0.005764369342725415, 'nu': 2, 'sigma': 0.0}. Best is trial 146 with value: 0.06833949906462901.
[I 2026-08-16 18:11:17,898] Trial 172 finished with value: 0.06907437264777562 and parameters: {'rho_e': 0.14624056985488867, 'rho_d': 1.6741994188462284, 'nu': 2, 'sigma': 0.3002858515414476}. Best is trial 146 with value: 0.06833949906462901.
[I 2026-08-16 18:12:02,381] Trial 173 finished with value: 0.11900675449666565 and parameters: {'rho_e': 1e-05, 'rho_d': 1e-05, 'nu': 2, 'sigma': 0.9999999999999999}. Best is trial 146 with value: 0.06833949906462901.
[I 2026-08-16 18:12:37,569] Trial 174 finished with value: 0.06786138261345748 and parameters: {'rho_e': 0.13306051114026923, 'rho_d': 0.27362879993810507, 'nu': 2, 'sigma': 0.3341036149219413}. Best is trial 174 with value: 0.06786138261345748.
[I 2026-08-16 18:13:11,864] Trial 175 finished with value: 0.0689743564929956 and parameters: {'rho_e': 0.1586069021258524, 'rho_d': 0.15748886133129658, 'nu': 2, 'sigma': 0.3813801449680361}. Best is trial 174 with value: 0.06786138261345748.
[I 2026-08-16 18:13:46,930] Trial 176 finished with value: 0.0766742711231291 and parameters: {'rho_e': 1e-05, 'rho_d': 0.00021580417707857023, 'nu': 19, 'sigma': 0.10526001632278782}. Best is trial 174 with value: 0.06786138261345748.
[I 2026-08-16 18:14:20,932] Trial 177 finished with value: 0.0853578095909426 and parameters: {'rho_e': 0.017903790274192484, 'rho_d': 0.05129866607600946, 'nu': 36, 'sigma': 1.0}. Best is trial 174 with value: 0.06786138261345748.
[I 2026-08-16 18:14:54,971] Trial 178 finished with value: 0.08089636718045748 and parameters: {'rho_e': 0.004880289856453764, 'rho_d': 1e-05, 'nu': 36, 'sigma': 0.558289476325447}. Best is trial 174 with value: 0.06786138261345748.
[I 2026-08-16 18:15:28,946] Trial 179 finished with value: 0.06882944531067095 and parameters: {'rho_e': 0.13656215864278773, 'rho_d': 0.1186072121093157, 'nu': 2, 'sigma': 0.3243060181111053}. Best is trial 174 with value: 0.06786138261345748.
[I 2026-08-16 18:16:04,020] Trial 180 finished with value: 0.07398258740269491 and parameters: {'rho_e': 0.7964723022088323, 'rho_d': 0.00120185359471013, 'nu': 2, 'sigma': 0.6157943082608857}. Best is trial 174 with value: 0.06786138261345748.
