[I 2026-08-16 13:09:31,297] Trial 88 finished with value: 0.08314309383155716 and parameters: {'rho_e': 0.10955683436189492, 'rho_d': 17.335641105180176, 'nu': 30, 'sigma': 0.9665030333402096}. Best is trial 20 with value: 0.0750256512387493.
[I 2026-08-16 13:10:08,814] Trial 89 finished with value: 0.09022253838817326 and parameters: {'rho_e': 404.0017816903608, 'rho_d': 1.7029913359385358, 'nu': 8, 'sigma': 0.7748778573795911}. Best is trial 20 with value: 0.0750256512387493.
[I 2026-08-16 13:10:45,967] Trial 90 finished with value: 0.08489930364758252 and parameters: {'rho_e': 6.687532104035759e-05, 'rho_d': 0.017658739928068382, 'nu': 23, 'sigma': 0.29099843561974764}. Best is trial 20 with value: 0.0750256512387493.
[I 2026-08-16 13:11:23,308] Trial 91 finished with value: 0.09366816513687712 and parameters: {'rho_e': 1.9771401749850168, 'rho_d': 0.05984121945521464, 'nu': 35, 'sigma': 0.8944799975093669}. Best is trial 20 with value: 0.0750256512387493.
[I 2026-08-16 13:12:00,645] Trial 92 finished with value: 0.09753510263938853 and parameters: {'rho_e': 40.24790330007283, 'rho_d': 200.98181792944928, 'nu': 15, 'sigma': 0.4706039997045142}. Best is trial 20 with value: 0.0750256512387493.
[I 2026-08-16 13:12:38,000] Trial 93 finished with value: 0.0845160986004862 and parameters: {'rho_e': 0.007468269893370547, 'rho_d': 1.61286970740552e-05, 'nu': 26, 'sigma': 0.7062855262944665}. Best is trial 20 with value: 0.0750256512387493.
[I 2026-08-16 13:13:15,352] Trial 94 finished with value: 0.0875156746299478 and parameters: {'rho_e': 0.0023898071675510797, 'rho_d': 0.5105799785763581, 'nu': 3, 'sigma': 0.12408622300734228}. Best is trial 20 with value: 0.0750256512387493.
[I 2026-08-16 13:13:52,712] Trial 95 finished with value: 0.07984367263741343 and parameters: {'rho_e': 0.016506505170872286, 'rho_d': 0.0067545827302765695, 'nu': 13, 'sigma': 0.15750510918850885}. Best is trial 20 with value: 0.0750256512387493.
[I 2026-08-16 13:14:30,061] Trial 96 finished with value: 0.08673080917297141 and parameters: {'rho_e': 8.919454905898495e-05, 'rho_d': 0.1301658122748069, 'nu': 23, 'sigma': 0.48334819167680704}. Best is trial 20 with value: 0.0750256512387493.
[I 2026-08-16 13:15:07,433] Trial 97 finished with value: 0.09759971956098398 and parameters: {'rho_e': 167.59176445305437, 'rho_d': 0.0003270573651194096, 'nu': 33, 'sigma': 0.8028864249055724}. Best is trial 20 with value: 0.0750256512387493.
[I 2026-08-16 13:15:44,801] Trial 98 finished with value: 0.07955624907684071 and parameters: {'rho_e': 0.0003329223434176967, 'rho_d': 0.00014468150177905916, 'nu': 2, 'sigma': 0.25371662350737295}. Best is trial 20 with value: 0.0750256512387493.
[I 2026-08-16 13:16:22,733] Trial 99 finished with value: 0.08744695959811027 and parameters: {'rho_e': 0.005144397214248984, 'rho_d': 0.0007543567094497256, 'nu': 27, 'sigma': 0.9544511364446193}. Best is trial 20 with value: 0.0750256512387493.
[I 2026-08-16 13:17:01,247] Trial 100 finished with value: 0.07368780489511872 and parameters: {'rho_e': 0.027787769292834167, 'rho_d': 7.491546537802424e-05, 'nu': 2, 'sigma': 0.29477727618328764}. Best is trial 100 with value: 0.07368780489511872.
[I 2026-08-16 13:17:38,696] Trial 101 finished with value: 0.0774289754227504 and parameters: {'rho_e': 2.5491514629679117, 'rho_d': 1000.0, 'nu': 36, 'sigma': 0.0}. Best is trial 100 with value: 0.07368780489511872.
[I 2026-08-16 13:18:15,497] Trial 102 finished with value: 0.07410193214708108 and parameters: {'rho_e': 0.03125395584638034, 'rho_d': 0.0003804875334322683, 'nu': 2, 'sigma': 0.4008815067197792}. Best is trial 100 with value: 0.07368780489511872.
[I 2026-08-16 13:18:52,878] Trial 103 finished with value: 0.08050023758129629 and parameters: {'rho_e': 0.006607777166511287, 'rho_d': 1e-05, 'nu': 2, 'sigma': 0.045403996094841546}. Best is trial 100 with value: 0.07368780489511872.
[I 2026-08-16 13:19:30,322] Trial 104 finished with value: 0.07271065416628228 and parameters: {'rho_e': 0.0470459376127575, 'rho_d': 5.6296417718684584e-05, 'nu': 2, 'sigma': 0.37521664670557603}. Best is trial 104 with value: 0.07271065416628228.
[I 2026-08-16 13:20:07,777] Trial 105 finished with value: 0.07271104650234303 and parameters: {'rho_e': 0.04887453934894844, 'rho_d': 1e-05, 'nu': 2, 'sigma': 0.3971281163663535}. Best is trial 104 with value: 0.07271065416628228.
[I 2026-08-16 13:20:45,183] Trial 106 finished with value: 0.07475549243436119 and parameters: {'rho_e': 0.05770846952204318, 'rho_d': 1e-05, 'nu': 2, 'sigma': 0.3072767611389015}. Best is trial 104 with value: 0.07271065416628228.
[I 2026-08-16 13:21:22,580] Trial 107 finished with value: 0.07369827065882481 and parameters: {'rho_e': 0.038827041126493746, 'rho_d': 1.874620831852294e-05, 'nu': 2, 'sigma': 0.4622102214657079}. Best is trial 104 with value: 0.07271065416628228.
[I 2026-08-16 13:22:00,594] Trial 108 finished with value: 0.08221994833168042 and parameters: {'rho_e': 0.0024060511344187476, 'rho_d': 1e-05, 'nu': 36, 'sigma': 0.0}. Best is trial 104 with value: 0.07271065416628228.
[I 2026-08-16 13:22:38,002] Trial 109 finished with value: 0.0824282798418362 and parameters: {'rho_e': 1e-05, 'rho_d': 1e-05, 'nu': 2, 'sigma': 0.0}. Best is trial 104 with value: 0.07271065416628228.
[I 2026-08-16 13:23:15,454] Trial 110 finished with value: 0.07566818640297093 and parameters: {'rho_e': 0.041062796013285906, 'rho_d': 4.812827432456445e-05, 'nu': 6, 'sigma': 0.37734411186002154}. Best is trial 104 with value: 0.07271065416628228.
[I 2026-08-16 13:23:53,118] Trial 111 finished with value: 0.07343440553593023 and parameters: {'rho_e': 0.08312735319701339, 'rho_d': 1e-05, 'nu': 2, 'sigma': 0.5634638635709193}. Best is trial 104 with value: 0.07271065416628228.
[I 2026-08-16 13:24:30,706] Trial 112 finished with value: 0.0824282798418362 and parameters: {'rho_e': 1e-05, 'rho_d': 1e-05, 'nu': 36, 'sigma': 0.0}. Best is trial 104 with value: 0.07271065416628228.
[I 2026-08-16 13:25:08,461] Trial 113 finished with value: 0.072905859764375 and parameters: {'rho_e': 0.0626425219412301, 'rho_d': 4.6718874909190285e-05, 'nu': 2, 'sigma': 0.48057678710757856}. Best is trial 104 with value: 0.07271065416628228.
[I 2026-08-16 13:25:46,311] Trial 114 finished with value: 0.07849601501515363 and parameters: {'rho_e': 0.019675803254689393, 'rho_d': 0.00039417604428504605, 'nu': 36, 'sigma': 0.2671293771948225}. Best is trial 104 with value: 0.07271065416628228.
[I 2026-08-16 13:26:24,226] Trial 115 finished with value: 0.07341781355791642 and parameters: {'rho_e': 0.06545557182828181, 'rho_d': 3.1288710050997236e-05, 'nu': 2, 'sigma': 0.45899008643225114}. Best is trial 104 with value: 0.07271065416628228.
[I 2026-08-16 13:27:02,490] Trial 116 finished with value: 0.07499314847093003 and parameters: {'rho_e': 0.06958098354471443, 'rho_d': 1e-05, 'nu': 2, 'sigma': 0.7779035939940545}. Best is trial 104 with value: 0.07271065416628228.
[I 2026-08-16 13:27:40,775] Trial 117 finished with value: 0.07324913460857735 and parameters: {'rho_e': 0.058026780626674455, 'rho_d': 0.00013888491281199104, 'nu': 2, 'sigma': 0.5702144346430326}. Best is trial 104 with value: 0.07271065416628228.
[I 2026-08-16 13:28:19,005] Trial 118 finished with value: 0.07357449198479482 and parameters: {'rho_e': 0.04793716552342446, 'rho_d': 1e-05, 'nu': 2, 'sigma': 0.5413354459884854}. Best is trial 104 with value: 0.07271065416628228.
[I 2026-08-16 13:28:57,176] Trial 119 finished with value: 0.08961293117332864 and parameters: {'rho_e': 1e-05, 'rho_d': 1e-05, 'nu': 2, 'sigma': 1.0}. Best is trial 104 with value: 0.07271065416628228.
[I 2026-08-16 13:29:35,347] Trial 120 finished with value: 0.07390946624108469 and parameters: {'rho_e': 0.05774118615550394, 'rho_d': 0.002755284210804145, 'nu': 2, 'sigma': 0.5984390335987293}. Best is trial 104 with value: 0.07271065416628228.
[I 2026-08-16 13:30:13,400] Trial 121 finished with value: 0.09011877160087511 and parameters: {'rho_e': 13.07551701224623, 'rho_d': 1000.0, 'nu': 2, 'sigma': 1.0}. Best is trial 104 with value: 0.07271065416628228.
[I 2026-08-16 13:30:51,398] Trial 122 finished with value: 0.07296054476295433 and parameters: {'rho_e': 0.05542623118141944, 'rho_d': 0.00022878005860776595, 'nu': 2, 'sigma': 0.5142792780546461}. Best is trial 104 with value: 0.07271065416628228.
[I 2026-08-16 13:31:29,321] Trial 123 finished with value: 0.07987911435689198 and parameters: {'rho_e': 0.060792964529798314, 'rho_d': 1e-05, 'nu': 36, 'sigma': 0.32605117686125584}. Best is trial 104 with value: 0.07271065416628228.
[I 2026-08-16 13:32:07,161] Trial 124 finished with value: 0.07910595363950189 and parameters: {'rho_e': 1.9734403819085886, 'rho_d': 1000.0, 'nu': 25, 'sigma': 0.29662142847890716}. Best is trial 104 with value: 0.07271065416628228.
[I 2026-08-16 13:32:44,917] Trial 125 finished with value: 0.07882716375883998 and parameters: {'rho_e': 0.07573649309452893, 'rho_d': 0.016472797757152647, 'nu': 36, 'sigma': 0.6216893657161447}. Best is trial 104 with value: 0.07271065416628228.
[I 2026-08-16 13:33:22,603] Trial 126 finished with value: 0.07333658532674359 and parameters: {'rho_e': 0.07790171403227923, 'rho_d': 0.0002387778530712453, 'nu': 2, 'sigma': 0.6321195359232774}. Best is trial 104 with value: 0.07271065416628228.
[I 2026-08-16 13:34:00,257] Trial 127 finished with value: 0.07309478786332582 and parameters: {'rho_e': 0.057318281509094446, 'rho_d': 0.00016412324513697123, 'nu': 2, 'sigma': 0.49775175791940834}. Best is trial 104 with value: 0.07271065416628228.
[I 2026-08-16 13:34:37,855] Trial 128 finished with value: 0.07879463067410383 and parameters: {'rho_e': 0.06747537185064253, 'rho_d': 0.0014666188968853416, 'nu': 2, 'sigma': 0.9999999999999999}. Best is trial 104 with value: 0.07271065416628228.
[I 2026-08-16 13:35:15,435] Trial 129 finished with value: 0.08242808469922025 and parameters: {'rho_e': 0.00015902872845432501, 'rho_d': 1e-05, 'nu': 2, 'sigma': 0.0}. Best is trial 104 with value: 0.07271065416628228.
[I 2026-08-16 13:35:53,075] Trial 130 finished with value: 0.0868573495075037 and parameters: {'rho_e': 1e-05, 'rho_d': 1e-05, 'nu': 36, 'sigma': 1.0}. Best is trial 104 with value: 0.07271065416628228.
[I 2026-08-16 13:36:30,608] Trial 131 finished with value: 0.07901443964842152 and parameters: {'rho_e': 0.3216013096174063, 'rho_d': 1e-05, 'nu': 2, 'sigma': 1.0}. Best is trial 104 with value: 0.07271065416628228.
[I 2026-08-16 13:37:08,151] Trial 132 finished with value: 0.07333255485907673 and parameters: {'rho_e': 0.05352991920295267, 'rho_d': 8.189878342079389e-05, 'nu': 2, 'sigma': 0.4637999141933198}. Best is trial 104 with value: 0.07271065416628228.
[I 2026-08-16 13:37:45,612] Trial 133 finished with value: 0.08002115212826455 and parameters: {'rho_e': 0.006076886554844161, 'rho_d': 1e-05, 'nu': 2, 'sigma': 0.45605068737888443}. Best is trial 104 with value: 0.07271065416628228.
[I 2026-08-16 13:38:23,021] Trial 134 finished with value: 0.10457425214200244 and parameters: {'rho_e': 1000.0, 'rho_d': 1000.0, 'nu': 2, 'sigma': 1.0}. Best is trial 104 with value: 0.07271065416628228.
[I 2026-08-16 13:39:00,564] Trial 135 finished with value: 0.07373923968205397 and parameters: {'rho_e': 0.08134629708314178, 'rho_d': 5.103619055045067e-05, 'nu': 2, 'sigma': 0.5846850497103652}. Best is trial 104 with value: 0.07271065416628228.
[I 2026-08-16 13:39:37,982] Trial 136 finished with value: 0.07289592789668073 and parameters: {'rho_e': 0.062115369892353375, 'rho_d': 0.0005449491317035405, 'nu': 2, 'sigma': 0.5356218464421286}. Best is trial 104 with value: 0.07271065416628228.
[I 2026-08-16 13:40:15,167] Trial 137 finished with value: 0.07322604419019527 and parameters: {'rho_e': 0.06908462100044192, 'rho_d': 0.0005630804837705121, 'nu': 2, 'sigma': 0.5437750572437418}. Best is trial 104 with value: 0.07271065416628228.
[I 2026-08-16 13:40:52,196] Trial 138 finished with value: 0.08118972064747326 and parameters: {'rho_e': 0.7536626111222897, 'rho_d': 1000.0, 'nu': 18, 'sigma': 0.0}. Best is trial 104 with value: 0.07271065416628228.
[I 2026-08-16 13:41:29,403] Trial 139 finished with value: 0.0741671482048169 and parameters: {'rho_e': 0.04793762343893073, 'rho_d': 0.0005048550184869803, 'nu': 2, 'sigma': 0.6088297256508229}. Best is trial 104 with value: 0.07271065416628228.
[I 2026-08-16 13:42:06,973] Trial 140 finished with value: 0.07978226251328027 and parameters: {'rho_e': 0.06651650295689304, 'rho_d': 0.01309864951534729, 'nu': 16, 'sigma': 0.6279774809728991}. Best is trial 104 with value: 0.07271065416628228.
[I 2026-08-16 13:42:44,079] Trial 141 finished with value: 0.08297636190262712 and parameters: {'rho_e': 0.23818186666849014, 'rho_d': 1e-05, 'nu': 36, 'sigma': 1.0}. Best is trial 104 with value: 0.07271065416628228.
[I 2026-08-16 13:43:21,684] Trial 142 finished with value: 0.07877673979706284 and parameters: {'rho_e': 0.02060101320449193, 'rho_d': 0.0006040955597063414, 'nu': 2, 'sigma': 0.0}. Best is trial 104 with value: 0.07271065416628228.
[I 2026-08-16 13:43:58,757] Trial 143 finished with value: 0.07351925644230908 and parameters: {'rho_e': 0.0934975909336834, 'rho_d': 0.0008878461991640704, 'nu': 2, 'sigma': 0.587997137773091}. Best is trial 104 with value: 0.07271065416628228.
[I 2026-08-16 13:44:35,860] Trial 144 finished with value: 0.08242820538923061 and parameters: {'rho_e': 0.00012042207794891038, 'rho_d': 1e-05, 'nu': 36, 'sigma': 0.0}. Best is trial 104 with value: 0.07271065416628228.
[I 2026-08-16 13:45:12,885] Trial 145 finished with value: 0.07300590423390084 and parameters: {'rho_e': 0.05167165638104182, 'rho_d': 0.0001268599821567877, 'nu': 2, 'sigma': 0.41173376376592113}. Best is trial 104 with value: 0.07271065416628228.
[I 2026-08-16 13:45:49,990] Trial 146 finished with value: 0.08110423191515952 and parameters: {'rho_e': 5.9584527286795556e-05, 'rho_d': 1e-05, 'nu': 2, 'sigma': 0.43547178002123915}. Best is trial 104 with value: 0.07271065416628228.
[I 2026-08-16 13:46:27,084] Trial 147 finished with value: 0.07510983662657225 and parameters: {'rho_e': 0.05409825692031568, 'rho_d': 0.005066243048014986, 'nu': 2, 'sigma': 0.4238209051474124}. Best is trial 104 with value: 0.07271065416628228.
[I 2026-08-16 13:47:04,691] Trial 148 finished with value: 0.08469973730590007 and parameters: {'rho_e': 1.6057717075678222, 'rho_d': 1000.0, 'nu': 2, 'sigma': 0.45245396642515107}. Best is trial 104 with value: 0.07271065416628228.
[I 2026-08-16 13:47:41,707] Trial 149 finished with value: 0.08296783874250915 and parameters: {'rho_e': 1e-05, 'rho_d': 1e-05, 'nu': 36, 'sigma': 0.4262331659144792}. Best is trial 104 with value: 0.07271065416628228.
[I 2026-08-16 13:48:18,815] Trial 150 finished with value: 0.0798634887826302 and parameters: {'rho_e': 1e-05, 'rho_d': 0.0005005014449251742, 'nu': 2, 'sigma': 0.3527516106593468}. Best is trial 104 with value: 0.07271065416628228.
[I 2026-08-16 13:48:55,963] Trial 151 finished with value: 0.08709094074236765 and parameters: {'rho_e': 235.8697209368937, 'rho_d': 0.006069069774861599, 'nu': 2, 'sigma': 1.0}. Best is trial 104 with value: 0.07271065416628228.
[I 2026-08-16 13:49:33,190] Trial 152 finished with value: 0.08137509320689004 and parameters: {'rho_e': 0.008691081874896193, 'rho_d': 0.0031053482563572956, 'nu': 36, 'sigma': 0.0}. Best is trial 104 with value: 0.07271065416628228.
[I 2026-08-16 13:50:10,689] Trial 153 finished with value: 0.07276817500935792 and parameters: {'rho_e': 0.04963043327606018, 'rho_d': 8.940164838175742e-05, 'nu': 2, 'sigma': 0.3998767914059205}. Best is trial 104 with value: 0.07271065416628228.
[I 2026-08-16 13:50:48,699] Trial 154 finished with value: 0.0724852145625608 and parameters: {'rho_e': 0.04684079603801379, 'rho_d': 5.4242992705060935e-05, 'nu': 2, 'sigma': 0.39930551086784716}. Best is trial 154 with value: 0.0724852145625608.
[I 2026-08-16 13:51:26,717] Trial 155 finished with value: 0.0895999611531556 and parameters: {'rho_e': 0.000663000950322091, 'rho_d': 1e-05, 'nu': 2, 'sigma': 1.0}. Best is trial 154 with value: 0.0724852145625608.
[I 2026-08-16 13:52:04,594] Trial 156 finished with value: 0.1163551670735919 and parameters: {'rho_e': 1000.0, 'rho_d': 1000.0, 'nu': 36, 'sigma': 0.0}. Best is trial 154 with value: 0.0724852145625608.
[I 2026-08-16 13:52:42,398] Trial 157 finished with value: 0.08698175610968117 and parameters: {'rho_e': 1e-05, 'rho_d': 0.012567297115945182, 'nu': 36, 'sigma': 1.0}. Best is trial 154 with value: 0.0724852145625608.
[I 2026-08-16 13:53:20,050] Trial 158 finished with value: 0.07885483446849564 and parameters: {'rho_e': 0.004755757950418964, 'rho_d': 0.0010488406386757845, 'nu': 2, 'sigma': 0.25412097385930876}. Best is trial 154 with value: 0.0724852145625608.
[I 2026-08-16 13:53:57,474] Trial 159 finished with value: 0.08187833661818975 and parameters: {'rho_e': 2.2671774474323017, 'rho_d': 1000.0, 'nu': 36, 'sigma': 1.0}. Best is trial 154 with value: 0.0724852145625608.
[I 2026-08-16 13:54:34,832] Trial 160 finished with value: 0.08237145795773268 and parameters: {'rho_e': 1e-05, 'rho_d': 0.0012868027585591223, 'nu': 36, 'sigma': 0.0}. Best is trial 154 with value: 0.0724852145625608.
[I 2026-08-16 13:55:12,224] Trial 161 finished with value: 0.07653995289428475 and parameters: {'rho_e': 5.655485603495939, 'rho_d': 1000.0, 'nu': 36, 'sigma': 0.3199649381891182}. Best is trial 154 with value: 0.0724852145625608.
[I 2026-08-16 13:55:49,512] Trial 162 finished with value: 0.07668338466388044 and parameters: {'rho_e': 0.10396941404516151, 'rho_d': 0.16614307394492464, 'nu': 36, 'sigma': 1.0}. Best is trial 154 with value: 0.0724852145625608.
[I 2026-08-16 13:56:26,807] Trial 163 finished with value: 0.07667200427060905 and parameters: {'rho_e': 0.11239670597082072, 'rho_d': 1.0801244662342013, 'nu': 36, 'sigma': 0.5774570381022479}. Best is trial 154 with value: 0.0724852145625608.
[I 2026-08-16 13:57:03,959] Trial 164 finished with value: 0.07997127152565332 and parameters: {'rho_e': 0.18102625053857627, 'rho_d': 9.914096723497071, 'nu': 36, 'sigma': 0.0}. Best is trial 154 with value: 0.0724852145625608.
[I 2026-08-16 13:57:41,165] Trial 165 finished with value: 0.08311661836678332 and parameters: {'rho_e': 0.0009987434513859202, 'rho_d': 0.0005282375492674863, 'nu': 36, 'sigma': 0.26596338599799885}. Best is trial 154 with value: 0.0724852145625608.
[I 2026-08-16 13:58:18,116] Trial 166 finished with value: 0.08709949984761431 and parameters: {'rho_e': 1000.0, 'rho_d': 1e-05, 'nu': 2, 'sigma': 1.0}. Best is trial 154 with value: 0.0724852145625608.
[I 2026-08-16 13:58:55,209] Trial 167 finished with value: 0.0740995331537537 and parameters: {'rho_e': 0.08401203874215182, 'rho_d': 0.04938148779739465, 'nu': 2, 'sigma': 0.7210608942947145}. Best is trial 154 with value: 0.0724852145625608.
[I 2026-08-16 13:59:32,312] Trial 168 finished with value: 0.07358525063069393 and parameters: {'rho_e': 0.04086107778211644, 'rho_d': 0.07571921766382687, 'nu': 2, 'sigma': 0.6276436941597945}. Best is trial 154 with value: 0.0724852145625608.
[I 2026-08-16 14:00:09,378] Trial 169 finished with value: 0.07626909119691985 and parameters: {'rho_e': 0.043943064999718236, 'rho_d': 0.07398824778224455, 'nu': 2, 'sigma': 0.8478150004725288}. Best is trial 154 with value: 0.0724852145625608.
[I 2026-08-16 14:00:46,407] Trial 170 finished with value: 0.07157780488366419 and parameters: {'rho_e': 0.06322221968732633, 'rho_d': 0.1697256224230506, 'nu': 2, 'sigma': 0.5460295627443571}. Best is trial 170 with value: 0.07157780488366419.
[I 2026-08-16 14:01:24,054] Trial 171 finished with value: 0.07357630440535404 and parameters: {'rho_e': 0.0633626509386808, 'rho_d': 0.2852673812519466, 'nu': 2, 'sigma': 0.5135312453061197}. Best is trial 170 with value: 0.07157780488366419.
[I 2026-08-16 14:02:01,146] Trial 172 finished with value: 0.07241029322479678 and parameters: {'rho_e': 0.0673009660889705, 'rho_d': 0.07791750834315175, 'nu': 2, 'sigma': 0.5014156551793875}. Best is trial 170 with value: 0.07157780488366419.
[I 2026-08-16 14:02:38,319] Trial 173 finished with value: 0.07280347507403931 and parameters: {'rho_e': 0.04329118109176595, 'rho_d': 0.09772661780308443, 'nu': 2, 'sigma': 0.41752345780456074}. Best is trial 170 with value: 0.07157780488366419.
[I 2026-08-16 14:03:15,445] Trial 174 finished with value: 0.0715257484444304 and parameters: {'rho_e': 0.07233761509853841, 'rho_d': 0.08611016103256795, 'nu': 2, 'sigma': 0.5244758390899789}. Best is trial 174 with value: 0.0715257484444304.
[I 2026-08-16 14:03:52,598] Trial 175 finished with value: 0.07152312763547637 and parameters: {'rho_e': 0.07473577874309176, 'rho_d': 0.08666819999556401, 'nu': 2, 'sigma': 0.5226986495949525}. Best is trial 175 with value: 0.07152312763547637.
[I 2026-08-16 14:04:29,851] Trial 176 finished with value: 0.07157207131338764 and parameters: {'rho_e': 0.0749629273215056, 'rho_d': 0.08761926296180661, 'nu': 2, 'sigma': 0.5236676433275391}. Best is trial 175 with value: 0.07152312763547637.
[I 2026-08-16 14:05:06,937] Trial 177 finished with value: 0.07123655439956034 and parameters: {'rho_e': 0.07498595811042702, 'rho_d': 0.08879744192778025, 'nu': 2, 'sigma': 0.5249223956237233}. Best is trial 177 with value: 0.07123655439956034.
[I 2026-08-16 14:05:44,079] Trial 178 finished with value: 0.07152217294273282 and parameters: {'rho_e': 0.09304312303710568, 'rho_d': 0.09792399650574264, 'nu': 2, 'sigma': 0.5075983222737365}. Best is trial 177 with value: 0.07123655439956034.
[I 2026-08-16 14:06:21,258] Trial 179 finished with value: 0.07145843087861178 and parameters: {'rho_e': 0.09274546851854902, 'rho_d': 0.11415075343314647, 'nu': 2, 'sigma': 0.5472965749803356}. Best is trial 177 with value: 0.07123655439956034.
