[I 2026-08-17 00:47:51,675] Trial 180 finished with value: 0.07779475155128925 and parameters: {'rho_e': 1.3839701314467836, 'rho_d': 1000.0, 'nu': 36, 'sigma': 0.1882020107190703}. Best is trial 161 with value: 0.0695575239870616.
[I 2026-08-17 00:48:37,558] Trial 181 finished with value: 0.07046066179006505 and parameters: {'rho_e': 0.03773448762852145, 'rho_d': 6.612112268401112e-05, 'nu': 2, 'sigma': 0.6090135542432255}. Best is trial 161 with value: 0.0695575239870616.
[I 2026-08-17 00:49:20,347] Trial 182 finished with value: 0.06984711561046936 and parameters: {'rho_e': 0.01945423293253538, 'rho_d': 0.0002682455128630548, 'nu': 2, 'sigma': 0.35880638163865636}. Best is trial 161 with value: 0.0695575239870616.
[I 2026-08-17 00:50:06,709] Trial 183 finished with value: 0.0703087906464403 and parameters: {'rho_e': 0.05055088946604517, 'rho_d': 0.0002868027380775592, 'nu': 2, 'sigma': 0.5836299479956916}. Best is trial 161 with value: 0.0695575239870616.
[I 2026-08-17 00:50:50,969] Trial 184 finished with value: 0.06960626562667258 and parameters: {'rho_e': 0.01864223635923842, 'rho_d': 0.00019216335125976135, 'nu': 2, 'sigma': 0.34465097575559045}. Best is trial 161 with value: 0.0695575239870616.
[I 2026-08-17 00:51:37,797] Trial 185 finished with value: 0.06974985259953573 and parameters: {'rho_e': 0.01845890266626587, 'rho_d': 0.00017548637565548473, 'nu': 2, 'sigma': 0.3410209941037862}. Best is trial 161 with value: 0.0695575239870616.
[I 2026-08-17 00:52:23,468] Trial 186 finished with value: 0.07000335809968267 and parameters: {'rho_e': 0.019292384641747613, 'rho_d': 0.00039140199734600655, 'nu': 2, 'sigma': 0.3619155147667074}. Best is trial 161 with value: 0.0695575239870616.
[I 2026-08-17 00:53:08,677] Trial 187 finished with value: 0.06944526755717297 and parameters: {'rho_e': 0.018278929917936334, 'rho_d': 9.351963565599295e-05, 'nu': 2, 'sigma': 0.3308415004426202}. Best is trial 187 with value: 0.06944526755717297.
[I 2026-08-17 00:53:54,758] Trial 188 finished with value: 0.06947791780719179 and parameters: {'rho_e': 0.017400621185367143, 'rho_d': 7.724768464187091e-05, 'nu': 2, 'sigma': 0.32175603063585156}. Best is trial 187 with value: 0.06944526755717297.
[I 2026-08-17 00:54:31,128] Trial 189 finished with value: 0.06943459297147983 and parameters: {'rho_e': 0.01735069279601282, 'rho_d': 7.432767943829195e-05, 'nu': 2, 'sigma': 0.3210856786901152}. Best is trial 189 with value: 0.06943459297147983.
[I 2026-08-17 00:55:03,827] Trial 190 finished with value: 0.06946402930310136 and parameters: {'rho_e': 0.017250189759362454, 'rho_d': 6.961255013432291e-05, 'nu': 2, 'sigma': 0.3200593801453969}. Best is trial 189 with value: 0.06943459297147983.
[I 2026-08-17 00:55:34,284] Trial 191 finished with value: 0.06937720255578797 and parameters: {'rho_e': 0.01731718878029571, 'rho_d': 6.430913204198355e-05, 'nu': 2, 'sigma': 0.3204968965240523}. Best is trial 191 with value: 0.06937720255578797.
[I 2026-08-17 00:56:03,978] Trial 192 finished with value: 0.06937523589257019 and parameters: {'rho_e': 0.017042524256343367, 'rho_d': 5.4475982189405026e-05, 'nu': 2, 'sigma': 0.3171682046738794}. Best is trial 192 with value: 0.06937523589257019.
[I 2026-08-17 00:56:33,042] Trial 193 finished with value: 0.0694643696583101 and parameters: {'rho_e': 0.017333471953485256, 'rho_d': 4.7665227914291964e-05, 'nu': 2, 'sigma': 0.3194932646260119}. Best is trial 192 with value: 0.06937523589257019.
[I 2026-08-17 00:57:02,439] Trial 194 finished with value: 0.07401450552642708 and parameters: {'rho_e': 0.018648381798948475, 'rho_d': 0.0002581801118521446, 'nu': 36, 'sigma': 0.754304587802173}. Best is trial 192 with value: 0.06937523589257019.
[I 2026-08-17 00:57:34,909] Trial 195 finished with value: 0.07394940786044457 and parameters: {'rho_e': 0.2234233790531395, 'rho_d': 1e-05, 'nu': 2, 'sigma': 0.7158666527065837}. Best is trial 192 with value: 0.06937523589257019.
[I 2026-08-17 00:58:07,142] Trial 196 finished with value: 0.06937523589257019 and parameters: {'rho_e': 0.017042524256343367, 'rho_d': 5.4475982189405026e-05, 'nu': 2, 'sigma': 0.3171682046738794}. Best is trial 192 with value: 0.06937523589257019.
[I 2026-08-17 00:58:39,578] Trial 197 finished with value: 0.06937523589257019 and parameters: {'rho_e': 0.017042524256343367, 'rho_d': 5.4475982189405026e-05, 'nu': 2, 'sigma': 0.3171682046738794}. Best is trial 192 with value: 0.06937523589257019.
[I 2026-08-17 00:59:12,078] Trial 198 finished with value: 0.06937523589257019 and parameters: {'rho_e': 0.017042524256343367, 'rho_d': 5.4475982189405026e-05, 'nu': 2, 'sigma': 0.3171682046738794}. Best is trial 192 with value: 0.06937523589257019.
[I 2026-08-17 00:59:43,617] Trial 199 finished with value: 0.069481058314454 and parameters: {'rho_e': 0.018063044464983812, 'rho_d': 3.775059132036474e-05, 'nu': 2, 'sigma': 0.32848789172750475}. Best is trial 192 with value: 0.06937523589257019.
/home/gterren/dynamic_update/functional_forecast_dynamic_update/scripts/validate_zone_ffc_mpi.py:1094: FutureWarning: The behavior of DataFrame concatenation with empty or all-NA entries is deprecated. In a future version, this will no longer exclude empty or all-NA columns when determining the result dtypes. To retain the old behavior, exclude the relevant entries before the concat operation.
  results_df = pd.concat([results_df, prob_results], axis = 0, ignore_index=True)
