[I 2026-08-17 10:33:10,100] Trial 88 finished with value: 0.07915347730501995 and parameters: {'rho_e': 0.10955683436189492, 'rho_d': 17.335641105180176, 'nu': 30, 'sigma': 0.9665030333402096}. Best is trial 20 with value: 0.0609252686420511.
[I 2026-08-17 10:34:01,839] Trial 89 finished with value: 0.0795560088765158 and parameters: {'rho_e': 404.0017816903608, 'rho_d': 1.7029913359385358, 'nu': 8, 'sigma': 0.7748778573795911}. Best is trial 20 with value: 0.0609252686420511.
[I 2026-08-17 10:34:53,724] Trial 90 finished with value: 0.07932578731135008 and parameters: {'rho_e': 6.687532104035759e-05, 'rho_d': 0.017658739928068382, 'nu': 23, 'sigma': 0.29099843561974764}. Best is trial 20 with value: 0.0609252686420511.
[I 2026-08-17 10:35:45,452] Trial 91 finished with value: 0.0849530398712437 and parameters: {'rho_e': 1.9771401749850168, 'rho_d': 0.05984121945521464, 'nu': 35, 'sigma': 0.8944799975093669}. Best is trial 20 with value: 0.0609252686420511.
[I 2026-08-17 10:36:37,228] Trial 92 finished with value: 0.07455211499309393 and parameters: {'rho_e': 40.24790330007283, 'rho_d': 200.98181792944928, 'nu': 15, 'sigma': 0.4706039997045142}. Best is trial 20 with value: 0.0609252686420511.
[I 2026-08-17 10:37:28,983] Trial 93 finished with value: 0.07981387699338763 and parameters: {'rho_e': 0.007468269893370547, 'rho_d': 1.61286970740552e-05, 'nu': 26, 'sigma': 0.7062855262944665}. Best is trial 20 with value: 0.0609252686420511.
[I 2026-08-17 10:38:20,770] Trial 94 finished with value: 0.0817830121628782 and parameters: {'rho_e': 0.0023898071675510797, 'rho_d': 0.5105799785763581, 'nu': 3, 'sigma': 0.12408622300734228}. Best is trial 20 with value: 0.0609252686420511.
[I 2026-08-17 10:39:12,563] Trial 95 finished with value: 0.0727488983132859 and parameters: {'rho_e': 0.016506505170872286, 'rho_d': 0.0067545827302765695, 'nu': 13, 'sigma': 0.15750510918850885}. Best is trial 20 with value: 0.0609252686420511.
[I 2026-08-17 10:40:04,801] Trial 96 finished with value: 0.08425006978942595 and parameters: {'rho_e': 8.919454905898495e-05, 'rho_d': 0.1301658122748069, 'nu': 23, 'sigma': 0.48334819167680704}. Best is trial 20 with value: 0.0609252686420511.
[I 2026-08-17 10:40:57,160] Trial 97 finished with value: 0.08954254509637453 and parameters: {'rho_e': 167.59176445305437, 'rho_d': 0.0003270573651194096, 'nu': 33, 'sigma': 0.8028864249055724}. Best is trial 20 with value: 0.0609252686420511.
[I 2026-08-17 10:41:46,313] Trial 98 finished with value: 0.07567904826721553 and parameters: {'rho_e': 0.0003329223434176967, 'rho_d': 0.00014468150177905916, 'nu': 2, 'sigma': 0.25371662350737295}. Best is trial 20 with value: 0.0609252686420511.
[I 2026-08-17 10:42:38,606] Trial 99 finished with value: 0.08212810691956357 and parameters: {'rho_e': 0.005144397214248984, 'rho_d': 0.0007543567094497256, 'nu': 27, 'sigma': 0.9544511364446193}. Best is trial 20 with value: 0.0609252686420511.
[I 2026-08-17 10:43:33,197] Trial 100 finished with value: 0.06009123193526368 and parameters: {'rho_e': 0.139753929325296, 'rho_d': 0.0007403600657974367, 'nu': 2, 'sigma': 0.4812240540397406}. Best is trial 100 with value: 0.06009123193526368.
[I 2026-08-17 10:44:25,682] Trial 101 finished with value: 0.072534026255646 and parameters: {'rho_e': 8.33075322383439, 'rho_d': 1000.0, 'nu': 2, 'sigma': 0.0}. Best is trial 100 with value: 0.06009123193526368.
[I 2026-08-17 10:45:17,607] Trial 102 finished with value: 0.05952470121308479 and parameters: {'rho_e': 0.14294438673955437, 'rho_d': 0.00019069040622714638, 'nu': 2, 'sigma': 0.5278425565167388}. Best is trial 102 with value: 0.05952470121308479.
[I 2026-08-17 10:46:09,438] Trial 103 finished with value: 0.08741886610443639 and parameters: {'rho_e': 120.25681516462465, 'rho_d': 1000.0, 'nu': 2, 'sigma': 1.0}. Best is trial 102 with value: 0.05952470121308479.
[I 2026-08-17 10:47:01,236] Trial 104 finished with value: 0.06012003552470603 and parameters: {'rho_e': 0.12198985152366207, 'rho_d': 0.00031486473071230407, 'nu': 2, 'sigma': 0.582212193316019}. Best is trial 102 with value: 0.05952470121308479.
[I 2026-08-17 10:47:53,012] Trial 105 finished with value: 0.060742659827152504 and parameters: {'rho_e': 0.20232978610193603, 'rho_d': 1e-05, 'nu': 2, 'sigma': 0.6811493689801569}. Best is trial 102 with value: 0.05952470121308479.
[I 2026-08-17 10:48:45,262] Trial 106 finished with value: 0.06019637236695422 and parameters: {'rho_e': 0.18138604310932022, 'rho_d': 7.186333327954403e-05, 'nu': 2, 'sigma': 0.5901294808558454}. Best is trial 102 with value: 0.05952470121308479.
[I 2026-08-17 10:49:37,424] Trial 107 finished with value: 0.06003455426450522 and parameters: {'rho_e': 0.09832938354748681, 'rho_d': 1e-05, 'nu': 2, 'sigma': 0.45668770181269}. Best is trial 102 with value: 0.05952470121308479.
[I 2026-08-17 10:50:29,349] Trial 108 finished with value: 0.05953584032319697 and parameters: {'rho_e': 0.11434201195103275, 'rho_d': 7.936568197427502e-05, 'nu': 2, 'sigma': 0.48193291824725215}. Best is trial 102 with value: 0.05952470121308479.
[I 2026-08-17 10:51:21,200] Trial 109 finished with value: 0.05977271931166307 and parameters: {'rho_e': 0.12809240298894445, 'rho_d': 0.00016240983950119664, 'nu': 2, 'sigma': 0.4862660214057008}. Best is trial 102 with value: 0.05952470121308479.
[I 2026-08-17 10:52:13,096] Trial 110 finished with value: 0.06016731753610771 and parameters: {'rho_e': 0.10404573800806208, 'rho_d': 2.4976921672061675e-05, 'nu': 2, 'sigma': 0.5521786874035948}. Best is trial 102 with value: 0.05952470121308479.
[I 2026-08-17 10:53:05,612] Trial 111 finished with value: 0.06477751398214998 and parameters: {'rho_e': 0.04195923912220839, 'rho_d': 1e-05, 'nu': 2, 'sigma': 0.18243209715356212}. Best is trial 102 with value: 0.05952470121308479.
[I 2026-08-17 10:53:58,083] Trial 112 finished with value: 0.05986417694075942 and parameters: {'rho_e': 0.16298494404726396, 'rho_d': 1e-05, 'nu': 2, 'sigma': 0.502888864517545}. Best is trial 102 with value: 0.05952470121308479.
[I 2026-08-17 10:54:50,138] Trial 113 finished with value: 0.059977781806171346 and parameters: {'rho_e': 0.13039107363810762, 'rho_d': 3.926114050314745e-05, 'nu': 2, 'sigma': 0.4594328299977831}. Best is trial 102 with value: 0.05952470121308479.
[I 2026-08-17 10:55:42,453] Trial 114 finished with value: 0.06700133564911896 and parameters: {'rho_e': 0.20086490625157594, 'rho_d': 1e-05, 'nu': 36, 'sigma': 1.0}. Best is trial 102 with value: 0.05952470121308479.
[I 2026-08-17 10:56:35,154] Trial 115 finished with value: 0.08909422125597588 and parameters: {'rho_e': 1000.0, 'rho_d': 1000.0, 'nu': 2, 'sigma': 0.0}. Best is trial 102 with value: 0.05952470121308479.
[I 2026-08-17 10:57:28,094] Trial 116 finished with value: 0.061701854271565576 and parameters: {'rho_e': 0.12969525163229886, 'rho_d': 0.00023901192838889632, 'nu': 7, 'sigma': 0.5067602411622386}. Best is trial 102 with value: 0.05952470121308479.
[I 2026-08-17 10:58:21,138] Trial 117 finished with value: 0.07480287290724623 and parameters: {'rho_e': 12.923194576954765, 'rho_d': 1000.0, 'nu': 36, 'sigma': 1.0}. Best is trial 102 with value: 0.05952470121308479.
[I 2026-08-17 10:59:14,442] Trial 118 finished with value: 0.07825952032885795 and parameters: {'rho_e': 1e-05, 'rho_d': 1e-05, 'nu': 36, 'sigma': 0.0}. Best is trial 102 with value: 0.05952470121308479.
[I 2026-08-17 11:00:07,934] Trial 119 finished with value: 0.059629013915500906 and parameters: {'rho_e': 0.11039689257371584, 'rho_d': 0.00017549164857095324, 'nu': 2, 'sigma': 0.49354109966597226}. Best is trial 102 with value: 0.05952470121308479.
[I 2026-08-17 11:01:01,473] Trial 120 finished with value: 0.06622859415899396 and parameters: {'rho_e': 0.07423083264373981, 'rho_d': 0.0008774288690271162, 'nu': 36, 'sigma': 0.33039507439827936}. Best is trial 102 with value: 0.05952470121308479.
[I 2026-08-17 11:01:55,129] Trial 121 finished with value: 0.07067383866195498 and parameters: {'rho_e': 0.8143872649749331, 'rho_d': 1e-05, 'nu': 2, 'sigma': 1.0}. Best is trial 102 with value: 0.05952470121308479.
[I 2026-08-17 11:02:48,731] Trial 122 finished with value: 0.05971063178597631 and parameters: {'rho_e': 0.1337384058759584, 'rho_d': 0.00019456453588894662, 'nu': 2, 'sigma': 0.4893410679384253}. Best is trial 102 with value: 0.05952470121308479.
[I 2026-08-17 11:03:42,444] Trial 123 finished with value: 0.08662153696252374 and parameters: {'rho_e': 1e-05, 'rho_d': 1e-05, 'nu': 2, 'sigma': 1.0}. Best is trial 102 with value: 0.05952470121308479.
[I 2026-08-17 11:04:35,922] Trial 124 finished with value: 0.06760204603814998 and parameters: {'rho_e': 0.17215434194373072, 'rho_d': 1e-05, 'nu': 36, 'sigma': 0.5194251997032143}. Best is trial 102 with value: 0.05952470121308479.
[I 2026-08-17 11:05:29,393] Trial 125 finished with value: 0.07932556412725073 and parameters: {'rho_e': 1000.0, 'rho_d': 1000.0, 'nu': 36, 'sigma': 1.0}. Best is trial 102 with value: 0.05952470121308479.
[I 2026-08-17 11:06:22,615] Trial 126 finished with value: 0.06066366539774734 and parameters: {'rho_e': 0.10473780085278545, 'rho_d': 0.009054545937700257, 'nu': 2, 'sigma': 0.47643871886180683}. Best is trial 102 with value: 0.05952470121308479.
[I 2026-08-17 11:07:15,747] Trial 127 finished with value: 0.059436276915793756 and parameters: {'rho_e': 0.13588843956242744, 'rho_d': 1e-05, 'nu': 2, 'sigma': 0.5484339180607948}. Best is trial 127 with value: 0.059436276915793756.
[I 2026-08-17 11:08:08,681] Trial 128 finished with value: 0.059436276915793756 and parameters: {'rho_e': 0.13588843956242744, 'rho_d': 1e-05, 'nu': 2, 'sigma': 0.5484339180607948}. Best is trial 127 with value: 0.059436276915793756.
[I 2026-08-17 11:09:01,766] Trial 129 finished with value: 0.059436276915793756 and parameters: {'rho_e': 0.13588843956242744, 'rho_d': 1e-05, 'nu': 2, 'sigma': 0.5484339180607948}. Best is trial 127 with value: 0.059436276915793756.
[I 2026-08-17 11:09:54,576] Trial 130 finished with value: 0.059436276915793756 and parameters: {'rho_e': 0.13588843956242744, 'rho_d': 1e-05, 'nu': 2, 'sigma': 0.5484339180607948}. Best is trial 127 with value: 0.059436276915793756.
[I 2026-08-17 11:10:47,093] Trial 131 finished with value: 0.059436276915793756 and parameters: {'rho_e': 0.13588843956242744, 'rho_d': 1e-05, 'nu': 2, 'sigma': 0.5484339180607948}. Best is trial 127 with value: 0.059436276915793756.
[I 2026-08-17 11:11:39,685] Trial 132 finished with value: 0.059436276915793756 and parameters: {'rho_e': 0.13588843956242744, 'rho_d': 1e-05, 'nu': 2, 'sigma': 0.5484339180607948}. Best is trial 127 with value: 0.059436276915793756.
[I 2026-08-17 11:12:32,162] Trial 133 finished with value: 0.05967471797799337 and parameters: {'rho_e': 0.1577881247994045, 'rho_d': 1e-05, 'nu': 2, 'sigma': 0.5645341542231552}. Best is trial 127 with value: 0.059436276915793756.
[I 2026-08-17 11:13:25,111] Trial 134 finished with value: 0.0601147511186642 and parameters: {'rho_e': 0.1907166813494879, 'rho_d': 0.0037354597675432824, 'nu': 2, 'sigma': 0.5864293720511363}. Best is trial 127 with value: 0.059436276915793756.
[I 2026-08-17 11:14:17,247] Trial 135 finished with value: 0.060497501868820414 and parameters: {'rho_e': 0.11170390575802329, 'rho_d': 0.0028922520673450853, 'nu': 2, 'sigma': 0.5701442599930319}. Best is trial 127 with value: 0.059436276915793756.
[I 2026-08-17 11:15:09,368] Trial 136 finished with value: 0.059436276915793756 and parameters: {'rho_e': 0.13588843956242744, 'rho_d': 1e-05, 'nu': 2, 'sigma': 0.5484339180607948}. Best is trial 127 with value: 0.059436276915793756.
[I 2026-08-17 11:16:01,414] Trial 137 finished with value: 0.059436276915793756 and parameters: {'rho_e': 0.13588843956242744, 'rho_d': 1e-05, 'nu': 2, 'sigma': 0.5484339180607948}. Best is trial 127 with value: 0.059436276915793756.
[I 2026-08-17 11:16:53,552] Trial 138 finished with value: 0.059793026510526086 and parameters: {'rho_e': 0.12307082540191071, 'rho_d': 1e-05, 'nu': 2, 'sigma': 0.5443294419263166}. Best is trial 127 with value: 0.059436276915793756.
[I 2026-08-17 11:17:45,576] Trial 139 finished with value: 0.06068586822169321 and parameters: {'rho_e': 0.18215597805805717, 'rho_d': 0.004902553009263385, 'nu': 2, 'sigma': 0.47924934558582116}. Best is trial 127 with value: 0.059436276915793756.
[I 2026-08-17 11:18:37,453] Trial 140 finished with value: 0.07816464151241075 and parameters: {'rho_e': 0.0017445348065616199, 'rho_d': 1e-05, 'nu': 36, 'sigma': 0.0}. Best is trial 127 with value: 0.059436276915793756.
[I 2026-08-17 11:19:29,405] Trial 141 finished with value: 0.06080309202524267 and parameters: {'rho_e': 0.22173772348711207, 'rho_d': 0.0007470013038107793, 'nu': 2, 'sigma': 0.6296209300200183}. Best is trial 127 with value: 0.059436276915793756.
[I 2026-08-17 11:20:21,215] Trial 142 finished with value: 0.06249167389948321 and parameters: {'rho_e': 0.1513820503828696, 'rho_d': 0.024611407621891974, 'nu': 2, 'sigma': 0.5782523774368437}. Best is trial 127 with value: 0.059436276915793756.
[I 2026-08-17 11:21:12,994] Trial 143 finished with value: 0.061413420446420355 and parameters: {'rho_e': 0.14816846801170538, 'rho_d': 1e-05, 'nu': 7, 'sigma': 0.5712581495410556}. Best is trial 127 with value: 0.059436276915793756.
[I 2026-08-17 11:22:04,801] Trial 144 finished with value: 0.07825952032885795 and parameters: {'rho_e': 1e-05, 'rho_d': 1e-05, 'nu': 2, 'sigma': 0.0}. Best is trial 127 with value: 0.059436276915793756.
[I 2026-08-17 11:22:57,025] Trial 145 finished with value: 0.05990329016956427 and parameters: {'rho_e': 0.12796682337007195, 'rho_d': 1e-05, 'nu': 2, 'sigma': 0.571175013973519}. Best is trial 127 with value: 0.059436276915793756.
[I 2026-08-17 11:23:48,556] Trial 146 finished with value: 0.059714469915657514 and parameters: {'rho_e': 0.15601355280745094, 'rho_d': 1e-05, 'nu': 2, 'sigma': 0.5406437196806568}. Best is trial 127 with value: 0.059436276915793756.
[I 2026-08-17 11:24:40,310] Trial 147 finished with value: 0.06993428111088365 and parameters: {'rho_e': 0.032875017482997995, 'rho_d': 0.0023450376070831254, 'nu': 36, 'sigma': 0.0}. Best is trial 127 with value: 0.059436276915793756.
[I 2026-08-17 11:25:33,161] Trial 148 finished with value: 0.059949540457726797 and parameters: {'rho_e': 0.13599522973520528, 'rho_d': 1e-05, 'nu': 2, 'sigma': 0.517708988981828}. Best is trial 127 with value: 0.059436276915793756.
[I 2026-08-17 11:26:25,405] Trial 149 finished with value: 0.06008940036227656 and parameters: {'rho_e': 0.09875145496620832, 'rho_d': 0.00011373231081446718, 'nu': 2, 'sigma': 0.4868358676477484}. Best is trial 127 with value: 0.059436276915793756.
[I 2026-08-17 11:27:17,138] Trial 150 finished with value: 0.07094598483142144 and parameters: {'rho_e': 118.10502158125644, 'rho_d': 1000.0, 'nu': 36, 'sigma': 0.0}. Best is trial 127 with value: 0.059436276915793756.
[I 2026-08-17 11:28:08,937] Trial 151 finished with value: 0.0820801187272055 and parameters: {'rho_e': 1e-05, 'rho_d': 1e-05, 'nu': 36, 'sigma': 1.0}. Best is trial 127 with value: 0.059436276915793756.
[I 2026-08-17 11:29:00,824] Trial 152 finished with value: 0.0674654217832829 and parameters: {'rho_e': 0.05845750915975892, 'rho_d': 0.0004332423245717883, 'nu': 2, 'sigma': 0.0}. Best is trial 127 with value: 0.059436276915793756.
[I 2026-08-17 11:29:53,322] Trial 153 finished with value: 0.06760017619593608 and parameters: {'rho_e': 0.18844373763573646, 'rho_d': 0.0005053078643403398, 'nu': 36, 'sigma': 0.748598008572701}. Best is trial 127 with value: 0.059436276915793756.
[I 2026-08-17 11:30:45,096] Trial 154 finished with value: 0.07776870651256951 and parameters: {'rho_e': 0.0037544842511204306, 'rho_d': 1e-05, 'nu': 2, 'sigma': 0.0}. Best is trial 127 with value: 0.059436276915793756.
[I 2026-08-17 11:31:36,792] Trial 155 finished with value: 0.07026984225323274 and parameters: {'rho_e': 0.13466037299524347, 'rho_d': 1e-05, 'nu': 36, 'sigma': 0.0}. Best is trial 127 with value: 0.059436276915793756.
[I 2026-08-17 11:32:29,031] Trial 156 finished with value: 0.0733838267252549 and parameters: {'rho_e': 10.042735989657302, 'rho_d': 1000.0, 'nu': 18, 'sigma': 0.32084532432515755}. Best is trial 127 with value: 0.059436276915793756.
[I 2026-08-17 11:33:21,039] Trial 157 finished with value: 0.06497272265373975 and parameters: {'rho_e': 0.17664320794856234, 'rho_d': 0.0011766847808581068, 'nu': 2, 'sigma': 1.0}. Best is trial 127 with value: 0.059436276915793756.
[I 2026-08-17 11:34:13,543] Trial 158 finished with value: 0.059475431952053404 and parameters: {'rho_e': 0.14515967169326832, 'rho_d': 1.776091603940981e-05, 'nu': 2, 'sigma': 0.5415674377938939}. Best is trial 127 with value: 0.059436276915793756.
[I 2026-08-17 11:35:05,314] Trial 159 finished with value: 0.06867552942427162 and parameters: {'rho_e': 0.6065534527672023, 'rho_d': 10.028654386873155, 'nu': 2, 'sigma': 0.0}. Best is trial 127 with value: 0.059436276915793756.
[I 2026-08-17 11:35:56,844] Trial 160 finished with value: 0.060195380784778305 and parameters: {'rho_e': 0.14007467760527537, 'rho_d': 0.00013533069507765894, 'nu': 2, 'sigma': 0.44428677770290786}. Best is trial 127 with value: 0.059436276915793756.
[I 2026-08-17 11:36:48,250] Trial 161 finished with value: 0.06308244385758288 and parameters: {'rho_e': 0.13209041482459166, 'rho_d': 0.004790554462490502, 'nu': 12, 'sigma': 0.5400460376423791}. Best is trial 127 with value: 0.059436276915793756.
[I 2026-08-17 11:37:39,881] Trial 162 finished with value: 0.06562327348547428 and parameters: {'rho_e': 0.11066799418049075, 'rho_d': 1.1794948540436994e-05, 'nu': 2, 'sigma': 0.9295241264626384}. Best is trial 127 with value: 0.059436276915793756.
[I 2026-08-17 11:38:31,213] Trial 163 finished with value: 0.059436276915793756 and parameters: {'rho_e': 0.13588843956242744, 'rho_d': 1e-05, 'nu': 2, 'sigma': 0.5484339180607948}. Best is trial 127 with value: 0.059436276915793756.
[I 2026-08-17 11:39:22,583] Trial 164 finished with value: 0.059436276915793756 and parameters: {'rho_e': 0.13588843956242744, 'rho_d': 1e-05, 'nu': 2, 'sigma': 0.5484339180607948}. Best is trial 127 with value: 0.059436276915793756.
[I 2026-08-17 11:40:13,772] Trial 165 finished with value: 0.059436276915793756 and parameters: {'rho_e': 0.13588843956242744, 'rho_d': 1e-05, 'nu': 2, 'sigma': 0.5484339180607948}. Best is trial 127 with value: 0.059436276915793756.
[I 2026-08-17 11:41:05,125] Trial 166 finished with value: 0.059372207209258246 and parameters: {'rho_e': 0.14306428739625313, 'rho_d': 1.6922411484655945e-05, 'nu': 2, 'sigma': 0.5441809899045704}. Best is trial 166 with value: 0.059372207209258246.
[I 2026-08-17 11:41:56,788] Trial 167 finished with value: 0.05965087060585672 and parameters: {'rho_e': 0.1453717765920797, 'rho_d': 1.8326335950736238e-05, 'nu': 2, 'sigma': 0.5468122446161612}. Best is trial 166 with value: 0.059372207209258246.
[I 2026-08-17 11:42:47,984] Trial 168 finished with value: 0.059372207209258246 and parameters: {'rho_e': 0.14306428739625313, 'rho_d': 1.6922411484655945e-05, 'nu': 2, 'sigma': 0.5441809899045704}. Best is trial 166 with value: 0.059372207209258246.
[I 2026-08-17 11:43:39,749] Trial 169 finished with value: 0.059372207209258246 and parameters: {'rho_e': 0.14306428739625313, 'rho_d': 1.6922411484655945e-05, 'nu': 2, 'sigma': 0.5441809899045704}. Best is trial 166 with value: 0.059372207209258246.
[I 2026-08-17 11:44:31,022] Trial 170 finished with value: 0.059372207209258246 and parameters: {'rho_e': 0.14306428739625313, 'rho_d': 1.6922411484655945e-05, 'nu': 2, 'sigma': 0.5441809899045704}. Best is trial 166 with value: 0.059372207209258246.
[I 2026-08-17 11:45:22,292] Trial 171 finished with value: 0.059372207209258246 and parameters: {'rho_e': 0.14306428739625313, 'rho_d': 1.6922411484655945e-05, 'nu': 2, 'sigma': 0.5441809899045704}. Best is trial 166 with value: 0.059372207209258246.
[I 2026-08-17 11:46:13,964] Trial 172 finished with value: 0.059372207209258246 and parameters: {'rho_e': 0.14306428739625313, 'rho_d': 1.6922411484655945e-05, 'nu': 2, 'sigma': 0.5441809899045704}. Best is trial 166 with value: 0.059372207209258246.
[I 2026-08-17 11:47:05,313] Trial 173 finished with value: 0.059654140520067886 and parameters: {'rho_e': 0.14554183892294392, 'rho_d': 1.763408012440225e-05, 'nu': 2, 'sigma': 0.5491770366713894}. Best is trial 166 with value: 0.059372207209258246.
[I 2026-08-17 11:47:56,724] Trial 174 finished with value: 0.059372207209258246 and parameters: {'rho_e': 0.14306428739625313, 'rho_d': 1.6922411484655945e-05, 'nu': 2, 'sigma': 0.5441809899045704}. Best is trial 166 with value: 0.059372207209258246.
[I 2026-08-17 11:48:47,903] Trial 175 finished with value: 0.05995525482709481 and parameters: {'rho_e': 0.1373756555332715, 'rho_d': 1.6365195126407514e-05, 'nu': 2, 'sigma': 0.5208262214584752}. Best is trial 166 with value: 0.059372207209258246.
[I 2026-08-17 11:49:39,074] Trial 176 finished with value: 0.05970940450229993 and parameters: {'rho_e': 0.1450227599026321, 'rho_d': 1.9417155232312346e-05, 'nu': 2, 'sigma': 0.5815977656790325}. Best is trial 166 with value: 0.059372207209258246.
[I 2026-08-17 11:50:30,326] Trial 177 finished with value: 0.059285683546507685 and parameters: {'rho_e': 0.13501217698711204, 'rho_d': 5.523602953761887e-05, 'nu': 2, 'sigma': 0.5423470331896871}. Best is trial 177 with value: 0.059285683546507685.
[I 2026-08-17 11:51:21,601] Trial 178 finished with value: 0.08275196332111577 and parameters: {'rho_e': 1e-05, 'rho_d': 0.01221644492085121, 'nu': 36, 'sigma': 1.0}. Best is trial 177 with value: 0.059285683546507685.
[I 2026-08-17 11:52:13,347] Trial 179 finished with value: 0.05943476017212544 and parameters: {'rho_e': 0.1327046569796258, 'rho_d': 6.0270785633392195e-05, 'nu': 2, 'sigma': 0.5510855207989869}. Best is trial 177 with value: 0.059285683546507685.
