[I 2026-08-17 10:50:57,635] Trial 181 finished with value: 0.0625618681529645 and parameters: {'rho_e': 0.1532606253157795, 'rho_d': 1.9665233352589075e-05, 'nu': 2, 'sigma': 0.24725502794903262}. Best is trial 147 with value: 0.0625618681529645.
[I 2026-08-17 10:51:30,396] Trial 182 finished with value: 0.0625618681529645 and parameters: {'rho_e': 0.1532606253157795, 'rho_d': 1.9665233352589075e-05, 'nu': 2, 'sigma': 0.24725502794903262}. Best is trial 147 with value: 0.0625618681529645.
[I 2026-08-17 10:52:03,133] Trial 183 finished with value: 0.0625618681529645 and parameters: {'rho_e': 0.1532606253157795, 'rho_d': 1.9665233352589075e-05, 'nu': 2, 'sigma': 0.24725502794903262}. Best is trial 147 with value: 0.0625618681529645.
[I 2026-08-17 10:52:35,894] Trial 184 finished with value: 0.0625618681529645 and parameters: {'rho_e': 0.1532606253157795, 'rho_d': 1.9665233352589075e-05, 'nu': 2, 'sigma': 0.24725502794903262}. Best is trial 147 with value: 0.0625618681529645.
[I 2026-08-17 10:53:08,687] Trial 185 finished with value: 0.0625618681529645 and parameters: {'rho_e': 0.1532606253157795, 'rho_d': 1.9665233352589075e-05, 'nu': 2, 'sigma': 0.24725502794903262}. Best is trial 147 with value: 0.0625618681529645.
[I 2026-08-17 10:53:41,480] Trial 186 finished with value: 0.0625618681529645 and parameters: {'rho_e': 0.1532606253157795, 'rho_d': 1.9665233352589075e-05, 'nu': 2, 'sigma': 0.2472550279490326}. Best is trial 147 with value: 0.0625618681529645.
[I 2026-08-17 10:54:14,269] Trial 187 finished with value: 0.0625618681529645 and parameters: {'rho_e': 0.1532606253157795, 'rho_d': 1.9665233352589075e-05, 'nu': 2, 'sigma': 0.24725502794903262}. Best is trial 147 with value: 0.0625618681529645.
[I 2026-08-17 10:54:46,990] Trial 188 finished with value: 0.0625618681529645 and parameters: {'rho_e': 0.1532606253157795, 'rho_d': 1.9665233352589075e-05, 'nu': 2, 'sigma': 0.24725502794903265}. Best is trial 147 with value: 0.0625618681529645.
[I 2026-08-17 10:55:19,738] Trial 189 finished with value: 0.0625618681529645 and parameters: {'rho_e': 0.1532606253157795, 'rho_d': 1.9665233352589075e-05, 'nu': 2, 'sigma': 0.24725502794903262}. Best is trial 147 with value: 0.0625618681529645.
[I 2026-08-17 10:55:52,537] Trial 190 finished with value: 0.0625618681529645 and parameters: {'rho_e': 0.1532606253157795, 'rho_d': 1.9665233352589075e-05, 'nu': 2, 'sigma': 0.24725502794903262}. Best is trial 147 with value: 0.0625618681529645.
[I 2026-08-17 10:56:25,294] Trial 191 finished with value: 0.0625618681529645 and parameters: {'rho_e': 0.1532606253157795, 'rho_d': 1.9665233352589075e-05, 'nu': 2, 'sigma': 0.24725502794903262}. Best is trial 147 with value: 0.0625618681529645.
[I 2026-08-17 10:56:57,966] Trial 192 finished with value: 0.0625618681529645 and parameters: {'rho_e': 0.1532606253157795, 'rho_d': 1.9665233352589075e-05, 'nu': 2, 'sigma': 0.24725502794903262}. Best is trial 147 with value: 0.0625618681529645.
[I 2026-08-17 10:57:30,745] Trial 193 finished with value: 0.0625618681529645 and parameters: {'rho_e': 0.1532606253157795, 'rho_d': 1.9665233352589075e-05, 'nu': 2, 'sigma': 0.24725502794903262}. Best is trial 147 with value: 0.0625618681529645.
[I 2026-08-17 10:58:03,489] Trial 194 finished with value: 0.0625618681529645 and parameters: {'rho_e': 0.1532606253157795, 'rho_d': 1.9665233352589075e-05, 'nu': 2, 'sigma': 0.24725502794903262}. Best is trial 147 with value: 0.0625618681529645.
[I 2026-08-17 10:58:36,249] Trial 195 finished with value: 0.06257415589567125 and parameters: {'rho_e': 0.16112232741901117, 'rho_d': 1.7016009613578892e-05, 'nu': 2, 'sigma': 0.2628603834636364}. Best is trial 147 with value: 0.0625618681529645.
[I 2026-08-17 10:59:08,999] Trial 196 finished with value: 0.06254243070220633 and parameters: {'rho_e': 0.16116483977039628, 'rho_d': 1.7069616606654677e-05, 'nu': 2, 'sigma': 0.2628956835265748}. Best is trial 196 with value: 0.06254243070220633.
[I 2026-08-17 10:59:41,699] Trial 197 finished with value: 0.06251299963758439 and parameters: {'rho_e': 0.16573496639736626, 'rho_d': 1.7007833902557827e-05, 'nu': 2, 'sigma': 0.2704882147784704}. Best is trial 197 with value: 0.06251299963758439.
[I 2026-08-17 11:00:14,476] Trial 198 finished with value: 0.07439300195181947 and parameters: {'rho_e': 88.98894560338879, 'rho_d': 1000.0, 'nu': 36, 'sigma': 0.7806887382355466}. Best is trial 197 with value: 0.06251299963758439.
[I 2026-08-17 11:00:47,183] Trial 199 finished with value: 0.0771944479935314 and parameters: {'rho_e': 4.920177250213593, 'rho_d': 1000.0, 'nu': 36, 'sigma': 0.0}. Best is trial 197 with value: 0.06251299963758439.
/home/gterren/dynamic_update/functional_forecast_dynamic_update/scripts/validate_zone_ffc_mpi.py:1094: FutureWarning: The behavior of DataFrame concatenation with empty or all-NA entries is deprecated. In a future version, this will no longer exclude empty or all-NA columns when determining the result dtypes. To retain the old behavior, exclude the relevant entries before the concat operation.
  results_df = pd.concat([results_df, prob_results], axis = 0, ignore_index=True)
