[I 2026-08-16 12:25:22,268] Trial 88 finished with value: 0.10365512587124384 and parameters: {'rho_e': 808.8435333665526, 'rho_d': 771.2850774129435, 'nu': 31, 'sigma': 0.254807051353894}. Best is trial 31 with value: 0.07493513565557214.
[I 2026-08-16 12:26:00,066] Trial 89 finished with value: 0.09612663495633082 and parameters: {'rho_e': 633.0253791527543, 'rho_d': 45.455452579488366, 'nu': 20, 'sigma': 0.7096389148598082}. Best is trial 31 with value: 0.07493513565557214.
[I 2026-08-16 12:26:38,251] Trial 90 finished with value: 0.08165354371127159 and parameters: {'rho_e': 1.0011331744014998e-05, 'rho_d': 0.053244906784150864, 'nu': 25, 'sigma': 0.1049856052027563}. Best is trial 31 with value: 0.07493513565557214.
[I 2026-08-16 12:27:15,948] Trial 91 finished with value: 0.07869586398331976 and parameters: {'rho_e': 0.00385361040567208, 'rho_d': 0.027705098919118584, 'nu': 11, 'sigma': 0.20991862069726686}. Best is trial 31 with value: 0.07493513565557214.
[I 2026-08-16 12:27:53,680] Trial 92 finished with value: 0.09894850646884315 and parameters: {'rho_e': 0.005714501227560669, 'rho_d': 116.00960750092175, 'nu': 18, 'sigma': 0.7255281995740358}. Best is trial 31 with value: 0.07493513565557214.
[I 2026-08-16 12:28:31,401] Trial 93 finished with value: 0.0942630300112259 and parameters: {'rho_e': 5.980189857056641, 'rho_d': 0.0002131882014836295, 'nu': 28, 'sigma': 0.7637138866173282}. Best is trial 31 with value: 0.07493513565557214.
[I 2026-08-16 12:29:09,104] Trial 94 finished with value: 0.09099319935591772 and parameters: {'rho_e': 5.5018371884489925, 'rho_d': 0.00982057041012593, 'nu': 8, 'sigma': 0.39470813686024214}. Best is trial 31 with value: 0.07493513565557214.
[I 2026-08-16 12:29:46,830] Trial 95 finished with value: 0.08123650550673156 and parameters: {'rho_e': 0.17280824537937622, 'rho_d': 37.68187082725423, 'nu': 35, 'sigma': 0.2984114598896659}. Best is trial 31 with value: 0.07493513565557214.
[I 2026-08-16 12:30:24,578] Trial 96 finished with value: 0.09440030172869925 and parameters: {'rho_e': 0.033897016078091556, 'rho_d': 164.3378023697618, 'nu': 6, 'sigma': 0.07350512557460892}. Best is trial 31 with value: 0.07493513565557214.
[I 2026-08-16 12:31:02,317] Trial 97 finished with value: 0.0953912666768009 and parameters: {'rho_e': 0.0021604944113239777, 'rho_d': 3.2413808908015533, 'nu': 20, 'sigma': 0.6607180513440737}. Best is trial 31 with value: 0.07493513565557214.
[I 2026-08-16 12:31:40,133] Trial 98 finished with value: 0.082673937143501 and parameters: {'rho_e': 570.5570546933972, 'rho_d': 10.349660264682885, 'nu': 6, 'sigma': 0.8304150895769256}. Best is trial 31 with value: 0.07493513565557214.
[I 2026-08-16 12:32:17,262] Trial 99 finished with value: 0.07969113532949691 and parameters: {'rho_e': 0.00015533838611531524, 'rho_d': 0.0029907788869589056, 'nu': 30, 'sigma': 0.38017329613222484}. Best is trial 31 with value: 0.07493513565557214.
[I 2026-08-16 12:32:56,241] Trial 100 finished with value: 0.07250118298834132 and parameters: {'rho_e': 0.010233397738650634, 'rho_d': 0.0008912018650426647, 'nu': 2, 'sigma': 0.1273338224293031}. Best is trial 100 with value: 0.07250118298834132.
[I 2026-08-16 12:33:34,047] Trial 101 finished with value: 0.07751851699926551 and parameters: {'rho_e': 1e-05, 'rho_d': 0.0002482133562587665, 'nu': 2, 'sigma': 0.0}. Best is trial 100 with value: 0.07250118298834132.
[I 2026-08-16 12:34:11,092] Trial 102 finished with value: 0.07497204188809778 and parameters: {'rho_e': 0.009998604942808737, 'rho_d': 0.0003742871103260697, 'nu': 19, 'sigma': 0.15733768363594916}. Best is trial 100 with value: 0.07250118298834132.
[I 2026-08-16 12:34:48,109] Trial 103 finished with value: 0.07803532911319092 and parameters: {'rho_e': 2.2813016589657495, 'rho_d': 1000.0, 'nu': 36, 'sigma': 0.463492791380902}. Best is trial 100 with value: 0.07250118298834132.
[I 2026-08-16 12:35:25,947] Trial 104 finished with value: 0.07905981134362824 and parameters: {'rho_e': 6.912924004605903, 'rho_d': 1000.0, 'nu': 2, 'sigma': 0.49522219525046257}. Best is trial 100 with value: 0.07250118298834132.
[I 2026-08-16 12:36:04,451] Trial 105 finished with value: 0.07224020515678248 and parameters: {'rho_e': 0.019182294270130736, 'rho_d': 0.0008046766957903117, 'nu': 2, 'sigma': 0.26556977983768354}. Best is trial 105 with value: 0.07224020515678248.
[I 2026-08-16 12:36:42,560] Trial 106 finished with value: 0.07752114259549078 and parameters: {'rho_e': 1e-05, 'rho_d': 3.240619637015371e-05, 'nu': 36, 'sigma': 0.0}. Best is trial 105 with value: 0.07224020515678248.
[I 2026-08-16 12:37:19,682] Trial 107 finished with value: 0.07199351853747227 and parameters: {'rho_e': 0.014018768599170357, 'rho_d': 0.0021933504434527226, 'nu': 2, 'sigma': 0.19826199155658136}. Best is trial 107 with value: 0.07199351853747227.
[I 2026-08-16 12:37:57,514] Trial 108 finished with value: 0.08395680192710808 and parameters: {'rho_e': 215.19608493292014, 'rho_d': 1000.0, 'nu': 2, 'sigma': 1.0}. Best is trial 107 with value: 0.07199351853747227.
[I 2026-08-16 12:38:35,300] Trial 109 finished with value: 0.07751843940465647 and parameters: {'rho_e': 0.000579957126043185, 'rho_d': 1e-05, 'nu': 36, 'sigma': 0.0}. Best is trial 107 with value: 0.07199351853747227.
[I 2026-08-16 12:39:13,135] Trial 110 finished with value: 0.0775116736402913 and parameters: {'rho_e': 5.398750886752503e-05, 'rho_d': 0.00047154124614829604, 'nu': 20, 'sigma': 0.0}. Best is trial 107 with value: 0.07199351853747227.
[I 2026-08-16 12:39:51,024] Trial 111 finished with value: 0.08301789963599324 and parameters: {'rho_e': 228.82123809627558, 'rho_d': 0.05445848490541718, 'nu': 2, 'sigma': 1.0}. Best is trial 107 with value: 0.07199351853747227.
[I 2026-08-16 12:40:28,802] Trial 112 finished with value: 0.07748286126195922 and parameters: {'rho_e': 0.0034879315744721397, 'rho_d': 1e-05, 'nu': 36, 'sigma': 0.3017590425467263}. Best is trial 107 with value: 0.07199351853747227.
[I 2026-08-16 12:41:06,694] Trial 113 finished with value: 0.07739674541078986 and parameters: {'rho_e': 0.0026487507488655777, 'rho_d': 1e-05, 'nu': 2, 'sigma': 0.0}. Best is trial 107 with value: 0.07199351853747227.
[I 2026-08-16 12:41:44,511] Trial 114 finished with value: 0.08302346258709893 and parameters: {'rho_e': 1000.0, 'rho_d': 1e-05, 'nu': 2, 'sigma': 1.0}. Best is trial 107 with value: 0.07199351853747227.
[I 2026-08-16 12:42:22,355] Trial 115 finished with value: 0.07997556777108743 and parameters: {'rho_e': 1.1724611268745357, 'rho_d': 1000.0, 'nu': 17, 'sigma': 0.32471264170411523}. Best is trial 107 with value: 0.07199351853747227.
[I 2026-08-16 12:43:00,252] Trial 116 finished with value: 0.07751566200688387 and parameters: {'rho_e': 0.005412814197950684, 'rho_d': 0.0044943799057507216, 'nu': 2, 'sigma': 0.0}. Best is trial 107 with value: 0.07199351853747227.
[I 2026-08-16 12:43:38,102] Trial 117 finished with value: 0.07359094800178395 and parameters: {'rho_e': 0.00835405199601965, 'rho_d': 0.000860031705915803, 'nu': 2, 'sigma': 0.219760137129515}. Best is trial 107 with value: 0.07199351853747227.
[I 2026-08-16 12:44:16,015] Trial 118 finished with value: 0.07087496857673403 and parameters: {'rho_e': 0.020513849073721255, 'rho_d': 0.0009937512534658455, 'nu': 2, 'sigma': 0.1942780706376816}. Best is trial 118 with value: 0.07087496857673403.
[I 2026-08-16 12:44:53,225] Trial 119 finished with value: 0.07752118419123563 and parameters: {'rho_e': 0.0001030194998968226, 'rho_d': 1e-05, 'nu': 2, 'sigma': 0.0}. Best is trial 118 with value: 0.07087496857673403.
[I 2026-08-16 12:45:31,099] Trial 120 finished with value: 0.0700811021102576 and parameters: {'rho_e': 0.024532237049253374, 'rho_d': 0.0003175537435929387, 'nu': 2, 'sigma': 0.15731542565638504}. Best is trial 120 with value: 0.0700811021102576.
[I 2026-08-16 12:46:09,038] Trial 121 finished with value: 0.07023412627195388 and parameters: {'rho_e': 0.025794938929146874, 'rho_d': 3.262115168808743e-05, 'nu': 2, 'sigma': 0.14680339809707751}. Best is trial 120 with value: 0.0700811021102576.
[I 2026-08-16 12:46:46,974] Trial 122 finished with value: 0.07039922931990622 and parameters: {'rho_e': 0.02617757408175949, 'rho_d': 0.00010816843986066136, 'nu': 2, 'sigma': 0.138084184936792}. Best is trial 120 with value: 0.0700811021102576.
[I 2026-08-16 12:47:24,908] Trial 123 finished with value: 0.07093045321759368 and parameters: {'rho_e': 0.02199297594834447, 'rho_d': 1e-05, 'nu': 2, 'sigma': 0.23669000465482246}. Best is trial 120 with value: 0.0700811021102576.
[I 2026-08-16 12:48:02,853] Trial 124 finished with value: 0.07051875679328988 and parameters: {'rho_e': 0.027463805919396015, 'rho_d': 6.470017984851046e-05, 'nu': 2, 'sigma': 0.20431725121565256}. Best is trial 120 with value: 0.0700811021102576.
[I 2026-08-16 12:48:40,868] Trial 125 finished with value: 0.07208356788359353 and parameters: {'rho_e': 0.018703564277979198, 'rho_d': 1e-05, 'nu': 10, 'sigma': 0.147439446136145}. Best is trial 120 with value: 0.0700811021102576.
[I 2026-08-16 12:49:18,862] Trial 126 finished with value: 0.07937739019206433 and parameters: {'rho_e': 1e-05, 'rho_d': 1e-05, 'nu': 36, 'sigma': 0.4231784027697113}. Best is trial 120 with value: 0.0700811021102576.
[I 2026-08-16 12:49:56,939] Trial 127 finished with value: 0.07067314686820891 and parameters: {'rho_e': 0.01793087532013781, 'rho_d': 3.229216266361844e-05, 'nu': 2, 'sigma': 0.15854128197871467}. Best is trial 120 with value: 0.0700811021102576.
[I 2026-08-16 12:50:34,995] Trial 128 finished with value: 0.0708061069576491 and parameters: {'rho_e': 0.02601087699755271, 'rho_d': 1e-05, 'nu': 2, 'sigma': 0.1253837811794688}. Best is trial 120 with value: 0.0700811021102576.
[I 2026-08-16 12:51:13,061] Trial 129 finished with value: 0.08034141721279067 and parameters: {'rho_e': 6.395210609345688e-05, 'rho_d': 0.01128902599284485, 'nu': 2, 'sigma': 0.0}. Best is trial 120 with value: 0.0700811021102576.
[I 2026-08-16 12:51:51,114] Trial 130 finished with value: 0.08288162638249738 and parameters: {'rho_e': 27.318754028014112, 'rho_d': 1e-05, 'nu': 2, 'sigma': 1.0}. Best is trial 120 with value: 0.0700811021102576.
[I 2026-08-16 12:52:29,231] Trial 131 finished with value: 0.07081337451077738 and parameters: {'rho_e': 0.025718146703016368, 'rho_d': 0.00041312034406842615, 'nu': 2, 'sigma': 0.12576753141776717}. Best is trial 120 with value: 0.0700811021102576.
[I 2026-08-16 12:53:07,338] Trial 132 finished with value: 0.07569297874172876 and parameters: {'rho_e': 1e-05, 'rho_d': 1e-05, 'nu': 9, 'sigma': 0.20142706979664268}. Best is trial 120 with value: 0.0700811021102576.
[I 2026-08-16 12:53:45,474] Trial 133 finished with value: 0.07733463464002771 and parameters: {'rho_e': 1e-05, 'rho_d': 0.0006517073398318653, 'nu': 36, 'sigma': 0.2655744730870526}. Best is trial 120 with value: 0.0700811021102576.
[I 2026-08-16 12:54:23,568] Trial 134 finished with value: 0.08233318484077841 and parameters: {'rho_e': 0.0474379414487331, 'rho_d': 1e-05, 'nu': 36, 'sigma': 1.0}. Best is trial 120 with value: 0.0700811021102576.
[I 2026-08-16 12:55:01,733] Trial 135 finished with value: 0.07028832030321022 and parameters: {'rho_e': 0.02387499017485302, 'rho_d': 0.00017062506259812475, 'nu': 2, 'sigma': 0.17252062195062545}. Best is trial 120 with value: 0.0700811021102576.
[I 2026-08-16 12:55:39,929] Trial 136 finished with value: 0.07641473479614574 and parameters: {'rho_e': 6.98082020072648e-05, 'rho_d': 1e-05, 'nu': 36, 'sigma': 0.1573456750747304}. Best is trial 120 with value: 0.0700811021102576.
[I 2026-08-16 12:56:18,132] Trial 137 finished with value: 0.0754323802175917 and parameters: {'rho_e': 10.749260667990592, 'rho_d': 1000.0, 'nu': 22, 'sigma': 0.46899026167077495}. Best is trial 120 with value: 0.0700811021102576.
[I 2026-08-16 12:56:56,330] Trial 138 finished with value: 0.07103131135222734 and parameters: {'rho_e': 0.024990618004319575, 'rho_d': 0.0002840916125754893, 'nu': 6, 'sigma': 0.17743951649154474}. Best is trial 120 with value: 0.0700811021102576.
[I 2026-08-16 12:57:34,483] Trial 139 finished with value: 0.07074525733318644 and parameters: {'rho_e': 0.031178854463812744, 'rho_d': 0.00020954469327691711, 'nu': 2, 'sigma': 0.1823472300313757}. Best is trial 120 with value: 0.0700811021102576.
[I 2026-08-16 12:58:12,697] Trial 140 finished with value: 0.07577103647327695 and parameters: {'rho_e': 0.017657355642900188, 'rho_d': 0.0012957606290412316, 'nu': 36, 'sigma': 0.38047031338280646}. Best is trial 120 with value: 0.0700811021102576.
[I 2026-08-16 12:58:50,671] Trial 141 finished with value: 0.07544022582708378 and parameters: {'rho_e': 0.014673473120681457, 'rho_d': 1e-05, 'nu': 36, 'sigma': 0.0}. Best is trial 120 with value: 0.0700811021102576.
[I 2026-08-16 12:59:28,769] Trial 142 finished with value: 0.08078817877327968 and parameters: {'rho_e': 1000.0, 'rho_d': 0.01936890456803266, 'nu': 2, 'sigma': 0.659376407840041}. Best is trial 120 with value: 0.0700811021102576.
[I 2026-08-16 13:00:06,936] Trial 143 finished with value: 0.07019462464514598 and parameters: {'rho_e': 0.021338626125749306, 'rho_d': 0.00013774624616052882, 'nu': 2, 'sigma': 0.15663955279886596}. Best is trial 120 with value: 0.0700811021102576.
[I 2026-08-16 13:00:45,166] Trial 144 finished with value: 0.08192657465677122 and parameters: {'rho_e': 0.059315745623587574, 'rho_d': 0.00870301816655161, 'nu': 36, 'sigma': 1.0}. Best is trial 120 with value: 0.0700811021102576.
[I 2026-08-16 13:01:23,353] Trial 145 finished with value: 0.07013810940738392 and parameters: {'rho_e': 0.021210497135831924, 'rho_d': 0.00017406152367008336, 'nu': 2, 'sigma': 0.16087186767720899}. Best is trial 120 with value: 0.0700811021102576.
[I 2026-08-16 13:02:01,577] Trial 146 finished with value: 0.08499928287286572 and parameters: {'rho_e': 1e-05, 'rho_d': 1e-05, 'nu': 36, 'sigma': 1.0}. Best is trial 120 with value: 0.0700811021102576.
[I 2026-08-16 13:02:39,617] Trial 147 finished with value: 0.08197799061191131 and parameters: {'rho_e': 0.0003282354845749436, 'rho_d': 1e-05, 'nu': 36, 'sigma': 0.6614543561171825}. Best is trial 120 with value: 0.0700811021102576.
[I 2026-08-16 13:03:18,387] Trial 148 finished with value: 0.07349116497518157 and parameters: {'rho_e': 0.024284041370931098, 'rho_d': 1e-05, 'nu': 36, 'sigma': 0.23086234315751333}. Best is trial 120 with value: 0.0700811021102576.
[I 2026-08-16 13:03:56,549] Trial 149 finished with value: 0.07019729212034435 and parameters: {'rho_e': 0.021095629883989036, 'rho_d': 0.0002158443582966855, 'nu': 2, 'sigma': 0.16362163856117173}. Best is trial 120 with value: 0.0700811021102576.
[I 2026-08-16 13:04:34,852] Trial 150 finished with value: 0.07752118968203288 and parameters: {'rho_e': 1e-05, 'rho_d': 1e-05, 'nu': 15, 'sigma': 0.0}. Best is trial 120 with value: 0.0700811021102576.
[I 2026-08-16 13:05:13,047] Trial 151 finished with value: 0.0774744162122917 and parameters: {'rho_e': 6.374078415746896, 'rho_d': 1000.0, 'nu': 36, 'sigma': 1.0}. Best is trial 120 with value: 0.0700811021102576.
[I 2026-08-16 13:05:51,248] Trial 152 finished with value: 0.07747340803547212 and parameters: {'rho_e': 0.0005938557612221532, 'rho_d': 0.0010724106726998717, 'nu': 36, 'sigma': 0.0}. Best is trial 120 with value: 0.0700811021102576.
[I 2026-08-16 13:06:29,472] Trial 153 finished with value: 0.07530328208074688 and parameters: {'rho_e': 0.00048418033130453254, 'rho_d': 1e-05, 'nu': 2, 'sigma': 0.23751788103101487}. Best is trial 120 with value: 0.0700811021102576.
[I 2026-08-16 13:07:07,570] Trial 154 finished with value: 0.07379728529313018 and parameters: {'rho_e': 0.02747740159786977, 'rho_d': 0.0002896852348948264, 'nu': 36, 'sigma': 0.11459402967409645}. Best is trial 120 with value: 0.0700811021102576.
[I 2026-08-16 13:07:45,713] Trial 155 finished with value: 0.08597121739189334 and parameters: {'rho_e': 1e-05, 'rho_d': 1e-05, 'nu': 2, 'sigma': 0.500788139451529}. Best is trial 120 with value: 0.0700811021102576.
[I 2026-08-16 13:08:23,915] Trial 156 finished with value: 0.07096951513114705 and parameters: {'rho_e': 0.03528039873190295, 'rho_d': 1e-05, 'nu': 2, 'sigma': 0.19728111544229868}. Best is trial 120 with value: 0.0700811021102576.
[I 2026-08-16 13:09:02,044] Trial 157 finished with value: 0.07764831603076056 and parameters: {'rho_e': 45.416052897143246, 'rho_d': 1000.0, 'nu': 36, 'sigma': 1.0}. Best is trial 120 with value: 0.0700811021102576.
[I 2026-08-16 13:09:40,567] Trial 158 finished with value: 0.09909361597447625 and parameters: {'rho_e': 1e-05, 'rho_d': 1000.0, 'nu': 2, 'sigma': 0.0}. Best is trial 120 with value: 0.0700811021102576.
[I 2026-08-16 13:10:19,038] Trial 159 finished with value: 0.07033065555064119 and parameters: {'rho_e': 0.02118394462670995, 'rho_d': 0.0002508643968003786, 'nu': 2, 'sigma': 0.1659963002539688}. Best is trial 120 with value: 0.0700811021102576.
[I 2026-08-16 13:10:57,018] Trial 160 finished with value: 0.0699677035466458 and parameters: {'rho_e': 0.023523435946057703, 'rho_d': 6.98399076337949e-05, 'nu': 2, 'sigma': 0.16105856662024237}. Best is trial 160 with value: 0.0699677035466458.
[I 2026-08-16 13:11:34,906] Trial 161 finished with value: 0.07556037397919066 and parameters: {'rho_e': 0.0003633607656577536, 'rho_d': 0.0037347012038808653, 'nu': 2, 'sigma': 0.24456802260846244}. Best is trial 160 with value: 0.0699677035466458.
[I 2026-08-16 13:12:12,858] Trial 162 finished with value: 0.08581865755431053 and parameters: {'rho_e': 0.7801392956805107, 'rho_d': 1e-05, 'nu': 2, 'sigma': 1.0}. Best is trial 160 with value: 0.0699677035466458.
[I 2026-08-16 13:12:50,759] Trial 163 finished with value: 0.07672246840485705 and parameters: {'rho_e': 0.00034480687500251924, 'rho_d': 7.130645570508223e-05, 'nu': 20, 'sigma': 0.15889634165525032}. Best is trial 160 with value: 0.0699677035466458.
[I 2026-08-16 13:13:28,740] Trial 164 finished with value: 0.08215454917149034 and parameters: {'rho_e': 2.343579262420033, 'rho_d': 999.999999999998, 'nu': 2, 'sigma': 0.0}. Best is trial 160 with value: 0.0699677035466458.
[I 2026-08-16 13:14:06,684] Trial 165 finished with value: 0.07666315089256596 and parameters: {'rho_e': 5.071599427140291, 'rho_d': 1000.0, 'nu': 29, 'sigma': 0.225689888579325}. Best is trial 160 with value: 0.0699677035466458.
[I 2026-08-16 13:14:44,658] Trial 166 finished with value: 0.0840691663233978 and parameters: {'rho_e': 1000.0, 'rho_d': 1000.0, 'nu': 2, 'sigma': 1.0}. Best is trial 160 with value: 0.0699677035466458.
[I 2026-08-16 13:15:22,596] Trial 167 finished with value: 0.08603115108540302 and parameters: {'rho_e': 1e-05, 'rho_d': 0.0064496156716081525, 'nu': 36, 'sigma': 1.0}. Best is trial 160 with value: 0.0699677035466458.
[I 2026-08-16 13:16:00,527] Trial 168 finished with value: 0.0985071928266312 and parameters: {'rho_e': 1e-05, 'rho_d': 1000.0, 'nu': 36, 'sigma': 1.0}. Best is trial 160 with value: 0.0699677035466458.
[I 2026-08-16 13:16:38,347] Trial 169 finished with value: 0.07437053069056859 and parameters: {'rho_e': 0.03256569858680239, 'rho_d': 0.009199473276671435, 'nu': 36, 'sigma': 0.18322888400338128}. Best is trial 160 with value: 0.0699677035466458.
[I 2026-08-16 13:17:16,253] Trial 170 finished with value: 0.09445056948854269 and parameters: {'rho_e': 100.09269666500937, 'rho_d': 1e-05, 'nu': 36, 'sigma': 1.0}. Best is trial 160 with value: 0.0699677035466458.
[I 2026-08-16 13:17:54,129] Trial 171 finished with value: 0.07600316022835468 and parameters: {'rho_e': 0.010666717408743502, 'rho_d': 0.0017801607252734123, 'nu': 36, 'sigma': 0.0}. Best is trial 160 with value: 0.0699677035466458.
[I 2026-08-16 13:18:31,972] Trial 172 finished with value: 0.0706995691368488 and parameters: {'rho_e': 0.021716874399874627, 'rho_d': 7.85390456808476e-05, 'nu': 2, 'sigma': 0.1231605614834188}. Best is trial 160 with value: 0.0699677035466458.
[I 2026-08-16 13:19:09,965] Trial 173 finished with value: 0.07739768915214035 and parameters: {'rho_e': 1e-05, 'rho_d': 0.0003469004614891896, 'nu': 16, 'sigma': 0.21357386051884591}. Best is trial 160 with value: 0.0699677035466458.
[I 2026-08-16 13:19:47,902] Trial 174 finished with value: 0.0849640218666946 and parameters: {'rho_e': 0.001522549413075978, 'rho_d': 1e-05, 'nu': 36, 'sigma': 1.0}. Best is trial 160 with value: 0.0699677035466458.
[I 2026-08-16 13:20:25,784] Trial 175 finished with value: 0.07446749589394001 and parameters: {'rho_e': 4.857285175990924e-05, 'rho_d': 1e-05, 'nu': 2, 'sigma': 0.2071803953455145}. Best is trial 160 with value: 0.0699677035466458.
[I 2026-08-16 13:21:03,716] Trial 176 finished with value: 0.08301195612164723 and parameters: {'rho_e': 1000.0, 'rho_d': 1.756392006541476, 'nu': 2, 'sigma': 0.9999999999999999}. Best is trial 160 with value: 0.0699677035466458.
[I 2026-08-16 13:21:41,598] Trial 177 finished with value: 0.07818724375451447 and parameters: {'rho_e': 84.8238977520596, 'rho_d': 999.999999999998, 'nu': 2, 'sigma': 0.6107324448124363}. Best is trial 160 with value: 0.0699677035466458.
[I 2026-08-16 13:22:19,475] Trial 178 finished with value: 0.0704331224649531 and parameters: {'rho_e': 0.025326131979499518, 'rho_d': 2.8494024444892408e-05, 'nu': 2, 'sigma': 0.17817255718561528}. Best is trial 160 with value: 0.0699677035466458.
[I 2026-08-16 13:22:57,417] Trial 179 finished with value: 0.07516534076770161 and parameters: {'rho_e': 17.962887137323623, 'rho_d': 1000.0, 'nu': 36, 'sigma': 0.7369594572220157}. Best is trial 160 with value: 0.0699677035466458.
[I 2026-08-16 13:23:35,361] Trial 180 finished with value: 0.0734680367698597 and parameters: {'rho_e': 0.024368668874281525, 'rho_d': 0.0035583267826748565, 'nu': 18, 'sigma': 0.14532133747015416}. Best is trial 160 with value: 0.0699677035466458.
