[I 2026-08-16 23:34:37,910] Trial 88 finished with value: 0.0830015030062389 and parameters: {'rho_e': 0.486251533292777, 'rho_d': 52.14784654714354, 'nu': 6, 'sigma': 0.7891228370595951}. Best is trial 77 with value: 0.07271135930553298.
[I 2026-08-16 23:35:16,332] Trial 89 finished with value: 0.08705192816830769 and parameters: {'rho_e': 0.000612889380538402, 'rho_d': 6.25476322167153e-05, 'nu': 5, 'sigma': 0.9047950693848056}. Best is trial 77 with value: 0.07271135930553298.
[I 2026-08-16 23:35:54,813] Trial 90 finished with value: 0.11366659691122197 and parameters: {'rho_e': 7.905609421867139, 'rho_d': 1.482399313641124, 'nu': 20, 'sigma': 0.1529659116515288}. Best is trial 77 with value: 0.07271135930553298.
[I 2026-08-16 23:36:33,319] Trial 91 finished with value: 0.08617102874059471 and parameters: {'rho_e': 0.6819215330358105, 'rho_d': 0.0003702816334400203, 'nu': 33, 'sigma': 0.8384256258654897}. Best is trial 77 with value: 0.07271135930553298.
[I 2026-08-16 23:37:11,774] Trial 92 finished with value: 0.07875463269326517 and parameters: {'rho_e': 0.004212958428106735, 'rho_d': 0.004678011386611994, 'nu': 8, 'sigma': 0.37791297465362256}. Best is trial 77 with value: 0.07271135930553298.
[I 2026-08-16 23:37:50,331] Trial 93 finished with value: 0.07706156011970385 and parameters: {'rho_e': 0.2677199530536358, 'rho_d': 11.763303983773799, 'nu': 11, 'sigma': 0.24816428628969947}. Best is trial 77 with value: 0.07271135930553298.
[I 2026-08-16 23:38:28,931] Trial 94 finished with value: 0.07783699889150043 and parameters: {'rho_e': 0.0011444406274560965, 'rho_d': 0.000721586105829393, 'nu': 14, 'sigma': 0.06114790393564393}. Best is trial 77 with value: 0.07271135930553298.
[I 2026-08-16 23:39:07,462] Trial 95 finished with value: 0.08249833162414624 and parameters: {'rho_e': 0.3792824094846887, 'rho_d': 0.0570033980864129, 'nu': 8, 'sigma': 0.8283112299515442}. Best is trial 77 with value: 0.07271135930553298.
[I 2026-08-16 23:39:46,084] Trial 96 finished with value: 0.07859108476070342 and parameters: {'rho_e': 1.9897379970608284e-05, 'rho_d': 0.000130016363482025, 'nu': 28, 'sigma': 0.5825780928860248}. Best is trial 77 with value: 0.07271135930553298.
[I 2026-08-16 23:40:24,521] Trial 97 finished with value: 0.09749210693456373 and parameters: {'rho_e': 0.8390481620733344, 'rho_d': 0.09244901937295714, 'nu': 29, 'sigma': 0.5060934257174607}. Best is trial 77 with value: 0.07271135930553298.
[I 2026-08-16 23:41:02,998] Trial 98 finished with value: 0.09882952469383967 and parameters: {'rho_e': 4.631918267545036, 'rho_d': 0.0009628776616921115, 'nu': 19, 'sigma': 0.2900502502494807}. Best is trial 77 with value: 0.07271135930553298.
[I 2026-08-16 23:41:41,484] Trial 99 finished with value: 0.07413026711672555 and parameters: {'rho_e': 0.04871965141021672, 'rho_d': 3.330825453140193e-05, 'nu': 7, 'sigma': 0.7954371049397843}. Best is trial 77 with value: 0.07271135930553298.
[I 2026-08-16 23:42:22,386] Trial 100 finished with value: 0.07899694744879526 and parameters: {'rho_e': 0.4357593724113319, 'rho_d': 1000.0, 'nu': 2, 'sigma': 0.36825601850660206}. Best is trial 77 with value: 0.07271135930553298.
[I 2026-08-16 23:43:01,040] Trial 101 finished with value: 0.07220880612226063 and parameters: {'rho_e': 0.07225899809125594, 'rho_d': 0.00025561375780517275, 'nu': 2, 'sigma': 0.5844525684643934}. Best is trial 101 with value: 0.07220880612226063.
[I 2026-08-16 23:43:39,646] Trial 102 finished with value: 0.07905930931082611 and parameters: {'rho_e': 1e-05, 'rho_d': 1e-05, 'nu': 2, 'sigma': 0.0}. Best is trial 101 with value: 0.07220880612226063.
[I 2026-08-16 23:44:18,200] Trial 103 finished with value: 0.07742050263099325 and parameters: {'rho_e': 0.000330365387763977, 'rho_d': 1e-05, 'nu': 36, 'sigma': 0.20894792128356293}. Best is trial 101 with value: 0.07220880612226063.
[I 2026-08-16 23:44:56,852] Trial 104 finished with value: 0.0740729327205409 and parameters: {'rho_e': 0.05460054729834875, 'rho_d': 0.0004565776873204364, 'nu': 14, 'sigma': 0.6213814819604011}. Best is trial 101 with value: 0.07220880612226063.
[I 2026-08-16 23:45:35,530] Trial 105 finished with value: 0.07423745642856569 and parameters: {'rho_e': 0.14196340085530323, 'rho_d': 0.00033415184002333375, 'nu': 2, 'sigma': 0.6569832792705358}. Best is trial 101 with value: 0.07220880612226063.
[I 2026-08-16 23:46:14,087] Trial 106 finished with value: 0.0725298534347116 and parameters: {'rho_e': 0.024448818662714148, 'rho_d': 1e-05, 'nu': 2, 'sigma': 0.4719314080348736}. Best is trial 101 with value: 0.07220880612226063.
[I 2026-08-16 23:46:52,680] Trial 107 finished with value: 0.07504731190965241 and parameters: {'rho_e': 0.0027332800142486377, 'rho_d': 1e-05, 'nu': 7, 'sigma': 0.35010331920616816}. Best is trial 101 with value: 0.07220880612226063.
[I 2026-08-16 23:47:31,286] Trial 108 finished with value: 0.07248957091702997 and parameters: {'rho_e': 0.06146178958306248, 'rho_d': 0.0001411755299859875, 'nu': 2, 'sigma': 0.47187737434375393}. Best is trial 101 with value: 0.07220880612226063.
[I 2026-08-16 23:48:09,871] Trial 109 finished with value: 0.07157834610797578 and parameters: {'rho_e': 0.0267298882699861, 'rho_d': 6.727302363008608e-05, 'nu': 2, 'sigma': 0.5603208475268838}. Best is trial 109 with value: 0.07157834610797578.
[I 2026-08-16 23:48:48,501] Trial 110 finished with value: 0.07909181721395589 and parameters: {'rho_e': 0.00010546509487887138, 'rho_d': 0.00016898459685199345, 'nu': 2, 'sigma': 0.0}. Best is trial 109 with value: 0.07157834610797578.
[I 2026-08-16 23:49:26,657] Trial 111 finished with value: 0.07905930931082611 and parameters: {'rho_e': 1e-05, 'rho_d': 1e-05, 'nu': 36, 'sigma': 0.0}. Best is trial 109 with value: 0.07157834610797578.
[I 2026-08-16 23:50:05,269] Trial 112 finished with value: 0.07295147417358196 and parameters: {'rho_e': 0.024216399493024527, 'rho_d': 1e-05, 'nu': 11, 'sigma': 0.6017699660304915}. Best is trial 109 with value: 0.07157834610797578.
[I 2026-08-16 23:50:43,896] Trial 113 finished with value: 0.07781305655051562 and parameters: {'rho_e': 0.000724132596755884, 'rho_d': 1e-05, 'nu': 36, 'sigma': 0.6124911083819295}. Best is trial 109 with value: 0.07157834610797578.
[I 2026-08-16 23:51:22,465] Trial 114 finished with value: 0.07298359762616127 and parameters: {'rho_e': 0.014100461494375065, 'rho_d': 6.485720706448083e-05, 'nu': 2, 'sigma': 0.47511436397200096}. Best is trial 109 with value: 0.07157834610797578.
[I 2026-08-16 23:52:01,049] Trial 115 finished with value: 0.07246755069588037 and parameters: {'rho_e': 0.03655408971964477, 'rho_d': 2.4394467598407647e-05, 'nu': 2, 'sigma': 0.5941047254246127}. Best is trial 109 with value: 0.07157834610797578.
[I 2026-08-16 23:52:39,740] Trial 116 finished with value: 0.07235911506725015 and parameters: {'rho_e': 0.042951766955729685, 'rho_d': 0.0006474900883066253, 'nu': 2, 'sigma': 0.5487167874026748}. Best is trial 109 with value: 0.07157834610797578.
[I 2026-08-16 23:53:18,373] Trial 117 finished with value: 0.08495028816840114 and parameters: {'rho_e': 1e-05, 'rho_d': 0.009134861566805473, 'nu': 2, 'sigma': 0.0}. Best is trial 109 with value: 0.07157834610797578.
[I 2026-08-16 23:53:56,935] Trial 118 finished with value: 0.07801892883140774 and parameters: {'rho_e': 1e-05, 'rho_d': 1e-05, 'nu': 2, 'sigma': 0.46116666439273746}. Best is trial 109 with value: 0.07157834610797578.
[I 2026-08-16 23:54:35,556] Trial 119 finished with value: 0.07964413041961288 and parameters: {'rho_e': 0.003980113624888324, 'rho_d': 1e-05, 'nu': 2, 'sigma': 0.0}. Best is trial 109 with value: 0.07157834610797578.
[I 2026-08-16 23:55:14,243] Trial 120 finished with value: 0.08670270646100248 and parameters: {'rho_e': 1000.0, 'rho_d': 2.4828954086369452, 'nu': 2, 'sigma': 1.0}. Best is trial 109 with value: 0.07157834610797578.
[I 2026-08-16 23:55:52,892] Trial 121 finished with value: 0.07210674888470403 and parameters: {'rho_e': 0.02767616275719963, 'rho_d': 6.52127264815287e-05, 'nu': 7, 'sigma': 0.5174671625372382}. Best is trial 109 with value: 0.07157834610797578.
[I 2026-08-16 23:56:31,509] Trial 122 finished with value: 0.07659939735922314 and parameters: {'rho_e': 1e-05, 'rho_d': 1e-05, 'nu': 36, 'sigma': 0.3925656552693034}. Best is trial 109 with value: 0.07157834610797578.
[I 2026-08-16 23:57:10,160] Trial 123 finished with value: 0.07903055868071279 and parameters: {'rho_e': 0.024293870647656493, 'rho_d': 1e-05, 'nu': 36, 'sigma': 0.43739533348506404}. Best is trial 109 with value: 0.07157834610797578.
[I 2026-08-16 23:57:48,890] Trial 124 finished with value: 0.08090646617948093 and parameters: {'rho_e': 0.260868689318453, 'rho_d': 1e-05, 'nu': 2, 'sigma': 1.0}. Best is trial 109 with value: 0.07157834610797578.
[I 2026-08-16 23:58:27,502] Trial 125 finished with value: 0.07583606147924274 and parameters: {'rho_e': 0.0005375129251845697, 'rho_d': 1e-05, 'nu': 2, 'sigma': 0.1980211721267105}. Best is trial 109 with value: 0.07157834610797578.
[I 2026-08-16 23:59:06,254] Trial 126 finished with value: 0.07849731842310416 and parameters: {'rho_e': 0.34857156570653947, 'rho_d': 13.607270652207147, 'nu': 2, 'sigma': 0.4732070100076159}. Best is trial 109 with value: 0.07157834610797578.
[I 2026-08-16 23:59:44,916] Trial 127 finished with value: 0.07607272303993143 and parameters: {'rho_e': 0.374063103880075, 'rho_d': 527.7561861916556, 'nu': 24, 'sigma': 0.3920167074667487}. Best is trial 109 with value: 0.07157834610797578.
[I 2026-08-17 00:00:23,602] Trial 128 finished with value: 0.07184237491243267 and parameters: {'rho_e': 0.023280965808895927, 'rho_d': 9.324069515297037e-05, 'nu': 5, 'sigma': 0.6220473476505558}. Best is trial 109 with value: 0.07157834610797578.
[I 2026-08-17 00:01:02,279] Trial 129 finished with value: 0.07165475573712052 and parameters: {'rho_e': 0.03166448791804099, 'rho_d': 0.00011467300896676653, 'nu': 2, 'sigma': 0.5827952644028871}. Best is trial 109 with value: 0.07157834610797578.
[I 2026-08-17 00:01:40,991] Trial 130 finished with value: 0.08661933924298763 and parameters: {'rho_e': 46.05049501010155, 'rho_d': 1e-05, 'nu': 2, 'sigma': 1.0}. Best is trial 109 with value: 0.07157834610797578.
[I 2026-08-17 00:02:19,653] Trial 131 finished with value: 0.07634396763055529 and parameters: {'rho_e': 0.00147538555822166, 'rho_d': 1e-05, 'nu': 24, 'sigma': 0.28069070072073166}. Best is trial 109 with value: 0.07157834610797578.
[I 2026-08-17 00:02:58,350] Trial 132 finished with value: 0.07716896064631384 and parameters: {'rho_e': 4.507721810238904e-05, 'rho_d': 1e-05, 'nu': 36, 'sigma': 0.2566906753387529}. Best is trial 109 with value: 0.07157834610797578.
[I 2026-08-17 00:03:36,938] Trial 133 finished with value: 0.07184904979113668 and parameters: {'rho_e': 0.022045489010449008, 'rho_d': 4.16416622369078e-05, 'nu': 2, 'sigma': 0.5800534357199342}. Best is trial 109 with value: 0.07157834610797578.
[I 2026-08-17 00:04:15,542] Trial 134 finished with value: 0.08016981791038474 and parameters: {'rho_e': 1e-05, 'rho_d': 1e-05, 'nu': 36, 'sigma': 1.0}. Best is trial 109 with value: 0.07157834610797578.
[I 2026-08-17 00:04:54,153] Trial 135 finished with value: 0.07674452311797897 and parameters: {'rho_e': 0.001017522309309817, 'rho_d': 0.0001388040360979653, 'nu': 2, 'sigma': 0.3709393874311615}. Best is trial 109 with value: 0.07157834610797578.
[I 2026-08-17 00:05:32,796] Trial 136 finished with value: 0.08016951774893952 and parameters: {'rho_e': 0.0001428215907193503, 'rho_d': 1e-05, 'nu': 36, 'sigma': 1.0}. Best is trial 109 with value: 0.07157834610797578.
[I 2026-08-17 00:06:11,432] Trial 137 finished with value: 0.07905901136039478 and parameters: {'rho_e': 0.00014827307011268975, 'rho_d': 1e-05, 'nu': 21, 'sigma': 0.0}. Best is trial 109 with value: 0.07157834610797578.
[I 2026-08-17 00:06:50,039] Trial 138 finished with value: 0.09408004979886225 and parameters: {'rho_e': 1000.0, 'rho_d': 1e-05, 'nu': 36, 'sigma': 1.0}. Best is trial 109 with value: 0.07157834610797578.
[I 2026-08-17 00:07:28,594] Trial 139 finished with value: 0.09410997794887829 and parameters: {'rho_e': 1e-05, 'rho_d': 1000.0, 'nu': 2, 'sigma': 0.0}. Best is trial 109 with value: 0.07157834610797578.
[I 2026-08-17 00:08:07,183] Trial 140 finished with value: 0.07211346965877158 and parameters: {'rho_e': 0.02718454191297682, 'rho_d': 9.481574428821233e-05, 'nu': 2, 'sigma': 0.5575900666801926}. Best is trial 109 with value: 0.07157834610797578.
[I 2026-08-17 00:08:45,863] Trial 141 finished with value: 0.0746151630492089 and parameters: {'rho_e': 0.010165960936247167, 'rho_d': 1e-05, 'nu': 13, 'sigma': 0.48437060292625694}. Best is trial 109 with value: 0.07157834610797578.
[I 2026-08-17 00:09:24,660] Trial 142 finished with value: 0.07870563140640985 and parameters: {'rho_e': 0.003390300646843208, 'rho_d': 1e-05, 'nu': 36, 'sigma': 1.0}. Best is trial 109 with value: 0.07157834610797578.
[I 2026-08-17 00:10:03,319] Trial 143 finished with value: 0.07218646975352416 and parameters: {'rho_e': 0.0330938501282767, 'rho_d': 0.00014677550493979636, 'nu': 2, 'sigma': 0.6491534931688573}. Best is trial 109 with value: 0.07157834610797578.
[I 2026-08-17 00:10:42,069] Trial 144 finished with value: 0.07189346421884873 and parameters: {'rho_e': 0.02806446578152598, 'rho_d': 6.682335817818552e-05, 'nu': 7, 'sigma': 0.6079568448131938}. Best is trial 109 with value: 0.07157834610797578.
[I 2026-08-17 00:11:20,765] Trial 145 finished with value: 0.07250340134217573 and parameters: {'rho_e': 0.0830341835083632, 'rho_d': 0.001002574853147722, 'nu': 2, 'sigma': 0.48870689097207165}. Best is trial 109 with value: 0.07157834610797578.
[I 2026-08-17 00:11:59,478] Trial 146 finished with value: 0.07698991751208885 and parameters: {'rho_e': 0.11261103455162227, 'rho_d': 1e-05, 'nu': 2, 'sigma': 0.3472646662650949}. Best is trial 109 with value: 0.07157834610797578.
[I 2026-08-17 00:12:38,196] Trial 147 finished with value: 0.07665907108354564 and parameters: {'rho_e': 1e-05, 'rho_d': 1e-05, 'nu': 18, 'sigma': 0.24568271304386788}. Best is trial 109 with value: 0.07157834610797578.
[I 2026-08-17 00:13:17,337] Trial 148 finished with value: 0.0807011404941505 and parameters: {'rho_e': 0.2665549790588858, 'rho_d': 1000.0, 'nu': 36, 'sigma': 0.8215412355141759}. Best is trial 109 with value: 0.07157834610797578.
[I 2026-08-17 00:13:56,080] Trial 149 finished with value: 0.07709389694259189 and parameters: {'rho_e': 1e-05, 'rho_d': 0.0006183789064792889, 'nu': 36, 'sigma': 0.2653191051785094}. Best is trial 109 with value: 0.07157834610797578.
[I 2026-08-17 00:14:34,660] Trial 150 finished with value: 0.07932831747182448 and parameters: {'rho_e': 0.00260314804276405, 'rho_d': 1e-05, 'nu': 36, 'sigma': 0.0}. Best is trial 109 with value: 0.07157834610797578.
[I 2026-08-17 00:15:13,291] Trial 151 finished with value: 0.07397690890326204 and parameters: {'rho_e': 0.0823851661274874, 'rho_d': 0.0028794025554322897, 'nu': 2, 'sigma': 0.6089055735389266}. Best is trial 109 with value: 0.07157834610797578.
[I 2026-08-17 00:15:51,982] Trial 152 finished with value: 0.072144831141081 and parameters: {'rho_e': 0.03664981235892858, 'rho_d': 0.00011751773113128656, 'nu': 4, 'sigma': 0.5719854003264089}. Best is trial 109 with value: 0.07157834610797578.
[I 2026-08-17 00:16:30,559] Trial 153 finished with value: 0.07144569965884709 and parameters: {'rho_e': 0.01799382369076339, 'rho_d': 1e-05, 'nu': 2, 'sigma': 0.6032038738175184}. Best is trial 153 with value: 0.07144569965884709.
[I 2026-08-17 00:17:08,811] Trial 154 finished with value: 0.07227944920549537 and parameters: {'rho_e': 0.020137768994636398, 'rho_d': 1e-05, 'nu': 2, 'sigma': 0.6402764211637377}. Best is trial 153 with value: 0.07144569965884709.
[I 2026-08-17 00:17:47,521] Trial 155 finished with value: 0.0858150910040585 and parameters: {'rho_e': 2.554915778410952, 'rho_d': 0.0008717309969507043, 'nu': 2, 'sigma': 1.0}. Best is trial 153 with value: 0.07144569965884709.
[I 2026-08-17 00:18:26,257] Trial 156 finished with value: 0.07264533053405063 and parameters: {'rho_e': 0.014001328052743522, 'rho_d': 1e-05, 'nu': 2, 'sigma': 0.5576867688230144}. Best is trial 153 with value: 0.07144569965884709.
[I 2026-08-17 00:19:05,046] Trial 157 finished with value: 0.07318654376662719 and parameters: {'rho_e': 0.18088019957521465, 'rho_d': 0.0003869597368611022, 'nu': 2, 'sigma': 0.47630475219585416}. Best is trial 153 with value: 0.07144569965884709.
[I 2026-08-17 00:19:43,699] Trial 158 finished with value: 0.07167062202497623 and parameters: {'rho_e': 0.022009553640473654, 'rho_d': 3.191900580143358e-05, 'nu': 2, 'sigma': 0.6004016236545706}. Best is trial 153 with value: 0.07144569965884709.
[I 2026-08-17 00:20:22,528] Trial 159 finished with value: 0.07283289300417328 and parameters: {'rho_e': 0.018564560210745255, 'rho_d': 0.0003093430287822902, 'nu': 12, 'sigma': 0.5568133278716698}. Best is trial 153 with value: 0.07144569965884709.
[I 2026-08-17 00:21:01,178] Trial 160 finished with value: 0.09765635271077369 and parameters: {'rho_e': 1e-05, 'rho_d': 1000.0, 'nu': 36, 'sigma': 1.0}. Best is trial 153 with value: 0.07144569965884709.
[I 2026-08-17 00:21:39,904] Trial 161 finished with value: 0.07802764117668756 and parameters: {'rho_e': 7.460031405332973e-05, 'rho_d': 1e-05, 'nu': 36, 'sigma': 0.6438041576570699}. Best is trial 153 with value: 0.07144569965884709.
[I 2026-08-17 00:22:18,627] Trial 162 finished with value: 0.08275769670379027 and parameters: {'rho_e': 0.07781747441991009, 'rho_d': 0.011664333667271105, 'nu': 36, 'sigma': 1.0}. Best is trial 153 with value: 0.07144569965884709.
[I 2026-08-17 00:22:57,157] Trial 163 finished with value: 0.07920137684703007 and parameters: {'rho_e': 0.00016568120429772835, 'rho_d': 0.0006387464607672284, 'nu': 36, 'sigma': 0.0}. Best is trial 153 with value: 0.07144569965884709.
[I 2026-08-17 00:23:35,873] Trial 164 finished with value: 0.0720162071842941 and parameters: {'rho_e': 0.019911609270032472, 'rho_d': 4.241369650690075e-05, 'nu': 2, 'sigma': 0.6192901809496338}. Best is trial 153 with value: 0.07144569965884709.
[I 2026-08-17 00:24:14,561] Trial 165 finished with value: 0.0833515351442912 and parameters: {'rho_e': 0.03300870723144682, 'rho_d': 0.004048006602472425, 'nu': 36, 'sigma': 0.4187193653252385}. Best is trial 153 with value: 0.07144569965884709.
[I 2026-08-17 00:24:53,120] Trial 166 finished with value: 0.07978283429376806 and parameters: {'rho_e': 0.14008660412237273, 'rho_d': 1e-05, 'nu': 36, 'sigma': 0.9999999999999999}. Best is trial 153 with value: 0.07144569965884709.
[I 2026-08-17 00:25:31,687] Trial 167 finished with value: 0.08700237957861018 and parameters: {'rho_e': 1e-05, 'rho_d': 0.09055248729641255, 'nu': 36, 'sigma': 0.0}. Best is trial 153 with value: 0.07144569965884709.
[I 2026-08-17 00:26:10,241] Trial 168 finished with value: 0.07685568274060431 and parameters: {'rho_e': 0.0001400127778970278, 'rho_d': 0.0002596219149000712, 'nu': 36, 'sigma': 0.3551922647940639}. Best is trial 153 with value: 0.07144569965884709.
[I 2026-08-17 00:26:48,752] Trial 169 finished with value: 0.09583008785755101 and parameters: {'rho_e': 1000.0, 'rho_d': 1000.0, 'nu': 2, 'sigma': 0.8336335997118071}. Best is trial 153 with value: 0.07144569965884709.
[I 2026-08-17 00:27:27,349] Trial 170 finished with value: 0.07617370685483921 and parameters: {'rho_e': 1e-05, 'rho_d': 0.0004122150085162387, 'nu': 2, 'sigma': 0.33766890023599905}. Best is trial 153 with value: 0.07144569965884709.
[I 2026-08-17 00:28:05,940] Trial 171 finished with value: 0.0729551520392339 and parameters: {'rho_e': 0.019636989302492778, 'rho_d': 5.220600931376385e-05, 'nu': 10, 'sigma': 0.6689696369082776}. Best is trial 153 with value: 0.07144569965884709.
[I 2026-08-17 00:28:44,497] Trial 172 finished with value: 0.08002970989954472 and parameters: {'rho_e': 0.0005070324805931715, 'rho_d': 0.0006236080040020333, 'nu': 36, 'sigma': 1.0}. Best is trial 153 with value: 0.07144569965884709.
[I 2026-08-17 00:29:23,127] Trial 173 finished with value: 0.0733800783192048 and parameters: {'rho_e': 0.08675474597826213, 'rho_d': 1e-05, 'nu': 2, 'sigma': 0.6353010236169835}. Best is trial 153 with value: 0.07144569965884709.
[I 2026-08-17 00:30:01,683] Trial 174 finished with value: 0.07138233208748304 and parameters: {'rho_e': 0.02662201433615713, 'rho_d': 1e-05, 'nu': 2, 'sigma': 0.5939570751525797}. Best is trial 174 with value: 0.07138233208748304.
[I 2026-08-17 00:30:40,268] Trial 175 finished with value: 0.07153315507603908 and parameters: {'rho_e': 0.02814737725587759, 'rho_d': 1e-05, 'nu': 2, 'sigma': 0.6097775608169939}. Best is trial 174 with value: 0.07138233208748304.
[I 2026-08-17 00:31:18,783] Trial 176 finished with value: 0.07153180406001189 and parameters: {'rho_e': 0.026405163282507426, 'rho_d': 1e-05, 'nu': 2, 'sigma': 0.5855588959140272}. Best is trial 174 with value: 0.07138233208748304.
[I 2026-08-17 00:31:57,352] Trial 177 finished with value: 0.07152317438643234 and parameters: {'rho_e': 0.025899020800644122, 'rho_d': 1e-05, 'nu': 2, 'sigma': 0.5829629305294027}. Best is trial 174 with value: 0.07138233208748304.
[I 2026-08-17 00:32:35,961] Trial 178 finished with value: 0.07153161839937627 and parameters: {'rho_e': 0.02535970287934385, 'rho_d': 1e-05, 'nu': 2, 'sigma': 0.5801938142594601}. Best is trial 174 with value: 0.07138233208748304.
[I 2026-08-17 00:33:14,499] Trial 179 finished with value: 0.07212013658740855 and parameters: {'rho_e': 0.0301944996964233, 'rho_d': 1e-05, 'nu': 2, 'sigma': 0.6577394451767596}. Best is trial 174 with value: 0.07138233208748304.
[I 2026-08-17 00:33:53,018] Trial 180 finished with value: 0.07190589915887594 and parameters: {'rho_e': 0.024118341176237137, 'rho_d': 1e-05, 'nu': 2, 'sigma': 0.5705928091595451}. Best is trial 174 with value: 0.07138233208748304.
