[I 2026-08-16 12:14:43,466] Trial 88 finished with value: 0.08485417858478408 and parameters: {'rho_e': 0.486251533292777, 'rho_d': 52.14784654714354, 'nu': 6, 'sigma': 0.7891228370595951}. Best is trial 77 with value: 0.06933472950047076.
[I 2026-08-16 12:15:14,049] Trial 89 finished with value: 0.10316840450539852 and parameters: {'rho_e': 0.000612889380538402, 'rho_d': 6.25476322167153e-05, 'nu': 5, 'sigma': 0.9047950693848056}. Best is trial 77 with value: 0.06933472950047076.
[I 2026-08-16 12:15:44,596] Trial 90 finished with value: 0.11223136200875594 and parameters: {'rho_e': 7.905609421867139, 'rho_d': 1.482399313641124, 'nu': 20, 'sigma': 0.1529659116515288}. Best is trial 77 with value: 0.06933472950047076.
[I 2026-08-16 12:16:15,189] Trial 91 finished with value: 0.0774642851806162 and parameters: {'rho_e': 0.6819215330358105, 'rho_d': 0.0003702816334400203, 'nu': 33, 'sigma': 0.8384256258654897}. Best is trial 77 with value: 0.06933472950047076.
[I 2026-08-16 12:16:45,773] Trial 92 finished with value: 0.08556954363565808 and parameters: {'rho_e': 0.004212958428106735, 'rho_d': 0.004678011386611994, 'nu': 8, 'sigma': 0.37791297465362256}. Best is trial 77 with value: 0.06933472950047076.
[I 2026-08-16 12:17:16,352] Trial 93 finished with value: 0.07559077004432252 and parameters: {'rho_e': 0.2677199530536358, 'rho_d': 11.763303983773799, 'nu': 11, 'sigma': 0.24816428628969947}. Best is trial 77 with value: 0.06933472950047076.
[I 2026-08-16 12:17:46,908] Trial 94 finished with value: 0.08472286954795855 and parameters: {'rho_e': 0.0011444406274560965, 'rho_d': 0.000721586105829393, 'nu': 14, 'sigma': 0.06114790393564393}. Best is trial 77 with value: 0.06933472950047076.
[I 2026-08-16 12:18:17,604] Trial 95 finished with value: 0.08214283905604434 and parameters: {'rho_e': 0.3792824094846887, 'rho_d': 0.0570033980864129, 'nu': 8, 'sigma': 0.8283112299515442}. Best is trial 77 with value: 0.06933472950047076.
[I 2026-08-16 12:18:48,100] Trial 96 finished with value: 0.08710429380232493 and parameters: {'rho_e': 1.9897379970608284e-05, 'rho_d': 0.000130016363482025, 'nu': 28, 'sigma': 0.5825780928860248}. Best is trial 77 with value: 0.06933472950047076.
[I 2026-08-16 12:19:18,649] Trial 97 finished with value: 0.09068541944234021 and parameters: {'rho_e': 0.8390481620733344, 'rho_d': 0.09244901937295714, 'nu': 29, 'sigma': 0.5060934257174607}. Best is trial 77 with value: 0.06933472950047076.
[I 2026-08-16 12:19:49,269] Trial 98 finished with value: 0.09495400762486504 and parameters: {'rho_e': 4.631918267545036, 'rho_d': 0.0009628776616921115, 'nu': 19, 'sigma': 0.2900502502494807}. Best is trial 77 with value: 0.06933472950047076.
[I 2026-08-16 12:20:19,900] Trial 99 finished with value: 0.08575512389578538 and parameters: {'rho_e': 0.04871965141021672, 'rho_d': 3.330825453140193e-05, 'nu': 7, 'sigma': 0.7954371049397843}. Best is trial 77 with value: 0.06933472950047076.
[I 2026-08-16 12:20:52,461] Trial 100 finished with value: 0.07317142985248012 and parameters: {'rho_e': 0.8673882588838365, 'rho_d': 331.02181095801177, 'nu': 6, 'sigma': 0.36014647363941443}. Best is trial 77 with value: 0.06933472950047076.
[I 2026-08-16 12:21:23,219] Trial 101 finished with value: 0.06675210113645706 and parameters: {'rho_e': 0.22037810587172452, 'rho_d': 0.0005589652683791446, 'nu': 2, 'sigma': 0.49745075279427986}. Best is trial 101 with value: 0.06675210113645706.
[I 2026-08-16 12:21:54,043] Trial 102 finished with value: 0.06702222227068592 and parameters: {'rho_e': 0.12708867175003777, 'rho_d': 0.00035175279112788753, 'nu': 2, 'sigma': 0.383651812456953}. Best is trial 101 with value: 0.06675210113645706.
[I 2026-08-16 12:22:24,844] Trial 103 finished with value: 0.06698314765408189 and parameters: {'rho_e': 0.18371793163709998, 'rho_d': 0.0004106805704742098, 'nu': 2, 'sigma': 0.45565029616555813}. Best is trial 101 with value: 0.06675210113645706.
[I 2026-08-16 12:22:55,676] Trial 104 finished with value: 0.06764416984488138 and parameters: {'rho_e': 0.17392959369706662, 'rho_d': 0.0009398535717495887, 'nu': 2, 'sigma': 0.406400719347006}. Best is trial 101 with value: 0.06675210113645706.
[I 2026-08-16 12:23:26,515] Trial 105 finished with value: 0.0689930167048746 and parameters: {'rho_e': 0.16639944458323574, 'rho_d': 0.00033251663901356134, 'nu': 11, 'sigma': 0.49020831962187245}. Best is trial 101 with value: 0.06675210113645706.
[I 2026-08-16 12:23:57,410] Trial 106 finished with value: 0.0696110894375668 and parameters: {'rho_e': 0.37413688564910275, 'rho_d': 0.000602326813749978, 'nu': 2, 'sigma': 0.5941457803360493}. Best is trial 101 with value: 0.06675210113645706.
[I 2026-08-16 12:24:28,218] Trial 107 finished with value: 0.06768099327751892 and parameters: {'rho_e': 0.05383662434358179, 'rho_d': 2.9134756795845243e-05, 'nu': 2, 'sigma': 0.17580219775698963}. Best is trial 101 with value: 0.06675210113645706.
[I 2026-08-16 12:24:59,107] Trial 108 finished with value: 0.06721375197944443 and parameters: {'rho_e': 0.10580570483518438, 'rho_d': 4.273643146863161e-05, 'nu': 2, 'sigma': 0.31563854975148314}. Best is trial 101 with value: 0.06675210113645706.
[I 2026-08-16 12:25:29,946] Trial 109 finished with value: 0.06695741348710733 and parameters: {'rho_e': 0.06438065644447369, 'rho_d': 0.00012107271307535852, 'nu': 2, 'sigma': 0.25787602094936857}. Best is trial 101 with value: 0.06675210113645706.
[I 2026-08-16 12:26:00,817] Trial 110 finished with value: 0.06950189790678103 and parameters: {'rho_e': 0.09571382985578385, 'rho_d': 9.254549293839426e-05, 'nu': 2, 'sigma': 0.21965873675018524}. Best is trial 101 with value: 0.06675210113645706.
[I 2026-08-16 12:26:31,670] Trial 111 finished with value: 0.06685974721501894 and parameters: {'rho_e': 0.044493579749152606, 'rho_d': 3.7604416743907464e-05, 'nu': 2, 'sigma': 0.2959825780810414}. Best is trial 101 with value: 0.06675210113645706.
[I 2026-08-16 12:27:02,503] Trial 112 finished with value: 0.06631048082750718 and parameters: {'rho_e': 0.07243131978898712, 'rho_d': 0.00010734614732130228, 'nu': 2, 'sigma': 0.35690356955242114}. Best is trial 112 with value: 0.06631048082750718.
[I 2026-08-16 12:27:33,346] Trial 113 finished with value: 0.07527983542384672 and parameters: {'rho_e': 0.016404242441056295, 'rho_d': 1e-05, 'nu': 2, 'sigma': 0.06194649732404419}. Best is trial 112 with value: 0.06631048082750718.
[I 2026-08-16 12:28:04,098] Trial 114 finished with value: 0.06603436374361843 and parameters: {'rho_e': 0.06263350731743213, 'rho_d': 8.399486581038715e-05, 'nu': 2, 'sigma': 0.330991621081256}. Best is trial 114 with value: 0.06603436374361843.
[I 2026-08-16 12:28:34,891] Trial 115 finished with value: 0.08640503978296232 and parameters: {'rho_e': 1e-05, 'rho_d': 1e-05, 'nu': 36, 'sigma': 0.0}. Best is trial 114 with value: 0.06603436374361843.
[I 2026-08-16 12:29:05,600] Trial 116 finished with value: 0.06911171075281544 and parameters: {'rho_e': 0.05885254446963438, 'rho_d': 1e-05, 'nu': 16, 'sigma': 0.2862253586899906}. Best is trial 114 with value: 0.06603436374361843.
[I 2026-08-16 12:29:36,420] Trial 117 finished with value: 0.06610164728980614 and parameters: {'rho_e': 0.06897858886754804, 'rho_d': 1e-05, 'nu': 2, 'sigma': 0.2944865139939407}. Best is trial 114 with value: 0.06603436374361843.
[I 2026-08-16 12:30:07,231] Trial 118 finished with value: 0.06578968721779713 and parameters: {'rho_e': 0.08542284334712393, 'rho_d': 1e-05, 'nu': 2, 'sigma': 0.36662806953823696}. Best is trial 118 with value: 0.06578968721779713.
[I 2026-08-16 12:30:38,041] Trial 119 finished with value: 0.0664797391576241 and parameters: {'rho_e': 0.07564049978826681, 'rho_d': 1.6752211439997626e-05, 'nu': 2, 'sigma': 0.363365203353799}. Best is trial 118 with value: 0.06578968721779713.
[I 2026-08-16 12:31:08,881] Trial 120 finished with value: 0.06633539592675218 and parameters: {'rho_e': 0.11747533533973455, 'rho_d': 1e-05, 'nu': 2, 'sigma': 0.36248143952743417}. Best is trial 118 with value: 0.06578968721779713.
[I 2026-08-16 12:31:39,738] Trial 121 finished with value: 0.07146548672427491 and parameters: {'rho_e': 0.11103578638211793, 'rho_d': 1e-05, 'nu': 36, 'sigma': 0.6145799039810435}. Best is trial 118 with value: 0.06578968721779713.
[I 2026-08-16 12:32:10,648] Trial 122 finished with value: 0.09245350467934413 and parameters: {'rho_e': 1000.0, 'rho_d': 1000.0, 'nu': 2, 'sigma': 1.0}. Best is trial 118 with value: 0.06578968721779713.
[I 2026-08-16 12:32:41,529] Trial 123 finished with value: 0.07378607016233044 and parameters: {'rho_e': 0.25773022970055215, 'rho_d': 1e-05, 'nu': 36, 'sigma': 1.0}. Best is trial 118 with value: 0.06578968721779713.
[I 2026-08-16 12:33:12,407] Trial 124 finished with value: 0.07078451034453301 and parameters: {'rho_e': 0.5715826318293569, 'rho_d': 160.12005219462003, 'nu': 36, 'sigma': 0.41195310787898204}. Best is trial 118 with value: 0.06578968721779713.
[I 2026-08-16 12:33:43,256] Trial 125 finished with value: 0.09385282431060452 and parameters: {'rho_e': 1e-05, 'rho_d': 1000.0, 'nu': 36, 'sigma': 0.0}. Best is trial 118 with value: 0.06578968721779713.
[I 2026-08-16 12:34:14,058] Trial 126 finished with value: 0.0669166025638405 and parameters: {'rho_e': 0.05100240624749524, 'rho_d': 0.00034632426803858825, 'nu': 2, 'sigma': 0.3398677225814921}. Best is trial 118 with value: 0.06578968721779713.
[I 2026-08-16 12:34:44,882] Trial 127 finished with value: 0.06622020887223588 and parameters: {'rho_e': 0.08173105866436994, 'rho_d': 1e-05, 'nu': 2, 'sigma': 0.31727382842885743}. Best is trial 118 with value: 0.06578968721779713.
[I 2026-08-16 12:35:15,760] Trial 128 finished with value: 0.0666801625584484 and parameters: {'rho_e': 0.13375134934137056, 'rho_d': 1e-05, 'nu': 2, 'sigma': 0.4572796939331931}. Best is trial 118 with value: 0.06578968721779713.
[I 2026-08-16 12:35:46,541] Trial 129 finished with value: 0.06579413107620088 and parameters: {'rho_e': 0.08319189644277242, 'rho_d': 1e-05, 'nu': 2, 'sigma': 0.37903800632558343}. Best is trial 118 with value: 0.06578968721779713.
[I 2026-08-16 12:36:17,354] Trial 130 finished with value: 0.06787075275264166 and parameters: {'rho_e': 0.09526323887712268, 'rho_d': 1e-05, 'nu': 8, 'sigma': 0.4099001810490956}. Best is trial 118 with value: 0.06578968721779713.
[I 2026-08-16 12:36:48,197] Trial 131 finished with value: 0.07171286468052089 and parameters: {'rho_e': 0.7706606640362132, 'rho_d': 63.105839856371944, 'nu': 19, 'sigma': 0.40895180028739625}. Best is trial 118 with value: 0.06578968721779713.
[I 2026-08-16 12:37:19,015] Trial 132 finished with value: 0.07607904052118408 and parameters: {'rho_e': 0.7755231361701855, 'rho_d': 1000.0, 'nu': 36, 'sigma': 0.20178801889248077}. Best is trial 118 with value: 0.06578968721779713.
[I 2026-08-16 12:37:49,809] Trial 133 finished with value: 0.08787321669944523 and parameters: {'rho_e': 1e-05, 'rho_d': 0.00398018627674887, 'nu': 2, 'sigma': 0.0}. Best is trial 118 with value: 0.06578968721779713.
[I 2026-08-16 12:38:20,608] Trial 134 finished with value: 0.07542204051394703 and parameters: {'rho_e': 0.03308249921179401, 'rho_d': 1e-05, 'nu': 36, 'sigma': 0.0}. Best is trial 118 with value: 0.06578968721779713.
[I 2026-08-16 12:38:51,333] Trial 135 finished with value: 0.08076547782586616 and parameters: {'rho_e': 0.6772493068118544, 'rho_d': 1000.0, 'nu': 36, 'sigma': 1.0}. Best is trial 118 with value: 0.06578968721779713.
[I 2026-08-16 12:39:22,098] Trial 136 finished with value: 0.08640428099409861 and parameters: {'rho_e': 0.00028741961498265233, 'rho_d': 1e-05, 'nu': 36, 'sigma': 0.0}. Best is trial 118 with value: 0.06578968721779713.
[I 2026-08-16 12:39:53,010] Trial 137 finished with value: 0.07151313118831648 and parameters: {'rho_e': 0.06467786354307538, 'rho_d': 0.00010774032020916659, 'nu': 36, 'sigma': 0.37218494208799796}. Best is trial 118 with value: 0.06578968721779713.
[I 2026-08-16 12:40:23,803] Trial 138 finished with value: 0.0663687992305169 and parameters: {'rho_e': 0.07172993548962535, 'rho_d': 1e-05, 'nu': 2, 'sigma': 0.3532481999372131}. Best is trial 118 with value: 0.06578968721779713.
[I 2026-08-16 12:40:54,620] Trial 139 finished with value: 0.07147536477593097 and parameters: {'rho_e': 0.03600098721724205, 'rho_d': 1e-05, 'nu': 36, 'sigma': 0.337439842183628}. Best is trial 118 with value: 0.06578968721779713.
[I 2026-08-16 12:41:25,388] Trial 140 finished with value: 0.07109824671114073 and parameters: {'rho_e': 0.10571383797848638, 'rho_d': 0.00043793827395009017, 'nu': 36, 'sigma': 0.7488766021392091}. Best is trial 118 with value: 0.06578968721779713.
[I 2026-08-16 12:41:56,184] Trial 141 finished with value: 0.06619799967966315 and parameters: {'rho_e': 0.1158572989354156, 'rho_d': 8.410797625700898e-05, 'nu': 2, 'sigma': 0.45222258295399065}. Best is trial 118 with value: 0.06578968721779713.
[I 2026-08-16 12:42:26,971] Trial 142 finished with value: 0.09384905427033473 and parameters: {'rho_e': 0.0019553171380333493, 'rho_d': 1000.0, 'nu': 2, 'sigma': 0.0}. Best is trial 118 with value: 0.06578968721779713.
[I 2026-08-16 12:42:57,787] Trial 143 finished with value: 0.07192685740786521 and parameters: {'rho_e': 0.1419605413625002, 'rho_d': 0.00105424188563679, 'nu': 36, 'sigma': 1.0}. Best is trial 118 with value: 0.06578968721779713.
[I 2026-08-16 12:43:28,610] Trial 144 finished with value: 0.09682480893619941 and parameters: {'rho_e': 1e-05, 'rho_d': 1000.0, 'nu': 36, 'sigma': 0.9999999999999999}. Best is trial 118 with value: 0.06578968721779713.
[I 2026-08-16 12:43:59,418] Trial 145 finished with value: 0.06662551721620684 and parameters: {'rho_e': 0.18672330042788343, 'rho_d': 6.471239200855832e-05, 'nu': 2, 'sigma': 0.4825076777868953}. Best is trial 118 with value: 0.06578968721779713.
[I 2026-08-16 12:44:30,242] Trial 146 finished with value: 0.09379111750821419 and parameters: {'rho_e': 71.70967823253024, 'rho_d': 1e-05, 'nu': 36, 'sigma': 1.0}. Best is trial 118 with value: 0.06578968721779713.
[I 2026-08-16 12:45:01,104] Trial 147 finished with value: 0.06593226131564495 and parameters: {'rho_e': 0.0990242288403229, 'rho_d': 1e-05, 'nu': 2, 'sigma': 0.37244189704936026}. Best is trial 118 with value: 0.06578968721779713.
[I 2026-08-16 12:45:32,278] Trial 148 finished with value: 0.06793530525118668 and parameters: {'rho_e': 0.03242235601978315, 'rho_d': 0.0002016407822584264, 'nu': 2, 'sigma': 0.2137093349119046}. Best is trial 118 with value: 0.06578968721779713.
[I 2026-08-16 12:46:03,115] Trial 149 finished with value: 0.07831023940949804 and parameters: {'rho_e': 0.40166512242803243, 'rho_d': 1000.0, 'nu': 36, 'sigma': 0.6159843236434867}. Best is trial 118 with value: 0.06578968721779713.
[I 2026-08-16 12:46:33,954] Trial 150 finished with value: 0.0668345313750324 and parameters: {'rho_e': 0.11089384165127834, 'rho_d': 0.0002379705498889873, 'nu': 2, 'sigma': 0.4649255513316052}. Best is trial 118 with value: 0.06578968721779713.
[I 2026-08-16 12:47:04,770] Trial 151 finished with value: 0.06590752353050201 and parameters: {'rho_e': 0.09840922644846771, 'rho_d': 1e-05, 'nu': 2, 'sigma': 0.379119455873034}. Best is trial 118 with value: 0.06578968721779713.
[I 2026-08-16 12:47:35,648] Trial 152 finished with value: 0.08667028246780809 and parameters: {'rho_e': 0.9042459266086259, 'rho_d': 1e-05, 'nu': 2, 'sigma': 1.0}. Best is trial 118 with value: 0.06578968721779713.
[I 2026-08-16 12:48:06,484] Trial 153 finished with value: 0.0931499448745739 and parameters: {'rho_e': 1e-05, 'rho_d': 20.55695498831433, 'nu': 2, 'sigma': 0.0}. Best is trial 118 with value: 0.06578968721779713.
[I 2026-08-16 12:48:37,227] Trial 154 finished with value: 0.06574336156022922 and parameters: {'rho_e': 0.09750066951894933, 'rho_d': 1e-05, 'nu': 2, 'sigma': 0.3851895677883651}. Best is trial 154 with value: 0.06574336156022922.
[I 2026-08-16 12:49:08,045] Trial 155 finished with value: 0.0729733920725375 and parameters: {'rho_e': 4.352395478352775, 'rho_d': 1000.0, 'nu': 2, 'sigma': 0.4403538943698731}. Best is trial 154 with value: 0.06574336156022922.
[I 2026-08-16 12:49:38,893] Trial 156 finished with value: 0.08121020728446662 and parameters: {'rho_e': 0.33648422610427164, 'rho_d': 4.725352983542932, 'nu': 36, 'sigma': 1.0}. Best is trial 154 with value: 0.06574336156022922.
[I 2026-08-16 12:50:09,812] Trial 157 finished with value: 0.06567911820429802 and parameters: {'rho_e': 0.09548860776810836, 'rho_d': 1e-05, 'nu': 2, 'sigma': 0.3969262398516029}. Best is trial 157 with value: 0.06567911820429802.
[I 2026-08-16 12:50:40,714] Trial 158 finished with value: 0.08640503978296232 and parameters: {'rho_e': 1e-05, 'rho_d': 1e-05, 'nu': 2, 'sigma': 0.0}. Best is trial 157 with value: 0.06567911820429802.
[I 2026-08-16 12:51:11,594] Trial 159 finished with value: 0.07336479081997531 and parameters: {'rho_e': 1.8294397057009926, 'rho_d': 61.45958831408454, 'nu': 2, 'sigma': 0.45448933504203487}. Best is trial 157 with value: 0.06567911820429802.
[I 2026-08-16 12:51:42,486] Trial 160 finished with value: 0.08795027974754233 and parameters: {'rho_e': 9.37305782451013, 'rho_d': 1000.0, 'nu': 2, 'sigma': 1.0}. Best is trial 157 with value: 0.06567911820429802.
[I 2026-08-16 12:52:13,370] Trial 161 finished with value: 0.06628012508787041 and parameters: {'rho_e': 0.09134412913003521, 'rho_d': 1e-05, 'nu': 2, 'sigma': 0.41046904723724187}. Best is trial 157 with value: 0.06567911820429802.
[I 2026-08-16 12:52:44,277] Trial 162 finished with value: 0.07073535695372121 and parameters: {'rho_e': 2.213497403118969, 'rho_d': 1000.0, 'nu': 2, 'sigma': 0.19925451452998277}. Best is trial 157 with value: 0.06567911820429802.
[I 2026-08-16 12:53:15,179] Trial 163 finished with value: 0.06942709195393562 and parameters: {'rho_e': 0.041930889870971315, 'rho_d': 0.00016245121174412146, 'nu': 13, 'sigma': 0.2791001791454673}. Best is trial 157 with value: 0.06567911820429802.
[I 2026-08-16 12:53:46,005] Trial 164 finished with value: 0.07720445492471158 and parameters: {'rho_e': 0.12379086991858719, 'rho_d': 1e-05, 'nu': 36, 'sigma': 0.2883962415243572}. Best is trial 157 with value: 0.06567911820429802.
[I 2026-08-16 12:54:16,833] Trial 165 finished with value: 0.11546919839238748 and parameters: {'rho_e': 1000.0, 'rho_d': 1e-05, 'nu': 2, 'sigma': 0.0}. Best is trial 157 with value: 0.06567911820429802.
[I 2026-08-16 12:54:47,663] Trial 166 finished with value: 0.09413794445684903 and parameters: {'rho_e': 0.00012471547281160428, 'rho_d': 0.04638685548049423, 'nu': 2, 'sigma': 0.0}. Best is trial 157 with value: 0.06567911820429802.
[I 2026-08-16 12:55:18,594] Trial 167 finished with value: 0.06612379333191717 and parameters: {'rho_e': 0.06752831266017886, 'rho_d': 0.0015652337454322436, 'nu': 2, 'sigma': 0.30137374541170414}. Best is trial 157 with value: 0.06567911820429802.
[I 2026-08-16 12:55:49,412] Trial 168 finished with value: 0.06636671088017138 and parameters: {'rho_e': 0.059245419098111096, 'rho_d': 0.0009000374663472678, 'nu': 2, 'sigma': 0.2572056706179467}. Best is trial 157 with value: 0.06567911820429802.
[I 2026-08-16 12:56:20,251] Trial 169 finished with value: 0.06651554005610073 and parameters: {'rho_e': 0.08614704513841748, 'rho_d': 0.00376870276942814, 'nu': 2, 'sigma': 0.29116702326811755}. Best is trial 157 with value: 0.06567911820429802.
[I 2026-08-16 12:56:51,068] Trial 170 finished with value: 0.06609285454311892 and parameters: {'rho_e': 0.08090348909786901, 'rho_d': 0.0015731803569609638, 'nu': 2, 'sigma': 0.34358120774344764}. Best is trial 157 with value: 0.06567911820429802.
[I 2026-08-16 12:57:21,916] Trial 171 finished with value: 0.07113831980711713 and parameters: {'rho_e': 0.066134894440142, 'rho_d': 0.003205824760321055, 'nu': 36, 'sigma': 0.4451615398473196}. Best is trial 157 with value: 0.06567911820429802.
[I 2026-08-16 12:57:52,742] Trial 172 finished with value: 0.07156069603938761 and parameters: {'rho_e': 2.1628907458722857, 'rho_d': 1000.0, 'nu': 36, 'sigma': 0.4530951407233455}. Best is trial 157 with value: 0.06567911820429802.
[I 2026-08-16 12:58:23,606] Trial 173 finished with value: 0.06977683776873134 and parameters: {'rho_e': 1.9811879342441736, 'rho_d': 382.24453026969445, 'nu': 18, 'sigma': 0.3274862037983151}. Best is trial 157 with value: 0.06567911820429802.
[I 2026-08-16 12:58:54,366] Trial 174 finished with value: 0.06539551331347751 and parameters: {'rho_e': 0.05953377780127005, 'rho_d': 0.002525512952224697, 'nu': 2, 'sigma': 0.3101046054212577}. Best is trial 174 with value: 0.06539551331347751.
[I 2026-08-16 12:59:25,158] Trial 175 finished with value: 0.06603570397595845 and parameters: {'rho_e': 0.054914584010523605, 'rho_d': 0.0027608932349262104, 'nu': 2, 'sigma': 0.3090882309193324}. Best is trial 174 with value: 0.06539551331347751.
[I 2026-08-16 12:59:55,984] Trial 176 finished with value: 0.06572902533257943 and parameters: {'rho_e': 0.07109659623943192, 'rho_d': 0.003278819927126225, 'nu': 2, 'sigma': 0.3503413613405433}. Best is trial 174 with value: 0.06539551331347751.
[I 2026-08-16 13:00:26,790] Trial 177 finished with value: 0.06575761825168347 and parameters: {'rho_e': 0.0632915462479571, 'rho_d': 0.002106456953338757, 'nu': 2, 'sigma': 0.3431953312311392}. Best is trial 174 with value: 0.06539551331347751.
[I 2026-08-16 13:00:57,624] Trial 178 finished with value: 0.0660905191057726 and parameters: {'rho_e': 0.070105307821874, 'rho_d': 0.004782776766284197, 'nu': 2, 'sigma': 0.33425732503631145}. Best is trial 174 with value: 0.06539551331347751.
[I 2026-08-16 13:01:28,436] Trial 179 finished with value: 0.07511152924813208 and parameters: {'rho_e': 0.3657681376951398, 'rho_d': 0.014566360973013405, 'nu': 36, 'sigma': 1.0}. Best is trial 174 with value: 0.06539551331347751.
