[I 2026-08-16 13:42:39,737] Trial 88 finished with value: 0.1083584573334321 and parameters: {'rho_e': 808.8435333665526, 'rho_d': 771.2850774129435, 'nu': 31, 'sigma': 0.254807051353894}. Best is trial 63 with value: 0.07757103127015104.
[I 2026-08-16 13:43:09,352] Trial 89 finished with value: 0.09633032364015909 and parameters: {'rho_e': 633.0253791527543, 'rho_d': 45.455452579488366, 'nu': 20, 'sigma': 0.7096389148598082}. Best is trial 63 with value: 0.07757103127015104.
[I 2026-08-16 13:43:38,974] Trial 90 finished with value: 0.08498275184399473 and parameters: {'rho_e': 1.0011331744014998e-05, 'rho_d': 0.053244906784150864, 'nu': 25, 'sigma': 0.1049856052027563}. Best is trial 63 with value: 0.07757103127015104.
[I 2026-08-16 13:44:08,933] Trial 91 finished with value: 0.08462306861175392 and parameters: {'rho_e': 0.00385361040567208, 'rho_d': 0.027705098919118584, 'nu': 11, 'sigma': 0.20991862069726686}. Best is trial 63 with value: 0.07757103127015104.
[I 2026-08-16 13:44:38,787] Trial 92 finished with value: 0.1019743400394747 and parameters: {'rho_e': 0.005714501227560669, 'rho_d': 116.00960750092175, 'nu': 18, 'sigma': 0.7255281995740358}. Best is trial 63 with value: 0.07757103127015104.
[I 2026-08-16 13:45:08,307] Trial 93 finished with value: 0.09526363866263442 and parameters: {'rho_e': 5.980189857056641, 'rho_d': 0.0002131882014836295, 'nu': 28, 'sigma': 0.7637138866173282}. Best is trial 63 with value: 0.07757103127015104.
[I 2026-08-16 13:45:37,835] Trial 94 finished with value: 0.09446738601636923 and parameters: {'rho_e': 5.5018371884489925, 'rho_d': 0.00982057041012593, 'nu': 8, 'sigma': 0.39470813686024214}. Best is trial 63 with value: 0.07757103127015104.
[I 2026-08-16 13:46:07,664] Trial 95 finished with value: 0.080034924250495 and parameters: {'rho_e': 0.17280824537937622, 'rho_d': 37.68187082725423, 'nu': 35, 'sigma': 0.2984114598896659}. Best is trial 63 with value: 0.07757103127015104.
[I 2026-08-16 13:46:37,641] Trial 96 finished with value: 0.09125977257736889 and parameters: {'rho_e': 0.033897016078091556, 'rho_d': 164.3378023697618, 'nu': 6, 'sigma': 0.07350512557460892}. Best is trial 63 with value: 0.07757103127015104.
[I 2026-08-16 13:47:07,444] Trial 97 finished with value: 0.09435468068642665 and parameters: {'rho_e': 0.0021604944113239777, 'rho_d': 3.2413808908015533, 'nu': 20, 'sigma': 0.6607180513440737}. Best is trial 63 with value: 0.07757103127015104.
[I 2026-08-16 13:47:36,991] Trial 98 finished with value: 0.08914282474087407 and parameters: {'rho_e': 570.5570546933972, 'rho_d': 10.349660264682885, 'nu': 6, 'sigma': 0.8304150895769256}. Best is trial 63 with value: 0.07757103127015104.
[I 2026-08-16 13:48:06,594] Trial 99 finished with value: 0.08311444118991831 and parameters: {'rho_e': 0.00015533838611531524, 'rho_d': 0.0029907788869589056, 'nu': 30, 'sigma': 0.38017329613222484}. Best is trial 63 with value: 0.07757103127015104.
[I 2026-08-16 13:48:38,600] Trial 100 finished with value: 0.0828065722765429 and parameters: {'rho_e': 1.2503896904820955, 'rho_d': 999.999999999998, 'nu': 12, 'sigma': 0.3442676510543724}. Best is trial 63 with value: 0.07757103127015104.
[I 2026-08-16 13:49:08,794] Trial 101 finished with value: 0.07402010284040632 and parameters: {'rho_e': 0.07713708755312539, 'rho_d': 0.0006170739089756251, 'nu': 2, 'sigma': 0.5066841566051913}. Best is trial 101 with value: 0.07402010284040632.
[I 2026-08-16 13:49:38,747] Trial 102 finished with value: 0.07240032732872649 and parameters: {'rho_e': 0.046498861811252463, 'rho_d': 7.405500883507819e-05, 'nu': 2, 'sigma': 0.4329136935453504}. Best is trial 102 with value: 0.07240032732872649.
[I 2026-08-16 13:50:08,464] Trial 103 finished with value: 0.07480690895401748 and parameters: {'rho_e': 0.023572278083162097, 'rho_d': 1e-05, 'nu': 2, 'sigma': 0.24210078891739226}. Best is trial 102 with value: 0.07240032732872649.
[I 2026-08-16 13:50:37,845] Trial 104 finished with value: 0.0824282798418362 and parameters: {'rho_e': 1e-05, 'rho_d': 1e-05, 'nu': 36, 'sigma': 0.0}. Best is trial 102 with value: 0.07240032732872649.
[I 2026-08-16 13:51:07,698] Trial 105 finished with value: 0.07279411677853281 and parameters: {'rho_e': 0.046484857673073615, 'rho_d': 1e-05, 'nu': 2, 'sigma': 0.48421295082800303}. Best is trial 102 with value: 0.07240032732872649.
[I 2026-08-16 13:51:37,764] Trial 106 finished with value: 0.07294547230647394 and parameters: {'rho_e': 0.04225551384531111, 'rho_d': 5.1860490396979896e-05, 'nu': 2, 'sigma': 0.43702924713098423}. Best is trial 102 with value: 0.07240032732872649.
[I 2026-08-16 13:52:07,809] Trial 107 finished with value: 0.07342184680106711 and parameters: {'rho_e': 0.05744755281572141, 'rho_d': 2.440292571444488e-05, 'nu': 2, 'sigma': 0.42739974983461426}. Best is trial 102 with value: 0.07240032732872649.
[I 2026-08-16 13:52:37,580] Trial 108 finished with value: 0.07948440701798609 and parameters: {'rho_e': 1.6893913705539576, 'rho_d': 999.999999999998, 'nu': 36, 'sigma': 0.38065488885704046}. Best is trial 102 with value: 0.07240032732872649.
[I 2026-08-16 13:53:07,271] Trial 109 finished with value: 0.0824282798418362 and parameters: {'rho_e': 1e-05, 'rho_d': 1e-05, 'nu': 2, 'sigma': 0.0}. Best is trial 102 with value: 0.07240032732872649.
[I 2026-08-16 13:53:37,017] Trial 110 finished with value: 0.07389507876520739 and parameters: {'rho_e': 0.032662137269070746, 'rho_d': 5.4130999805586674e-05, 'nu': 2, 'sigma': 0.4532751341834596}. Best is trial 102 with value: 0.07240032732872649.
[I 2026-08-16 13:54:07,163] Trial 111 finished with value: 0.08171034281698802 and parameters: {'rho_e': 0.004556777191252921, 'rho_d': 1e-05, 'nu': 36, 'sigma': 0.0}. Best is trial 102 with value: 0.07240032732872649.
[I 2026-08-16 13:54:37,234] Trial 112 finished with value: 0.07293029694709566 and parameters: {'rho_e': 0.0570717955123483, 'rho_d': 1e-05, 'nu': 2, 'sigma': 0.538149925454359}. Best is trial 102 with value: 0.07240032732872649.
[I 2026-08-16 13:55:06,921] Trial 113 finished with value: 0.08242813122329931 and parameters: {'rho_e': 0.00014714185460455321, 'rho_d': 1e-05, 'nu': 36, 'sigma': 0.0}. Best is trial 102 with value: 0.07240032732872649.
[I 2026-08-16 13:55:36,571] Trial 114 finished with value: 0.07369103092959547 and parameters: {'rho_e': 0.06546099384826369, 'rho_d': 5.0106316476920785e-05, 'nu': 2, 'sigma': 0.5160995366687035}. Best is trial 102 with value: 0.07240032732872649.
[I 2026-08-16 13:56:06,400] Trial 115 finished with value: 0.07262857654013466 and parameters: {'rho_e': 0.046915704675102254, 'rho_d': 1e-05, 'nu': 2, 'sigma': 0.4035556100910181}. Best is trial 102 with value: 0.07240032732872649.
[I 2026-08-16 13:56:36,608] Trial 116 finished with value: 0.07347725598487118 and parameters: {'rho_e': 0.039261292668684854, 'rho_d': 1e-05, 'nu': 2, 'sigma': 0.4399633956220063}. Best is trial 102 with value: 0.07240032732872649.
[I 2026-08-16 13:57:06,650] Trial 117 finished with value: 0.08130073706316224 and parameters: {'rho_e': 0.0061586438919299874, 'rho_d': 1e-05, 'nu': 2, 'sigma': 0.0}. Best is trial 102 with value: 0.07240032732872649.
[I 2026-08-16 13:57:36,425] Trial 118 finished with value: 0.07362016864620691 and parameters: {'rho_e': 0.05103776645400655, 'rho_d': 4.003360775103919e-05, 'nu': 2, 'sigma': 0.35819051166741295}. Best is trial 102 with value: 0.07240032732872649.
[I 2026-08-16 13:58:06,143] Trial 119 finished with value: 0.07938284865169917 and parameters: {'rho_e': 0.03228067837601005, 'rho_d': 0.0004252190025329635, 'nu': 36, 'sigma': 0.16076488457000265}. Best is trial 102 with value: 0.07240032732872649.
[I 2026-08-16 13:58:35,889] Trial 120 finished with value: 0.0731299758004006 and parameters: {'rho_e': 0.10050761228162776, 'rho_d': 0.018320684240157654, 'nu': 2, 'sigma': 0.5326395827201904}. Best is trial 102 with value: 0.07240032732872649.
[I 2026-08-16 13:59:06,001] Trial 121 finished with value: 0.0749421328446934 and parameters: {'rho_e': 0.060696369490129756, 'rho_d': 0.005328240807646436, 'nu': 2, 'sigma': 0.44496284986942214}. Best is trial 102 with value: 0.07240032732872649.
[I 2026-08-16 13:59:36,009] Trial 122 finished with value: 0.07516557772169204 and parameters: {'rho_e': 0.11659975209367919, 'rho_d': 0.009251545219699625, 'nu': 2, 'sigma': 0.6441701367217014}. Best is trial 102 with value: 0.07240032732872649.
[I 2026-08-16 14:00:05,698] Trial 123 finished with value: 0.07325921713520908 and parameters: {'rho_e': 0.0547256335450954, 'rho_d': 1e-05, 'nu': 2, 'sigma': 0.4159706006650274}. Best is trial 102 with value: 0.07240032732872649.
[I 2026-08-16 14:00:35,420] Trial 124 finished with value: 0.08242573327491667 and parameters: {'rho_e': 7.663817354216567e-05, 'rho_d': 0.0003772090487618635, 'nu': 2, 'sigma': 0.0}. Best is trial 102 with value: 0.07240032732872649.
[I 2026-08-16 14:01:05,255] Trial 125 finished with value: 0.08077212868000491 and parameters: {'rho_e': 0.49478134638915156, 'rho_d': 1e-05, 'nu': 2, 'sigma': 1.0}. Best is trial 102 with value: 0.07240032732872649.
[I 2026-08-16 14:01:35,412] Trial 126 finished with value: 0.07299898587543178 and parameters: {'rho_e': 0.13512104120238846, 'rho_d': 0.11270097841780381, 'nu': 2, 'sigma': 0.4684762823092954}. Best is trial 102 with value: 0.07240032732872649.
[I 2026-08-16 14:02:05,395] Trial 127 finished with value: 0.07161066020160262 and parameters: {'rho_e': 0.13179474726209534, 'rho_d': 0.024929537143023806, 'nu': 2, 'sigma': 0.46237540415597295}. Best is trial 127 with value: 0.07161066020160262.
[I 2026-08-16 14:02:35,206] Trial 128 finished with value: 0.07449446883851751 and parameters: {'rho_e': 0.13812026967782304, 'rho_d': 0.016413541777130183, 'nu': 2, 'sigma': 0.4452805468783017}. Best is trial 127 with value: 0.07161066020160262.
[I 2026-08-16 14:03:04,909] Trial 129 finished with value: 0.0868573495075037 and parameters: {'rho_e': 1e-05, 'rho_d': 1e-05, 'nu': 36, 'sigma': 1.0}. Best is trial 127 with value: 0.07161066020160262.
[I 2026-08-16 14:03:34,670] Trial 130 finished with value: 0.07488904449483368 and parameters: {'rho_e': 0.16238306724423032, 'rho_d': 0.3567735958502622, 'nu': 2, 'sigma': 0.5179577256616423}. Best is trial 127 with value: 0.07161066020160262.
[I 2026-08-16 14:04:04,790] Trial 131 finished with value: 0.08709949984761431 and parameters: {'rho_e': 1000.0, 'rho_d': 1e-05, 'nu': 2, 'sigma': 0.9999999999999999}. Best is trial 127 with value: 0.07161066020160262.
[I 2026-08-16 14:04:34,898] Trial 132 finished with value: 0.08961293117332864 and parameters: {'rho_e': 1e-05, 'rho_d': 1e-05, 'nu': 2, 'sigma': 1.0}. Best is trial 127 with value: 0.07161066020160262.
[I 2026-08-16 14:05:04,613] Trial 133 finished with value: 0.07992934904132928 and parameters: {'rho_e': 0.04063310711825243, 'rho_d': 1e-05, 'nu': 2, 'sigma': 1.0}. Best is trial 127 with value: 0.07161066020160262.
[I 2026-08-16 14:05:34,217] Trial 134 finished with value: 0.08676419193282062 and parameters: {'rho_e': 16.523066170288782, 'rho_d': 1e-05, 'nu': 2, 'sigma': 1.0}. Best is trial 127 with value: 0.07161066020160262.
[I 2026-08-16 14:06:03,971] Trial 135 finished with value: 0.10503833253915412 and parameters: {'rho_e': 206.45753133269562, 'rho_d': 1000.0, 'nu': 2, 'sigma': 1.0}. Best is trial 127 with value: 0.07161066020160262.
[I 2026-08-16 14:06:33,963] Trial 136 finished with value: 0.0808072452184111 and parameters: {'rho_e': 0.0352736744386033, 'rho_d': 1e-05, 'nu': 36, 'sigma': 0.0}. Best is trial 127 with value: 0.07161066020160262.
[I 2026-08-16 14:07:04,044] Trial 137 finished with value: 0.08209199241055593 and parameters: {'rho_e': 0.5809086267141712, 'rho_d': 1000.0, 'nu': 36, 'sigma': 0.0}. Best is trial 127 with value: 0.07161066020160262.
[I 2026-08-16 14:07:33,835] Trial 138 finished with value: 0.07148281403883633 and parameters: {'rho_e': 0.0938309984037788, 'rho_d': 0.10501648360813308, 'nu': 2, 'sigma': 0.40620858156632}. Best is trial 138 with value: 0.07148281403883633.
[I 2026-08-16 14:08:03,541] Trial 139 finished with value: 0.07144854330615244 and parameters: {'rho_e': 0.09207059399256615, 'rho_d': 0.10311906517827088, 'nu': 2, 'sigma': 0.4035389570884546}. Best is trial 139 with value: 0.07144854330615244.
[I 2026-08-16 14:08:33,415] Trial 140 finished with value: 0.07112620519786396 and parameters: {'rho_e': 0.09186773056468489, 'rho_d': 0.10436235634339781, 'nu': 2, 'sigma': 0.4014549667958723}. Best is trial 140 with value: 0.07112620519786396.
[I 2026-08-16 14:09:03,527] Trial 141 finished with value: 0.07194557293901283 and parameters: {'rho_e': 0.10249128252301223, 'rho_d': 0.19206286162171107, 'nu': 2, 'sigma': 0.34909242064300183}. Best is trial 140 with value: 0.07112620519786396.
[I 2026-08-16 14:09:33,564] Trial 142 finished with value: 0.07132043124168987 and parameters: {'rho_e': 0.08333198444058919, 'rho_d': 0.09825712823471738, 'nu': 2, 'sigma': 0.4179211133417176}. Best is trial 140 with value: 0.07112620519786396.
[I 2026-08-16 14:10:03,325] Trial 143 finished with value: 0.07127175160172487 and parameters: {'rho_e': 0.08356195659076078, 'rho_d': 0.09770581555084935, 'nu': 2, 'sigma': 0.4177477301541139}. Best is trial 140 with value: 0.07112620519786396.
[I 2026-08-16 14:10:32,938] Trial 144 finished with value: 0.0712265752595198 and parameters: {'rho_e': 0.08374826694665916, 'rho_d': 0.09729048533251207, 'nu': 2, 'sigma': 0.4177110547620343}. Best is trial 140 with value: 0.07112620519786396.
[I 2026-08-16 14:11:02,741] Trial 145 finished with value: 0.07121442766528017 and parameters: {'rho_e': 0.08389523809152001, 'rho_d': 0.09677379951144238, 'nu': 2, 'sigma': 0.41781249011028015}. Best is trial 140 with value: 0.07112620519786396.
[I 2026-08-16 14:11:32,863] Trial 146 finished with value: 0.07111054542746367 and parameters: {'rho_e': 0.08404010922525455, 'rho_d': 0.09639845339002842, 'nu': 2, 'sigma': 0.418011193317693}. Best is trial 146 with value: 0.07111054542746367.
[I 2026-08-16 14:12:02,949] Trial 147 finished with value: 0.07136796044834083 and parameters: {'rho_e': 0.0838553715489091, 'rho_d': 0.09885274172486466, 'nu': 2, 'sigma': 0.4267480373835035}. Best is trial 146 with value: 0.07111054542746367.
[I 2026-08-16 14:12:33,201] Trial 148 finished with value: 0.07113676688475362 and parameters: {'rho_e': 0.0844036466837546, 'rho_d': 0.0888114885834849, 'nu': 2, 'sigma': 0.3821609786300258}. Best is trial 146 with value: 0.07111054542746367.
[I 2026-08-16 14:13:02,947] Trial 149 finished with value: 0.07122238350281465 and parameters: {'rho_e': 0.08436044776777243, 'rho_d': 0.08683262907496389, 'nu': 2, 'sigma': 0.3827499049011902}. Best is trial 146 with value: 0.07111054542746367.
[I 2026-08-16 14:13:32,689] Trial 150 finished with value: 0.07121013793521794 and parameters: {'rho_e': 0.08443759723358442, 'rho_d': 0.08534290931390329, 'nu': 2, 'sigma': 0.38390130582087756}. Best is trial 146 with value: 0.07111054542746367.
[I 2026-08-16 14:14:02,761] Trial 151 finished with value: 0.07119166019143944 and parameters: {'rho_e': 0.08460160409470832, 'rho_d': 0.08354024282074063, 'nu': 2, 'sigma': 0.385298878578061}. Best is trial 146 with value: 0.07111054542746367.
[I 2026-08-16 14:14:32,787] Trial 152 finished with value: 0.07170206145371219 and parameters: {'rho_e': 0.08487561861251476, 'rho_d': 0.0815304881865385, 'nu': 2, 'sigma': 0.3870866618403819}. Best is trial 146 with value: 0.07111054542746367.
[I 2026-08-16 14:15:02,533] Trial 153 finished with value: 0.0711429902546201 and parameters: {'rho_e': 0.08418723879706243, 'rho_d': 0.10183409286884458, 'nu': 2, 'sigma': 0.4337017254828196}. Best is trial 146 with value: 0.07111054542746367.
[I 2026-08-16 14:15:32,242] Trial 154 finished with value: 0.07122571479517524 and parameters: {'rho_e': 0.08430077669941825, 'rho_d': 0.10125348559000502, 'nu': 2, 'sigma': 0.4335530268153222}. Best is trial 146 with value: 0.07111054542746367.
[I 2026-08-16 14:16:02,045] Trial 155 finished with value: 0.07128245935349328 and parameters: {'rho_e': 0.08463548051235047, 'rho_d': 0.09819462599720533, 'nu': 2, 'sigma': 0.4337824746793236}. Best is trial 146 with value: 0.07111054542746367.
[I 2026-08-16 14:16:32,179] Trial 156 finished with value: 0.07100806915496187 and parameters: {'rho_e': 0.0816586156301317, 'rho_d': 0.1425122868640403, 'nu': 2, 'sigma': 0.40399371884126284}. Best is trial 156 with value: 0.07100806915496187.
[I 2026-08-16 14:17:02,228] Trial 157 finished with value: 0.07106093869039753 and parameters: {'rho_e': 0.07986956524403178, 'rho_d': 0.18229560112323748, 'nu': 2, 'sigma': 0.39376232988262533}. Best is trial 156 with value: 0.07100806915496187.
[I 2026-08-16 14:17:31,985] Trial 158 finished with value: 0.07176603300317363 and parameters: {'rho_e': 0.08059769070781735, 'rho_d': 0.18676396574564105, 'nu': 2, 'sigma': 0.3952591805633833}. Best is trial 156 with value: 0.07100806915496187.
[I 2026-08-16 14:18:01,638] Trial 159 finished with value: 0.07098093253874915 and parameters: {'rho_e': 0.0825133356167449, 'rho_d': 0.11129879070905743, 'nu': 2, 'sigma': 0.4467432073424479}. Best is trial 159 with value: 0.07098093253874915.
[I 2026-08-16 14:18:31,401] Trial 160 finished with value: 0.07095508988716118 and parameters: {'rho_e': 0.08197945821852522, 'rho_d': 0.11143335408417847, 'nu': 2, 'sigma': 0.4506277563637648}. Best is trial 160 with value: 0.07095508988716118.
[I 2026-08-16 14:19:01,558] Trial 161 finished with value: 0.0709275367244685 and parameters: {'rho_e': 0.08145684077349834, 'rho_d': 0.11124134461930629, 'nu': 2, 'sigma': 0.4542425250270457}. Best is trial 161 with value: 0.0709275367244685.
[I 2026-08-16 14:19:31,553] Trial 162 finished with value: 0.07090432571527128 and parameters: {'rho_e': 0.08085460335248311, 'rho_d': 0.11067483609052474, 'nu': 2, 'sigma': 0.4580431112989629}. Best is trial 162 with value: 0.07090432571527128.
[I 2026-08-16 14:20:01,340] Trial 163 finished with value: 0.07084814093549618 and parameters: {'rho_e': 0.08025029953535527, 'rho_d': 0.10937988949997732, 'nu': 2, 'sigma': 0.46130503827482244}. Best is trial 163 with value: 0.07084814093549618.
[I 2026-08-16 14:20:31,069] Trial 164 finished with value: 0.08270006937267874 and parameters: {'rho_e': 0.0007122534639701506, 'rho_d': 0.0028325536427718724, 'nu': 36, 'sigma': 0.0}. Best is trial 163 with value: 0.07084814093549618.
[I 2026-08-16 14:21:00,827] Trial 165 finished with value: 0.07056874308373802 and parameters: {'rho_e': 0.07881662285969487, 'rho_d': 0.106947866134654, 'nu': 2, 'sigma': 0.4686283403513208}. Best is trial 165 with value: 0.07056874308373802.
[I 2026-08-16 14:21:30,916] Trial 166 finished with value: 0.08673792881199646 and parameters: {'rho_e': 1e-05, 'rho_d': 0.01843240895227201, 'nu': 36, 'sigma': 1.0}. Best is trial 165 with value: 0.07056874308373802.
[I 2026-08-16 14:22:00,934] Trial 167 finished with value: 0.07944261445727042 and parameters: {'rho_e': 0.014959348589662334, 'rho_d': 0.0006593237756404466, 'nu': 2, 'sigma': 0.0}. Best is trial 165 with value: 0.07056874308373802.
[I 2026-08-16 14:22:29,252] Trial 168 finished with value: 0.09583580657056395 and parameters: {'rho_e': 1e-05, 'rho_d': 1000.0, 'nu': 2, 'sigma': 0.0}. Best is trial 165 with value: 0.07056874308373802.
[I 2026-08-16 14:22:57,627] Trial 169 finished with value: 0.07983381161490843 and parameters: {'rho_e': 0.09675216515253927, 'rho_d': 1e-05, 'nu': 36, 'sigma': 1.0}. Best is trial 165 with value: 0.07056874308373802.
[I 2026-08-16 14:23:27,492] Trial 170 finished with value: 0.08240595920996202 and parameters: {'rho_e': 3.189711115630488e-05, 'rho_d': 0.0007845344966793279, 'nu': 36, 'sigma': 0.0}. Best is trial 165 with value: 0.07056874308373802.
[I 2026-08-16 14:23:57,594] Trial 171 finished with value: 0.07747262975409287 and parameters: {'rho_e': 2.6759506379128153, 'rho_d': 1000.0, 'nu': 2, 'sigma': 0.0}. Best is trial 165 with value: 0.07056874308373802.
[I 2026-08-16 14:24:27,584] Trial 172 finished with value: 0.07815033397697149 and parameters: {'rho_e': 0.3089692646177755, 'rho_d': 18.945299048511533, 'nu': 2, 'sigma': 0.0}. Best is trial 165 with value: 0.07056874308373802.
[I 2026-08-16 14:24:57,251] Trial 173 finished with value: 0.08317444410493352 and parameters: {'rho_e': 1e-05, 'rho_d': 1e-05, 'nu': 36, 'sigma': 0.44153769226408474}. Best is trial 165 with value: 0.07056874308373802.
[I 2026-08-16 14:25:26,945] Trial 174 finished with value: 0.07191746401931179 and parameters: {'rho_e': 0.06398827737733122, 'rho_d': 0.07779721045282167, 'nu': 2, 'sigma': 0.47222808721999265}. Best is trial 165 with value: 0.07056874308373802.
[I 2026-08-16 14:25:56,878] Trial 175 finished with value: 0.08199578180638994 and parameters: {'rho_e': 0.04971290901945011, 'rho_d': 1e-05, 'nu': 2, 'sigma': 0.0}. Best is trial 165 with value: 0.07056874308373802.
[I 2026-08-16 14:26:27,014] Trial 176 finished with value: 0.0868294936223075 and parameters: {'rho_e': 0.0009346987289058239, 'rho_d': 1e-05, 'nu': 36, 'sigma': 1.0}. Best is trial 165 with value: 0.07056874308373802.
[I 2026-08-16 14:26:56,940] Trial 177 finished with value: 0.08979071116858567 and parameters: {'rho_e': 1000.0, 'rho_d': 0.17858729515935642, 'nu': 2, 'sigma': 0.49458229502307466}. Best is trial 165 with value: 0.07056874308373802.
[I 2026-08-16 14:27:26,575] Trial 178 finished with value: 0.07600088283549465 and parameters: {'rho_e': 0.09482938944021344, 'rho_d': 0.5454459020558308, 'nu': 2, 'sigma': 0.0}. Best is trial 165 with value: 0.07056874308373802.
[I 2026-08-16 14:27:56,212] Trial 179 finished with value: 0.08499234336932798 and parameters: {'rho_e': 0.00028994821071801015, 'rho_d': 0.04893183410734232, 'nu': 2, 'sigma': 0.0}. Best is trial 165 with value: 0.07056874308373802.
