[I 2026-08-17 10:25:27,462] Trial 88 finished with value: 0.08859377583492686 and parameters: {'rho_e': 808.8435333665526, 'rho_d': 771.2850774129435, 'nu': 31, 'sigma': 0.254807051353894}. Best is trial 34 with value: 0.06447146747343856.
[I 2026-08-17 10:26:14,301] Trial 89 finished with value: 0.08869337772701083 and parameters: {'rho_e': 633.0253791527543, 'rho_d': 45.455452579488366, 'nu': 20, 'sigma': 0.7096389148598082}. Best is trial 34 with value: 0.06447146747343856.
[I 2026-08-17 10:27:00,614] Trial 90 finished with value: 0.08189862854167386 and parameters: {'rho_e': 1.0011331744014998e-05, 'rho_d': 0.053244906784150864, 'nu': 25, 'sigma': 0.1049856052027563}. Best is trial 34 with value: 0.06447146747343856.
[I 2026-08-17 10:27:45,584] Trial 91 finished with value: 0.08375205629916357 and parameters: {'rho_e': 0.00385361040567208, 'rho_d': 0.027705098919118584, 'nu': 11, 'sigma': 0.20991862069726686}. Best is trial 34 with value: 0.06447146747343856.
[I 2026-08-17 10:28:30,505] Trial 92 finished with value: 0.10013891519977206 and parameters: {'rho_e': 0.005714501227560669, 'rho_d': 116.00960750092175, 'nu': 18, 'sigma': 0.7255281995740358}. Best is trial 34 with value: 0.06447146747343856.
[I 2026-08-17 10:29:15,759] Trial 93 finished with value: 0.08999693453555528 and parameters: {'rho_e': 5.980189857056641, 'rho_d': 0.0002131882014836295, 'nu': 28, 'sigma': 0.7637138866173282}. Best is trial 34 with value: 0.06447146747343856.
[I 2026-08-17 10:30:03,975] Trial 94 finished with value: 0.0881736491776006 and parameters: {'rho_e': 5.5018371884489925, 'rho_d': 0.00982057041012593, 'nu': 8, 'sigma': 0.39470813686024214}. Best is trial 34 with value: 0.06447146747343856.
[I 2026-08-17 10:30:52,358] Trial 95 finished with value: 0.07930455674642337 and parameters: {'rho_e': 0.17280824537937622, 'rho_d': 37.68187082725423, 'nu': 35, 'sigma': 0.2984114598896659}. Best is trial 34 with value: 0.06447146747343856.
[I 2026-08-17 10:31:40,195] Trial 96 finished with value: 0.09160836539962347 and parameters: {'rho_e': 0.033897016078091556, 'rho_d': 164.3378023697618, 'nu': 6, 'sigma': 0.07350512557460892}. Best is trial 34 with value: 0.06447146747343856.
[I 2026-08-17 10:32:28,869] Trial 97 finished with value: 0.0957405366155018 and parameters: {'rho_e': 0.0021604944113239777, 'rho_d': 3.2413808908015533, 'nu': 20, 'sigma': 0.6607180513440737}. Best is trial 34 with value: 0.06447146747343856.
[I 2026-08-17 10:33:16,426] Trial 98 finished with value: 0.08248048121299367 and parameters: {'rho_e': 570.5570546933972, 'rho_d': 10.349660264682885, 'nu': 6, 'sigma': 0.8304150895769256}. Best is trial 34 with value: 0.06447146747343856.
[I 2026-08-17 10:34:03,342] Trial 99 finished with value: 0.08305228332038994 and parameters: {'rho_e': 0.00015533838611531524, 'rho_d': 0.0029907788869589056, 'nu': 30, 'sigma': 0.38017329613222484}. Best is trial 34 with value: 0.06447146747343856.
[I 2026-08-17 10:34:54,651] Trial 100 finished with value: 0.07577567676985135 and parameters: {'rho_e': 45.33114124419865, 'rho_d': 1000.0, 'nu': 2, 'sigma': 0.3859695038960019}. Best is trial 34 with value: 0.06447146747343856.
[I 2026-08-17 10:35:43,288] Trial 101 finished with value: 0.06443702322239261 and parameters: {'rho_e': 0.09071968420407747, 'rho_d': 0.00014805620161252163, 'nu': 2, 'sigma': 0.23248400383611928}. Best is trial 101 with value: 0.06443702322239261.
[I 2026-08-17 10:36:31,417] Trial 102 finished with value: 0.06419257186315505 and parameters: {'rho_e': 0.10007618771512207, 'rho_d': 0.00021796780129155214, 'nu': 2, 'sigma': 0.26983391446323535}. Best is trial 102 with value: 0.06419257186315505.
[I 2026-08-17 10:37:18,837] Trial 103 finished with value: 0.06403035247675251 and parameters: {'rho_e': 0.10088788800175601, 'rho_d': 0.00022592420294964828, 'nu': 2, 'sigma': 0.2710789424876698}. Best is trial 103 with value: 0.06403035247675251.
[I 2026-08-17 10:38:06,844] Trial 104 finished with value: 0.06724450617461904 and parameters: {'rho_e': 0.05421314275146578, 'rho_d': 4.692176614052315e-05, 'nu': 2, 'sigma': 0.0}. Best is trial 103 with value: 0.06403035247675251.
[I 2026-08-17 10:38:53,981] Trial 105 finished with value: 0.06444836462582372 and parameters: {'rho_e': 0.11022287572722292, 'rho_d': 0.0003135039971208643, 'nu': 2, 'sigma': 0.3063736696585739}. Best is trial 103 with value: 0.06403035247675251.
[I 2026-08-17 10:39:42,252] Trial 106 finished with value: 0.06429278295101717 and parameters: {'rho_e': 0.11026857566985433, 'rho_d': 0.0003139432889056763, 'nu': 2, 'sigma': 0.30271986215044233}. Best is trial 103 with value: 0.06403035247675251.
[I 2026-08-17 10:40:28,699] Trial 107 finished with value: 0.06649337433847405 and parameters: {'rho_e': 0.09858016285486178, 'rho_d': 0.00045547278570930773, 'nu': 11, 'sigma': 0.2860250207509472}. Best is trial 103 with value: 0.06403035247675251.
[I 2026-08-17 10:41:16,918] Trial 108 finished with value: 0.0641581822825976 and parameters: {'rho_e': 0.1176737231074465, 'rho_d': 0.00016653551648704111, 'nu': 2, 'sigma': 0.3127197558583093}. Best is trial 103 with value: 0.06403035247675251.
[I 2026-08-17 10:42:04,185] Trial 109 finished with value: 0.0641070673263552 and parameters: {'rho_e': 0.11741890345530835, 'rho_d': 0.00020262679785370608, 'nu': 2, 'sigma': 0.3111856114771006}. Best is trial 103 with value: 0.06403035247675251.
[I 2026-08-17 10:42:51,135] Trial 110 finished with value: 0.06418437220520326 and parameters: {'rho_e': 0.11698378372168625, 'rho_d': 0.00024843501203105793, 'nu': 2, 'sigma': 0.30937112388239285}. Best is trial 103 with value: 0.06403035247675251.
[I 2026-08-17 10:43:36,021] Trial 111 finished with value: 0.06415116468400378 and parameters: {'rho_e': 0.11623744064648357, 'rho_d': 0.00029686654094394883, 'nu': 2, 'sigma': 0.3062575882494488}. Best is trial 103 with value: 0.06403035247675251.
[I 2026-08-17 10:44:20,945] Trial 112 finished with value: 0.06399836617774535 and parameters: {'rho_e': 0.11539593770583902, 'rho_d': 0.0003430631202995765, 'nu': 2, 'sigma': 0.3029330694609033}. Best is trial 112 with value: 0.06399836617774535.
[I 2026-08-17 10:45:05,903] Trial 113 finished with value: 0.06367890051902586 and parameters: {'rho_e': 0.12071955461483658, 'rho_d': 7.705710989122996e-05, 'nu': 2, 'sigma': 0.30432386073705525}. Best is trial 113 with value: 0.06367890051902586.
[I 2026-08-17 10:45:53,896] Trial 114 finished with value: 0.0641518279568665 and parameters: {'rho_e': 0.11308613321880477, 'rho_d': 1.2661445453917257e-05, 'nu': 2, 'sigma': 0.2934851300629266}. Best is trial 113 with value: 0.06367890051902586.
[I 2026-08-17 10:46:41,585] Trial 115 finished with value: 0.06386608031644733 and parameters: {'rho_e': 0.12188047829844038, 'rho_d': 4.659509568146551e-05, 'nu': 2, 'sigma': 0.30623635276290156}. Best is trial 113 with value: 0.06367890051902586.
[I 2026-08-17 10:47:28,554] Trial 116 finished with value: 0.06373115911209623 and parameters: {'rho_e': 0.12399460911440957, 'rho_d': 5.5265072258854784e-05, 'nu': 2, 'sigma': 0.3074456397288285}. Best is trial 113 with value: 0.06367890051902586.
[I 2026-08-17 10:48:16,321] Trial 117 finished with value: 0.06369054827636392 and parameters: {'rho_e': 0.1266877903135682, 'rho_d': 6.37199031505953e-05, 'nu': 2, 'sigma': 0.3078389824429397}. Best is trial 113 with value: 0.06367890051902586.
[I 2026-08-17 10:49:04,021] Trial 118 finished with value: 0.06340982521352304 and parameters: {'rho_e': 0.1300675136519815, 'rho_d': 7.344458859332051e-05, 'nu': 2, 'sigma': 0.3069778535407788}. Best is trial 118 with value: 0.06340982521352304.
[I 2026-08-17 10:49:50,999] Trial 119 finished with value: 0.0641612495290133 and parameters: {'rho_e': 0.10903705117297141, 'rho_d': 1e-05, 'nu': 2, 'sigma': 0.287355400453298}. Best is trial 118 with value: 0.06340982521352304.
[I 2026-08-17 10:50:38,711] Trial 120 finished with value: 0.0647436991211018 and parameters: {'rho_e': 0.13692870989486677, 'rho_d': 0.0003924841928864719, 'nu': 2, 'sigma': 0.09759787344419897}. Best is trial 118 with value: 0.06340982521352304.
[I 2026-08-17 10:51:25,692] Trial 121 finished with value: 0.08964376515359572 and parameters: {'rho_e': 1000.0, 'rho_d': 1000.0, 'nu': 2, 'sigma': 1.0}. Best is trial 118 with value: 0.06340982521352304.
[I 2026-08-17 10:52:12,713] Trial 122 finished with value: 0.06260789326726629 and parameters: {'rho_e': 0.1627804529611071, 'rho_d': 8.165515407491423e-05, 'nu': 2, 'sigma': 0.2515159458374716}. Best is trial 122 with value: 0.06260789326726629.
[I 2026-08-17 10:53:00,371] Trial 123 finished with value: 0.06453685875879625 and parameters: {'rho_e': 0.11842830694663684, 'rho_d': 1e-05, 'nu': 14, 'sigma': 0.12499994624076047}. Best is trial 122 with value: 0.06260789326726629.
[I 2026-08-17 10:53:47,830] Trial 124 finished with value: 0.07961247438103132 and parameters: {'rho_e': 1e-05, 'rho_d': 1e-05, 'nu': 36, 'sigma': 0.0}. Best is trial 122 with value: 0.06260789326726629.
[I 2026-08-17 10:54:33,890] Trial 125 finished with value: 0.06572208335351437 and parameters: {'rho_e': 0.12743931664167962, 'rho_d': 0.006399617434466544, 'nu': 2, 'sigma': 0.4023237920608986}. Best is trial 122 with value: 0.06260789326726629.
[I 2026-08-17 10:55:21,367] Trial 126 finished with value: 0.07383285835013573 and parameters: {'rho_e': 10.509671456949313, 'rho_d': 268.62218537954556, 'nu': 2, 'sigma': 0.0}. Best is trial 122 with value: 0.06260789326726629.
[I 2026-08-17 10:56:08,128] Trial 127 finished with value: 0.06478121061802308 and parameters: {'rho_e': 0.1576651568790474, 'rho_d': 1e-05, 'nu': 2, 'sigma': 0.11857640662230838}. Best is trial 122 with value: 0.06260789326726629.
[I 2026-08-17 10:56:53,580] Trial 128 finished with value: 0.06951929326338496 and parameters: {'rho_e': 0.16464904701989153, 'rho_d': 0.014681310936836882, 'nu': 36, 'sigma': 0.9999999999999999}. Best is trial 122 with value: 0.06260789326726629.
[I 2026-08-17 10:57:37,030] Trial 129 finished with value: 0.07436447037294518 and parameters: {'rho_e': 29.97505923297869, 'rho_d': 1000.0, 'nu': 36, 'sigma': 0.5252831668434133}. Best is trial 122 with value: 0.06260789326726629.
[I 2026-08-17 10:58:21,269] Trial 130 finished with value: 0.06786047664006861 and parameters: {'rho_e': 0.04726832878644454, 'rho_d': 1e-05, 'nu': 36, 'sigma': 0.0}. Best is trial 122 with value: 0.06260789326726629.
[I 2026-08-17 10:59:06,029] Trial 131 finished with value: 0.07959277416919475 and parameters: {'rho_e': 0.000819336631222966, 'rho_d': 1e-05, 'nu': 36, 'sigma': 0.0}. Best is trial 122 with value: 0.06260789326726629.
[I 2026-08-17 10:59:53,477] Trial 132 finished with value: 0.07438384042368637 and parameters: {'rho_e': 0.6822437943773276, 'rho_d': 1e-05, 'nu': 2, 'sigma': 1.0}. Best is trial 122 with value: 0.06260789326726629.
[I 2026-08-17 11:00:41,017] Trial 133 finished with value: 0.07405631116501298 and parameters: {'rho_e': 0.588007442989194, 'rho_d': 0.0017531686692540353, 'nu': 2, 'sigma': 1.0}. Best is trial 122 with value: 0.06260789326726629.
[I 2026-08-17 11:01:27,832] Trial 134 finished with value: 0.06284403387854036 and parameters: {'rho_e': 0.1655445419438958, 'rho_d': 7.862530476501787e-05, 'nu': 2, 'sigma': 0.2234546033113474}. Best is trial 122 with value: 0.06260789326726629.
[I 2026-08-17 11:02:15,543] Trial 135 finished with value: 0.0693469310465855 and parameters: {'rho_e': 0.037778140197661784, 'rho_d': 0.0016478457645133227, 'nu': 2, 'sigma': 0.0}. Best is trial 122 with value: 0.06260789326726629.
[I 2026-08-17 11:03:03,273] Trial 136 finished with value: 0.06337199572768415 and parameters: {'rho_e': 0.18757267827828009, 'rho_d': 0.00011676256288886066, 'nu': 2, 'sigma': 0.2721026750707591}. Best is trial 122 with value: 0.06260789326726629.
[I 2026-08-17 11:03:50,311] Trial 137 finished with value: 0.06536997429747715 and parameters: {'rho_e': 0.13046554854440728, 'rho_d': 1e-05, 'nu': 36, 'sigma': 0.2752730409276218}. Best is trial 122 with value: 0.06260789326726629.
[I 2026-08-17 11:04:38,238] Trial 138 finished with value: 0.07961247438103132 and parameters: {'rho_e': 1e-05, 'rho_d': 1e-05, 'nu': 2, 'sigma': 0.0}. Best is trial 122 with value: 0.06260789326726629.
[I 2026-08-17 11:05:26,277] Trial 139 finished with value: 0.0677297259406363 and parameters: {'rho_e': 0.05842801219056993, 'rho_d': 0.012055672267522695, 'nu': 36, 'sigma': 0.019501982667414687}. Best is trial 122 with value: 0.06260789326726629.
[I 2026-08-17 11:06:13,707] Trial 140 finished with value: 0.06841497109961334 and parameters: {'rho_e': 0.0786908256164959, 'rho_d': 0.030701120885562344, 'nu': 2, 'sigma': 0.0}. Best is trial 122 with value: 0.06260789326726629.
[I 2026-08-17 11:07:02,113] Trial 141 finished with value: 0.06678298726916349 and parameters: {'rho_e': 0.06491026235237639, 'rho_d': 0.0001636075782300169, 'nu': 36, 'sigma': 0.0}. Best is trial 122 with value: 0.06260789326726629.
[I 2026-08-17 11:07:50,599] Trial 142 finished with value: 0.07424745666126413 and parameters: {'rho_e': 0.01868842702696984, 'rho_d': 0.0011724806124483276, 'nu': 36, 'sigma': 0.0}. Best is trial 122 with value: 0.06260789326726629.
[I 2026-08-17 11:08:38,746] Trial 143 finished with value: 0.06770871389385372 and parameters: {'rho_e': 0.17666126622702866, 'rho_d': 1e-05, 'nu': 36, 'sigma': 1.0}. Best is trial 122 with value: 0.06260789326726629.
[I 2026-08-17 11:09:26,823] Trial 144 finished with value: 0.06334887837362135 and parameters: {'rho_e': 0.1400043404498266, 'rho_d': 4.9066848110438237e-05, 'nu': 2, 'sigma': 0.1768535975321787}. Best is trial 122 with value: 0.06260789326726629.
[I 2026-08-17 11:10:15,641] Trial 145 finished with value: 0.06748396741689171 and parameters: {'rho_e': 0.23421632987863952, 'rho_d': 0.00026082705492644446, 'nu': 36, 'sigma': 1.0}. Best is trial 122 with value: 0.06260789326726629.
[I 2026-08-17 11:11:04,346] Trial 146 finished with value: 0.0646506365081109 and parameters: {'rho_e': 0.1162304133386944, 'rho_d': 0.00010441477719798916, 'nu': 36, 'sigma': 0.35775114920165896}. Best is trial 122 with value: 0.06260789326726629.
[I 2026-08-17 11:11:53,137] Trial 147 finished with value: 0.06476642271060132 and parameters: {'rho_e': 0.0998674228293098, 'rho_d': 0.0014561668064398748, 'nu': 36, 'sigma': 0.311234778393002}. Best is trial 122 with value: 0.06260789326726629.
[I 2026-08-17 11:12:41,918] Trial 148 finished with value: 0.06620651006362974 and parameters: {'rho_e': 0.1309507546598686, 'rho_d': 0.0006094302568582788, 'nu': 36, 'sigma': 0.6352812500676038}. Best is trial 122 with value: 0.06260789326726629.
[I 2026-08-17 11:13:29,220] Trial 149 finished with value: 0.08165390164779851 and parameters: {'rho_e': 1000.0, 'rho_d': 1e-05, 'nu': 2, 'sigma': 1.0}. Best is trial 122 with value: 0.06260789326726629.
[I 2026-08-17 11:14:17,731] Trial 150 finished with value: 0.08160230613078776 and parameters: {'rho_e': 124.34501742147002, 'rho_d': 0.013594712524599996, 'nu': 2, 'sigma': 1.0}. Best is trial 122 with value: 0.06260789326726629.
[I 2026-08-17 11:15:04,112] Trial 151 finished with value: 0.07599291739996998 and parameters: {'rho_e': 8.84108324537165, 'rho_d': 1000.0, 'nu': 36, 'sigma': 0.0}. Best is trial 122 with value: 0.06260789326726629.
[I 2026-08-17 11:15:49,027] Trial 152 finished with value: 0.06823877511576669 and parameters: {'rho_e': 0.12204082548065961, 'rho_d': 0.05499112084434217, 'nu': 36, 'sigma': 0.26974612260908215}. Best is trial 122 with value: 0.06260789326726629.
[I 2026-08-17 11:16:33,540] Trial 153 finished with value: 0.08713165290491154 and parameters: {'rho_e': 1e-05, 'rho_d': 1e-05, 'nu': 36, 'sigma': 1.0}. Best is trial 122 with value: 0.06260789326726629.
[I 2026-08-17 11:17:18,330] Trial 154 finished with value: 0.06375973761768924 and parameters: {'rho_e': 0.2093884739611825, 'rho_d': 1e-05, 'nu': 2, 'sigma': 0.3732924200519204}. Best is trial 122 with value: 0.06260789326726629.
[I 2026-08-17 11:18:05,665] Trial 155 finished with value: 0.07961152953012013 and parameters: {'rho_e': 0.00025325494245516454, 'rho_d': 1e-05, 'nu': 2, 'sigma': 0.0}. Best is trial 122 with value: 0.06260789326726629.
[I 2026-08-17 11:18:52,931] Trial 156 finished with value: 0.06585413774268296 and parameters: {'rho_e': 0.15017993898495252, 'rho_d': 1e-05, 'nu': 36, 'sigma': 0.6221802051326683}. Best is trial 122 with value: 0.06260789326726629.
[I 2026-08-17 11:19:40,058] Trial 157 finished with value: 0.07367711666614757 and parameters: {'rho_e': 77.64279525959444, 'rho_d': 1000.0, 'nu': 2, 'sigma': 0.0}. Best is trial 122 with value: 0.06260789326726629.
[I 2026-08-17 11:20:27,223] Trial 158 finished with value: 0.07957674091034979 and parameters: {'rho_e': 1e-05, 'rho_d': 0.0007239604651706281, 'nu': 36, 'sigma': 0.0}. Best is trial 122 with value: 0.06260789326726629.
[I 2026-08-17 11:21:14,228] Trial 159 finished with value: 0.0673668324366565 and parameters: {'rho_e': 0.1143610145941242, 'rho_d': 0.0017388306294627202, 'nu': 36, 'sigma': 0.0}. Best is trial 122 with value: 0.06260789326726629.
[I 2026-08-17 11:22:01,267] Trial 160 finished with value: 0.06593147787630975 and parameters: {'rho_e': 0.0923037236848702, 'rho_d': 0.008697987129347792, 'nu': 19, 'sigma': 0.1639581128696261}. Best is trial 122 with value: 0.06260789326726629.
[I 2026-08-17 11:22:48,282] Trial 161 finished with value: 0.0752534555938896 and parameters: {'rho_e': 105.9539478031232, 'rho_d': 1000.0, 'nu': 36, 'sigma': 1.0}. Best is trial 122 with value: 0.06260789326726629.
[I 2026-08-17 11:23:35,495] Trial 162 finished with value: 0.06753221497890677 and parameters: {'rho_e': 0.12813301082323464, 'rho_d': 2.6707453456784126e-05, 'nu': 36, 'sigma': 0.0}. Best is trial 122 with value: 0.06260789326726629.
[I 2026-08-17 11:24:22,464] Trial 163 finished with value: 0.06332961744223818 and parameters: {'rho_e': 0.19047958863562423, 'rho_d': 4.1942392059437574e-05, 'nu': 2, 'sigma': 0.2869388824496501}. Best is trial 122 with value: 0.06260789326726629.
[I 2026-08-17 11:25:09,600] Trial 164 finished with value: 0.07808778120162108 and parameters: {'rho_e': 6.888304521947637, 'rho_d': 1000.0, 'nu': 36, 'sigma': 1.0}. Best is trial 122 with value: 0.06260789326726629.
[I 2026-08-17 11:25:56,853] Trial 165 finished with value: 0.06710904612791578 and parameters: {'rho_e': 0.1236692058257901, 'rho_d': 5.9039748931009584e-05, 'nu': 36, 'sigma': 0.7543734269907367}. Best is trial 122 with value: 0.06260789326726629.
[I 2026-08-17 11:26:43,603] Trial 166 finished with value: 0.06275158950677337 and parameters: {'rho_e': 0.16235840076174798, 'rho_d': 0.001729102673339263, 'nu': 2, 'sigma': 0.2829409963806278}. Best is trial 122 with value: 0.06260789326726629.
[I 2026-08-17 11:27:30,011] Trial 167 finished with value: 0.08139956644588349 and parameters: {'rho_e': 22.56239180051478, 'rho_d': 1e-05, 'nu': 2, 'sigma': 1.0}. Best is trial 122 with value: 0.06260789326726629.
[I 2026-08-17 11:28:16,602] Trial 168 finished with value: 0.08364889649895046 and parameters: {'rho_e': 0.6757644223499099, 'rho_d': 1000.0, 'nu': 36, 'sigma': 0.0}. Best is trial 122 with value: 0.06260789326726629.
[I 2026-08-17 11:29:03,108] Trial 169 finished with value: 0.0889311636717876 and parameters: {'rho_e': 67.75545424703469, 'rho_d': 33.53518086212784, 'nu': 2, 'sigma': 0.9999999999999999}. Best is trial 122 with value: 0.06260789326726629.
[I 2026-08-17 11:29:48,920] Trial 170 finished with value: 0.06263965859046837 and parameters: {'rho_e': 0.1674950343608276, 'rho_d': 0.002824041025800576, 'nu': 2, 'sigma': 0.241960383549007}. Best is trial 122 with value: 0.06260789326726629.
[I 2026-08-17 11:30:35,477] Trial 171 finished with value: 0.07769731489968842 and parameters: {'rho_e': 0.008363477961310352, 'rho_d': 1e-05, 'nu': 2, 'sigma': 0.0}. Best is trial 122 with value: 0.06260789326726629.
[I 2026-08-17 11:31:22,099] Trial 172 finished with value: 0.06336093099399372 and parameters: {'rho_e': 0.18790526181163836, 'rho_d': 0.0027211486407622, 'nu': 2, 'sigma': 0.29942636627124286}. Best is trial 122 with value: 0.06260789326726629.
[I 2026-08-17 11:32:08,177] Trial 173 finished with value: 0.0631101871233408 and parameters: {'rho_e': 0.14786542839323613, 'rho_d': 0.0020031231989412757, 'nu': 2, 'sigma': 0.22342662082516537}. Best is trial 122 with value: 0.06260789326726629.
[I 2026-08-17 11:32:54,941] Trial 174 finished with value: 0.0648747401826687 and parameters: {'rho_e': 0.09177455115521227, 'rho_d': 3.4218644195977984e-05, 'nu': 25, 'sigma': 0.16719177181275957}. Best is trial 122 with value: 0.06260789326726629.
[I 2026-08-17 11:33:41,554] Trial 175 finished with value: 0.07613687297994828 and parameters: {'rho_e': 0.5128511666123586, 'rho_d': 15.06475396002473, 'nu': 36, 'sigma': 1.0}. Best is trial 122 with value: 0.06260789326726629.
[I 2026-08-17 11:34:27,599] Trial 176 finished with value: 0.06409368485541905 and parameters: {'rho_e': 0.15514253249730506, 'rho_d': 0.004599304473080564, 'nu': 2, 'sigma': 0.17506706076781697}. Best is trial 122 with value: 0.06260789326726629.
[I 2026-08-17 11:35:14,383] Trial 177 finished with value: 0.06508930443574473 and parameters: {'rho_e': 0.14596017333143316, 'rho_d': 5.724779245377539e-05, 'nu': 8, 'sigma': 0.20223954173563138}. Best is trial 122 with value: 0.06260789326726629.
[I 2026-08-17 11:36:01,228] Trial 178 finished with value: 0.08124268023582684 and parameters: {'rho_e': 1000.0, 'rho_d': 0.06579012922695354, 'nu': 2, 'sigma': 0.6100354738525162}. Best is trial 122 with value: 0.06260789326726629.
[I 2026-08-17 11:36:47,463] Trial 179 finished with value: 0.08918483025329155 and parameters: {'rho_e': 1e-05, 'rho_d': 0.02781064261486655, 'nu': 36, 'sigma': 1.0}. Best is trial 122 with value: 0.06260789326726629.
