[I 2026-08-16 14:02:57,822] Trial 88 finished with value: 0.08129418859684034 and parameters: {'rho_e': 0.486251533292777, 'rho_d': 52.14784654714354, 'nu': 6, 'sigma': 0.7891228370595951}. Best is trial 77 with value: 0.07527067974729701.
[I 2026-08-16 14:03:38,912] Trial 89 finished with value: 0.09815583118415167 and parameters: {'rho_e': 0.000612889380538402, 'rho_d': 6.25476322167153e-05, 'nu': 5, 'sigma': 0.9047950693848056}. Best is trial 77 with value: 0.07527067974729701.
[I 2026-08-16 14:04:20,696] Trial 90 finished with value: 0.11005640771801561 and parameters: {'rho_e': 7.905609421867139, 'rho_d': 1.482399313641124, 'nu': 20, 'sigma': 0.1529659116515288}. Best is trial 77 with value: 0.07527067974729701.
[I 2026-08-16 14:04:59,610] Trial 91 finished with value: 0.08731527124062521 and parameters: {'rho_e': 0.6819215330358105, 'rho_d': 0.0003702816334400203, 'nu': 33, 'sigma': 0.8384256258654897}. Best is trial 77 with value: 0.07527067974729701.
[I 2026-08-16 14:05:38,084] Trial 92 finished with value: 0.09142003220538478 and parameters: {'rho_e': 0.004212958428106735, 'rho_d': 0.004678011386611994, 'nu': 8, 'sigma': 0.37791297465362256}. Best is trial 77 with value: 0.07527067974729701.
[I 2026-08-16 14:06:18,717] Trial 93 finished with value: 0.08056058098298716 and parameters: {'rho_e': 0.2677199530536358, 'rho_d': 11.763303983773799, 'nu': 11, 'sigma': 0.24816428628969947}. Best is trial 77 with value: 0.07527067974729701.
[I 2026-08-16 14:07:00,554] Trial 94 finished with value: 0.08672567988158558 and parameters: {'rho_e': 0.0011444406274560965, 'rho_d': 0.000721586105829393, 'nu': 14, 'sigma': 0.06114790393564393}. Best is trial 77 with value: 0.07527067974729701.
[I 2026-08-16 14:07:41,811] Trial 95 finished with value: 0.08775033409339585 and parameters: {'rho_e': 0.3792824094846887, 'rho_d': 0.0570033980864129, 'nu': 8, 'sigma': 0.8283112299515442}. Best is trial 77 with value: 0.07527067974729701.
[I 2026-08-16 14:08:23,448] Trial 96 finished with value: 0.08930512749318611 and parameters: {'rho_e': 1.9897379970608284e-05, 'rho_d': 0.000130016363482025, 'nu': 28, 'sigma': 0.5825780928860248}. Best is trial 77 with value: 0.07527067974729701.
[I 2026-08-16 14:09:05,028] Trial 97 finished with value: 0.09319560403775834 and parameters: {'rho_e': 0.8390481620733344, 'rho_d': 0.09244901937295714, 'nu': 29, 'sigma': 0.5060934257174607}. Best is trial 77 with value: 0.07527067974729701.
[I 2026-08-16 14:09:46,055] Trial 98 finished with value: 0.09725628331890356 and parameters: {'rho_e': 4.631918267545036, 'rho_d': 0.0009628776616921115, 'nu': 19, 'sigma': 0.2900502502494807}. Best is trial 77 with value: 0.07527067974729701.
[I 2026-08-16 14:10:26,614] Trial 99 finished with value: 0.07905273387530706 and parameters: {'rho_e': 0.04871965141021672, 'rho_d': 3.330825453140193e-05, 'nu': 7, 'sigma': 0.7954371049397843}. Best is trial 77 with value: 0.07527067974729701.
[I 2026-08-16 14:11:09,699] Trial 100 finished with value: 0.077525037244214 and parameters: {'rho_e': 0.6748372531017577, 'rho_d': 311.1396694567986, 'nu': 13, 'sigma': 0.4006638709695053}. Best is trial 77 with value: 0.07527067974729701.
[I 2026-08-16 14:11:51,722] Trial 101 finished with value: 0.07408121463752355 and parameters: {'rho_e': 0.08237116051925988, 'rho_d': 0.0006546052241782771, 'nu': 2, 'sigma': 0.35263162511719676}. Best is trial 101 with value: 0.07408121463752355.
[I 2026-08-16 14:12:33,623] Trial 102 finished with value: 0.07407850023851145 and parameters: {'rho_e': 0.10794643194900802, 'rho_d': 0.00039862817922364254, 'nu': 2, 'sigma': 0.5349741651619571}. Best is trial 102 with value: 0.07407850023851145.
[I 2026-08-16 14:13:14,771] Trial 103 finished with value: 0.07959122582869507 and parameters: {'rho_e': 0.04845988053524007, 'rho_d': 0.0007552430767331492, 'nu': 2, 'sigma': 0.0}. Best is trial 102 with value: 0.07407850023851145.
[I 2026-08-16 14:13:56,232] Trial 104 finished with value: 0.07378296763092684 and parameters: {'rho_e': 0.3612307600442891, 'rho_d': 53.86550016655611, 'nu': 36, 'sigma': 0.4994431000294318}. Best is trial 104 with value: 0.07378296763092684.
[I 2026-08-16 14:14:38,014] Trial 105 finished with value: 0.07381373661408776 and parameters: {'rho_e': 0.42845072647673854, 'rho_d': 61.94000082710402, 'nu': 26, 'sigma': 0.4471390663756495}. Best is trial 104 with value: 0.07378296763092684.
[I 2026-08-16 14:15:20,087] Trial 106 finished with value: 0.0742852304075852 and parameters: {'rho_e': 0.0687957107170826, 'rho_d': 0.00037648985439040487, 'nu': 21, 'sigma': 0.5406872339888811}. Best is trial 104 with value: 0.07378296763092684.
[I 2026-08-16 14:16:00,723] Trial 107 finished with value: 0.07505977217491622 and parameters: {'rho_e': 0.05883939372320845, 'rho_d': 0.0001413448748865541, 'nu': 36, 'sigma': 0.8068438978368676}. Best is trial 104 with value: 0.07378296763092684.
[I 2026-08-16 14:16:41,248] Trial 108 finished with value: 0.07210985034044828 and parameters: {'rho_e': 0.07005868816260931, 'rho_d': 0.0006599731479145695, 'nu': 2, 'sigma': 0.47938639692858015}. Best is trial 108 with value: 0.07210985034044828.
[I 2026-08-16 14:17:20,189] Trial 109 finished with value: 0.08640503974459547 and parameters: {'rho_e': 1e-05, 'rho_d': 1e-05, 'nu': 36, 'sigma': 0.0}. Best is trial 108 with value: 0.07210985034044828.
[I 2026-08-16 14:17:58,003] Trial 110 finished with value: 0.07324864468197248 and parameters: {'rho_e': 0.051555723257231345, 'rho_d': 0.0006297079354076507, 'nu': 2, 'sigma': 0.5213223424956845}. Best is trial 108 with value: 0.07210985034044828.
[I 2026-08-16 14:18:40,063] Trial 111 finished with value: 0.08079041940220778 and parameters: {'rho_e': 0.10599914257836558, 'rho_d': 0.0002648772649807484, 'nu': 2, 'sigma': 1.0}. Best is trial 108 with value: 0.07210985034044828.
[I 2026-08-16 14:19:21,337] Trial 112 finished with value: 0.07832709712422224 and parameters: {'rho_e': 0.11481481204524711, 'rho_d': 1e-05, 'nu': 36, 'sigma': 0.9999999999999999}. Best is trial 108 with value: 0.07210985034044828.
[I 2026-08-16 14:20:03,393] Trial 113 finished with value: 0.07187581107751756 and parameters: {'rho_e': 0.05292196238541704, 'rho_d': 0.0011252883764780593, 'nu': 2, 'sigma': 0.3992344295616469}. Best is trial 113 with value: 0.07187581107751756.
[I 2026-08-16 14:20:44,930] Trial 114 finished with value: 0.07185361712385603 and parameters: {'rho_e': 0.05173242598097677, 'rho_d': 0.0012344521465983576, 'nu': 2, 'sigma': 0.38662223823476405}. Best is trial 114 with value: 0.07185361712385603.
[I 2026-08-16 14:21:27,289] Trial 115 finished with value: 0.07203091600614418 and parameters: {'rho_e': 0.05425898849920946, 'rho_d': 0.001386410338759069, 'nu': 2, 'sigma': 0.3939095356676767}. Best is trial 114 with value: 0.07185361712385603.
[I 2026-08-16 14:22:08,826] Trial 116 finished with value: 0.07196493130913326 and parameters: {'rho_e': 0.04349542008526113, 'rho_d': 0.0009435623193204994, 'nu': 2, 'sigma': 0.3682302427003255}. Best is trial 114 with value: 0.07185361712385603.
[I 2026-08-16 14:22:51,356] Trial 117 finished with value: 0.07336717253137978 and parameters: {'rho_e': 0.04822879534988437, 'rho_d': 0.0011058861044253904, 'nu': 9, 'sigma': 0.39323846813935837}. Best is trial 114 with value: 0.07185361712385603.
[I 2026-08-16 14:23:33,245] Trial 118 finished with value: 0.07184382099195671 and parameters: {'rho_e': 0.04630919314457054, 'rho_d': 0.0008159555016479859, 'nu': 2, 'sigma': 0.3884214352840573}. Best is trial 118 with value: 0.07184382099195671.
[I 2026-08-16 14:24:15,955] Trial 119 finished with value: 0.07175476701065278 and parameters: {'rho_e': 0.051243241480266086, 'rho_d': 0.0009393450857531523, 'nu': 2, 'sigma': 0.40727501826476137}. Best is trial 119 with value: 0.07175476701065278.
[I 2026-08-16 14:24:57,126] Trial 120 finished with value: 0.07452319916486712 and parameters: {'rho_e': 0.05422838821305609, 'rho_d': 1.4560281043541684e-05, 'nu': 36, 'sigma': 0.6305347758561725}. Best is trial 119 with value: 0.07175476701065278.
[I 2026-08-16 14:25:39,741] Trial 121 finished with value: 0.07800065894911404 and parameters: {'rho_e': 0.013581542711652335, 'rho_d': 1e-05, 'nu': 2, 'sigma': 0.0}. Best is trial 119 with value: 0.07175476701065278.
[I 2026-08-16 14:26:21,526] Trial 122 finished with value: 0.07482432873610838 and parameters: {'rho_e': 0.0289807115171443, 'rho_d': 1e-05, 'nu': 36, 'sigma': 0.22530975217636948}. Best is trial 119 with value: 0.07175476701065278.
[I 2026-08-16 14:27:00,099] Trial 123 finished with value: 0.08037382403944088 and parameters: {'rho_e': 0.009696718933021304, 'rho_d': 1e-05, 'nu': 36, 'sigma': 0.0}. Best is trial 119 with value: 0.07175476701065278.
[I 2026-08-16 14:27:39,319] Trial 124 finished with value: 0.07160528570489291 and parameters: {'rho_e': 0.037853201473350695, 'rho_d': 1e-05, 'nu': 2, 'sigma': 0.31991678702881354}. Best is trial 124 with value: 0.07160528570489291.
[I 2026-08-16 14:28:18,300] Trial 125 finished with value: 0.07373033999317243 and parameters: {'rho_e': 0.033655438948370045, 'rho_d': 1e-05, 'nu': 13, 'sigma': 0.3551611003206119}. Best is trial 124 with value: 0.07160528570489291.
[I 2026-08-16 14:28:58,588] Trial 126 finished with value: 0.07269286674746749 and parameters: {'rho_e': 0.048268102361798834, 'rho_d': 1e-05, 'nu': 2, 'sigma': 0.23344868430233978}. Best is trial 124 with value: 0.07160528570489291.
[I 2026-08-16 14:29:41,049] Trial 127 finished with value: 0.07221849694701611 and parameters: {'rho_e': 0.03346930546048162, 'rho_d': 2.8024932546535582e-05, 'nu': 2, 'sigma': 0.2989585676834906}. Best is trial 124 with value: 0.07160528570489291.
[I 2026-08-16 14:30:22,881] Trial 128 finished with value: 0.0727203697374228 and parameters: {'rho_e': 0.028675782995358244, 'rho_d': 1e-05, 'nu': 2, 'sigma': 0.2720031684521368}. Best is trial 124 with value: 0.07160528570489291.
[I 2026-08-16 14:31:05,493] Trial 129 finished with value: 0.07151701472314506 and parameters: {'rho_e': 0.0507111006922009, 'rho_d': 1e-05, 'nu': 2, 'sigma': 0.38108427160276376}. Best is trial 129 with value: 0.07151701472314506.
[I 2026-08-16 14:31:46,721] Trial 130 finished with value: 0.07191822331081907 and parameters: {'rho_e': 0.045443283410274135, 'rho_d': 1.4436503635325527e-05, 'nu': 2, 'sigma': 0.3568091183760561}. Best is trial 129 with value: 0.07151701472314506.
[I 2026-08-16 14:32:29,221] Trial 131 finished with value: 0.07191520064485435 and parameters: {'rho_e': 0.04488017342746338, 'rho_d': 1e-05, 'nu': 2, 'sigma': 0.3571330055530682}. Best is trial 129 with value: 0.07151701472314506.
[I 2026-08-16 14:33:11,014] Trial 132 finished with value: 0.07167056455870605 and parameters: {'rho_e': 0.043361477818433046, 'rho_d': 0.0001326556483962073, 'nu': 2, 'sigma': 0.3781636088743585}. Best is trial 129 with value: 0.07151701472314506.
[I 2026-08-16 14:33:53,508] Trial 133 finished with value: 0.07235343789007646 and parameters: {'rho_e': 0.06735151528737834, 'rho_d': 1e-05, 'nu': 2, 'sigma': 0.4188582853953859}. Best is trial 129 with value: 0.07151701472314506.
[I 2026-08-16 14:34:35,027] Trial 134 finished with value: 0.0715823852950191 and parameters: {'rho_e': 0.04923639355277039, 'rho_d': 4.906162582533058e-05, 'nu': 2, 'sigma': 0.39586219146568963}. Best is trial 129 with value: 0.07151701472314506.
[I 2026-08-16 14:35:17,593] Trial 135 finished with value: 0.07461293304867841 and parameters: {'rho_e': 0.04555782563196018, 'rho_d': 7.736314379777539e-05, 'nu': 36, 'sigma': 0.4310508445168171}. Best is trial 129 with value: 0.07151701472314506.
[I 2026-08-16 14:35:59,417] Trial 136 finished with value: 0.08640450631692569 and parameters: {'rho_e': 0.00020836848617748272, 'rho_d': 1e-05, 'nu': 36, 'sigma': 0.0}. Best is trial 129 with value: 0.07151701472314506.
[I 2026-08-16 14:36:42,033] Trial 137 finished with value: 0.07152298177983764 and parameters: {'rho_e': 0.04833948332230541, 'rho_d': 5.598692986986034e-05, 'nu': 2, 'sigma': 0.36801847638589313}. Best is trial 129 with value: 0.07151701472314506.
[I 2026-08-16 14:37:24,104] Trial 138 finished with value: 0.07166569126426578 and parameters: {'rho_e': 0.04481204765260993, 'rho_d': 6.414015833388263e-05, 'nu': 2, 'sigma': 0.3987296069295084}. Best is trial 129 with value: 0.07151701472314506.
[I 2026-08-16 14:38:04,980] Trial 139 finished with value: 0.09385282431060452 and parameters: {'rho_e': 1e-05, 'rho_d': 1000.0, 'nu': 36, 'sigma': 0.0}. Best is trial 129 with value: 0.07151701472314506.
[I 2026-08-16 14:38:44,536] Trial 140 finished with value: 0.07185711189526878 and parameters: {'rho_e': 0.046819057727611656, 'rho_d': 7.388752478253208e-05, 'nu': 2, 'sigma': 0.3536045233709546}. Best is trial 129 with value: 0.07151701472314506.
[I 2026-08-16 14:39:23,899] Trial 141 finished with value: 0.09045374623973726 and parameters: {'rho_e': 41.375999001606445, 'rho_d': 1e-05, 'nu': 2, 'sigma': 0.9999999999999999}. Best is trial 129 with value: 0.07151701472314506.
[I 2026-08-16 14:40:06,570] Trial 142 finished with value: 0.07194504457855566 and parameters: {'rho_e': 0.05095934034699897, 'rho_d': 0.00012120104956723612, 'nu': 2, 'sigma': 0.42224358231349146}. Best is trial 129 with value: 0.07151701472314506.
[I 2026-08-16 14:40:48,326] Trial 143 finished with value: 0.07164523297530068 and parameters: {'rho_e': 0.04693482423107343, 'rho_d': 3.0397193212963597e-05, 'nu': 2, 'sigma': 0.3873043188090732}. Best is trial 129 with value: 0.07151701472314506.
[I 2026-08-16 14:41:30,965] Trial 144 finished with value: 0.07530621884285058 and parameters: {'rho_e': 0.5522624994607221, 'rho_d': 33.60088930082142, 'nu': 36, 'sigma': 0.6648648554545346}. Best is trial 129 with value: 0.07151701472314506.
[I 2026-08-16 14:42:12,582] Trial 145 finished with value: 0.07196259848232409 and parameters: {'rho_e': 0.036865940648953446, 'rho_d': 0.00025345055542897474, 'nu': 2, 'sigma': 0.33887367800682944}. Best is trial 129 with value: 0.07151701472314506.
[I 2026-08-16 14:42:55,111] Trial 146 finished with value: 0.07193705530963296 and parameters: {'rho_e': 0.04047572813289568, 'rho_d': 5.392402758992488e-05, 'nu': 2, 'sigma': 0.38456453362539755}. Best is trial 129 with value: 0.07151701472314506.
[I 2026-08-16 14:43:36,788] Trial 147 finished with value: 0.07673634830410264 and parameters: {'rho_e': 0.09677765730127423, 'rho_d': 50.96078860582423, 'nu': 2, 'sigma': 0.0}. Best is trial 129 with value: 0.07151701472314506.
[I 2026-08-16 14:44:19,840] Trial 148 finished with value: 0.10419116950718106 and parameters: {'rho_e': 1000.0, 'rho_d': 1000.0, 'nu': 2, 'sigma': 1.0}. Best is trial 129 with value: 0.07151701472314506.
[I 2026-08-16 14:45:01,524] Trial 149 finished with value: 0.07183336729827317 and parameters: {'rho_e': 0.04404737953910057, 'rho_d': 1e-05, 'nu': 2, 'sigma': 0.42545961876454735}. Best is trial 129 with value: 0.07151701472314506.
[I 2026-08-16 14:45:43,922] Trial 150 finished with value: 0.07184767382444546 and parameters: {'rho_e': 0.050528546947151746, 'rho_d': 2.691223957856919e-05, 'nu': 2, 'sigma': 0.3895354326049143}. Best is trial 129 with value: 0.07151701472314506.
[I 2026-08-16 14:46:25,499] Trial 151 finished with value: 0.08040849312624822 and parameters: {'rho_e': 0.05590056722121801, 'rho_d': 1e-05, 'nu': 36, 'sigma': 0.0}. Best is trial 129 with value: 0.07151701472314506.
[I 2026-08-16 14:47:07,820] Trial 152 finished with value: 0.09481549933036026 and parameters: {'rho_e': 1000.0, 'rho_d': 1e-05, 'nu': 36, 'sigma': 1.0}. Best is trial 129 with value: 0.07151701472314506.
[I 2026-08-16 14:47:49,526] Trial 153 finished with value: 0.07158585531093323 and parameters: {'rho_e': 0.04501134732302275, 'rho_d': 8.250832388253986e-05, 'nu': 2, 'sigma': 0.3389952051418511}. Best is trial 129 with value: 0.07151701472314506.
[I 2026-08-16 14:48:30,519] Trial 154 finished with value: 0.09055796733560567 and parameters: {'rho_e': 1000.0, 'rho_d': 0.03959566868974779, 'nu': 2, 'sigma': 1.0}. Best is trial 129 with value: 0.07151701472314506.
[I 2026-08-16 14:49:09,919] Trial 155 finished with value: 0.0733895089159249 and parameters: {'rho_e': 0.770612551676944, 'rho_d': 115.5869911855255, 'nu': 36, 'sigma': 0.396446948272586}. Best is trial 129 with value: 0.07151701472314506.
[I 2026-08-16 14:49:48,541] Trial 156 finished with value: 0.07181997196154467 and parameters: {'rho_e': 0.048858661175769764, 'rho_d': 0.00036955374858623006, 'nu': 2, 'sigma': 0.38867165203949644}. Best is trial 129 with value: 0.07151701472314506.
[I 2026-08-16 14:50:31,004] Trial 157 finished with value: 0.07496400498319478 and parameters: {'rho_e': 0.40269033737059007, 'rho_d': 124.37092115300433, 'nu': 36, 'sigma': 0.2555271078982374}. Best is trial 129 with value: 0.07151701472314506.
[I 2026-08-16 14:51:12,924] Trial 158 finished with value: 0.0838522594253561 and parameters: {'rho_e': 0.5412256169376641, 'rho_d': 1e-05, 'nu': 2, 'sigma': 1.0}. Best is trial 129 with value: 0.07151701472314506.
[I 2026-08-16 14:51:55,452] Trial 159 finished with value: 0.07147555376334172 and parameters: {'rho_e': 0.04407954075072322, 'rho_d': 8.920623852962268e-05, 'nu': 2, 'sigma': 0.3391556473025704}. Best is trial 159 with value: 0.07147555376334172.
[I 2026-08-16 14:52:37,149] Trial 160 finished with value: 0.07192739868425554 and parameters: {'rho_e': 0.040534966367220766, 'rho_d': 0.00010482706902167632, 'nu': 2, 'sigma': 0.3073267171189685}. Best is trial 159 with value: 0.07147555376334172.
[I 2026-08-16 14:53:19,538] Trial 161 finished with value: 0.0762939879702167 and parameters: {'rho_e': 0.08376204758622247, 'rho_d': 0.00143747920551994, 'nu': 36, 'sigma': 1.0}. Best is trial 159 with value: 0.07147555376334172.
[I 2026-08-16 14:54:01,531] Trial 162 finished with value: 0.07189085542385067 and parameters: {'rho_e': 0.04952798105806244, 'rho_d': 5.0073690001249144e-05, 'nu': 2, 'sigma': 0.3498682795389826}. Best is trial 159 with value: 0.07147555376334172.
[I 2026-08-16 14:54:43,850] Trial 163 finished with value: 0.09992177572562803 and parameters: {'rho_e': 1e-05, 'rho_d': 1000.0, 'nu': 36, 'sigma': 1.0}. Best is trial 159 with value: 0.07147555376334172.
[I 2026-08-16 14:55:25,004] Trial 164 finished with value: 0.07607986464398628 and parameters: {'rho_e': 0.1272223971018726, 'rho_d': 62.900840536839596, 'nu': 36, 'sigma': 0.0}. Best is trial 159 with value: 0.07147555376334172.
[I 2026-08-16 14:56:07,057] Trial 165 finished with value: 0.0753368747954441 and parameters: {'rho_e': 0.6756139802238087, 'rho_d': 206.8923796856989, 'nu': 36, 'sigma': 0.6039116096087972}. Best is trial 159 with value: 0.07147555376334172.
[I 2026-08-16 14:56:47,503] Trial 166 finished with value: 0.07854752073892399 and parameters: {'rho_e': 0.012915967339093849, 'rho_d': 0.0004641125136792276, 'nu': 2, 'sigma': 0.0}. Best is trial 159 with value: 0.07147555376334172.
[I 2026-08-16 14:57:26,815] Trial 167 finished with value: 0.07635479058527497 and parameters: {'rho_e': 0.0779836216049735, 'rho_d': 0.0015067494756691186, 'nu': 36, 'sigma': 0.6496985863411083}. Best is trial 159 with value: 0.07147555376334172.
[I 2026-08-16 14:58:04,567] Trial 168 finished with value: 0.07168130782293741 and parameters: {'rho_e': 0.04022065483806615, 'rho_d': 8.955296809404667e-05, 'nu': 2, 'sigma': 0.36579122714649437}. Best is trial 159 with value: 0.07147555376334172.
[I 2026-08-16 14:58:46,732] Trial 169 finished with value: 0.08632989177433541 and parameters: {'rho_e': 1e-05, 'rho_d': 0.000523553353671695, 'nu': 2, 'sigma': 0.0}. Best is trial 159 with value: 0.07147555376334172.
[I 2026-08-16 14:59:28,926] Trial 170 finished with value: 0.09384727984990232 and parameters: {'rho_e': 0.0020043089047318808, 'rho_d': 1000.0, 'nu': 36, 'sigma': 0.0}. Best is trial 159 with value: 0.07147555376334172.
[I 2026-08-16 15:00:09,215] Trial 171 finished with value: 0.09403302459606803 and parameters: {'rho_e': 1e-05, 'rho_d': 0.05205266003567487, 'nu': 36, 'sigma': 0.0}. Best is trial 159 with value: 0.07147555376334172.
[I 2026-08-16 15:00:51,278] Trial 172 finished with value: 0.0785564278021072 and parameters: {'rho_e': 0.6676506249111138, 'rho_d': 1000.0, 'nu': 36, 'sigma': 0.0}. Best is trial 159 with value: 0.07147555376334172.
[I 2026-08-16 15:01:33,903] Trial 173 finished with value: 0.07570954371435554 and parameters: {'rho_e': 1.8650408584127371, 'rho_d': 1000.0, 'nu': 36, 'sigma': 0.3935925914719156}. Best is trial 159 with value: 0.07147555376334172.
[I 2026-08-16 15:02:16,651] Trial 174 finished with value: 0.07857818852076166 and parameters: {'rho_e': 2.9528311202302175, 'rho_d': 1000.0, 'nu': 2, 'sigma': 0.4181219238957}. Best is trial 159 with value: 0.07147555376334172.
[I 2026-08-16 15:02:59,474] Trial 175 finished with value: 0.07942597094517223 and parameters: {'rho_e': 1.6704033435848589, 'rho_d': 1000.0, 'nu': 36, 'sigma': 1.0}. Best is trial 159 with value: 0.07147555376334172.
[I 2026-08-16 15:03:42,318] Trial 176 finished with value: 0.07656250450876215 and parameters: {'rho_e': 2.623111020242857, 'rho_d': 1000.0, 'nu': 36, 'sigma': 0.6718203503035801}. Best is trial 159 with value: 0.07147555376334172.
[I 2026-08-16 15:04:25,094] Trial 177 finished with value: 0.07729313259022935 and parameters: {'rho_e': 0.06600343314144114, 'rho_d': 1e-05, 'nu': 36, 'sigma': 0.39677208721914037}. Best is trial 159 with value: 0.07147555376334172.
[I 2026-08-16 15:05:07,042] Trial 178 finished with value: 0.07571709062014506 and parameters: {'rho_e': 1.4114415726891294, 'rho_d': 137.6762473488429, 'nu': 24, 'sigma': 0.5246796003235693}. Best is trial 159 with value: 0.07147555376334172.
[I 2026-08-16 15:05:49,800] Trial 179 finished with value: 0.08222500413578118 and parameters: {'rho_e': 0.2887525546578277, 'rho_d': 12.280923894848625, 'nu': 36, 'sigma': 1.0}. Best is trial 159 with value: 0.07147555376334172.
