[I 2026-08-16 15:50:19,982] Trial 88 finished with value: 0.08079974948595635 and parameters: {'rho_e': 0.10955683436189492, 'rho_d': 17.335641105180176, 'nu': 30, 'sigma': 0.9665030333402096}. Best is trial 56 with value: 0.06691133723282826.
[I 2026-08-16 15:51:11,798] Trial 89 finished with value: 0.09658267692962336 and parameters: {'rho_e': 404.0017816903608, 'rho_d': 1.7029913359385358, 'nu': 8, 'sigma': 0.7748778573795911}. Best is trial 56 with value: 0.06691133723282826.
[I 2026-08-16 15:52:04,672] Trial 90 finished with value: 0.07836461684174605 and parameters: {'rho_e': 6.687532104035759e-05, 'rho_d': 0.017658739928068382, 'nu': 23, 'sigma': 0.29099843561974764}. Best is trial 56 with value: 0.06691133723282826.
[I 2026-08-16 15:52:56,792] Trial 91 finished with value: 0.0859336677561268 and parameters: {'rho_e': 1.9771401749850168, 'rho_d': 0.05984121945521464, 'nu': 35, 'sigma': 0.8944799975093669}. Best is trial 56 with value: 0.06691133723282826.
[I 2026-08-16 15:53:49,813] Trial 92 finished with value: 0.06967010218957048 and parameters: {'rho_e': 40.24790330007283, 'rho_d': 200.98181792944928, 'nu': 15, 'sigma': 0.4706039997045142}. Best is trial 56 with value: 0.06691133723282826.
[I 2026-08-16 15:54:42,515] Trial 93 finished with value: 0.08707735396426128 and parameters: {'rho_e': 0.007468269893370547, 'rho_d': 1.61286970740552e-05, 'nu': 26, 'sigma': 0.7062855262944665}. Best is trial 56 with value: 0.06691133723282826.
[I 2026-08-16 15:55:35,416] Trial 94 finished with value: 0.08112215024524301 and parameters: {'rho_e': 0.0023898071675510797, 'rho_d': 0.5105799785763581, 'nu': 3, 'sigma': 0.12408622300734228}. Best is trial 56 with value: 0.06691133723282826.
[I 2026-08-16 15:56:28,419] Trial 95 finished with value: 0.07362004636415881 and parameters: {'rho_e': 0.016506505170872286, 'rho_d': 0.0067545827302765695, 'nu': 13, 'sigma': 0.15750510918850885}. Best is trial 56 with value: 0.06691133723282826.
[I 2026-08-16 15:57:21,172] Trial 96 finished with value: 0.08618369675624812 and parameters: {'rho_e': 8.919454905898495e-05, 'rho_d': 0.1301658122748069, 'nu': 23, 'sigma': 0.48334819167680704}. Best is trial 56 with value: 0.06691133723282826.
[I 2026-08-16 15:58:14,179] Trial 97 finished with value: 0.0911733774180401 and parameters: {'rho_e': 167.59176445305437, 'rho_d': 0.0003270573651194096, 'nu': 33, 'sigma': 0.8028864249055724}. Best is trial 56 with value: 0.06691133723282826.
[I 2026-08-16 15:59:07,148] Trial 98 finished with value: 0.07997603480592771 and parameters: {'rho_e': 0.0003329223434176967, 'rho_d': 0.00014468150177905916, 'nu': 2, 'sigma': 0.25371662350737295}. Best is trial 56 with value: 0.06691133723282826.
[I 2026-08-16 16:00:00,109] Trial 99 finished with value: 0.09374496286197964 and parameters: {'rho_e': 0.005144397214248984, 'rho_d': 0.0007543567094497256, 'nu': 27, 'sigma': 0.9544511364446193}. Best is trial 56 with value: 0.06691133723282826.
[I 2026-08-16 16:00:55,123] Trial 100 finished with value: 0.06754878353388728 and parameters: {'rho_e': 21.57127496884277, 'rho_d': 1000.0, 'nu': 3, 'sigma': 0.20924807559240663}. Best is trial 56 with value: 0.06691133723282826.
[I 2026-08-16 16:01:46,946] Trial 101 finished with value: 0.0697088026825751 and parameters: {'rho_e': 45.80202536553214, 'rho_d': 1000.0, 'nu': 20, 'sigma': 0.5026677138193109}. Best is trial 56 with value: 0.06691133723282826.
[I 2026-08-16 16:02:39,773] Trial 102 finished with value: 0.07301729584092036 and parameters: {'rho_e': 7.72611243531024, 'rho_d': 1000.0, 'nu': 8, 'sigma': 0.0}. Best is trial 56 with value: 0.06691133723282826.
[I 2026-08-16 16:03:31,893] Trial 103 finished with value: 0.07426312400363189 and parameters: {'rho_e': 944.5519577281481, 'rho_d': 1000.0, 'nu': 36, 'sigma': 0.5133780497498023}. Best is trial 56 with value: 0.06691133723282826.
[I 2026-08-16 16:04:24,826] Trial 104 finished with value: 0.0684843813695585 and parameters: {'rho_e': 45.09194697456807, 'rho_d': 1000.0, 'nu': 36, 'sigma': 0.7702731098811009}. Best is trial 56 with value: 0.06691133723282826.
[I 2026-08-16 16:05:17,776] Trial 105 finished with value: 0.06735641580080504 and parameters: {'rho_e': 26.59663763680142, 'rho_d': 1000.0, 'nu': 16, 'sigma': 0.25533515689779984}. Best is trial 56 with value: 0.06691133723282826.
[I 2026-08-16 16:06:10,812] Trial 106 finished with value: 0.0667581698109114 and parameters: {'rho_e': 0.06335695171816744, 'rho_d': 0.0008849720784438755, 'nu': 36, 'sigma': 0.3101705968680263}. Best is trial 106 with value: 0.0667581698109114.
[I 2026-08-16 16:07:03,233] Trial 107 finished with value: 0.06881406685092101 and parameters: {'rho_e': 165.67395620527796, 'rho_d': 1000.0, 'nu': 2, 'sigma': 0.04868583393428236}. Best is trial 106 with value: 0.0667581698109114.
[I 2026-08-16 16:07:56,234] Trial 108 finished with value: 0.06639080454770077 and parameters: {'rho_e': 51.2053278337319, 'rho_d': 1000.0, 'nu': 36, 'sigma': 0.4875110210595997}. Best is trial 108 with value: 0.06639080454770077.
[I 2026-08-16 16:08:49,251] Trial 109 finished with value: 0.07825076084470053 and parameters: {'rho_e': 0.0008348204088800232, 'rho_d': 1e-05, 'nu': 36, 'sigma': 0.0}. Best is trial 108 with value: 0.06639080454770077.
[I 2026-08-16 16:09:42,524] Trial 110 finished with value: 0.07113930089640974 and parameters: {'rho_e': 157.15493372254298, 'rho_d': 1000.0, 'nu': 36, 'sigma': 0.0}. Best is trial 108 with value: 0.06639080454770077.
[I 2026-08-16 16:10:35,960] Trial 111 finished with value: 0.06494081268612034 and parameters: {'rho_e': 0.09998607167864888, 'rho_d': 0.0010671250681499446, 'nu': 36, 'sigma': 0.438541212722423}. Best is trial 111 with value: 0.06494081268612034.
[I 2026-08-16 16:11:28,986] Trial 112 finished with value: 0.06530503967730396 and parameters: {'rho_e': 0.10010123484925393, 'rho_d': 0.0031409764163197666, 'nu': 36, 'sigma': 0.4414210111773847}. Best is trial 111 with value: 0.06494081268612034.
[I 2026-08-16 16:12:22,801] Trial 113 finished with value: 0.0648581791253042 and parameters: {'rho_e': 0.9957509148279649, 'rho_d': 12.432651406985226, 'nu': 2, 'sigma': 0.1060183860743963}. Best is trial 113 with value: 0.0648581791253042.
[I 2026-08-16 16:13:17,024] Trial 114 finished with value: 0.06541520533120851 and parameters: {'rho_e': 2.2506706923518993, 'rho_d': 32.71697138913444, 'nu': 2, 'sigma': 0.17107319352590966}. Best is trial 113 with value: 0.0648581791253042.
[I 2026-08-16 16:14:11,352] Trial 115 finished with value: 0.06434359289286172 and parameters: {'rho_e': 0.7896907419441435, 'rho_d': 9.852340057857221, 'nu': 2, 'sigma': 0.1660648738152915}. Best is trial 115 with value: 0.06434359289286172.
[I 2026-08-16 16:15:05,604] Trial 116 finished with value: 0.066220184815977 and parameters: {'rho_e': 46.18365038897386, 'rho_d': 299.55948468316393, 'nu': 2, 'sigma': 0.280353984657564}. Best is trial 115 with value: 0.06434359289286172.
[I 2026-08-16 16:15:59,510] Trial 117 finished with value: 0.07259250228361885 and parameters: {'rho_e': 0.024129113747996058, 'rho_d': 1e-05, 'nu': 2, 'sigma': 0.0}. Best is trial 115 with value: 0.06434359289286172.
[I 2026-08-16 16:16:53,039] Trial 118 finished with value: 0.06636020201970336 and parameters: {'rho_e': 0.44439884211901903, 'rho_d': 5.053158774047376, 'nu': 2, 'sigma': 0.13802587000737543}. Best is trial 115 with value: 0.06434359289286172.
[I 2026-08-16 16:17:45,423] Trial 119 finished with value: 0.06515738910573343 and parameters: {'rho_e': 1.0375550920008592, 'rho_d': 14.321043532941381, 'nu': 2, 'sigma': 0.20526620670610557}. Best is trial 115 with value: 0.06434359289286172.
[I 2026-08-16 16:18:37,814] Trial 120 finished with value: 0.07825952032885795 and parameters: {'rho_e': 1e-05, 'rho_d': 1e-05, 'nu': 36, 'sigma': 0.0}. Best is trial 115 with value: 0.06434359289286172.
[I 2026-08-16 16:19:30,122] Trial 121 finished with value: 0.06492499275925437 and parameters: {'rho_e': 0.11461481204604802, 'rho_d': 0.002279801958690966, 'nu': 25, 'sigma': 0.33899236368245667}. Best is trial 115 with value: 0.06434359289286172.
[I 2026-08-16 16:20:22,605] Trial 122 finished with value: 0.06835004112972048 and parameters: {'rho_e': 0.2413310227153686, 'rho_d': 1e-05, 'nu': 36, 'sigma': 0.5190947312974373}. Best is trial 115 with value: 0.06434359289286172.
[I 2026-08-16 16:21:14,812] Trial 123 finished with value: 0.06646374428250451 and parameters: {'rho_e': 0.16908079395733752, 'rho_d': 0.0004260062325680867, 'nu': 36, 'sigma': 0.5197844196052624}. Best is trial 115 with value: 0.06434359289286172.
[I 2026-08-16 16:22:08,171] Trial 124 finished with value: 0.06496058022953885 and parameters: {'rho_e': 0.9051368024359062, 'rho_d': 12.074003596312082, 'nu': 9, 'sigma': 0.15425985736660217}. Best is trial 115 with value: 0.06434359289286172.
[I 2026-08-16 16:23:01,381] Trial 125 finished with value: 0.06396521151764195 and parameters: {'rho_e': 1.3311162138486772, 'rho_d': 7.848225747398729, 'nu': 2, 'sigma': 0.1488641216982243}. Best is trial 125 with value: 0.06396521151764195.
[I 2026-08-16 16:23:54,692] Trial 126 finished with value: 0.06523092991557294 and parameters: {'rho_e': 1.4001428372496818, 'rho_d': 6.837231459394944, 'nu': 2, 'sigma': 0.14434937874016515}. Best is trial 125 with value: 0.06396521151764195.
[I 2026-08-16 16:24:47,795] Trial 127 finished with value: 0.07220361499419348 and parameters: {'rho_e': 312.6035961456312, 'rho_d': 1000.0, 'nu': 36, 'sigma': 1.0}. Best is trial 125 with value: 0.06396521151764195.
[I 2026-08-16 16:25:40,775] Trial 128 finished with value: 0.06947969454844838 and parameters: {'rho_e': 1.4533437669996618, 'rho_d': 16.631092762458863, 'nu': 2, 'sigma': 0.0}. Best is trial 125 with value: 0.06396521151764195.
[I 2026-08-16 16:26:33,927] Trial 129 finished with value: 0.0648728396915427 and parameters: {'rho_e': 1.1518155566771946, 'rho_d': 8.703866238800819, 'nu': 2, 'sigma': 0.21959650627768273}. Best is trial 125 with value: 0.06396521151764195.
[I 2026-08-16 16:27:27,306] Trial 130 finished with value: 0.07825952032885795 and parameters: {'rho_e': 1e-05, 'rho_d': 1e-05, 'nu': 2, 'sigma': 0.0}. Best is trial 125 with value: 0.06396521151764195.
[I 2026-08-16 16:28:20,562] Trial 131 finished with value: 0.06581573945755641 and parameters: {'rho_e': 0.1066348842610082, 'rho_d': 0.007895538991119087, 'nu': 36, 'sigma': 0.318013433519071}. Best is trial 125 with value: 0.06396521151764195.
[I 2026-08-16 16:29:13,961] Trial 132 finished with value: 0.06663231051503458 and parameters: {'rho_e': 9.799889817257244, 'rho_d': 132.1193066823826, 'nu': 2, 'sigma': 0.279165439468815}. Best is trial 125 with value: 0.06396521151764195.
[I 2026-08-16 16:30:07,320] Trial 133 finished with value: 0.06835367422253477 and parameters: {'rho_e': 239.52764343157554, 'rho_d': 1000.0, 'nu': 2, 'sigma': 0.3685605861300509}. Best is trial 125 with value: 0.06396521151764195.
[I 2026-08-16 16:31:00,570] Trial 134 finished with value: 0.06569021748279022 and parameters: {'rho_e': 0.8406474988767372, 'rho_d': 7.198863946001218, 'nu': 8, 'sigma': 0.2141742550696907}. Best is trial 125 with value: 0.06396521151764195.
[I 2026-08-16 16:31:53,733] Trial 135 finished with value: 0.0717028219544229 and parameters: {'rho_e': 7.719038492502297, 'rho_d': 246.33627067025466, 'nu': 36, 'sigma': 1.0}. Best is trial 125 with value: 0.06396521151764195.
[I 2026-08-16 16:32:46,900] Trial 136 finished with value: 0.08572976427842552 and parameters: {'rho_e': 1000.0, 'rho_d': 1000.0, 'nu': 2, 'sigma': 0.0}. Best is trial 125 with value: 0.06396521151764195.
[I 2026-08-16 16:33:40,033] Trial 137 finished with value: 0.06589963394850738 and parameters: {'rho_e': 92.37778178625453, 'rho_d': 999.999999999998, 'nu': 13, 'sigma': 0.2188836551638402}. Best is trial 125 with value: 0.06396521151764195.
[I 2026-08-16 16:34:33,046] Trial 138 finished with value: 0.06799006045104496 and parameters: {'rho_e': 0.05879392754681947, 'rho_d': 0.0005724507726552487, 'nu': 2, 'sigma': 0.0}. Best is trial 125 with value: 0.06396521151764195.
[I 2026-08-16 16:35:26,210] Trial 139 finished with value: 0.0646420495619874 and parameters: {'rho_e': 0.10586146772786297, 'rho_d': 0.0007143986436204949, 'nu': 20, 'sigma': 0.20719171571533215}. Best is trial 125 with value: 0.06396521151764195.
[I 2026-08-16 16:36:18,665] Trial 140 finished with value: 0.0657489523255408 and parameters: {'rho_e': 0.1480597809549646, 'rho_d': 0.0011636231829695008, 'nu': 29, 'sigma': 0.3094134133966614}. Best is trial 125 with value: 0.06396521151764195.
[I 2026-08-16 16:37:11,178] Trial 141 finished with value: 0.06632675888279782 and parameters: {'rho_e': 92.12535212930104, 'rho_d': 1000.0, 'nu': 36, 'sigma': 0.3010242802579339}. Best is trial 125 with value: 0.06396521151764195.
[I 2026-08-16 16:38:03,815] Trial 142 finished with value: 0.06421622722627646 and parameters: {'rho_e': 0.10092383304847675, 'rho_d': 0.001826797187048975, 'nu': 17, 'sigma': 0.21151916167599827}. Best is trial 125 with value: 0.06396521151764195.
[I 2026-08-16 16:38:56,574] Trial 143 finished with value: 0.06538172893047015 and parameters: {'rho_e': 0.07554103938593275, 'rho_d': 0.001151841045722247, 'nu': 19, 'sigma': 0.16347603181693565}. Best is trial 125 with value: 0.06396521151764195.
[I 2026-08-16 16:39:49,776] Trial 144 finished with value: 0.06441472390531884 and parameters: {'rho_e': 0.12784534091188487, 'rho_d': 0.0019603766472435467, 'nu': 14, 'sigma': 0.2245792108496439}. Best is trial 125 with value: 0.06396521151764195.
[I 2026-08-16 16:40:43,040] Trial 145 finished with value: 0.06418707952842362 and parameters: {'rho_e': 0.12728743467277612, 'rho_d': 0.0009034777479514934, 'nu': 12, 'sigma': 0.1922907820849762}. Best is trial 125 with value: 0.06396521151764195.
[I 2026-08-16 16:41:36,642] Trial 146 finished with value: 0.06462511666015318 and parameters: {'rho_e': 0.1299761392404374, 'rho_d': 0.001313599885532327, 'nu': 16, 'sigma': 0.23864705085942053}. Best is trial 125 with value: 0.06396521151764195.
[I 2026-08-16 16:42:30,678] Trial 147 finished with value: 0.06412852622438078 and parameters: {'rho_e': 0.11767699016988631, 'rho_d': 0.0019270155443363993, 'nu': 8, 'sigma': 0.17000751144839502}. Best is trial 125 with value: 0.06396521151764195.
[I 2026-08-16 16:43:25,831] Trial 148 finished with value: 0.06406105493061415 and parameters: {'rho_e': 0.11480389601198289, 'rho_d': 0.0014646598421392957, 'nu': 11, 'sigma': 0.17241641131658517}. Best is trial 125 with value: 0.06396521151764195.
[I 2026-08-16 16:44:20,258] Trial 149 finished with value: 0.06372289207015908 and parameters: {'rho_e': 0.13602333351359056, 'rho_d': 0.0020331600223510403, 'nu': 2, 'sigma': 0.16112913473009566}. Best is trial 149 with value: 0.06372289207015908.
[I 2026-08-16 16:45:14,430] Trial 150 finished with value: 0.0634445109412245 and parameters: {'rho_e': 0.1250739002874806, 'rho_d': 0.0035130153786887643, 'nu': 2, 'sigma': 0.16969460533827674}. Best is trial 150 with value: 0.0634445109412245.
[I 2026-08-16 16:46:08,332] Trial 151 finished with value: 0.06301877787327839 and parameters: {'rho_e': 0.131712161148712, 'rho_d': 0.0049321750237383425, 'nu': 2, 'sigma': 0.19587863434195416}. Best is trial 151 with value: 0.06301877787327839.
[I 2026-08-16 16:47:01,916] Trial 152 finished with value: 0.0633922279137269 and parameters: {'rho_e': 0.13847377639246333, 'rho_d': 0.007570435260914134, 'nu': 2, 'sigma': 0.2283483004295871}. Best is trial 151 with value: 0.06301877787327839.
[I 2026-08-16 16:47:54,451] Trial 153 finished with value: 0.06341143119708144 and parameters: {'rho_e': 0.11009145554264275, 'rho_d': 0.007222386496706297, 'nu': 2, 'sigma': 0.1641600406863267}. Best is trial 151 with value: 0.06301877787327839.
[I 2026-08-16 16:48:47,860] Trial 154 finished with value: 0.06370242393459606 and parameters: {'rho_e': 0.1600227731628617, 'rho_d': 0.005362303525640859, 'nu': 2, 'sigma': 0.19559612147694813}. Best is trial 151 with value: 0.06301877787327839.
[I 2026-08-16 16:49:41,283] Trial 155 finished with value: 0.06310713626902167 and parameters: {'rho_e': 0.10433594718003311, 'rho_d': 0.004852514820111089, 'nu': 2, 'sigma': 0.20343629824937262}. Best is trial 151 with value: 0.06301877787327839.
[I 2026-08-16 16:50:34,799] Trial 156 finished with value: 0.062994953733553 and parameters: {'rho_e': 0.10592847963578406, 'rho_d': 0.004922352806582712, 'nu': 2, 'sigma': 0.20292753465590188}. Best is trial 156 with value: 0.062994953733553.
[I 2026-08-16 16:51:28,018] Trial 157 finished with value: 0.06304611526480022 and parameters: {'rho_e': 0.10564807956764125, 'rho_d': 0.004982882517728777, 'nu': 2, 'sigma': 0.2045457057611965}. Best is trial 156 with value: 0.062994953733553.
[I 2026-08-16 16:52:21,081] Trial 158 finished with value: 0.06650655755877269 and parameters: {'rho_e': 0.12775873762943307, 'rho_d': 1e-05, 'nu': 36, 'sigma': 0.21069364452050454}. Best is trial 156 with value: 0.062994953733553.
[I 2026-08-16 16:53:14,246] Trial 159 finished with value: 0.06324764880833617 and parameters: {'rho_e': 0.10602779566009866, 'rho_d': 0.006133253287925191, 'nu': 2, 'sigma': 0.21041617836019064}. Best is trial 156 with value: 0.062994953733553.
[I 2026-08-16 16:54:07,323] Trial 160 finished with value: 0.06335588280924151 and parameters: {'rho_e': 0.10480798127000146, 'rho_d': 0.004214741957233249, 'nu': 2, 'sigma': 0.19562842945685385}. Best is trial 156 with value: 0.062994953733553.
[I 2026-08-16 16:55:00,520] Trial 161 finished with value: 0.06529989358252379 and parameters: {'rho_e': 0.14632558311436628, 'rho_d': 1e-05, 'nu': 12, 'sigma': 0.1492644939703853}. Best is trial 156 with value: 0.062994953733553.
[I 2026-08-16 16:55:53,813] Trial 162 finished with value: 0.07021988621018173 and parameters: {'rho_e': 0.16470547300904775, 'rho_d': 1e-05, 'nu': 19, 'sigma': 0.0}. Best is trial 156 with value: 0.062994953733553.
[I 2026-08-16 16:56:46,979] Trial 163 finished with value: 0.06507337644238666 and parameters: {'rho_e': 0.12338435727764778, 'rho_d': 5.602033932413165e-05, 'nu': 17, 'sigma': 0.18658036623621632}. Best is trial 156 with value: 0.062994953733553.
[I 2026-08-16 16:57:39,323] Trial 164 finished with value: 0.08885087079134427 and parameters: {'rho_e': 1e-05, 'rho_d': 1e-05, 'nu': 36, 'sigma': 1.0}. Best is trial 156 with value: 0.062994953733553.
[I 2026-08-16 16:58:32,338] Trial 165 finished with value: 0.06402242525532226 and parameters: {'rho_e': 0.11089620125828499, 'rho_d': 0.007362339556487711, 'nu': 7, 'sigma': 0.22349915261674794}. Best is trial 156 with value: 0.062994953733553.
[I 2026-08-16 16:59:25,675] Trial 166 finished with value: 0.06469940575379633 and parameters: {'rho_e': 0.13415077128950056, 'rho_d': 1e-05, 'nu': 21, 'sigma': 0.27238559802875}. Best is trial 156 with value: 0.062994953733553.
[I 2026-08-16 17:00:18,781] Trial 167 finished with value: 0.08418533649317994 and parameters: {'rho_e': 1e-05, 'rho_d': 0.1768107284656124, 'nu': 36, 'sigma': 0.0}. Best is trial 156 with value: 0.062994953733553.
[I 2026-08-16 17:01:11,918] Trial 168 finished with value: 0.06304422081327613 and parameters: {'rho_e': 0.11650790086156732, 'rho_d': 0.003981294485423572, 'nu': 2, 'sigma': 0.21167596017622614}. Best is trial 156 with value: 0.062994953733553.
[I 2026-08-16 17:02:04,881] Trial 169 finished with value: 0.0631319870309235 and parameters: {'rho_e': 0.1017352253516474, 'rho_d': 0.004277611889009768, 'nu': 2, 'sigma': 0.17856819986858988}. Best is trial 156 with value: 0.062994953733553.
[I 2026-08-16 17:02:58,016] Trial 170 finished with value: 0.07366578352847745 and parameters: {'rho_e': 0.34756877062583713, 'rho_d': 1e-05, 'nu': 36, 'sigma': 1.0}. Best is trial 156 with value: 0.062994953733553.
[I 2026-08-16 17:03:51,119] Trial 171 finished with value: 0.06289571257449479 and parameters: {'rho_e': 0.11605200933882563, 'rho_d': 0.004009038137104605, 'nu': 2, 'sigma': 0.21104686343250167}. Best is trial 171 with value: 0.06289571257449479.
[I 2026-08-16 17:04:44,320] Trial 172 finished with value: 0.0674119387175636 and parameters: {'rho_e': 0.3340421669165955, 'rho_d': 6.114452226152317, 'nu': 36, 'sigma': 0.259094172554322}. Best is trial 171 with value: 0.06289571257449479.
[I 2026-08-16 17:05:37,623] Trial 173 finished with value: 0.06357281142503925 and parameters: {'rho_e': 0.1598240053902588, 'rho_d': 1e-05, 'nu': 2, 'sigma': 0.27289784510503484}. Best is trial 171 with value: 0.06289571257449479.
[I 2026-08-16 17:06:30,967] Trial 174 finished with value: 0.06696264399522628 and parameters: {'rho_e': 0.24579798669668587, 'rho_d': 1e-05, 'nu': 2, 'sigma': 0.3697745182193966}. Best is trial 171 with value: 0.06289571257449479.
[I 2026-08-16 17:07:24,620] Trial 175 finished with value: 0.06372551494415524 and parameters: {'rho_e': 0.09579968743049617, 'rho_d': 1e-05, 'nu': 2, 'sigma': 0.2271347307780196}. Best is trial 171 with value: 0.06289571257449479.
[I 2026-08-16 17:08:18,638] Trial 176 finished with value: 0.0945606117907495 and parameters: {'rho_e': 1000.0, 'rho_d': 1000.0, 'nu': 2, 'sigma': 1.0}. Best is trial 171 with value: 0.06289571257449479.
[I 2026-08-16 17:09:13,308] Trial 177 finished with value: 0.0708311705339355 and parameters: {'rho_e': 0.3504411704786275, 'rho_d': 14.608432511244267, 'nu': 36, 'sigma': 0.0}. Best is trial 171 with value: 0.06289571257449479.
[I 2026-08-16 17:10:07,729] Trial 178 finished with value: 0.06390214216820006 and parameters: {'rho_e': 0.10178517527334602, 'rho_d': 4.1241868480169074e-05, 'nu': 2, 'sigma': 0.11183030251413584}. Best is trial 171 with value: 0.06289571257449479.
[I 2026-08-16 17:11:01,931] Trial 179 finished with value: 0.06256121631338647 and parameters: {'rho_e': 0.14503676427555603, 'rho_d': 2.6491647144795174e-05, 'nu': 2, 'sigma': 0.1996316110077788}. Best is trial 179 with value: 0.06256121631338647.
