[I 2026-08-16 14:06:58,581] Trial 180 finished with value: 0.07152487375252378 and parameters: {'rho_e': 0.08777295391465403, 'rho_d': 0.1000656443837388, 'nu': 2, 'sigma': 0.4792119182980392}. Best is trial 177 with value: 0.07123655439956034.
[I 2026-08-16 14:07:35,893] Trial 181 finished with value: 0.0863572410516598 and parameters: {'rho_e': 9.00399029482503, 'rho_d': 1e-05, 'nu': 2, 'sigma': 1.0}. Best is trial 177 with value: 0.07123655439956034.
[I 2026-08-16 14:08:13,359] Trial 182 finished with value: 0.07123655439956034 and parameters: {'rho_e': 0.07498595811042702, 'rho_d': 0.08879744192778025, 'nu': 2, 'sigma': 0.5249223956237233}. Best is trial 177 with value: 0.07123655439956034.
[I 2026-08-16 14:08:51,401] Trial 183 finished with value: 0.0719635336277436 and parameters: {'rho_e': 0.09193902001253676, 'rho_d': 0.07436355155460278, 'nu': 2, 'sigma': 0.5171021748972416}. Best is trial 177 with value: 0.07123655439956034.
[I 2026-08-16 14:09:29,322] Trial 184 finished with value: 0.0714251704369154 and parameters: {'rho_e': 0.08725264509276087, 'rho_d': 0.12791138945847727, 'nu': 2, 'sigma': 0.5646416488568115}. Best is trial 177 with value: 0.07123655439956034.
[I 2026-08-16 14:10:07,250] Trial 185 finished with value: 0.09583580657056395 and parameters: {'rho_e': 1e-05, 'rho_d': 1000.0, 'nu': 36, 'sigma': 0.0}. Best is trial 177 with value: 0.07123655439956034.
[I 2026-08-16 14:10:45,346] Trial 186 finished with value: 0.07123655439956034 and parameters: {'rho_e': 0.07498595811042702, 'rho_d': 0.08879744192778025, 'nu': 2, 'sigma': 0.5249223956237233}. Best is trial 177 with value: 0.07123655439956034.
[I 2026-08-16 14:11:23,286] Trial 187 finished with value: 0.07123655439956034 and parameters: {'rho_e': 0.07498595811042702, 'rho_d': 0.08879744192778025, 'nu': 2, 'sigma': 0.5249223956237233}. Best is trial 177 with value: 0.07123655439956034.
[I 2026-08-16 14:12:01,160] Trial 188 finished with value: 0.07123655439956034 and parameters: {'rho_e': 0.07498595811042702, 'rho_d': 0.08879744192778025, 'nu': 2, 'sigma': 0.5249223956237233}. Best is trial 177 with value: 0.07123655439956034.
[I 2026-08-16 14:12:38,899] Trial 189 finished with value: 0.07123655439956032 and parameters: {'rho_e': 0.07498595811042716, 'rho_d': 0.08879744192778025, 'nu': 2, 'sigma': 0.5249223956237233}. Best is trial 189 with value: 0.07123655439956032.
[I 2026-08-16 14:13:16,431] Trial 190 finished with value: 0.071269766978233 and parameters: {'rho_e': 0.08275635538826984, 'rho_d': 0.11812165451800599, 'nu': 2, 'sigma': 0.5569427021840454}. Best is trial 189 with value: 0.07123655439956032.
[I 2026-08-16 14:13:53,846] Trial 191 finished with value: 0.07123655439956032 and parameters: {'rho_e': 0.07498595811042716, 'rho_d': 0.08879744192778025, 'nu': 2, 'sigma': 0.5249223956237233}. Best is trial 189 with value: 0.07123655439956032.
[I 2026-08-16 14:14:31,276] Trial 192 finished with value: 0.07123655439956032 and parameters: {'rho_e': 0.07498595811042716, 'rho_d': 0.0887974419277804, 'nu': 2, 'sigma': 0.5249223956237233}. Best is trial 189 with value: 0.07123655439956032.
[I 2026-08-16 14:15:08,657] Trial 193 finished with value: 0.07123655439956032 and parameters: {'rho_e': 0.07498595811042716, 'rho_d': 0.0887974419277804, 'nu': 2, 'sigma': 0.5249223956237233}. Best is trial 189 with value: 0.07123655439956032.
[I 2026-08-16 14:15:46,002] Trial 194 finished with value: 0.07123655439956032 and parameters: {'rho_e': 0.07498595811042716, 'rho_d': 0.08879744192778025, 'nu': 2, 'sigma': 0.5249223956237233}. Best is trial 189 with value: 0.07123655439956032.
[I 2026-08-16 14:16:23,315] Trial 195 finished with value: 0.07097271816735334 and parameters: {'rho_e': 0.08052017600283227, 'rho_d': 0.11424485734258688, 'nu': 2, 'sigma': 0.5523820485888162}. Best is trial 195 with value: 0.07097271816735334.
[I 2026-08-16 14:17:00,575] Trial 196 finished with value: 0.09004529702698456 and parameters: {'rho_e': 1e-05, 'rho_d': 0.00390253811459039, 'nu': 2, 'sigma': 1.0}. Best is trial 195 with value: 0.07097271816735334.
[I 2026-08-16 14:17:37,715] Trial 197 finished with value: 0.07384978758007887 and parameters: {'rho_e': 0.08330218445194143, 'rho_d': 0.15716490682538992, 'nu': 7, 'sigma': 0.561832900155255}. Best is trial 195 with value: 0.07097271816735334.
[I 2026-08-16 14:18:14,777] Trial 198 finished with value: 0.0777932678570621 and parameters: {'rho_e': 0.27978022209460257, 'rho_d': 26.481540580005955, 'nu': 2, 'sigma': 0.0}. Best is trial 195 with value: 0.07097271816735334.
[I 2026-08-16 14:18:51,869] Trial 199 finished with value: 0.07853730258362443 and parameters: {'rho_e': 1.1996533894213304, 'rho_d': 73.69263082776071, 'nu': 36, 'sigma': 0.0}. Best is trial 195 with value: 0.07097271816735334.
/home/gterren/dynamic_update/functional_forecast_dynamic_update/scripts/validate_zone_ffc_mpi.py:1094: FutureWarning: The behavior of DataFrame concatenation with empty or all-NA entries is deprecated. In a future version, this will no longer exclude empty or all-NA columns when determining the result dtypes. To retain the old behavior, exclude the relevant entries before the concat operation.
  results_df = pd.concat([results_df, prob_results], axis = 0, ignore_index=True)
