[I 2026-08-16 17:45:30,480] Trial 181 finished with value: 0.13189276836779712 and parameters: {'rho_e': 1000.0, 'rho_d': 1000.0, 'nu': 36, 'sigma': 0.0}. Best is trial 179 with value: 0.0676084271292817.
[I 2026-08-16 17:46:07,738] Trial 182 finished with value: 0.07503917277398005 and parameters: {'rho_e': 1.7813710402775822, 'rho_d': 1000.0, 'nu': 36, 'sigma': 0.23258842881690597}. Best is trial 179 with value: 0.0676084271292817.
[I 2026-08-16 17:46:45,078] Trial 183 finished with value: 0.07557938587850858 and parameters: {'rho_e': 4.735248243593138e-05, 'rho_d': 1e-05, 'nu': 2, 'sigma': 0.1650737043699248}. Best is trial 179 with value: 0.0676084271292817.
[I 2026-08-16 17:47:22,369] Trial 184 finished with value: 0.0760278250073479 and parameters: {'rho_e': 0.008665442513163115, 'rho_d': 1e-05, 'nu': 36, 'sigma': 0.0}. Best is trial 179 with value: 0.0676084271292817.
[I 2026-08-16 17:47:59,611] Trial 185 finished with value: 0.12607488778312004 and parameters: {'rho_e': 1000.0, 'rho_d': 1e-05, 'nu': 2, 'sigma': 0.0}. Best is trial 179 with value: 0.0676084271292817.
[I 2026-08-16 17:48:36,884] Trial 186 finished with value: 0.09496985997936463 and parameters: {'rho_e': 0.0018327421576964135, 'rho_d': 1000.0, 'nu': 2, 'sigma': 0.0}. Best is trial 179 with value: 0.0676084271292817.
[I 2026-08-16 17:49:14,265] Trial 187 finished with value: 0.08083944093774999 and parameters: {'rho_e': 1.327066281236454, 'rho_d': 999.999999999998, 'nu': 2, 'sigma': 0.5492872022576923}. Best is trial 179 with value: 0.0676084271292817.
[I 2026-08-16 17:49:51,555] Trial 188 finished with value: 0.09564035845152948 and parameters: {'rho_e': 1000.0, 'rho_d': 1e-05, 'nu': 36, 'sigma': 1.0}. Best is trial 179 with value: 0.0676084271292817.
[I 2026-08-16 17:50:28,794] Trial 189 finished with value: 0.07009526561726037 and parameters: {'rho_e': 0.051997788527398836, 'rho_d': 0.03007757844339201, 'nu': 2, 'sigma': 0.20009108289714458}. Best is trial 179 with value: 0.0676084271292817.
[I 2026-08-16 17:51:06,136] Trial 190 finished with value: 0.08913991283193404 and parameters: {'rho_e': 0.00016226740026614728, 'rho_d': 1e-05, 'nu': 36, 'sigma': 1.0}. Best is trial 179 with value: 0.0676084271292817.
[I 2026-08-16 17:51:43,466] Trial 191 finished with value: 0.07191528097552363 and parameters: {'rho_e': 0.09894785679839022, 'rho_d': 0.6004353838433677, 'nu': 36, 'sigma': 0.4953626067926587}. Best is trial 179 with value: 0.0676084271292817.
[I 2026-08-16 17:52:20,751] Trial 192 finished with value: 0.08535648749114796 and parameters: {'rho_e': 39.046624135669276, 'rho_d': 1e-05, 'nu': 2, 'sigma': 1.0}. Best is trial 179 with value: 0.0676084271292817.
[I 2026-08-16 17:52:58,090] Trial 193 finished with value: 0.09843463937637603 and parameters: {'rho_e': 1e-05, 'rho_d': 1000.0, 'nu': 2, 'sigma': 0.49864180150373405}. Best is trial 179 with value: 0.0676084271292817.
[I 2026-08-16 17:53:35,332] Trial 194 finished with value: 0.07700597678342719 and parameters: {'rho_e': 0.030656076184296013, 'rho_d': 0.04559885818370892, 'nu': 2, 'sigma': 0.0}. Best is trial 179 with value: 0.0676084271292817.
[I 2026-08-16 17:54:12,771] Trial 195 finished with value: 0.08942676787993517 and parameters: {'rho_e': 1e-05, 'rho_d': 0.023107047048511686, 'nu': 36, 'sigma': 0.9999999999999999}. Best is trial 179 with value: 0.0676084271292817.
[I 2026-08-16 17:54:50,075] Trial 196 finished with value: 0.10674096439189931 and parameters: {'rho_e': 1000.0, 'rho_d': 1000.0, 'nu': 36, 'sigma': 1.0}. Best is trial 179 with value: 0.0676084271292817.
[I 2026-08-16 17:55:27,315] Trial 197 finished with value: 0.08237217538136461 and parameters: {'rho_e': 0.19882619955881362, 'rho_d': 0.08243165575609206, 'nu': 36, 'sigma': 1.0}. Best is trial 179 with value: 0.0676084271292817.
[I 2026-08-16 17:56:04,747] Trial 198 finished with value: 0.07734516901552702 and parameters: {'rho_e': 115.15171452081862, 'rho_d': 0.012089005006869848, 'nu': 2, 'sigma': 0.7013384672171781}. Best is trial 179 with value: 0.0676084271292817.
[I 2026-08-16 17:56:42,159] Trial 199 finished with value: 0.09962790681209524 and parameters: {'rho_e': 0.00017599066680833704, 'rho_d': 1000.0, 'nu': 36, 'sigma': 1.0}. Best is trial 179 with value: 0.0676084271292817.
/home/gterren/dynamic_update/functional_forecast_dynamic_update/scripts/validate_zone_ffc_mpi.py:1094: FutureWarning: The behavior of DataFrame concatenation with empty or all-NA entries is deprecated. In a future version, this will no longer exclude empty or all-NA columns when determining the result dtypes. To retain the old behavior, exclude the relevant entries before the concat operation.
  results_df = pd.concat([results_df, prob_results], axis = 0, ignore_index=True)
