[I 2026-08-16 14:37:40,335] Trial 88 finished with value: 0.07963089186611437 and parameters: {'rho_e': 0.10955683436189492, 'rho_d': 17.335641105180176, 'nu': 30, 'sigma': 0.9665030333402096}. Best is trial 39 with value: 0.061330115935819246.
[I 2026-08-16 14:38:19,262] Trial 89 finished with value: 0.08821445005539413 and parameters: {'rho_e': 404.0017816903608, 'rho_d': 1.7029913359385358, 'nu': 8, 'sigma': 0.7748778573795911}. Best is trial 39 with value: 0.061330115935819246.
[I 2026-08-16 14:38:53,524] Trial 90 finished with value: 0.07537374150476275 and parameters: {'rho_e': 6.687532104035759e-05, 'rho_d': 0.017658739928068382, 'nu': 23, 'sigma': 0.29099843561974764}. Best is trial 39 with value: 0.061330115935819246.
[I 2026-08-16 14:39:28,888] Trial 91 finished with value: 0.08945033096870778 and parameters: {'rho_e': 1.9771401749850168, 'rho_d': 0.05984121945521464, 'nu': 35, 'sigma': 0.8944799975093669}. Best is trial 39 with value: 0.061330115935819246.
[I 2026-08-16 14:40:04,434] Trial 92 finished with value: 0.0663170019634598 and parameters: {'rho_e': 40.24790330007283, 'rho_d': 200.98181792944928, 'nu': 15, 'sigma': 0.4706039997045142}. Best is trial 39 with value: 0.061330115935819246.
[I 2026-08-16 14:40:39,133] Trial 93 finished with value: 0.08328875539669955 and parameters: {'rho_e': 0.007468269893370547, 'rho_d': 1.61286970740552e-05, 'nu': 26, 'sigma': 0.7062855262944665}. Best is trial 39 with value: 0.061330115935819246.
[I 2026-08-16 14:41:14,300] Trial 94 finished with value: 0.07642018868380333 and parameters: {'rho_e': 0.0023898071675510797, 'rho_d': 0.5105799785763581, 'nu': 3, 'sigma': 0.12408622300734228}. Best is trial 39 with value: 0.061330115935819246.
[I 2026-08-16 14:41:52,303] Trial 95 finished with value: 0.0687554929252961 and parameters: {'rho_e': 0.016506505170872286, 'rho_d': 0.0067545827302765695, 'nu': 13, 'sigma': 0.15750510918850885}. Best is trial 39 with value: 0.061330115935819246.
[I 2026-08-16 14:42:31,464] Trial 96 finished with value: 0.08344511286456296 and parameters: {'rho_e': 8.919454905898495e-05, 'rho_d': 0.1301658122748069, 'nu': 23, 'sigma': 0.48334819167680704}. Best is trial 39 with value: 0.061330115935819246.
[I 2026-08-16 14:43:09,715] Trial 97 finished with value: 0.09204903659301127 and parameters: {'rho_e': 167.59176445305437, 'rho_d': 0.0003270573651194096, 'nu': 33, 'sigma': 0.8028864249055724}. Best is trial 39 with value: 0.061330115935819246.
[I 2026-08-16 14:43:48,771] Trial 98 finished with value: 0.07570322820957857 and parameters: {'rho_e': 0.0003329223434176967, 'rho_d': 0.00014468150177905916, 'nu': 2, 'sigma': 0.25371662350737295}. Best is trial 39 with value: 0.061330115935819246.
[I 2026-08-16 14:44:25,507] Trial 99 finished with value: 0.08920492828712484 and parameters: {'rho_e': 0.005144397214248984, 'rho_d': 0.0007543567094497256, 'nu': 27, 'sigma': 0.9544511364446193}. Best is trial 39 with value: 0.061330115935819246.
[I 2026-08-16 14:45:07,013] Trial 100 finished with value: 0.06613045805505008 and parameters: {'rho_e': 14.7224782639391, 'rho_d': 1000.0, 'nu': 2, 'sigma': 0.13197235840144872}. Best is trial 39 with value: 0.061330115935819246.
[I 2026-08-16 14:45:45,520] Trial 101 finished with value: 0.05921534411697631 and parameters: {'rho_e': 0.06747411815038987, 'rho_d': 0.001665942387870803, 'nu': 32, 'sigma': 0.0956797338196664}. Best is trial 101 with value: 0.05921534411697631.
[I 2026-08-16 14:46:24,844] Trial 102 finished with value: 0.07068274544209376 and parameters: {'rho_e': 35.26948995996785, 'rho_d': 1000.0, 'nu': 36, 'sigma': 0.942000115787199}. Best is trial 101 with value: 0.05921534411697631.
[I 2026-08-16 14:46:59,294] Trial 103 finished with value: 0.05851915660097795 and parameters: {'rho_e': 0.08510997718730953, 'rho_d': 0.003373775697546867, 'nu': 24, 'sigma': 0.09710426193575344}. Best is trial 103 with value: 0.05851915660097795.
[I 2026-08-16 14:47:34,891] Trial 104 finished with value: 0.06060870234030871 and parameters: {'rho_e': 0.09515288081098673, 'rho_d': 0.003517344889401338, 'nu': 29, 'sigma': 0.23101340057152003}. Best is trial 103 with value: 0.05851915660097795.
[I 2026-08-16 14:48:11,051] Trial 105 finished with value: 0.0595537071540017 and parameters: {'rho_e': 0.07672142021045154, 'rho_d': 0.0061396517588814346, 'nu': 26, 'sigma': 0.0}. Best is trial 103 with value: 0.05851915660097795.
[I 2026-08-16 14:48:50,275] Trial 106 finished with value: 0.06631339910374892 and parameters: {'rho_e': 34.74679810376431, 'rho_d': 1000.0, 'nu': 19, 'sigma': 0.30694974408845066}. Best is trial 103 with value: 0.05851915660097795.
[I 2026-08-16 14:49:28,417] Trial 107 finished with value: 0.07822629417473392 and parameters: {'rho_e': 89.84785609336295, 'rho_d': 1000.0, 'nu': 7, 'sigma': 0.6891887105596531}. Best is trial 103 with value: 0.05851915660097795.
[I 2026-08-16 14:50:06,450] Trial 108 finished with value: 0.06865624159917143 and parameters: {'rho_e': 0.009798600986807033, 'rho_d': 0.00017697549319076858, 'nu': 36, 'sigma': 0.0}. Best is trial 103 with value: 0.05851915660097795.
[I 2026-08-16 14:50:44,835] Trial 109 finished with value: 0.05884075306500048 and parameters: {'rho_e': 0.0751225118303589, 'rho_d': 0.0010250365561234515, 'nu': 22, 'sigma': 0.030043956365196016}. Best is trial 103 with value: 0.05851915660097795.
[I 2026-08-16 14:51:24,211] Trial 110 finished with value: 0.0584209327408573 and parameters: {'rho_e': 0.09194687483167176, 'rho_d': 0.001628976692510984, 'nu': 26, 'sigma': 0.07394371128064053}. Best is trial 110 with value: 0.0584209327408573.
[I 2026-08-16 14:52:02,510] Trial 111 finished with value: 0.07016735436471443 and parameters: {'rho_e': 1e-05, 'rho_d': 1e-05, 'nu': 36, 'sigma': 0.0}. Best is trial 110 with value: 0.0584209327408573.
[I 2026-08-16 14:52:40,685] Trial 112 finished with value: 0.05820199311035927 and parameters: {'rho_e': 0.08654678906386942, 'rho_d': 0.00010858747880628421, 'nu': 36, 'sigma': 0.15114929134394162}. Best is trial 112 with value: 0.05820199311035927.
[I 2026-08-16 14:53:18,972] Trial 113 finished with value: 0.05879780360686346 and parameters: {'rho_e': 0.08156408293898079, 'rho_d': 0.0001368958656086539, 'nu': 36, 'sigma': 0.0}. Best is trial 112 with value: 0.05820199311035927.
[I 2026-08-16 14:53:58,425] Trial 114 finished with value: 0.05831171574557988 and parameters: {'rho_e': 0.08800772989930693, 'rho_d': 1e-05, 'nu': 36, 'sigma': 0.13700273410275793}. Best is trial 112 with value: 0.05820199311035927.
[I 2026-08-16 14:54:36,980] Trial 115 finished with value: 0.05855410820147999 and parameters: {'rho_e': 0.0768413651854111, 'rho_d': 3.295943311595236e-05, 'nu': 36, 'sigma': 0.1143628004909418}. Best is trial 112 with value: 0.05820199311035927.
[I 2026-08-16 14:55:16,212] Trial 116 finished with value: 0.059616957415667984 and parameters: {'rho_e': 0.13163526276788393, 'rho_d': 1e-05, 'nu': 36, 'sigma': 0.30016882261522315}. Best is trial 112 with value: 0.05820199311035927.
[I 2026-08-16 14:55:53,766] Trial 117 finished with value: 0.05806925398485389 and parameters: {'rho_e': 0.09528120401424468, 'rho_d': 0.0002275086814950527, 'nu': 32, 'sigma': 0.09812080280234856}. Best is trial 117 with value: 0.05806925398485389.
[I 2026-08-16 14:56:32,706] Trial 118 finished with value: 0.07016735436471443 and parameters: {'rho_e': 1e-05, 'rho_d': 1e-05, 'nu': 2, 'sigma': 0.0}. Best is trial 117 with value: 0.05806925398485389.
[I 2026-08-16 14:57:11,963] Trial 119 finished with value: 0.05919368224640292 and parameters: {'rho_e': 0.13344929712804887, 'rho_d': 1e-05, 'nu': 36, 'sigma': 0.05097257922141803}. Best is trial 117 with value: 0.05806925398485389.
[I 2026-08-16 14:57:50,336] Trial 120 finished with value: 0.05800085600789187 and parameters: {'rho_e': 0.10773178747411281, 'rho_d': 0.0002868132022953426, 'nu': 36, 'sigma': 0.11258847260575348}. Best is trial 120 with value: 0.05800085600789187.
[I 2026-08-16 14:58:28,390] Trial 121 finished with value: 0.07244411996396102 and parameters: {'rho_e': 1000.0, 'rho_d': 1000.0, 'nu': 36, 'sigma': 0.8140856767019911}. Best is trial 120 with value: 0.05800085600789187.
[I 2026-08-16 14:59:06,830] Trial 122 finished with value: 0.06878788188748447 and parameters: {'rho_e': 3.187946745842739, 'rho_d': 98.77427739888181, 'nu': 2, 'sigma': 0.0}. Best is trial 120 with value: 0.05800085600789187.
[I 2026-08-16 14:59:45,927] Trial 123 finished with value: 0.058206140580136664 and parameters: {'rho_e': 0.09174258625650608, 'rho_d': 0.0002917223349666854, 'nu': 35, 'sigma': 0.1046519432893163}. Best is trial 120 with value: 0.05800085600789187.
[I 2026-08-16 15:00:24,753] Trial 124 finished with value: 0.05802733737463781 and parameters: {'rho_e': 0.1202795346036935, 'rho_d': 8.216167441608983e-05, 'nu': 36, 'sigma': 0.13196623695121262}. Best is trial 120 with value: 0.05800085600789187.
[I 2026-08-16 15:01:02,071] Trial 125 finished with value: 0.05814761492710263 and parameters: {'rho_e': 0.10924922979329181, 'rho_d': 0.00013878660512676901, 'nu': 36, 'sigma': 0.11588571479138403}. Best is trial 120 with value: 0.05800085600789187.
[I 2026-08-16 15:01:36,876] Trial 126 finished with value: 0.05830768248231524 and parameters: {'rho_e': 0.12131350367497211, 'rho_d': 0.0001333977321741435, 'nu': 36, 'sigma': 0.22231186166452419}. Best is trial 120 with value: 0.05800085600789187.
[I 2026-08-16 15:02:12,301] Trial 127 finished with value: 0.07016696240305782 and parameters: {'rho_e': 0.0002696925549476793, 'rho_d': 1e-05, 'nu': 36, 'sigma': 0.0}. Best is trial 120 with value: 0.05800085600789187.
[I 2026-08-16 15:02:50,689] Trial 128 finished with value: 0.08080337573192836 and parameters: {'rho_e': 1000.0, 'rho_d': 1000.0, 'nu': 36, 'sigma': 0.0}. Best is trial 120 with value: 0.05800085600789187.
[I 2026-08-16 15:03:29,581] Trial 129 finished with value: 0.06052992784136258 and parameters: {'rho_e': 0.060931203103952586, 'rho_d': 0.0051110102308513745, 'nu': 2, 'sigma': 0.0}. Best is trial 120 with value: 0.05800085600789187.
[I 2026-08-16 15:04:07,941] Trial 130 finished with value: 0.05877135854811916 and parameters: {'rho_e': 0.09239829025489843, 'rho_d': 0.004409861164098373, 'nu': 16, 'sigma': 0.044526599082281404}. Best is trial 120 with value: 0.05800085600789187.
[I 2026-08-16 15:04:45,763] Trial 131 finished with value: 0.05802228757361959 and parameters: {'rho_e': 0.11183995497986042, 'rho_d': 3.334411896464515e-05, 'nu': 36, 'sigma': 0.17131041177265488}. Best is trial 120 with value: 0.05800085600789187.
[I 2026-08-16 15:05:24,238] Trial 132 finished with value: 0.06095139405953286 and parameters: {'rho_e': 0.05144762210301745, 'rho_d': 1e-05, 'nu': 2, 'sigma': 0.0}. Best is trial 120 with value: 0.05800085600789187.
[I 2026-08-16 15:06:03,572] Trial 133 finished with value: 0.06120587169895344 and parameters: {'rho_e': 0.04980477896391338, 'rho_d': 0.00024407611748968532, 'nu': 2, 'sigma': 0.0}. Best is trial 120 with value: 0.05800085600789187.
[I 2026-08-16 15:06:41,759] Trial 134 finished with value: 0.05877265337482572 and parameters: {'rho_e': 0.10051013400953901, 'rho_d': 1e-05, 'nu': 20, 'sigma': 0.0}. Best is trial 120 with value: 0.05800085600789187.
[I 2026-08-16 15:07:19,712] Trial 135 finished with value: 0.057987539506550376 and parameters: {'rho_e': 0.10790227354146809, 'rho_d': 1.945010804245421e-05, 'nu': 29, 'sigma': 0.12350206429373914}. Best is trial 135 with value: 0.057987539506550376.
[I 2026-08-16 15:07:58,209] Trial 136 finished with value: 0.05828771602710184 and parameters: {'rho_e': 0.10832660049568248, 'rho_d': 5.7569448400218395e-05, 'nu': 27, 'sigma': 0.07553633320510293}. Best is trial 135 with value: 0.057987539506550376.
[I 2026-08-16 15:08:37,475] Trial 137 finished with value: 0.057882431417140216 and parameters: {'rho_e': 0.10115326404093257, 'rho_d': 1e-05, 'nu': 29, 'sigma': 0.10414454111150857}. Best is trial 137 with value: 0.057882431417140216.
[I 2026-08-16 15:09:15,672] Trial 138 finished with value: 0.05832571573343701 and parameters: {'rho_e': 0.1007995408527104, 'rho_d': 1e-05, 'nu': 22, 'sigma': 0.12674101382895891}. Best is trial 137 with value: 0.057882431417140216.
[I 2026-08-16 15:09:54,740] Trial 139 finished with value: 0.06867975579332405 and parameters: {'rho_e': 14.21427218182005, 'rho_d': 1000.0, 'nu': 36, 'sigma': 0.5852254707320507}. Best is trial 137 with value: 0.057882431417140216.
[I 2026-08-16 15:10:31,659] Trial 140 finished with value: 0.05808175025664809 and parameters: {'rho_e': 0.1077334050787568, 'rho_d': 1e-05, 'nu': 30, 'sigma': 0.1411363952564978}. Best is trial 137 with value: 0.057882431417140216.
[I 2026-08-16 15:11:11,064] Trial 141 finished with value: 0.05826871318840106 and parameters: {'rho_e': 0.0923052028868491, 'rho_d': 1e-05, 'nu': 27, 'sigma': 0.08140215682783096}. Best is trial 137 with value: 0.057882431417140216.
[I 2026-08-16 15:11:49,475] Trial 142 finished with value: 0.05802554507858574 and parameters: {'rho_e': 0.11177118722824457, 'rho_d': 5.9220369383004116e-05, 'nu': 32, 'sigma': 0.15798365043375867}. Best is trial 137 with value: 0.057882431417140216.
[I 2026-08-16 15:12:28,751] Trial 143 finished with value: 0.05977553221717295 and parameters: {'rho_e': 0.1293347261481289, 'rho_d': 1e-05, 'nu': 2, 'sigma': 0.0}. Best is trial 137 with value: 0.057882431417140216.
[I 2026-08-16 15:13:05,079] Trial 144 finished with value: 0.058537732575764514 and parameters: {'rho_e': 0.11087143448765563, 'rho_d': 0.0011254484369597128, 'nu': 36, 'sigma': 0.050498641479509776}. Best is trial 137 with value: 0.057882431417140216.
[I 2026-08-16 15:13:41,057] Trial 145 finished with value: 0.05803241381401443 and parameters: {'rho_e': 0.12521062762349022, 'rho_d': 1e-05, 'nu': 26, 'sigma': 0.10349389162179483}. Best is trial 137 with value: 0.057882431417140216.
[I 2026-08-16 15:14:16,549] Trial 146 finished with value: 0.06894481094778557 and parameters: {'rho_e': 9.648380150021108, 'rho_d': 134.06295649832563, 'nu': 2, 'sigma': 0.374691748933836}. Best is trial 137 with value: 0.057882431417140216.
[I 2026-08-16 15:14:54,796] Trial 147 finished with value: 0.057903464674332036 and parameters: {'rho_e': 0.11479845983160294, 'rho_d': 0.0003383419160507478, 'nu': 21, 'sigma': 0.11375498432650331}. Best is trial 137 with value: 0.057882431417140216.
[I 2026-08-16 15:15:33,268] Trial 148 finished with value: 0.05782091366519163 and parameters: {'rho_e': 0.11594573054442374, 'rho_d': 0.0003198467249576437, 'nu': 26, 'sigma': 0.12775519501430768}. Best is trial 148 with value: 0.05782091366519163.
[I 2026-08-16 15:16:11,943] Trial 149 finished with value: 0.06822870013656476 and parameters: {'rho_e': 67.41043684530116, 'rho_d': 1000.0, 'nu': 2, 'sigma': 0.0}. Best is trial 148 with value: 0.05782091366519163.
[I 2026-08-16 15:16:51,283] Trial 150 finished with value: 0.0580547978034498 and parameters: {'rho_e': 0.11950557561033448, 'rho_d': 0.00034443773139506664, 'nu': 25, 'sigma': 0.09581098499018774}. Best is trial 148 with value: 0.05782091366519163.
[I 2026-08-16 15:17:27,595] Trial 151 finished with value: 0.05857557082928824 and parameters: {'rho_e': 0.10693679166554568, 'rho_d': 0.00023231273602654858, 'nu': 24, 'sigma': 0.14014395057914567}. Best is trial 148 with value: 0.05782091366519163.
[I 2026-08-16 15:18:03,691] Trial 152 finished with value: 0.05783261255891156 and parameters: {'rho_e': 0.12160325759294319, 'rho_d': 0.0008620551308555366, 'nu': 18, 'sigma': 0.08442326957013577}. Best is trial 148 with value: 0.05782091366519163.
[I 2026-08-16 15:18:38,686] Trial 153 finished with value: 0.05810171447352568 and parameters: {'rho_e': 0.11890846686588083, 'rho_d': 0.0003198767144090694, 'nu': 13, 'sigma': 0.03274268451783243}. Best is trial 148 with value: 0.05782091366519163.
[I 2026-08-16 15:19:14,632] Trial 154 finished with value: 0.057934485049233056 and parameters: {'rho_e': 0.12136180929616507, 'rho_d': 0.0006433594362504464, 'nu': 20, 'sigma': 0.0773013764026697}. Best is trial 148 with value: 0.05782091366519163.
[I 2026-08-16 15:19:49,525] Trial 155 finished with value: 0.05799478265484637 and parameters: {'rho_e': 0.11073604541019261, 'rho_d': 0.0007670108461932117, 'nu': 13, 'sigma': 0.08211634476961834}. Best is trial 148 with value: 0.05782091366519163.
[I 2026-08-16 15:20:25,761] Trial 156 finished with value: 0.05786509069137372 and parameters: {'rho_e': 0.12387040281909556, 'rho_d': 0.0009200318095437152, 'nu': 21, 'sigma': 0.11369497714212608}. Best is trial 148 with value: 0.05782091366519163.
[I 2026-08-16 15:21:01,399] Trial 157 finished with value: 0.059274480603096494 and parameters: {'rho_e': 0.12004358478775752, 'rho_d': 0.0005399131596079194, 'nu': 2, 'sigma': 0.0}. Best is trial 148 with value: 0.05782091366519163.
[I 2026-08-16 15:21:37,185] Trial 158 finished with value: 0.057936175588754184 and parameters: {'rho_e': 0.12521725290096727, 'rho_d': 0.0006012203771590055, 'nu': 29, 'sigma': 0.12499022980708525}. Best is trial 148 with value: 0.05782091366519163.
[I 2026-08-16 15:22:13,810] Trial 159 finished with value: 0.05797619588911179 and parameters: {'rho_e': 0.13038936126321518, 'rho_d': 0.0005008532639736288, 'nu': 17, 'sigma': 0.0971244950641101}. Best is trial 148 with value: 0.05782091366519163.
[I 2026-08-16 15:22:51,993] Trial 160 finished with value: 0.05787240911183231 and parameters: {'rho_e': 0.11427897391122598, 'rho_d': 0.0007758872821634909, 'nu': 19, 'sigma': 0.09149938621623012}. Best is trial 148 with value: 0.05782091366519163.
[I 2026-08-16 15:23:30,237] Trial 161 finished with value: 0.057779878042461305 and parameters: {'rho_e': 0.1167092290566695, 'rho_d': 5.360057228444155e-05, 'nu': 11, 'sigma': 0.05213194839774609}. Best is trial 161 with value: 0.057779878042461305.
[I 2026-08-16 15:24:09,579] Trial 162 finished with value: 0.057569661106557465 and parameters: {'rho_e': 0.11876005696191504, 'rho_d': 0.00010127080663675873, 'nu': 9, 'sigma': 0.06890366705076406}. Best is trial 162 with value: 0.057569661106557465.
[I 2026-08-16 15:24:47,810] Trial 163 finished with value: 0.05665936625845331 and parameters: {'rho_e': 0.11743856269982994, 'rho_d': 7.033737979294643e-05, 'nu': 5, 'sigma': 0.08196503170367812}. Best is trial 163 with value: 0.05665936625845331.
[I 2026-08-16 15:25:27,130] Trial 164 finished with value: 0.05520540130590172 and parameters: {'rho_e': 0.11648677257920462, 'rho_d': 4.49794481314002e-05, 'nu': 2, 'sigma': 0.11435449483015163}. Best is trial 164 with value: 0.05520540130590172.
[I 2026-08-16 15:26:04,191] Trial 165 finished with value: 0.056085080927094674 and parameters: {'rho_e': 0.11358086185050217, 'rho_d': 1.1552437446725533e-05, 'nu': 2, 'sigma': 0.1627747955027137}. Best is trial 164 with value: 0.05520540130590172.
[I 2026-08-16 15:26:43,507] Trial 166 finished with value: 0.05556474484757851 and parameters: {'rho_e': 0.12439812351807067, 'rho_d': 3.9585238803409164e-05, 'nu': 2, 'sigma': 0.1452122890632016}. Best is trial 164 with value: 0.05520540130590172.
[I 2026-08-16 15:27:21,640] Trial 167 finished with value: 0.05583513398890723 and parameters: {'rho_e': 0.09699320624954264, 'rho_d': 3.144788814980732e-05, 'nu': 2, 'sigma': 0.12871253878466077}. Best is trial 164 with value: 0.05520540130590172.
[I 2026-08-16 15:28:00,848] Trial 168 finished with value: 0.05574667067603273 and parameters: {'rho_e': 0.1320165689825093, 'rho_d': 2.619861418541189e-05, 'nu': 2, 'sigma': 0.12154578743366462}. Best is trial 164 with value: 0.05520540130590172.
[I 2026-08-16 15:28:38,717] Trial 169 finished with value: 0.08501170778253993 and parameters: {'rho_e': 1e-05, 'rho_d': 1e-05, 'nu': 36, 'sigma': 0.9999999999999999}. Best is trial 164 with value: 0.05520540130590172.
[I 2026-08-16 15:29:17,011] Trial 170 finished with value: 0.07416991865495444 and parameters: {'rho_e': 1e-05, 'rho_d': 1e-05, 'nu': 36, 'sigma': 0.3732438368433382}. Best is trial 164 with value: 0.05520540130590172.
[I 2026-08-16 15:29:55,350] Trial 171 finished with value: 0.07013911103495737 and parameters: {'rho_e': 0.0013953540674091797, 'rho_d': 1e-05, 'nu': 2, 'sigma': 0.0}. Best is trial 164 with value: 0.05520540130590172.
[I 2026-08-16 15:30:34,534] Trial 172 finished with value: 0.0763639544039974 and parameters: {'rho_e': 2.5098890791719435, 'rho_d': 1000.0, 'nu': 36, 'sigma': 1.0}. Best is trial 164 with value: 0.05520540130590172.
[I 2026-08-16 15:31:13,036] Trial 173 finished with value: 0.05554140295653392 and parameters: {'rho_e': 0.12613288628174563, 'rho_d': 8.278434687035676e-05, 'nu': 2, 'sigma': 0.13924337441232554}. Best is trial 164 with value: 0.05520540130590172.
[I 2026-08-16 15:31:50,754] Trial 174 finished with value: 0.07016734297063078 and parameters: {'rho_e': 0.00010859905814500736, 'rho_d': 1e-05, 'nu': 2, 'sigma': 0.0}. Best is trial 164 with value: 0.05520540130590172.
[I 2026-08-16 15:32:28,139] Trial 175 finished with value: 0.08148680017374867 and parameters: {'rho_e': 0.4699156078356618, 'rho_d': 1000.0, 'nu': 2, 'sigma': 0.0}. Best is trial 164 with value: 0.05520540130590172.
[I 2026-08-16 15:33:04,172] Trial 176 finished with value: 0.0701145892400384 and parameters: {'rho_e': 4.50721334642467e-05, 'rho_d': 0.0010521413864086587, 'nu': 36, 'sigma': 0.0}. Best is trial 164 with value: 0.05520540130590172.
[I 2026-08-16 15:33:39,610] Trial 177 finished with value: 0.056035575407759636 and parameters: {'rho_e': 0.1250135870817713, 'rho_d': 4.124100148078611e-05, 'nu': 2, 'sigma': 0.1608699522305268}. Best is trial 164 with value: 0.05520540130590172.
[I 2026-08-16 15:34:17,339] Trial 178 finished with value: 0.07010322014852469 and parameters: {'rho_e': 13.78198723837041, 'rho_d': 1000.0, 'nu': 16, 'sigma': 0.0}. Best is trial 164 with value: 0.05520540130590172.
