[I 2026-08-16 13:09:26,991] Trial 88 finished with value: 0.10528365042809124 and parameters: {'rho_e': 808.8435333665526, 'rho_d': 771.2850774129435, 'nu': 31, 'sigma': 0.254807051353894}. Best is trial 63 with value: 0.07261252154218732.
[I 2026-08-16 13:10:04,125] Trial 89 finished with value: 0.09014448154862571 and parameters: {'rho_e': 633.0253791527543, 'rho_d': 45.455452579488366, 'nu': 20, 'sigma': 0.7096389148598082}. Best is trial 63 with value: 0.07261252154218732.
[I 2026-08-16 13:10:41,918] Trial 90 finished with value: 0.08296641430202514 and parameters: {'rho_e': 1.0011331744014998e-05, 'rho_d': 0.053244906784150864, 'nu': 25, 'sigma': 0.1049856052027563}. Best is trial 63 with value: 0.07261252154218732.
[I 2026-08-16 13:11:19,570] Trial 91 finished with value: 0.07964950046794189 and parameters: {'rho_e': 0.00385361040567208, 'rho_d': 0.027705098919118584, 'nu': 11, 'sigma': 0.20991862069726686}. Best is trial 63 with value: 0.07261252154218732.
[I 2026-08-16 13:11:56,757] Trial 92 finished with value: 0.10589577018664874 and parameters: {'rho_e': 0.005714501227560669, 'rho_d': 116.00960750092175, 'nu': 18, 'sigma': 0.7255281995740358}. Best is trial 63 with value: 0.07261252154218732.
[I 2026-08-16 13:12:33,965] Trial 93 finished with value: 0.08928215283978774 and parameters: {'rho_e': 5.980189857056641, 'rho_d': 0.0002131882014836295, 'nu': 28, 'sigma': 0.7637138866173282}. Best is trial 63 with value: 0.07261252154218732.
[I 2026-08-16 13:13:11,101] Trial 94 finished with value: 0.08828182505897253 and parameters: {'rho_e': 5.5018371884489925, 'rho_d': 0.00982057041012593, 'nu': 8, 'sigma': 0.39470813686024214}. Best is trial 63 with value: 0.07261252154218732.
[I 2026-08-16 13:13:48,338] Trial 95 finished with value: 0.0841440243816218 and parameters: {'rho_e': 0.17280824537937622, 'rho_d': 37.68187082725423, 'nu': 35, 'sigma': 0.2984114598896659}. Best is trial 63 with value: 0.07261252154218732.
[I 2026-08-16 13:14:26,010] Trial 96 finished with value: 0.09642512746409948 and parameters: {'rho_e': 0.033897016078091556, 'rho_d': 164.3378023697618, 'nu': 6, 'sigma': 0.07350512557460892}. Best is trial 63 with value: 0.07261252154218732.
[I 2026-08-16 13:15:03,125] Trial 97 finished with value: 0.10015867159261362 and parameters: {'rho_e': 0.0021604944113239777, 'rho_d': 3.2413808908015533, 'nu': 20, 'sigma': 0.6607180513440737}. Best is trial 63 with value: 0.07261252154218732.
[I 2026-08-16 13:15:40,345] Trial 98 finished with value: 0.07481489318733629 and parameters: {'rho_e': 570.5570546933972, 'rho_d': 10.349660264682885, 'nu': 6, 'sigma': 0.8304150895769256}. Best is trial 63 with value: 0.07261252154218732.
[I 2026-08-16 13:16:17,576] Trial 99 finished with value: 0.07847442520370948 and parameters: {'rho_e': 0.00015533838611531524, 'rho_d': 0.0029907788869589056, 'nu': 30, 'sigma': 0.38017329613222484}. Best is trial 63 with value: 0.07261252154218732.
[I 2026-08-16 13:16:56,789] Trial 100 finished with value: 0.07684488446038783 and parameters: {'rho_e': 696.8719003287981, 'rho_d': 1.029495447690071, 'nu': 2, 'sigma': 1.0}. Best is trial 63 with value: 0.07261252154218732.
[I 2026-08-16 13:17:34,151] Trial 101 finished with value: 0.0777945078170983 and parameters: {'rho_e': 0.4237508722596421, 'rho_d': 1e-05, 'nu': 2, 'sigma': 1.0}. Best is trial 63 with value: 0.07261252154218732.
[I 2026-08-16 13:18:10,580] Trial 102 finished with value: 0.07428161934365865 and parameters: {'rho_e': 0.00890404263571104, 'rho_d': 0.00034069251787807205, 'nu': 10, 'sigma': 0.14288959341888177}. Best is trial 63 with value: 0.07261252154218732.
[I 2026-08-16 13:18:47,812] Trial 103 finished with value: 0.07751973068756299 and parameters: {'rho_e': 1e-05, 'rho_d': 0.00017083750978452725, 'nu': 2, 'sigma': 0.0}. Best is trial 63 with value: 0.07261252154218732.
[I 2026-08-16 13:19:25,064] Trial 104 finished with value: 0.07327293173762184 and parameters: {'rho_e': 0.06274176231886396, 'rho_d': 2.7454319428632716e-05, 'nu': 2, 'sigma': 0.6684839098090316}. Best is trial 63 with value: 0.07261252154218732.
[I 2026-08-16 13:20:02,271] Trial 105 finished with value: 0.0766946233049287 and parameters: {'rho_e': 30.48701072808457, 'rho_d': 0.00024981306715635067, 'nu': 2, 'sigma': 1.0}. Best is trial 63 with value: 0.07261252154218732.
[I 2026-08-16 13:20:39,478] Trial 106 finished with value: 0.07623431150745827 and parameters: {'rho_e': 1000.0, 'rho_d': 2.303049298096775, 'nu': 2, 'sigma': 0.7512925690822433}. Best is trial 63 with value: 0.07261252154218732.
[I 2026-08-16 13:21:16,735] Trial 107 finished with value: 0.09512241706410257 and parameters: {'rho_e': 898.6126667166974, 'rho_d': 187.73036479456636, 'nu': 2, 'sigma': 1.0}. Best is trial 63 with value: 0.07261252154218732.
[I 2026-08-16 13:21:54,042] Trial 108 finished with value: 0.07626520376147562 and parameters: {'rho_e': 0.006387927996760282, 'rho_d': 0.00017630694470317516, 'nu': 36, 'sigma': 0.16561932590492184}. Best is trial 63 with value: 0.07261252154218732.
[I 2026-08-16 13:22:31,401] Trial 109 finished with value: 0.0762248014440472 and parameters: {'rho_e': 277.67821862788725, 'rho_d': 3.302212759920423, 'nu': 2, 'sigma': 0.8222529761709488}. Best is trial 63 with value: 0.07261252154218732.
[I 2026-08-16 13:23:08,837] Trial 110 finished with value: 0.07748974099665164 and parameters: {'rho_e': 1e-05, 'rho_d': 0.00013486627141098142, 'nu': 36, 'sigma': 0.27527394737299726}. Best is trial 63 with value: 0.07261252154218732.
[I 2026-08-16 13:23:46,345] Trial 111 finished with value: 0.07343528264148616 and parameters: {'rho_e': 0.02908631059127057, 'rho_d': 0.00017243260736533164, 'nu': 2, 'sigma': 0.4460860888684217}. Best is trial 63 with value: 0.07261252154218732.
[I 2026-08-16 13:24:23,937] Trial 112 finished with value: 0.07684953781220519 and parameters: {'rho_e': 1000.0, 'rho_d': 1e-05, 'nu': 2, 'sigma': 1.0}. Best is trial 63 with value: 0.07261252154218732.
[I 2026-08-16 13:25:02,071] Trial 113 finished with value: 0.07376150890297471 and parameters: {'rho_e': 0.0899624254266139, 'rho_d': 9.385727167970677e-05, 'nu': 2, 'sigma': 0.7177058745435028}. Best is trial 63 with value: 0.07261252154218732.
[I 2026-08-16 13:25:40,210] Trial 114 finished with value: 0.07404439249708841 and parameters: {'rho_e': 0.013844844746257686, 'rho_d': 1e-05, 'nu': 2, 'sigma': 0.26193431557996355}. Best is trial 63 with value: 0.07261252154218732.
[I 2026-08-16 13:26:18,295] Trial 115 finished with value: 0.07750051817682273 and parameters: {'rho_e': 0.0009958871335208847, 'rho_d': 1e-05, 'nu': 36, 'sigma': 0.0}. Best is trial 63 with value: 0.07261252154218732.
[I 2026-08-16 13:26:56,247] Trial 116 finished with value: 0.07678297006935485 and parameters: {'rho_e': 94.5447109004746, 'rho_d': 1e-05, 'nu': 2, 'sigma': 1.0}. Best is trial 63 with value: 0.07261252154218732.
[I 2026-08-16 13:27:34,153] Trial 117 finished with value: 0.07682798478371086 and parameters: {'rho_e': 345.2376634112448, 'rho_d': 0.0008211443869958354, 'nu': 2, 'sigma': 1.0}. Best is trial 63 with value: 0.07261252154218732.
[I 2026-08-16 13:28:11,925] Trial 118 finished with value: 0.07698812740168795 and parameters: {'rho_e': 0.004288651434337335, 'rho_d': 1e-05, 'nu': 2, 'sigma': 0.0}. Best is trial 63 with value: 0.07261252154218732.
[I 2026-08-16 13:28:49,564] Trial 119 finished with value: 0.07402472798528004 and parameters: {'rho_e': 0.03621096607506888, 'rho_d': 1e-05, 'nu': 2, 'sigma': 0.5287340892137061}. Best is trial 63 with value: 0.07261252154218732.
[I 2026-08-16 13:29:27,041] Trial 120 finished with value: 0.07420113520526787 and parameters: {'rho_e': 0.013831698076593629, 'rho_d': 0.00019775589017121686, 'nu': 2, 'sigma': 0.27374624124945784}. Best is trial 63 with value: 0.07261252154218732.
[I 2026-08-16 13:30:04,514] Trial 121 finished with value: 0.08157072000544593 and parameters: {'rho_e': 1e-05, 'rho_d': 1e-05, 'nu': 36, 'sigma': 1.0}. Best is trial 63 with value: 0.07261252154218732.
[I 2026-08-16 13:30:42,081] Trial 122 finished with value: 0.08169968406714927 and parameters: {'rho_e': 1e-05, 'rho_d': 1e-05, 'nu': 2, 'sigma': 0.47088229404107884}. Best is trial 63 with value: 0.07261252154218732.
[I 2026-08-16 13:31:19,522] Trial 123 finished with value: 0.07664890589233017 and parameters: {'rho_e': 0.00604605963280814, 'rho_d': 0.001360166022416761, 'nu': 2, 'sigma': 0.0}. Best is trial 63 with value: 0.07261252154218732.
[I 2026-08-16 13:31:56,975] Trial 124 finished with value: 0.0746383455174443 and parameters: {'rho_e': 0.018677482739994564, 'rho_d': 6.0460772817327e-05, 'nu': 14, 'sigma': 0.34938829739287264}. Best is trial 63 with value: 0.07261252154218732.
[I 2026-08-16 13:32:34,317] Trial 125 finished with value: 0.07500830010660042 and parameters: {'rho_e': 0.03646424948320835, 'rho_d': 1e-05, 'nu': 36, 'sigma': 1.0}. Best is trial 63 with value: 0.07261252154218732.
[I 2026-08-16 13:33:11,613] Trial 126 finished with value: 0.07728890976838237 and parameters: {'rho_e': 0.06510482629365716, 'rho_d': 1e-05, 'nu': 2, 'sigma': 0.8650798071071326}. Best is trial 63 with value: 0.07261252154218732.
[I 2026-08-16 13:33:48,882] Trial 127 finished with value: 0.07527899173857434 and parameters: {'rho_e': 0.0567130530946925, 'rho_d': 0.0002645448612337601, 'nu': 36, 'sigma': 1.0}. Best is trial 63 with value: 0.07261252154218732.
[I 2026-08-16 13:34:26,174] Trial 128 finished with value: 0.07752118968203288 and parameters: {'rho_e': 1e-05, 'rho_d': 1e-05, 'nu': 36, 'sigma': 0.0}. Best is trial 63 with value: 0.07261252154218732.
[I 2026-08-16 13:35:03,551] Trial 129 finished with value: 0.07751278744041681 and parameters: {'rho_e': 5.79962317800935e-05, 'rho_d': 0.00044111001914823203, 'nu': 36, 'sigma': 0.0}. Best is trial 63 with value: 0.07261252154218732.
[I 2026-08-16 13:35:40,880] Trial 130 finished with value: 0.07282278261157886 and parameters: {'rho_e': 0.06232033697432499, 'rho_d': 7.214882876265873e-05, 'nu': 2, 'sigma': 0.5475755250037561}. Best is trial 63 with value: 0.07261252154218732.
[I 2026-08-16 13:36:18,136] Trial 131 finished with value: 0.07274077436683614 and parameters: {'rho_e': 0.0684407589405489, 'rho_d': 7.16818968729445e-05, 'nu': 2, 'sigma': 0.5717470674830033}. Best is trial 63 with value: 0.07261252154218732.
[I 2026-08-16 13:36:55,359] Trial 132 finished with value: 0.077532946224244 and parameters: {'rho_e': 0.37702768572250395, 'rho_d': 0.00028045394982972085, 'nu': 2, 'sigma': 1.0}. Best is trial 63 with value: 0.07261252154218732.
[I 2026-08-16 13:37:32,665] Trial 133 finished with value: 0.07325095859037521 and parameters: {'rho_e': 0.10261761276814424, 'rho_d': 5.8881420844281665e-05, 'nu': 2, 'sigma': 0.6420370777701861}. Best is trial 63 with value: 0.07261252154218732.
[I 2026-08-16 13:38:09,893] Trial 134 finished with value: 0.072731190358034 and parameters: {'rho_e': 0.042186716769239616, 'rho_d': 5.023475086701011e-05, 'nu': 2, 'sigma': 0.42920325007004156}. Best is trial 63 with value: 0.07261252154218732.
[I 2026-08-16 13:38:47,219] Trial 135 finished with value: 0.07382986636726001 and parameters: {'rho_e': 0.06981865191998839, 'rho_d': 5.8438990398832815e-05, 'nu': 13, 'sigma': 0.6968309115662115}. Best is trial 63 with value: 0.07261252154218732.
[I 2026-08-16 13:39:24,509] Trial 136 finished with value: 0.08156712007150944 and parameters: {'rho_e': 0.0004264175240196314, 'rho_d': 0.00022477123063178677, 'nu': 36, 'sigma': 1.0}. Best is trial 63 with value: 0.07261252154218732.
[I 2026-08-16 13:40:01,802] Trial 137 finished with value: 0.07651583411587365 and parameters: {'rho_e': 37.92578944429177, 'rho_d': 0.0008509465280826234, 'nu': 2, 'sigma': 0.7244575479486828}. Best is trial 63 with value: 0.07261252154218732.
[I 2026-08-16 13:40:39,084] Trial 138 finished with value: 0.07312517056049211 and parameters: {'rho_e': 0.04431587062777017, 'rho_d': 5.176563447877035e-05, 'nu': 2, 'sigma': 0.4707418605932515}. Best is trial 63 with value: 0.07261252154218732.
[I 2026-08-16 13:41:16,900] Trial 139 finished with value: 0.07792699724724148 and parameters: {'rho_e': 7.351679667017473e-05, 'rho_d': 0.0059235269159562355, 'nu': 2, 'sigma': 0.0}. Best is trial 63 with value: 0.07261252154218732.
[I 2026-08-16 13:41:54,163] Trial 140 finished with value: 0.07558179117831382 and parameters: {'rho_e': 0.009583641468718603, 'rho_d': 1e-05, 'nu': 36, 'sigma': 0.0}. Best is trial 63 with value: 0.07261252154218732.
[I 2026-08-16 13:42:31,455] Trial 141 finished with value: 0.07664093486609987 and parameters: {'rho_e': 0.005535899452658301, 'rho_d': 1e-05, 'nu': 36, 'sigma': 0.28680511072831183}. Best is trial 63 with value: 0.07261252154218732.
[I 2026-08-16 13:43:08,688] Trial 142 finished with value: 0.07202189805727774 and parameters: {'rho_e': 0.030849287744266488, 'rho_d': 4.6148964034136623e-05, 'nu': 2, 'sigma': 0.261222846575315}. Best is trial 142 with value: 0.07202189805727774.
[I 2026-08-16 13:43:45,990] Trial 143 finished with value: 0.07303375190282957 and parameters: {'rho_e': 0.026956913045905057, 'rho_d': 3.4134965560502486e-05, 'nu': 2, 'sigma': 0.1157443791720432}. Best is trial 142 with value: 0.07202189805727774.
[I 2026-08-16 13:44:23,237] Trial 144 finished with value: 0.08552610285487697 and parameters: {'rho_e': 0.8497124428428761, 'rho_d': 1000.0, 'nu': 36, 'sigma': 0.18875574872525458}. Best is trial 142 with value: 0.07202189805727774.
[I 2026-08-16 13:45:00,620] Trial 145 finished with value: 0.08722523639704698 and parameters: {'rho_e': 1.3217279140722311, 'rho_d': 1000.0, 'nu': 2, 'sigma': 0.3375188343198051}. Best is trial 142 with value: 0.07202189805727774.
[I 2026-08-16 13:45:38,080] Trial 146 finished with value: 0.07946494719033284 and parameters: {'rho_e': 0.17063072078556474, 'rho_d': 3.5372983728258906e-05, 'nu': 18, 'sigma': 1.0}. Best is trial 142 with value: 0.07202189805727774.
[I 2026-08-16 13:46:15,599] Trial 147 finished with value: 0.07751889836938769 and parameters: {'rho_e': 1e-05, 'rho_d': 0.00022747491064402153, 'nu': 21, 'sigma': 0.0}. Best is trial 142 with value: 0.07202189805727774.
[I 2026-08-16 13:46:53,868] Trial 148 finished with value: 0.07629104197793266 and parameters: {'rho_e': 0.006817695441256338, 'rho_d': 1e-05, 'nu': 21, 'sigma': 0.0}. Best is trial 142 with value: 0.07202189805727774.
[I 2026-08-16 13:47:31,756] Trial 149 finished with value: 0.07508476798060046 and parameters: {'rho_e': 0.025389444265824228, 'rho_d': 4.236700336286521e-05, 'nu': 36, 'sigma': 0.6983361465228605}. Best is trial 142 with value: 0.07202189805727774.
[I 2026-08-16 13:48:09,979] Trial 150 finished with value: 0.07204612965036591 and parameters: {'rho_e': 0.03432329493693754, 'rho_d': 6.353981056267104e-05, 'nu': 2, 'sigma': 0.26545490762377366}. Best is trial 142 with value: 0.07202189805727774.
[I 2026-08-16 13:48:48,100] Trial 151 finished with value: 0.07222452204451778 and parameters: {'rho_e': 0.034570911329253745, 'rho_d': 8.617201024641014e-05, 'nu': 2, 'sigma': 0.25412657401912325}. Best is trial 142 with value: 0.07202189805727774.
[I 2026-08-16 13:49:26,184] Trial 152 finished with value: 0.07611113542430814 and parameters: {'rho_e': 575.6494425559292, 'rho_d': 1.162194392949139, 'nu': 9, 'sigma': 0.8589546105594476}. Best is trial 142 with value: 0.07202189805727774.
[I 2026-08-16 13:50:04,019] Trial 153 finished with value: 0.07743279987298418 and parameters: {'rho_e': 0.0014137269138765711, 'rho_d': 0.0013076266625352314, 'nu': 22, 'sigma': 0.0}. Best is trial 142 with value: 0.07202189805727774.
[I 2026-08-16 13:50:41,781] Trial 154 finished with value: 0.07249219956696963 and parameters: {'rho_e': 0.03883030170160323, 'rho_d': 2.436654496611053e-05, 'nu': 2, 'sigma': 0.27595486407083203}. Best is trial 142 with value: 0.07202189805727774.
[I 2026-08-16 13:51:19,431] Trial 155 finished with value: 0.07981424375660634 and parameters: {'rho_e': 0.008073435305821205, 'rho_d': 1e-05, 'nu': 36, 'sigma': 1.0}. Best is trial 142 with value: 0.07202189805727774.
[I 2026-08-16 13:51:56,967] Trial 156 finished with value: 0.07142598609044874 and parameters: {'rho_e': 0.033454400355474104, 'rho_d': 8.932759478175494e-05, 'nu': 5, 'sigma': 0.2526875882686981}. Best is trial 156 with value: 0.07142598609044874.
[I 2026-08-16 13:52:34,484] Trial 157 finished with value: 0.07145731405684766 and parameters: {'rho_e': 0.04013532001702254, 'rho_d': 0.00018692484199739576, 'nu': 7, 'sigma': 0.30998209913874913}. Best is trial 156 with value: 0.07142598609044874.
[I 2026-08-16 13:53:12,169] Trial 158 finished with value: 0.07137188391400115 and parameters: {'rho_e': 0.036839329035573534, 'rho_d': 9.53520727979682e-05, 'nu': 6, 'sigma': 0.28917706923158254}. Best is trial 158 with value: 0.07137188391400115.
[I 2026-08-16 13:53:49,623] Trial 159 finished with value: 0.08148900619230011 and parameters: {'rho_e': 1e-05, 'rho_d': 0.0017949030022920368, 'nu': 36, 'sigma': 1.0}. Best is trial 158 with value: 0.07137188391400115.
[I 2026-08-16 13:54:27,124] Trial 160 finished with value: 0.07152486839756368 and parameters: {'rho_e': 0.060475127729963135, 'rho_d': 0.00019066699675716257, 'nu': 8, 'sigma': 0.5043210548031233}. Best is trial 158 with value: 0.07137188391400115.
[I 2026-08-16 13:55:04,600] Trial 161 finished with value: 0.07129248068194796 and parameters: {'rho_e': 0.045128339849980784, 'rho_d': 0.0001234552186302261, 'nu': 7, 'sigma': 0.38381907486380296}. Best is trial 161 with value: 0.07129248068194796.
[I 2026-08-16 13:55:41,911] Trial 162 finished with value: 0.07137668312542675 and parameters: {'rho_e': 0.047983105590880905, 'rho_d': 0.000111010976010982, 'nu': 7, 'sigma': 0.4040408864330052}. Best is trial 161 with value: 0.07129248068194796.
[I 2026-08-16 13:56:19,131] Trial 163 finished with value: 0.07100558970242557 and parameters: {'rho_e': 0.039280569705898306, 'rho_d': 0.0001636709155702184, 'nu': 7, 'sigma': 0.38136864974586515}. Best is trial 163 with value: 0.07100558970242557.
[I 2026-08-16 13:56:56,431] Trial 164 finished with value: 0.07188850163851271 and parameters: {'rho_e': 0.0356518308498283, 'rho_d': 0.0005685635596706786, 'nu': 9, 'sigma': 0.41223389005470695}. Best is trial 163 with value: 0.07100558970242557.
[I 2026-08-16 13:57:33,732] Trial 165 finished with value: 0.07752118330995444 and parameters: {'rho_e': 8.723563254352681e-05, 'rho_d': 1e-05, 'nu': 2, 'sigma': 0.0}. Best is trial 163 with value: 0.07100558970242557.
[I 2026-08-16 13:58:10,943] Trial 166 finished with value: 0.07879358133090819 and parameters: {'rho_e': 137.67014889343693, 'rho_d': 8.34355742939336e-05, 'nu': 13, 'sigma': 1.0}. Best is trial 163 with value: 0.07100558970242557.
[I 2026-08-16 13:58:48,263] Trial 167 finished with value: 0.0775210002839527 and parameters: {'rho_e': 0.00018856911933619498, 'rho_d': 1e-05, 'nu': 19, 'sigma': 0.0}. Best is trial 163 with value: 0.07100558970242557.
[I 2026-08-16 13:59:25,488] Trial 168 finished with value: 0.07788128693990695 and parameters: {'rho_e': 0.02291106340943992, 'rho_d': 0.0075081096192866174, 'nu': 36, 'sigma': 1.0}. Best is trial 163 with value: 0.07100558970242557.
[I 2026-08-16 14:00:02,694] Trial 169 finished with value: 0.08700548948075623 and parameters: {'rho_e': 0.5505521666933423, 'rho_d': 1000.0, 'nu': 19, 'sigma': 0.1305232391912651}. Best is trial 163 with value: 0.07100558970242557.
[I 2026-08-16 14:00:39,925] Trial 170 finished with value: 0.0744282830622647 and parameters: {'rho_e': 0.018946713534262343, 'rho_d': 0.002077226976202745, 'nu': 19, 'sigma': 0.0}. Best is trial 163 with value: 0.07100558970242557.
[I 2026-08-16 14:01:17,167] Trial 171 finished with value: 0.08997423156642965 and parameters: {'rho_e': 1000.0, 'rho_d': 1e-05, 'nu': 36, 'sigma': 1.0}. Best is trial 163 with value: 0.07100558970242557.
[I 2026-08-16 14:01:54,337] Trial 172 finished with value: 0.07752118968203288 and parameters: {'rho_e': 1e-05, 'rho_d': 1e-05, 'nu': 13, 'sigma': 0.0}. Best is trial 163 with value: 0.07100558970242557.
[I 2026-08-16 14:02:31,615] Trial 173 finished with value: 0.07756657767018199 and parameters: {'rho_e': 6.376691091626834e-05, 'rho_d': 1e-05, 'nu': 36, 'sigma': 0.38795174933809895}. Best is trial 163 with value: 0.07100558970242557.
[I 2026-08-16 14:03:08,901] Trial 174 finished with value: 0.07512286422700105 and parameters: {'rho_e': 0.024879871601416494, 'rho_d': 0.0016051351835754358, 'nu': 36, 'sigma': 0.0}. Best is trial 163 with value: 0.07100558970242557.
[I 2026-08-16 14:03:46,193] Trial 175 finished with value: 0.07366644400467146 and parameters: {'rho_e': 0.021581579276793536, 'rho_d': 0.0029764118729909404, 'nu': 36, 'sigma': 0.35352947953534325}. Best is trial 163 with value: 0.07100558970242557.
[I 2026-08-16 14:04:23,495] Trial 176 finished with value: 0.07368530284477126 and parameters: {'rho_e': 0.027036339255466075, 'rho_d': 0.0015759414210396881, 'nu': 24, 'sigma': 0.26858920020937455}. Best is trial 163 with value: 0.07100558970242557.
[I 2026-08-16 14:05:00,810] Trial 177 finished with value: 0.07434899447908566 and parameters: {'rho_e': 0.03244007578077929, 'rho_d': 0.00023417415716267572, 'nu': 36, 'sigma': 0.2810589577122506}. Best is trial 163 with value: 0.07100558970242557.
[I 2026-08-16 14:05:38,114] Trial 178 finished with value: 0.08126916092750769 and parameters: {'rho_e': 1e-05, 'rho_d': 0.01484996723289872, 'nu': 2, 'sigma': 0.0}. Best is trial 163 with value: 0.07100558970242557.
[I 2026-08-16 14:06:15,480] Trial 179 finished with value: 0.07248834000742349 and parameters: {'rho_e': 0.04553696637829947, 'rho_d': 0.0002595754759325046, 'nu': 10, 'sigma': 0.35742509828951813}. Best is trial 163 with value: 0.07100558970242557.
[I 2026-08-16 14:06:52,832] Trial 180 finished with value: 0.07091948215084592 and parameters: {'rho_e': 0.058638654492110795, 'rho_d': 6.914712020026247e-05, 'nu': 7, 'sigma': 0.589134676433029}. Best is trial 180 with value: 0.07091948215084592.
