[I 2026-08-17 00:34:31,545] Trial 181 finished with value: 0.08009795855569575 and parameters: {'rho_e': 3.80328155530387e-05, 'rho_d': 0.0007688413230203114, 'nu': 36, 'sigma': 1.0}. Best is trial 174 with value: 0.07138233208748304.
[I 2026-08-17 00:35:10,180] Trial 182 finished with value: 0.09409154401647328 and parameters: {'rho_e': 0.002064572667974295, 'rho_d': 1000.0, 'nu': 2, 'sigma': 0.0}. Best is trial 174 with value: 0.07138233208748304.
[I 2026-08-17 00:35:48,743] Trial 183 finished with value: 0.0773313401306596 and parameters: {'rho_e': 0.1815620404229032, 'rho_d': 11.30260051375666, 'nu': 36, 'sigma': 1.0}. Best is trial 174 with value: 0.07138233208748304.
[I 2026-08-17 00:36:27,281] Trial 184 finished with value: 0.09410997794887829 and parameters: {'rho_e': 1e-05, 'rho_d': 1000.0, 'nu': 36, 'sigma': 0.0}. Best is trial 174 with value: 0.07138233208748304.
[I 2026-08-17 00:37:05,874] Trial 185 finished with value: 0.08468738534293606 and parameters: {'rho_e': 0.02688802437079331, 'rho_d': 1e-05, 'nu': 36, 'sigma': 0.0}. Best is trial 174 with value: 0.07138233208748304.
[I 2026-08-17 00:37:44,409] Trial 186 finished with value: 0.07630674473928248 and parameters: {'rho_e': 0.0003319408533433307, 'rho_d': 0.00012391741191949778, 'nu': 17, 'sigma': 0.2190955343488672}. Best is trial 174 with value: 0.07138233208748304.
[I 2026-08-17 00:38:22,987] Trial 187 finished with value: 0.07164095962943848 and parameters: {'rho_e': 0.01920772792512129, 'rho_d': 0.0002883483339776396, 'nu': 2, 'sigma': 0.5836992652013079}. Best is trial 174 with value: 0.07138233208748304.
[I 2026-08-17 00:39:01,725] Trial 188 finished with value: 0.07189094264088562 and parameters: {'rho_e': 0.02313070575414752, 'rho_d': 0.00024468873410666306, 'nu': 2, 'sigma': 0.5558579483148416}. Best is trial 174 with value: 0.07138233208748304.
[I 2026-08-17 00:39:40,318] Trial 189 finished with value: 0.07301673757814191 and parameters: {'rho_e': 0.012808287789397304, 'rho_d': 0.00026132478942139355, 'nu': 2, 'sigma': 0.6037376224786989}. Best is trial 174 with value: 0.07138233208748304.
[I 2026-08-17 00:40:18,929] Trial 190 finished with value: 0.07606868429649774 and parameters: {'rho_e': 0.1814513926076457, 'rho_d': 69.39978294547001, 'nu': 36, 'sigma': 0.5577870843680184}. Best is trial 174 with value: 0.07138233208748304.
[I 2026-08-17 00:40:57,564] Trial 191 finished with value: 0.07192642549793271 and parameters: {'rho_e': 0.032481177603178694, 'rho_d': 1e-05, 'nu': 2, 'sigma': 0.566080728860426}. Best is trial 174 with value: 0.07138233208748304.
[I 2026-08-17 00:41:36,109] Trial 192 finished with value: 0.07563600840255924 and parameters: {'rho_e': 0.23325032152084624, 'rho_d': 123.12177406352585, 'nu': 15, 'sigma': 0.28234717576627244}. Best is trial 174 with value: 0.07138233208748304.
[I 2026-08-17 00:42:14,665] Trial 193 finished with value: 0.07179143433188592 and parameters: {'rho_e': 0.02379168402258253, 'rho_d': 0.0004628489053620323, 'nu': 2, 'sigma': 0.5052611982529255}. Best is trial 174 with value: 0.07138233208748304.
[I 2026-08-17 00:42:53,301] Trial 194 finished with value: 0.0714995722544125 and parameters: {'rho_e': 0.025450825833390867, 'rho_d': 0.0002578399224687639, 'nu': 4, 'sigma': 0.5617851961350538}. Best is trial 174 with value: 0.07138233208748304.
[I 2026-08-17 00:43:31,985] Trial 195 finished with value: 0.07147258684075736 and parameters: {'rho_e': 0.02532315437742899, 'rho_d': 0.0002582434059059059, 'nu': 4, 'sigma': 0.5622966336784705}. Best is trial 174 with value: 0.07138233208748304.
[I 2026-08-17 00:44:10,561] Trial 196 finished with value: 0.07156609192851199 and parameters: {'rho_e': 0.025756146130086834, 'rho_d': 0.00035705875987997746, 'nu': 5, 'sigma': 0.5701023048226491}. Best is trial 174 with value: 0.07138233208748304.
[I 2026-08-17 00:44:49,181] Trial 197 finished with value: 0.07159561991911478 and parameters: {'rho_e': 0.023606648771894154, 'rho_d': 0.00020087656305820966, 'nu': 4, 'sigma': 0.555691423811949}. Best is trial 174 with value: 0.07138233208748304.
[I 2026-08-17 00:45:27,652] Trial 198 finished with value: 0.07194532428359757 and parameters: {'rho_e': 0.029013678846211376, 'rho_d': 0.00039327961729268974, 'nu': 6, 'sigma': 0.5158684585956829}. Best is trial 174 with value: 0.07138233208748304.
[I 2026-08-17 00:46:05,671] Trial 199 finished with value: 0.07179876626937903 and parameters: {'rho_e': 0.0245256212917497, 'rho_d': 0.00048296618421529166, 'nu': 2, 'sigma': 0.5809108172446449}. Best is trial 174 with value: 0.07138233208748304.
/home/gterren/dynamic_update/functional_forecast_dynamic_update/scripts/validate_zone_ffc_mpi.py:1094: FutureWarning: The behavior of DataFrame concatenation with empty or all-NA entries is deprecated. In a future version, this will no longer exclude empty or all-NA columns when determining the result dtypes. To retain the old behavior, exclude the relevant entries before the concat operation.
  results_df = pd.concat([results_df, prob_results], axis = 0, ignore_index=True)
