/home/gterren/dynamic_update/functional_forecast_dynamic_update/scripts/validate_zone_ffc_mpi.py:673: ExperimentalWarning: GPSampler is experimental (supported from v3.6.0). The interface can change in the future.
  sampler=GPSampler(seed=SEED, n_startup_trials=0)
[I 2026-08-17 09:15:22,764] A new study created in memory with name: no-name-748b129a-96d5-437c-8766-19d2a090ebd4
[I 2026-08-17 09:16:11,993] Trial 0 finished with value: 0.06811748537026031 and parameters: {'rho_e': 44.1887411737707, 'rho_d': 995.9637851462421, 'nu': 12, 'sigma': 0.0043106438599059835}. Best is trial 0 with value: 0.06811748537026031.
[I 2026-08-17 09:17:01,456] Trial 1 finished with value: 0.0789125729567249 and parameters: {'rho_e': 2.6447219863664277, 'rho_d': 40.466308168473645, 'nu': 7, 'sigma': 0.8437847205349434}. Best is trial 0 with value: 0.06811748537026031.
[I 2026-08-17 09:17:51,063] Trial 2 finished with value: 0.08587418692619252 and parameters: {'rho_e': 0.00047214664584092734, 'rho_d': 16.540868088977554, 'nu': 31, 'sigma': 0.44896906609996834}. Best is trial 0 with value: 0.06811748537026031.
[I 2026-08-17 09:18:40,883] Trial 3 finished with value: 0.0918310388110963 and parameters: {'rho_e': 0.0011040808147135118, 'rho_d': 375.80621701668764, 'nu': 35, 'sigma': 0.585819048626765}. Best is trial 0 with value: 0.06811748537026031.
[I 2026-08-17 09:19:30,789] Trial 4 finished with value: 0.06636204368077968 and parameters: {'rho_e': 0.028024767563296443, 'rho_d': 0.0015178460450582438, 'nu': 3, 'sigma': 0.18433914389435993}. Best is trial 4 with value: 0.06636204368077968.
[I 2026-08-17 09:20:19,639] Trial 5 finished with value: 0.07062682319474911 and parameters: {'rho_e': 0.001699489598361542, 'rho_d': 0.00039845408642133815, 'nu': 9, 'sigma': 0.09183323898684663}. Best is trial 4 with value: 0.06636204368077968.
[I 2026-08-17 09:21:09,310] Trial 6 finished with value: 0.09158725718862532 and parameters: {'rho_e': 388.63316229431973, 'rho_d': 13.096576802695594, 'nu': 28, 'sigma': 0.46530231933873223}. Best is trial 4 with value: 0.06636204368077968.
[I 2026-08-17 09:21:58,169] Trial 7 finished with value: 0.07086675844965713 and parameters: {'rho_e': 0.0637580878679922, 'rho_d': 0.8459015317980902, 'nu': 20, 'sigma': 0.2920379239440455}. Best is trial 4 with value: 0.06636204368077968.
[I 2026-08-17 09:22:48,042] Trial 8 finished with value: 0.0776032911458992 and parameters: {'rho_e': 1.3245676649218092, 'rho_d': 2.0909343784521127e-05, 'nu': 28, 'sigma': 0.8354419364160272}. Best is trial 4 with value: 0.06636204368077968.
[I 2026-08-17 09:23:37,875] Trial 9 finished with value: 0.09230106419414609 and parameters: {'rho_e': 92.52545804383819, 'rho_d': 3.6878315606541364e-05, 'nu': 27, 'sigma': 0.4074229521373047}. Best is trial 4 with value: 0.06636204368077968.
[I 2026-08-17 09:24:27,415] Trial 10 finished with value: 0.08406055954147655 and parameters: {'rho_e': 0.0003006985895585273, 'rho_d': 0.014855235320470521, 'nu': 23, 'sigma': 0.9517323870713255}. Best is trial 4 with value: 0.06636204368077968.
[I 2026-08-17 09:25:16,836] Trial 11 finished with value: 0.05959940278967297 and parameters: {'rho_e': 0.09065003585191227, 'rho_d': 0.000830117853765425, 'nu': 33, 'sigma': 0.2729529483426405}. Best is trial 11 with value: 0.05959940278967297.
[I 2026-08-17 09:26:06,419] Trial 12 finished with value: 0.06766869587281715 and parameters: {'rho_e': 9.145431087095083, 'rho_d': 251.2324980259013, 'nu': 16, 'sigma': 0.12132399718501542}. Best is trial 11 with value: 0.05959940278967297.
[I 2026-08-17 09:26:55,751] Trial 13 finished with value: 0.08509031950005334 and parameters: {'rho_e': 0.4221359244181985, 'rho_d': 0.5031258736302461, 'nu': 2, 'sigma': 0.9688122926413166}. Best is trial 11 with value: 0.05959940278967297.
[I 2026-08-17 09:27:44,075] Trial 14 finished with value: 0.10064696093193429 and parameters: {'rho_e': 186.78622596048191, 'rho_d': 0.19269267165914727, 'nu': 28, 'sigma': 0.21258830873915074}. Best is trial 11 with value: 0.05959940278967297.
[I 2026-08-17 09:28:32,702] Trial 15 finished with value: 0.08592266363640191 and parameters: {'rho_e': 0.0007960708182704726, 'rho_d': 5.246925738731659, 'nu': 14, 'sigma': 0.03710305493235684}. Best is trial 11 with value: 0.05959940278967297.
[I 2026-08-17 09:29:21,175] Trial 16 finished with value: 0.09394240939127424 and parameters: {'rho_e': 0.00013923005165982413, 'rho_d': 2.2731740310669983, 'nu': 6, 'sigma': 0.5070607118223327}. Best is trial 11 with value: 0.05959940278967297.
[I 2026-08-17 09:30:10,279] Trial 17 finished with value: 0.088674429548728 and parameters: {'rho_e': 1.675648098732365, 'rho_d': 5.4121737341892715e-05, 'nu': 29, 'sigma': 0.3985846183223305}. Best is trial 11 with value: 0.05959940278967297.
[I 2026-08-17 09:30:59,288] Trial 18 finished with value: 0.06761181241512983 and parameters: {'rho_e': 0.629032730414082, 'rho_d': 1.5324784323963947, 'nu': 19, 'sigma': 0.37824389994983043}. Best is trial 11 with value: 0.05959940278967297.
[I 2026-08-17 09:31:48,355] Trial 19 finished with value: 0.08506426988138713 and parameters: {'rho_e': 3.1676475676253133e-05, 'rho_d': 34.70948675987812, 'nu': 23, 'sigma': 0.053769306126003336}. Best is trial 11 with value: 0.05959940278967297.
[I 2026-08-17 09:32:37,151] Trial 20 finished with value: 0.0749293048260491 and parameters: {'rho_e': 0.016052545476288312, 'rho_d': 9.457465933528161e-05, 'nu': 11, 'sigma': 0.47341304745096374}. Best is trial 11 with value: 0.05959940278967297.
[I 2026-08-17 09:33:26,133] Trial 21 finished with value: 0.07457572040175667 and parameters: {'rho_e': 0.0006193681280061315, 'rho_d': 0.002122475691460386, 'nu': 33, 'sigma': 0.5258429656298358}. Best is trial 11 with value: 0.05959940278967297.
[I 2026-08-17 09:34:15,435] Trial 22 finished with value: 0.1020432913884714 and parameters: {'rho_e': 0.002651003243141662, 'rho_d': 739.559649726732, 'nu': 11, 'sigma': 0.7980848647561093}. Best is trial 11 with value: 0.05959940278967297.
[I 2026-08-17 09:35:05,815] Trial 23 finished with value: 0.061183033193344644 and parameters: {'rho_e': 0.038014044196559606, 'rho_d': 4.931123228055199e-05, 'nu': 5, 'sigma': 0.06632928962635307}. Best is trial 11 with value: 0.05959940278967297.
[I 2026-08-17 09:35:56,197] Trial 24 finished with value: 0.05887199345441148 and parameters: {'rho_e': 0.11768782191515849, 'rho_d': 0.0008474973387104216, 'nu': 4, 'sigma': 0.028747009170219398}. Best is trial 24 with value: 0.05887199345441148.
[I 2026-08-17 09:36:47,964] Trial 25 finished with value: 0.07234102689304275 and parameters: {'rho_e': 0.000221194803883462, 'rho_d': 0.003127785231010655, 'nu': 35, 'sigma': 0.3448516036404479}. Best is trial 24 with value: 0.05887199345441148.
[I 2026-08-17 09:37:42,223] Trial 26 finished with value: 0.08681826381618377 and parameters: {'rho_e': 0.0014152114357771622, 'rho_d': 101.5441791125969, 'nu': 18, 'sigma': 0.08793124894415151}. Best is trial 24 with value: 0.05887199345441148.
[I 2026-08-17 09:38:37,075] Trial 27 finished with value: 0.08029434400523086 and parameters: {'rho_e': 0.005999664155561336, 'rho_d': 0.7336578996042769, 'nu': 12, 'sigma': 0.23314686158624018}. Best is trial 24 with value: 0.05887199345441148.
[I 2026-08-17 09:39:31,398] Trial 28 finished with value: 0.06402631486912715 and parameters: {'rho_e': 0.16658008593499812, 'rho_d': 0.04697853166935672, 'nu': 15, 'sigma': 0.30418720184778986}. Best is trial 24 with value: 0.05887199345441148.
[I 2026-08-17 09:40:26,244] Trial 29 finished with value: 0.10138777503847743 and parameters: {'rho_e': 90.41279317914542, 'rho_d': 0.00022732243773290796, 'nu': 18, 'sigma': 0.14097116339632224}. Best is trial 24 with value: 0.05887199345441148.
[I 2026-08-17 09:41:21,437] Trial 30 finished with value: 0.08119327704408079 and parameters: {'rho_e': 3.2818996043536557, 'rho_d': 0.30800376430725923, 'nu': 21, 'sigma': 0.8049373236365045}. Best is trial 24 with value: 0.05887199345441148.
[I 2026-08-17 09:42:17,041] Trial 31 finished with value: 0.07948595886976591 and parameters: {'rho_e': 0.0018651502837486495, 'rho_d': 0.5424347638825685, 'nu': 9, 'sigma': 0.1763314183454423}. Best is trial 24 with value: 0.05887199345441148.
[I 2026-08-17 09:43:13,158] Trial 32 finished with value: 0.07673307863682381 and parameters: {'rho_e': 267.2163415663082, 'rho_d': 3.249594855967158e-05, 'nu': 13, 'sigma': 0.9315113891219337}. Best is trial 24 with value: 0.05887199345441148.
[I 2026-08-17 09:44:09,514] Trial 33 finished with value: 0.07364596197137979 and parameters: {'rho_e': 0.000498668179609825, 'rho_d': 6.820202043620142e-05, 'nu': 3, 'sigma': 0.1958307936925543}. Best is trial 24 with value: 0.05887199345441148.
[I 2026-08-17 09:45:05,850] Trial 34 finished with value: 0.08540217888494822 and parameters: {'rho_e': 1.192611506222469e-05, 'rho_d': 0.06660878220627138, 'nu': 10, 'sigma': 0.6560513841848424}. Best is trial 24 with value: 0.05887199345441148.
[I 2026-08-17 09:46:02,530] Trial 35 finished with value: 0.08036627392332552 and parameters: {'rho_e': 5.750061851907727e-05, 'rho_d': 0.0028177041849973042, 'nu': 21, 'sigma': 0.6732476278597038}. Best is trial 24 with value: 0.05887199345441148.
[I 2026-08-17 09:46:57,269] Trial 36 finished with value: 0.08292376289556944 and parameters: {'rho_e': 6.422774334214674e-05, 'rho_d': 0.006227749718999353, 'nu': 16, 'sigma': 0.709754391076522}. Best is trial 24 with value: 0.05887199345441148.
[I 2026-08-17 09:47:51,372] Trial 37 finished with value: 0.08189100134022088 and parameters: {'rho_e': 20.021423656906084, 'rho_d': 1.0275090280402304e-05, 'nu': 25, 'sigma': 0.7210935975558631}. Best is trial 24 with value: 0.05887199345441148.
[I 2026-08-17 09:48:45,268] Trial 38 finished with value: 0.07597572978335218 and parameters: {'rho_e': 10.501862252814515, 'rho_d': 0.0005026248739778633, 'nu': 3, 'sigma': 0.4250157492584251}. Best is trial 24 with value: 0.05887199345441148.
[I 2026-08-17 09:49:41,014] Trial 39 finished with value: 0.08264834602563438 and parameters: {'rho_e': 0.010990099912398583, 'rho_d': 1.8233103861012256, 'nu': 33, 'sigma': 0.16796318482573772}. Best is trial 24 with value: 0.05887199345441148.
[I 2026-08-17 09:50:35,523] Trial 40 finished with value: 0.08659429561870773 and parameters: {'rho_e': 0.00481183877593825, 'rho_d': 0.026305690862481013, 'nu': 15, 'sigma': 0.888135880764632}. Best is trial 24 with value: 0.05887199345441148.
[I 2026-08-17 09:51:30,891] Trial 41 finished with value: 0.08038082248090726 and parameters: {'rho_e': 7.8251003831822015, 'rho_d': 1.664382356585933e-05, 'nu': 18, 'sigma': 0.6065667358852513}. Best is trial 24 with value: 0.05887199345441148.
[I 2026-08-17 09:52:26,694] Trial 42 finished with value: 0.09761043606490856 and parameters: {'rho_e': 0.007596660479025543, 'rho_d': 1.100315492927821, 'nu': 2, 'sigma': 0.8217855286182979}. Best is trial 24 with value: 0.05887199345441148.
[I 2026-08-17 09:53:21,039] Trial 43 finished with value: 0.07651314398336681 and parameters: {'rho_e': 0.23972978121694616, 'rho_d': 126.84185906989173, 'nu': 30, 'sigma': 0.3868549940580984}. Best is trial 24 with value: 0.05887199345441148.
[I 2026-08-17 09:54:15,733] Trial 44 finished with value: 0.08020402976105878 and parameters: {'rho_e': 2.7283524569992597e-05, 'rho_d': 0.05207894674608654, 'nu': 26, 'sigma': 0.5423483362304925}. Best is trial 24 with value: 0.05887199345441148.
[I 2026-08-17 09:55:09,576] Trial 45 finished with value: 0.07313125802666079 and parameters: {'rho_e': 66.67581953053337, 'rho_d': 0.0012019497506995061, 'nu': 8, 'sigma': 0.8928040493191106}. Best is trial 24 with value: 0.05887199345441148.
[I 2026-08-17 09:56:04,778] Trial 46 finished with value: 0.07253275771131537 and parameters: {'rho_e': 1.900838426665218e-05, 'rho_d': 0.0013289444123579571, 'nu': 34, 'sigma': 0.3521330491817352}. Best is trial 24 with value: 0.05887199345441148.
[I 2026-08-17 09:56:57,571] Trial 47 finished with value: 0.08145227733843032 and parameters: {'rho_e': 153.2689312978113, 'rho_d': 8.437372149563782, 'nu': 23, 'sigma': 0.8533919192290506}. Best is trial 24 with value: 0.05887199345441148.
[I 2026-08-17 09:57:48,471] Trial 48 finished with value: 0.09034050175747999 and parameters: {'rho_e': 4.925083285937313e-05, 'rho_d': 542.7749062374181, 'nu': 35, 'sigma': 0.1593186103901423}. Best is trial 24 with value: 0.05887199345441148.
[I 2026-08-17 09:58:41,225] Trial 49 finished with value: 0.08712326697217214 and parameters: {'rho_e': 212.9875212555835, 'rho_d': 48.76774399180994, 'nu': 29, 'sigma': 0.7197311181430005}. Best is trial 24 with value: 0.05887199345441148.
[I 2026-08-17 09:59:31,385] Trial 50 finished with value: 0.1073325612056697 and parameters: {'rho_e': 489.8472385096317, 'rho_d': 6.8768147678018305, 'nu': 30, 'sigma': 0.04491793612113747}. Best is trial 24 with value: 0.05887199345441148.
[I 2026-08-17 10:00:20,842] Trial 51 finished with value: 0.0795209718535014 and parameters: {'rho_e': 1.3920279470390566e-05, 'rho_d': 0.01793887909829646, 'nu': 22, 'sigma': 0.5675936128191598}. Best is trial 24 with value: 0.05887199345441148.
[I 2026-08-17 10:01:11,661] Trial 52 finished with value: 0.07928236124725517 and parameters: {'rho_e': 0.00018037727121456568, 'rho_d': 0.0038804300061513813, 'nu': 30, 'sigma': 0.8158050640653053}. Best is trial 24 with value: 0.05887199345441148.
[I 2026-08-17 10:02:06,126] Trial 53 finished with value: 0.07190251235597271 and parameters: {'rho_e': 6.78857731303566, 'rho_d': 0.012118698241549724, 'nu': 7, 'sigma': 0.916631269473956}. Best is trial 24 with value: 0.05887199345441148.
[I 2026-08-17 10:03:00,294] Trial 54 finished with value: 0.0778565560739192 and parameters: {'rho_e': 2.2409185909988056, 'rho_d': 0.00024689869215745674, 'nu': 14, 'sigma': 0.6897159965604344}. Best is trial 24 with value: 0.05887199345441148.
[I 2026-08-17 10:03:56,352] Trial 55 finished with value: 0.08230131263084398 and parameters: {'rho_e': 3.449822132887724, 'rho_d': 1.2563234433273771e-05, 'nu': 4, 'sigma': 0.28976515686341164}. Best is trial 24 with value: 0.05887199345441148.
[I 2026-08-17 10:04:50,934] Trial 56 finished with value: 0.069453966189482 and parameters: {'rho_e': 0.2806930201620222, 'rho_d': 0.029986995738449304, 'nu': 12, 'sigma': 0.92582884001405}. Best is trial 24 with value: 0.05887199345441148.
[I 2026-08-17 10:05:46,583] Trial 57 finished with value: 0.08017559598894558 and parameters: {'rho_e': 985.391994706257, 'rho_d': 0.12078333171462972, 'nu': 20, 'sigma': 0.6945244332927897}. Best is trial 24 with value: 0.05887199345441148.
[I 2026-08-17 10:06:41,965] Trial 58 finished with value: 0.07566915981167543 and parameters: {'rho_e': 117.90454992355644, 'rho_d': 0.11300386714373258, 'nu': 5, 'sigma': 0.49993628747908586}. Best is trial 24 with value: 0.05887199345441148.
[I 2026-08-17 10:07:37,432] Trial 59 finished with value: 0.08197049642789658 and parameters: {'rho_e': 0.0036481280281944377, 'rho_d': 0.0051933169863971115, 'nu': 21, 'sigma': 0.7614574183154023}. Best is trial 24 with value: 0.05887199345441148.
[I 2026-08-17 10:08:32,834] Trial 60 finished with value: 0.08648778275828378 and parameters: {'rho_e': 0.003494353005863863, 'rho_d': 27.789776118697908, 'nu': 35, 'sigma': 0.513905526476248}. Best is trial 24 with value: 0.05887199345441148.
[I 2026-08-17 10:09:26,797] Trial 61 finished with value: 0.09788418956610152 and parameters: {'rho_e': 717.5929767561584, 'rho_d': 11.407749883444923, 'nu': 25, 'sigma': 0.2540509228979462}. Best is trial 24 with value: 0.05887199345441148.
[I 2026-08-17 10:10:22,653] Trial 62 finished with value: 0.08620528300162811 and parameters: {'rho_e': 57.55813159589362, 'rho_d': 0.4123804061662132, 'nu': 9, 'sigma': 0.31575203741216806}. Best is trial 24 with value: 0.05887199345441148.
[I 2026-08-17 10:11:17,497] Trial 63 finished with value: 0.07774422741852281 and parameters: {'rho_e': 1.589672244626133e-05, 'rho_d': 0.09785167493195497, 'nu': 24, 'sigma': 0.22164170234292374}. Best is trial 24 with value: 0.05887199345441148.
[I 2026-08-17 10:12:13,457] Trial 64 finished with value: 0.10052650143836214 and parameters: {'rho_e': 4.0343604181179735, 'rho_d': 0.008954020893868687, 'nu': 8, 'sigma': 0.0747051664399045}. Best is trial 24 with value: 0.05887199345441148.
[I 2026-08-17 10:13:07,610] Trial 65 finished with value: 0.07429122866956961 and parameters: {'rho_e': 0.13624954063375214, 'rho_d': 3.9976573701501863, 'nu': 31, 'sigma': 0.206348798836421}. Best is trial 24 with value: 0.05887199345441148.
[I 2026-08-17 10:14:03,291] Trial 66 finished with value: 0.08010614848301223 and parameters: {'rho_e': 17.171830117313117, 'rho_d': 0.00015333200533721803, 'nu': 14, 'sigma': 0.5716870781133826}. Best is trial 24 with value: 0.05887199345441148.
[I 2026-08-17 10:14:58,194] Trial 67 finished with value: 0.09823131145493694 and parameters: {'rho_e': 27.33429844556746, 'rho_d': 8.479735863197818e-05, 'nu': 5, 'sigma': 0.13606955523984277}. Best is trial 24 with value: 0.05887199345441148.
[I 2026-08-17 10:15:52,878] Trial 68 finished with value: 0.08357387671770972 and parameters: {'rho_e': 0.0003796212758769884, 'rho_d': 0.17257927591478062, 'nu': 19, 'sigma': 0.4808836952546002}. Best is trial 24 with value: 0.05887199345441148.
[I 2026-08-17 10:16:46,988] Trial 69 finished with value: 0.07671423275694432 and parameters: {'rho_e': 1.2767895371336881, 'rho_d': 0.0002810576441523176, 'nu': 31, 'sigma': 0.9914650753532751}. Best is trial 24 with value: 0.05887199345441148.
[I 2026-08-17 10:17:42,494] Trial 70 finished with value: 0.08355247658108014 and parameters: {'rho_e': 36.37992524764074, 'rho_d': 0.006863645247452625, 'nu': 15, 'sigma': 0.451098447496511}. Best is trial 24 with value: 0.05887199345441148.
[I 2026-08-17 10:18:38,056] Trial 71 finished with value: 0.09343687047888577 and parameters: {'rho_e': 0.009992669525819491, 'rho_d': 3.5222702991430515, 'nu': 18, 'sigma': 0.7303937643547083}. Best is trial 24 with value: 0.05887199345441148.
[I 2026-08-17 10:19:33,836] Trial 72 finished with value: 0.0700082336308982 and parameters: {'rho_e': 0.3377343297456709, 'rho_d': 0.0774053186649358, 'nu': 32, 'sigma': 0.8621540264578681}. Best is trial 24 with value: 0.05887199345441148.
[I 2026-08-17 10:20:28,457] Trial 73 finished with value: 0.08713243621285746 and parameters: {'rho_e': 0.0009109716413857181, 'rho_d': 60.436547994533875, 'nu': 32, 'sigma': 0.3601272943929218}. Best is trial 24 with value: 0.05887199345441148.
[I 2026-08-17 10:21:24,035] Trial 74 finished with value: 0.08234398449831504 and parameters: {'rho_e': 0.007371262888054564, 'rho_d': 0.0003809082386397183, 'nu': 7, 'sigma': 0.6175256314359799}. Best is trial 24 with value: 0.05887199345441148.
[I 2026-08-17 10:22:18,687] Trial 75 finished with value: 0.08771300766310819 and parameters: {'rho_e': 9.598720198791217e-05, 'rho_d': 2.606996649475721, 'nu': 27, 'sigma': 0.3376011646100149}. Best is trial 24 with value: 0.05887199345441148.
[I 2026-08-17 10:23:14,228] Trial 76 finished with value: 0.08505167755321612 and parameters: {'rho_e': 0.05701125952035331, 'rho_d': 79.35071154424456, 'nu': 24, 'sigma': 0.6494202149716699}. Best is trial 24 with value: 0.05887199345441148.
[I 2026-08-17 10:24:10,629] Trial 77 finished with value: 0.07509352288333862 and parameters: {'rho_e': 0.713291651455664, 'rho_d': 413.4491860047718, 'nu': 36, 'sigma': 0.10339289430403716}. Best is trial 24 with value: 0.05887199345441148.
[I 2026-08-17 10:25:07,296] Trial 78 finished with value: 0.09508977217980952 and parameters: {'rho_e': 0.021878463708535335, 'rho_d': 616.8919853855866, 'nu': 26, 'sigma': 0.7435358182837166}. Best is trial 24 with value: 0.05887199345441148.
[I 2026-08-17 10:26:04,340] Trial 79 finished with value: 0.1035038781558471 and parameters: {'rho_e': 403.30574868014355, 'rho_d': 0.0001871394398860649, 'nu': 22, 'sigma': 0.11602803450536041}. Best is trial 24 with value: 0.05887199345441148.
[I 2026-08-17 10:27:01,487] Trial 80 finished with value: 0.08979669475176705 and parameters: {'rho_e': 611.092291059491, 'rho_d': 22.56094230841643, 'nu': 21, 'sigma': 0.41161249066195105}. Best is trial 24 with value: 0.05887199345441148.
[I 2026-08-17 10:27:55,437] Trial 81 finished with value: 0.09072634530725736 and parameters: {'rho_e': 324.04015392973747, 'rho_d': 153.91265757305513, 'nu': 29, 'sigma': 0.24049189958762376}. Best is trial 24 with value: 0.05887199345441148.
[I 2026-08-17 10:28:48,587] Trial 82 finished with value: 0.07034245895690325 and parameters: {'rho_e': 12.92694280260706, 'rho_d': 175.46495522091607, 'nu': 11, 'sigma': 0.4337060987926702}. Best is trial 24 with value: 0.05887199345441148.
[I 2026-08-17 10:29:40,623] Trial 83 finished with value: 0.08775570248264344 and parameters: {'rho_e': 2.3173430983309787e-05, 'rho_d': 0.24821385970358006, 'nu': 6, 'sigma': 0.5374331467526692}. Best is trial 24 with value: 0.05887199345441148.
[I 2026-08-17 10:30:33,391] Trial 84 finished with value: 0.08057619803370195 and parameters: {'rho_e': 32.19044123433823, 'rho_d': 0.01092394055737463, 'nu': 32, 'sigma': 0.9860377075010679}. Best is trial 24 with value: 0.05887199345441148.
[I 2026-08-17 10:31:26,683] Trial 85 finished with value: 0.0933147693462384 and parameters: {'rho_e': 0.000256338232395033, 'rho_d': 192.69694587001928, 'nu': 27, 'sigma': 0.7586787989485323}. Best is trial 24 with value: 0.05887199345441148.
[I 2026-08-17 10:32:18,907] Trial 86 finished with value: 0.09616846555785853 and parameters: {'rho_e': 1.0361792722433372, 'rho_d': 2.9031833158665516e-05, 'nu': 16, 'sigma': 0.01333033464460244}. Best is trial 24 with value: 0.05887199345441148.
[I 2026-08-17 10:33:10,647] Trial 87 finished with value: 0.07486995964575326 and parameters: {'rho_e': 0.888444978053921, 'rho_d': 7.352791689725258, 'nu': 10, 'sigma': 0.6653375875095507}. Best is trial 24 with value: 0.05887199345441148.
