/home/gterren/dynamic_update/functional_forecast_dynamic_update/scripts/validate_zone_ffc_mpi.py:673: ExperimentalWarning: GPSampler is experimental (supported from v3.6.0). The interface can change in the future.
  sampler=GPSampler(seed=SEED, n_startup_trials=0)
[I 2026-08-16 12:13:51,465] A new study created in memory with name: no-name-fb0fe3d8-128c-49dd-944e-d93fe6fd2ffc
[I 2026-08-16 12:14:30,232] Trial 0 finished with value: 0.07852795005646411 and parameters: {'rho_e': 0.3269036145707431, 'rho_d': 0.0008924503989739542, 'nu': 2, 'sigma': 0.5589802398441411}. Best is trial 0 with value: 0.07852795005646411.
[I 2026-08-16 12:15:08,869] Trial 1 finished with value: 0.10020680970500026 and parameters: {'rho_e': 0.00019459711623305662, 'rho_d': 5.722640521209214, 'nu': 13, 'sigma': 0.5672546026273165}. Best is trial 0 with value: 0.07852795005646411.
[I 2026-08-16 12:15:46,909] Trial 2 finished with value: 0.09369621688373778 and parameters: {'rho_e': 321.4812758619285, 'rho_d': 4.302510656920417e-05, 'nu': 12, 'sigma': 0.3601623761996074}. Best is trial 0 with value: 0.07852795005646411.
[I 2026-08-16 12:16:24,979] Trial 3 finished with value: 0.09509275589577681 and parameters: {'rho_e': 4.3898520061802934e-05, 'rho_d': 0.03830168409239199, 'nu': 3, 'sigma': 0.9115914372285836}. Best is trial 0 with value: 0.07852795005646411.
[I 2026-08-16 12:17:02,920] Trial 4 finished with value: 0.08659146703317598 and parameters: {'rho_e': 949.2172066223391, 'rho_d': 0.026109422224811094, 'nu': 26, 'sigma': 0.9260120240556735}. Best is trial 0 with value: 0.07852795005646411.
[I 2026-08-16 12:17:40,804] Trial 5 finished with value: 0.09635833971331867 and parameters: {'rho_e': 55.07785948573999, 'rho_d': 1.5152031294533557e-05, 'nu': 2, 'sigma': 0.21277447591768917}. Best is trial 0 with value: 0.07852795005646411.
[I 2026-08-16 12:18:18,625] Trial 6 finished with value: 0.09675212890872938 and parameters: {'rho_e': 8.866466816341849e-05, 'rho_d': 7.61325088024623, 'nu': 26, 'sigma': 0.16313090927374585}. Best is trial 0 with value: 0.07852795005646411.
[I 2026-08-16 12:18:56,469] Trial 7 finished with value: 0.09813252833200603 and parameters: {'rho_e': 1.7261925851807923e-05, 'rho_d': 5.766907112583324, 'nu': 8, 'sigma': 0.4036048929120764}. Best is trial 0 with value: 0.07852795005646411.
[I 2026-08-16 12:19:34,182] Trial 8 finished with value: 0.07693390979173269 and parameters: {'rho_e': 0.0006613143814348048, 'rho_d': 0.0004843159996042769, 'nu': 4, 'sigma': 0.05929980630688328}. Best is trial 8 with value: 0.07693390979173269.
[I 2026-08-16 12:20:11,764] Trial 9 finished with value: 0.1071197775157555 and parameters: {'rho_e': 1.542794770823065, 'rho_d': 0.0001051601155778768, 'nu': 29, 'sigma': 0.06124649778519667}. Best is trial 8 with value: 0.07693390979173269.
[I 2026-08-16 12:20:49,154] Trial 10 finished with value: 0.1036571957851796 and parameters: {'rho_e': 0.0094884878266438, 'rho_d': 61.123373741526805, 'nu': 23, 'sigma': 0.8096778943389311}. Best is trial 8 with value: 0.07693390979173269.
[I 2026-08-16 12:21:26,557] Trial 11 finished with value: 0.09477833992829532 and parameters: {'rho_e': 0.004983867022387237, 'rho_d': 0.7195345772802716, 'nu': 12, 'sigma': 0.30276757880887223}. Best is trial 8 with value: 0.07693390979173269.
[I 2026-08-16 12:22:03,969] Trial 12 finished with value: 0.07993874598185091 and parameters: {'rho_e': 0.0018796021094759023, 'rho_d': 0.0038808481514466344, 'nu': 18, 'sigma': 0.43095678898781176}. Best is trial 8 with value: 0.07693390979173269.
[I 2026-08-16 12:22:41,336] Trial 13 finished with value: 0.09394878890939706 and parameters: {'rho_e': 1.7655547015118365, 'rho_d': 5.142686056063213e-05, 'nu': 33, 'sigma': 0.6472584614595902}. Best is trial 8 with value: 0.07693390979173269.
[I 2026-08-16 12:23:18,721] Trial 14 finished with value: 0.088922671454743 and parameters: {'rho_e': 0.0015721301687322549, 'rho_d': 0.14451370611208825, 'nu': 29, 'sigma': 0.8847686295789441}. Best is trial 8 with value: 0.07693390979173269.
[I 2026-08-16 12:23:55,955] Trial 15 finished with value: 0.08138801845813165 and parameters: {'rho_e': 0.0010736074978672553, 'rho_d': 0.00017517887181672987, 'nu': 14, 'sigma': 0.6547066878649721}. Best is trial 8 with value: 0.07693390979173269.
[I 2026-08-16 12:24:33,143] Trial 16 finished with value: 0.09501512039001478 and parameters: {'rho_e': 1.041354975353017, 'rho_d': 0.06018447003063603, 'nu': 14, 'sigma': 0.2839448985622425}. Best is trial 8 with value: 0.07693390979173269.
[I 2026-08-16 12:25:10,251] Trial 17 finished with value: 0.10726809905702332 and parameters: {'rho_e': 4.574661102604166, 'rho_d': 0.0021644048058848996, 'nu': 23, 'sigma': 0.11627181049783943}. Best is trial 8 with value: 0.07693390979173269.
[I 2026-08-16 12:25:47,394] Trial 18 finished with value: 0.10044129291086076 and parameters: {'rho_e': 2.4872074477158685, 'rho_d': 0.0010015844130510873, 'nu': 33, 'sigma': 0.37218016341710936}. Best is trial 8 with value: 0.07693390979173269.
[I 2026-08-16 12:26:25,107] Trial 19 finished with value: 0.10253771452324405 and parameters: {'rho_e': 65.84645259610812, 'rho_d': 9.82662438607537, 'nu': 15, 'sigma': 0.2627584337801529}. Best is trial 8 with value: 0.07693390979173269.
[I 2026-08-16 12:27:02,332] Trial 20 finished with value: 0.08374029609293424 and parameters: {'rho_e': 0.07822964531426699, 'rho_d': 0.8639211893531282, 'nu': 26, 'sigma': 0.4186864994625047}. Best is trial 8 with value: 0.07693390979173269.
[I 2026-08-16 12:27:39,498] Trial 21 finished with value: 0.09272089613393684 and parameters: {'rho_e': 0.8662159080284164, 'rho_d': 0.0019943914592805614, 'nu': 27, 'sigma': 0.45781709249791797}. Best is trial 8 with value: 0.07693390979173269.
[I 2026-08-16 12:28:16,646] Trial 22 finished with value: 0.09812193730505042 and parameters: {'rho_e': 0.017682211067743325, 'rho_d': 1.762014949718825, 'nu': 10, 'sigma': 0.5935464874055492}. Best is trial 8 with value: 0.07693390979173269.
[I 2026-08-16 12:28:53,814] Trial 23 finished with value: 0.10723419969846276 and parameters: {'rho_e': 3.679925773076e-05, 'rho_d': 23.98453012214469, 'nu': 17, 'sigma': 0.9609156022633827}. Best is trial 8 with value: 0.07693390979173269.
[I 2026-08-16 12:29:30,976] Trial 24 finished with value: 0.0935471049755763 and parameters: {'rho_e': 0.0013378016644002941, 'rho_d': 0.3251386772406152, 'nu': 22, 'sigma': 0.6142287913179536}. Best is trial 8 with value: 0.07693390979173269.
[I 2026-08-16 12:30:08,137] Trial 25 finished with value: 0.07985502718651469 and parameters: {'rho_e': 9.513126298049566e-05, 'rho_d': 0.0001254129593580573, 'nu': 17, 'sigma': 0.4282198407451333}. Best is trial 8 with value: 0.07693390979173269.
[I 2026-08-16 12:30:45,243] Trial 26 finished with value: 0.07523931306568962 and parameters: {'rho_e': 0.05984570193345419, 'rho_d': 0.0002828514266644551, 'nu': 13, 'sigma': 0.8710282672465114}. Best is trial 26 with value: 0.07523931306568962.
[I 2026-08-16 12:31:22,410] Trial 27 finished with value: 0.09163389601733493 and parameters: {'rho_e': 468.4257953002554, 'rho_d': 1.2226077087028292e-05, 'nu': 23, 'sigma': 0.6044786846095609}. Best is trial 26 with value: 0.07523931306568962.
[I 2026-08-16 12:31:59,623] Trial 28 finished with value: 0.11175399969153682 and parameters: {'rho_e': 9.794758745867055, 'rho_d': 1.739018971835995e-05, 'nu': 5, 'sigma': 0.023519755783360522}. Best is trial 26 with value: 0.07523931306568962.
[I 2026-08-16 12:32:36,816] Trial 29 finished with value: 0.0989651875911734 and parameters: {'rho_e': 396.23136452155177, 'rho_d': 0.0012839635362927584, 'nu': 34, 'sigma': 0.5101047252162753}. Best is trial 26 with value: 0.07523931306568962.
[I 2026-08-16 12:33:14,028] Trial 30 finished with value: 0.09945799963527477 and parameters: {'rho_e': 0.0003366699491459107, 'rho_d': 204.4963039743385, 'nu': 32, 'sigma': 0.1493267250032733}. Best is trial 26 with value: 0.07523931306568962.
[I 2026-08-16 12:33:51,318] Trial 31 finished with value: 0.08111139348539331 and parameters: {'rho_e': 3.8729577897945755, 'rho_d': 507.6727010671596, 'nu': 19, 'sigma': 0.3524611314107998}. Best is trial 26 with value: 0.07523931306568962.
[I 2026-08-16 12:34:28,517] Trial 32 finished with value: 0.08890675187197136 and parameters: {'rho_e': 25.240423080998166, 'rho_d': 0.04024505840237463, 'nu': 22, 'sigma': 0.6878151672772727}. Best is trial 26 with value: 0.07523931306568962.
[I 2026-08-16 12:35:05,837] Trial 33 finished with value: 0.10527572692050194 and parameters: {'rho_e': 46.68655128693522, 'rho_d': 89.33226184339398, 'nu': 11, 'sigma': 0.12758460315021433}. Best is trial 26 with value: 0.07523931306568962.
[I 2026-08-16 12:35:43,165] Trial 34 finished with value: 0.08023037268425444 and parameters: {'rho_e': 0.09031981370866977, 'rho_d': 0.00353590580052761, 'nu': 3, 'sigma': 0.15528637475144552}. Best is trial 26 with value: 0.07523931306568962.
[I 2026-08-16 12:36:20,617] Trial 35 finished with value: 0.1027676896020868 and parameters: {'rho_e': 257.2582546121324, 'rho_d': 264.3352391583821, 'nu': 16, 'sigma': 0.23159987966773632}. Best is trial 26 with value: 0.07523931306568962.
[I 2026-08-16 12:36:58,309] Trial 36 finished with value: 0.10544057991179515 and parameters: {'rho_e': 0.011040115349735419, 'rho_d': 319.94169963542066, 'nu': 27, 'sigma': 0.992582531554602}. Best is trial 26 with value: 0.07523931306568962.
[I 2026-08-16 12:37:36,408] Trial 37 finished with value: 0.09678570661625138 and parameters: {'rho_e': 1.3005438575723007, 'rho_d': 0.01777507065717351, 'nu': 9, 'sigma': 0.19699907291064236}. Best is trial 26 with value: 0.07523931306568962.
[I 2026-08-16 12:38:14,354] Trial 38 finished with value: 0.09427092355080331 and parameters: {'rho_e': 0.006770029807866984, 'rho_d': 1.0453964517455576, 'nu': 32, 'sigma': 0.007867895654915082}. Best is trial 26 with value: 0.07523931306568962.
[I 2026-08-16 12:38:52,258] Trial 39 finished with value: 0.0807688418693113 and parameters: {'rho_e': 3.2653986066294935, 'rho_d': 0.00035918328578407783, 'nu': 11, 'sigma': 0.7117132233162679}. Best is trial 26 with value: 0.07523931306568962.
[I 2026-08-16 12:39:30,058] Trial 40 finished with value: 0.08022441759920357 and parameters: {'rho_e': 0.008384459587850678, 'rho_d': 0.00040208220297865917, 'nu': 24, 'sigma': 0.7413946652411322}. Best is trial 26 with value: 0.07523931306568962.
[I 2026-08-16 12:40:07,793] Trial 41 finished with value: 0.11475569516379129 and parameters: {'rho_e': 12.935242462549164, 'rho_d': 2.4536463769015713, 'nu': 34, 'sigma': 0.03111235605231228}. Best is trial 26 with value: 0.07523931306568962.
[I 2026-08-16 12:40:45,346] Trial 42 finished with value: 0.08927193416497851 and parameters: {'rho_e': 17.351980111290544, 'rho_d': 0.24761264897083934, 'nu': 32, 'sigma': 0.9330852931159648}. Best is trial 26 with value: 0.07523931306568962.
[I 2026-08-16 12:41:22,864] Trial 43 finished with value: 0.11191595651272332 and parameters: {'rho_e': 206.7348794304976, 'rho_d': 100.25810153166229, 'nu': 21, 'sigma': 0.04808111924412399}. Best is trial 26 with value: 0.07523931306568962.
[I 2026-08-16 12:42:00,339] Trial 44 finished with value: 0.1034730072850301 and parameters: {'rho_e': 178.9593730989775, 'rho_d': 0.10721182363435201, 'nu': 34, 'sigma': 0.31572977967490834}. Best is trial 26 with value: 0.07523931306568962.
[I 2026-08-16 12:42:37,717] Trial 45 finished with value: 0.09760944360305643 and parameters: {'rho_e': 0.00017424584549714995, 'rho_d': 25.47175357971929, 'nu': 22, 'sigma': 0.09551575449774102}. Best is trial 26 with value: 0.07523931306568962.
[I 2026-08-16 12:43:15,092] Trial 46 finished with value: 0.07516015382870253 and parameters: {'rho_e': 119.39227513011171, 'rho_d': 8.192784645277967e-05, 'nu': 3, 'sigma': 0.8143690994325316}. Best is trial 46 with value: 0.07516015382870253.
[I 2026-08-16 12:43:52,481] Trial 47 finished with value: 0.08702518516793639 and parameters: {'rho_e': 0.04633293692358927, 'rho_d': 1.3842410574283137, 'nu': 19, 'sigma': 0.18860831631006456}. Best is trial 46 with value: 0.07516015382870253.
[I 2026-08-16 12:44:29,846] Trial 48 finished with value: 0.08477377666483603 and parameters: {'rho_e': 0.0007714806253840602, 'rho_d': 0.0015442881351131804, 'nu': 7, 'sigma': 0.7990376021274297}. Best is trial 46 with value: 0.07516015382870253.
[I 2026-08-16 12:45:07,142] Trial 49 finished with value: 0.10086149777560423 and parameters: {'rho_e': 0.02334066741617611, 'rho_d': 19.61909076816956, 'nu': 7, 'sigma': 0.678847861548423}. Best is trial 46 with value: 0.07516015382870253.
[I 2026-08-16 12:45:44,406] Trial 50 finished with value: 0.09947651623615024 and parameters: {'rho_e': 30.484530649163847, 'rho_d': 0.0006865299827161224, 'nu': 35, 'sigma': 0.4931147100817814}. Best is trial 46 with value: 0.07516015382870253.
[I 2026-08-16 12:46:21,574] Trial 51 finished with value: 0.0882256113998127 and parameters: {'rho_e': 0.42596086471505806, 'rho_d': 0.006470326256837381, 'nu': 33, 'sigma': 0.6255704507885743}. Best is trial 46 with value: 0.07516015382870253.
[I 2026-08-16 12:46:58,695] Trial 52 finished with value: 0.0932083948027681 and parameters: {'rho_e': 5.6305504586876165e-05, 'rho_d': 0.01955400616757617, 'nu': 4, 'sigma': 0.9431022489306657}. Best is trial 46 with value: 0.07516015382870253.
[I 2026-08-16 12:47:35,964] Trial 53 finished with value: 0.09299234002328438 and parameters: {'rho_e': 2.2237461169194805, 'rho_d': 0.48566127158346006, 'nu': 28, 'sigma': 0.7769544614903604}. Best is trial 46 with value: 0.07516015382870253.
[I 2026-08-16 12:48:13,075] Trial 54 finished with value: 0.0972296679692721 and parameters: {'rho_e': 0.028583330992410914, 'rho_d': 1.9471088928715916, 'nu': 19, 'sigma': 0.89828252912396}. Best is trial 46 with value: 0.07516015382870253.
[I 2026-08-16 12:48:50,259] Trial 55 finished with value: 0.09829944219927936 and parameters: {'rho_e': 0.0002909616436868435, 'rho_d': 4.340886647251859, 'nu': 35, 'sigma': 0.6964604863331093}. Best is trial 46 with value: 0.07516015382870253.
[I 2026-08-16 12:49:27,365] Trial 56 finished with value: 0.09681215988373905 and parameters: {'rho_e': 7.798984580075104, 'rho_d': 0.08868122758097233, 'nu': 29, 'sigma': 0.5036294018829817}. Best is trial 46 with value: 0.07516015382870253.
[I 2026-08-16 12:50:04,551] Trial 57 finished with value: 0.08034977579684324 and parameters: {'rho_e': 1.2062065617383623e-05, 'rho_d': 0.00491871886944935, 'nu': 9, 'sigma': 0.540742976760754}. Best is trial 46 with value: 0.07516015382870253.
[I 2026-08-16 12:50:41,660] Trial 58 finished with value: 0.09832716364738092 and parameters: {'rho_e': 0.00026922761125582604, 'rho_d': 3.3483536015403974, 'nu': 15, 'sigma': 0.46419294116197934}. Best is trial 46 with value: 0.07516015382870253.
[I 2026-08-16 12:51:18,819] Trial 59 finished with value: 0.08535116873431237 and parameters: {'rho_e': 0.0004180230040562295, 'rho_d': 0.0080293432375613, 'nu': 9, 'sigma': 0.8474133959671261}. Best is trial 46 with value: 0.07516015382870253.
[I 2026-08-16 12:51:56,002] Trial 60 finished with value: 0.0895947422871378 and parameters: {'rho_e': 0.589700729128972, 'rho_d': 0.28163142246786826, 'nu': 21, 'sigma': 0.9514003827722398}. Best is trial 46 with value: 0.07516015382870253.
[I 2026-08-16 12:52:33,803] Trial 61 finished with value: 0.1099358833307877 and parameters: {'rho_e': 0.054968021979639604, 'rho_d': 440.7147463030633, 'nu': 4, 'sigma': 0.9846976523041496}. Best is trial 46 with value: 0.07516015382870253.
[I 2026-08-16 12:53:11,487] Trial 62 finished with value: 0.09905853915038962 and parameters: {'rho_e': 2.726598761494588e-05, 'rho_d': 377.6857032137641, 'nu': 31, 'sigma': 0.08797637433547147}. Best is trial 46 with value: 0.07516015382870253.
[I 2026-08-16 12:53:48,696] Trial 63 finished with value: 0.07261252154218732 and parameters: {'rho_e': 0.12562298455144785, 'rho_d': 6.332499214741886e-05, 'nu': 5, 'sigma': 0.7813637219857382}. Best is trial 63 with value: 0.07261252154218732.
[I 2026-08-16 12:54:25,963] Trial 64 finished with value: 0.0816675390518164 and parameters: {'rho_e': 0.18142030344388796, 'rho_d': 2.1716515450145203e-05, 'nu': 18, 'sigma': 0.4487600336855717}. Best is trial 63 with value: 0.07261252154218732.
[I 2026-08-16 12:55:03,662] Trial 65 finished with value: 0.09295067976023785 and parameters: {'rho_e': 0.2349945384747991, 'rho_d': 691.4897217341121, 'nu': 31, 'sigma': 0.8518952203160548}. Best is trial 63 with value: 0.07261252154218732.
[I 2026-08-16 12:55:40,905] Trial 66 finished with value: 0.07665687963618995 and parameters: {'rho_e': 3.246702767499522e-05, 'rho_d': 0.0007681605683548452, 'nu': 6, 'sigma': 0.2770482583742728}. Best is trial 63 with value: 0.07261252154218732.
[I 2026-08-16 12:56:18,114] Trial 67 finished with value: 0.10249021727529706 and parameters: {'rho_e': 19.088248943709846, 'rho_d': 0.0001340107418662817, 'nu': 12, 'sigma': 0.1701809606915158}. Best is trial 63 with value: 0.07261252154218732.
[I 2026-08-16 12:56:55,339] Trial 68 finished with value: 0.08079363718617939 and parameters: {'rho_e': 0.6338439291753183, 'rho_d': 5.494058947628885e-05, 'nu': 8, 'sigma': 0.5293218811648563}. Best is trial 63 with value: 0.07261252154218732.
[I 2026-08-16 12:57:32,611] Trial 69 finished with value: 0.08698645575975979 and parameters: {'rho_e': 40.954154106984234, 'rho_d': 0.17338017325692112, 'nu': 10, 'sigma': 0.489933757888093}. Best is trial 63 with value: 0.07261252154218732.
[I 2026-08-16 12:58:10,015] Trial 70 finished with value: 0.08396647629512713 and parameters: {'rho_e': 0.2523506782813784, 'rho_d': 31.510568285073717, 'nu': 33, 'sigma': 0.34714319395982135}. Best is trial 63 with value: 0.07261252154218732.
[I 2026-08-16 12:58:47,457] Trial 71 finished with value: 0.08106947024384303 and parameters: {'rho_e': 0.002930373386470407, 'rho_d': 3.317914597400771e-05, 'nu': 15, 'sigma': 0.6329596331201216}. Best is trial 63 with value: 0.07261252154218732.
[I 2026-08-16 12:59:24,994] Trial 72 finished with value: 0.08581138727221396 and parameters: {'rho_e': 6.601429297169598e-05, 'rho_d': 0.0002602530817699002, 'nu': 10, 'sigma': 0.9786083399861463}. Best is trial 63 with value: 0.07261252154218732.
[I 2026-08-16 13:00:02,877] Trial 73 finished with value: 0.10656667023739913 and parameters: {'rho_e': 150.26339501041664, 'rho_d': 147.5767738266191, 'nu': 16, 'sigma': 0.13512338246700153}. Best is trial 63 with value: 0.07261252154218732.
[I 2026-08-16 13:00:40,897] Trial 74 finished with value: 0.08200578718461402 and parameters: {'rho_e': 0.0035877410590901345, 'rho_d': 2.576553179691004e-05, 'nu': 16, 'sigma': 0.7308223403094861}. Best is trial 63 with value: 0.07261252154218732.
[I 2026-08-16 13:01:18,834] Trial 75 finished with value: 0.08886172552835445 and parameters: {'rho_e': 86.60477995186261, 'rho_d': 0.18303468390561242, 'nu': 24, 'sigma': 0.7510479721089599}. Best is trial 63 with value: 0.07261252154218732.
[I 2026-08-16 13:01:56,686] Trial 76 finished with value: 0.08095429337923711 and parameters: {'rho_e': 0.0001132723107819565, 'rho_d': 0.011169983777198775, 'nu': 25, 'sigma': 0.5751289637607758}. Best is trial 63 with value: 0.07261252154218732.
[I 2026-08-16 13:02:34,498] Trial 77 finished with value: 0.08726161441445165 and parameters: {'rho_e': 0.4844996036517181, 'rho_d': 0.4148539575898805, 'nu': 36, 'sigma': 0.9024820531629737}. Best is trial 63 with value: 0.07261252154218732.
[I 2026-08-16 13:03:12,159] Trial 78 finished with value: 0.07769977587427009 and parameters: {'rho_e': 1.821708082801357e-05, 'rho_d': 0.005972473493478661, 'nu': 13, 'sigma': 0.24793663344365371}. Best is trial 63 with value: 0.07261252154218732.
[I 2026-08-16 13:03:49,686] Trial 79 finished with value: 0.08021223664213356 and parameters: {'rho_e': 0.10718439047337557, 'rho_d': 0.01413294748664834, 'nu': 30, 'sigma': 0.5825243654914019}. Best is trial 63 with value: 0.07261252154218732.
[I 2026-08-16 13:04:27,127] Trial 80 finished with value: 0.09612298904589833 and parameters: {'rho_e': 2.210005167641908e-05, 'rho_d': 0.5546388056023296, 'nu': 18, 'sigma': 0.47803218740238534}. Best is trial 63 with value: 0.07261252154218732.
[I 2026-08-16 13:05:04,545] Trial 81 finished with value: 0.1142219907024903 and parameters: {'rho_e': 102.96197595152874, 'rho_d': 0.07419264172204353, 'nu': 24, 'sigma': 0.010538743582339223}. Best is trial 63 with value: 0.07261252154218732.
[I 2026-08-16 13:05:42,355] Trial 82 finished with value: 0.07526271484111348 and parameters: {'rho_e': 0.022847579467193208, 'rho_d': 1.0828452344232614e-05, 'nu': 27, 'sigma': 0.5303135042774483}. Best is trial 63 with value: 0.07261252154218732.
[I 2026-08-16 13:06:20,163] Trial 83 finished with value: 0.0948559279890266 and parameters: {'rho_e': 10.26433352336269, 'rho_d': 71.19093048176157, 'nu': 21, 'sigma': 0.8207179976064777}. Best is trial 63 with value: 0.07261252154218732.
[I 2026-08-16 13:06:57,533] Trial 84 finished with value: 0.09438873858884614 and parameters: {'rho_e': 0.013723837958967857, 'rho_d': 1.1136642004656445, 'nu': 16, 'sigma': 0.3285556664376412}. Best is trial 63 with value: 0.07261252154218732.
[I 2026-08-16 13:07:34,960] Trial 85 finished with value: 0.09808646288874906 and parameters: {'rho_e': 0.0009105435098633038, 'rho_d': 12.083035376420879, 'nu': 28, 'sigma': 0.33768991108051694}. Best is trial 63 with value: 0.07261252154218732.
[I 2026-08-16 13:08:12,367] Trial 86 finished with value: 0.11178253839425073 and parameters: {'rho_e': 0.0005060859690373761, 'rho_d': 903.9451928588301, 'nu': 6, 'sigma': 0.8612150440049049}. Best is trial 63 with value: 0.07261252154218732.
[I 2026-08-16 13:08:49,731] Trial 87 finished with value: 0.10507523956882503 and parameters: {'rho_e': 21.67076868737965, 'rho_d': 17.31408795432266, 'nu': 25, 'sigma': 0.2297095430176774}. Best is trial 63 with value: 0.07261252154218732.
