[I 2026-08-16 17:16:55,601] Trial 88 finished with value: 0.12076841933019047 and parameters: {'rho_e': 808.8435333665526, 'rho_d': 771.2850774129435, 'nu': 31, 'sigma': 0.254807051353894}. Best is trial 0 with value: 0.0724824421620614.
[I 2026-08-16 17:17:38,193] Trial 89 finished with value: 0.09915919939522039 and parameters: {'rho_e': 633.0253791527543, 'rho_d': 45.455452579488366, 'nu': 20, 'sigma': 0.7096389148598082}. Best is trial 0 with value: 0.0724824421620614.
[I 2026-08-16 17:18:21,369] Trial 90 finished with value: 0.08151084987892399 and parameters: {'rho_e': 1.0011331744014998e-05, 'rho_d': 0.053244906784150864, 'nu': 25, 'sigma': 0.1049856052027563}. Best is trial 0 with value: 0.0724824421620614.
[I 2026-08-16 17:19:07,763] Trial 91 finished with value: 0.07953901416229806 and parameters: {'rho_e': 0.00385361040567208, 'rho_d': 0.027705098919118584, 'nu': 11, 'sigma': 0.20991862069726686}. Best is trial 0 with value: 0.0724824421620614.
[I 2026-08-16 17:19:53,333] Trial 92 finished with value: 0.09992859946788821 and parameters: {'rho_e': 0.005714501227560669, 'rho_d': 116.00960750092175, 'nu': 18, 'sigma': 0.7255281995740358}. Best is trial 0 with value: 0.0724824421620614.
[I 2026-08-16 17:20:39,808] Trial 93 finished with value: 0.09317366146685153 and parameters: {'rho_e': 5.980189857056641, 'rho_d': 0.0002131882014836295, 'nu': 28, 'sigma': 0.7637138866173282}. Best is trial 0 with value: 0.0724824421620614.
[I 2026-08-16 17:21:24,235] Trial 94 finished with value: 0.09003980707422514 and parameters: {'rho_e': 5.5018371884489925, 'rho_d': 0.00982057041012593, 'nu': 8, 'sigma': 0.39470813686024214}. Best is trial 0 with value: 0.0724824421620614.
[I 2026-08-16 17:22:09,341] Trial 95 finished with value: 0.07630794397263957 and parameters: {'rho_e': 0.17280824537937622, 'rho_d': 37.68187082725423, 'nu': 35, 'sigma': 0.2984114598896659}. Best is trial 0 with value: 0.0724824421620614.
[I 2026-08-16 17:22:54,188] Trial 96 finished with value: 0.08856050979059428 and parameters: {'rho_e': 0.033897016078091556, 'rho_d': 164.3378023697618, 'nu': 6, 'sigma': 0.07350512557460892}. Best is trial 0 with value: 0.0724824421620614.
[I 2026-08-16 17:23:38,875] Trial 97 finished with value: 0.09358437966157673 and parameters: {'rho_e': 0.0021604944113239777, 'rho_d': 3.2413808908015533, 'nu': 20, 'sigma': 0.6607180513440737}. Best is trial 0 with value: 0.0724824421620614.
[I 2026-08-16 17:24:23,738] Trial 98 finished with value: 0.08603924998611222 and parameters: {'rho_e': 570.5570546933972, 'rho_d': 10.349660264682885, 'nu': 6, 'sigma': 0.8304150895769256}. Best is trial 0 with value: 0.0724824421620614.
[I 2026-08-16 17:25:07,894] Trial 99 finished with value: 0.08047621649558175 and parameters: {'rho_e': 0.00015533838611531524, 'rho_d': 0.0029907788869589056, 'nu': 30, 'sigma': 0.38017329613222484}. Best is trial 0 with value: 0.0724824421620614.
[I 2026-08-16 17:25:55,352] Trial 100 finished with value: 0.07964037534101574 and parameters: {'rho_e': 0.7510494839514044, 'rho_d': 1000.0, 'nu': 16, 'sigma': 0.42344441175339187}. Best is trial 0 with value: 0.0724824421620614.
[I 2026-08-16 17:26:39,386] Trial 101 finished with value: 0.07725029683258199 and parameters: {'rho_e': 1.7942909324373366e-05, 'rho_d': 1e-05, 'nu': 2, 'sigma': 0.0}. Best is trial 0 with value: 0.0724824421620614.
[I 2026-08-16 17:27:24,122] Trial 102 finished with value: 0.07703363875171529 and parameters: {'rho_e': 7.719622987292665e-05, 'rho_d': 1e-05, 'nu': 36, 'sigma': 0.05373480190350846}. Best is trial 0 with value: 0.0724824421620614.
[I 2026-08-16 17:28:07,834] Trial 103 finished with value: 0.07854200540340248 and parameters: {'rho_e': 0.08496569662696153, 'rho_d': 31.484507007967533, 'nu': 36, 'sigma': 0.4309226229585443}. Best is trial 0 with value: 0.0724824421620614.
[I 2026-08-16 17:28:52,464] Trial 104 finished with value: 0.07610598036358726 and parameters: {'rho_e': 0.003935174730589759, 'rho_d': 1e-05, 'nu': 36, 'sigma': 0.1979710266293971}. Best is trial 0 with value: 0.0724824421620614.
[I 2026-08-16 17:29:36,196] Trial 105 finished with value: 0.07463340244875558 and parameters: {'rho_e': 0.003935873570882153, 'rho_d': 1e-05, 'nu': 2, 'sigma': 0.1277327781842007}. Best is trial 0 with value: 0.0724824421620614.
[I 2026-08-16 17:30:20,922] Trial 106 finished with value: 0.07656259247299685 and parameters: {'rho_e': 1e-05, 'rho_d': 1e-05, 'nu': 36, 'sigma': 0.22717012281169}. Best is trial 0 with value: 0.0724824421620614.
[I 2026-08-16 17:31:05,047] Trial 107 finished with value: 0.07687051821650126 and parameters: {'rho_e': 0.0006733892006900514, 'rho_d': 1e-05, 'nu': 16, 'sigma': 0.08551683781978948}. Best is trial 0 with value: 0.0724824421620614.
[I 2026-08-16 17:31:49,913] Trial 108 finished with value: 0.074594529549251 and parameters: {'rho_e': 0.02782560180189819, 'rho_d': 1e-05, 'nu': 2, 'sigma': 0.3593105404549155}. Best is trial 0 with value: 0.0724824421620614.
[I 2026-08-16 17:32:33,968] Trial 109 finished with value: 0.07327729703268243 and parameters: {'rho_e': 0.09156184023049382, 'rho_d': 0.0005576498053558135, 'nu': 2, 'sigma': 0.47836064222847235}. Best is trial 0 with value: 0.0724824421620614.
[I 2026-08-16 17:33:18,912] Trial 110 finished with value: 0.0755469157911191 and parameters: {'rho_e': 0.024330230576661917, 'rho_d': 0.003533134137235892, 'nu': 36, 'sigma': 0.32825826379032175}. Best is trial 0 with value: 0.0724824421620614.
[I 2026-08-16 17:34:02,961] Trial 111 finished with value: 0.07725029686186202 and parameters: {'rho_e': 1e-05, 'rho_d': 1e-05, 'nu': 36, 'sigma': 0.0}. Best is trial 0 with value: 0.0724824421620614.
[I 2026-08-16 17:34:47,908] Trial 112 finished with value: 0.0769080620653132 and parameters: {'rho_e': 0.012058354168014134, 'rho_d': 1e-05, 'nu': 17, 'sigma': 0.25161426458075214}. Best is trial 0 with value: 0.0724824421620614.
[I 2026-08-16 17:35:31,832] Trial 113 finished with value: 0.07322787878157548 and parameters: {'rho_e': 0.11008108256489878, 'rho_d': 1.8233858885566868e-05, 'nu': 2, 'sigma': 0.5198234496814712}. Best is trial 0 with value: 0.0724824421620614.
[I 2026-08-16 17:36:16,512] Trial 114 finished with value: 0.07259012344651378 and parameters: {'rho_e': 0.11628444622542403, 'rho_d': 0.00039570364816265063, 'nu': 2, 'sigma': 0.5054357579662937}. Best is trial 0 with value: 0.0724824421620614.
[I 2026-08-16 17:37:00,296] Trial 115 finished with value: 0.07711795523141823 and parameters: {'rho_e': 0.0021950709575984735, 'rho_d': 1e-05, 'nu': 2, 'sigma': 0.0}. Best is trial 0 with value: 0.0724824421620614.
[I 2026-08-16 17:37:45,174] Trial 116 finished with value: 0.0726665714664318 and parameters: {'rho_e': 0.13820490733943155, 'rho_d': 0.0003179729816234635, 'nu': 2, 'sigma': 0.5263231468531527}. Best is trial 0 with value: 0.0724824421620614.
[I 2026-08-16 17:38:29,063] Trial 117 finished with value: 0.07202578156672526 and parameters: {'rho_e': 0.15365724949540166, 'rho_d': 0.0003052068615963814, 'nu': 2, 'sigma': 0.5360365939648739}. Best is trial 117 with value: 0.07202578156672526.
[I 2026-08-16 17:39:14,265] Trial 118 finished with value: 0.0854404152827993 and parameters: {'rho_e': 1000.0, 'rho_d': 1e-05, 'nu': 2, 'sigma': 1.0}. Best is trial 117 with value: 0.07202578156672526.
[I 2026-08-16 17:40:00,026] Trial 119 finished with value: 0.07550880135731289 and parameters: {'rho_e': 0.8903454449423454, 'rho_d': 1000.0, 'nu': 36, 'sigma': 0.3812298752536934}. Best is trial 117 with value: 0.07202578156672526.
[I 2026-08-16 17:40:46,731] Trial 120 finished with value: 0.07725020419615009 and parameters: {'rho_e': 0.00014802135236550456, 'rho_d': 1e-05, 'nu': 2, 'sigma': 0.0}. Best is trial 117 with value: 0.07202578156672526.
[I 2026-08-16 17:41:32,654] Trial 121 finished with value: 0.08507187558002068 and parameters: {'rho_e': 14.02281755597943, 'rho_d': 1e-05, 'nu': 2, 'sigma': 1.0}. Best is trial 117 with value: 0.07202578156672526.
[I 2026-08-16 17:42:19,519] Trial 122 finished with value: 0.07690861666153834 and parameters: {'rho_e': 1e-05, 'rho_d': 1e-05, 'nu': 15, 'sigma': 0.14938136958834705}. Best is trial 117 with value: 0.07202578156672526.
[I 2026-08-16 17:43:04,965] Trial 123 finished with value: 0.07216608633138419 and parameters: {'rho_e': 0.1592690018512624, 'rho_d': 0.0036109251096883553, 'nu': 2, 'sigma': 0.5213374632584385}. Best is trial 117 with value: 0.07202578156672526.
[I 2026-08-16 17:43:51,455] Trial 124 finished with value: 0.07200573585929193 and parameters: {'rho_e': 0.1757592339087586, 'rho_d': 0.0009682654100859141, 'nu': 2, 'sigma': 0.556385661922414}. Best is trial 124 with value: 0.07200573585929193.
[I 2026-08-16 17:44:35,865] Trial 125 finished with value: 0.0725004737269398 and parameters: {'rho_e': 0.08413319047039522, 'rho_d': 0.4298367669791569, 'nu': 35, 'sigma': 0.34825809598186147}. Best is trial 124 with value: 0.07200573585929193.
[I 2026-08-16 17:45:21,059] Trial 126 finished with value: 0.07009553662860446 and parameters: {'rho_e': 0.07782014164233066, 'rho_d': 0.301277527443602, 'nu': 26, 'sigma': 0.348104051093445}. Best is trial 126 with value: 0.07009553662860446.
[I 2026-08-16 17:46:05,118] Trial 127 finished with value: 0.07351644759837567 and parameters: {'rho_e': 0.06944003422030559, 'rho_d': 0.05458544306959513, 'nu': 25, 'sigma': 0.3358931841948062}. Best is trial 126 with value: 0.07009553662860446.
[I 2026-08-16 17:46:50,154] Trial 128 finished with value: 0.07440392268566162 and parameters: {'rho_e': 4.507560078082927, 'rho_d': 1000.0, 'nu': 2, 'sigma': 0.4408809197300121}. Best is trial 126 with value: 0.07009553662860446.
[I 2026-08-16 17:47:33,959] Trial 129 finished with value: 0.07684336458225548 and parameters: {'rho_e': 0.0005449248084179317, 'rho_d': 1e-05, 'nu': 36, 'sigma': 0.30105274770443663}. Best is trial 126 with value: 0.07009553662860446.
[I 2026-08-16 17:48:18,709] Trial 130 finished with value: 0.07951497528882974 and parameters: {'rho_e': 1e-05, 'rho_d': 0.007193053277044663, 'nu': 2, 'sigma': 0.0}. Best is trial 126 with value: 0.07009553662860446.
[I 2026-08-16 17:49:02,582] Trial 131 finished with value: 0.09402344680803804 and parameters: {'rho_e': 1000.0, 'rho_d': 1000.0, 'nu': 2, 'sigma': 1.0}. Best is trial 126 with value: 0.07009553662860446.
[I 2026-08-16 17:49:47,147] Trial 132 finished with value: 0.0699453899912548 and parameters: {'rho_e': 0.09359867808488397, 'rho_d': 0.11964831764320583, 'nu': 2, 'sigma': 0.3975802382375554}. Best is trial 132 with value: 0.0699453899912548.
[I 2026-08-16 17:50:31,316] Trial 133 finished with value: 0.06966971710735831 and parameters: {'rho_e': 0.09334703487299136, 'rho_d': 0.12847039502664068, 'nu': 2, 'sigma': 0.394837476870292}. Best is trial 133 with value: 0.06966971710735831.
[I 2026-08-16 17:51:15,583] Trial 134 finished with value: 0.07042330642957609 and parameters: {'rho_e': 0.10265930892777494, 'rho_d': 0.5133626739207889, 'nu': 2, 'sigma': 0.36855053670648474}. Best is trial 133 with value: 0.06966971710735831.
[I 2026-08-16 17:51:59,835] Trial 135 finished with value: 0.07010743733251326 and parameters: {'rho_e': 0.07159463145857536, 'rho_d': 0.1179602267868599, 'nu': 2, 'sigma': 0.36560867951560894}. Best is trial 133 with value: 0.06966971710735831.
[I 2026-08-16 17:52:43,985] Trial 136 finished with value: 0.07129944935044977 and parameters: {'rho_e': 0.09114309244441383, 'rho_d': 0.3807153078407801, 'nu': 11, 'sigma': 0.3633455606862421}. Best is trial 133 with value: 0.06966971710735831.
[I 2026-08-16 17:53:28,055] Trial 137 finished with value: 0.0699305710097998 and parameters: {'rho_e': 0.10555336691369639, 'rho_d': 0.12403681872392536, 'nu': 2, 'sigma': 0.42876063967860967}. Best is trial 133 with value: 0.06966971710735831.
[I 2026-08-16 17:54:12,395] Trial 138 finished with value: 0.07101659640574773 and parameters: {'rho_e': 0.08312996897764575, 'rho_d': 0.10292976310989112, 'nu': 2, 'sigma': 0.41187423780441285}. Best is trial 133 with value: 0.06966971710735831.
[I 2026-08-16 17:54:56,367] Trial 139 finished with value: 0.06964367072561178 and parameters: {'rho_e': 0.11916763836283495, 'rho_d': 0.10481193197430057, 'nu': 2, 'sigma': 0.3906714477004437}. Best is trial 139 with value: 0.06964367072561178.
[I 2026-08-16 17:55:41,006] Trial 140 finished with value: 0.06951750139339945 and parameters: {'rho_e': 0.1159000927272738, 'rho_d': 0.10990484327848207, 'nu': 2, 'sigma': 0.3852685451227389}. Best is trial 140 with value: 0.06951750139339945.
[I 2026-08-16 17:56:25,137] Trial 141 finished with value: 0.06948916333797671 and parameters: {'rho_e': 0.11224215907411558, 'rho_d': 0.1101001016917122, 'nu': 2, 'sigma': 0.37297926953743726}. Best is trial 141 with value: 0.06948916333797671.
[I 2026-08-16 17:57:09,256] Trial 142 finished with value: 0.08541593901056925 and parameters: {'rho_e': 121.22546615059899, 'rho_d': 0.018690856649726972, 'nu': 2, 'sigma': 1.0}. Best is trial 141 with value: 0.06948916333797671.
[I 2026-08-16 17:57:54,226] Trial 143 finished with value: 0.0694064180572024 and parameters: {'rho_e': 0.11086075217350877, 'rho_d': 0.11908549967172702, 'nu': 2, 'sigma': 0.3685556924876255}. Best is trial 143 with value: 0.0694064180572024.
[I 2026-08-16 17:58:38,232] Trial 144 finished with value: 0.06924343163861968 and parameters: {'rho_e': 0.10732687733281485, 'rho_d': 0.14098984908371673, 'nu': 2, 'sigma': 0.3557773733023048}. Best is trial 144 with value: 0.06924343163861968.
[I 2026-08-16 17:59:22,925] Trial 145 finished with value: 0.07725698832349043 and parameters: {'rho_e': 0.0005121710285755937, 'rho_d': 0.0006442525032899553, 'nu': 36, 'sigma': 0.0}. Best is trial 144 with value: 0.06924343163861968.
[I 2026-08-16 18:00:06,751] Trial 146 finished with value: 0.07287849278951417 and parameters: {'rho_e': 1.7769113973349224, 'rho_d': 1000.0, 'nu': 2, 'sigma': 0.2858968937033885}. Best is trial 144 with value: 0.06924343163861968.
[I 2026-08-16 18:00:51,391] Trial 147 finished with value: 0.07722362222576949 and parameters: {'rho_e': 5.157489137910016e-05, 'rho_d': 0.0007006224079989186, 'nu': 19, 'sigma': 0.0}. Best is trial 144 with value: 0.06924343163861968.
[I 2026-08-16 18:01:36,004] Trial 148 finished with value: 0.0684122471753332 and parameters: {'rho_e': 0.10504187015137471, 'rho_d': 0.19268596361651824, 'nu': 2, 'sigma': 0.334056946680586}. Best is trial 148 with value: 0.0684122471753332.
[I 2026-08-16 18:02:20,568] Trial 149 finished with value: 0.0810546690301368 and parameters: {'rho_e': 0.47048097015248563, 'rho_d': 1000.0, 'nu': 2, 'sigma': 0.0}. Best is trial 148 with value: 0.0684122471753332.
[I 2026-08-16 18:03:05,316] Trial 150 finished with value: 0.06905087542293882 and parameters: {'rho_e': 0.12588514861888125, 'rho_d': 0.7646580160138295, 'nu': 2, 'sigma': 0.27221292060058383}. Best is trial 148 with value: 0.0684122471753332.
[I 2026-08-16 18:03:50,918] Trial 151 finished with value: 0.06825532207925972 and parameters: {'rho_e': 0.09807239555635423, 'rho_d': 0.29972320771321176, 'nu': 2, 'sigma': 0.28569224282279543}. Best is trial 151 with value: 0.06825532207925972.
[I 2026-08-16 18:04:37,452] Trial 152 finished with value: 0.06818137852923858 and parameters: {'rho_e': 0.09543523378103165, 'rho_d': 0.29257102183067796, 'nu': 2, 'sigma': 0.27621123011676285}. Best is trial 152 with value: 0.06818137852923858.
[I 2026-08-16 18:05:23,341] Trial 153 finished with value: 0.06789654549241855 and parameters: {'rho_e': 0.09640327534623726, 'rho_d': 0.2837595753656422, 'nu': 2, 'sigma': 0.26978202937250784}. Best is trial 153 with value: 0.06789654549241855.
[I 2026-08-16 18:06:09,885] Trial 154 finished with value: 0.06843090159025861 and parameters: {'rho_e': 0.0854583867081292, 'rho_d': 0.3416767945880221, 'nu': 2, 'sigma': 0.23014216173543448}. Best is trial 153 with value: 0.06789654549241855.
[I 2026-08-16 18:06:55,358] Trial 155 finished with value: 0.08914004258591725 and parameters: {'rho_e': 1e-05, 'rho_d': 1e-05, 'nu': 36, 'sigma': 1.0}. Best is trial 153 with value: 0.06789654549241855.
[I 2026-08-16 18:07:41,904] Trial 156 finished with value: 0.06787093932881919 and parameters: {'rho_e': 0.11163218857396318, 'rho_d': 0.26063076004364155, 'nu': 2, 'sigma': 0.25500862062619095}. Best is trial 156 with value: 0.06787093932881919.
[I 2026-08-16 18:08:26,378] Trial 157 finished with value: 0.06804267028293506 and parameters: {'rho_e': 0.11234437268021381, 'rho_d': 0.26729991765195305, 'nu': 2, 'sigma': 0.25310588852919963}. Best is trial 156 with value: 0.06787093932881919.
[I 2026-08-16 18:09:11,418] Trial 158 finished with value: 0.08168416024571057 and parameters: {'rho_e': 0.00020257016005039514, 'rho_d': 0.031052010662412602, 'nu': 2, 'sigma': 0.0}. Best is trial 156 with value: 0.06787093932881919.
[I 2026-08-16 18:09:55,710] Trial 159 finished with value: 0.07676509572811373 and parameters: {'rho_e': 1e-05, 'rho_d': 0.0006282907248368312, 'nu': 36, 'sigma': 0.18915879911342665}. Best is trial 156 with value: 0.06787093932881919.
[I 2026-08-16 18:10:40,681] Trial 160 finished with value: 0.06770474478532267 and parameters: {'rho_e': 0.10831497134272941, 'rho_d': 0.25134763645915154, 'nu': 2, 'sigma': 0.25942126708021346}. Best is trial 160 with value: 0.06770474478532267.
[I 2026-08-16 18:11:25,007] Trial 161 finished with value: 0.07767095810183403 and parameters: {'rho_e': 1000.0, 'rho_d': 0.03384546619730434, 'nu': 2, 'sigma': 0.6532190743507095}. Best is trial 160 with value: 0.06770474478532267.
[I 2026-08-16 18:12:09,393] Trial 162 finished with value: 0.07668547225574684 and parameters: {'rho_e': 0.005892650090474961, 'rho_d': 0.0004218657147320868, 'nu': 36, 'sigma': 0.0}. Best is trial 160 with value: 0.06770474478532267.
[I 2026-08-16 18:12:54,192] Trial 163 finished with value: 0.07693122455606971 and parameters: {'rho_e': 0.0030367222549861667, 'rho_d': 0.0011422964400249463, 'nu': 36, 'sigma': 0.2116753973342804}. Best is trial 160 with value: 0.06770474478532267.
[I 2026-08-16 18:13:38,277] Trial 164 finished with value: 0.07897054865446866 and parameters: {'rho_e': 0.14185745100875907, 'rho_d': 1.6036330111730837, 'nu': 2, 'sigma': 0.0}. Best is trial 160 with value: 0.06770474478532267.
[I 2026-08-16 18:14:22,841] Trial 165 finished with value: 0.08186294365910735 and parameters: {'rho_e': 0.059955709834273736, 'rho_d': 1e-05, 'nu': 36, 'sigma': 1.0}. Best is trial 160 with value: 0.06770474478532267.
[I 2026-08-16 18:15:06,505] Trial 166 finished with value: 0.0775387746706172 and parameters: {'rho_e': 0.005030514966990791, 'rho_d': 0.0016622809637508553, 'nu': 2, 'sigma': 0.0}. Best is trial 160 with value: 0.06770474478532267.
[I 2026-08-16 18:15:51,067] Trial 167 finished with value: 0.09498068654091016 and parameters: {'rho_e': 1e-05, 'rho_d': 1000.0, 'nu': 2, 'sigma': 0.0}. Best is trial 160 with value: 0.06770474478532267.
[I 2026-08-16 18:16:34,851] Trial 168 finished with value: 0.09514486281984108 and parameters: {'rho_e': 1e-05, 'rho_d': 1000.0, 'nu': 36, 'sigma': 0.5839062516624417}. Best is trial 160 with value: 0.06770474478532267.
[I 2026-08-16 18:17:19,284] Trial 169 finished with value: 0.07852023044620261 and parameters: {'rho_e': 0.7138413836342961, 'rho_d': 1000.0, 'nu': 36, 'sigma': 0.09552189327379698}. Best is trial 160 with value: 0.06770474478532267.
[I 2026-08-16 18:18:03,071] Trial 170 finished with value: 0.07695339177221541 and parameters: {'rho_e': 0.020793590065696428, 'rho_d': 1e-05, 'nu': 36, 'sigma': 0.0}. Best is trial 160 with value: 0.06770474478532267.
[I 2026-08-16 18:18:47,707] Trial 171 finished with value: 0.08913633138107865 and parameters: {'rho_e': 0.0004936270092719856, 'rho_d': 1e-05, 'nu': 36, 'sigma': 1.0}. Best is trial 160 with value: 0.06770474478532267.
[I 2026-08-16 18:19:31,848] Trial 172 finished with value: 0.08181746823583781 and parameters: {'rho_e': 1e-05, 'rho_d': 1e-05, 'nu': 36, 'sigma': 0.5674618343717994}. Best is trial 160 with value: 0.06770474478532267.
[I 2026-08-16 18:20:15,683] Trial 173 finished with value: 0.07770929043633876 and parameters: {'rho_e': 1.6423401278947314, 'rho_d': 70.47598616534951, 'nu': 2, 'sigma': 0.37948638341120533}. Best is trial 160 with value: 0.06770474478532267.
[I 2026-08-16 18:21:00,451] Trial 174 finished with value: 0.07945429836409562 and parameters: {'rho_e': 0.046066977470297976, 'rho_d': 0.01532649366674479, 'nu': 36, 'sigma': 1.0}. Best is trial 160 with value: 0.06770474478532267.
[I 2026-08-16 18:21:44,419] Trial 175 finished with value: 0.07720895655129653 and parameters: {'rho_e': 0.001317429937411543, 'rho_d': 1e-05, 'nu': 36, 'sigma': 0.0}. Best is trial 160 with value: 0.06770474478532267.
[I 2026-08-16 18:22:28,473] Trial 176 finished with value: 0.07608719011925252 and parameters: {'rho_e': 0.018039771176217155, 'rho_d': 1e-05, 'nu': 2, 'sigma': 0.0}. Best is trial 160 with value: 0.06770474478532267.
[I 2026-08-16 18:23:13,325] Trial 177 finished with value: 0.06835524251945835 and parameters: {'rho_e': 0.12078797947623075, 'rho_d': 0.2775609684602871, 'nu': 2, 'sigma': 0.25622352739958515}. Best is trial 160 with value: 0.06770474478532267.
[I 2026-08-16 18:23:57,055] Trial 178 finished with value: 0.09559718135342471 and parameters: {'rho_e': 108.00609814785415, 'rho_d': 1e-05, 'nu': 36, 'sigma': 0.9999999999999999}. Best is trial 160 with value: 0.06770474478532267.
[I 2026-08-16 18:24:41,747] Trial 179 finished with value: 0.06825513977052826 and parameters: {'rho_e': 0.09010294117308393, 'rho_d': 0.18241433840961313, 'nu': 2, 'sigma': 0.25375425107945926}. Best is trial 160 with value: 0.06770474478532267.
[I 2026-08-16 18:25:25,507] Trial 180 finished with value: 0.08212865065869876 and parameters: {'rho_e': 0.9357218576050271, 'rho_d': 1e-05, 'nu': 2, 'sigma': 0.9999999999999999}. Best is trial 160 with value: 0.06770474478532267.
