[I 2026-08-16 13:11:02,430] Trial 88 finished with value: 0.0920488308118266 and parameters: {'rho_e': 20.05100372778324, 'rho_d': 240.04651052859904, 'nu': 32, 'sigma': 0.6632310659426867}. Best is trial 30 with value: 0.07729924823179386.
[I 2026-08-16 13:11:40,947] Trial 89 finished with value: 0.08714633452755324 and parameters: {'rho_e': 14.535026447759645, 'rho_d': 0.00019912265665459548, 'nu': 3, 'sigma': 0.6507498885502383}. Best is trial 30 with value: 0.07729924823179386.
[I 2026-08-16 13:12:19,383] Trial 90 finished with value: 0.08378101990698682 and parameters: {'rho_e': 0.28140290229323806, 'rho_d': 527.6607569870137, 'nu': 27, 'sigma': 0.2728631205517334}. Best is trial 30 with value: 0.07729924823179386.
[I 2026-08-16 13:12:57,820] Trial 91 finished with value: 0.08942290508919058 and parameters: {'rho_e': 5.485200242835515e-05, 'rho_d': 0.5105224667918634, 'nu': 7, 'sigma': 0.43595692900403227}. Best is trial 30 with value: 0.07729924823179386.
[I 2026-08-16 13:13:36,203] Trial 92 finished with value: 0.08294976793920258 and parameters: {'rho_e': 8.336341425228934e-05, 'rho_d': 0.0005794827126532159, 'nu': 29, 'sigma': 0.3821765731577653}. Best is trial 30 with value: 0.07729924823179386.
[I 2026-08-16 13:14:14,806] Trial 93 finished with value: 0.09182217609282814 and parameters: {'rho_e': 0.00038047924661825585, 'rho_d': 0.001078044841329357, 'nu': 9, 'sigma': 0.9819704824560707}. Best is trial 30 with value: 0.07729924823179386.
[I 2026-08-16 13:14:53,123] Trial 94 finished with value: 0.10420476982437307 and parameters: {'rho_e': 992.4492503377901, 'rho_d': 224.539692942945, 'nu': 23, 'sigma': 0.41514563562753076}. Best is trial 30 with value: 0.07729924823179386.
[I 2026-08-16 13:15:31,587] Trial 95 finished with value: 0.07949227798236447 and parameters: {'rho_e': 0.031764010262606016, 'rho_d': 0.0008756819049872257, 'nu': 14, 'sigma': 0.5301312561385396}. Best is trial 30 with value: 0.07729924823179386.
[I 2026-08-16 13:16:09,089] Trial 96 finished with value: 0.08261731176300413 and parameters: {'rho_e': 0.00022222847061875202, 'rho_d': 0.0001738050296441543, 'nu': 13, 'sigma': 0.025223925458757613}. Best is trial 30 with value: 0.07729924823179386.
[I 2026-08-16 13:16:46,819] Trial 97 finished with value: 0.0955692841267832 and parameters: {'rho_e': 29.574688674829023, 'rho_d': 2.855641724548162e-05, 'nu': 27, 'sigma': 0.8224464280175334}. Best is trial 30 with value: 0.07729924823179386.
[I 2026-08-16 13:17:25,194] Trial 98 finished with value: 0.09015283467984644 and parameters: {'rho_e': 0.00889875840901572, 'rho_d': 1.9427635266660284, 'nu': 18, 'sigma': 0.22802846369653387}. Best is trial 30 with value: 0.07729924823179386.
[I 2026-08-16 13:18:03,542] Trial 99 finished with value: 0.09984216313755653 and parameters: {'rho_e': 359.3652997994175, 'rho_d': 61.41717882969804, 'nu': 20, 'sigma': 0.5626303589657099}. Best is trial 30 with value: 0.07729924823179386.
[I 2026-08-16 13:18:43,082] Trial 100 finished with value: 0.07632764971088665 and parameters: {'rho_e': 0.07754396243419748, 'rho_d': 0.006091149342379924, 'nu': 2, 'sigma': 0.7287969640574882}. Best is trial 100 with value: 0.07632764971088665.
[I 2026-08-16 13:19:21,508] Trial 101 finished with value: 0.08183346541792415 and parameters: {'rho_e': 0.004113843193854167, 'rho_d': 1e-05, 'nu': 2, 'sigma': 0.0}. Best is trial 100 with value: 0.07632764971088665.
[I 2026-08-16 13:19:59,878] Trial 102 finished with value: 0.07551389464244233 and parameters: {'rho_e': 0.08314124796504416, 'rho_d': 0.00417889813955373, 'nu': 2, 'sigma': 0.7841421849491985}. Best is trial 102 with value: 0.07551389464244233.
[I 2026-08-16 13:20:38,296] Trial 103 finished with value: 0.0824282798418362 and parameters: {'rho_e': 1e-05, 'rho_d': 1e-05, 'nu': 2, 'sigma': 0.0}. Best is trial 102 with value: 0.07551389464244233.
[I 2026-08-16 13:21:16,723] Trial 104 finished with value: 0.07713860329164463 and parameters: {'rho_e': 0.09638261163180858, 'rho_d': 0.0024917096694669822, 'nu': 2, 'sigma': 1.0}. Best is trial 102 with value: 0.07551389464244233.
[I 2026-08-16 13:21:54,441] Trial 105 finished with value: 0.08709949984761431 and parameters: {'rho_e': 1000.0, 'rho_d': 1e-05, 'nu': 2, 'sigma': 1.0}. Best is trial 102 with value: 0.07551389464244233.
[I 2026-08-16 13:22:32,883] Trial 106 finished with value: 0.08110856195083925 and parameters: {'rho_e': 0.006637249753845333, 'rho_d': 1e-05, 'nu': 36, 'sigma': 0.0}. Best is trial 102 with value: 0.07551389464244233.
[I 2026-08-16 13:23:11,348] Trial 107 finished with value: 0.07482796204370987 and parameters: {'rho_e': 0.08162602423228099, 'rho_d': 0.0037578514504908195, 'nu': 2, 'sigma': 0.7478287576626257}. Best is trial 107 with value: 0.07482796204370987.
[I 2026-08-16 13:23:49,778] Trial 108 finished with value: 0.0824282798418362 and parameters: {'rho_e': 1e-05, 'rho_d': 1e-05, 'nu': 36, 'sigma': 0.0}. Best is trial 107 with value: 0.07482796204370987.
[I 2026-08-16 13:24:28,243] Trial 109 finished with value: 0.07456954739688462 and parameters: {'rho_e': 0.09415460137584467, 'rho_d': 0.0015390804861697854, 'nu': 2, 'sigma': 0.7440358229400157}. Best is trial 109 with value: 0.07456954739688462.
[I 2026-08-16 13:25:06,822] Trial 110 finished with value: 0.07415017003797386 and parameters: {'rho_e': 0.09889921459149599, 'rho_d': 0.0010182038357673757, 'nu': 2, 'sigma': 0.7335247056429901}. Best is trial 110 with value: 0.07415017003797386.
[I 2026-08-16 13:25:45,455] Trial 111 finished with value: 0.0811621861114108 and parameters: {'rho_e': 0.7614247141808406, 'rho_d': 999.999999999998, 'nu': 36, 'sigma': 0.0}. Best is trial 110 with value: 0.07415017003797386.
[I 2026-08-16 13:26:24,116] Trial 112 finished with value: 0.07323577845191406 and parameters: {'rho_e': 0.05692375420116084, 'rho_d': 1e-05, 'nu': 2, 'sigma': 0.4411879495368479}. Best is trial 112 with value: 0.07323577845191406.
[I 2026-08-16 13:27:02,856] Trial 113 finished with value: 0.07314948916266592 and parameters: {'rho_e': 0.05921976260184645, 'rho_d': 1e-05, 'nu': 2, 'sigma': 0.4361487480748873}. Best is trial 113 with value: 0.07314948916266592.
[I 2026-08-16 13:27:41,834] Trial 114 finished with value: 0.07338490861860611 and parameters: {'rho_e': 0.06582201187021759, 'rho_d': 1e-05, 'nu': 2, 'sigma': 0.45511394260721133}. Best is trial 113 with value: 0.07314948916266592.
[I 2026-08-16 13:28:20,659] Trial 115 finished with value: 0.07243714420449554 and parameters: {'rho_e': 0.04566079451301345, 'rho_d': 1e-05, 'nu': 2, 'sigma': 0.3695549113423394}. Best is trial 115 with value: 0.07243714420449554.
[I 2026-08-16 13:28:58,521] Trial 116 finished with value: 0.07339633537631747 and parameters: {'rho_e': 0.04258853169719667, 'rho_d': 1e-05, 'nu': 2, 'sigma': 0.303013379273499}. Best is trial 115 with value: 0.07243714420449554.
[I 2026-08-16 13:29:37,283] Trial 117 finished with value: 0.07390693900370976 and parameters: {'rho_e': 0.03072638502932622, 'rho_d': 1e-05, 'nu': 2, 'sigma': 0.37642512247292376}. Best is trial 115 with value: 0.07243714420449554.
[I 2026-08-16 13:30:15,990] Trial 118 finished with value: 0.0739889306958859 and parameters: {'rho_e': 0.08796712416883853, 'rho_d': 1e-05, 'nu': 2, 'sigma': 0.48464045267816336}. Best is trial 115 with value: 0.07243714420449554.
[I 2026-08-16 13:30:54,663] Trial 119 finished with value: 0.07493175251640204 and parameters: {'rho_e': 0.05534470233082908, 'rho_d': 1e-05, 'nu': 2, 'sigma': 0.2667589137471218}. Best is trial 115 with value: 0.07243714420449554.
[I 2026-08-16 13:31:33,254] Trial 120 finished with value: 0.07315120162547144 and parameters: {'rho_e': 0.06921995069831019, 'rho_d': 5.610904839677306e-05, 'nu': 2, 'sigma': 0.4801875065105031}. Best is trial 115 with value: 0.07243714420449554.
[I 2026-08-16 13:32:11,843] Trial 121 finished with value: 0.07344148478834603 and parameters: {'rho_e': 0.03764386386832269, 'rho_d': 1e-05, 'nu': 2, 'sigma': 0.4399497221255477}. Best is trial 115 with value: 0.07243714420449554.
[I 2026-08-16 13:32:50,400] Trial 122 finished with value: 0.07378494449166546 and parameters: {'rho_e': 0.034287185417188774, 'rho_d': 1e-05, 'nu': 2, 'sigma': 0.4183968231545894}. Best is trial 115 with value: 0.07243714420449554.
[I 2026-08-16 13:33:28,890] Trial 123 finished with value: 0.07331024295570165 and parameters: {'rho_e': 0.0680701246405867, 'rho_d': 5.3635628130874446e-05, 'nu': 2, 'sigma': 0.472506901944348}. Best is trial 115 with value: 0.07243714420449554.
[I 2026-08-16 13:34:07,458] Trial 124 finished with value: 0.08068347447370704 and parameters: {'rho_e': 3.6656569501231338, 'rho_d': 1000.0, 'nu': 36, 'sigma': 1.0}. Best is trial 115 with value: 0.07243714420449554.
[I 2026-08-16 13:34:46,002] Trial 125 finished with value: 0.07952043357382736 and parameters: {'rho_e': 2.3462303273655984, 'rho_d': 1000.0, 'nu': 36, 'sigma': 0.5507624203532574}. Best is trial 115 with value: 0.07243714420449554.
[I 2026-08-16 13:35:24,440] Trial 126 finished with value: 0.07536145422189573 and parameters: {'rho_e': 0.1725947603509136, 'rho_d': 1.8430390171078175, 'nu': 2, 'sigma': 0.1425468328961659}. Best is trial 115 with value: 0.07243714420449554.
[I 2026-08-16 13:36:02,972] Trial 127 finished with value: 0.07165893038995756 and parameters: {'rho_e': 0.09023428706223285, 'rho_d': 0.2458953962614257, 'nu': 2, 'sigma': 0.2450185963724602}. Best is trial 127 with value: 0.07165893038995756.
[I 2026-08-16 13:36:41,413] Trial 128 finished with value: 0.07253161143079832 and parameters: {'rho_e': 0.08442119565711301, 'rho_d': 0.1875348693191657, 'nu': 2, 'sigma': 0.14946835004605374}. Best is trial 127 with value: 0.07165893038995756.
[I 2026-08-16 13:37:19,890] Trial 129 finished with value: 0.07187073330045676 and parameters: {'rho_e': 0.09203865902785043, 'rho_d': 0.3068235271467421, 'nu': 2, 'sigma': 0.26921137807777057}. Best is trial 127 with value: 0.07165893038995756.
[I 2026-08-16 13:37:58,421] Trial 130 finished with value: 0.07224334665239172 and parameters: {'rho_e': 0.11493968303333003, 'rho_d': 0.2270818819058924, 'nu': 2, 'sigma': 0.25811471167809624}. Best is trial 127 with value: 0.07165893038995756.
[I 2026-08-16 13:38:36,976] Trial 131 finished with value: 0.07084985078546008 and parameters: {'rho_e': 0.07018526615450785, 'rho_d': 0.15516498892217476, 'nu': 2, 'sigma': 0.2829280204616612}. Best is trial 131 with value: 0.07084985078546008.
[I 2026-08-16 13:39:15,433] Trial 132 finished with value: 0.07121507368338467 and parameters: {'rho_e': 0.060438069259626304, 'rho_d': 0.1043047761438084, 'nu': 2, 'sigma': 0.2902316340792717}. Best is trial 131 with value: 0.07084985078546008.
[I 2026-08-16 13:39:53,960] Trial 133 finished with value: 0.07098562016595061 and parameters: {'rho_e': 0.06611055116008338, 'rho_d': 0.1513833095241568, 'nu': 2, 'sigma': 0.3359619648654886}. Best is trial 131 with value: 0.07084985078546008.
[I 2026-08-16 13:40:32,579] Trial 134 finished with value: 0.07130138577483372 and parameters: {'rho_e': 0.0573013400642397, 'rho_d': 0.16647359337682635, 'nu': 2, 'sigma': 0.2858339330142688}. Best is trial 131 with value: 0.07084985078546008.
[I 2026-08-16 13:41:11,229] Trial 135 finished with value: 0.08709949984761431 and parameters: {'rho_e': 1000.0, 'rho_d': 0.022937319637153796, 'nu': 2, 'sigma': 1.0}. Best is trial 131 with value: 0.07084985078546008.
[I 2026-08-16 13:41:49,024] Trial 136 finished with value: 0.08242788071976317 and parameters: {'rho_e': 0.000198567948331702, 'rho_d': 1e-05, 'nu': 36, 'sigma': 0.0}. Best is trial 131 with value: 0.07084985078546008.
[I 2026-08-16 13:42:27,628] Trial 137 finished with value: 0.07989379364881959 and parameters: {'rho_e': 0.016218345259194925, 'rho_d': 0.012716986089161431, 'nu': 2, 'sigma': 0.0}. Best is trial 131 with value: 0.07084985078546008.
[I 2026-08-16 13:43:05,384] Trial 138 finished with value: 0.0868573495075037 and parameters: {'rho_e': 1e-05, 'rho_d': 1e-05, 'nu': 36, 'sigma': 1.0}. Best is trial 131 with value: 0.07084985078546008.
[I 2026-08-16 13:43:44,118] Trial 139 finished with value: 0.07780809570665029 and parameters: {'rho_e': 0.3424937475034405, 'rho_d': 60.27548563884593, 'nu': 2, 'sigma': 0.0}. Best is trial 131 with value: 0.07084985078546008.
[I 2026-08-16 13:44:22,741] Trial 140 finished with value: 0.07882304721319226 and parameters: {'rho_e': 0.042868966829253285, 'rho_d': 1e-05, 'nu': 36, 'sigma': 0.3974981783626974}. Best is trial 131 with value: 0.07084985078546008.
[I 2026-08-16 13:45:01,427] Trial 141 finished with value: 0.07072254421652592 and parameters: {'rho_e': 0.0698850985618371, 'rho_d': 0.12422852187355461, 'nu': 2, 'sigma': 0.2922265226165435}. Best is trial 141 with value: 0.07072254421652592.
[I 2026-08-16 13:45:40,042] Trial 142 finished with value: 0.07072254421652592 and parameters: {'rho_e': 0.0698850985618371, 'rho_d': 0.12422852187355461, 'nu': 2, 'sigma': 0.2922265226165435}. Best is trial 141 with value: 0.07072254421652592.
[I 2026-08-16 13:46:18,653] Trial 143 finished with value: 0.0710395929589488 and parameters: {'rho_e': 0.07668186840267913, 'rho_d': 0.10961100625709891, 'nu': 2, 'sigma': 0.3224787400188667}. Best is trial 141 with value: 0.07072254421652592.
[I 2026-08-16 13:46:57,221] Trial 144 finished with value: 0.07148892091844067 and parameters: {'rho_e': 0.07202350674388405, 'rho_d': 0.0972299025913171, 'nu': 2, 'sigma': 0.2795832555539477}. Best is trial 141 with value: 0.07072254421652592.
[I 2026-08-16 13:47:35,739] Trial 145 finished with value: 0.0711373459770336 and parameters: {'rho_e': 0.07218998180214355, 'rho_d': 0.1519200912887665, 'nu': 2, 'sigma': 0.3550711926312901}. Best is trial 141 with value: 0.07072254421652592.
[I 2026-08-16 13:48:14,359] Trial 146 finished with value: 0.09583580657056395 and parameters: {'rho_e': 1e-05, 'rho_d': 1000.0, 'nu': 2, 'sigma': 0.0}. Best is trial 141 with value: 0.07072254421652592.
[I 2026-08-16 13:48:52,908] Trial 147 finished with value: 0.07826933738206747 and parameters: {'rho_e': 0.31684911882190125, 'rho_d': 18.08437942924127, 'nu': 36, 'sigma': 0.0}. Best is trial 141 with value: 0.07072254421652592.
[I 2026-08-16 13:49:31,864] Trial 148 finished with value: 0.08106429708656293 and parameters: {'rho_e': 0.00025101173622778207, 'rho_d': 1e-05, 'nu': 2, 'sigma': 0.4313347868699009}. Best is trial 141 with value: 0.07072254421652592.
[I 2026-08-16 13:50:10,490] Trial 149 finished with value: 0.07750092988626237 and parameters: {'rho_e': 0.04825623166300963, 'rho_d': 0.19564143955888771, 'nu': 36, 'sigma': 1.0}. Best is trial 141 with value: 0.07072254421652592.
[I 2026-08-16 13:50:49,404] Trial 150 finished with value: 0.08707018640611916 and parameters: {'rho_e': 116.11169055631518, 'rho_d': 0.0025255329248549192, 'nu': 2, 'sigma': 1.0}. Best is trial 141 with value: 0.07072254421652592.
[I 2026-08-16 13:51:28,418] Trial 151 finished with value: 0.07085565388510462 and parameters: {'rho_e': 0.07260702564235609, 'rho_d': 0.15684064015786117, 'nu': 2, 'sigma': 0.32374631989076563}. Best is trial 141 with value: 0.07072254421652592.
[I 2026-08-16 13:52:07,294] Trial 152 finished with value: 0.0741867543593942 and parameters: {'rho_e': 0.06817018631365979, 'rho_d': 0.14656253245781925, 'nu': 11, 'sigma': 0.2942863919908035}. Best is trial 141 with value: 0.07072254421652592.
[I 2026-08-16 13:52:46,240] Trial 153 finished with value: 0.07096427129667063 and parameters: {'rho_e': 0.07720264159350462, 'rho_d': 0.16001332311599223, 'nu': 2, 'sigma': 0.3614099783415084}. Best is trial 141 with value: 0.07072254421652592.
[I 2026-08-16 13:53:24,922] Trial 154 finished with value: 0.08550062930024793 and parameters: {'rho_e': 1e-05, 'rho_d': 0.004987733194745152, 'nu': 36, 'sigma': 0.659499857646746}. Best is trial 141 with value: 0.07072254421652592.
[I 2026-08-16 13:54:03,574] Trial 155 finished with value: 0.08361061743949574 and parameters: {'rho_e': 0.0007764668226586893, 'rho_d': 0.012930075455007274, 'nu': 2, 'sigma': 0.0}. Best is trial 141 with value: 0.07072254421652592.
[I 2026-08-16 13:54:42,284] Trial 156 finished with value: 0.08961273023914784 and parameters: {'rho_e': 0.0001506567293355645, 'rho_d': 1e-05, 'nu': 2, 'sigma': 1.0}. Best is trial 141 with value: 0.07072254421652592.
[I 2026-08-16 13:55:21,050] Trial 157 finished with value: 0.07144024670097919 and parameters: {'rho_e': 0.08019145205747023, 'rho_d': 0.13664216981767416, 'nu': 2, 'sigma': 0.34728359564471006}. Best is trial 141 with value: 0.07072254421652592.
[I 2026-08-16 13:55:59,776] Trial 158 finished with value: 0.07668608622100791 and parameters: {'rho_e': 0.12792657502895138, 'rho_d': 1e-05, 'nu': 2, 'sigma': 1.0}. Best is trial 141 with value: 0.07072254421652592.
[I 2026-08-16 13:56:38,518] Trial 159 finished with value: 0.08238611819590369 and parameters: {'rho_e': 1e-05, 'rho_d': 0.0010699624018244364, 'nu': 2, 'sigma': 0.0}. Best is trial 141 with value: 0.07072254421652592.
[I 2026-08-16 13:57:17,288] Trial 160 finished with value: 0.08989395668455345 and parameters: {'rho_e': 0.05294802189349113, 'rho_d': 0.9047167224422829, 'nu': 2, 'sigma': 1.0}. Best is trial 141 with value: 0.07072254421652592.
[I 2026-08-16 13:57:55,967] Trial 161 finished with value: 0.07825317482967492 and parameters: {'rho_e': 0.3256771131045996, 'rho_d': 20.14289590361158, 'nu': 36, 'sigma': 0.4725684442119757}. Best is trial 141 with value: 0.07072254421652592.
[I 2026-08-16 13:58:34,666] Trial 162 finished with value: 0.08093933074371981 and parameters: {'rho_e': 0.11137474429378941, 'rho_d': 1e-05, 'nu': 36, 'sigma': 1.0}. Best is trial 141 with value: 0.07072254421652592.
[I 2026-08-16 13:59:13,437] Trial 163 finished with value: 0.08055082910538289 and parameters: {'rho_e': 0.49475497978244104, 'rho_d': 45.69403031930471, 'nu': 36, 'sigma': 1.0}. Best is trial 141 with value: 0.07072254421652592.
[I 2026-08-16 13:59:52,014] Trial 164 finished with value: 0.07957446247477071 and parameters: {'rho_e': 1.50674876515745, 'rho_d': 1000.0, 'nu': 2, 'sigma': 0.0}. Best is trial 141 with value: 0.07072254421652592.
[I 2026-08-16 14:00:30,770] Trial 165 finished with value: 0.09257867201386957 and parameters: {'rho_e': 0.8887658219918483, 'rho_d': 9.177777278950469, 'nu': 2, 'sigma': 0.0}. Best is trial 141 with value: 0.07072254421652592.
[I 2026-08-16 14:01:08,474] Trial 166 finished with value: 0.08165117856799262 and parameters: {'rho_e': 0.08678370439809223, 'rho_d': 8.17431356071193, 'nu': 2, 'sigma': 0.0}. Best is trial 141 with value: 0.07072254421652592.
[I 2026-08-16 14:01:47,170] Trial 167 finished with value: 0.07391490466271633 and parameters: {'rho_e': 0.07018788948286295, 'rho_d': 0.00041872963989333885, 'nu': 2, 'sigma': 0.36194596900951276}. Best is trial 141 with value: 0.07072254421652592.
[I 2026-08-16 14:02:25,860] Trial 168 finished with value: 0.07684825812512747 and parameters: {'rho_e': 0.12789557605732257, 'rho_d': 3.517367611907766, 'nu': 36, 'sigma': 0.2768491035874428}. Best is trial 141 with value: 0.07072254421652592.
[I 2026-08-16 14:03:04,374] Trial 169 finished with value: 0.08492343994160233 and parameters: {'rho_e': 0.3136466465822032, 'rho_d': 1000.0, 'nu': 2, 'sigma': 0.0}. Best is trial 141 with value: 0.07072254421652592.
[I 2026-08-16 14:03:42,902] Trial 170 finished with value: 0.07084196446047475 and parameters: {'rho_e': 0.06813989045277995, 'rho_d': 0.17422077434241182, 'nu': 2, 'sigma': 0.2944391959272607}. Best is trial 141 with value: 0.07072254421652592.
[I 2026-08-16 14:04:21,458] Trial 171 finished with value: 0.09131799950562927 and parameters: {'rho_e': 1e-05, 'rho_d': 0.07244257916474839, 'nu': 2, 'sigma': 1.0}. Best is trial 141 with value: 0.07072254421652592.
[I 2026-08-16 14:05:00,077] Trial 172 finished with value: 0.08242826977076306 and parameters: {'rho_e': 7.077847815126375e-05, 'rho_d': 1e-05, 'nu': 2, 'sigma': 0.0}. Best is trial 141 with value: 0.07072254421652592.
[I 2026-08-16 14:05:38,582] Trial 173 finished with value: 0.07068593449082791 and parameters: {'rho_e': 0.06874961792785858, 'rho_d': 0.17112797335072777, 'nu': 2, 'sigma': 0.2934842569959241}. Best is trial 173 with value: 0.07068593449082791.
[I 2026-08-16 14:06:17,114] Trial 174 finished with value: 0.08710555065494108 and parameters: {'rho_e': 1000.0, 'rho_d': 3.339569305361415, 'nu': 2, 'sigma': 1.0}. Best is trial 173 with value: 0.07068593449082791.
[I 2026-08-16 14:06:55,615] Trial 175 finished with value: 0.07436063252238802 and parameters: {'rho_e': 0.1353277107178155, 'rho_d': 6.789748516174909e-05, 'nu': 2, 'sigma': 0.73999989436364}. Best is trial 173 with value: 0.07068593449082791.
[I 2026-08-16 14:07:34,152] Trial 176 finished with value: 0.08395917820149733 and parameters: {'rho_e': 6.209134551180856e-05, 'rho_d': 0.008216375049602032, 'nu': 2, 'sigma': 0.0}. Best is trial 173 with value: 0.07068593449082791.
[I 2026-08-16 14:08:12,752] Trial 177 finished with value: 0.07068593449082791 and parameters: {'rho_e': 0.06874961792785858, 'rho_d': 0.17112797335072777, 'nu': 2, 'sigma': 0.2934842569959241}. Best is trial 173 with value: 0.07068593449082791.
[I 2026-08-16 14:08:50,813] Trial 178 finished with value: 0.07086400545833194 and parameters: {'rho_e': 0.06780028225107197, 'rho_d': 0.18124940959458816, 'nu': 2, 'sigma': 0.29579191456501475}. Best is trial 173 with value: 0.07068593449082791.
[I 2026-08-16 14:09:28,949] Trial 179 finished with value: 0.0841561287526231 and parameters: {'rho_e': 3.8902689085510733, 'rho_d': 999.999999999998, 'nu': 2, 'sigma': 0.5695287873990408}. Best is trial 173 with value: 0.07068593449082791.
[I 2026-08-16 14:10:07,769] Trial 180 finished with value: 0.09667425113262648 and parameters: {'rho_e': 1000.0, 'rho_d': 0.0002914662363231999, 'nu': 36, 'sigma': 1.0}. Best is trial 173 with value: 0.07068593449082791.
