[I 2026-08-16 16:21:28,684] Trial 181 finished with value: 0.06051772355081416 and parameters: {'rho_e': 0.1971113474797455, 'rho_d': 0.0013074811701240157, 'nu': 2, 'sigma': 0.21044721599747768}. Best is trial 154 with value: 0.06051772355081416.
[I 2026-08-16 16:22:06,901] Trial 182 finished with value: 0.06051772355081416 and parameters: {'rho_e': 0.1971113474797455, 'rho_d': 0.0013074811701240157, 'nu': 2, 'sigma': 0.21044721599747768}. Best is trial 154 with value: 0.06051772355081416.
[I 2026-08-16 16:22:45,093] Trial 183 finished with value: 0.06051772355081416 and parameters: {'rho_e': 0.1971113474797455, 'rho_d': 0.0013074811701240157, 'nu': 2, 'sigma': 0.21044721599747773}. Best is trial 154 with value: 0.06051772355081416.
[I 2026-08-16 16:23:23,142] Trial 184 finished with value: 0.06051772355081416 and parameters: {'rho_e': 0.1971113474797455, 'rho_d': 0.0013074811701240157, 'nu': 2, 'sigma': 0.2104472159974777}. Best is trial 154 with value: 0.06051772355081416.
[I 2026-08-16 16:24:01,299] Trial 185 finished with value: 0.06051772355081416 and parameters: {'rho_e': 0.1971113474797455, 'rho_d': 0.0013074811701240157, 'nu': 2, 'sigma': 0.2104472159974777}. Best is trial 154 with value: 0.06051772355081416.
[I 2026-08-16 16:24:39,404] Trial 186 finished with value: 0.06051772355081416 and parameters: {'rho_e': 0.1971113474797455, 'rho_d': 0.0013074811701240157, 'nu': 2, 'sigma': 0.2104472159974777}. Best is trial 154 with value: 0.06051772355081416.
[I 2026-08-16 16:25:17,569] Trial 187 finished with value: 0.06051772355081416 and parameters: {'rho_e': 0.1971113474797455, 'rho_d': 0.0013074811701240157, 'nu': 2, 'sigma': 0.2104472159974777}. Best is trial 154 with value: 0.06051772355081416.
[I 2026-08-16 16:25:55,635] Trial 188 finished with value: 0.06051772355081416 and parameters: {'rho_e': 0.1971113474797455, 'rho_d': 0.0013074811701240157, 'nu': 2, 'sigma': 0.21044721599747773}. Best is trial 154 with value: 0.06051772355081416.
[I 2026-08-16 16:26:34,063] Trial 189 finished with value: 0.06051772355081416 and parameters: {'rho_e': 0.1971113474797455, 'rho_d': 0.0013074811701240157, 'nu': 2, 'sigma': 0.2104472159974777}. Best is trial 154 with value: 0.06051772355081416.
[I 2026-08-16 16:27:12,148] Trial 190 finished with value: 0.06051772355081416 and parameters: {'rho_e': 0.1971113474797455, 'rho_d': 0.0013074811701240157, 'nu': 2, 'sigma': 0.2104472159974777}. Best is trial 154 with value: 0.06051772355081416.
[I 2026-08-16 16:27:50,246] Trial 191 finished with value: 0.06051772355081416 and parameters: {'rho_e': 0.1971113474797455, 'rho_d': 0.0013074811701240157, 'nu': 2, 'sigma': 0.2104472159974777}. Best is trial 154 with value: 0.06051772355081416.
[I 2026-08-16 16:28:28,724] Trial 192 finished with value: 0.06051772355081416 and parameters: {'rho_e': 0.1971113474797455, 'rho_d': 0.0013074811701240157, 'nu': 2, 'sigma': 0.2104472159974777}. Best is trial 154 with value: 0.06051772355081416.
[I 2026-08-16 16:29:06,826] Trial 193 finished with value: 0.06051772355081416 and parameters: {'rho_e': 0.1971113474797455, 'rho_d': 0.0013074811701240157, 'nu': 2, 'sigma': 0.2104472159974777}. Best is trial 154 with value: 0.06051772355081416.
[I 2026-08-16 16:29:45,015] Trial 194 finished with value: 0.06051772355081416 and parameters: {'rho_e': 0.1971113474797455, 'rho_d': 0.0013074811701240157, 'nu': 2, 'sigma': 0.2104472159974777}. Best is trial 154 with value: 0.06051772355081416.
[I 2026-08-16 16:30:23,169] Trial 195 finished with value: 0.06051772355081416 and parameters: {'rho_e': 0.1971113474797455, 'rho_d': 0.0013074811701240157, 'nu': 2, 'sigma': 0.2104472159974777}. Best is trial 154 with value: 0.06051772355081416.
[I 2026-08-16 16:31:01,209] Trial 196 finished with value: 0.06051772355081416 and parameters: {'rho_e': 0.1971113474797455, 'rho_d': 0.0013074811701240157, 'nu': 2, 'sigma': 0.2104472159974777}. Best is trial 154 with value: 0.06051772355081416.
[I 2026-08-16 16:31:39,344] Trial 197 finished with value: 0.06051772355081416 and parameters: {'rho_e': 0.1971113474797455, 'rho_d': 0.0013074811701240157, 'nu': 2, 'sigma': 0.2104472159974777}. Best is trial 154 with value: 0.06051772355081416.
[I 2026-08-16 16:32:17,842] Trial 198 finished with value: 0.06051772355081416 and parameters: {'rho_e': 0.1971113474797455, 'rho_d': 0.0013074811701240157, 'nu': 2, 'sigma': 0.2104472159974777}. Best is trial 154 with value: 0.06051772355081416.
[I 2026-08-16 16:32:55,907] Trial 199 finished with value: 0.06051772355081416 and parameters: {'rho_e': 0.1971113474797455, 'rho_d': 0.0013074811701240157, 'nu': 2, 'sigma': 0.2104472159974777}. Best is trial 154 with value: 0.06051772355081416.
/home/gterren/dynamic_update/functional_forecast_dynamic_update/scripts/validate_zone_ffc_mpi.py:1094: FutureWarning: The behavior of DataFrame concatenation with empty or all-NA entries is deprecated. In a future version, this will no longer exclude empty or all-NA columns when determining the result dtypes. To retain the old behavior, exclude the relevant entries before the concat operation.
  results_df = pd.concat([results_df, prob_results], axis = 0, ignore_index=True)
