[I 2026-08-17 11:49:52,898] Trial 179 finished with value: 0.059421262381608386 and parameters: {'rho_e': 0.15379331642868313, 'rho_d': 0.002453330661398868, 'nu': 2, 'sigma': 0.5641906510902949}. Best is trial 105 with value: 0.059421262381608386.
[I 2026-08-17 11:50:44,396] Trial 180 finished with value: 0.059421262381608386 and parameters: {'rho_e': 0.15379331642868313, 'rho_d': 0.002453330661398868, 'nu': 2, 'sigma': 0.5641906510902949}. Best is trial 105 with value: 0.059421262381608386.
[I 2026-08-17 11:51:35,176] Trial 181 finished with value: 0.059421262381608386 and parameters: {'rho_e': 0.15379331642868313, 'rho_d': 0.002453330661398868, 'nu': 2, 'sigma': 0.5641906510902949}. Best is trial 105 with value: 0.059421262381608386.
[I 2026-08-17 11:52:25,812] Trial 182 finished with value: 0.05945198069631715 and parameters: {'rho_e': 0.13319237291178898, 'rho_d': 4.335729424280629e-05, 'nu': 2, 'sigma': 0.551949441604852}. Best is trial 105 with value: 0.059421262381608386.
[I 2026-08-17 11:53:17,566] Trial 183 finished with value: 0.059421262381608386 and parameters: {'rho_e': 0.15379331642868313, 'rho_d': 0.002453330661398868, 'nu': 2, 'sigma': 0.5641906510902949}. Best is trial 105 with value: 0.059421262381608386.
[I 2026-08-17 11:54:09,141] Trial 184 finished with value: 0.059421262381608386 and parameters: {'rho_e': 0.15379331642868313, 'rho_d': 0.002453330661398868, 'nu': 2, 'sigma': 0.5641906510902949}. Best is trial 105 with value: 0.059421262381608386.
[I 2026-08-17 11:55:00,580] Trial 185 finished with value: 0.059421262381608386 and parameters: {'rho_e': 0.15379331642868313, 'rho_d': 0.002453330661398868, 'nu': 2, 'sigma': 0.5641906510902949}. Best is trial 105 with value: 0.059421262381608386.
[I 2026-08-17 11:55:51,986] Trial 186 finished with value: 0.0596156979989777 and parameters: {'rho_e': 0.15174626074106826, 'rho_d': 0.0016518192703547537, 'nu': 2, 'sigma': 0.581870149994602}. Best is trial 105 with value: 0.059421262381608386.
[I 2026-08-17 11:56:43,823] Trial 187 finished with value: 0.08890338729847166 and parameters: {'rho_e': 1000.0, 'rho_d': 1e-05, 'nu': 36, 'sigma': 1.0}. Best is trial 105 with value: 0.059421262381608386.
[I 2026-08-17 11:57:35,314] Trial 188 finished with value: 0.059421262381608386 and parameters: {'rho_e': 0.15379331642868313, 'rho_d': 0.002453330661398868, 'nu': 2, 'sigma': 0.5641906510902949}. Best is trial 105 with value: 0.059421262381608386.
[I 2026-08-17 11:58:27,018] Trial 189 finished with value: 0.059421262381608386 and parameters: {'rho_e': 0.15379331642868313, 'rho_d': 0.002453330661398868, 'nu': 2, 'sigma': 0.5641906510902949}. Best is trial 105 with value: 0.059421262381608386.
[I 2026-08-17 11:59:18,380] Trial 190 finished with value: 0.059421262381608386 and parameters: {'rho_e': 0.15379331642868313, 'rho_d': 0.002453330661398868, 'nu': 2, 'sigma': 0.5641906510902949}. Best is trial 105 with value: 0.059421262381608386.
[I 2026-08-17 12:00:09,788] Trial 191 finished with value: 0.059421262381608386 and parameters: {'rho_e': 0.15379331642868313, 'rho_d': 0.002453330661398868, 'nu': 2, 'sigma': 0.5641906510902949}. Best is trial 105 with value: 0.059421262381608386.
[I 2026-08-17 12:01:00,501] Trial 192 finished with value: 0.059421262381608386 and parameters: {'rho_e': 0.15379331642868313, 'rho_d': 0.002453330661398868, 'nu': 2, 'sigma': 0.5641906510902949}. Best is trial 105 with value: 0.059421262381608386.
[I 2026-08-17 12:01:52,087] Trial 193 finished with value: 0.059421262381608386 and parameters: {'rho_e': 0.15379331642868313, 'rho_d': 0.002453330661398868, 'nu': 2, 'sigma': 0.5641906510902949}. Best is trial 105 with value: 0.059421262381608386.
[I 2026-08-17 12:02:43,548] Trial 194 finished with value: 0.059421262381608386 and parameters: {'rho_e': 0.15379331642868313, 'rho_d': 0.002453330661398868, 'nu': 2, 'sigma': 0.5641906510902949}. Best is trial 105 with value: 0.059421262381608386.
[I 2026-08-17 12:03:34,193] Trial 195 finished with value: 0.059421262381608386 and parameters: {'rho_e': 0.15379331642868313, 'rho_d': 0.002453330661398868, 'nu': 2, 'sigma': 0.5641906510902949}. Best is trial 105 with value: 0.059421262381608386.
[I 2026-08-17 12:04:25,880] Trial 196 finished with value: 0.059421262381608386 and parameters: {'rho_e': 0.15379331642868313, 'rho_d': 0.002453330661398868, 'nu': 2, 'sigma': 0.5641906510902949}. Best is trial 105 with value: 0.059421262381608386.
[I 2026-08-17 12:05:16,408] Trial 197 finished with value: 0.05955749737043199 and parameters: {'rho_e': 0.1337655813226298, 'rho_d': 4.393846244230004e-05, 'nu': 2, 'sigma': 0.5496784495588344}. Best is trial 105 with value: 0.059421262381608386.
[I 2026-08-17 12:06:08,022] Trial 198 finished with value: 0.059421262381608386 and parameters: {'rho_e': 0.15379331642868313, 'rho_d': 0.002453330661398868, 'nu': 2, 'sigma': 0.5641906510902949}. Best is trial 105 with value: 0.059421262381608386.
[I 2026-08-17 12:06:59,597] Trial 199 finished with value: 0.059421262381608386 and parameters: {'rho_e': 0.15379331642868313, 'rho_d': 0.002453330661398868, 'nu': 2, 'sigma': 0.5641906510902949}. Best is trial 105 with value: 0.059421262381608386.
/home/gterren/dynamic_update/functional_forecast_dynamic_update/scripts/validate_zone_ffc_mpi.py:1094: FutureWarning: The behavior of DataFrame concatenation with empty or all-NA entries is deprecated. In a future version, this will no longer exclude empty or all-NA columns when determining the result dtypes. To retain the old behavior, exclude the relevant entries before the concat operation.
  results_df = pd.concat([results_df, prob_results], axis = 0, ignore_index=True)
