[I 2026-08-16 14:10:33,476] Trial 181 finished with value: 0.07385047879040932 and parameters: {'rho_e': 0.10161601680348742, 'rho_d': 0.029389968572215517, 'nu': 36, 'sigma': 0.7462727942924382}. Best is trial 156 with value: 0.06552346104189419.
[I 2026-08-16 14:11:26,898] Trial 182 finished with value: 0.07751054413730703 and parameters: {'rho_e': 0.21479565048365246, 'rho_d': 21.512064788876, 'nu': 36, 'sigma': 0.0}. Best is trial 156 with value: 0.06552346104189419.
[I 2026-08-16 14:12:20,366] Trial 183 finished with value: 0.07036017384341631 and parameters: {'rho_e': 0.041291207879511, 'rho_d': 0.001411062727486208, 'nu': 36, 'sigma': 0.566282358755155}. Best is trial 156 with value: 0.06552346104189419.
[I 2026-08-16 14:13:13,631] Trial 184 finished with value: 0.07242686813241292 and parameters: {'rho_e': 0.10311228748869766, 'rho_d': 0.004983560180487469, 'nu': 36, 'sigma': 0.43264038949827754}. Best is trial 156 with value: 0.06552346104189419.
[I 2026-08-16 14:14:07,035] Trial 185 finished with value: 0.06793541151978613 and parameters: {'rho_e': 0.04571472410782013, 'rho_d': 1e-05, 'nu': 9, 'sigma': 0.2435108249608065}. Best is trial 156 with value: 0.06552346104189419.
[I 2026-08-16 14:15:00,459] Trial 186 finished with value: 0.09302002705103321 and parameters: {'rho_e': 1e-05, 'rho_d': 0.013470580901513604, 'nu': 36, 'sigma': 1.0}. Best is trial 156 with value: 0.06552346104189419.
[I 2026-08-16 14:15:53,672] Trial 187 finished with value: 0.06609250979987707 and parameters: {'rho_e': 0.06351151319781612, 'rho_d': 0.0022279829767182817, 'nu': 2, 'sigma': 0.3651297701747595}. Best is trial 156 with value: 0.06552346104189419.
[I 2026-08-16 14:16:46,912] Trial 188 finished with value: 0.06637147506994827 and parameters: {'rho_e': 0.06970819414334646, 'rho_d': 0.008157142786675311, 'nu': 2, 'sigma': 0.29525419883430004}. Best is trial 156 with value: 0.06552346104189419.
[I 2026-08-16 14:17:39,946] Trial 189 finished with value: 0.07519729521238841 and parameters: {'rho_e': 1.0585551879848831, 'rho_d': 1e-05, 'nu': 2, 'sigma': 0.5774097197496545}. Best is trial 156 with value: 0.06552346104189419.
[I 2026-08-16 14:18:32,939] Trial 190 finished with value: 0.07664814255475771 and parameters: {'rho_e': 1.6988624124447507, 'rho_d': 0.0017031850055418464, 'nu': 2, 'sigma': 0.5328572497968904}. Best is trial 156 with value: 0.06552346104189419.
[I 2026-08-16 14:19:25,855] Trial 191 finished with value: 0.06881876441732418 and parameters: {'rho_e': 0.08842281452167253, 'rho_d': 0.016104265589192607, 'nu': 2, 'sigma': 0.385766863140238}. Best is trial 156 with value: 0.06552346104189419.
[I 2026-08-16 14:20:18,831] Trial 192 finished with value: 0.07180356846454804 and parameters: {'rho_e': 0.03819478219697611, 'rho_d': 1e-05, 'nu': 36, 'sigma': 0.6362519115451891}. Best is trial 156 with value: 0.06552346104189419.
[I 2026-08-16 14:21:11,704] Trial 193 finished with value: 0.08284762932210804 and parameters: {'rho_e': 1.3438158513418863, 'rho_d': 1e-05, 'nu': 36, 'sigma': 1.0}. Best is trial 156 with value: 0.06552346104189419.
[I 2026-08-16 14:22:04,590] Trial 194 finished with value: 0.0947426267044865 and parameters: {'rho_e': 1e-05, 'rho_d': 1000.0, 'nu': 2, 'sigma': 0.4553129912238865}. Best is trial 156 with value: 0.06552346104189419.
[I 2026-08-16 14:22:57,398] Trial 195 finished with value: 0.06587711789630118 and parameters: {'rho_e': 0.06096450364598238, 'rho_d': 0.002490750227130299, 'nu': 2, 'sigma': 0.2863914160698859}. Best is trial 156 with value: 0.06552346104189419.
[I 2026-08-16 14:23:50,286] Trial 196 finished with value: 0.09245350467934413 and parameters: {'rho_e': 1000.0, 'rho_d': 1000.0, 'nu': 2, 'sigma': 1.0}. Best is trial 156 with value: 0.06552346104189419.
[I 2026-08-16 14:24:42,070] Trial 197 finished with value: 0.09521811492370197 and parameters: {'rho_e': 53.97129174827799, 'rho_d': 10.145063991714148, 'nu': 36, 'sigma': 0.9999999999999999}. Best is trial 156 with value: 0.06552346104189419.
[I 2026-08-16 14:25:32,638] Trial 198 finished with value: 0.09682480893619941 and parameters: {'rho_e': 0.00012304655940808133, 'rho_d': 1000.0, 'nu': 36, 'sigma': 0.9999999999999999}. Best is trial 156 with value: 0.06552346104189419.
[I 2026-08-16 14:26:28,021] Trial 199 finished with value: 0.0699302546032784 and parameters: {'rho_e': 0.04913526227056733, 'rho_d': 0.002926446483826914, 'nu': 2, 'sigma': 0.12818085495382547}. Best is trial 156 with value: 0.06552346104189419.
/home/gterren/dynamic_update/functional_forecast_dynamic_update/scripts/validate_zone_ffc_mpi.py:1094: FutureWarning: The behavior of DataFrame concatenation with empty or all-NA entries is deprecated. In a future version, this will no longer exclude empty or all-NA columns when determining the result dtypes. To retain the old behavior, exclude the relevant entries before the concat operation.
  results_df = pd.concat([results_df, prob_results], axis = 0, ignore_index=True)
