[I 2026-08-16 15:21:50,345] Trial 88 finished with value: 0.09945714653006735 and parameters: {'rho_e': 0.00012125829831653894, 'rho_d': 19.630650519000437, 'nu': 10, 'sigma': 0.7884377100219454}. Best is trial 24 with value: 0.06554744029283935.
[I 2026-08-16 15:22:27,570] Trial 89 finished with value: 0.09176497251479909 and parameters: {'rho_e': 3.893751642068498e-05, 'rho_d': 0.9795442357931721, 'nu': 20, 'sigma': 0.5936410928252096}. Best is trial 24 with value: 0.06554744029283935.
[I 2026-08-16 15:23:06,223] Trial 90 finished with value: 0.087267379611698 and parameters: {'rho_e': 4.8811512206932886, 'rho_d': 3.209766039730455, 'nu': 34, 'sigma': 0.8768891090820096}. Best is trial 24 with value: 0.06554744029283935.
[I 2026-08-16 15:23:44,798] Trial 91 finished with value: 0.07562590408288551 and parameters: {'rho_e': 0.19086427524381236, 'rho_d': 0.0005859037345321275, 'nu': 8, 'sigma': 0.5505294308690223}. Best is trial 24 with value: 0.06554744029283935.
[I 2026-08-16 15:24:23,371] Trial 92 finished with value: 0.08227030914078808 and parameters: {'rho_e': 0.44668270078282146, 'rho_d': 1.9189911568156766e-05, 'nu': 24, 'sigma': 0.9048428701329665}. Best is trial 24 with value: 0.06554744029283935.
[I 2026-08-16 15:25:00,505] Trial 93 finished with value: 0.08592583883137947 and parameters: {'rho_e': 0.04518272217488784, 'rho_d': 0.0019042154852168265, 'nu': 17, 'sigma': 0.7711616889352428}. Best is trial 24 with value: 0.06554744029283935.
[I 2026-08-16 15:25:37,695] Trial 94 finished with value: 0.0921395190604479 and parameters: {'rho_e': 0.02386327174800719, 'rho_d': 70.35453635909505, 'nu': 26, 'sigma': 0.6321242947578075}. Best is trial 24 with value: 0.06554744029283935.
[I 2026-08-16 15:26:15,499] Trial 95 finished with value: 0.08273649450396245 and parameters: {'rho_e': 8.25713500843253e-05, 'rho_d': 0.00012532475584443455, 'nu': 13, 'sigma': 0.26396166502640883}. Best is trial 24 with value: 0.06554744029283935.
[I 2026-08-16 15:26:53,814] Trial 96 finished with value: 0.0918727313847871 and parameters: {'rho_e': 0.0024547283980115068, 'rho_d': 305.22017701744807, 'nu': 17, 'sigma': 0.32786718698677975}. Best is trial 24 with value: 0.06554744029283935.
[I 2026-08-16 15:27:32,238] Trial 97 finished with value: 0.10233485176201919 and parameters: {'rho_e': 21.13367188708461, 'rho_d': 0.019753486361084704, 'nu': 14, 'sigma': 0.946528522698323}. Best is trial 24 with value: 0.06554744029283935.
[I 2026-08-16 15:28:10,210] Trial 98 finished with value: 0.085572280537316 and parameters: {'rho_e': 0.07307392667419121, 'rho_d': 0.03432656436892995, 'nu': 25, 'sigma': 0.9790803255957043}. Best is trial 24 with value: 0.06554744029283935.
[I 2026-08-16 15:28:48,107] Trial 99 finished with value: 0.09414766168630527 and parameters: {'rho_e': 0.014400697832168036, 'rho_d': 0.2992169838775733, 'nu': 4, 'sigma': 0.6279299990703359}. Best is trial 24 with value: 0.06554744029283935.
[I 2026-08-16 15:29:27,333] Trial 100 finished with value: 0.0726172264363853 and parameters: {'rho_e': 4.022219268051018, 'rho_d': 1000.0, 'nu': 2, 'sigma': 0.263055565174492}. Best is trial 24 with value: 0.06554744029283935.
[I 2026-08-16 15:30:05,384] Trial 101 finished with value: 0.06499254859382919 and parameters: {'rho_e': 0.15652113704261986, 'rho_d': 0.011011900313940124, 'nu': 36, 'sigma': 0.4233274596909555}. Best is trial 101 with value: 0.06499254859382919.
[I 2026-08-16 15:30:43,898] Trial 102 finished with value: 0.07160791902075103 and parameters: {'rho_e': 8.992608687409883, 'rho_d': 1000.0, 'nu': 23, 'sigma': 0.29853516569695127}. Best is trial 101 with value: 0.06499254859382919.
[I 2026-08-16 15:31:22,425] Trial 103 finished with value: 0.06688842441503959 and parameters: {'rho_e': 0.07505155719857257, 'rho_d': 0.001999483281018328, 'nu': 12, 'sigma': 0.0}. Best is trial 101 with value: 0.06499254859382919.
[I 2026-08-16 15:32:00,390] Trial 104 finished with value: 0.06539153964357304 and parameters: {'rho_e': 0.11541210268205804, 'rho_d': 0.0013711697975614323, 'nu': 36, 'sigma': 0.4449893045056786}. Best is trial 101 with value: 0.06499254859382919.
[I 2026-08-16 15:32:37,852] Trial 105 finished with value: 0.06685752838853679 and parameters: {'rho_e': 0.08994888630622092, 'rho_d': 0.005277140606318334, 'nu': 2, 'sigma': 0.0}. Best is trial 101 with value: 0.06499254859382919.
[I 2026-08-16 15:33:16,010] Trial 106 finished with value: 0.06500066013933783 and parameters: {'rho_e': 0.11965969190073873, 'rho_d': 0.004840606899994924, 'nu': 36, 'sigma': 0.3557111864962891}. Best is trial 101 with value: 0.06499254859382919.
[I 2026-08-16 15:33:54,480] Trial 107 finished with value: 0.06400152738512815 and parameters: {'rho_e': 0.11732971995794864, 'rho_d': 0.001311180128523997, 'nu': 7, 'sigma': 0.14211519674762554}. Best is trial 107 with value: 0.06400152738512815.
[I 2026-08-16 15:34:32,903] Trial 108 finished with value: 0.06182663556599683 and parameters: {'rho_e': 0.13763833417746396, 'rho_d': 0.0015519282633887602, 'nu': 2, 'sigma': 0.1705801934236027}. Best is trial 108 with value: 0.06182663556599683.
[I 2026-08-16 15:35:11,436] Trial 109 finished with value: 0.06081713023635722 and parameters: {'rho_e': 0.17714940738413268, 'rho_d': 0.003918002414989929, 'nu': 2, 'sigma': 0.2181458774844526}. Best is trial 109 with value: 0.06081713023635722.
[I 2026-08-16 15:35:49,818] Trial 110 finished with value: 0.07553552695934046 and parameters: {'rho_e': 0.018250186844555587, 'rho_d': 1e-05, 'nu': 36, 'sigma': 0.0}. Best is trial 109 with value: 0.06081713023635722.
[I 2026-08-16 15:36:28,228] Trial 111 finished with value: 0.061270579560576875 and parameters: {'rho_e': 0.19942899172288195, 'rho_d': 0.011290814697690514, 'nu': 2, 'sigma': 0.2355013837449529}. Best is trial 109 with value: 0.06081713023635722.
[I 2026-08-16 15:37:06,671] Trial 112 finished with value: 0.06108605184646191 and parameters: {'rho_e': 0.21134348947523865, 'rho_d': 0.003133863395938326, 'nu': 2, 'sigma': 0.24137085317748386}. Best is trial 109 with value: 0.06081713023635722.
[I 2026-08-16 15:37:45,176] Trial 113 finished with value: 0.0613374052169466 and parameters: {'rho_e': 0.17037517380092307, 'rho_d': 0.004446006257840499, 'nu': 2, 'sigma': 0.24714557257691058}. Best is trial 109 with value: 0.06081713023635722.
[I 2026-08-16 15:38:23,655] Trial 114 finished with value: 0.06096354763822298 and parameters: {'rho_e': 0.1990564159939644, 'rho_d': 0.004624063759238415, 'nu': 2, 'sigma': 0.19871441066030793}. Best is trial 109 with value: 0.06081713023635722.
[I 2026-08-16 15:39:02,221] Trial 115 finished with value: 0.07961247431793331 and parameters: {'rho_e': 1e-05, 'rho_d': 1e-05, 'nu': 2, 'sigma': 0.0}. Best is trial 109 with value: 0.06081713023635722.
[I 2026-08-16 15:39:40,769] Trial 116 finished with value: 0.0607111462553463 and parameters: {'rho_e': 0.1957888924099671, 'rho_d': 0.004375094224476673, 'nu': 2, 'sigma': 0.20591992581219506}. Best is trial 116 with value: 0.0607111462553463.
[I 2026-08-16 15:40:19,381] Trial 117 finished with value: 0.07961247431793331 and parameters: {'rho_e': 1e-05, 'rho_d': 1e-05, 'nu': 36, 'sigma': 0.0}. Best is trial 116 with value: 0.0607111462553463.
[I 2026-08-16 15:40:57,927] Trial 118 finished with value: 0.0690062406450602 and parameters: {'rho_e': 0.31151057852553227, 'rho_d': 2.313143740116526, 'nu': 2, 'sigma': 0.20191728057543004}. Best is trial 116 with value: 0.0607111462553463.
[I 2026-08-16 15:41:36,604] Trial 119 finished with value: 0.08427630867447622 and parameters: {'rho_e': 0.027363792819753856, 'rho_d': 1e-05, 'nu': 36, 'sigma': 1.0}. Best is trial 116 with value: 0.0607111462553463.
[I 2026-08-16 15:42:15,276] Trial 120 finished with value: 0.06085689092802345 and parameters: {'rho_e': 0.19672963951973357, 'rho_d': 0.0047326448348839435, 'nu': 2, 'sigma': 0.19730583754171546}. Best is trial 116 with value: 0.0607111462553463.
[I 2026-08-16 15:42:53,897] Trial 121 finished with value: 0.06905980185237919 and parameters: {'rho_e': 37.70149048222356, 'rho_d': 999.999999999998, 'nu': 2, 'sigma': 0.349199840622548}. Best is trial 116 with value: 0.0607111462553463.
[I 2026-08-16 15:43:32,465] Trial 122 finished with value: 0.09467981232862575 and parameters: {'rho_e': 1000.0, 'rho_d': 1000.0, 'nu': 2, 'sigma': 1.0}. Best is trial 116 with value: 0.0607111462553463.
[I 2026-08-16 15:44:11,120] Trial 123 finished with value: 0.07961069477851783 and parameters: {'rho_e': 0.0003802956718572491, 'rho_d': 1e-05, 'nu': 36, 'sigma': 0.0}. Best is trial 116 with value: 0.0607111462553463.
[I 2026-08-16 15:44:49,827] Trial 124 finished with value: 0.06116961889424311 and parameters: {'rho_e': 0.17107855984149634, 'rho_d': 1e-05, 'nu': 2, 'sigma': 0.24901386566326858}. Best is trial 116 with value: 0.0607111462553463.
[I 2026-08-16 15:45:28,661] Trial 125 finished with value: 0.06091254225542629 and parameters: {'rho_e': 0.19139828001568626, 'rho_d': 7.087600482134313e-05, 'nu': 2, 'sigma': 0.22999169480788975}. Best is trial 116 with value: 0.0607111462553463.
[I 2026-08-16 15:46:07,499] Trial 126 finished with value: 0.0626054491602869 and parameters: {'rho_e': 0.23424543383413626, 'rho_d': 1.4071082712426695e-05, 'nu': 2, 'sigma': 0.2941385737066263}. Best is trial 116 with value: 0.0607111462553463.
[I 2026-08-16 15:46:46,508] Trial 127 finished with value: 0.06122956048837232 and parameters: {'rho_e': 0.16564292227109023, 'rho_d': 1e-05, 'nu': 2, 'sigma': 0.17603943648839931}. Best is trial 116 with value: 0.0607111462553463.
[I 2026-08-16 15:47:25,623] Trial 128 finished with value: 0.06064052567723992 and parameters: {'rho_e': 0.19474415311689203, 'rho_d': 0.0005450484169148994, 'nu': 2, 'sigma': 0.21230130197420555}. Best is trial 128 with value: 0.06064052567723992.
[I 2026-08-16 15:48:04,255] Trial 129 finished with value: 0.06055806236857059 and parameters: {'rho_e': 0.19778101205191367, 'rho_d': 0.0007136545007460239, 'nu': 2, 'sigma': 0.2114866934087834}. Best is trial 129 with value: 0.06055806236857059.
[I 2026-08-16 15:48:42,844] Trial 130 finished with value: 0.06078253883916932 and parameters: {'rho_e': 0.19046390061925064, 'rho_d': 0.00029298058564425095, 'nu': 2, 'sigma': 0.20200680618338063}. Best is trial 129 with value: 0.06055806236857059.
[I 2026-08-16 15:49:21,372] Trial 131 finished with value: 0.06055806236857059 and parameters: {'rho_e': 0.19778101205191367, 'rho_d': 0.0007136545007460239, 'nu': 2, 'sigma': 0.2114866934087834}. Best is trial 129 with value: 0.06055806236857059.
[I 2026-08-16 15:49:59,773] Trial 132 finished with value: 0.06055806236857059 and parameters: {'rho_e': 0.19778101205191367, 'rho_d': 0.0007136545007460246, 'nu': 2, 'sigma': 0.2114866934087834}. Best is trial 129 with value: 0.06055806236857059.
[I 2026-08-16 15:50:38,273] Trial 133 finished with value: 0.06055806236857059 and parameters: {'rho_e': 0.19778101205191367, 'rho_d': 0.0007136545007460239, 'nu': 2, 'sigma': 0.2114866934087834}. Best is trial 129 with value: 0.06055806236857059.
[I 2026-08-16 15:51:16,731] Trial 134 finished with value: 0.06461377223643325 and parameters: {'rho_e': 0.11999867175967711, 'rho_d': 1e-05, 'nu': 36, 'sigma': 0.33136319078182097}. Best is trial 129 with value: 0.06055806236857059.
[I 2026-08-16 15:51:55,504] Trial 135 finished with value: 0.06070721841543325 and parameters: {'rho_e': 0.18926392470917258, 'rho_d': 0.0007439293390975201, 'nu': 2, 'sigma': 0.2208385719993369}. Best is trial 129 with value: 0.06055806236857059.
[I 2026-08-16 15:52:34,235] Trial 136 finished with value: 0.06088485401254386 and parameters: {'rho_e': 0.20460095396860845, 'rho_d': 0.001041819291032317, 'nu': 2, 'sigma': 0.20380113989697374}. Best is trial 129 with value: 0.06055806236857059.
[I 2026-08-16 15:53:13,021] Trial 137 finished with value: 0.06092474258833454 and parameters: {'rho_e': 0.1797573722503998, 'rho_d': 0.0003557178311171698, 'nu': 2, 'sigma': 0.22814267353110704}. Best is trial 129 with value: 0.06055806236857059.
[I 2026-08-16 15:53:51,655] Trial 138 finished with value: 0.06541562278312257 and parameters: {'rho_e': 0.14153114665697203, 'rho_d': 1e-05, 'nu': 11, 'sigma': 0.21530345559916775}. Best is trial 129 with value: 0.06055806236857059.
[I 2026-08-16 15:54:30,431] Trial 139 finished with value: 0.09046483674329171 and parameters: {'rho_e': 1e-05, 'rho_d': 1e-05, 'nu': 36, 'sigma': 1.0}. Best is trial 129 with value: 0.06055806236857059.
[I 2026-08-16 15:55:09,617] Trial 140 finished with value: 0.06670936018196479 and parameters: {'rho_e': 0.12323821158397036, 'rho_d': 0.0013153224274374995, 'nu': 36, 'sigma': 0.0}. Best is trial 129 with value: 0.06055806236857059.
[I 2026-08-16 15:55:48,182] Trial 141 finished with value: 0.06585994239319709 and parameters: {'rho_e': 0.12032898885166554, 'rho_d': 1e-05, 'nu': 36, 'sigma': 0.09046807794159892}. Best is trial 129 with value: 0.06055806236857059.
[I 2026-08-16 15:56:26,828] Trial 142 finished with value: 0.08480911602397756 and parameters: {'rho_e': 0.8650559759069996, 'rho_d': 1000.0, 'nu': 36, 'sigma': 1.0}. Best is trial 129 with value: 0.06055806236857059.
[I 2026-08-16 15:57:05,505] Trial 143 finished with value: 0.07605766429870135 and parameters: {'rho_e': 11.603269683880422, 'rho_d': 999.999999999998, 'nu': 36, 'sigma': 0.0}. Best is trial 129 with value: 0.06055806236857059.
[I 2026-08-16 15:57:44,488] Trial 144 finished with value: 0.06091556075829774 and parameters: {'rho_e': 0.2185190286566003, 'rho_d': 0.0005125210692910225, 'nu': 2, 'sigma': 0.2152981691747708}. Best is trial 129 with value: 0.06055806236857059.
[I 2026-08-16 15:58:23,073] Trial 145 finished with value: 0.08267499676925001 and parameters: {'rho_e': 19.0277443906486, 'rho_d': 1000.0, 'nu': 2, 'sigma': 0.6655907245005612}. Best is trial 129 with value: 0.06055806236857059.
[I 2026-08-16 15:59:01,656] Trial 146 finished with value: 0.09837197590979956 and parameters: {'rho_e': 1e-05, 'rho_d': 1000.0, 'nu': 36, 'sigma': 1.0}. Best is trial 129 with value: 0.06055806236857059.
[I 2026-08-16 15:59:40,362] Trial 147 finished with value: 0.06677394489315826 and parameters: {'rho_e': 0.21000309950324222, 'rho_d': 0.00042657498991851135, 'nu': 36, 'sigma': 0.27008801265863003}. Best is trial 129 with value: 0.06055806236857059.
[I 2026-08-16 16:00:19,505] Trial 148 finished with value: 0.06758949852479923 and parameters: {'rho_e': 0.13767831712142736, 'rho_d': 1e-05, 'nu': 36, 'sigma': 0.6134641555321206}. Best is trial 129 with value: 0.06055806236857059.
[I 2026-08-16 16:00:57,927] Trial 149 finished with value: 0.09499848872490069 and parameters: {'rho_e': 0.05597873733383687, 'rho_d': 1000.0, 'nu': 2, 'sigma': 0.0}. Best is trial 129 with value: 0.06055806236857059.
[I 2026-08-16 16:01:36,269] Trial 150 finished with value: 0.09648651089663093 and parameters: {'rho_e': 1e-05, 'rho_d': 1000.0, 'nu': 2, 'sigma': 0.0}. Best is trial 129 with value: 0.06055806236857059.
[I 2026-08-16 16:02:14,749] Trial 151 finished with value: 0.06180197992793367 and parameters: {'rho_e': 0.14783642345054132, 'rho_d': 3.5574655385295454e-05, 'nu': 2, 'sigma': 0.20581641100422618}. Best is trial 129 with value: 0.06055806236857059.
[I 2026-08-16 16:02:53,133] Trial 152 finished with value: 0.060601910206975355 and parameters: {'rho_e': 0.1976126562146009, 'rho_d': 0.0013146665804139, 'nu': 2, 'sigma': 0.2106457142689756}. Best is trial 129 with value: 0.06055806236857059.
[I 2026-08-16 16:03:31,756] Trial 153 finished with value: 0.0702251611290772 and parameters: {'rho_e': 16.74508224181054, 'rho_d': 1000.0, 'nu': 2, 'sigma': 0.12473458920794131}. Best is trial 129 with value: 0.06055806236857059.
[I 2026-08-16 16:04:10,429] Trial 154 finished with value: 0.06051772355081416 and parameters: {'rho_e': 0.1971113474797455, 'rho_d': 0.0013074811701240157, 'nu': 2, 'sigma': 0.2104472159974777}. Best is trial 154 with value: 0.06051772355081416.
[I 2026-08-16 16:04:49,036] Trial 155 finished with value: 0.060696407489752545 and parameters: {'rho_e': 0.19954030935860861, 'rho_d': 0.0013328160030850317, 'nu': 2, 'sigma': 0.20056605226094437}. Best is trial 154 with value: 0.06051772355081416.
[I 2026-08-16 16:05:27,641] Trial 156 finished with value: 0.07312913184162576 and parameters: {'rho_e': 0.036058545667288104, 'rho_d': 1e-05, 'nu': 36, 'sigma': 0.4238731710068325}. Best is trial 154 with value: 0.06051772355081416.
[I 2026-08-16 16:06:06,241] Trial 157 finished with value: 0.060735470203953326 and parameters: {'rho_e': 0.1946832099765958, 'rho_d': 0.0010759996885399696, 'nu': 2, 'sigma': 0.22597581871124411}. Best is trial 154 with value: 0.06051772355081416.
[I 2026-08-16 16:06:44,787] Trial 158 finished with value: 0.06085202282121849 and parameters: {'rho_e': 0.21726524341807088, 'rho_d': 1e-05, 'nu': 2, 'sigma': 0.20161257476979288}. Best is trial 154 with value: 0.06051772355081416.
[I 2026-08-16 16:07:23,395] Trial 159 finished with value: 0.07961240199452438 and parameters: {'rho_e': 0.00014786698663472246, 'rho_d': 1e-05, 'nu': 2, 'sigma': 0.0}. Best is trial 154 with value: 0.06051772355081416.
[I 2026-08-16 16:08:01,939] Trial 160 finished with value: 0.06866435210560717 and parameters: {'rho_e': 0.5406759924851839, 'rho_d': 1.2562468751552827, 'nu': 36, 'sigma': 0.4978130915225901}. Best is trial 154 with value: 0.06051772355081416.
[I 2026-08-16 16:08:40,528] Trial 161 finished with value: 0.11690654220703448 and parameters: {'rho_e': 1e-05, 'rho_d': 1e-05, 'nu': 2, 'sigma': 1.0}. Best is trial 154 with value: 0.06051772355081416.
[I 2026-08-16 16:09:19,128] Trial 162 finished with value: 0.07059194389131102 and parameters: {'rho_e': 0.11292166970759612, 'rho_d': 0.1033309680332926, 'nu': 36, 'sigma': 0.6184002990705598}. Best is trial 154 with value: 0.06051772355081416.
[I 2026-08-16 16:09:57,794] Trial 163 finished with value: 0.06792093556463127 and parameters: {'rho_e': 0.15645105514564298, 'rho_d': 1e-05, 'nu': 2, 'sigma': 0.0}. Best is trial 154 with value: 0.06051772355081416.
[I 2026-08-16 16:10:36,415] Trial 164 finished with value: 0.07896346512884786 and parameters: {'rho_e': 0.005461970188666419, 'rho_d': 1e-05, 'nu': 2, 'sigma': 0.0}. Best is trial 154 with value: 0.06051772355081416.
[I 2026-08-16 16:11:15,050] Trial 165 finished with value: 0.08907027211206706 and parameters: {'rho_e': 1000.0, 'rho_d': 1000.0, 'nu': 2, 'sigma': 0.0}. Best is trial 154 with value: 0.06051772355081416.
[I 2026-08-16 16:11:53,658] Trial 166 finished with value: 0.06680297424684081 and parameters: {'rho_e': 0.417867065237157, 'rho_d': 0.16419059971221014, 'nu': 2, 'sigma': 0.3685478048699747}. Best is trial 154 with value: 0.06051772355081416.
[I 2026-08-16 16:12:32,227] Trial 167 finished with value: 0.08133695158197342 and parameters: {'rho_e': 1000.0, 'rho_d': 1000.0, 'nu': 36, 'sigma': 1.0}. Best is trial 154 with value: 0.06051772355081416.
[I 2026-08-16 16:13:10,819] Trial 168 finished with value: 0.0796064441748239 and parameters: {'rho_e': 4.647837671732437e-05, 'rho_d': 0.005666883554077395, 'nu': 36, 'sigma': 0.0}. Best is trial 154 with value: 0.06051772355081416.
[I 2026-08-16 16:13:49,353] Trial 169 finished with value: 0.07861336607889219 and parameters: {'rho_e': 3.2915661980935575, 'rho_d': 1000.0, 'nu': 15, 'sigma': 0.0}. Best is trial 154 with value: 0.06051772355081416.
[I 2026-08-16 16:14:27,342] Trial 170 finished with value: 0.09634467244901548 and parameters: {'rho_e': 1000.0, 'rho_d': 1e-05, 'nu': 36, 'sigma': 1.0}. Best is trial 154 with value: 0.06051772355081416.
[I 2026-08-16 16:15:05,936] Trial 171 finished with value: 0.07034772174091504 and parameters: {'rho_e': 0.04338786831600471, 'rho_d': 0.0036508509190600245, 'nu': 36, 'sigma': 0.0}. Best is trial 154 with value: 0.06051772355081416.
[I 2026-08-16 16:15:44,454] Trial 172 finished with value: 0.07973481965635623 and parameters: {'rho_e': 1e-05, 'rho_d': 0.010429184384183278, 'nu': 2, 'sigma': 0.0}. Best is trial 154 with value: 0.06051772355081416.
[I 2026-08-16 16:16:22,903] Trial 173 finished with value: 0.06051772355081416 and parameters: {'rho_e': 0.1971113474797455, 'rho_d': 0.0013074811701240157, 'nu': 2, 'sigma': 0.2104472159974777}. Best is trial 154 with value: 0.06051772355081416.
[I 2026-08-16 16:17:01,355] Trial 174 finished with value: 0.06051772355081416 and parameters: {'rho_e': 0.1971113474797455, 'rho_d': 0.0013074811701240157, 'nu': 2, 'sigma': 0.2104472159974777}. Best is trial 154 with value: 0.06051772355081416.
[I 2026-08-16 16:17:39,815] Trial 175 finished with value: 0.06051772355081416 and parameters: {'rho_e': 0.1971113474797455, 'rho_d': 0.0013074811701240157, 'nu': 2, 'sigma': 0.2104472159974777}. Best is trial 154 with value: 0.06051772355081416.
[I 2026-08-16 16:18:18,196] Trial 176 finished with value: 0.06051772355081416 and parameters: {'rho_e': 0.1971113474797455, 'rho_d': 0.0013074811701240157, 'nu': 2, 'sigma': 0.2104472159974777}. Best is trial 154 with value: 0.06051772355081416.
[I 2026-08-16 16:18:56,042] Trial 177 finished with value: 0.06051772355081416 and parameters: {'rho_e': 0.1971113474797455, 'rho_d': 0.0013074811701240157, 'nu': 2, 'sigma': 0.2104472159974777}. Best is trial 154 with value: 0.06051772355081416.
[I 2026-08-16 16:19:34,339] Trial 178 finished with value: 0.06051772355081416 and parameters: {'rho_e': 0.1971113474797455, 'rho_d': 0.0013074811701240157, 'nu': 2, 'sigma': 0.2104472159974777}. Best is trial 154 with value: 0.06051772355081416.
[I 2026-08-16 16:20:12,186] Trial 179 finished with value: 0.06051772355081416 and parameters: {'rho_e': 0.1971113474797455, 'rho_d': 0.0013074811701240157, 'nu': 2, 'sigma': 0.2104472159974777}. Best is trial 154 with value: 0.06051772355081416.
[I 2026-08-16 16:20:50,434] Trial 180 finished with value: 0.06051772355081416 and parameters: {'rho_e': 0.1971113474797455, 'rho_d': 0.0013074811701240157, 'nu': 2, 'sigma': 0.2104472159974777}. Best is trial 154 with value: 0.06051772355081416.
