[I 2026-08-17 11:53:04,987] Trial 180 finished with value: 0.05956368732049436 and parameters: {'rho_e': 0.13352894289522563, 'rho_d': 5.892019377924185e-05, 'nu': 2, 'sigma': 0.5480689156078531}. Best is trial 177 with value: 0.059285683546507685.
[I 2026-08-17 11:53:56,357] Trial 181 finished with value: 0.06087028028837488 and parameters: {'rho_e': 0.09174601355291691, 'rho_d': 0.002914733588113547, 'nu': 2, 'sigma': 0.3490553271374111}. Best is trial 177 with value: 0.059285683546507685.
[I 2026-08-17 11:54:47,869] Trial 182 finished with value: 0.07973809398135522 and parameters: {'rho_e': 1000.0, 'rho_d': 0.00031520165453458276, 'nu': 2, 'sigma': 1.0}. Best is trial 177 with value: 0.059285683546507685.
[I 2026-08-17 11:55:39,358] Trial 183 finished with value: 0.059716012546039476 and parameters: {'rho_e': 0.14402987280154442, 'rho_d': 4.3692113791807155e-05, 'nu': 2, 'sigma': 0.5339565240180232}. Best is trial 177 with value: 0.059285683546507685.
[I 2026-08-17 11:56:30,502] Trial 184 finished with value: 0.06713688904784113 and parameters: {'rho_e': 0.09527308783609868, 'rho_d': 0.19572590674932094, 'nu': 2, 'sigma': 0.24956108165013355}. Best is trial 177 with value: 0.059285683546507685.
[I 2026-08-17 11:57:21,860] Trial 185 finished with value: 0.059840414091942386 and parameters: {'rho_e': 0.12674221708477781, 'rho_d': 8.510080900274273e-05, 'nu': 2, 'sigma': 0.5811615782410162}. Best is trial 177 with value: 0.059285683546507685.
[I 2026-08-17 11:58:12,965] Trial 186 finished with value: 0.08909422125597588 and parameters: {'rho_e': 1000.0, 'rho_d': 999.999999999998, 'nu': 36, 'sigma': 0.0}. Best is trial 177 with value: 0.059285683546507685.
[I 2026-08-17 11:59:04,366] Trial 187 finished with value: 0.06974505290026717 and parameters: {'rho_e': 0.12545506306351006, 'rho_d': 1e-05, 'nu': 2, 'sigma': 0.0}. Best is trial 177 with value: 0.059285683546507685.
[I 2026-08-17 11:59:55,610] Trial 188 finished with value: 0.08517336252280865 and parameters: {'rho_e': 1e-05, 'rho_d': 0.2533375695936789, 'nu': 36, 'sigma': 0.0}. Best is trial 177 with value: 0.059285683546507685.
[I 2026-08-17 12:00:47,109] Trial 189 finished with value: 0.10530316235091108 and parameters: {'rho_e': 1000.0, 'rho_d': 1e-05, 'nu': 2, 'sigma': 0.0}. Best is trial 177 with value: 0.059285683546507685.
[I 2026-08-17 12:01:38,802] Trial 190 finished with value: 0.06972863578067186 and parameters: {'rho_e': 0.19351472139087847, 'rho_d': 3.8429953887809107, 'nu': 36, 'sigma': 0.0}. Best is trial 177 with value: 0.059285683546507685.
[I 2026-08-17 12:02:30,158] Trial 191 finished with value: 0.07008520627415488 and parameters: {'rho_e': 62.25261355447677, 'rho_d': 1000.0, 'nu': 2, 'sigma': 0.0}. Best is trial 177 with value: 0.059285683546507685.
[I 2026-08-17 12:03:21,647] Trial 192 finished with value: 0.06362161771093966 and parameters: {'rho_e': 0.05613206059393174, 'rho_d': 0.001678424560417889, 'nu': 2, 'sigma': 0.44808315630338397}. Best is trial 177 with value: 0.059285683546507685.
[I 2026-08-17 12:04:13,286] Trial 193 finished with value: 0.06701282757026229 and parameters: {'rho_e': 0.10699282725752438, 'rho_d': 0.04884767183131996, 'nu': 36, 'sigma': 0.4128055221511491}. Best is trial 177 with value: 0.059285683546507685.
[I 2026-08-17 12:05:04,689] Trial 194 finished with value: 0.06450355498476816 and parameters: {'rho_e': 0.5036968513673815, 'rho_d': 0.000894379009419506, 'nu': 2, 'sigma': 0.8316071559406308}. Best is trial 177 with value: 0.059285683546507685.
[I 2026-08-17 12:05:56,692] Trial 195 finished with value: 0.08890338729847166 and parameters: {'rho_e': 1000.0, 'rho_d': 1e-05, 'nu': 36, 'sigma': 1.0}. Best is trial 177 with value: 0.059285683546507685.
[I 2026-08-17 12:06:48,025] Trial 196 finished with value: 0.07999560710913647 and parameters: {'rho_e': 35.998832750805, 'rho_d': 0.5878194881499853, 'nu': 2, 'sigma': 1.0}. Best is trial 177 with value: 0.059285683546507685.
[I 2026-08-17 12:07:39,667] Trial 197 finished with value: 0.08012687057882042 and parameters: {'rho_e': 1.3366899954952558, 'rho_d': 1000.0, 'nu': 36, 'sigma': 0.9999999999999999}. Best is trial 177 with value: 0.059285683546507685.
[I 2026-08-17 12:08:28,195] Trial 198 finished with value: 0.07955154210148623 and parameters: {'rho_e': 24.112647866128192, 'rho_d': 1e-05, 'nu': 2, 'sigma': 1.0}. Best is trial 177 with value: 0.059285683546507685.
[I 2026-08-17 12:09:20,037] Trial 199 finished with value: 0.059285683546507685 and parameters: {'rho_e': 0.13501217698711204, 'rho_d': 5.523602953761887e-05, 'nu': 2, 'sigma': 0.5423470331896871}. Best is trial 177 with value: 0.059285683546507685.
/home/gterren/dynamic_update/functional_forecast_dynamic_update/scripts/validate_zone_ffc_mpi.py:1094: FutureWarning: The behavior of DataFrame concatenation with empty or all-NA entries is deprecated. In a future version, this will no longer exclude empty or all-NA columns when determining the result dtypes. To retain the old behavior, exclude the relevant entries before the concat operation.
  results_df = pd.concat([results_df, prob_results], axis = 0, ignore_index=True)
