[I 2026-08-16 12:48:34,399] Trial 88 finished with value: 0.08672050981420179 and parameters: {'rho_e': 0.10955683436189492, 'rho_d': 17.335641105180176, 'nu': 30, 'sigma': 0.9665030333402096}. Best is trial 20 with value: 0.06637291237267723.
[I 2026-08-16 12:49:26,859] Trial 89 finished with value: 0.09084229531628342 and parameters: {'rho_e': 404.0017816903608, 'rho_d': 1.7029913359385358, 'nu': 8, 'sigma': 0.7748778573795911}. Best is trial 20 with value: 0.06637291237267723.
[I 2026-08-16 12:50:19,617] Trial 90 finished with value: 0.08750513629161291 and parameters: {'rho_e': 6.687532104035759e-05, 'rho_d': 0.017658739928068382, 'nu': 23, 'sigma': 0.29099843561974764}. Best is trial 20 with value: 0.06637291237267723.
[I 2026-08-16 12:51:12,171] Trial 91 finished with value: 0.08566080748308219 and parameters: {'rho_e': 1.9771401749850168, 'rho_d': 0.05984121945521464, 'nu': 35, 'sigma': 0.8944799975093669}. Best is trial 20 with value: 0.06637291237267723.
[I 2026-08-16 12:52:04,812] Trial 92 finished with value: 0.09052962580094734 and parameters: {'rho_e': 40.24790330007283, 'rho_d': 200.98181792944928, 'nu': 15, 'sigma': 0.4706039997045142}. Best is trial 20 with value: 0.06637291237267723.
[I 2026-08-16 12:52:57,811] Trial 93 finished with value: 0.08694103472980864 and parameters: {'rho_e': 0.007468269893370547, 'rho_d': 1.61286970740552e-05, 'nu': 26, 'sigma': 0.7062855262944665}. Best is trial 20 with value: 0.06637291237267723.
[I 2026-08-16 12:53:50,858] Trial 94 finished with value: 0.0960362404210836 and parameters: {'rho_e': 0.0023898071675510797, 'rho_d': 0.5105799785763581, 'nu': 3, 'sigma': 0.12408622300734228}. Best is trial 20 with value: 0.06637291237267723.
[I 2026-08-16 12:54:43,901] Trial 95 finished with value: 0.07937902043748726 and parameters: {'rho_e': 0.016506505170872286, 'rho_d': 0.0067545827302765695, 'nu': 13, 'sigma': 0.15750510918850885}. Best is trial 20 with value: 0.06637291237267723.
[I 2026-08-16 12:55:37,004] Trial 96 finished with value: 0.09322252397547456 and parameters: {'rho_e': 8.919454905898495e-05, 'rho_d': 0.1301658122748069, 'nu': 23, 'sigma': 0.48334819167680704}. Best is trial 20 with value: 0.06637291237267723.
[I 2026-08-16 12:56:30,166] Trial 97 finished with value: 0.09379219458461857 and parameters: {'rho_e': 167.59176445305437, 'rho_d': 0.0003270573651194096, 'nu': 33, 'sigma': 0.8028864249055724}. Best is trial 20 with value: 0.06637291237267723.
[I 2026-08-16 12:57:22,879] Trial 98 finished with value: 0.0803125970019399 and parameters: {'rho_e': 0.0003329223434176967, 'rho_d': 0.00014468150177905916, 'nu': 2, 'sigma': 0.25371662350737295}. Best is trial 20 with value: 0.06637291237267723.
[I 2026-08-16 12:58:15,764] Trial 99 finished with value: 0.09152489840746011 and parameters: {'rho_e': 0.005144397214248984, 'rho_d': 0.0007543567094497256, 'nu': 27, 'sigma': 0.9544511364446193}. Best is trial 20 with value: 0.06637291237267723.
[I 2026-08-16 12:59:11,280] Trial 100 finished with value: 0.0675255719923815 and parameters: {'rho_e': 0.05614505252920783, 'rho_d': 7.535994383843587e-05, 'nu': 5, 'sigma': 0.33633166167686374}. Best is trial 20 with value: 0.06637291237267723.
[I 2026-08-16 13:00:05,039] Trial 101 finished with value: 0.06827531629217964 and parameters: {'rho_e': 0.09202522879919402, 'rho_d': 0.0003154551130721602, 'nu': 10, 'sigma': 0.4033473413869085}. Best is trial 20 with value: 0.06637291237267723.
[I 2026-08-16 13:00:58,769] Trial 102 finished with value: 0.07669746385303983 and parameters: {'rho_e': 1.4224328624507776, 'rho_d': 1000.0, 'nu': 32, 'sigma': 0.0023106551244425682}. Best is trial 20 with value: 0.06637291237267723.
[I 2026-08-16 13:01:52,400] Trial 103 finished with value: 0.06677832905963067 and parameters: {'rho_e': 0.11538438361104143, 'rho_d': 0.00016301855815840824, 'nu': 2, 'sigma': 0.45957884768072094}. Best is trial 20 with value: 0.06637291237267723.
[I 2026-08-16 13:02:45,964] Trial 104 finished with value: 0.07374897796642996 and parameters: {'rho_e': 1.0930211665295357, 'rho_d': 1000.0, 'nu': 18, 'sigma': 0.32217352148431644}. Best is trial 20 with value: 0.06637291237267723.
[I 2026-08-16 13:03:39,640] Trial 105 finished with value: 0.0688248580204628 and parameters: {'rho_e': 0.0500315779618008, 'rho_d': 0.00028721819401961564, 'nu': 2, 'sigma': 0.40541699118487295}. Best is trial 20 with value: 0.06637291237267723.
[I 2026-08-16 13:04:33,483] Trial 106 finished with value: 0.06739103700439489 and parameters: {'rho_e': 0.1435931280084387, 'rho_d': 0.00017711590827389537, 'nu': 2, 'sigma': 0.3872097703790308}. Best is trial 20 with value: 0.06637291237267723.
[I 2026-08-16 13:05:26,724] Trial 107 finished with value: 0.07235860354344992 and parameters: {'rho_e': 0.017080059411112028, 'rho_d': 1e-05, 'nu': 2, 'sigma': 0.12610742756001445}. Best is trial 20 with value: 0.06637291237267723.
[I 2026-08-16 13:06:19,888] Trial 108 finished with value: 0.06695794351629006 and parameters: {'rho_e': 0.1781182218450556, 'rho_d': 0.0007650460784427753, 'nu': 2, 'sigma': 0.471096051973279}. Best is trial 20 with value: 0.06637291237267723.
[I 2026-08-16 13:07:13,050] Trial 109 finished with value: 0.0730595002156201 and parameters: {'rho_e': 0.21594540925527278, 'rho_d': 8.370123946209209e-05, 'nu': 36, 'sigma': 1.0}. Best is trial 20 with value: 0.06637291237267723.
[I 2026-08-16 13:08:06,070] Trial 110 finished with value: 0.07304939904436247 and parameters: {'rho_e': 0.14819950104446306, 'rho_d': 0.0005069828942744521, 'nu': 36, 'sigma': 0.7221414005493206}. Best is trial 20 with value: 0.06637291237267723.
[I 2026-08-16 13:08:59,155] Trial 111 finished with value: 0.06653057683742 and parameters: {'rho_e': 0.1311477261580904, 'rho_d': 1e-05, 'nu': 2, 'sigma': 0.4603177202992491}. Best is trial 20 with value: 0.06637291237267723.
[I 2026-08-16 13:09:52,002] Trial 112 finished with value: 0.06678183087801241 and parameters: {'rho_e': 0.1513681729423472, 'rho_d': 5.7353278678419416e-05, 'nu': 2, 'sigma': 0.4688864696830909}. Best is trial 20 with value: 0.06637291237267723.
[I 2026-08-16 13:10:44,777] Trial 113 finished with value: 0.06780252051429808 and parameters: {'rho_e': 0.09479759713249249, 'rho_d': 1e-05, 'nu': 8, 'sigma': 0.4044068303792727}. Best is trial 20 with value: 0.06637291237267723.
[I 2026-08-16 13:11:37,459] Trial 114 finished with value: 0.0682667884180857 and parameters: {'rho_e': 0.23418530284399874, 'rho_d': 1e-05, 'nu': 2, 'sigma': 0.5670113240245633}. Best is trial 20 with value: 0.06637291237267723.
[I 2026-08-16 13:12:30,158] Trial 115 finished with value: 0.06575625904379476 and parameters: {'rho_e': 0.09512564754577302, 'rho_d': 1e-05, 'nu': 2, 'sigma': 0.37060526999914817}. Best is trial 115 with value: 0.06575625904379476.
[I 2026-08-16 13:13:22,889] Trial 116 finished with value: 0.06715269295729945 and parameters: {'rho_e': 0.10836722670064713, 'rho_d': 1e-05, 'nu': 2, 'sigma': 0.32917242266448143}. Best is trial 115 with value: 0.06575625904379476.
[I 2026-08-16 13:14:16,032] Trial 117 finished with value: 0.06731376912381223 and parameters: {'rho_e': 0.05738578245675675, 'rho_d': 1e-05, 'nu': 2, 'sigma': 0.3959298839544643}. Best is trial 115 with value: 0.06575625904379476.
[I 2026-08-16 13:15:08,907] Trial 118 finished with value: 0.07128185566808035 and parameters: {'rho_e': 0.04705883262412042, 'rho_d': 1e-05, 'nu': 36, 'sigma': 0.31912717658337536}. Best is trial 115 with value: 0.06575625904379476.
[I 2026-08-16 13:16:01,445] Trial 119 finished with value: 0.08632287782253009 and parameters: {'rho_e': 0.0016363460989094836, 'rho_d': 1e-05, 'nu': 36, 'sigma': 0.0}. Best is trial 115 with value: 0.06575625904379476.
[I 2026-08-16 13:16:53,925] Trial 120 finished with value: 0.07476158181104099 and parameters: {'rho_e': 0.16360613391385348, 'rho_d': 1e-05, 'nu': 36, 'sigma': 0.6418695390551348}. Best is trial 115 with value: 0.06575625904379476.
[I 2026-08-16 13:17:46,505] Trial 121 finished with value: 0.07069108951187253 and parameters: {'rho_e': 0.04065062123859689, 'rho_d': 8.130898902239607e-05, 'nu': 21, 'sigma': 0.2527142694899262}. Best is trial 115 with value: 0.06575625904379476.
[I 2026-08-16 13:18:39,002] Trial 122 finished with value: 0.08683094208187336 and parameters: {'rho_e': 21.770269564358163, 'rho_d': 1000.0, 'nu': 2, 'sigma': 1.0}. Best is trial 115 with value: 0.06575625904379476.
[I 2026-08-16 13:19:31,802] Trial 123 finished with value: 0.08032682347444392 and parameters: {'rho_e': 1e-05, 'rho_d': 1e-05, 'nu': 2, 'sigma': 0.22795578151863644}. Best is trial 115 with value: 0.06575625904379476.
[I 2026-08-16 13:20:24,231] Trial 124 finished with value: 0.06722481212961855 and parameters: {'rho_e': 0.1622461194398457, 'rho_d': 1e-05, 'nu': 2, 'sigma': 0.4195515714167648}. Best is trial 115 with value: 0.06575625904379476.
[I 2026-08-16 13:21:16,741] Trial 125 finished with value: 0.08640503978296232 and parameters: {'rho_e': 1e-05, 'rho_d': 1e-05, 'nu': 36, 'sigma': 0.0}. Best is trial 115 with value: 0.06575625904379476.
[I 2026-08-16 13:22:09,080] Trial 126 finished with value: 0.06961336593657833 and parameters: {'rho_e': 0.1767244161985181, 'rho_d': 0.00035146351634567926, 'nu': 2, 'sigma': 0.5917255909619661}. Best is trial 115 with value: 0.06575625904379476.
[I 2026-08-16 13:23:01,571] Trial 127 finished with value: 0.07740506447101411 and parameters: {'rho_e': 1.8250667272290666, 'rho_d': 1000.0, 'nu': 36, 'sigma': 1.0}. Best is trial 115 with value: 0.06575625904379476.
[I 2026-08-16 13:23:53,979] Trial 128 finished with value: 0.09022753642932646 and parameters: {'rho_e': 1e-05, 'rho_d': 1e-05, 'nu': 36, 'sigma': 1.0}. Best is trial 115 with value: 0.06575625904379476.
[I 2026-08-16 13:24:46,383] Trial 129 finished with value: 0.06689130775129914 and parameters: {'rho_e': 0.13235440777995475, 'rho_d': 0.0026777775668927035, 'nu': 2, 'sigma': 0.41812487524352193}. Best is trial 115 with value: 0.06575625904379476.
[I 2026-08-16 13:25:38,776] Trial 130 finished with value: 0.06577447819805894 and parameters: {'rho_e': 0.09597956522484669, 'rho_d': 2.7523779058998885e-05, 'nu': 2, 'sigma': 0.3931937537920918}. Best is trial 115 with value: 0.06575625904379476.
[I 2026-08-16 13:26:31,158] Trial 131 finished with value: 0.06577973769956187 and parameters: {'rho_e': 0.09589337152541151, 'rho_d': 2.6658436918395518e-05, 'nu': 2, 'sigma': 0.3942113698650014}. Best is trial 115 with value: 0.06575625904379476.
[I 2026-08-16 13:27:23,609] Trial 132 finished with value: 0.06566200930461134 and parameters: {'rho_e': 0.0952946431124322, 'rho_d': 2.5015954924128124e-05, 'nu': 2, 'sigma': 0.39608768900556307}. Best is trial 132 with value: 0.06566200930461134.
[I 2026-08-16 13:28:16,033] Trial 133 finished with value: 0.0716264912944476 and parameters: {'rho_e': 0.04134259206488172, 'rho_d': 0.0003113872968740231, 'nu': 36, 'sigma': 0.278112572644748}. Best is trial 132 with value: 0.06566200930461134.
[I 2026-08-16 13:29:08,442] Trial 134 finished with value: 0.06590391836248864 and parameters: {'rho_e': 0.09438953809383471, 'rho_d': 2.36622849688121e-05, 'nu': 2, 'sigma': 0.39972692959840805}. Best is trial 132 with value: 0.06566200930461134.
[I 2026-08-16 13:30:00,894] Trial 135 finished with value: 0.0697465047330536 and parameters: {'rho_e': 0.7325734727762079, 'rho_d': 161.71753824496975, 'nu': 2, 'sigma': 0.2690014807227385}. Best is trial 132 with value: 0.06566200930461134.
[I 2026-08-16 13:30:53,315] Trial 136 finished with value: 0.06684199929977844 and parameters: {'rho_e': 0.0536655726519156, 'rho_d': 0.00024097394400630584, 'nu': 2, 'sigma': 0.19965482567748108}. Best is trial 132 with value: 0.06566200930461134.
[I 2026-08-16 13:31:45,787] Trial 137 finished with value: 0.06631877799392162 and parameters: {'rho_e': 0.0834886558097134, 'rho_d': 0.0008719080043603429, 'nu': 2, 'sigma': 0.30607550682186274}. Best is trial 132 with value: 0.06566200930461134.
[I 2026-08-16 13:32:37,919] Trial 138 finished with value: 0.075781764859114 and parameters: {'rho_e': 0.024115743710918406, 'rho_d': 0.00021581994855318618, 'nu': 2, 'sigma': 0.0}. Best is trial 132 with value: 0.06566200930461134.
[I 2026-08-16 13:33:30,539] Trial 139 finished with value: 0.06673805242909212 and parameters: {'rho_e': 0.06870933385215856, 'rho_d': 5.79327304644493e-05, 'nu': 2, 'sigma': 0.2724655403843332}. Best is trial 132 with value: 0.06566200930461134.
[I 2026-08-16 13:34:22,951] Trial 140 finished with value: 0.07855068569648084 and parameters: {'rho_e': 0.4087452725486136, 'rho_d': 1000.0, 'nu': 2, 'sigma': 0.06961422469730154}. Best is trial 132 with value: 0.06566200930461134.
[I 2026-08-16 13:35:15,561] Trial 141 finished with value: 0.06606154836441194 and parameters: {'rho_e': 0.09593326850777388, 'rho_d': 1.8587508097097782e-05, 'nu': 2, 'sigma': 0.4112799604434764}. Best is trial 132 with value: 0.06566200930461134.
[I 2026-08-16 13:36:08,124] Trial 142 finished with value: 0.11843302031155495 and parameters: {'rho_e': 1000.0, 'rho_d': 1000.0, 'nu': 36, 'sigma': 0.0}. Best is trial 132 with value: 0.06566200930461134.
[I 2026-08-16 13:37:00,897] Trial 143 finished with value: 0.07118506131703768 and parameters: {'rho_e': 3.5189209611351924, 'rho_d': 1000.0, 'nu': 36, 'sigma': 0.21242864443983503}. Best is trial 132 with value: 0.06566200930461134.
[I 2026-08-16 13:37:53,215] Trial 144 finished with value: 0.09171575090616571 and parameters: {'rho_e': 1000.0, 'rho_d': 1000.0, 'nu': 36, 'sigma': 0.9999999999999999}. Best is trial 132 with value: 0.06566200930461134.
[I 2026-08-16 13:38:45,685] Trial 145 finished with value: 0.07711630471381174 and parameters: {'rho_e': 3.1814757687920925, 'rho_d': 1000.0, 'nu': 2, 'sigma': 0.5694656095875028}. Best is trial 132 with value: 0.06566200930461134.
[I 2026-08-16 13:39:37,790] Trial 146 finished with value: 0.06868679932710325 and parameters: {'rho_e': 0.40708409423324715, 'rho_d': 0.005387489790650925, 'nu': 2, 'sigma': 0.5163216417096219}. Best is trial 132 with value: 0.06566200930461134.
[I 2026-08-16 13:40:30,271] Trial 147 finished with value: 0.07283423776123518 and parameters: {'rho_e': 0.06466743839976746, 'rho_d': 1e-05, 'nu': 36, 'sigma': 1.0}. Best is trial 132 with value: 0.06566200930461134.
[I 2026-08-16 13:41:23,665] Trial 148 finished with value: 0.06585738165010958 and parameters: {'rho_e': 0.08621250067495749, 'rho_d': 2.327630591489813e-05, 'nu': 2, 'sigma': 0.3695513129128064}. Best is trial 132 with value: 0.06566200930461134.
[I 2026-08-16 13:42:16,113] Trial 149 finished with value: 0.0840909628794297 and parameters: {'rho_e': 0.1292884190523341, 'rho_d': 1e-05, 'nu': 36, 'sigma': 0.02456594109545845}. Best is trial 132 with value: 0.06566200930461134.
[I 2026-08-16 13:43:08,632] Trial 150 finished with value: 0.0742512782299749 and parameters: {'rho_e': 1.7501101666149987, 'rho_d': 79.15861850876567, 'nu': 36, 'sigma': 0.1311154603514486}. Best is trial 132 with value: 0.06566200930461134.
[I 2026-08-16 13:44:01,573] Trial 151 finished with value: 0.077376569615871 and parameters: {'rho_e': 0.010595878193998477, 'rho_d': 1e-05, 'nu': 36, 'sigma': 0.2998532993966622}. Best is trial 132 with value: 0.06566200930461134.
[I 2026-08-16 13:44:54,705] Trial 152 finished with value: 0.06632115163302535 and parameters: {'rho_e': 0.06825934759891425, 'rho_d': 0.00031482341547836286, 'nu': 2, 'sigma': 0.29282981990088136}. Best is trial 132 with value: 0.06566200930461134.
[I 2026-08-16 13:45:47,167] Trial 153 finished with value: 0.0865665113866779 and parameters: {'rho_e': 1000.0, 'rho_d': 1000.0, 'nu': 2, 'sigma': 0.6698445296905713}. Best is trial 132 with value: 0.06566200930461134.
[I 2026-08-16 13:46:39,666] Trial 154 finished with value: 0.0864048733861893 and parameters: {'rho_e': 0.00016797914111073184, 'rho_d': 1e-05, 'nu': 2, 'sigma': 0.0}. Best is trial 132 with value: 0.06566200930461134.
[I 2026-08-16 13:47:32,217] Trial 155 finished with value: 0.08675400631053104 and parameters: {'rho_e': 0.9365870224241563, 'rho_d': 1e-05, 'nu': 2, 'sigma': 1.0}. Best is trial 132 with value: 0.06566200930461134.
[I 2026-08-16 13:48:24,795] Trial 156 finished with value: 0.06552346104189419 and parameters: {'rho_e': 0.08432829336682145, 'rho_d': 2.0233878309645897e-05, 'nu': 2, 'sigma': 0.3691309928684706}. Best is trial 156 with value: 0.06552346104189419.
[I 2026-08-16 13:49:17,290] Trial 157 finished with value: 0.07075457545862675 and parameters: {'rho_e': 0.43034502265917657, 'rho_d': 24.650839882566686, 'nu': 2, 'sigma': 0.21404608702803596}. Best is trial 156 with value: 0.06552346104189419.
[I 2026-08-16 13:50:09,916] Trial 158 finished with value: 0.10566851559416324 and parameters: {'rho_e': 1e-05, 'rho_d': 1e-05, 'nu': 2, 'sigma': 1.0}. Best is trial 156 with value: 0.06552346104189419.
[I 2026-08-16 13:51:02,533] Trial 159 finished with value: 0.08300186161358149 and parameters: {'rho_e': 1e-05, 'rho_d': 1e-05, 'nu': 36, 'sigma': 0.44681064348127586}. Best is trial 156 with value: 0.06552346104189419.
[I 2026-08-16 13:51:55,130] Trial 160 finished with value: 0.07165119193859562 and parameters: {'rho_e': 0.6681392786067725, 'rho_d': 48.009072700794974, 'nu': 12, 'sigma': 0.3361621714339805}. Best is trial 156 with value: 0.06552346104189419.
[I 2026-08-16 13:52:47,773] Trial 161 finished with value: 0.07651736053486305 and parameters: {'rho_e': 0.021419100593749595, 'rho_d': 0.0006963918763027221, 'nu': 36, 'sigma': 0.0}. Best is trial 156 with value: 0.06552346104189419.
[I 2026-08-16 13:53:40,495] Trial 162 finished with value: 0.06644302239888897 and parameters: {'rho_e': 0.04385988459404695, 'rho_d': 0.0006729649704724965, 'nu': 2, 'sigma': 0.257130622674988}. Best is trial 156 with value: 0.06552346104189419.
[I 2026-08-16 13:54:33,180] Trial 163 finished with value: 0.06804893736245278 and parameters: {'rho_e': 0.03124658451936238, 'rho_d': 0.00015045566769647487, 'nu': 2, 'sigma': 0.2227590694028219}. Best is trial 156 with value: 0.06552346104189419.
[I 2026-08-16 13:55:25,817] Trial 164 finished with value: 0.0731779011801032 and parameters: {'rho_e': 1.7693561715566894, 'rho_d': 999.999999999998, 'nu': 36, 'sigma': 0.6446739031011467}. Best is trial 156 with value: 0.06552346104189419.
[I 2026-08-16 13:56:18,497] Trial 165 finished with value: 0.06917249898497432 and parameters: {'rho_e': 0.16871711382796967, 'rho_d': 0.0033516211422585404, 'nu': 11, 'sigma': 0.5143315681014828}. Best is trial 156 with value: 0.06552346104189419.
[I 2026-08-16 13:57:11,377] Trial 166 finished with value: 0.06580288102975944 and parameters: {'rho_e': 0.07366169603672375, 'rho_d': 1.9775432384488314e-05, 'nu': 2, 'sigma': 0.34220799412297653}. Best is trial 156 with value: 0.06552346104189419.
[I 2026-08-16 13:58:04,308] Trial 167 finished with value: 0.09383986240390373 and parameters: {'rho_e': 999.999999999998, 'rho_d': 1e-05, 'nu': 36, 'sigma': 1.0}. Best is trial 156 with value: 0.06552346104189419.
[I 2026-08-16 13:58:57,369] Trial 168 finished with value: 0.09385282431060452 and parameters: {'rho_e': 1e-05, 'rho_d': 1000.0, 'nu': 36, 'sigma': 0.0}. Best is trial 156 with value: 0.06552346104189419.
[I 2026-08-16 13:59:50,493] Trial 169 finished with value: 0.06923317214806742 and parameters: {'rho_e': 0.14641355274505152, 'rho_d': 0.010234017672031314, 'nu': 2, 'sigma': 0.5571607713576935}. Best is trial 156 with value: 0.06552346104189419.
[I 2026-08-16 14:00:43,838] Trial 170 finished with value: 0.0745210054683686 and parameters: {'rho_e': 20.234500136056326, 'rho_d': 1000.0, 'nu': 36, 'sigma': 1.0}. Best is trial 156 with value: 0.06552346104189419.
[I 2026-08-16 14:01:37,244] Trial 171 finished with value: 0.07277761646167066 and parameters: {'rho_e': 0.2202696037640866, 'rho_d': 0.00649163657183526, 'nu': 36, 'sigma': 1.0}. Best is trial 156 with value: 0.06552346104189419.
[I 2026-08-16 14:02:30,673] Trial 172 finished with value: 0.06775262590254597 and parameters: {'rho_e': 0.05792425742471836, 'rho_d': 0.000703037625327336, 'nu': 8, 'sigma': 0.2536059916665665}. Best is trial 156 with value: 0.06552346104189419.
[I 2026-08-16 14:03:24,245] Trial 173 finished with value: 0.07371001447397449 and parameters: {'rho_e': 7.68777047851922, 'rho_d': 1000.0, 'nu': 29, 'sigma': 0.7673985875941579}. Best is trial 156 with value: 0.06552346104189419.
[I 2026-08-16 14:04:17,931] Trial 174 finished with value: 0.11546919839238748 and parameters: {'rho_e': 1000.0, 'rho_d': 1e-05, 'nu': 2, 'sigma': 0.0}. Best is trial 156 with value: 0.06552346104189419.
[I 2026-08-16 14:05:11,678] Trial 175 finished with value: 0.0659589223340457 and parameters: {'rho_e': 0.0860888178535699, 'rho_d': 3.456144921006955e-05, 'nu': 2, 'sigma': 0.3630729984588947}. Best is trial 156 with value: 0.06552346104189419.
[I 2026-08-16 14:06:05,488] Trial 176 finished with value: 0.06580300819953802 and parameters: {'rho_e': 0.054977694268261795, 'rho_d': 1e-05, 'nu': 2, 'sigma': 0.27354066571785773}. Best is trial 156 with value: 0.06552346104189419.
[I 2026-08-16 14:06:59,193] Trial 177 finished with value: 0.09384985967909101 and parameters: {'rho_e': 0.0017639846398398234, 'rho_d': 1000.0, 'nu': 36, 'sigma': 0.0}. Best is trial 156 with value: 0.06552346104189419.
[I 2026-08-16 14:07:52,871] Trial 178 finished with value: 0.07117900442075346 and parameters: {'rho_e': 0.07259524836015144, 'rho_d': 9.289674592750141e-05, 'nu': 36, 'sigma': 0.4520415486767888}. Best is trial 156 with value: 0.06552346104189419.
[I 2026-08-16 14:08:46,514] Trial 179 finished with value: 0.06608014181676489 and parameters: {'rho_e': 0.06394668488648628, 'rho_d': 1.4501606224107567e-05, 'nu': 2, 'sigma': 0.3137246095091846}. Best is trial 156 with value: 0.06552346104189419.
[I 2026-08-16 14:09:39,982] Trial 180 finished with value: 0.06693846841409518 and parameters: {'rho_e': 0.054143261506374975, 'rho_d': 1e-05, 'nu': 2, 'sigma': 0.19650486078723906}. Best is trial 156 with value: 0.06552346104189419.
