/home/gterren/dynamic_update/functional_forecast_dynamic_update/scripts/validate_zone_ffc_mpi.py:673: ExperimentalWarning: GPSampler is experimental (supported from v3.6.0). The interface can change in the future.
  sampler=GPSampler(seed=SEED, n_startup_trials=0)
[I 2026-08-17 09:15:54,495] A new study created in memory with name: no-name-4b0671a8-b970-4e95-b709-191402a6e0fb
[I 2026-08-17 09:16:47,541] Trial 0 finished with value: 0.09206550997406693 and parameters: {'rho_e': 5.247681245641926, 'rho_d': 0.0006125078384803686, 'nu': 29, 'sigma': 0.3795701963755878}. Best is trial 0 with value: 0.09206550997406693.
[I 2026-08-17 09:17:41,026] Trial 1 finished with value: 0.10471651092163645 and parameters: {'rho_e': 1.1168655667755443e-05, 'rho_d': 27.27529060935579, 'nu': 7, 'sigma': 0.9848847747229966}. Best is trial 0 with value: 0.09206550997406693.
[I 2026-08-17 09:18:35,065] Trial 2 finished with value: 0.07022396676110768 and parameters: {'rho_e': 0.028592057169474067, 'rho_d': 2.0676146559541318e-05, 'nu': 24, 'sigma': 0.02896676626850926}. Best is trial 2 with value: 0.07022396676110768.
[I 2026-08-17 09:19:28,413] Trial 3 finished with value: 0.07845221590185036 and parameters: {'rho_e': 0.7479111353598896, 'rho_d': 0.20326502899529134, 'nu': 17, 'sigma': 0.5834774192105489}. Best is trial 2 with value: 0.07022396676110768.
[I 2026-08-17 09:20:21,881] Trial 4 finished with value: 0.09049235475998796 and parameters: {'rho_e': 231.80424018888363, 'rho_d': 0.005218081939306516, 'nu': 28, 'sigma': 0.6033532862982331}. Best is trial 2 with value: 0.07022396676110768.
[I 2026-08-17 09:21:14,568] Trial 5 finished with value: 0.07803576763294573 and parameters: {'rho_e': 0.0009807086411315613, 'rho_d': 0.022784337771851695, 'nu': 21, 'sigma': 0.08403766638211563}. Best is trial 2 with value: 0.07022396676110768.
[I 2026-08-17 09:22:07,079] Trial 6 finished with value: 0.06988786732024643 and parameters: {'rho_e': 0.036005368274231446, 'rho_d': 4.1916385549526356e-05, 'nu': 24, 'sigma': 0.5067692596436605}. Best is trial 6 with value: 0.06988786732024643.
[I 2026-08-17 09:22:58,833] Trial 7 finished with value: 0.08551730810139227 and parameters: {'rho_e': 0.00026518004093903645, 'rho_d': 0.23164412027334574, 'nu': 34, 'sigma': 0.7240641925210752}. Best is trial 6 with value: 0.06988786732024643.
[I 2026-08-17 09:23:51,231] Trial 8 finished with value: 0.06660194950333381 and parameters: {'rho_e': 0.27725636951893434, 'rho_d': 0.00010319877183866505, 'nu': 17, 'sigma': 0.9152240755069856}. Best is trial 8 with value: 0.06660194950333381.
[I 2026-08-17 09:24:42,529] Trial 9 finished with value: 0.07934490457174118 and parameters: {'rho_e': 0.01423166587603266, 'rho_d': 0.00011529344411553688, 'nu': 20, 'sigma': 0.9280204851159674}. Best is trial 8 with value: 0.06660194950333381.
[I 2026-08-17 09:25:34,007] Trial 10 finished with value: 0.07855018711371502 and parameters: {'rho_e': 0.022032508530684204, 'rho_d': 0.4284717545071544, 'nu': 22, 'sigma': 0.3349870907962873}. Best is trial 8 with value: 0.06660194950333381.
[I 2026-08-17 09:26:26,206] Trial 11 finished with value: 0.08619571990635275 and parameters: {'rho_e': 795.5571493780449, 'rho_d': 0.043915784149457515, 'nu': 21, 'sigma': 0.8652698130290851}. Best is trial 8 with value: 0.06660194950333381.
[I 2026-08-17 09:27:17,353] Trial 12 finished with value: 0.09144726960572176 and parameters: {'rho_e': 100.11456606005416, 'rho_d': 0.2874155831385556, 'nu': 36, 'sigma': 0.6578018459999071}. Best is trial 8 with value: 0.06660194950333381.
[I 2026-08-17 09:28:09,601] Trial 13 finished with value: 0.08282977340035995 and parameters: {'rho_e': 1.8134375510868903, 'rho_d': 2.559477715928666e-05, 'nu': 12, 'sigma': 0.30657608164097483}. Best is trial 8 with value: 0.06660194950333381.
[I 2026-08-17 09:29:02,239] Trial 14 finished with value: 0.09008099674694353 and parameters: {'rho_e': 2.222290554011899e-05, 'rho_d': 83.21587806792193, 'nu': 16, 'sigma': 0.1855001582871715}. Best is trial 8 with value: 0.06660194950333381.
[I 2026-08-17 09:29:54,882] Trial 15 finished with value: 0.08910793845522741 and parameters: {'rho_e': 13.633504765968414, 'rho_d': 0.05044240784110283, 'nu': 27, 'sigma': 0.6496820521728937}. Best is trial 8 with value: 0.06660194950333381.
[I 2026-08-17 09:30:47,324] Trial 16 finished with value: 0.08045623668386956 and parameters: {'rho_e': 3.6196093592116867, 'rho_d': 3.0755560961550574, 'nu': 26, 'sigma': 0.9013482074062696}. Best is trial 8 with value: 0.06660194950333381.
[I 2026-08-17 09:31:39,197] Trial 17 finished with value: 0.09027011100413729 and parameters: {'rho_e': 36.28800484925105, 'rho_d': 0.002353591384247565, 'nu': 31, 'sigma': 0.6611477877746437}. Best is trial 8 with value: 0.06660194950333381.
[I 2026-08-17 09:32:31,159] Trial 18 finished with value: 0.08691614116980287 and parameters: {'rho_e': 0.00922108093433046, 'rho_d': 2.5576579082867354, 'nu': 32, 'sigma': 0.9333397295805703}. Best is trial 8 with value: 0.06660194950333381.
[I 2026-08-17 09:33:23,814] Trial 19 finished with value: 0.08381580399426616 and parameters: {'rho_e': 0.012963656078688183, 'rho_d': 3.975488321663502, 'nu': 19, 'sigma': 0.14401367247559793}. Best is trial 8 with value: 0.06660194950333381.
[I 2026-08-17 09:34:15,593] Trial 20 finished with value: 0.0609252686420511 and parameters: {'rho_e': 0.08508849505942263, 'rho_d': 0.0004657746427047275, 'nu': 3, 'sigma': 0.3834852211237792}. Best is trial 20 with value: 0.0609252686420511.
[I 2026-08-17 09:35:07,162] Trial 21 finished with value: 0.07837394375053797 and parameters: {'rho_e': 213.17386886907664, 'rho_d': 1.0419418059297488e-05, 'nu': 5, 'sigma': 0.8279037871360151}. Best is trial 20 with value: 0.0609252686420511.
[I 2026-08-17 09:35:57,990] Trial 22 finished with value: 0.09784183174133049 and parameters: {'rho_e': 27.25890883737297, 'rho_d': 2.3974230056991935e-05, 'nu': 34, 'sigma': 0.19161085064663394}. Best is trial 20 with value: 0.0609252686420511.
[I 2026-08-17 09:36:49,287] Trial 23 finished with value: 0.08345408629207468 and parameters: {'rho_e': 483.9361161393797, 'rho_d': 0.5835716528813517, 'nu': 11, 'sigma': 0.5500663547012238}. Best is trial 20 with value: 0.0609252686420511.
[I 2026-08-17 09:37:40,514] Trial 24 finished with value: 0.07870937219829251 and parameters: {'rho_e': 16.36533718821968, 'rho_d': 0.0011749515767803334, 'nu': 7, 'sigma': 0.8852864794112243}. Best is trial 20 with value: 0.0609252686420511.
[I 2026-08-17 09:38:32,322] Trial 25 finished with value: 0.09019511262972457 and parameters: {'rho_e': 66.69123804971512, 'rho_d': 0.0018912956298194855, 'nu': 19, 'sigma': 0.3962667004532965}. Best is trial 20 with value: 0.0609252686420511.
[I 2026-08-17 09:39:24,008] Trial 26 finished with value: 0.09354481023930952 and parameters: {'rho_e': 6.111381769147065e-05, 'rho_d': 947.1137140159173, 'nu': 15, 'sigma': 0.16647968493166312}. Best is trial 20 with value: 0.0609252686420511.
[I 2026-08-17 09:40:15,791] Trial 27 finished with value: 0.08169643346857414 and parameters: {'rho_e': 0.16876640503802764, 'rho_d': 178.70319952648444, 'nu': 14, 'sigma': 0.264334174991917}. Best is trial 20 with value: 0.0609252686420511.
[I 2026-08-17 09:41:07,528] Trial 28 finished with value: 0.07795725964452582 and parameters: {'rho_e': 0.0006430551561949669, 'rho_d': 0.008108540907046644, 'nu': 8, 'sigma': 0.011643309872168639}. Best is trial 20 with value: 0.0609252686420511.
[I 2026-08-17 09:41:59,322] Trial 29 finished with value: 0.08205205012556209 and parameters: {'rho_e': 20.68549399809872, 'rho_d': 6.208493606697881e-05, 'nu': 6, 'sigma': 0.49297810302888506}. Best is trial 20 with value: 0.0609252686420511.
[I 2026-08-17 09:42:50,622] Trial 30 finished with value: 0.06745881841458572 and parameters: {'rho_e': 0.5503008761489823, 'rho_d': 0.00035460685438498674, 'nu': 12, 'sigma': 0.5927337512843323}. Best is trial 20 with value: 0.0609252686420511.
[I 2026-08-17 09:43:42,298] Trial 31 finished with value: 0.0862682270511726 and parameters: {'rho_e': 2.407237909130099, 'rho_d': 1.227917596884686, 'nu': 29, 'sigma': 0.6269036603608881}. Best is trial 20 with value: 0.0609252686420511.
[I 2026-08-17 09:44:33,206] Trial 32 finished with value: 0.08543765642471676 and parameters: {'rho_e': 0.1261435470443532, 'rho_d': 9.309796040045958, 'nu': 10, 'sigma': 0.9445670996269848}. Best is trial 20 with value: 0.0609252686420511.
[I 2026-08-17 09:45:24,912] Trial 33 finished with value: 0.09565163022317745 and parameters: {'rho_e': 0.0030617796127663565, 'rho_d': 18.48684316064251, 'nu': 12, 'sigma': 0.7862661790666224}. Best is trial 20 with value: 0.0609252686420511.
[I 2026-08-17 09:46:16,747] Trial 34 finished with value: 0.08555139527542478 and parameters: {'rho_e': 0.0002981602491602183, 'rho_d': 0.1568097215073345, 'nu': 26, 'sigma': 0.6830531346985167}. Best is trial 20 with value: 0.0609252686420511.
[I 2026-08-17 09:47:08,594] Trial 35 finished with value: 0.08741150142706477 and parameters: {'rho_e': 7.122639000162669, 'rho_d': 0.0002485141785324131, 'nu': 25, 'sigma': 0.7552634073760089}. Best is trial 20 with value: 0.0609252686420511.
[I 2026-08-17 09:47:59,885] Trial 36 finished with value: 0.09087271311483712 and parameters: {'rho_e': 6.070887616647406, 'rho_d': 8.073077894538509e-05, 'nu': 23, 'sigma': 0.3698869968472051}. Best is trial 20 with value: 0.0609252686420511.
[I 2026-08-17 09:48:51,506] Trial 37 finished with value: 0.09905515182857536 and parameters: {'rho_e': 0.0017704513801971057, 'rho_d': 13.819627874017986, 'nu': 9, 'sigma': 0.8788896774908486}. Best is trial 20 with value: 0.0609252686420511.
[I 2026-08-17 09:49:42,324] Trial 38 finished with value: 0.08175991645213711 and parameters: {'rho_e': 0.0004493563739316998, 'rho_d': 1.3278934547351234e-05, 'nu': 27, 'sigma': 0.7364559240056235}. Best is trial 20 with value: 0.0609252686420511.
[I 2026-08-17 09:50:34,064] Trial 39 finished with value: 0.07128569163261764 and parameters: {'rho_e': 0.18500597043299424, 'rho_d': 0.011208642176318732, 'nu': 23, 'sigma': 0.10422088083378028}. Best is trial 20 with value: 0.0609252686420511.
[I 2026-08-17 09:51:25,785] Trial 40 finished with value: 0.08126111698588162 and parameters: {'rho_e': 0.004295152831629358, 'rho_d': 0.015474971618419537, 'nu': 30, 'sigma': 0.6913034118900789}. Best is trial 20 with value: 0.0609252686420511.
[I 2026-08-17 09:52:17,576] Trial 41 finished with value: 0.09284762451916989 and parameters: {'rho_e': 123.35097072962604, 'rho_d': 0.0009696360751368713, 'nu': 18, 'sigma': 0.2715262684703847}. Best is trial 20 with value: 0.0609252686420511.
[I 2026-08-17 09:53:09,357] Trial 42 finished with value: 0.07631412616253508 and parameters: {'rho_e': 0.39205772204033107, 'rho_d': 0.03732022931578132, 'nu': 13, 'sigma': 0.11969271619988292}. Best is trial 20 with value: 0.0609252686420511.
[I 2026-08-17 09:54:01,142] Trial 43 finished with value: 0.08724058787073377 and parameters: {'rho_e': 2.7876453726277834e-05, 'rho_d': 6.501723024785589, 'nu': 30, 'sigma': 0.4282965502231063}. Best is trial 20 with value: 0.0609252686420511.
[I 2026-08-17 09:54:52,823] Trial 44 finished with value: 0.08140199055696301 and parameters: {'rho_e': 5.177934130100721e-05, 'rho_d': 0.00019615740582785326, 'nu': 21, 'sigma': 0.6192343287221345}. Best is trial 20 with value: 0.0609252686420511.
[I 2026-08-17 09:55:44,509] Trial 45 finished with value: 0.06647154315699146 and parameters: {'rho_e': 0.06714476444609983, 'rho_d': 7.423622674594495e-05, 'nu': 33, 'sigma': 0.7938775919321376}. Best is trial 20 with value: 0.0609252686420511.
[I 2026-08-17 09:56:36,265] Trial 46 finished with value: 0.08982930156927582 and parameters: {'rho_e': 295.11143897500244, 'rho_d': 7.349589040830128, 'nu': 14, 'sigma': 0.34317320396711304}. Best is trial 20 with value: 0.0609252686420511.
[I 2026-08-17 09:57:27,427] Trial 47 finished with value: 0.08695764388044053 and parameters: {'rho_e': 0.007707150718902386, 'rho_d': 4.618481181283435, 'nu': 20, 'sigma': 0.35084462486805973}. Best is trial 20 with value: 0.0609252686420511.
[I 2026-08-17 09:58:19,161] Trial 48 finished with value: 0.0725251302142114 and parameters: {'rho_e': 23.774349908511628, 'rho_d': 128.72530987220983, 'nu': 10, 'sigma': 0.062057220775538185}. Best is trial 20 with value: 0.0609252686420511.
[I 2026-08-17 09:59:10,910] Trial 49 finished with value: 0.07763592354306639 and parameters: {'rho_e': 4.146337585367703e-05, 'rho_d': 0.0016538038645537794, 'nu': 10, 'sigma': 0.03425434792008899}. Best is trial 20 with value: 0.0609252686420511.
[I 2026-08-17 10:00:02,164] Trial 50 finished with value: 0.0953844355833116 and parameters: {'rho_e': 982.0080085407459, 'rho_d': 3.359663983511556e-05, 'nu': 32, 'sigma': 0.282647647380397}. Best is trial 20 with value: 0.0609252686420511.
[I 2026-08-17 10:00:53,876] Trial 51 finished with value: 0.09508696654163737 and parameters: {'rho_e': 0.026858998583020113, 'rho_d': 578.96759383322, 'nu': 19, 'sigma': 0.436068292006836}. Best is trial 20 with value: 0.0609252686420511.
[I 2026-08-17 10:01:45,651] Trial 52 finished with value: 0.09742407215590683 and parameters: {'rho_e': 0.0007390312563054468, 'rho_d': 54.80623493350293, 'nu': 8, 'sigma': 0.6336826753172522}. Best is trial 20 with value: 0.0609252686420511.
[I 2026-08-17 10:02:37,432] Trial 53 finished with value: 0.07706407419345389 and parameters: {'rho_e': 1.2834130997588183e-05, 'rho_d': 0.005428408638175941, 'nu': 15, 'sigma': 0.04722360523370885}. Best is trial 20 with value: 0.0609252686420511.
[I 2026-08-17 10:03:29,137] Trial 54 finished with value: 0.08620262999117648 and parameters: {'rho_e': 0.002711666077154057, 'rho_d': 5.4536792920918815, 'nu': 32, 'sigma': 0.2485425681637083}. Best is trial 20 with value: 0.0609252686420511.
[I 2026-08-17 10:04:20,784] Trial 55 finished with value: 0.08330501344536408 and parameters: {'rho_e': 11.938095005330396, 'rho_d': 0.3613491675476328, 'nu': 3, 'sigma': 0.4189681041237941}. Best is trial 20 with value: 0.0609252686420511.
[I 2026-08-17 10:05:12,139] Trial 56 finished with value: 0.07419563560548964 and parameters: {'rho_e': 156.46175254268005, 'rho_d': 701.9322158156243, 'nu': 34, 'sigma': 0.529398900038353}. Best is trial 20 with value: 0.0609252686420511.
[I 2026-08-17 10:06:03,911] Trial 57 finished with value: 0.07682886626396165 and parameters: {'rho_e': 0.00011954257909016131, 'rho_d': 0.0012040981904281978, 'nu': 6, 'sigma': 0.20657955901598601}. Best is trial 20 with value: 0.0609252686420511.
[I 2026-08-17 10:06:55,712] Trial 58 finished with value: 0.07096812156160984 and parameters: {'rho_e': 0.041636500441514575, 'rho_d': 0.0026017057622005997, 'nu': 31, 'sigma': 0.974037700044028}. Best is trial 20 with value: 0.0609252686420511.
[I 2026-08-17 10:07:47,483] Trial 59 finished with value: 0.07114501138108753 and parameters: {'rho_e': 9.380510951948738, 'rho_d': 545.2695053982503, 'nu': 33, 'sigma': 0.05325119026758321}. Best is trial 20 with value: 0.0609252686420511.
[I 2026-08-17 10:08:39,189] Trial 60 finished with value: 0.07873305559798333 and parameters: {'rho_e': 1.5503787627960501, 'rho_d': 66.57300774748441, 'nu': 13, 'sigma': 0.8408968542008819}. Best is trial 20 with value: 0.0609252686420511.
[I 2026-08-17 10:09:31,114] Trial 61 finished with value: 0.0818107357542213 and parameters: {'rho_e': 1.1777051813132993, 'rho_d': 0.710602600325068, 'nu': 6, 'sigma': 0.8393784290499045}. Best is trial 20 with value: 0.0609252686420511.
[I 2026-08-17 10:10:23,099] Trial 62 finished with value: 0.08647272543830078 and parameters: {'rho_e': 360.911278032988, 'rho_d': 0.11287917489438408, 'nu': 20, 'sigma': 0.7453575459231517}. Best is trial 20 with value: 0.0609252686420511.
[I 2026-08-17 10:11:14,997] Trial 63 finished with value: 0.09420964276974193 and parameters: {'rho_e': 0.07703627845703925, 'rho_d': 369.0045226778142, 'nu': 5, 'sigma': 0.535987151294908}. Best is trial 20 with value: 0.0609252686420511.
[I 2026-08-17 10:12:06,915] Trial 64 finished with value: 0.08124181853010917 and parameters: {'rho_e': 3.612676234509068e-05, 'rho_d': 0.07257239479288269, 'nu': 9, 'sigma': 0.3251282757455044}. Best is trial 20 with value: 0.0609252686420511.
[I 2026-08-17 10:12:58,934] Trial 65 finished with value: 0.09626477860852382 and parameters: {'rho_e': 4.11275023076696, 'rho_d': 0.00017950911966134757, 'nu': 11, 'sigma': 0.07871906426641836}. Best is trial 20 with value: 0.0609252686420511.
[I 2026-08-17 10:13:51,009] Trial 66 finished with value: 0.08409753368372852 and parameters: {'rho_e': 0.0570118179716726, 'rho_d': 39.712095531018626, 'nu': 22, 'sigma': 0.5409334172350566}. Best is trial 20 with value: 0.0609252686420511.
[I 2026-08-17 10:14:43,195] Trial 67 finished with value: 0.089786981582224 and parameters: {'rho_e': 44.38488067281256, 'rho_d': 21.212028074156173, 'nu': 25, 'sigma': 0.4041160019394654}. Best is trial 20 with value: 0.0609252686420511.
[I 2026-08-17 10:15:35,544] Trial 68 finished with value: 0.0906870516865462 and parameters: {'rho_e': 53.639289240624386, 'rho_d': 0.0038601844299691315, 'nu': 28, 'sigma': 0.5745067158406888}. Best is trial 20 with value: 0.0609252686420511.
[I 2026-08-17 10:16:28,079] Trial 69 finished with value: 0.07980158782907623 and parameters: {'rho_e': 0.0002053390047152492, 'rho_d': 4.612332228500869e-05, 'nu': 25, 'sigma': 0.4533999667514726}. Best is trial 20 with value: 0.0609252686420511.
[I 2026-08-17 10:17:21,047] Trial 70 finished with value: 0.08600288906565885 and parameters: {'rho_e': 0.00017181517469241377, 'rho_d': 11.72236751549136, 'nu': 5, 'sigma': 0.13769462886120942}. Best is trial 20 with value: 0.0609252686420511.
[I 2026-08-17 10:18:14,081] Trial 71 finished with value: 0.10035184358644171 and parameters: {'rho_e': 3.2332858031466016, 'rho_d': 0.010934472359075013, 'nu': 29, 'sigma': 0.008762857561686321}. Best is trial 20 with value: 0.0609252686420511.
[I 2026-08-17 10:19:07,247] Trial 72 finished with value: 0.08230922755754971 and parameters: {'rho_e': 602.730610637277, 'rho_d': 0.0005016405197829267, 'nu': 4, 'sigma': 0.4432746424819022}. Best is trial 20 with value: 0.0609252686420511.
[I 2026-08-17 10:20:00,561] Trial 73 finished with value: 0.07894828296066345 and parameters: {'rho_e': 1.0797094701402827, 'rho_d': 0.03087133272419994, 'nu': 14, 'sigma': 0.3141435781257956}. Best is trial 20 with value: 0.0609252686420511.
[I 2026-08-17 10:20:54,145] Trial 74 finished with value: 0.08799156989012136 and parameters: {'rho_e': 0.0001345531676437762, 'rho_d': 30.277429856267943, 'nu': 11, 'sigma': 0.1734442467619402}. Best is trial 20 with value: 0.0609252686420511.
[I 2026-08-17 10:21:48,262] Trial 75 finished with value: 0.08557856085629723 and parameters: {'rho_e': 0.21427972958712158, 'rho_d': 271.7360752109469, 'nu': 22, 'sigma': 0.767815795802877}. Best is trial 20 with value: 0.0609252686420511.
[I 2026-08-17 10:22:41,567] Trial 76 finished with value: 0.0820973115075672 and parameters: {'rho_e': 9.308393182627046e-05, 'rho_d': 1.5758336834376918, 'nu': 17, 'sigma': 0.09043207658651127}. Best is trial 20 with value: 0.0609252686420511.
[I 2026-08-17 10:23:35,157] Trial 77 finished with value: 0.09499759808439796 and parameters: {'rho_e': 0.005373862093618463, 'rho_d': 279.5225652721376, 'nu': 35, 'sigma': 0.6776004211645973}. Best is trial 20 with value: 0.0609252686420511.
[I 2026-08-17 10:24:27,882] Trial 78 finished with value: 0.08007068337850992 and parameters: {'rho_e': 0.32216160735312793, 'rho_d': 398.13548309282, 'nu': 32, 'sigma': 0.2227778298864175}. Best is trial 20 with value: 0.0609252686420511.
[I 2026-08-17 10:25:20,669] Trial 79 finished with value: 0.09378219198366741 and parameters: {'rho_e': 1.547005953946472e-05, 'rho_d': 50.96729236404503, 'nu': 28, 'sigma': 0.8126884085891242}. Best is trial 20 with value: 0.0609252686420511.
[I 2026-08-17 10:26:13,534] Trial 80 finished with value: 0.07422142680065533 and parameters: {'rho_e': 0.8919331403937769, 'rho_d': 148.85551909921764, 'nu': 16, 'sigma': 0.21701483054648713}. Best is trial 20 with value: 0.0609252686420511.
[I 2026-08-17 10:27:05,774] Trial 81 finished with value: 0.07011394128548977 and parameters: {'rho_e': 0.4704816696259276, 'rho_d': 1.9986848597622138, 'nu': 3, 'sigma': 0.5177800990445658}. Best is trial 20 with value: 0.0609252686420511.
[I 2026-08-17 10:27:58,399] Trial 82 finished with value: 0.09403678707365706 and parameters: {'rho_e': 0.0012113396867950883, 'rho_d': 102.00529244336428, 'nu': 16, 'sigma': 0.46495178418210015}. Best is trial 20 with value: 0.0609252686420511.
[I 2026-08-17 10:28:50,378] Trial 83 finished with value: 0.0825212672673986 and parameters: {'rho_e': 0.0010700178032619617, 'rho_d': 0.09724868359338733, 'nu': 36, 'sigma': 0.5649456751234387}. Best is trial 20 with value: 0.0609252686420511.
[I 2026-08-17 10:29:42,367] Trial 84 finished with value: 0.08884041274580692 and parameters: {'rho_e': 0.0005744346436843673, 'rho_d': 0.02358963994043909, 'nu': 7, 'sigma': 0.999760535050079}. Best is trial 20 with value: 0.0609252686420511.
[I 2026-08-17 10:30:34,429] Trial 85 finished with value: 0.08867151613636745 and parameters: {'rho_e': 1.7655564094680962e-05, 'rho_d': 0.9738897501130936, 'nu': 4, 'sigma': 0.7129303434727572}. Best is trial 20 with value: 0.0609252686420511.
[I 2026-08-17 10:31:26,317] Trial 86 finished with value: 0.09133108983707486 and parameters: {'rho_e': 0.0016887789094121941, 'rho_d': 0.815124328528669, 'nu': 9, 'sigma': 0.8597295544680066}. Best is trial 20 with value: 0.0609252686420511.
[I 2026-08-17 10:32:18,258] Trial 87 finished with value: 0.0936865214725495 and parameters: {'rho_e': 79.22946799771881, 'rho_d': 0.003247906981282341, 'nu': 18, 'sigma': 0.23662250510420801}. Best is trial 20 with value: 0.0609252686420511.
