/home/gterren/dynamic_update/functional_forecast_dynamic_update/scripts/validate_zone_ffc_mpi.py:673: ExperimentalWarning: GPSampler is experimental (supported from v3.6.0). The interface can change in the future.
  sampler=GPSampler(seed=SEED, n_startup_trials=0)
[I 2026-08-17 09:15:42,233] A new study created in memory with name: no-name-cd0eb510-8e1f-4466-a0b2-0abf8f397e17
[I 2026-08-17 09:16:28,966] Trial 0 finished with value: 0.066115602777798 and parameters: {'rho_e': 0.3269036145707431, 'rho_d': 0.0008924503989739542, 'nu': 2, 'sigma': 0.5589802398441411}. Best is trial 0 with value: 0.066115602777798.
[I 2026-08-17 09:17:16,940] Trial 1 finished with value: 0.09621399466348977 and parameters: {'rho_e': 0.00019459711623305662, 'rho_d': 5.722640521209214, 'nu': 13, 'sigma': 0.5672546026273165}. Best is trial 0 with value: 0.066115602777798.
[I 2026-08-17 09:18:04,238] Trial 2 finished with value: 0.09341656884462017 and parameters: {'rho_e': 321.4812758619285, 'rho_d': 4.302510656920417e-05, 'nu': 12, 'sigma': 0.3601623761996074}. Best is trial 0 with value: 0.066115602777798.
[I 2026-08-17 09:18:50,077] Trial 3 finished with value: 0.09518610455818291 and parameters: {'rho_e': 4.3898520061802934e-05, 'rho_d': 0.03830168409239199, 'nu': 3, 'sigma': 0.9115914372285836}. Best is trial 0 with value: 0.066115602777798.
[I 2026-08-17 09:19:34,375] Trial 4 finished with value: 0.08743914636719581 and parameters: {'rho_e': 949.2172066223391, 'rho_d': 0.026109422224811094, 'nu': 26, 'sigma': 0.9260120240556735}. Best is trial 0 with value: 0.066115602777798.
[I 2026-08-17 09:20:19,508] Trial 5 finished with value: 0.09729509642099896 and parameters: {'rho_e': 55.07785948573999, 'rho_d': 1.5152031294533557e-05, 'nu': 2, 'sigma': 0.21277447591768917}. Best is trial 0 with value: 0.066115602777798.
[I 2026-08-17 09:21:06,027] Trial 6 finished with value: 0.08990553836353873 and parameters: {'rho_e': 8.866466816341849e-05, 'rho_d': 7.61325088024623, 'nu': 26, 'sigma': 0.16313090927374585}. Best is trial 0 with value: 0.066115602777798.
[I 2026-08-17 09:21:54,335] Trial 7 finished with value: 0.0942913897457926 and parameters: {'rho_e': 1.7261925851807923e-05, 'rho_d': 5.766907112583324, 'nu': 8, 'sigma': 0.4036048929120764}. Best is trial 0 with value: 0.066115602777798.
[I 2026-08-17 09:22:42,610] Trial 8 finished with value: 0.08037701836239464 and parameters: {'rho_e': 0.0006613143814348048, 'rho_d': 0.0004843159996042769, 'nu': 4, 'sigma': 0.05929980630688328}. Best is trial 0 with value: 0.066115602777798.
[I 2026-08-17 09:23:31,077] Trial 9 finished with value: 0.09805318090313506 and parameters: {'rho_e': 1.542794770823065, 'rho_d': 0.0001051601155778768, 'nu': 29, 'sigma': 0.06124649778519667}. Best is trial 0 with value: 0.066115602777798.
[I 2026-08-17 09:24:18,779] Trial 10 finished with value: 0.0980611763127118 and parameters: {'rho_e': 0.0094884878266438, 'rho_d': 61.123373741526805, 'nu': 23, 'sigma': 0.8096778943389311}. Best is trial 0 with value: 0.066115602777798.
[I 2026-08-17 09:25:07,043] Trial 11 finished with value: 0.08597534001356756 and parameters: {'rho_e': 0.004983867022387237, 'rho_d': 0.7195345772802716, 'nu': 12, 'sigma': 0.30276757880887223}. Best is trial 0 with value: 0.066115602777798.
[I 2026-08-17 09:25:55,641] Trial 12 finished with value: 0.08551708616230572 and parameters: {'rho_e': 0.0018796021094759023, 'rho_d': 0.0038808481514466344, 'nu': 18, 'sigma': 0.43095678898781176}. Best is trial 0 with value: 0.066115602777798.
[I 2026-08-17 09:26:43,880] Trial 13 finished with value: 0.08674385697208348 and parameters: {'rho_e': 1.7655547015118365, 'rho_d': 5.142686056063213e-05, 'nu': 33, 'sigma': 0.6472584614595902}. Best is trial 0 with value: 0.066115602777798.
[I 2026-08-17 09:27:30,604] Trial 14 finished with value: 0.09022761797350476 and parameters: {'rho_e': 0.0015721301687322549, 'rho_d': 0.14451370611208825, 'nu': 29, 'sigma': 0.8847686295789441}. Best is trial 0 with value: 0.066115602777798.
[I 2026-08-17 09:28:19,017] Trial 15 finished with value: 0.08953820860777387 and parameters: {'rho_e': 0.0010736074978672553, 'rho_d': 0.00017517887181672987, 'nu': 14, 'sigma': 0.6547066878649721}. Best is trial 0 with value: 0.066115602777798.
[I 2026-08-17 09:29:07,100] Trial 16 finished with value: 0.08603358274464984 and parameters: {'rho_e': 1.041354975353017, 'rho_d': 0.06018447003063603, 'nu': 14, 'sigma': 0.2839448985622425}. Best is trial 0 with value: 0.066115602777798.
[I 2026-08-17 09:29:54,503] Trial 17 finished with value: 0.10429576236817754 and parameters: {'rho_e': 4.574661102604166, 'rho_d': 0.0021644048058848996, 'nu': 23, 'sigma': 0.11627181049783943}. Best is trial 0 with value: 0.066115602777798.
[I 2026-08-17 09:30:42,522] Trial 18 finished with value: 0.09550738490472295 and parameters: {'rho_e': 2.4872074477158685, 'rho_d': 0.0010015844130510873, 'nu': 33, 'sigma': 0.37218016341710936}. Best is trial 0 with value: 0.066115602777798.
[I 2026-08-17 09:31:30,305] Trial 19 finished with value: 0.10143168403050001 and parameters: {'rho_e': 65.84645259610812, 'rho_d': 9.82662438607537, 'nu': 15, 'sigma': 0.2627584337801529}. Best is trial 0 with value: 0.066115602777798.
[I 2026-08-17 09:32:17,228] Trial 20 finished with value: 0.07412076788154656 and parameters: {'rho_e': 0.07822964531426699, 'rho_d': 0.8639211893531282, 'nu': 26, 'sigma': 0.4186864994625047}. Best is trial 0 with value: 0.066115602777798.
[I 2026-08-17 09:33:04,226] Trial 21 finished with value: 0.08170730967061007 and parameters: {'rho_e': 0.8662159080284164, 'rho_d': 0.0019943914592805614, 'nu': 27, 'sigma': 0.45781709249791797}. Best is trial 0 with value: 0.066115602777798.
[I 2026-08-17 09:33:51,871] Trial 22 finished with value: 0.08998728022121226 and parameters: {'rho_e': 0.017682211067743325, 'rho_d': 1.762014949718825, 'nu': 10, 'sigma': 0.5935464874055492}. Best is trial 0 with value: 0.066115602777798.
[I 2026-08-17 09:34:38,716] Trial 23 finished with value: 0.10233078015843117 and parameters: {'rho_e': 3.679925773076e-05, 'rho_d': 23.98453012214469, 'nu': 17, 'sigma': 0.9609156022633827}. Best is trial 0 with value: 0.066115602777798.
[I 2026-08-17 09:35:26,297] Trial 24 finished with value: 0.09009886665126818 and parameters: {'rho_e': 0.0013378016644002941, 'rho_d': 0.3251386772406152, 'nu': 22, 'sigma': 0.6142287913179536}. Best is trial 0 with value: 0.066115602777798.
[I 2026-08-17 09:36:13,867] Trial 25 finished with value: 0.08589258076414484 and parameters: {'rho_e': 9.513126298049566e-05, 'rho_d': 0.0001254129593580573, 'nu': 17, 'sigma': 0.4282198407451333}. Best is trial 0 with value: 0.066115602777798.
[I 2026-08-17 09:37:00,548] Trial 26 finished with value: 0.07834886960317984 and parameters: {'rho_e': 0.05984570193345419, 'rho_d': 0.0002828514266644551, 'nu': 13, 'sigma': 0.8710282672465114}. Best is trial 0 with value: 0.066115602777798.
[I 2026-08-17 09:37:48,097] Trial 27 finished with value: 0.09195399767312605 and parameters: {'rho_e': 468.4257953002554, 'rho_d': 1.2226077087028292e-05, 'nu': 23, 'sigma': 0.6044786846095609}. Best is trial 0 with value: 0.066115602777798.
[I 2026-08-17 09:38:35,378] Trial 28 finished with value: 0.1098835626589637 and parameters: {'rho_e': 9.794758745867055, 'rho_d': 1.739018971835995e-05, 'nu': 5, 'sigma': 0.023519755783360522}. Best is trial 0 with value: 0.066115602777798.
[I 2026-08-17 09:39:20,361] Trial 29 finished with value: 0.09940905832878438 and parameters: {'rho_e': 396.23136452155177, 'rho_d': 0.0012839635362927584, 'nu': 34, 'sigma': 0.5101047252162753}. Best is trial 0 with value: 0.066115602777798.
[I 2026-08-17 09:40:03,557] Trial 30 finished with value: 0.09434835547072637 and parameters: {'rho_e': 0.0003366699491459107, 'rho_d': 204.4963039743385, 'nu': 32, 'sigma': 0.1493267250032733}. Best is trial 0 with value: 0.066115602777798.
[I 2026-08-17 09:40:47,887] Trial 31 finished with value: 0.07683270625191002 and parameters: {'rho_e': 3.8729577897945755, 'rho_d': 507.6727010671596, 'nu': 19, 'sigma': 0.3524611314107998}. Best is trial 0 with value: 0.066115602777798.
[I 2026-08-17 09:41:34,366] Trial 32 finished with value: 0.08922261359453465 and parameters: {'rho_e': 25.240423080998166, 'rho_d': 0.04024505840237463, 'nu': 22, 'sigma': 0.6878151672772727}. Best is trial 0 with value: 0.066115602777798.
[I 2026-08-17 09:42:21,853] Trial 33 finished with value: 0.07686215548478438 and parameters: {'rho_e': 46.68655128693522, 'rho_d': 89.33226184339398, 'nu': 11, 'sigma': 0.12758460315021433}. Best is trial 0 with value: 0.066115602777798.
[I 2026-08-17 09:43:08,764] Trial 34 finished with value: 0.06447146747343856 and parameters: {'rho_e': 0.09031981370866977, 'rho_d': 0.00353590580052761, 'nu': 3, 'sigma': 0.15528637475144552}. Best is trial 34 with value: 0.06447146747343856.
[I 2026-08-17 09:43:56,255] Trial 35 finished with value: 0.084303993144661 and parameters: {'rho_e': 257.2582546121324, 'rho_d': 264.3352391583821, 'nu': 16, 'sigma': 0.23159987966773632}. Best is trial 34 with value: 0.06447146747343856.
[I 2026-08-17 09:44:43,739] Trial 36 finished with value: 0.10111452845664845 and parameters: {'rho_e': 0.011040115349735419, 'rho_d': 319.94169963542066, 'nu': 27, 'sigma': 0.992582531554602}. Best is trial 34 with value: 0.06447146747343856.
[I 2026-08-17 09:45:30,599] Trial 37 finished with value: 0.08850056116503746 and parameters: {'rho_e': 1.3005438575723007, 'rho_d': 0.01777507065717351, 'nu': 9, 'sigma': 0.19699907291064236}. Best is trial 34 with value: 0.06447146747343856.
[I 2026-08-17 09:46:17,886] Trial 38 finished with value: 0.08526251146384767 and parameters: {'rho_e': 0.006770029807866984, 'rho_d': 1.0453964517455576, 'nu': 32, 'sigma': 0.007867895654915082}. Best is trial 34 with value: 0.06447146747343856.
[I 2026-08-17 09:47:04,262] Trial 39 finished with value: 0.08111402664637965 and parameters: {'rho_e': 3.2653986066294935, 'rho_d': 0.00035918328578407783, 'nu': 11, 'sigma': 0.7117132233162679}. Best is trial 34 with value: 0.06447146747343856.
[I 2026-08-17 09:47:51,532] Trial 40 finished with value: 0.08589977253300064 and parameters: {'rho_e': 0.008384459587850678, 'rho_d': 0.00040208220297865917, 'nu': 24, 'sigma': 0.7413946652411322}. Best is trial 34 with value: 0.06447146747343856.
[I 2026-08-17 09:48:38,760] Trial 41 finished with value: 0.11126853163765443 and parameters: {'rho_e': 12.935242462549164, 'rho_d': 2.4536463769015713, 'nu': 34, 'sigma': 0.03111235605231228}. Best is trial 34 with value: 0.06447146747343856.
[I 2026-08-17 09:49:26,394] Trial 42 finished with value: 0.09050149240353275 and parameters: {'rho_e': 17.351980111290544, 'rho_d': 0.24761264897083934, 'nu': 32, 'sigma': 0.9330852931159648}. Best is trial 34 with value: 0.06447146747343856.
[I 2026-08-17 09:50:14,007] Trial 43 finished with value: 0.10301535789974223 and parameters: {'rho_e': 206.7348794304976, 'rho_d': 100.25810153166229, 'nu': 21, 'sigma': 0.04808111924412399}. Best is trial 34 with value: 0.06447146747343856.
[I 2026-08-17 09:51:01,394] Trial 44 finished with value: 0.10362216420382489 and parameters: {'rho_e': 178.9593730989775, 'rho_d': 0.10721182363435201, 'nu': 34, 'sigma': 0.31572977967490834}. Best is trial 34 with value: 0.06447146747343856.
[I 2026-08-17 09:51:48,483] Trial 45 finished with value: 0.09121243783909812 and parameters: {'rho_e': 0.00017424584549714995, 'rho_d': 25.47175357971929, 'nu': 22, 'sigma': 0.09551575449774102}. Best is trial 34 with value: 0.06447146747343856.
[I 2026-08-17 09:52:35,470] Trial 46 finished with value: 0.08018326526355632 and parameters: {'rho_e': 119.39227513011171, 'rho_d': 8.192784645277967e-05, 'nu': 3, 'sigma': 0.8143690994325316}. Best is trial 34 with value: 0.06447146747343856.
[I 2026-08-17 09:53:22,949] Trial 47 finished with value: 0.07847465990407593 and parameters: {'rho_e': 0.04633293692358927, 'rho_d': 1.3842410574283137, 'nu': 19, 'sigma': 0.18860831631006456}. Best is trial 34 with value: 0.06447146747343856.
[I 2026-08-17 09:54:10,346] Trial 48 finished with value: 0.09171058856671205 and parameters: {'rho_e': 0.0007714806253840602, 'rho_d': 0.0015442881351131804, 'nu': 7, 'sigma': 0.7990376021274297}. Best is trial 34 with value: 0.06447146747343856.
[I 2026-08-17 09:54:57,573] Trial 49 finished with value: 0.09633391478880124 and parameters: {'rho_e': 0.02334066741617611, 'rho_d': 19.61909076816956, 'nu': 7, 'sigma': 0.678847861548423}. Best is trial 34 with value: 0.06447146747343856.
[I 2026-08-17 09:55:43,490] Trial 50 finished with value: 0.09999995275838522 and parameters: {'rho_e': 30.484530649163847, 'rho_d': 0.0006865299827161224, 'nu': 35, 'sigma': 0.4931147100817814}. Best is trial 34 with value: 0.06447146747343856.
[I 2026-08-17 09:56:28,925] Trial 51 finished with value: 0.07226982932604761 and parameters: {'rho_e': 0.42596086471505806, 'rho_d': 0.006470326256837381, 'nu': 33, 'sigma': 0.6255704507885743}. Best is trial 34 with value: 0.06447146747343856.
[I 2026-08-17 09:57:14,560] Trial 52 finished with value: 0.09335784807514341 and parameters: {'rho_e': 5.6305504586876165e-05, 'rho_d': 0.01955400616757617, 'nu': 4, 'sigma': 0.9431022489306657}. Best is trial 34 with value: 0.06447146747343856.
[I 2026-08-17 09:58:02,640] Trial 53 finished with value: 0.09029336267054887 and parameters: {'rho_e': 2.2237461169194805, 'rho_d': 0.48566127158346006, 'nu': 28, 'sigma': 0.7769544614903604}. Best is trial 34 with value: 0.06447146747343856.
[I 2026-08-17 09:58:51,404] Trial 54 finished with value: 0.090241839995292 and parameters: {'rho_e': 0.028583330992410914, 'rho_d': 1.9471088928715916, 'nu': 19, 'sigma': 0.89828252912396}. Best is trial 34 with value: 0.06447146747343856.
[I 2026-08-17 09:59:38,335] Trial 55 finished with value: 0.09330643752191009 and parameters: {'rho_e': 0.0002909616436868435, 'rho_d': 4.340886647251859, 'nu': 35, 'sigma': 0.6964604863331093}. Best is trial 34 with value: 0.06447146747343856.
[I 2026-08-17 10:00:26,956] Trial 56 finished with value: 0.0963733397507428 and parameters: {'rho_e': 7.798984580075104, 'rho_d': 0.08868122758097233, 'nu': 29, 'sigma': 0.5036294018829817}. Best is trial 34 with value: 0.06447146747343856.
[I 2026-08-17 10:01:15,328] Trial 57 finished with value: 0.08840981753084422 and parameters: {'rho_e': 1.2062065617383623e-05, 'rho_d': 0.00491871886944935, 'nu': 9, 'sigma': 0.540742976760754}. Best is trial 34 with value: 0.06447146747343856.
[I 2026-08-17 10:02:02,802] Trial 58 finished with value: 0.09465830370098897 and parameters: {'rho_e': 0.00026922761125582604, 'rho_d': 3.3483536015403974, 'nu': 15, 'sigma': 0.46419294116197934}. Best is trial 34 with value: 0.06447146747343856.
[I 2026-08-17 10:02:50,781] Trial 59 finished with value: 0.09326416817870262 and parameters: {'rho_e': 0.0004180230040562295, 'rho_d': 0.0080293432375613, 'nu': 9, 'sigma': 0.8474133959671261}. Best is trial 34 with value: 0.06447146747343856.
[I 2026-08-17 10:03:38,515] Trial 60 finished with value: 0.08134351228045462 and parameters: {'rho_e': 0.589700729128972, 'rho_d': 0.28163142246786826, 'nu': 21, 'sigma': 0.9514003827722398}. Best is trial 34 with value: 0.06447146747343856.
[I 2026-08-17 10:04:25,616] Trial 61 finished with value: 0.10836679943475488 and parameters: {'rho_e': 0.054968021979639604, 'rho_d': 440.7147463030633, 'nu': 4, 'sigma': 0.9846976523041496}. Best is trial 34 with value: 0.06447146747343856.
[I 2026-08-17 10:05:13,334] Trial 62 finished with value: 0.0948124025369381 and parameters: {'rho_e': 2.726598761494588e-05, 'rho_d': 377.6857032137641, 'nu': 31, 'sigma': 0.08797637433547147}. Best is trial 34 with value: 0.06447146747343856.
[I 2026-08-17 10:06:00,908] Trial 63 finished with value: 0.07266050478039585 and parameters: {'rho_e': 0.12562298455144785, 'rho_d': 6.332499214741886e-05, 'nu': 5, 'sigma': 0.7813637219857382}. Best is trial 34 with value: 0.06447146747343856.
[I 2026-08-17 10:06:47,728] Trial 64 finished with value: 0.0664078784885539 and parameters: {'rho_e': 0.18142030344388796, 'rho_d': 2.1716515450145203e-05, 'nu': 18, 'sigma': 0.4487600336855717}. Best is trial 34 with value: 0.06447146747343856.
[I 2026-08-17 10:07:35,296] Trial 65 finished with value: 0.0907826473199306 and parameters: {'rho_e': 0.2349945384747991, 'rho_d': 691.4897217341121, 'nu': 31, 'sigma': 0.8518952203160548}. Best is trial 34 with value: 0.06447146747343856.
[I 2026-08-17 10:08:22,864] Trial 66 finished with value: 0.08376342531075331 and parameters: {'rho_e': 3.246702767499522e-05, 'rho_d': 0.0007681605683548452, 'nu': 6, 'sigma': 0.2770482583742728}. Best is trial 34 with value: 0.06447146747343856.
[I 2026-08-17 10:09:09,751] Trial 67 finished with value: 0.1023028753425123 and parameters: {'rho_e': 19.088248943709846, 'rho_d': 0.0001340107418662817, 'nu': 12, 'sigma': 0.1701809606915158}. Best is trial 34 with value: 0.06447146747343856.
[I 2026-08-17 10:09:57,387] Trial 68 finished with value: 0.07232269316802609 and parameters: {'rho_e': 0.6338439291753183, 'rho_d': 5.494058947628885e-05, 'nu': 8, 'sigma': 0.5293218811648563}. Best is trial 34 with value: 0.06447146747343856.
[I 2026-08-17 10:10:44,931] Trial 69 finished with value: 0.08789194995969005 and parameters: {'rho_e': 40.954154106984234, 'rho_d': 0.17338017325692112, 'nu': 10, 'sigma': 0.489933757888093}. Best is trial 34 with value: 0.06447146747343856.
[I 2026-08-17 10:11:31,775] Trial 70 finished with value: 0.0775363952581836 and parameters: {'rho_e': 0.2523506782813784, 'rho_d': 31.510568285073717, 'nu': 33, 'sigma': 0.34714319395982135}. Best is trial 34 with value: 0.06447146747343856.
[I 2026-08-17 10:12:19,311] Trial 71 finished with value: 0.08887453573907833 and parameters: {'rho_e': 0.002930373386470407, 'rho_d': 3.317914597400771e-05, 'nu': 15, 'sigma': 0.6329596331201216}. Best is trial 34 with value: 0.06447146747343856.
[I 2026-08-17 10:13:06,695] Trial 72 finished with value: 0.09505785466479798 and parameters: {'rho_e': 6.601429297169598e-05, 'rho_d': 0.0002602530817699002, 'nu': 10, 'sigma': 0.9786083399861463}. Best is trial 34 with value: 0.06447146747343856.
[I 2026-08-17 10:13:50,815] Trial 73 finished with value: 0.08834605179014227 and parameters: {'rho_e': 150.26339501041664, 'rho_d': 147.5767738266191, 'nu': 16, 'sigma': 0.13512338246700153}. Best is trial 34 with value: 0.06447146747343856.
[I 2026-08-17 10:14:34,366] Trial 74 finished with value: 0.08976128114277976 and parameters: {'rho_e': 0.0035877410590901345, 'rho_d': 2.576553179691004e-05, 'nu': 16, 'sigma': 0.7308223403094861}. Best is trial 34 with value: 0.06447146747343856.
[I 2026-08-17 10:15:18,571] Trial 75 finished with value: 0.08945796281419836 and parameters: {'rho_e': 86.60477995186261, 'rho_d': 0.18303468390561242, 'nu': 24, 'sigma': 0.7510479721089599}. Best is trial 34 with value: 0.06447146747343856.
[I 2026-08-17 10:16:04,762] Trial 76 finished with value: 0.08667384916490485 and parameters: {'rho_e': 0.0001132723107819565, 'rho_d': 0.011169983777198775, 'nu': 25, 'sigma': 0.5751289637607758}. Best is trial 34 with value: 0.06447146747343856.
[I 2026-08-17 10:16:51,963] Trial 77 finished with value: 0.07421116065121194 and parameters: {'rho_e': 0.4844996036517181, 'rho_d': 0.4148539575898805, 'nu': 36, 'sigma': 0.9024820531629737}. Best is trial 34 with value: 0.06447146747343856.
[I 2026-08-17 10:17:38,606] Trial 78 finished with value: 0.08378908704145446 and parameters: {'rho_e': 1.821708082801357e-05, 'rho_d': 0.005972473493478661, 'nu': 13, 'sigma': 0.24793663344365371}. Best is trial 34 with value: 0.06447146747343856.
[I 2026-08-17 10:18:24,567] Trial 79 finished with value: 0.06902286191120569 and parameters: {'rho_e': 0.10718439047337557, 'rho_d': 0.01413294748664834, 'nu': 30, 'sigma': 0.5825243654914019}. Best is trial 34 with value: 0.06447146747343856.
[I 2026-08-17 10:19:11,086] Trial 80 finished with value: 0.08857848238458968 and parameters: {'rho_e': 2.210005167641908e-05, 'rho_d': 0.5546388056023296, 'nu': 18, 'sigma': 0.47803218740238534}. Best is trial 34 with value: 0.06447146747343856.
[I 2026-08-17 10:19:57,784] Trial 81 finished with value: 0.11208857618874983 and parameters: {'rho_e': 102.96197595152874, 'rho_d': 0.07419264172204353, 'nu': 24, 'sigma': 0.010538743582339223}. Best is trial 34 with value: 0.06447146747343856.
[I 2026-08-17 10:20:43,684] Trial 82 finished with value: 0.07799917496079563 and parameters: {'rho_e': 0.022847579467193208, 'rho_d': 1.0828452344232614e-05, 'nu': 27, 'sigma': 0.5303135042774483}. Best is trial 34 with value: 0.06447146747343856.
[I 2026-08-17 10:21:31,200] Trial 83 finished with value: 0.07734300733432056 and parameters: {'rho_e': 10.26433352336269, 'rho_d': 71.19093048176157, 'nu': 21, 'sigma': 0.8207179976064777}. Best is trial 34 with value: 0.06447146747343856.
[I 2026-08-17 10:22:18,576] Trial 84 finished with value: 0.08397709719604829 and parameters: {'rho_e': 0.013723837958967857, 'rho_d': 1.1136642004656445, 'nu': 16, 'sigma': 0.3285556664376412}. Best is trial 34 with value: 0.06447146747343856.
[I 2026-08-17 10:23:05,682] Trial 85 finished with value: 0.09048624187251583 and parameters: {'rho_e': 0.0009105435098633038, 'rho_d': 12.083035376420879, 'nu': 28, 'sigma': 0.33768991108051694}. Best is trial 34 with value: 0.06447146747343856.
[I 2026-08-17 10:23:53,387] Trial 86 finished with value: 0.1092266480547476 and parameters: {'rho_e': 0.0005060859690373761, 'rho_d': 903.9451928588301, 'nu': 6, 'sigma': 0.8612150440049049}. Best is trial 34 with value: 0.06447146747343856.
[I 2026-08-17 10:24:40,056] Trial 87 finished with value: 0.09070231067515111 and parameters: {'rho_e': 21.67076868737965, 'rho_d': 17.31408795432266, 'nu': 25, 'sigma': 0.2297095430176774}. Best is trial 34 with value: 0.06447146747343856.
