[I 2026-08-16 12:21:55,449] Trial 88 finished with value: 0.10771142683150409 and parameters: {'rho_e': 808.8435333665526, 'rho_d': 771.2850774129435, 'nu': 31, 'sigma': 0.254807051353894}. Best is trial 31 with value: 0.0720552951657418.
[I 2026-08-16 12:22:26,065] Trial 89 finished with value: 0.09554055782499085 and parameters: {'rho_e': 633.0253791527543, 'rho_d': 45.455452579488366, 'nu': 20, 'sigma': 0.7096389148598082}. Best is trial 31 with value: 0.0720552951657418.
[I 2026-08-16 12:22:56,701] Trial 90 finished with value: 0.08342593129648884 and parameters: {'rho_e': 1.0011331744014998e-05, 'rho_d': 0.053244906784150864, 'nu': 25, 'sigma': 0.1049856052027563}. Best is trial 31 with value: 0.0720552951657418.
[I 2026-08-16 12:23:27,310] Trial 91 finished with value: 0.0822650937729554 and parameters: {'rho_e': 0.00385361040567208, 'rho_d': 0.027705098919118584, 'nu': 11, 'sigma': 0.20991862069726686}. Best is trial 31 with value: 0.0720552951657418.
[I 2026-08-16 12:23:57,988] Trial 92 finished with value: 0.09735900202761663 and parameters: {'rho_e': 0.005714501227560669, 'rho_d': 116.00960750092175, 'nu': 18, 'sigma': 0.7255281995740358}. Best is trial 31 with value: 0.0720552951657418.
[I 2026-08-16 12:24:28,645] Trial 93 finished with value: 0.09213237412174907 and parameters: {'rho_e': 5.980189857056641, 'rho_d': 0.0002131882014836295, 'nu': 28, 'sigma': 0.7637138866173282}. Best is trial 31 with value: 0.0720552951657418.
[I 2026-08-16 12:24:59,335] Trial 94 finished with value: 0.0895659265887156 and parameters: {'rho_e': 5.5018371884489925, 'rho_d': 0.00982057041012593, 'nu': 8, 'sigma': 0.39470813686024214}. Best is trial 31 with value: 0.0720552951657418.
[I 2026-08-16 12:25:30,080] Trial 95 finished with value: 0.07680425021433157 and parameters: {'rho_e': 0.17280824537937622, 'rho_d': 37.68187082725423, 'nu': 35, 'sigma': 0.2984114598896659}. Best is trial 31 with value: 0.0720552951657418.
[I 2026-08-16 12:26:00,843] Trial 96 finished with value: 0.08979886782074144 and parameters: {'rho_e': 0.033897016078091556, 'rho_d': 164.3378023697618, 'nu': 6, 'sigma': 0.07350512557460892}. Best is trial 31 with value: 0.0720552951657418.
[I 2026-08-16 12:26:31,678] Trial 97 finished with value: 0.09112706192530637 and parameters: {'rho_e': 0.0021604944113239777, 'rho_d': 3.2413808908015533, 'nu': 20, 'sigma': 0.6607180513440737}. Best is trial 31 with value: 0.0720552951657418.
[I 2026-08-16 12:27:02,468] Trial 98 finished with value: 0.0875182529525969 and parameters: {'rho_e': 570.5570546933972, 'rho_d': 10.349660264682885, 'nu': 6, 'sigma': 0.8304150895769256}. Best is trial 31 with value: 0.0720552951657418.
[I 2026-08-16 12:27:33,221] Trial 99 finished with value: 0.08262995635115888 and parameters: {'rho_e': 0.00015533838611531524, 'rho_d': 0.0029907788869589056, 'nu': 30, 'sigma': 0.38017329613222484}. Best is trial 31 with value: 0.0720552951657418.
[I 2026-08-16 12:28:05,163] Trial 100 finished with value: 0.07606282485117599 and parameters: {'rho_e': 1.5375690015204375, 'rho_d': 1000.0, 'nu': 21, 'sigma': 0.4215765851108718}. Best is trial 31 with value: 0.0720552951657418.
[I 2026-08-16 12:28:35,851] Trial 101 finished with value: 0.07371760816765685 and parameters: {'rho_e': 4.24559243443437, 'rho_d': 999.999999999998, 'nu': 2, 'sigma': 0.41589000705606755}. Best is trial 31 with value: 0.0720552951657418.
[I 2026-08-16 12:29:06,477] Trial 102 finished with value: 0.07495305722035085 and parameters: {'rho_e': 0.1205299536192038, 'rho_d': 5.0272949436424925, 'nu': 36, 'sigma': 0.5539834260554592}. Best is trial 31 with value: 0.0720552951657418.
[I 2026-08-16 12:29:37,150] Trial 103 finished with value: 0.08242827979395063 and parameters: {'rho_e': 1e-05, 'rho_d': 1e-05, 'nu': 36, 'sigma': 0.0}. Best is trial 31 with value: 0.0720552951657418.
[I 2026-08-16 12:30:07,881] Trial 104 finished with value: 0.07280930363323534 and parameters: {'rho_e': 1.6570219229353766, 'rho_d': 1000.0, 'nu': 4, 'sigma': 0.31515515405900213}. Best is trial 31 with value: 0.0720552951657418.
[I 2026-08-16 12:30:38,638] Trial 105 finished with value: 0.07806274056466397 and parameters: {'rho_e': 0.010625659534488413, 'rho_d': 1e-05, 'nu': 2, 'sigma': 0.06877871377619603}. Best is trial 31 with value: 0.0720552951657418.
[I 2026-08-16 12:31:09,357] Trial 106 finished with value: 0.07397342428958376 and parameters: {'rho_e': 1.949267523594101, 'rho_d': 1000.0, 'nu': 7, 'sigma': 0.3767600011726702}. Best is trial 31 with value: 0.0720552951657418.
[I 2026-08-16 12:31:40,104] Trial 107 finished with value: 0.07796067266223533 and parameters: {'rho_e': 0.7776953258876971, 'rho_d': 999.999999999998, 'nu': 36, 'sigma': 0.3533710570464894}. Best is trial 31 with value: 0.0720552951657418.
[I 2026-08-16 12:32:10,895] Trial 108 finished with value: 0.08242827979395063 and parameters: {'rho_e': 1e-05, 'rho_d': 1e-05, 'nu': 2, 'sigma': 0.0}. Best is trial 31 with value: 0.0720552951657418.
[I 2026-08-16 12:32:41,768] Trial 109 finished with value: 0.08241224360570756 and parameters: {'rho_e': 0.000945263148603311, 'rho_d': 1e-05, 'nu': 36, 'sigma': 0.0}. Best is trial 31 with value: 0.0720552951657418.
[I 2026-08-16 12:33:12,626] Trial 110 finished with value: 0.07453293664649865 and parameters: {'rho_e': 0.05002197246248946, 'rho_d': 0.0005860641787066673, 'nu': 2, 'sigma': 0.35263144041271444}. Best is trial 31 with value: 0.0720552951657418.
[I 2026-08-16 12:33:43,464] Trial 111 finished with value: 0.07011145831318571 and parameters: {'rho_e': 0.8723581772920412, 'rho_d': 74.08314907333032, 'nu': 2, 'sigma': 0.3918804535226804}. Best is trial 111 with value: 0.07011145831318571.
[I 2026-08-16 12:34:14,265] Trial 112 finished with value: 0.06963497504700543 and parameters: {'rho_e': 0.4697264583795795, 'rho_d': 24.887061610449578, 'nu': 2, 'sigma': 0.40135152786779615}. Best is trial 112 with value: 0.06963497504700543.
[I 2026-08-16 12:34:45,027] Trial 113 finished with value: 0.06887716823739456 and parameters: {'rho_e': 0.3798866539908684, 'rho_d': 17.771624897419155, 'nu': 2, 'sigma': 0.3709545235900846}. Best is trial 113 with value: 0.06887716823739456.
[I 2026-08-16 12:35:15,916] Trial 114 finished with value: 0.06855375178656262 and parameters: {'rho_e': 0.48805194337441077, 'rho_d': 31.030355395410016, 'nu': 2, 'sigma': 0.2964689069638767}. Best is trial 114 with value: 0.06855375178656262.
[I 2026-08-16 12:35:46,740] Trial 115 finished with value: 0.06863737959366972 and parameters: {'rho_e': 0.2352619710845757, 'rho_d': 6.303268793492355, 'nu': 2, 'sigma': 0.3227274666084783}. Best is trial 114 with value: 0.06855375178656262.
[I 2026-08-16 12:36:17,574] Trial 116 finished with value: 0.06986247818747689 and parameters: {'rho_e': 0.3138606272760206, 'rho_d': 15.24175549359317, 'nu': 2, 'sigma': 0.3089508426789312}. Best is trial 114 with value: 0.06855375178656262.
[I 2026-08-16 12:36:48,437] Trial 117 finished with value: 0.06792335516748674 and parameters: {'rho_e': 0.21187325171118046, 'rho_d': 2.7850456893308695, 'nu': 2, 'sigma': 0.3929608131427941}. Best is trial 117 with value: 0.06792335516748674.
[I 2026-08-16 12:37:19,196] Trial 118 finished with value: 0.06565507842559906 and parameters: {'rho_e': 0.15364872004842361, 'rho_d': 0.9800124228635544, 'nu': 2, 'sigma': 0.404351931195073}. Best is trial 118 with value: 0.06565507842559906.
[I 2026-08-16 12:37:50,053] Trial 119 finished with value: 0.06509594236183733 and parameters: {'rho_e': 0.11827082113096929, 'rho_d': 0.28666389191304276, 'nu': 2, 'sigma': 0.4176672520003568}. Best is trial 119 with value: 0.06509594236183733.
[I 2026-08-16 12:38:20,813] Trial 120 finished with value: 0.06487564369026294 and parameters: {'rho_e': 0.10969867567363324, 'rho_d': 0.2824676457339405, 'nu': 2, 'sigma': 0.39688006523778463}. Best is trial 120 with value: 0.06487564369026294.
[I 2026-08-16 12:38:51,537] Trial 121 finished with value: 0.06445131540205197 and parameters: {'rho_e': 0.10578731984059059, 'rho_d': 0.311022733763046, 'nu': 2, 'sigma': 0.3750520891488923}. Best is trial 121 with value: 0.06445131540205197.
[I 2026-08-16 12:39:22,308] Trial 122 finished with value: 0.06380966478494506 and parameters: {'rho_e': 0.10203071210410777, 'rho_d': 0.307125182048964, 'nu': 2, 'sigma': 0.34894218172178987}. Best is trial 122 with value: 0.06380966478494506.
[I 2026-08-16 12:39:53,235] Trial 123 finished with value: 0.06380966478494506 and parameters: {'rho_e': 0.10203071210410777, 'rho_d': 0.307125182048964, 'nu': 2, 'sigma': 0.34894218172178987}. Best is trial 122 with value: 0.06380966478494506.
[I 2026-08-16 12:40:24,023] Trial 124 finished with value: 0.063424990302194 and parameters: {'rho_e': 0.1095271464001586, 'rho_d': 0.28473476009010434, 'nu': 2, 'sigma': 0.3189712490120285}. Best is trial 124 with value: 0.063424990302194.
[I 2026-08-16 12:40:54,789] Trial 125 finished with value: 0.06336955269687689 and parameters: {'rho_e': 0.12373905550328766, 'rho_d': 0.2928924638461956, 'nu': 2, 'sigma': 0.3095725128962414}. Best is trial 125 with value: 0.06336955269687689.
[I 2026-08-16 12:41:25,579] Trial 126 finished with value: 0.06308392046141634 and parameters: {'rho_e': 0.1247640256533159, 'rho_d': 0.3349069825013584, 'nu': 2, 'sigma': 0.3071353909372482}. Best is trial 126 with value: 0.06308392046141634.
[I 2026-08-16 12:41:56,396] Trial 127 finished with value: 0.06478382512601848 and parameters: {'rho_e': 0.122545184450284, 'rho_d': 0.4248882438086256, 'nu': 2, 'sigma': 0.2853424163541476}. Best is trial 126 with value: 0.06308392046141634.
[I 2026-08-16 12:42:27,219] Trial 128 finished with value: 0.08674174305028776 and parameters: {'rho_e': 1000.0, 'rho_d': 1e-05, 'nu': 2, 'sigma': 1.0}. Best is trial 126 with value: 0.06308392046141634.
[I 2026-08-16 12:42:58,022] Trial 129 finished with value: 0.08444164931798197 and parameters: {'rho_e': 1000.0, 'rho_d': 1000.0, 'nu': 2, 'sigma': 0.9999999999999999}. Best is trial 126 with value: 0.06308392046141634.
[I 2026-08-16 12:43:28,794] Trial 130 finished with value: 0.08071775386504071 and parameters: {'rho_e': 0.9862091579348254, 'rho_d': 999.999999999998, 'nu': 2, 'sigma': 0.0}. Best is trial 126 with value: 0.06308392046141634.
[I 2026-08-16 12:43:59,606] Trial 131 finished with value: 0.06653794538888193 and parameters: {'rho_e': 0.11076822324087475, 'rho_d': 0.12615820905374506, 'nu': 2, 'sigma': 0.3267145521763238}. Best is trial 126 with value: 0.06308392046141634.
[I 2026-08-16 12:44:30,371] Trial 132 finished with value: 0.06626338123351924 and parameters: {'rho_e': 0.09378047582373039, 'rho_d': 0.5342875251540632, 'nu': 2, 'sigma': 0.315920103955942}. Best is trial 126 with value: 0.06308392046141634.
[I 2026-08-16 12:45:01,215] Trial 133 finished with value: 0.06273743497886916 and parameters: {'rho_e': 0.16757336511700466, 'rho_d': 0.34837691095620416, 'nu': 2, 'sigma': 0.35014461248712164}. Best is trial 133 with value: 0.06273743497886916.
[I 2026-08-16 12:45:32,109] Trial 134 finished with value: 0.06294108461775207 and parameters: {'rho_e': 0.17914727623283633, 'rho_d': 0.3445990216148957, 'nu': 2, 'sigma': 0.35411776584836197}. Best is trial 133 with value: 0.06273743497886916.
[I 2026-08-16 12:46:02,997] Trial 135 finished with value: 0.06244354054555865 and parameters: {'rho_e': 0.1780395470935552, 'rho_d': 0.37288284220266543, 'nu': 2, 'sigma': 0.3463436713571228}. Best is trial 135 with value: 0.06244354054555865.
[I 2026-08-16 12:46:33,897] Trial 136 finished with value: 0.06271953545964103 and parameters: {'rho_e': 0.18783559903561708, 'rho_d': 0.40985536000947204, 'nu': 2, 'sigma': 0.33896391878484533}. Best is trial 135 with value: 0.06244354054555865.
[I 2026-08-16 12:47:04,755] Trial 137 finished with value: 0.06322045712775372 and parameters: {'rho_e': 0.18707579260665208, 'rho_d': 0.428571205887161, 'nu': 2, 'sigma': 0.33482407517727986}. Best is trial 135 with value: 0.06244354054555865.
[I 2026-08-16 12:47:35,661] Trial 138 finished with value: 0.06290267881488001 and parameters: {'rho_e': 0.18512602396935193, 'rho_d': 0.3517645557788438, 'nu': 2, 'sigma': 0.3572464233298519}. Best is trial 135 with value: 0.06244354054555865.
[I 2026-08-16 12:48:06,521] Trial 139 finished with value: 0.08576192378008113 and parameters: {'rho_e': 9.913514650796797, 'rho_d': 1e-05, 'nu': 2, 'sigma': 1.0}. Best is trial 135 with value: 0.06244354054555865.
[I 2026-08-16 12:48:37,315] Trial 140 finished with value: 0.0639265166647029 and parameters: {'rho_e': 0.18747741257368902, 'rho_d': 0.4761852974055787, 'nu': 2, 'sigma': 0.3221960922231751}. Best is trial 135 with value: 0.06244354054555865.
[I 2026-08-16 12:49:08,155] Trial 141 finished with value: 0.08240259860036742 and parameters: {'rho_e': 6.388446051570965e-05, 'rho_d': 0.0008331427053803377, 'nu': 36, 'sigma': 0.0}. Best is trial 135 with value: 0.06244354054555865.
[I 2026-08-16 12:49:38,930] Trial 142 finished with value: 0.08496943145388491 and parameters: {'rho_e': 0.00012780564616664484, 'rho_d': 0.046063693321120605, 'nu': 2, 'sigma': 0.0}. Best is trial 135 with value: 0.06244354054555865.
[I 2026-08-16 12:50:09,826] Trial 143 finished with value: 0.0811574076401035 and parameters: {'rho_e': 68.69893750018048, 'rho_d': 1000.0, 'nu': 36, 'sigma': 0.9999999999999999}. Best is trial 135 with value: 0.06244354054555865.
[I 2026-08-16 12:50:40,713] Trial 144 finished with value: 0.0824281070131804 and parameters: {'rho_e': 0.00019119098247842787, 'rho_d': 1e-05, 'nu': 2, 'sigma': 0.0}. Best is trial 135 with value: 0.06244354054555865.
[I 2026-08-16 12:51:11,586] Trial 145 finished with value: 0.09389218630875026 and parameters: {'rho_e': 1e-05, 'rho_d': 1000.0, 'nu': 36, 'sigma': 0.6753234533354884}. Best is trial 135 with value: 0.06244354054555865.
[I 2026-08-16 12:51:42,487] Trial 146 finished with value: 0.07854676573235972 and parameters: {'rho_e': 0.024153182906172868, 'rho_d': 1e-05, 'nu': 36, 'sigma': 0.0}. Best is trial 135 with value: 0.06244354054555865.
[I 2026-08-16 12:52:13,395] Trial 147 finished with value: 0.0847184555925839 and parameters: {'rho_e': 1e-05, 'rho_d': 1e-05, 'nu': 36, 'sigma': 0.5661670496343224}. Best is trial 135 with value: 0.06244354054555865.
[I 2026-08-16 12:52:44,675] Trial 148 finished with value: 0.08628082918714249 and parameters: {'rho_e': 50.46213539113388, 'rho_d': 1000.0, 'nu': 2, 'sigma': 1.0}. Best is trial 135 with value: 0.06244354054555865.
[I 2026-08-16 12:53:15,436] Trial 149 finished with value: 0.06244354054555865 and parameters: {'rho_e': 0.1780395470935552, 'rho_d': 0.37288284220266543, 'nu': 2, 'sigma': 0.3463436713571228}. Best is trial 135 with value: 0.06244354054555865.
[I 2026-08-16 12:53:46,281] Trial 150 finished with value: 0.06421070298560075 and parameters: {'rho_e': 0.18736843978261677, 'rho_d': 0.2932920000520197, 'nu': 2, 'sigma': 0.3800121010437152}. Best is trial 135 with value: 0.06244354054555865.
[I 2026-08-16 12:54:17,100] Trial 151 finished with value: 0.08102915309913541 and parameters: {'rho_e': 0.008933183875617486, 'rho_d': 0.0005038762776596616, 'nu': 36, 'sigma': 0.0}. Best is trial 135 with value: 0.06244354054555865.
[I 2026-08-16 12:54:47,820] Trial 152 finished with value: 0.06421776126488488 and parameters: {'rho_e': 0.1857188596439063, 'rho_d': 0.5188812051691111, 'nu': 2, 'sigma': 0.3085780413835183}. Best is trial 135 with value: 0.06244354054555865.
[I 2026-08-16 12:55:18,717] Trial 153 finished with value: 0.07237767489179442 and parameters: {'rho_e': 13.845724418109388, 'rho_d': 1000.0, 'nu': 36, 'sigma': 0.5465153364525686}. Best is trial 135 with value: 0.06244354054555865.
[I 2026-08-16 12:55:49,507] Trial 154 finished with value: 0.08671376501851048 and parameters: {'rho_e': 119.37521735168812, 'rho_d': 0.010994824571811794, 'nu': 2, 'sigma': 1.0}. Best is trial 135 with value: 0.06244354054555865.
[I 2026-08-16 12:56:20,314] Trial 155 finished with value: 0.07621758445753044 and parameters: {'rho_e': 3.199831500518874, 'rho_d': 1000.0, 'nu': 36, 'sigma': 1.0}. Best is trial 135 with value: 0.06244354054555865.
[I 2026-08-16 12:56:51,123] Trial 156 finished with value: 0.08336352989063242 and parameters: {'rho_e': 0.3186198677198496, 'rho_d': 1e-05, 'nu': 36, 'sigma': 1.0}. Best is trial 135 with value: 0.06244354054555865.
[I 2026-08-16 12:57:21,959] Trial 157 finished with value: 0.09121441390195992 and parameters: {'rho_e': 1e-05, 'rho_d': 1e-05, 'nu': 36, 'sigma': 0.9999999999999999}. Best is trial 135 with value: 0.06244354054555865.
[I 2026-08-16 12:57:52,767] Trial 158 finished with value: 0.09583580657056395 and parameters: {'rho_e': 1e-05, 'rho_d': 1000.0, 'nu': 2, 'sigma': 0.0}. Best is trial 135 with value: 0.06244354054555865.
[I 2026-08-16 12:58:23,623] Trial 159 finished with value: 0.06416548672683609 and parameters: {'rho_e': 0.18495567309101357, 'rho_d': 0.2727080231733422, 'nu': 2, 'sigma': 0.3838730649127228}. Best is trial 135 with value: 0.06244354054555865.
[I 2026-08-16 12:58:54,413] Trial 160 finished with value: 0.08195108128733639 and parameters: {'rho_e': 1000.0, 'rho_d': 0.03412820523029457, 'nu': 2, 'sigma': 0.5840764116276874}. Best is trial 135 with value: 0.06244354054555865.
[I 2026-08-16 12:59:25,252] Trial 161 finished with value: 0.09504015162905005 and parameters: {'rho_e': 89.53101273530083, 'rho_d': 1e-05, 'nu': 36, 'sigma': 1.0}. Best is trial 135 with value: 0.06244354054555865.
[I 2026-08-16 12:59:56,080] Trial 162 finished with value: 0.08238493505100206 and parameters: {'rho_e': 1e-05, 'rho_d': 0.0010866152539142843, 'nu': 2, 'sigma': 0.0}. Best is trial 135 with value: 0.06244354054555865.
[I 2026-08-16 13:00:26,892] Trial 163 finished with value: 0.07416643027777522 and parameters: {'rho_e': 0.8760930569917337, 'rho_d': 5.589504604521384, 'nu': 2, 'sigma': 0.333301676685414}. Best is trial 135 with value: 0.06244354054555865.
[I 2026-08-16 13:00:57,687] Trial 164 finished with value: 0.07487367672830794 and parameters: {'rho_e': 0.4882862372500648, 'rho_d': 24.49123423197639, 'nu': 36, 'sigma': 1.0}. Best is trial 135 with value: 0.06244354054555865.
[I 2026-08-16 13:01:28,486] Trial 165 finished with value: 0.12343111800833464 and parameters: {'rho_e': 1000.0, 'rho_d': 1e-05, 'nu': 2, 'sigma': 0.0}. Best is trial 135 with value: 0.06244354054555865.
[I 2026-08-16 13:01:59,346] Trial 166 finished with value: 0.09039734008823463 and parameters: {'rho_e': 1e-05, 'rho_d': 0.132651617061368, 'nu': 36, 'sigma': 1.0}. Best is trial 135 with value: 0.06244354054555865.
[I 2026-08-16 13:02:30,189] Trial 167 finished with value: 0.06383824617293084 and parameters: {'rho_e': 0.15721522902265428, 'rho_d': 0.45455468202632704, 'nu': 2, 'sigma': 0.34202877908005475}. Best is trial 135 with value: 0.06244354054555865.
[I 2026-08-16 13:03:01,024] Trial 168 finished with value: 0.08504731914919306 and parameters: {'rho_e': 0.08226484593599961, 'rho_d': 1e-05, 'nu': 2, 'sigma': 0.0}. Best is trial 135 with value: 0.06244354054555865.
[I 2026-08-16 13:03:31,877] Trial 169 finished with value: 0.07320702992110664 and parameters: {'rho_e': 1.1900684730107152, 'rho_d': 91.54876458277306, 'nu': 36, 'sigma': 0.6321252039517397}. Best is trial 135 with value: 0.06244354054555865.
[I 2026-08-16 13:04:02,768] Trial 170 finished with value: 0.08115874896579173 and parameters: {'rho_e': 1e-05, 'rho_d': 0.00048554513369136434, 'nu': 36, 'sigma': 0.2783854246579062}. Best is trial 135 with value: 0.06244354054555865.
[I 2026-08-16 13:04:33,583] Trial 171 finished with value: 0.08501049189707542 and parameters: {'rho_e': 1e-05, 'rho_d': 1e-05, 'nu': 2, 'sigma': 0.45681099197612757}. Best is trial 135 with value: 0.06244354054555865.
[I 2026-08-16 13:05:04,416] Trial 172 finished with value: 0.07677190342683962 and parameters: {'rho_e': 0.13854203539507137, 'rho_d': 0.8144117213152944, 'nu': 2, 'sigma': 0.0}. Best is trial 135 with value: 0.06244354054555865.
[I 2026-08-16 13:05:35,218] Trial 173 finished with value: 0.0806957346891841 and parameters: {'rho_e': 0.010664299387143347, 'rho_d': 0.0005230990497933049, 'nu': 2, 'sigma': 0.0}. Best is trial 135 with value: 0.06244354054555865.
[I 2026-08-16 13:06:06,060] Trial 174 finished with value: 0.06403349241987438 and parameters: {'rho_e': 0.16416785320215785, 'rho_d': 0.24845993949835088, 'nu': 2, 'sigma': 0.3182572657473229}. Best is trial 135 with value: 0.06244354054555865.
[I 2026-08-16 13:06:36,947] Trial 175 finished with value: 0.11432149884779222 and parameters: {'rho_e': 1e-05, 'rho_d': 1000.0, 'nu': 2, 'sigma': 0.9999999999999999}. Best is trial 135 with value: 0.06244354054555865.
[I 2026-08-16 13:07:07,739] Trial 176 finished with value: 0.0741684203308211 and parameters: {'rho_e': 5.754778032373513, 'rho_d': 1000.0, 'nu': 36, 'sigma': 0.20232058588959195}. Best is trial 135 with value: 0.06244354054555865.
[I 2026-08-16 13:07:38,594] Trial 177 finished with value: 0.09583378277723704 and parameters: {'rho_e': 0.0011698150191247624, 'rho_d': 1000.0, 'nu': 2, 'sigma': 0.0}. Best is trial 135 with value: 0.06244354054555865.
[I 2026-08-16 13:08:09,370] Trial 178 finished with value: 0.08674174305028776 and parameters: {'rho_e': 1000.0, 'rho_d': 0.0010734790104649642, 'nu': 2, 'sigma': 1.0}. Best is trial 135 with value: 0.06244354054555865.
[I 2026-08-16 13:08:40,118] Trial 179 finished with value: 0.09122812774126055 and parameters: {'rho_e': 1000.0, 'rho_d': 1000.0, 'nu': 36, 'sigma': 1.0}. Best is trial 135 with value: 0.06244354054555865.
[I 2026-08-16 13:09:10,861] Trial 180 finished with value: 0.06552812545194564 and parameters: {'rho_e': 0.19437410597627228, 'rho_d': 0.2709834435944966, 'nu': 2, 'sigma': 0.43577038195869827}. Best is trial 135 with value: 0.06244354054555865.
