[I 2026-08-16 17:00:03,398] Trial 88 finished with value: 0.08503468858441418 and parameters: {'rho_e': 0.486251533292777, 'rho_d': 52.14784654714354, 'nu': 6, 'sigma': 0.7891228370595951}. Best is trial 44 with value: 0.07123701222344164.
[I 2026-08-16 17:00:54,167] Trial 89 finished with value: 0.1103005242100647 and parameters: {'rho_e': 0.000612889380538402, 'rho_d': 6.25476322167153e-05, 'nu': 5, 'sigma': 0.9047950693848056}. Best is trial 44 with value: 0.07123701222344164.
[I 2026-08-16 17:01:44,753] Trial 90 finished with value: 0.1255088177517371 and parameters: {'rho_e': 7.905609421867139, 'rho_d': 1.482399313641124, 'nu': 20, 'sigma': 0.1529659116515288}. Best is trial 44 with value: 0.07123701222344164.
[I 2026-08-16 17:02:35,585] Trial 91 finished with value: 0.09976488920125204 and parameters: {'rho_e': 0.6819215330358105, 'rho_d': 0.0003702816334400203, 'nu': 33, 'sigma': 0.8384256258654897}. Best is trial 44 with value: 0.07123701222344164.
[I 2026-08-16 17:03:26,693] Trial 92 finished with value: 0.08304009935467083 and parameters: {'rho_e': 0.004212958428106735, 'rho_d': 0.004678011386611994, 'nu': 8, 'sigma': 0.37791297465362256}. Best is trial 44 with value: 0.07123701222344164.
[I 2026-08-16 17:04:17,551] Trial 93 finished with value: 0.07225645987489461 and parameters: {'rho_e': 0.2677199530536358, 'rho_d': 11.763303983773799, 'nu': 11, 'sigma': 0.24816428628969947}. Best is trial 44 with value: 0.07123701222344164.
[I 2026-08-16 17:05:08,838] Trial 94 finished with value: 0.07921166271594389 and parameters: {'rho_e': 0.0011444406274560965, 'rho_d': 0.000721586105829393, 'nu': 14, 'sigma': 0.06114790393564393}. Best is trial 44 with value: 0.07123701222344164.
[I 2026-08-16 17:06:00,186] Trial 95 finished with value: 0.09211607679144564 and parameters: {'rho_e': 0.3792824094846887, 'rho_d': 0.0570033980864129, 'nu': 8, 'sigma': 0.8283112299515442}. Best is trial 44 with value: 0.07123701222344164.
[I 2026-08-16 17:06:51,563] Trial 96 finished with value: 0.08440037723916814 and parameters: {'rho_e': 1.9897379970608284e-05, 'rho_d': 0.000130016363482025, 'nu': 28, 'sigma': 0.5825780928860248}. Best is trial 44 with value: 0.07123701222344164.
[I 2026-08-16 17:07:42,478] Trial 97 finished with value: 0.10543241103496413 and parameters: {'rho_e': 0.8390481620733344, 'rho_d': 0.09244901937295714, 'nu': 29, 'sigma': 0.5060934257174607}. Best is trial 44 with value: 0.07123701222344164.
[I 2026-08-16 17:08:33,173] Trial 98 finished with value: 0.10825826450387109 and parameters: {'rho_e': 4.631918267545036, 'rho_d': 0.0009628776616921115, 'nu': 19, 'sigma': 0.2900502502494807}. Best is trial 44 with value: 0.07123701222344164.
[I 2026-08-16 17:09:24,082] Trial 99 finished with value: 0.09869196323758521 and parameters: {'rho_e': 0.04871965141021672, 'rho_d': 3.330825453140193e-05, 'nu': 7, 'sigma': 0.7954371049397843}. Best is trial 44 with value: 0.07123701222344164.
[I 2026-08-16 17:10:16,605] Trial 100 finished with value: 0.07410354336287275 and parameters: {'rho_e': 0.7233720579081339, 'rho_d': 990.7913337688271, 'nu': 2, 'sigma': 0.37700197073890207}. Best is trial 44 with value: 0.07123701222344164.
[I 2026-08-16 17:11:08,026] Trial 101 finished with value: 0.07120287662557234 and parameters: {'rho_e': 0.3559022093675137, 'rho_d': 169.31757303489485, 'nu': 26, 'sigma': 0.3208830103531591}. Best is trial 101 with value: 0.07120287662557234.
[I 2026-08-16 17:11:59,018] Trial 102 finished with value: 0.07796087529715903 and parameters: {'rho_e': 0.05221618940462314, 'rho_d': 2.5646823880046714, 'nu': 2, 'sigma': 0.029164752383720828}. Best is trial 101 with value: 0.07120287662557234.
[I 2026-08-16 17:12:50,238] Trial 103 finished with value: 0.06993237068993181 and parameters: {'rho_e': 0.3730421690138593, 'rho_d': 108.73106165460356, 'nu': 10, 'sigma': 0.3163612259718828}. Best is trial 103 with value: 0.06993237068993181.
[I 2026-08-16 17:13:41,038] Trial 104 finished with value: 0.06769588515494213 and parameters: {'rho_e': 0.521233104922914, 'rho_d': 61.67263696738211, 'nu': 2, 'sigma': 0.35552472398010765}. Best is trial 104 with value: 0.06769588515494213.
[I 2026-08-16 17:14:32,243] Trial 105 finished with value: 0.08106486721695923 and parameters: {'rho_e': 1e-05, 'rho_d': 1e-05, 'nu': 2, 'sigma': 0.0}. Best is trial 104 with value: 0.06769588515494213.
[I 2026-08-16 17:15:23,386] Trial 106 finished with value: 0.08870438295994332 and parameters: {'rho_e': 1e-05, 'rho_d': 1000.0, 'nu': 2, 'sigma': 0.0}. Best is trial 104 with value: 0.06769588515494213.
[I 2026-08-16 17:16:15,151] Trial 107 finished with value: 0.0690910090594283 and parameters: {'rho_e': 0.6729905785656387, 'rho_d': 50.582382461825425, 'nu': 2, 'sigma': 0.3992938088498334}. Best is trial 104 with value: 0.06769588515494213.
[I 2026-08-16 17:17:06,681] Trial 108 finished with value: 0.07341201940031089 and parameters: {'rho_e': 0.1663318375633533, 'rho_d': 53.8372746639045, 'nu': 36, 'sigma': 0.16461659573996537}. Best is trial 104 with value: 0.06769588515494213.
[I 2026-08-16 17:17:58,204] Trial 109 finished with value: 0.081418791011199 and parameters: {'rho_e': 8.324622564281274e-05, 'rho_d': 0.019107526444359604, 'nu': 2, 'sigma': 0.0}. Best is trial 104 with value: 0.06769588515494213.
[I 2026-08-16 17:18:49,202] Trial 110 finished with value: 0.08106486721695923 and parameters: {'rho_e': 1e-05, 'rho_d': 1e-05, 'nu': 36, 'sigma': 0.0}. Best is trial 104 with value: 0.06769588515494213.
[I 2026-08-16 17:19:40,083] Trial 111 finished with value: 0.0676480214310986 and parameters: {'rho_e': 0.36515744674900874, 'rho_d': 63.16765194293261, 'nu': 2, 'sigma': 0.277584431423695}. Best is trial 111 with value: 0.0676480214310986.
[I 2026-08-16 17:20:30,987] Trial 112 finished with value: 0.06761945874895064 and parameters: {'rho_e': 0.40408480521022716, 'rho_d': 63.82458200745274, 'nu': 2, 'sigma': 0.2869275467316573}. Best is trial 112 with value: 0.06761945874895064.
[I 2026-08-16 17:21:21,804] Trial 113 finished with value: 0.06723997982752 and parameters: {'rho_e': 0.55939243177285, 'rho_d': 72.33465210973783, 'nu': 2, 'sigma': 0.290599406143071}. Best is trial 113 with value: 0.06723997982752.
[I 2026-08-16 17:22:12,908] Trial 114 finished with value: 0.08106479812366463 and parameters: {'rho_e': 0.00018047658377173977, 'rho_d': 1e-05, 'nu': 36, 'sigma': 0.0}. Best is trial 113 with value: 0.06723997982752.
[I 2026-08-16 17:23:03,760] Trial 115 finished with value: 0.08018179879610215 and parameters: {'rho_e': 0.012312620770024655, 'rho_d': 1e-05, 'nu': 2, 'sigma': 0.0}. Best is trial 113 with value: 0.06723997982752.
[I 2026-08-16 17:23:54,559] Trial 116 finished with value: 0.07359444228018794 and parameters: {'rho_e': 0.029667797719770655, 'rho_d': 0.026580919459415528, 'nu': 36, 'sigma': 0.23934119625275027}. Best is trial 113 with value: 0.06723997982752.
[I 2026-08-16 17:24:45,345] Trial 117 finished with value: 0.06730972180404227 and parameters: {'rho_e': 0.5695022470125511, 'rho_d': 79.92654265555497, 'nu': 2, 'sigma': 0.298011628840652}. Best is trial 113 with value: 0.06723997982752.
[I 2026-08-16 17:25:36,508] Trial 118 finished with value: 0.08325664747290586 and parameters: {'rho_e': 0.025343133747562863, 'rho_d': 0.001613306023483987, 'nu': 36, 'sigma': 0.0}. Best is trial 113 with value: 0.06723997982752.
[I 2026-08-16 17:26:27,706] Trial 119 finished with value: 0.06731216082425374 and parameters: {'rho_e': 0.5191788321171497, 'rho_d': 49.9234141007217, 'nu': 2, 'sigma': 0.29933044533317105}. Best is trial 113 with value: 0.06723997982752.
[I 2026-08-16 17:27:19,242] Trial 120 finished with value: 0.07731789294471098 and parameters: {'rho_e': 0.25956195884452127, 'rho_d': 1000.0, 'nu': 36, 'sigma': 0.653057178883587}. Best is trial 113 with value: 0.06723997982752.
[I 2026-08-16 17:28:10,898] Trial 121 finished with value: 0.08106478071598167 and parameters: {'rho_e': 0.00019230785925582251, 'rho_d': 1e-05, 'nu': 2, 'sigma': 0.0}. Best is trial 113 with value: 0.06723997982752.
[I 2026-08-16 17:29:02,265] Trial 122 finished with value: 0.07842565750901057 and parameters: {'rho_e': 1e-05, 'rho_d': 0.10827367878882292, 'nu': 36, 'sigma': 0.0}. Best is trial 113 with value: 0.06723997982752.
[I 2026-08-16 17:29:53,408] Trial 123 finished with value: 0.08870438295994332 and parameters: {'rho_e': 1e-05, 'rho_d': 1000.0, 'nu': 36, 'sigma': 0.0}. Best is trial 113 with value: 0.06723997982752.
[I 2026-08-16 17:30:44,280] Trial 124 finished with value: 0.08280513068741097 and parameters: {'rho_e': 1e-05, 'rho_d': 0.009808622944947382, 'nu': 6, 'sigma': 0.0}. Best is trial 113 with value: 0.06723997982752.
[I 2026-08-16 17:31:35,201] Trial 125 finished with value: 0.09084720709800398 and parameters: {'rho_e': 1e-05, 'rho_d': 1000.0, 'nu': 36, 'sigma': 1.0}. Best is trial 113 with value: 0.06723997982752.
[I 2026-08-16 17:32:25,976] Trial 126 finished with value: 0.09855790200120318 and parameters: {'rho_e': 1000.0, 'rho_d': 1e-05, 'nu': 36, 'sigma': 1.0}. Best is trial 113 with value: 0.06723997982752.
[I 2026-08-16 17:33:16,906] Trial 127 finished with value: 0.09733620096928522 and parameters: {'rho_e': 1000.0, 'rho_d': 1000.0, 'nu': 2, 'sigma': 1.0}. Best is trial 113 with value: 0.06723997982752.
[I 2026-08-16 17:34:07,740] Trial 128 finished with value: 0.08870443376069942 and parameters: {'rho_e': 0.0008549294146670224, 'rho_d': 1000.0, 'nu': 2, 'sigma': 0.0}. Best is trial 113 with value: 0.06723997982752.
[I 2026-08-16 17:34:58,691] Trial 129 finished with value: 0.0672641233776646 and parameters: {'rho_e': 0.5564911064974597, 'rho_d': 69.71954475250591, 'nu': 2, 'sigma': 0.3089204290082649}. Best is trial 113 with value: 0.06723997982752.
[I 2026-08-16 17:35:49,451] Trial 130 finished with value: 0.08948398709153513 and parameters: {'rho_e': 8.688295867916539, 'rho_d': 1e-05, 'nu': 2, 'sigma': 1.0}. Best is trial 113 with value: 0.06723997982752.
[I 2026-08-16 17:36:40,305] Trial 131 finished with value: 0.08248084966115604 and parameters: {'rho_e': 0.004824654508068793, 'rho_d': 0.007385730652236861, 'nu': 2, 'sigma': 0.0}. Best is trial 113 with value: 0.06723997982752.
[I 2026-08-16 17:37:31,480] Trial 132 finished with value: 0.07292360560567007 and parameters: {'rho_e': 0.029488389512063527, 'rho_d': 0.042039952261961104, 'nu': 19, 'sigma': 0.2462108442915841}. Best is trial 113 with value: 0.06723997982752.
[I 2026-08-16 17:38:22,745] Trial 133 finished with value: 0.07013736359032056 and parameters: {'rho_e': 0.2249895649798751, 'rho_d': 44.10875038054409, 'nu': 2, 'sigma': 0.13794067921520609}. Best is trial 113 with value: 0.06723997982752.
[I 2026-08-16 17:39:14,376] Trial 134 finished with value: 0.0672718085400297 and parameters: {'rho_e': 0.5411978734643894, 'rho_d': 67.29063120456966, 'nu': 2, 'sigma': 0.3070571186283866}. Best is trial 113 with value: 0.06723997982752.
[I 2026-08-16 17:40:05,777] Trial 135 finished with value: 0.07971453992340302 and parameters: {'rho_e': 0.01800354661705154, 'rho_d': 0.009489392819293375, 'nu': 36, 'sigma': 0.5111730799580848}. Best is trial 113 with value: 0.06723997982752.
[I 2026-08-16 17:40:56,954] Trial 136 finished with value: 0.07165475047636516 and parameters: {'rho_e': 0.08197490342005334, 'rho_d': 1.222006369273779, 'nu': 36, 'sigma': 0.2542729920110532}. Best is trial 113 with value: 0.06723997982752.
[I 2026-08-16 17:41:48,132] Trial 137 finished with value: 0.06844951198193566 and parameters: {'rho_e': 0.10417258908158449, 'rho_d': 0.9906237709598856, 'nu': 2, 'sigma': 0.2495414332421775}. Best is trial 113 with value: 0.06723997982752.
[I 2026-08-16 17:42:38,705] Trial 138 finished with value: 0.0708708317645884 and parameters: {'rho_e': 0.1650010768342213, 'rho_d': 6.955795392464708, 'nu': 2, 'sigma': 0.2530114615543371}. Best is trial 113 with value: 0.06723997982752.
[I 2026-08-16 17:43:29,577] Trial 139 finished with value: 0.06430722289393452 and parameters: {'rho_e': 0.08040680220325609, 'rho_d': 0.17732268308574717, 'nu': 2, 'sigma': 0.20087238560753076}. Best is trial 139 with value: 0.06430722289393452.
[I 2026-08-16 17:44:20,400] Trial 140 finished with value: 0.06494066333833681 and parameters: {'rho_e': 0.08498038888967456, 'rho_d': 0.09217262799709364, 'nu': 2, 'sigma': 0.1799823036208079}. Best is trial 139 with value: 0.06430722289393452.
[I 2026-08-16 17:45:11,186] Trial 141 finished with value: 0.06430722289393451 and parameters: {'rho_e': 0.08040680220325609, 'rho_d': 0.17732268308574717, 'nu': 2, 'sigma': 0.2008723856075308}. Best is trial 141 with value: 0.06430722289393451.
[I 2026-08-16 17:46:01,715] Trial 142 finished with value: 0.06488999262409109 and parameters: {'rho_e': 0.0636724778332757, 'rho_d': 0.1289182975047633, 'nu': 2, 'sigma': 0.21049749223636177}. Best is trial 141 with value: 0.06430722289393451.
[I 2026-08-16 17:46:52,326] Trial 143 finished with value: 0.06490954435592733 and parameters: {'rho_e': 0.07871673286672172, 'rho_d': 0.18744794268242096, 'nu': 2, 'sigma': 0.16842554412413074}. Best is trial 141 with value: 0.06430722289393451.
[I 2026-08-16 17:47:42,985] Trial 144 finished with value: 0.06438119616014863 and parameters: {'rho_e': 0.08609894626736395, 'rho_d': 0.15229318574048023, 'nu': 2, 'sigma': 0.2174937413928218}. Best is trial 141 with value: 0.06430722289393451.
[I 2026-08-16 17:48:33,639] Trial 145 finished with value: 0.06409511125443859 and parameters: {'rho_e': 0.08312379405934436, 'rho_d': 0.15564620359310105, 'nu': 2, 'sigma': 0.20931204960058483}. Best is trial 145 with value: 0.06409511125443859.
[I 2026-08-16 17:49:24,555] Trial 146 finished with value: 0.08973120802239656 and parameters: {'rho_e': 1000.0, 'rho_d': 0.07046561695077354, 'nu': 2, 'sigma': 1.0}. Best is trial 145 with value: 0.06409511125443859.
[I 2026-08-16 17:50:15,518] Trial 147 finished with value: 0.08869989713678642 and parameters: {'rho_e': 0.0023629899719091263, 'rho_d': 1000.0, 'nu': 36, 'sigma': 0.0}. Best is trial 145 with value: 0.06409511125443859.
[I 2026-08-16 17:51:07,498] Trial 148 finished with value: 0.06549750013854887 and parameters: {'rho_e': 0.08015287901026365, 'rho_d': 0.15623880393736977, 'nu': 6, 'sigma': 0.208176528905008}. Best is trial 145 with value: 0.06409511125443859.
[I 2026-08-16 17:51:58,713] Trial 149 finished with value: 0.08089086831911604 and parameters: {'rho_e': 0.002967901859257055, 'rho_d': 1e-05, 'nu': 36, 'sigma': 0.0}. Best is trial 145 with value: 0.06409511125443859.
[I 2026-08-16 17:52:49,745] Trial 150 finished with value: 0.08049755475521561 and parameters: {'rho_e': 0.0009455887880718784, 'rho_d': 1e-05, 'nu': 36, 'sigma': 0.4164017922062682}. Best is trial 145 with value: 0.06409511125443859.
[I 2026-08-16 17:53:40,609] Trial 151 finished with value: 0.11394381704151818 and parameters: {'rho_e': 1e-05, 'rho_d': 1000.0, 'nu': 2, 'sigma': 0.9999999999999999}. Best is trial 145 with value: 0.06409511125443859.
[I 2026-08-16 17:54:31,189] Trial 152 finished with value: 0.08005697058577499 and parameters: {'rho_e': 1e-05, 'rho_d': 1e-05, 'nu': 36, 'sigma': 0.37374394367408725}. Best is trial 145 with value: 0.06409511125443859.
[I 2026-08-16 17:55:21,552] Trial 153 finished with value: 0.08072193942937389 and parameters: {'rho_e': 1e-05, 'rho_d': 0.010878449072456015, 'nu': 36, 'sigma': 0.39283459278819943}. Best is trial 145 with value: 0.06409511125443859.
[I 2026-08-16 17:56:11,778] Trial 154 finished with value: 0.07726540034526583 and parameters: {'rho_e': 0.0019277732836207265, 'rho_d': 1e-05, 'nu': 2, 'sigma': 0.21550461290115652}. Best is trial 145 with value: 0.06409511125443859.
[I 2026-08-16 17:57:01,668] Trial 155 finished with value: 0.08121792017489209 and parameters: {'rho_e': 0.00012077156162336465, 'rho_d': 0.0171237258481476, 'nu': 36, 'sigma': 0.0}. Best is trial 145 with value: 0.06409511125443859.
[I 2026-08-16 17:57:51,624] Trial 156 finished with value: 0.07640647457503168 and parameters: {'rho_e': 0.5538248580423297, 'rho_d': 1000.0, 'nu': 36, 'sigma': 1.0}. Best is trial 145 with value: 0.06409511125443859.
[I 2026-08-16 17:58:41,468] Trial 157 finished with value: 0.0805188750690774 and parameters: {'rho_e': 0.15393811333948323, 'rho_d': 14.430630274952343, 'nu': 36, 'sigma': 1.0}. Best is trial 145 with value: 0.06409511125443859.
[I 2026-08-16 17:59:31,412] Trial 158 finished with value: 0.07294269879852114 and parameters: {'rho_e': 0.6557416393730798, 'rho_d': 1000.0, 'nu': 36, 'sigma': 0.1986044539816753}. Best is trial 145 with value: 0.06409511125443859.
[I 2026-08-16 18:00:21,314] Trial 159 finished with value: 0.08728669788916774 and parameters: {'rho_e': 0.055143068158813494, 'rho_d': 999.999999999998, 'nu': 36, 'sigma': 1.0}. Best is trial 145 with value: 0.06409511125443859.
[I 2026-08-16 18:01:11,218] Trial 160 finished with value: 0.07903025112565636 and parameters: {'rho_e': 0.01798298707934052, 'rho_d': 1e-05, 'nu': 36, 'sigma': 0.32756087692530594}. Best is trial 145 with value: 0.06409511125443859.
[I 2026-08-16 18:02:01,248] Trial 161 finished with value: 0.09011772424146641 and parameters: {'rho_e': 3.4238775913685737, 'rho_d': 0.005382784812971469, 'nu': 2, 'sigma': 1.0}. Best is trial 145 with value: 0.06409511125443859.
[I 2026-08-16 18:02:50,905] Trial 162 finished with value: 0.08631483480704896 and parameters: {'rho_e': 0.00025865724918729696, 'rho_d': 1e-05, 'nu': 36, 'sigma': 1.0}. Best is trial 145 with value: 0.06409511125443859.
[I 2026-08-16 18:03:40,787] Trial 163 finished with value: 0.08572604555945945 and parameters: {'rho_e': 1e-05, 'rho_d': 0.014554529914190657, 'nu': 36, 'sigma': 1.0}. Best is trial 145 with value: 0.06409511125443859.
[I 2026-08-16 18:04:30,666] Trial 164 finished with value: 0.09463727315939055 and parameters: {'rho_e': 2.5254029102803535, 'rho_d': 1000.0, 'nu': 2, 'sigma': 1.0}. Best is trial 145 with value: 0.06409511125443859.
[I 2026-08-16 18:05:20,577] Trial 165 finished with value: 0.07158809287114662 and parameters: {'rho_e': 1.1163093677165106, 'rho_d': 1000.0, 'nu': 36, 'sigma': 0.48041109398873966}. Best is trial 145 with value: 0.06409511125443859.
[I 2026-08-16 18:06:10,459] Trial 166 finished with value: 0.08631508752646595 and parameters: {'rho_e': 1e-05, 'rho_d': 1e-05, 'nu': 36, 'sigma': 1.0}. Best is trial 145 with value: 0.06409511125443859.
[I 2026-08-16 18:07:00,264] Trial 167 finished with value: 0.07011187360229384 and parameters: {'rho_e': 0.5343247333908345, 'rho_d': 69.6137220749446, 'nu': 36, 'sigma': 0.4749983881090369}. Best is trial 145 with value: 0.06409511125443859.
[I 2026-08-16 18:07:50,183] Trial 168 finished with value: 0.08081400130466251 and parameters: {'rho_e': 0.14005987640371972, 'rho_d': 1000.0, 'nu': 2, 'sigma': 0.0}. Best is trial 145 with value: 0.06409511125443859.
[I 2026-08-16 18:08:40,208] Trial 169 finished with value: 0.08788683261351118 and parameters: {'rho_e': 1e-05, 'rho_d': 2.926691857014583, 'nu': 2, 'sigma': 0.0}. Best is trial 145 with value: 0.06409511125443859.
[I 2026-08-16 18:09:30,335] Trial 170 finished with value: 0.07200690843083751 and parameters: {'rho_e': 0.04644180465293465, 'rho_d': 0.2961437645440945, 'nu': 36, 'sigma': 0.0}. Best is trial 145 with value: 0.06409511125443859.
[I 2026-08-16 18:10:20,502] Trial 171 finished with value: 0.08696249497194883 and parameters: {'rho_e': 0.00010643596968918246, 'rho_d': 1000.0, 'nu': 36, 'sigma': 0.42372252087612594}. Best is trial 145 with value: 0.06409511125443859.
[I 2026-08-16 18:11:10,850] Trial 172 finished with value: 0.0845961245268737 and parameters: {'rho_e': 0.0005571482940689681, 'rho_d': 1.2885969004457496, 'nu': 2, 'sigma': 0.0}. Best is trial 145 with value: 0.06409511125443859.
[I 2026-08-16 18:12:01,131] Trial 173 finished with value: 0.08692968284463781 and parameters: {'rho_e': 1e-05, 'rho_d': 1e-05, 'nu': 2, 'sigma': 0.41143184624846657}. Best is trial 145 with value: 0.06409511125443859.
[I 2026-08-16 18:12:51,539] Trial 174 finished with value: 0.07208939966068913 and parameters: {'rho_e': 0.8109380872174652, 'rho_d': 180.84579916114225, 'nu': 36, 'sigma': 0.7379220258098459}. Best is trial 145 with value: 0.06409511125443859.
[I 2026-08-16 18:13:42,121] Trial 175 finished with value: 0.08973120802239656 and parameters: {'rho_e': 1000.0, 'rho_d': 1e-05, 'nu': 2, 'sigma': 1.0}. Best is trial 145 with value: 0.06409511125443859.
[I 2026-08-16 18:14:32,779] Trial 176 finished with value: 0.0862782331087169 and parameters: {'rho_e': 0.00032174141700582924, 'rho_d': 0.008700960826442998, 'nu': 36, 'sigma': 1.0}. Best is trial 145 with value: 0.06409511125443859.
[I 2026-08-16 18:15:23,660] Trial 177 finished with value: 0.07174690574680292 and parameters: {'rho_e': 0.9279479204508869, 'rho_d': 245.81387047269584, 'nu': 21, 'sigma': 0.4783612870035234}. Best is trial 145 with value: 0.06409511125443859.
[I 2026-08-16 18:16:14,537] Trial 178 finished with value: 0.07784500790985471 and parameters: {'rho_e': 0.019282753739848908, 'rho_d': 1e-05, 'nu': 2, 'sigma': 0.30223632825648666}. Best is trial 145 with value: 0.06409511125443859.
[I 2026-08-16 18:17:05,192] Trial 179 finished with value: 0.10372818466112037 and parameters: {'rho_e': 0.10643549865382428, 'rho_d': 1e-05, 'nu': 2, 'sigma': 0.0}. Best is trial 145 with value: 0.06409511125443859.
[I 2026-08-16 18:17:55,630] Trial 180 finished with value: 0.08537766798232896 and parameters: {'rho_e': 0.0029649576374903013, 'rho_d': 1.576627084513399, 'nu': 36, 'sigma': 0.0}. Best is trial 145 with value: 0.06409511125443859.
[I 2026-08-16 18:18:45,983] Trial 181 finished with value: 0.08155735942135611 and parameters: {'rho_e': 0.06184633769404588, 'rho_d': 0.028373115766388752, 'nu': 36, 'sigma': 1.0}. Best is trial 145 with value: 0.06409511125443859.
