[I 2026-08-16 14:55:37,443] Trial 179 finished with value: 0.0719893910533694 and parameters: {'rho_e': 0.03842149933514663, 'rho_d': 4.249137521116788e-05, 'nu': 2, 'sigma': 0.35137236488530627}. Best is trial 151 with value: 0.07147797371791542.
[I 2026-08-16 14:56:12,232] Trial 180 finished with value: 0.07178694366155113 and parameters: {'rho_e': 0.05005992598177861, 'rho_d': 0.00015359688564440995, 'nu': 2, 'sigma': 0.396349866238834}. Best is trial 151 with value: 0.07147797371791542.
[I 2026-08-16 14:56:47,133] Trial 181 finished with value: 0.07729113335678454 and parameters: {'rho_e': 4.560994997226178, 'rho_d': 999.999999999998, 'nu': 2, 'sigma': 0.3960738093489804}. Best is trial 151 with value: 0.07147797371791542.
[I 2026-08-16 14:57:22,140] Trial 182 finished with value: 0.0713479826435664 and parameters: {'rho_e': 0.04471571624364524, 'rho_d': 0.0002795301403415632, 'nu': 2, 'sigma': 0.37485760311254723}. Best is trial 182 with value: 0.0713479826435664.
[I 2026-08-16 14:57:56,991] Trial 183 finished with value: 0.07162956807298486 and parameters: {'rho_e': 0.04510712689384777, 'rho_d': 0.00041161153665372844, 'nu': 2, 'sigma': 0.37624554299169616}. Best is trial 182 with value: 0.0713479826435664.
[I 2026-08-16 14:58:32,012] Trial 184 finished with value: 0.07181354913714447 and parameters: {'rho_e': 0.04052795467985708, 'rho_d': 0.0002465966784472037, 'nu': 2, 'sigma': 0.37664407341473993}. Best is trial 182 with value: 0.0713479826435664.
[I 2026-08-16 14:59:05,822] Trial 185 finished with value: 0.07592980091376084 and parameters: {'rho_e': 12.313966216761516, 'rho_d': 1000.0, 'nu': 36, 'sigma': 0.0}. Best is trial 182 with value: 0.0713479826435664.
[I 2026-08-16 14:59:40,184] Trial 186 finished with value: 0.08640526501843766 and parameters: {'rho_e': 1e-05, 'rho_d': 0.00017647202398274377, 'nu': 2, 'sigma': 0.0}. Best is trial 182 with value: 0.0713479826435664.
[I 2026-08-16 15:00:15,112] Trial 187 finished with value: 0.1120115690326792 and parameters: {'rho_e': 1000.0, 'rho_d': 1e-05, 'nu': 2, 'sigma': 0.0}. Best is trial 182 with value: 0.0713479826435664.
[I 2026-08-16 15:00:50,130] Trial 188 finished with value: 0.09481549933036026 and parameters: {'rho_e': 999.999999999998, 'rho_d': 0.0020900312368398594, 'nu': 36, 'sigma': 1.0}. Best is trial 182 with value: 0.0713479826435664.
[I 2026-08-16 15:01:25,410] Trial 189 finished with value: 0.07477153783454085 and parameters: {'rho_e': 0.34734483785975684, 'rho_d': 39.132428872164304, 'nu': 36, 'sigma': 0.6682591195331181}. Best is trial 182 with value: 0.0713479826435664.
[I 2026-08-16 15:01:59,271] Trial 190 finished with value: 0.07630345588363285 and parameters: {'rho_e': 0.3214944369557405, 'rho_d': 22.70209214884458, 'nu': 36, 'sigma': 0.300447314334024}. Best is trial 182 with value: 0.0713479826435664.
[I 2026-08-16 15:02:32,679] Trial 191 finished with value: 0.07790156079969543 and parameters: {'rho_e': 0.014534132466243846, 'rho_d': 1e-05, 'nu': 36, 'sigma': 0.31421552575428496}. Best is trial 182 with value: 0.0713479826435664.
[I 2026-08-16 15:03:00,229] Trial 192 finished with value: 0.07205202990415528 and parameters: {'rho_e': 0.05404213982548806, 'rho_d': 0.00034505828575065244, 'nu': 2, 'sigma': 0.3593131865328445}. Best is trial 182 with value: 0.0713479826435664.
[I 2026-08-16 15:03:28,849] Trial 193 finished with value: 0.0752607017715366 and parameters: {'rho_e': 2.1733694569259026, 'rho_d': 195.83568131526997, 'nu': 36, 'sigma': 0.0}. Best is trial 182 with value: 0.0713479826435664.
[I 2026-08-16 15:03:57,495] Trial 194 finished with value: 0.07735349055206987 and parameters: {'rho_e': 0.09938108122566201, 'rho_d': 0.00011203850473809752, 'nu': 36, 'sigma': 1.0}. Best is trial 182 with value: 0.0713479826435664.
[I 2026-08-16 15:04:26,143] Trial 195 finished with value: 0.07460157625459114 and parameters: {'rho_e': 1.7249881002715597, 'rho_d': 168.53428536025868, 'nu': 2, 'sigma': 0.0}. Best is trial 182 with value: 0.0713479826435664.
[I 2026-08-16 15:04:54,758] Trial 196 finished with value: 0.07343876268194237 and parameters: {'rho_e': 5.199133116359262, 'rho_d': 999.999999999998, 'nu': 18, 'sigma': 0.0}. Best is trial 182 with value: 0.0713479826435664.
[I 2026-08-16 15:05:23,428] Trial 197 finished with value: 0.09051546931913118 and parameters: {'rho_e': 118.77932419054012, 'rho_d': 0.0005282173491224886, 'nu': 2, 'sigma': 1.0}. Best is trial 182 with value: 0.0713479826435664.
[I 2026-08-16 15:05:52,109] Trial 198 finished with value: 0.0739401059260587 and parameters: {'rho_e': 0.09987547380121889, 'rho_d': 1e-05, 'nu': 2, 'sigma': 0.49117647307610734}. Best is trial 182 with value: 0.0713479826435664.
[I 2026-08-16 15:06:20,789] Trial 199 finished with value: 0.0723113738158617 and parameters: {'rho_e': 0.039065703250306574, 'rho_d': 0.00010156554719106261, 'nu': 2, 'sigma': 0.38631226038508953}. Best is trial 182 with value: 0.0713479826435664.
/home/gterren/dynamic_update/functional_forecast_dynamic_update/scripts/validate_zone_ffc_mpi.py:1094: FutureWarning: The behavior of DataFrame concatenation with empty or all-NA entries is deprecated. In a future version, this will no longer exclude empty or all-NA columns when determining the result dtypes. To retain the old behavior, exclude the relevant entries before the concat operation.
  results_df = pd.concat([results_df, prob_results], axis = 0, ignore_index=True)
