/home/gterren/dynamic_update/functional_forecast_dynamic_update/scripts/validate_zone_ffc_mpi.py:673: ExperimentalWarning: GPSampler is experimental (supported from v3.6.0). The interface can change in the future.
  sampler=GPSampler(seed=SEED, n_startup_trials=0)
[I 2026-08-16 13:02:45,479] A new study created in memory with name: no-name-b36f6bdf-fbaf-4387-a961-2d40c0dcb281
[I 2026-08-16 13:03:32,219] Trial 0 finished with value: 0.10244185802492484 and parameters: {'rho_e': 320.48049270601035, 'rho_d': 7.333720044069125e-05, 'nu': 34, 'sigma': 0.34161895725503777}. Best is trial 0 with value: 0.10244185802492484.
[I 2026-08-16 13:04:14,746] Trial 1 finished with value: 0.09184461765220908 and parameters: {'rho_e': 714.2318580621164, 'rho_d': 7.880301998103747, 'nu': 14, 'sigma': 0.5640663113520826}. Best is trial 1 with value: 0.09184461765220908.
[I 2026-08-16 13:04:56,811] Trial 2 finished with value: 0.09863427736468527 and parameters: {'rho_e': 90.68365035523885, 'rho_d': 97.28200063020995, 'nu': 15, 'sigma': 0.6170686539921842}. Best is trial 1 with value: 0.09184461765220908.
[I 2026-08-16 13:05:38,384] Trial 3 finished with value: 0.11108683687042245 and parameters: {'rho_e': 34.09764974093975, 'rho_d': 1.8123134792657378, 'nu': 12, 'sigma': 0.03955694153629689}. Best is trial 1 with value: 0.09184461765220908.
[I 2026-08-16 13:06:20,115] Trial 4 finished with value: 0.09405294068375789 and parameters: {'rho_e': 0.03475995405019492, 'rho_d': 0.11138976964905928, 'nu': 7, 'sigma': 0.546009361076742}. Best is trial 1 with value: 0.09184461765220908.
[I 2026-08-16 13:07:02,155] Trial 5 finished with value: 0.08897214455501273 and parameters: {'rho_e': 3.807181325856371e-05, 'rho_d': 0.000138354297677471, 'nu': 9, 'sigma': 0.32339670371682033}. Best is trial 5 with value: 0.08897214455501273.
[I 2026-08-16 13:07:44,621] Trial 6 finished with value: 0.09721455549737491 and parameters: {'rho_e': 5.553831725156411e-05, 'rho_d': 0.0005916483668115688, 'nu': 3, 'sigma': 0.8983600164394779}. Best is trial 5 with value: 0.08897214455501273.
[I 2026-08-16 13:08:26,241] Trial 7 finished with value: 0.09434369220908362 and parameters: {'rho_e': 0.0002147046480063219, 'rho_d': 17.176405562094168, 'nu': 32, 'sigma': 0.16345900097034335}. Best is trial 5 with value: 0.08897214455501273.
[I 2026-08-16 13:09:08,758] Trial 8 finished with value: 0.09521744627751969 and parameters: {'rho_e': 0.00039295529172662095, 'rho_d': 0.008983614558532275, 'nu': 19, 'sigma': 0.672973803669145}. Best is trial 5 with value: 0.08897214455501273.
[I 2026-08-16 13:09:50,427] Trial 9 finished with value: 0.08144862767307319 and parameters: {'rho_e': 0.3297833201098901, 'rho_d': 9.211714948268902, 'nu': 29, 'sigma': 0.18513435223250624}. Best is trial 9 with value: 0.08144862767307319.
[I 2026-08-16 13:10:32,787] Trial 10 finished with value: 0.1008331097003663 and parameters: {'rho_e': 0.00032743449687552774, 'rho_d': 0.06982459335646382, 'nu': 9, 'sigma': 0.5792478451202063}. Best is trial 9 with value: 0.08144862767307319.
[I 2026-08-16 13:11:14,498] Trial 11 finished with value: 0.08972495282463266 and parameters: {'rho_e': 8.16547317679453e-05, 'rho_d': 2.4989297252983232e-05, 'nu': 10, 'sigma': 0.41061226315015686}. Best is trial 9 with value: 0.08144862767307319.
[I 2026-08-16 13:11:56,957] Trial 12 finished with value: 0.10145600089458509 and parameters: {'rho_e': 120.0954437207198, 'rho_d': 242.85242029746937, 'nu': 32, 'sigma': 0.9360668636803037}. Best is trial 9 with value: 0.08144862767307319.
[I 2026-08-16 13:12:33,774] Trial 13 finished with value: 0.1025640438475404 and parameters: {'rho_e': 148.14344553176596, 'rho_d': 0.5265790180554144, 'nu': 26, 'sigma': 0.2609687718092598}. Best is trial 9 with value: 0.08144862767307319.
[I 2026-08-16 13:13:07,923] Trial 14 finished with value: 0.10943142001922729 and parameters: {'rho_e': 0.0012364362503263237, 'rho_d': 0.15322002229043483, 'nu': 13, 'sigma': 0.9515959537053901}. Best is trial 9 with value: 0.08144862767307319.
[I 2026-08-16 13:13:41,579] Trial 15 finished with value: 0.09368440005655335 and parameters: {'rho_e': 0.007445793612460039, 'rho_d': 137.09981367260704, 'nu': 23, 'sigma': 0.3660501592040706}. Best is trial 9 with value: 0.08144862767307319.
[I 2026-08-16 13:14:19,595] Trial 16 finished with value: 0.0975399801781732 and parameters: {'rho_e': 0.002331219976154238, 'rho_d': 392.7935435250583, 'nu': 35, 'sigma': 0.8741179454716912}. Best is trial 9 with value: 0.08144862767307319.
[I 2026-08-16 13:14:55,709] Trial 17 finished with value: 0.09424063145372921 and parameters: {'rho_e': 58.790303564087075, 'rho_d': 0.05935824250108043, 'nu': 31, 'sigma': 0.9216627658858851}. Best is trial 9 with value: 0.08144862767307319.
[I 2026-08-16 13:15:31,944] Trial 18 finished with value: 0.09151488076709671 and parameters: {'rho_e': 0.014580639344596942, 'rho_d': 174.2155211031002, 'nu': 36, 'sigma': 0.4028597931525407}. Best is trial 9 with value: 0.08144862767307319.
[I 2026-08-16 13:16:07,562] Trial 19 finished with value: 0.09395168004364671 and parameters: {'rho_e': 1.551834292783962e-05, 'rho_d': 7.758979887421448e-05, 'nu': 21, 'sigma': 0.8626656052613566}. Best is trial 9 with value: 0.08144862767307319.
[I 2026-08-16 13:16:43,061] Trial 20 finished with value: 0.09678380773021289 and parameters: {'rho_e': 0.009046633091153963, 'rho_d': 0.009973086216759817, 'nu': 19, 'sigma': 0.9666069253628409}. Best is trial 9 with value: 0.08144862767307319.
[I 2026-08-16 13:17:19,570] Trial 21 finished with value: 0.09431082757160938 and parameters: {'rho_e': 269.68912307558213, 'rho_d': 0.0013085337566522048, 'nu': 23, 'sigma': 0.6049507531969688}. Best is trial 9 with value: 0.08144862767307319.
[I 2026-08-16 13:17:55,331] Trial 22 finished with value: 0.08878769147276638 and parameters: {'rho_e': 504.8700620745148, 'rho_d': 0.00019757983555148038, 'nu': 5, 'sigma': 0.8532382499765339}. Best is trial 9 with value: 0.08144862767307319.
[I 2026-08-16 13:18:31,771] Trial 23 finished with value: 0.08671904732938605 and parameters: {'rho_e': 1.7746640904286266, 'rho_d': 1.549040305360904e-05, 'nu': 7, 'sigma': 0.6204933603595459}. Best is trial 9 with value: 0.08144862767307319.
[I 2026-08-16 13:19:07,880] Trial 24 finished with value: 0.10756119919330823 and parameters: {'rho_e': 11.673891313075186, 'rho_d': 0.03707447477903782, 'nu': 35, 'sigma': 0.1359820180272283}. Best is trial 9 with value: 0.08144862767307319.
[I 2026-08-16 13:19:45,725] Trial 25 finished with value: 0.10324215415241463 and parameters: {'rho_e': 2.2156827969853805, 'rho_d': 3.692191347356584e-05, 'nu': 22, 'sigma': 0.07674293879615599}. Best is trial 9 with value: 0.08144862767307319.
[I 2026-08-16 13:20:22,007] Trial 26 finished with value: 0.08546813874993742 and parameters: {'rho_e': 0.004544380665804007, 'rho_d': 0.00023035939536654332, 'nu': 32, 'sigma': 0.25784346919035067}. Best is trial 9 with value: 0.08144862767307319.
[I 2026-08-16 13:20:58,611] Trial 27 finished with value: 0.07808963841960984 and parameters: {'rho_e': 1.3826927126900712, 'rho_d': 64.78251153341243, 'nu': 8, 'sigma': 0.3167722166619299}. Best is trial 27 with value: 0.07808963841960984.
[I 2026-08-16 13:21:35,088] Trial 28 finished with value: 0.11264924325764057 and parameters: {'rho_e': 847.5752595376426, 'rho_d': 635.234736886619, 'nu': 34, 'sigma': 0.1439418689780986}. Best is trial 27 with value: 0.07808963841960984.
[I 2026-08-16 13:22:13,797] Trial 29 finished with value: 0.09784775458444528 and parameters: {'rho_e': 92.45494909910872, 'rho_d': 0.011334226708406118, 'nu': 26, 'sigma': 0.42583995993007934}. Best is trial 27 with value: 0.07808963841960984.
[I 2026-08-16 13:22:55,624] Trial 30 finished with value: 0.10436963482746456 and parameters: {'rho_e': 1.0131460240934304e-05, 'rho_d': 0.2653121086531181, 'nu': 6, 'sigma': 0.44201403494614916}. Best is trial 27 with value: 0.07808963841960984.
[I 2026-08-16 13:23:37,251] Trial 31 finished with value: 0.09169508928390069 and parameters: {'rho_e': 45.45766213389336, 'rho_d': 0.0025868602779063267, 'nu': 4, 'sigma': 0.38317322712608465}. Best is trial 27 with value: 0.07808963841960984.
[I 2026-08-16 13:24:19,681] Trial 32 finished with value: 0.10069461272699774 and parameters: {'rho_e': 12.753570002551308, 'rho_d': 0.4633466535985563, 'nu': 30, 'sigma': 0.33427812215348657}. Best is trial 27 with value: 0.07808963841960984.
[I 2026-08-16 13:25:01,245] Trial 33 finished with value: 0.09578346097345515 and parameters: {'rho_e': 4.965498044708172, 'rho_d': 0.423970550119016, 'nu': 30, 'sigma': 0.7788321911718593}. Best is trial 27 with value: 0.07808963841960984.
[I 2026-08-16 13:25:43,698] Trial 34 finished with value: 0.0932270045947679 and parameters: {'rho_e': 180.94562030525123, 'rho_d': 0.015332133818559709, 'nu': 21, 'sigma': 0.6868735114272253}. Best is trial 27 with value: 0.07808963841960984.
[I 2026-08-16 13:26:24,068] Trial 35 finished with value: 0.08666269508573077 and parameters: {'rho_e': 0.6085430963528888, 'rho_d': 2.0420730916203814e-05, 'nu': 17, 'sigma': 0.49669181962302233}. Best is trial 27 with value: 0.07808963841960984.
[I 2026-08-16 13:27:02,928] Trial 36 finished with value: 0.08346655925126238 and parameters: {'rho_e': 0.00928603156398131, 'rho_d': 4.888364469054896e-05, 'nu': 32, 'sigma': 0.6699979877065975}. Best is trial 27 with value: 0.07808963841960984.
[I 2026-08-16 13:27:42,422] Trial 37 finished with value: 0.11039606617415859 and parameters: {'rho_e': 6.869204441610755, 'rho_d': 0.9291412989812996, 'nu': 22, 'sigma': 0.12361705429933466}. Best is trial 27 with value: 0.07808963841960984.
[I 2026-08-16 13:28:24,790] Trial 38 finished with value: 0.09103164361887811 and parameters: {'rho_e': 224.63043333270562, 'rho_d': 0.0004148606041900776, 'nu': 15, 'sigma': 0.7352474706157236}. Best is trial 27 with value: 0.07808963841960984.
[I 2026-08-16 13:29:06,591] Trial 39 finished with value: 0.10336412552769367 and parameters: {'rho_e': 1.267081003095647e-05, 'rho_d': 0.04273530719106839, 'nu': 14, 'sigma': 0.7688281578751173}. Best is trial 27 with value: 0.07808963841960984.
[I 2026-08-16 13:29:49,062] Trial 40 finished with value: 0.0970982367890606 and parameters: {'rho_e': 0.012493083943583248, 'rho_d': 0.2028507300560964, 'nu': 23, 'sigma': 0.056227347433398675}. Best is trial 27 with value: 0.07808963841960984.
[I 2026-08-16 13:30:30,715] Trial 41 finished with value: 0.08899368637679442 and parameters: {'rho_e': 0.0007628531976274308, 'rho_d': 0.001670697392940989, 'nu': 29, 'sigma': 0.4584348767622854}. Best is trial 27 with value: 0.07808963841960984.
[I 2026-08-16 13:31:12,987] Trial 42 finished with value: 0.09388979243338079 and parameters: {'rho_e': 0.005806304421628637, 'rho_d': 1.4365977637269708e-05, 'nu': 2, 'sigma': 0.9106647475419452}. Best is trial 27 with value: 0.07808963841960984.
[I 2026-08-16 13:31:54,504] Trial 43 finished with value: 0.09041814623809818 and parameters: {'rho_e': 0.0008587368539217641, 'rho_d': 0.007288528117812194, 'nu': 11, 'sigma': 0.20396186869121644}. Best is trial 27 with value: 0.07808963841960984.
[I 2026-08-16 13:32:36,831] Trial 44 finished with value: 0.08216286159866867 and parameters: {'rho_e': 0.1792530484320524, 'rho_d': 3.479675194465007, 'nu': 3, 'sigma': 0.10525113802545309}. Best is trial 27 with value: 0.07808963841960984.
[I 2026-08-16 13:33:18,447] Trial 45 finished with value: 0.09025153848907125 and parameters: {'rho_e': 19.367126056962743, 'rho_d': 0.030252644562028107, 'nu': 4, 'sigma': 0.4336145360125894}. Best is trial 27 with value: 0.07808963841960984.
[I 2026-08-16 13:34:00,047] Trial 46 finished with value: 0.08440164285790863 and parameters: {'rho_e': 0.07819569654406465, 'rho_d': 1.9841520016538194, 'nu': 22, 'sigma': 0.04211050685633353}. Best is trial 27 with value: 0.07808963841960984.
[I 2026-08-16 13:34:41,636] Trial 47 finished with value: 0.09874217884480455 and parameters: {'rho_e': 669.3824717917842, 'rho_d': 0.00027660724373514654, 'nu': 16, 'sigma': 0.27678061563075596}. Best is trial 27 with value: 0.07808963841960984.
[I 2026-08-16 13:35:23,803] Trial 48 finished with value: 0.10088841739797762 and parameters: {'rho_e': 0.018501287512575466, 'rho_d': 0.22602256262332207, 'nu': 24, 'sigma': 0.8131818214754672}. Best is trial 27 with value: 0.07808963841960984.
[I 2026-08-16 13:36:05,577] Trial 49 finished with value: 0.09060582446550702 and parameters: {'rho_e': 0.1030501020203731, 'rho_d': 119.55056247732517, 'nu': 11, 'sigma': 0.944863474340989}. Best is trial 27 with value: 0.07808963841960984.
[I 2026-08-16 13:36:47,793] Trial 50 finished with value: 0.10178143009259842 and parameters: {'rho_e': 0.0026246544686353516, 'rho_d': 0.7935311340354209, 'nu': 35, 'sigma': 0.3919356624055371}. Best is trial 27 with value: 0.07808963841960984.
[I 2026-08-16 13:37:30,155] Trial 51 finished with value: 0.10005930241985447 and parameters: {'rho_e': 0.00017659937383951617, 'rho_d': 0.02674076982660716, 'nu': 13, 'sigma': 0.6384925895833462}. Best is trial 27 with value: 0.07808963841960984.
[I 2026-08-16 13:38:11,730] Trial 52 finished with value: 0.08986961527447318 and parameters: {'rho_e': 0.0438223544438519, 'rho_d': 13.27092330947627, 'nu': 12, 'sigma': 0.6482034219596354}. Best is trial 27 with value: 0.07808963841960984.
[I 2026-08-16 13:38:54,138] Trial 53 finished with value: 0.11344339959610908 and parameters: {'rho_e': 67.31177771756968, 'rho_d': 22.524024416890263, 'nu': 25, 'sigma': 0.11958239231100397}. Best is trial 27 with value: 0.07808963841960984.
[I 2026-08-16 13:39:35,808] Trial 54 finished with value: 0.08821281485140106 and parameters: {'rho_e': 0.06009686948832667, 'rho_d': 702.7766718230083, 'nu': 24, 'sigma': 0.17989747837144152}. Best is trial 27 with value: 0.07808963841960984.
[I 2026-08-16 13:40:17,317] Trial 55 finished with value: 0.0961035842873716 and parameters: {'rho_e': 0.00012101083302027408, 'rho_d': 85.12969823799796, 'nu': 26, 'sigma': 0.7516186948384436}. Best is trial 27 with value: 0.07808963841960984.
[I 2026-08-16 13:40:56,393] Trial 56 finished with value: 0.09939952006365471 and parameters: {'rho_e': 4.4449465705750724e-05, 'rho_d': 9.401784700431145e-05, 'nu': 4, 'sigma': 0.9942653496967248}. Best is trial 27 with value: 0.07808963841960984.
[I 2026-08-16 13:41:35,044] Trial 57 finished with value: 0.09047089693187528 and parameters: {'rho_e': 3.307257910022608, 'rho_d': 1.1511665095735834e-05, 'nu': 20, 'sigma': 0.6905301191059311}. Best is trial 27 with value: 0.07808963841960984.
[I 2026-08-16 13:42:16,939] Trial 58 finished with value: 0.10311976522087425 and parameters: {'rho_e': 0.0018704796883527702, 'rho_d': 524.5157096061105, 'nu': 19, 'sigma': 0.8898001613676954}. Best is trial 27 with value: 0.07808963841960984.
[I 2026-08-16 13:42:59,344] Trial 59 finished with value: 0.09766208942344945 and parameters: {'rho_e': 0.00023883766661560925, 'rho_d': 947.8058917732094, 'nu': 10, 'sigma': 0.3568854649530273}. Best is trial 27 with value: 0.07808963841960984.
[I 2026-08-16 13:43:41,246] Trial 60 finished with value: 0.09102939168457046 and parameters: {'rho_e': 30.153221315802828, 'rho_d': 0.006272183691824702, 'nu': 12, 'sigma': 0.8466806358880004}. Best is trial 27 with value: 0.07808963841960984.
[I 2026-08-16 13:44:23,587] Trial 61 finished with value: 0.07824554615348084 and parameters: {'rho_e': 0.226268097322272, 'rho_d': 283.5251734794936, 'nu': 17, 'sigma': 0.019964072188620115}. Best is trial 27 with value: 0.07808963841960984.
[I 2026-08-16 13:45:05,619] Trial 62 finished with value: 0.10552662790471906 and parameters: {'rho_e': 2.4798988920647473, 'rho_d': 17.450493767735836, 'nu': 13, 'sigma': 0.0039353243500312015}. Best is trial 27 with value: 0.07808963841960984.
[I 2026-08-16 13:45:48,091] Trial 63 finished with value: 0.08238249957509969 and parameters: {'rho_e': 0.025011677310605572, 'rho_d': 0.016946064387621387, 'nu': 5, 'sigma': 0.08841482055332675}. Best is trial 27 with value: 0.07808963841960984.
[I 2026-08-16 13:46:27,585] Trial 64 finished with value: 0.07708668122433679 and parameters: {'rho_e': 0.029456952680907967, 'rho_d': 2.912499879392691e-05, 'nu': 33, 'sigma': 0.974254661426714}. Best is trial 64 with value: 0.07708668122433679.
[I 2026-08-16 13:47:09,321] Trial 65 finished with value: 0.1026253779878488 and parameters: {'rho_e': 9.218225081546117e-05, 'rho_d': 0.1361310780000168, 'nu': 30, 'sigma': 0.7440945126870621}. Best is trial 64 with value: 0.07708668122433679.
[I 2026-08-16 13:47:51,035] Trial 66 finished with value: 0.10486116826498444 and parameters: {'rho_e': 21.482257030517378, 'rho_d': 42.52555482501704, 'nu': 27, 'sigma': 0.4609982391736993}. Best is trial 64 with value: 0.07708668122433679.
[I 2026-08-16 13:48:32,830] Trial 67 finished with value: 0.09285793475785603 and parameters: {'rho_e': 7.413442883472736e-05, 'rho_d': 207.16154979595137, 'nu': 18, 'sigma': 0.23019726500401494}. Best is trial 64 with value: 0.07708668122433679.
[I 2026-08-16 13:49:14,702] Trial 68 finished with value: 0.09408823071700315 and parameters: {'rho_e': 331.65607362397486, 'rho_d': 2.2977956617515165, 'nu': 31, 'sigma': 0.9880793079556061}. Best is trial 64 with value: 0.07708668122433679.
[I 2026-08-16 13:49:56,823] Trial 69 finished with value: 0.08783497951571004 and parameters: {'rho_e': 0.02228531315762712, 'rho_d': 25.232369392582758, 'nu': 25, 'sigma': 0.2216557233890635}. Best is trial 64 with value: 0.07708668122433679.
[I 2026-08-16 13:50:38,723] Trial 70 finished with value: 0.0797100311147502 and parameters: {'rho_e': 0.14969641630262168, 'rho_d': 54.06795952815221, 'nu': 20, 'sigma': 0.7103295068611721}. Best is trial 64 with value: 0.07708668122433679.
[I 2026-08-16 13:51:20,169] Trial 71 finished with value: 0.0876360417857916 and parameters: {'rho_e': 0.0017275438961041048, 'rho_d': 0.003548458129165728, 'nu': 28, 'sigma': 0.02796825543351146}. Best is trial 64 with value: 0.07708668122433679.
[I 2026-08-16 13:52:02,319] Trial 72 finished with value: 0.10299499729191089 and parameters: {'rho_e': 16.725979606950222, 'rho_d': 34.33925158049958, 'nu': 9, 'sigma': 0.802913518676575}. Best is trial 64 with value: 0.07708668122433679.
[I 2026-08-16 13:52:40,647] Trial 73 finished with value: 0.09167389110959702 and parameters: {'rho_e': 3.6122944035850635, 'rho_d': 0.01920927787961488, 'nu': 27, 'sigma': 0.7264140238743382}. Best is trial 64 with value: 0.07708668122433679.
[I 2026-08-16 13:53:19,622] Trial 74 finished with value: 0.0919457895134707 and parameters: {'rho_e': 38.61671152420864, 'rho_d': 0.002092292724802397, 'nu': 10, 'sigma': 0.47191996106294565}. Best is trial 64 with value: 0.07708668122433679.
[I 2026-08-16 13:54:00,356] Trial 75 finished with value: 0.09782105945679911 and parameters: {'rho_e': 2.450780781203914e-05, 'rho_d': 449.41470527134857, 'nu': 16, 'sigma': 0.5277083597945009}. Best is trial 64 with value: 0.07708668122433679.
[I 2026-08-16 13:54:41,140] Trial 76 finished with value: 0.09064218022073096 and parameters: {'rho_e': 0.00015760718394869903, 'rho_d': 0.0005200712074228567, 'nu': 15, 'sigma': 0.5106304992925566}. Best is trial 64 with value: 0.07708668122433679.
[I 2026-08-16 13:55:21,603] Trial 77 finished with value: 0.07527067974729701 and parameters: {'rho_e': 0.12333808423244141, 'rho_d': 0.0018142933109536823, 'nu': 4, 'sigma': 0.5331919170716646}. Best is trial 77 with value: 0.07527067974729701.
[I 2026-08-16 13:56:03,242] Trial 78 finished with value: 0.09895068810542249 and parameters: {'rho_e': 2.6615626186979542e-05, 'rho_d': 4.023562656475725, 'nu': 24, 'sigma': 0.48760603387528256}. Best is trial 77 with value: 0.07527067974729701.
[I 2026-08-16 13:56:44,050] Trial 79 finished with value: 0.09897007300318876 and parameters: {'rho_e': 451.9589689129725, 'rho_d': 6.286836703514959, 'nu': 18, 'sigma': 0.289480861806035}. Best is trial 77 with value: 0.07527067974729701.
[I 2026-08-16 13:57:25,647] Trial 80 finished with value: 0.10400768040907821 and parameters: {'rho_e': 0.0005064907910624623, 'rho_d': 0.34294972962194176, 'nu': 35, 'sigma': 0.6504115906201252}. Best is trial 77 with value: 0.07527067974729701.
[I 2026-08-16 13:58:06,579] Trial 81 finished with value: 0.09163532768161438 and parameters: {'rho_e': 1.1537053770394115, 'rho_d': 0.0001903153408941842, 'nu': 17, 'sigma': 0.30893609937588534}. Best is trial 77 with value: 0.07527067974729701.
[I 2026-08-16 13:58:48,324] Trial 82 finished with value: 0.09105601900625208 and parameters: {'rho_e': 0.0004165631246779191, 'rho_d': 0.00390870101242766, 'nu': 28, 'sigma': 0.5506632379880236}. Best is trial 77 with value: 0.07527067974729701.
[I 2026-08-16 13:59:29,344] Trial 83 finished with value: 0.08758839683526072 and parameters: {'rho_e': 3.230091141162473e-05, 'rho_d': 0.0012018846154684226, 'nu': 25, 'sigma': 0.19688751551933248}. Best is trial 77 with value: 0.07527067974729701.
[I 2026-08-16 14:00:11,242] Trial 84 finished with value: 0.08496141620123498 and parameters: {'rho_e': 0.09291954227513116, 'rho_d': 3.09424743819704, 'nu': 27, 'sigma': 0.7014670599510662}. Best is trial 77 with value: 0.07527067974729701.
[I 2026-08-16 14:00:52,356] Trial 85 finished with value: 0.1011316463880117 and parameters: {'rho_e': 0.003111638974228438, 'rho_d': 1.2149575344172832, 'nu': 33, 'sigma': 0.5953788769075302}. Best is trial 77 with value: 0.07527067974729701.
[I 2026-08-16 14:01:34,437] Trial 86 finished with value: 0.11132927901862827 and parameters: {'rho_e': 9.987810107211534, 'rho_d': 5.2299013316616865, 'nu': 3, 'sigma': 0.09085637693719704}. Best is trial 77 with value: 0.07527067974729701.
[I 2026-08-16 14:02:15,716] Trial 87 finished with value: 0.10078730386994304 and parameters: {'rho_e': 0.96044116828649, 'rho_d': 0.6420987843246544, 'nu': 17, 'sigma': 0.21429990725733172}. Best is trial 77 with value: 0.07527067974729701.
