[I 2026-08-16 13:23:37,185] Trial 88 finished with value: 0.09213223350766214 and parameters: {'rho_e': 0.486251533292777, 'rho_d': 52.14784654714354, 'nu': 6, 'sigma': 0.7891228370595951}. Best is trial 77 with value: 0.07381317588304932.
[I 2026-08-16 13:24:30,107] Trial 89 finished with value: 0.08867495249396987 and parameters: {'rho_e': 0.000612889380538402, 'rho_d': 6.25476322167153e-05, 'nu': 5, 'sigma': 0.9047950693848056}. Best is trial 77 with value: 0.07381317588304932.
[I 2026-08-16 13:25:23,046] Trial 90 finished with value: 0.10746034315079547 and parameters: {'rho_e': 7.905609421867139, 'rho_d': 1.482399313641124, 'nu': 20, 'sigma': 0.1529659116515288}. Best is trial 77 with value: 0.07381317588304932.
[I 2026-08-16 13:26:16,055] Trial 91 finished with value: 0.08784245993481539 and parameters: {'rho_e': 0.6819215330358105, 'rho_d': 0.0003702816334400203, 'nu': 33, 'sigma': 0.8384256258654897}. Best is trial 77 with value: 0.07381317588304932.
[I 2026-08-16 13:27:09,205] Trial 92 finished with value: 0.077773212606322 and parameters: {'rho_e': 0.004212958428106735, 'rho_d': 0.004678011386611994, 'nu': 8, 'sigma': 0.37791297465362256}. Best is trial 77 with value: 0.07381317588304932.
[I 2026-08-16 13:28:02,458] Trial 93 finished with value: 0.08190093316838343 and parameters: {'rho_e': 0.2677199530536358, 'rho_d': 11.763303983773799, 'nu': 11, 'sigma': 0.24816428628969947}. Best is trial 77 with value: 0.07381317588304932.
[I 2026-08-16 13:28:55,828] Trial 94 finished with value: 0.07712367791146033 and parameters: {'rho_e': 0.0011444406274560965, 'rho_d': 0.000721586105829393, 'nu': 14, 'sigma': 0.06114790393564393}. Best is trial 77 with value: 0.07381317588304932.
[I 2026-08-16 13:29:49,296] Trial 95 finished with value: 0.07960365740174954 and parameters: {'rho_e': 0.3792824094846887, 'rho_d': 0.0570033980864129, 'nu': 8, 'sigma': 0.8283112299515442}. Best is trial 77 with value: 0.07381317588304932.
[I 2026-08-16 13:30:42,716] Trial 96 finished with value: 0.08011640055005155 and parameters: {'rho_e': 1.9897379970608284e-05, 'rho_d': 0.000130016363482025, 'nu': 28, 'sigma': 0.5825780928860248}. Best is trial 77 with value: 0.07381317588304932.
[I 2026-08-16 13:31:36,167] Trial 97 finished with value: 0.09179961248648144 and parameters: {'rho_e': 0.8390481620733344, 'rho_d': 0.09244901937295714, 'nu': 29, 'sigma': 0.5060934257174607}. Best is trial 77 with value: 0.07381317588304932.
[I 2026-08-16 13:32:29,929] Trial 98 finished with value: 0.09905408745654669 and parameters: {'rho_e': 4.631918267545036, 'rho_d': 0.0009628776616921115, 'nu': 19, 'sigma': 0.2900502502494807}. Best is trial 77 with value: 0.07381317588304932.
[I 2026-08-16 13:33:22,736] Trial 99 finished with value: 0.07384746566150227 and parameters: {'rho_e': 0.04871965141021672, 'rho_d': 3.330825453140193e-05, 'nu': 7, 'sigma': 0.7954371049397843}. Best is trial 77 with value: 0.07381317588304932.
[I 2026-08-16 13:34:17,495] Trial 100 finished with value: 0.07723478920596993 and parameters: {'rho_e': 0.403449064250194, 'rho_d': 6.578162508874734e-05, 'nu': 2, 'sigma': 1.0}. Best is trial 77 with value: 0.07381317588304932.
[I 2026-08-16 13:35:10,964] Trial 101 finished with value: 0.07684923141005265 and parameters: {'rho_e': 977.0643195992053, 'rho_d': 0.0005546687642364934, 'nu': 2, 'sigma': 1.0}. Best is trial 77 with value: 0.07381317588304932.
[I 2026-08-16 13:36:04,491] Trial 102 finished with value: 0.07681649398512874 and parameters: {'rho_e': 217.89986406623478, 'rho_d': 1e-05, 'nu': 2, 'sigma': 1.0}. Best is trial 77 with value: 0.07381317588304932.
[I 2026-08-16 13:36:57,971] Trial 103 finished with value: 0.07349458575613463 and parameters: {'rho_e': 0.07810239478070598, 'rho_d': 0.00034285175878708696, 'nu': 2, 'sigma': 0.6766405783253451}. Best is trial 103 with value: 0.07349458575613463.
[I 2026-08-16 13:37:50,386] Trial 104 finished with value: 0.07752118968203288 and parameters: {'rho_e': 3.124462791570505e-05, 'rho_d': 1e-05, 'nu': 27, 'sigma': 0.0}. Best is trial 103 with value: 0.07349458575613463.
[I 2026-08-16 13:38:43,770] Trial 105 finished with value: 0.07491773741223366 and parameters: {'rho_e': 8.822197941309312, 'rho_d': 0.0006870876187506227, 'nu': 2, 'sigma': 0.8477572832875842}. Best is trial 103 with value: 0.07349458575613463.
[I 2026-08-16 13:39:37,441] Trial 106 finished with value: 0.07507672441308368 and parameters: {'rho_e': 0.059344252958639994, 'rho_d': 0.0001424109869605473, 'nu': 15, 'sigma': 0.7862741238048778}. Best is trial 103 with value: 0.07349458575613463.
[I 2026-08-16 13:40:30,974] Trial 107 finished with value: 0.07297030782725342 and parameters: {'rho_e': 0.03981976263075222, 'rho_d': 0.0017100872582062974, 'nu': 2, 'sigma': 0.3633207182493257}. Best is trial 107 with value: 0.07297030782725342.
[I 2026-08-16 13:41:24,567] Trial 108 finished with value: 0.07404963070196798 and parameters: {'rho_e': 0.11627376342606757, 'rho_d': 1e-05, 'nu': 2, 'sigma': 0.7075281839052245}. Best is trial 107 with value: 0.07297030782725342.
[I 2026-08-16 13:42:17,921] Trial 109 finished with value: 0.07600444158907645 and parameters: {'rho_e': 1000.0, 'rho_d': 1e-05, 'nu': 2, 'sigma': 0.8237815491774824}. Best is trial 107 with value: 0.07297030782725342.
[I 2026-08-16 13:43:10,531] Trial 110 finished with value: 0.07417954935737553 and parameters: {'rho_e': 0.05624743043422791, 'rho_d': 0.004846562152570195, 'nu': 2, 'sigma': 0.4238251800367379}. Best is trial 107 with value: 0.07297030782725342.
[I 2026-08-16 13:44:04,067] Trial 111 finished with value: 0.07283845825536808 and parameters: {'rho_e': 0.018166500912157404, 'rho_d': 0.0003060746968208766, 'nu': 2, 'sigma': 0.1845075659466396}. Best is trial 111 with value: 0.07283845825536808.
[I 2026-08-16 13:44:57,708] Trial 112 finished with value: 0.07278612594047706 and parameters: {'rho_e': 0.042241141918544764, 'rho_d': 0.00011119931632545679, 'nu': 2, 'sigma': 0.426555809521531}. Best is trial 112 with value: 0.07278612594047706.
[I 2026-08-16 13:45:51,318] Trial 113 finished with value: 0.07249931104489482 and parameters: {'rho_e': 0.025017322072700337, 'rho_d': 0.0004971543644074294, 'nu': 2, 'sigma': 0.2899634605759536}. Best is trial 113 with value: 0.07249931104489482.
[I 2026-08-16 13:46:44,847] Trial 114 finished with value: 0.07752118968203288 and parameters: {'rho_e': 1e-05, 'rho_d': 1e-05, 'nu': 2, 'sigma': 0.0}. Best is trial 113 with value: 0.07249931104489482.
[I 2026-08-16 13:47:38,428] Trial 115 finished with value: 0.07751662858045257 and parameters: {'rho_e': 8.374415803431758e-05, 'rho_d': 0.0003320766731142591, 'nu': 2, 'sigma': 0.0}. Best is trial 113 with value: 0.07249931104489482.
[I 2026-08-16 13:48:31,875] Trial 116 finished with value: 0.07537903999089182 and parameters: {'rho_e': 119.97127370996847, 'rho_d': 0.001636138938840185, 'nu': 2, 'sigma': 0.9526210210305378}. Best is trial 113 with value: 0.07249931104489482.
[I 2026-08-16 13:49:25,287] Trial 117 finished with value: 0.0728432939701542 and parameters: {'rho_e': 0.03743931459947683, 'rho_d': 0.000374559688038902, 'nu': 2, 'sigma': 0.24590517072147935}. Best is trial 113 with value: 0.07249931104489482.
[I 2026-08-16 13:50:18,906] Trial 118 finished with value: 0.0775128002515407 and parameters: {'rho_e': 0.0007013833485073346, 'rho_d': 1e-05, 'nu': 36, 'sigma': 0.0}. Best is trial 113 with value: 0.07249931104489482.
[I 2026-08-16 13:51:12,465] Trial 119 finished with value: 0.07268170423269173 and parameters: {'rho_e': 0.022488841262625212, 'rho_d': 0.0003486654526504782, 'nu': 9, 'sigma': 0.29909546002430093}. Best is trial 113 with value: 0.07249931104489482.
[I 2026-08-16 13:52:06,035] Trial 120 finished with value: 0.072966965133081 and parameters: {'rho_e': 0.015709149986347246, 'rho_d': 1e-05, 'nu': 10, 'sigma': 0.23031807535718088}. Best is trial 113 with value: 0.07249931104489482.
[I 2026-08-16 13:52:59,652] Trial 121 finished with value: 0.07220827960230353 and parameters: {'rho_e': 0.021093197782455657, 'rho_d': 6.789831255501772e-05, 'nu': 6, 'sigma': 0.30096636270565874}. Best is trial 121 with value: 0.07220827960230353.
[I 2026-08-16 13:53:53,389] Trial 122 finished with value: 0.07345528084520726 and parameters: {'rho_e': 0.026826837550151965, 'rho_d': 1e-05, 'nu': 11, 'sigma': 0.4409064891341486}. Best is trial 121 with value: 0.07220827960230353.
[I 2026-08-16 13:54:45,573] Trial 123 finished with value: 0.07469095642375068 and parameters: {'rho_e': 0.014438348843874177, 'rho_d': 1e-05, 'nu': 2, 'sigma': 0.0}. Best is trial 121 with value: 0.07220827960230353.
[I 2026-08-16 13:55:39,008] Trial 124 finished with value: 0.07222742674178922 and parameters: {'rho_e': 0.02635282429770404, 'rho_d': 1e-05, 'nu': 2, 'sigma': 0.27446964675939767}. Best is trial 121 with value: 0.07220827960230353.
[I 2026-08-16 13:56:32,531] Trial 125 finished with value: 0.07227683799825255 and parameters: {'rho_e': 0.023513697300052223, 'rho_d': 3.357973211150998e-05, 'nu': 2, 'sigma': 0.27659718049681276}. Best is trial 121 with value: 0.07220827960230353.
[I 2026-08-16 13:57:26,017] Trial 126 finished with value: 0.0712814557673119 and parameters: {'rho_e': 0.028206879580585008, 'rho_d': 2.3877305305087938e-05, 'nu': 5, 'sigma': 0.2635719543611723}. Best is trial 126 with value: 0.0712814557673119.
[I 2026-08-16 13:58:19,490] Trial 127 finished with value: 0.07272385986922367 and parameters: {'rho_e': 0.03739961194312813, 'rho_d': 1e-05, 'nu': 7, 'sigma': 0.1987394764283808}. Best is trial 126 with value: 0.0712814557673119.
[I 2026-08-16 13:59:12,839] Trial 128 finished with value: 0.08156896947183861 and parameters: {'rho_e': 0.0003901767691875487, 'rho_d': 1e-05, 'nu': 36, 'sigma': 1.0}. Best is trial 126 with value: 0.0712814557673119.
[I 2026-08-16 14:00:06,289] Trial 129 finished with value: 0.07532775613533861 and parameters: {'rho_e': 0.011166255500846519, 'rho_d': 1e-05, 'nu': 36, 'sigma': 0.0}. Best is trial 126 with value: 0.0712814557673119.
[I 2026-08-16 14:00:59,646] Trial 130 finished with value: 0.07751779795324193 and parameters: {'rho_e': 1e-05, 'rho_d': 0.0002825423255777249, 'nu': 36, 'sigma': 0.0}. Best is trial 126 with value: 0.0712814557673119.
[I 2026-08-16 14:01:53,284] Trial 131 finished with value: 0.07686364138395978 and parameters: {'rho_e': 1000.0, 'rho_d': 2.40558277805314, 'nu': 2, 'sigma': 1.0}. Best is trial 126 with value: 0.0712814557673119.
[I 2026-08-16 14:02:47,020] Trial 132 finished with value: 0.10521275173295995 and parameters: {'rho_e': 1000.0, 'rho_d': 1000.0, 'nu': 2, 'sigma': 1.0}. Best is trial 126 with value: 0.0712814557673119.
[I 2026-08-16 14:03:40,099] Trial 133 finished with value: 0.07551190599960425 and parameters: {'rho_e': 1000.0, 'rho_d': 0.10770815848628715, 'nu': 2, 'sigma': 0.8411712232187596}. Best is trial 126 with value: 0.0712814557673119.
[I 2026-08-16 14:04:33,314] Trial 134 finished with value: 0.07752924549450875 and parameters: {'rho_e': 1e-05, 'rho_d': 1e-05, 'nu': 36, 'sigma': 0.33821487392607785}. Best is trial 126 with value: 0.0712814557673119.
[I 2026-08-16 14:05:26,602] Trial 135 finished with value: 0.07630224624092387 and parameters: {'rho_e': 230.03381885733003, 'rho_d': 0.16620014432698393, 'nu': 2, 'sigma': 0.9858670090351136}. Best is trial 126 with value: 0.0712814557673119.
[I 2026-08-16 14:06:19,964] Trial 136 finished with value: 0.07317586910488857 and parameters: {'rho_e': 0.021020011752243956, 'rho_d': 5.8585211141164654e-05, 'nu': 14, 'sigma': 0.13595263414246442}. Best is trial 126 with value: 0.0712814557673119.
[I 2026-08-16 14:07:13,191] Trial 137 finished with value: 0.07605317261688699 and parameters: {'rho_e': 5.768705105989458, 'rho_d': 1e-05, 'nu': 2, 'sigma': 1.0}. Best is trial 126 with value: 0.0712814557673119.
[I 2026-08-16 14:08:06,660] Trial 138 finished with value: 0.07749389742100062 and parameters: {'rho_e': 0.00015700701262714303, 'rho_d': 0.0007923149866125152, 'nu': 36, 'sigma': 0.0}. Best is trial 126 with value: 0.0712814557673119.
[I 2026-08-16 14:09:00,135] Trial 139 finished with value: 0.08157072000544593 and parameters: {'rho_e': 1e-05, 'rho_d': 1e-05, 'nu': 36, 'sigma': 1.0}. Best is trial 126 with value: 0.0712814557673119.
[I 2026-08-16 14:09:53,539] Trial 140 finished with value: 0.07650962975444793 and parameters: {'rho_e': 11.528490304130703, 'rho_d': 0.01031273698775259, 'nu': 2, 'sigma': 1.0}. Best is trial 126 with value: 0.0712814557673119.
[I 2026-08-16 14:10:47,189] Trial 141 finished with value: 0.07729703573321067 and parameters: {'rho_e': 0.005472533053904095, 'rho_d': 0.005104154199970369, 'nu': 2, 'sigma': 0.0}. Best is trial 126 with value: 0.0712814557673119.
[I 2026-08-16 14:11:40,857] Trial 142 finished with value: 0.07348446492594918 and parameters: {'rho_e': 0.05455071820574556, 'rho_d': 1e-05, 'nu': 2, 'sigma': 0.3666695015658308}. Best is trial 126 with value: 0.0712814557673119.
[I 2026-08-16 14:12:34,421] Trial 143 finished with value: 0.07332329534867238 and parameters: {'rho_e': 0.022295700860096652, 'rho_d': 1e-05, 'nu': 36, 'sigma': 0.35695368061393795}. Best is trial 126 with value: 0.0712814557673119.
[I 2026-08-16 14:13:28,127] Trial 144 finished with value: 0.07531281701080692 and parameters: {'rho_e': 0.042843163876509015, 'rho_d': 1e-05, 'nu': 36, 'sigma': 0.7148691152548462}. Best is trial 126 with value: 0.0712814557673119.
[I 2026-08-16 14:14:21,324] Trial 145 finished with value: 0.07753473657482504 and parameters: {'rho_e': 0.00020777935136731977, 'rho_d': 1e-05, 'nu': 36, 'sigma': 0.38266799177929806}. Best is trial 126 with value: 0.0712814557673119.
[I 2026-08-16 14:15:14,960] Trial 146 finished with value: 0.07930573138897126 and parameters: {'rho_e': 0.0951790322894675, 'rho_d': 0.0028599225357078635, 'nu': 2, 'sigma': 1.0}. Best is trial 126 with value: 0.0712814557673119.
[I 2026-08-16 14:16:08,545] Trial 147 finished with value: 0.08997423156642965 and parameters: {'rho_e': 1000.0, 'rho_d': 1e-05, 'nu': 36, 'sigma': 1.0}. Best is trial 126 with value: 0.0712814557673119.
[I 2026-08-16 14:17:02,646] Trial 148 finished with value: 0.07763320331201631 and parameters: {'rho_e': 1.008926564329672, 'rho_d': 0.0007918290416446285, 'nu': 2, 'sigma': 0.7617099582809651}. Best is trial 126 with value: 0.0712814557673119.
[I 2026-08-16 14:17:56,092] Trial 149 finished with value: 0.07754475585334582 and parameters: {'rho_e': 0.09385086780908113, 'rho_d': 1e-05, 'nu': 18, 'sigma': 1.0}. Best is trial 126 with value: 0.0712814557673119.
[I 2026-08-16 14:18:49,483] Trial 150 finished with value: 0.07620963507612583 and parameters: {'rho_e': 25.47159835225809, 'rho_d': 1e-05, 'nu': 2, 'sigma': 0.7648380910000996}. Best is trial 126 with value: 0.0712814557673119.
[I 2026-08-16 14:19:42,317] Trial 151 finished with value: 0.07747973400826441 and parameters: {'rho_e': 1e-05, 'rho_d': 0.0009988164125703878, 'nu': 2, 'sigma': 0.0}. Best is trial 126 with value: 0.0712814557673119.
[I 2026-08-16 14:20:35,384] Trial 152 finished with value: 0.07359252427373386 and parameters: {'rho_e': 0.028871698419657123, 'rho_d': 0.0003156163017916357, 'nu': 36, 'sigma': 0.4094288091062536}. Best is trial 126 with value: 0.0712814557673119.
[I 2026-08-16 14:21:27,794] Trial 153 finished with value: 0.07325004466924875 and parameters: {'rho_e': 0.02967767031066559, 'rho_d': 4.175100675425017e-05, 'nu': 18, 'sigma': 0.3238097103732963}. Best is trial 126 with value: 0.0712814557673119.
[I 2026-08-16 14:22:20,825] Trial 154 finished with value: 0.07417314257198715 and parameters: {'rho_e': 0.0345899680442141, 'rho_d': 0.001370561494964805, 'nu': 36, 'sigma': 0.7475582774268456}. Best is trial 126 with value: 0.0712814557673119.
[I 2026-08-16 14:23:13,724] Trial 155 finished with value: 0.07198691529896287 and parameters: {'rho_e': 0.029580952436950882, 'rho_d': 3.869620575352376e-05, 'nu': 2, 'sigma': 0.19541880985675913}. Best is trial 126 with value: 0.0712814557673119.
[I 2026-08-16 14:24:06,589] Trial 156 finished with value: 0.08577686882845734 and parameters: {'rho_e': 0.9137881202174443, 'rho_d': 1000.0, 'nu': 36, 'sigma': 0.39221669826103905}. Best is trial 126 with value: 0.0712814557673119.
[I 2026-08-16 14:24:59,514] Trial 157 finished with value: 0.07402821985367933 and parameters: {'rho_e': 0.021388697024714326, 'rho_d': 0.0007763668133358168, 'nu': 36, 'sigma': 0.0}. Best is trial 126 with value: 0.0712814557673119.
[I 2026-08-16 14:25:52,547] Trial 158 finished with value: 0.07421921436505777 and parameters: {'rho_e': 0.029575775993091417, 'rho_d': 0.004016571008402714, 'nu': 36, 'sigma': 0.3051800819834434}. Best is trial 126 with value: 0.0712814557673119.
[I 2026-08-16 14:26:44,832] Trial 159 finished with value: 0.07752016524631197 and parameters: {'rho_e': 0.0003390760244327606, 'rho_d': 1e-05, 'nu': 2, 'sigma': 0.0}. Best is trial 126 with value: 0.0712814557673119.
[I 2026-08-16 14:27:37,607] Trial 160 finished with value: 0.08138590958075217 and parameters: {'rho_e': 1e-05, 'rho_d': 1e-05, 'nu': 2, 'sigma': 0.4578253822016841}. Best is trial 126 with value: 0.0712814557673119.
[I 2026-08-16 14:28:30,252] Trial 161 finished with value: 0.07700442065943244 and parameters: {'rho_e': 0.03469648872786404, 'rho_d': 0.0006466444995530996, 'nu': 2, 'sigma': 0.0}. Best is trial 126 with value: 0.0712814557673119.
[I 2026-08-16 14:29:23,022] Trial 162 finished with value: 0.07363693710561266 and parameters: {'rho_e': 0.020389767472368644, 'rho_d': 0.00014438744446135024, 'nu': 36, 'sigma': 0.17809959201220252}. Best is trial 126 with value: 0.0712814557673119.
[I 2026-08-16 14:30:15,762] Trial 163 finished with value: 0.08193509684404185 and parameters: {'rho_e': 1e-05, 'rho_d': 0.003694108726676067, 'nu': 36, 'sigma': 0.9999999999999999}. Best is trial 126 with value: 0.0712814557673119.
[I 2026-08-16 14:31:08,697] Trial 164 finished with value: 0.07668142538903787 and parameters: {'rho_e': 27.922488238068492, 'rho_d': 0.00016518818006823534, 'nu': 2, 'sigma': 0.9999999999999999}. Best is trial 126 with value: 0.0712814557673119.
[I 2026-08-16 14:32:01,589] Trial 165 finished with value: 0.07367737681135114 and parameters: {'rho_e': 0.01969196948895265, 'rho_d': 0.0015256455076113715, 'nu': 20, 'sigma': 0.2064629740102}. Best is trial 126 with value: 0.0712814557673119.
[I 2026-08-16 14:32:54,543] Trial 166 finished with value: 0.07503458362614254 and parameters: {'rho_e': 0.04777802459820473, 'rho_d': 0.0018146308389131562, 'nu': 36, 'sigma': 1.0}. Best is trial 126 with value: 0.0712814557673119.
[I 2026-08-16 14:33:47,414] Trial 167 finished with value: 0.0763662017652598 and parameters: {'rho_e': 0.03795005999792825, 'rho_d': 1e-05, 'nu': 36, 'sigma': 0.10814645377926226}. Best is trial 126 with value: 0.0712814557673119.
[I 2026-08-16 14:34:40,426] Trial 168 finished with value: 0.08304642616627722 and parameters: {'rho_e': 0.0001574221255085357, 'rho_d': 0.029183031314053517, 'nu': 2, 'sigma': 0.0}. Best is trial 126 with value: 0.0712814557673119.
[I 2026-08-16 14:35:33,512] Trial 169 finished with value: 0.07616484433118502 and parameters: {'rho_e': 311.7028198861713, 'rho_d': 2.9790492380420925e-05, 'nu': 2, 'sigma': 0.7542916995668485}. Best is trial 126 with value: 0.0712814557673119.
[I 2026-08-16 14:36:26,468] Trial 170 finished with value: 0.07182330839823534 and parameters: {'rho_e': 0.030434085623387917, 'rho_d': 4.237749587901463e-05, 'nu': 2, 'sigma': 0.26926040970708837}. Best is trial 126 with value: 0.0712814557673119.
[I 2026-08-16 14:37:19,303] Trial 171 finished with value: 0.07569068870391286 and parameters: {'rho_e': 46.19879991319326, 'rho_d': 0.027061197505542065, 'nu': 2, 'sigma': 0.8181565465800403}. Best is trial 126 with value: 0.0712814557673119.
[I 2026-08-16 14:38:12,150] Trial 172 finished with value: 0.09909361597447625 and parameters: {'rho_e': 1e-05, 'rho_d': 1000.0, 'nu': 36, 'sigma': 0.0}. Best is trial 126 with value: 0.0712814557673119.
[I 2026-08-16 14:39:04,914] Trial 173 finished with value: 0.07855726687142756 and parameters: {'rho_e': 0.012583635522139296, 'rho_d': 0.0006307408276979513, 'nu': 36, 'sigma': 1.0}. Best is trial 126 with value: 0.0712814557673119.
[I 2026-08-16 14:39:57,754] Trial 174 finished with value: 0.07461037929410261 and parameters: {'rho_e': 0.0488970881683214, 'rho_d': 0.0024733503117661967, 'nu': 20, 'sigma': 0.528955288565917}. Best is trial 126 with value: 0.0712814557673119.
[I 2026-08-16 14:40:50,520] Trial 175 finished with value: 0.07630582862349546 and parameters: {'rho_e': 0.002772497848614649, 'rho_d': 1e-05, 'nu': 2, 'sigma': 0.15635523728761086}. Best is trial 126 with value: 0.0712814557673119.
[I 2026-08-16 14:41:43,258] Trial 176 finished with value: 0.08170115107650552 and parameters: {'rho_e': 1e-05, 'rho_d': 0.02203213224535251, 'nu': 36, 'sigma': 0.0}. Best is trial 126 with value: 0.0712814557673119.
[I 2026-08-16 14:42:36,073] Trial 177 finished with value: 0.07629949275234438 and parameters: {'rho_e': 0.006272702452281623, 'rho_d': 1e-05, 'nu': 36, 'sigma': 0.29740600618933494}. Best is trial 126 with value: 0.0712814557673119.
[I 2026-08-16 14:43:29,103] Trial 178 finished with value: 0.07225866150214257 and parameters: {'rho_e': 0.02049103197956222, 'rho_d': 2.732613786447298e-05, 'nu': 2, 'sigma': 0.21360250530310748}. Best is trial 126 with value: 0.0712814557673119.
[I 2026-08-16 14:44:21,886] Trial 179 finished with value: 0.07907550160600997 and parameters: {'rho_e': 0.08409662648796018, 'rho_d': 0.01101730097001638, 'nu': 36, 'sigma': 0.7556345234088003}. Best is trial 126 with value: 0.0712814557673119.
[I 2026-08-16 14:45:14,760] Trial 180 finished with value: 0.07565765532120691 and parameters: {'rho_e': 0.027960071388721412, 'rho_d': 0.0006275791089145232, 'nu': 2, 'sigma': 0.5373395035426571}. Best is trial 126 with value: 0.0712814557673119.
