/home/gterren/dynamic_update/functional_forecast_dynamic_update/scripts/validate_zone_ffc_mpi.py:673: ExperimentalWarning: GPSampler is experimental (supported from v3.6.0). The interface can change in the future.
  sampler=GPSampler(seed=SEED, n_startup_trials=0)
[I 2026-08-16 14:28:09,954] A new study created in memory with name: no-name-072030e3-b147-44b9-a9be-ee24e174ce90
[I 2026-08-16 14:28:48,703] Trial 0 finished with value: 0.09391455375276005 and parameters: {'rho_e': 320.48049270601035, 'rho_d': 7.333720044069125e-05, 'nu': 34, 'sigma': 0.34161895725503777}. Best is trial 0 with value: 0.09391455375276005.
[I 2026-08-16 14:29:27,355] Trial 1 finished with value: 0.08912405979161692 and parameters: {'rho_e': 714.2318580621164, 'rho_d': 7.880301998103747, 'nu': 14, 'sigma': 0.5640663113520826}. Best is trial 1 with value: 0.08912405979161692.
[I 2026-08-16 14:30:06,080] Trial 2 finished with value: 0.0784117308635795 and parameters: {'rho_e': 90.68365035523885, 'rho_d': 97.28200063020995, 'nu': 15, 'sigma': 0.6170686539921842}. Best is trial 2 with value: 0.0784117308635795.
[I 2026-08-16 14:30:44,750] Trial 3 finished with value: 0.10484208251729718 and parameters: {'rho_e': 34.09764974093975, 'rho_d': 1.8123134792657378, 'nu': 12, 'sigma': 0.03955694153629689}. Best is trial 2 with value: 0.0784117308635795.
[I 2026-08-16 14:31:22,889] Trial 4 finished with value: 0.09073657112495556 and parameters: {'rho_e': 0.03475995405019492, 'rho_d': 0.11138976964905928, 'nu': 7, 'sigma': 0.546009361076742}. Best is trial 2 with value: 0.0784117308635795.
[I 2026-08-16 14:32:01,577] Trial 5 finished with value: 0.08312691788728371 and parameters: {'rho_e': 3.807181325856371e-05, 'rho_d': 0.000138354297677471, 'nu': 9, 'sigma': 0.32339670371682033}. Best is trial 2 with value: 0.0784117308635795.
[I 2026-08-16 14:32:40,381] Trial 6 finished with value: 0.10871262537956272 and parameters: {'rho_e': 5.553831725156411e-05, 'rho_d': 0.0005916483668115688, 'nu': 3, 'sigma': 0.8983600164394779}. Best is trial 2 with value: 0.0784117308635795.
[I 2026-08-16 14:33:18,356] Trial 7 finished with value: 0.08363866965515715 and parameters: {'rho_e': 0.0002147046480063219, 'rho_d': 17.176405562094168, 'nu': 32, 'sigma': 0.16345900097034335}. Best is trial 2 with value: 0.0784117308635795.
[I 2026-08-16 14:33:57,025] Trial 8 finished with value: 0.09267902819926492 and parameters: {'rho_e': 0.00039295529172662095, 'rho_d': 0.008983614558532275, 'nu': 19, 'sigma': 0.672973803669145}. Best is trial 2 with value: 0.0784117308635795.
[I 2026-08-16 14:34:35,103] Trial 9 finished with value: 0.06697567104916236 and parameters: {'rho_e': 0.3297833201098901, 'rho_d': 9.211714948268902, 'nu': 29, 'sigma': 0.18513435223250624}. Best is trial 9 with value: 0.06697567104916236.
[I 2026-08-16 14:35:13,157] Trial 10 finished with value: 0.0966657812464155 and parameters: {'rho_e': 0.00032743449687552774, 'rho_d': 0.06982459335646382, 'nu': 9, 'sigma': 0.5792478451202063}. Best is trial 9 with value: 0.06697567104916236.
[I 2026-08-16 14:35:51,145] Trial 11 finished with value: 0.08737424070281184 and parameters: {'rho_e': 8.16547317679453e-05, 'rho_d': 2.4989297252983232e-05, 'nu': 10, 'sigma': 0.41061226315015686}. Best is trial 9 with value: 0.06697567104916236.
[I 2026-08-16 14:36:29,157] Trial 12 finished with value: 0.07413120500088195 and parameters: {'rho_e': 120.0954437207198, 'rho_d': 242.85242029746937, 'nu': 32, 'sigma': 0.9360668636803037}. Best is trial 9 with value: 0.06697567104916236.
[I 2026-08-16 14:37:07,657] Trial 13 finished with value: 0.09418701352289632 and parameters: {'rho_e': 148.14344553176596, 'rho_d': 0.5265790180554144, 'nu': 26, 'sigma': 0.2609687718092598}. Best is trial 9 with value: 0.06697567104916236.
[I 2026-08-16 14:37:45,502] Trial 14 finished with value: 0.10864655776542415 and parameters: {'rho_e': 0.0012364362503263237, 'rho_d': 0.15322002229043483, 'nu': 13, 'sigma': 0.9515959537053901}. Best is trial 9 with value: 0.06697567104916236.
[I 2026-08-16 14:38:23,246] Trial 15 finished with value: 0.0878387922126802 and parameters: {'rho_e': 0.007445793612460039, 'rho_d': 137.09981367260704, 'nu': 23, 'sigma': 0.3660501592040706}. Best is trial 9 with value: 0.06697567104916236.
[I 2026-08-16 14:39:00,934] Trial 16 finished with value: 0.09355535779355058 and parameters: {'rho_e': 0.002331219976154238, 'rho_d': 392.7935435250583, 'nu': 35, 'sigma': 0.8741179454716912}. Best is trial 9 with value: 0.06697567104916236.
[I 2026-08-16 14:39:38,473] Trial 17 finished with value: 0.09208900532806105 and parameters: {'rho_e': 58.790303564087075, 'rho_d': 0.05935824250108043, 'nu': 31, 'sigma': 0.9216627658858851}. Best is trial 9 with value: 0.06697567104916236.
[I 2026-08-16 14:40:16,813] Trial 18 finished with value: 0.08771807777838067 and parameters: {'rho_e': 0.014580639344596942, 'rho_d': 174.2155211031002, 'nu': 36, 'sigma': 0.4028597931525407}. Best is trial 9 with value: 0.06697567104916236.
[I 2026-08-16 14:40:55,157] Trial 19 finished with value: 0.09677538006906533 and parameters: {'rho_e': 1.551834292783962e-05, 'rho_d': 7.758979887421448e-05, 'nu': 21, 'sigma': 0.8626656052613566}. Best is trial 9 with value: 0.06697567104916236.
[I 2026-08-16 14:41:32,588] Trial 20 finished with value: 0.10044935186190398 and parameters: {'rho_e': 0.009046633091153963, 'rho_d': 0.009973086216759817, 'nu': 19, 'sigma': 0.9666069253628409}. Best is trial 9 with value: 0.06697567104916236.
[I 2026-08-16 14:42:10,114] Trial 21 finished with value: 0.09029996128235734 and parameters: {'rho_e': 269.68912307558213, 'rho_d': 0.0013085337566522048, 'nu': 23, 'sigma': 0.6049507531969688}. Best is trial 9 with value: 0.06697567104916236.
[I 2026-08-16 14:42:48,496] Trial 22 finished with value: 0.09949458066021241 and parameters: {'rho_e': 504.8700620745148, 'rho_d': 0.00019757983555148038, 'nu': 5, 'sigma': 0.8532382499765339}. Best is trial 9 with value: 0.06697567104916236.
[I 2026-08-16 14:43:26,690] Trial 23 finished with value: 0.08409540427344442 and parameters: {'rho_e': 1.7746640904286266, 'rho_d': 1.549040305360904e-05, 'nu': 7, 'sigma': 0.6204933603595459}. Best is trial 9 with value: 0.06697567104916236.
[I 2026-08-16 14:44:04,105] Trial 24 finished with value: 0.09970878694223571 and parameters: {'rho_e': 11.673891313075186, 'rho_d': 0.03707447477903782, 'nu': 35, 'sigma': 0.1359820180272283}. Best is trial 9 with value: 0.06697567104916236.
[I 2026-08-16 14:44:42,407] Trial 25 finished with value: 0.0937916411084004 and parameters: {'rho_e': 2.2156827969853805, 'rho_d': 3.692191347356584e-05, 'nu': 22, 'sigma': 0.07674293879615599}. Best is trial 9 with value: 0.06697567104916236.
[I 2026-08-16 14:45:20,791] Trial 26 finished with value: 0.07703417924554373 and parameters: {'rho_e': 0.004544380665804007, 'rho_d': 0.00023035939536654332, 'nu': 32, 'sigma': 0.25784346919035067}. Best is trial 9 with value: 0.06697567104916236.
[I 2026-08-16 14:45:59,126] Trial 27 finished with value: 0.07008980414479957 and parameters: {'rho_e': 1.3826927126900712, 'rho_d': 64.78251153341243, 'nu': 8, 'sigma': 0.3167722166619299}. Best is trial 9 with value: 0.06697567104916236.
[I 2026-08-16 14:46:37,369] Trial 28 finished with value: 0.08808878144102454 and parameters: {'rho_e': 847.5752595376426, 'rho_d': 635.234736886619, 'nu': 34, 'sigma': 0.1439418689780986}. Best is trial 9 with value: 0.06697567104916236.
[I 2026-08-16 14:47:14,863] Trial 29 finished with value: 0.09038197048113164 and parameters: {'rho_e': 92.45494909910872, 'rho_d': 0.011334226708406118, 'nu': 26, 'sigma': 0.42583995993007934}. Best is trial 9 with value: 0.06697567104916236.
[I 2026-08-16 14:47:53,198] Trial 30 finished with value: 0.09331846766325105 and parameters: {'rho_e': 1.0131460240934304e-05, 'rho_d': 0.2653121086531181, 'nu': 6, 'sigma': 0.44201403494614916}. Best is trial 9 with value: 0.06697567104916236.
[I 2026-08-16 14:48:31,685] Trial 31 finished with value: 0.08624547392280783 and parameters: {'rho_e': 45.45766213389336, 'rho_d': 0.0025868602779063267, 'nu': 4, 'sigma': 0.38317322712608465}. Best is trial 9 with value: 0.06697567104916236.
[I 2026-08-16 14:49:09,181] Trial 32 finished with value: 0.09510732611783253 and parameters: {'rho_e': 12.753570002551308, 'rho_d': 0.4633466535985563, 'nu': 30, 'sigma': 0.33427812215348657}. Best is trial 9 with value: 0.06697567104916236.
[I 2026-08-16 14:49:47,523] Trial 33 finished with value: 0.09309323702759553 and parameters: {'rho_e': 4.965498044708172, 'rho_d': 0.423970550119016, 'nu': 30, 'sigma': 0.7788321911718593}. Best is trial 9 with value: 0.06697567104916236.
[I 2026-08-16 14:50:25,887] Trial 34 finished with value: 0.09070702391198923 and parameters: {'rho_e': 180.94562030525123, 'rho_d': 0.015332133818559709, 'nu': 21, 'sigma': 0.6868735114272253}. Best is trial 9 with value: 0.06697567104916236.
[I 2026-08-16 14:51:04,437] Trial 35 finished with value: 0.07367468262663912 and parameters: {'rho_e': 0.6085430963528888, 'rho_d': 2.0420730916203814e-05, 'nu': 17, 'sigma': 0.49669181962302233}. Best is trial 9 with value: 0.06697567104916236.
[I 2026-08-16 14:51:42,781] Trial 36 finished with value: 0.08202240947677476 and parameters: {'rho_e': 0.00928603156398131, 'rho_d': 4.888364469054896e-05, 'nu': 32, 'sigma': 0.6699979877065975}. Best is trial 9 with value: 0.06697567104916236.
[I 2026-08-16 14:52:21,118] Trial 37 finished with value: 0.1040488352682379 and parameters: {'rho_e': 6.869204441610755, 'rho_d': 0.9291412989812996, 'nu': 22, 'sigma': 0.12361705429933466}. Best is trial 9 with value: 0.06697567104916236.
[I 2026-08-16 14:52:59,545] Trial 38 finished with value: 0.09142665832903173 and parameters: {'rho_e': 224.63043333270562, 'rho_d': 0.0004148606041900776, 'nu': 15, 'sigma': 0.7352474706157236}. Best is trial 9 with value: 0.06697567104916236.
[I 2026-08-16 14:53:37,457] Trial 39 finished with value: 0.10118643138807187 and parameters: {'rho_e': 1.267081003095647e-05, 'rho_d': 0.04273530719106839, 'nu': 14, 'sigma': 0.7688281578751173}. Best is trial 9 with value: 0.06697567104916236.
[I 2026-08-16 14:54:15,899] Trial 40 finished with value: 0.08128158245379288 and parameters: {'rho_e': 0.012493083943583248, 'rho_d': 0.2028507300560964, 'nu': 23, 'sigma': 0.056227347433398675}. Best is trial 9 with value: 0.06697567104916236.
[I 2026-08-16 14:54:54,400] Trial 41 finished with value: 0.07992977709675483 and parameters: {'rho_e': 0.0007628531976274308, 'rho_d': 0.001670697392940989, 'nu': 29, 'sigma': 0.4584348767622854}. Best is trial 9 with value: 0.06697567104916236.
[I 2026-08-16 14:55:32,976] Trial 42 finished with value: 0.10837815226240385 and parameters: {'rho_e': 0.005806304421628637, 'rho_d': 1.4365977637269708e-05, 'nu': 2, 'sigma': 0.9106647475419452}. Best is trial 9 with value: 0.06697567104916236.
[I 2026-08-16 14:56:11,534] Trial 43 finished with value: 0.07785246685652839 and parameters: {'rho_e': 0.0008587368539217641, 'rho_d': 0.007288528117812194, 'nu': 11, 'sigma': 0.20396186869121644}. Best is trial 9 with value: 0.06697567104916236.
[I 2026-08-16 14:56:49,474] Trial 44 finished with value: 0.06852967295400231 and parameters: {'rho_e': 0.1792530484320524, 'rho_d': 3.479675194465007, 'nu': 3, 'sigma': 0.10525113802545309}. Best is trial 9 with value: 0.06697567104916236.
[I 2026-08-16 14:57:28,020] Trial 45 finished with value: 0.08579051837388055 and parameters: {'rho_e': 19.367126056962743, 'rho_d': 0.030252644562028107, 'nu': 4, 'sigma': 0.4336145360125894}. Best is trial 9 with value: 0.06697567104916236.
[I 2026-08-16 14:58:06,537] Trial 46 finished with value: 0.07032746821521466 and parameters: {'rho_e': 0.07819569654406465, 'rho_d': 1.9841520016538194, 'nu': 22, 'sigma': 0.04211050685633353}. Best is trial 9 with value: 0.06697567104916236.
[I 2026-08-16 14:58:45,165] Trial 47 finished with value: 0.08990058848773176 and parameters: {'rho_e': 669.3824717917842, 'rho_d': 0.00027660724373514654, 'nu': 16, 'sigma': 0.27678061563075596}. Best is trial 9 with value: 0.06697567104916236.
[I 2026-08-16 14:59:23,177] Trial 48 finished with value: 0.09250972969034635 and parameters: {'rho_e': 0.018501287512575466, 'rho_d': 0.22602256262332207, 'nu': 24, 'sigma': 0.8131818214754672}. Best is trial 9 with value: 0.06697567104916236.
[I 2026-08-16 15:00:01,770] Trial 49 finished with value: 0.100269089300567 and parameters: {'rho_e': 0.1030501020203731, 'rho_d': 119.55056247732517, 'nu': 11, 'sigma': 0.944863474340989}. Best is trial 9 with value: 0.06697567104916236.
[I 2026-08-16 15:00:40,430] Trial 50 finished with value: 0.08323097085852928 and parameters: {'rho_e': 0.0026246544686353516, 'rho_d': 0.7935311340354209, 'nu': 35, 'sigma': 0.3919356624055371}. Best is trial 9 with value: 0.06697567104916236.
[I 2026-08-16 15:01:19,014] Trial 51 finished with value: 0.09656422633317513 and parameters: {'rho_e': 0.00017659937383951617, 'rho_d': 0.02674076982660716, 'nu': 13, 'sigma': 0.6384925895833462}. Best is trial 9 with value: 0.06697567104916236.
[I 2026-08-16 15:01:57,096] Trial 52 finished with value: 0.08888051507015468 and parameters: {'rho_e': 0.0438223544438519, 'rho_d': 13.27092330947627, 'nu': 12, 'sigma': 0.6482034219596354}. Best is trial 9 with value: 0.06697567104916236.
[I 2026-08-16 15:02:35,001] Trial 53 finished with value: 0.0991358502711207 and parameters: {'rho_e': 67.31177771756968, 'rho_d': 22.524024416890263, 'nu': 25, 'sigma': 0.11958239231100397}. Best is trial 9 with value: 0.06697567104916236.
[I 2026-08-16 15:03:13,463] Trial 54 finished with value: 0.0873672206755704 and parameters: {'rho_e': 0.06009686948832667, 'rho_d': 702.7766718230083, 'nu': 24, 'sigma': 0.17989747837144152}. Best is trial 9 with value: 0.06697567104916236.
[I 2026-08-16 15:03:51,916] Trial 55 finished with value: 0.09259611937551053 and parameters: {'rho_e': 0.00012101083302027408, 'rho_d': 85.12969823799796, 'nu': 26, 'sigma': 0.7516186948384436}. Best is trial 9 with value: 0.06697567104916236.
[I 2026-08-16 15:04:30,420] Trial 56 finished with value: 0.11282268717085013 and parameters: {'rho_e': 4.4449465705750724e-05, 'rho_d': 9.401784700431145e-05, 'nu': 4, 'sigma': 0.9942653496967248}. Best is trial 9 with value: 0.06697567104916236.
[I 2026-08-16 15:05:09,065] Trial 57 finished with value: 0.08649257423790727 and parameters: {'rho_e': 3.307257910022608, 'rho_d': 1.1511665095735834e-05, 'nu': 20, 'sigma': 0.6905301191059311}. Best is trial 9 with value: 0.06697567104916236.
[I 2026-08-16 15:05:47,651] Trial 58 finished with value: 0.10367599616993468 and parameters: {'rho_e': 0.0018704796883527702, 'rho_d': 524.5157096061105, 'nu': 19, 'sigma': 0.8898001613676954}. Best is trial 9 with value: 0.06697567104916236.
[I 2026-08-16 15:06:26,278] Trial 59 finished with value: 0.09269129600296425 and parameters: {'rho_e': 0.00023883766661560925, 'rho_d': 947.8058917732094, 'nu': 10, 'sigma': 0.3568854649530273}. Best is trial 9 with value: 0.06697567104916236.
[I 2026-08-16 15:07:04,894] Trial 60 finished with value: 0.09489191002890052 and parameters: {'rho_e': 30.153221315802828, 'rho_d': 0.006272183691824702, 'nu': 12, 'sigma': 0.8466806358880004}. Best is trial 9 with value: 0.06697567104916236.
[I 2026-08-16 15:07:43,525] Trial 61 finished with value: 0.08076240653327971 and parameters: {'rho_e': 0.226268097322272, 'rho_d': 283.5251734794936, 'nu': 17, 'sigma': 0.019964072188620115}. Best is trial 9 with value: 0.06697567104916236.
[I 2026-08-16 15:08:22,163] Trial 62 finished with value: 0.06970664982742517 and parameters: {'rho_e': 2.4798988920647473, 'rho_d': 17.450493767735836, 'nu': 13, 'sigma': 0.0039353243500312015}. Best is trial 9 with value: 0.06697567104916236.
[I 2026-08-16 15:09:00,811] Trial 63 finished with value: 0.0718437220072991 and parameters: {'rho_e': 0.025011677310605572, 'rho_d': 0.016946064387621387, 'nu': 5, 'sigma': 0.08841482055332675}. Best is trial 9 with value: 0.06697567104916236.
[I 2026-08-16 15:09:39,484] Trial 64 finished with value: 0.08351932535044362 and parameters: {'rho_e': 0.029456952680907967, 'rho_d': 2.912499879392691e-05, 'nu': 33, 'sigma': 0.974254661426714}. Best is trial 9 with value: 0.06697567104916236.
[I 2026-08-16 15:10:18,184] Trial 65 finished with value: 0.0890897636866356 and parameters: {'rho_e': 9.218225081546117e-05, 'rho_d': 0.1361310780000168, 'nu': 30, 'sigma': 0.7440945126870621}. Best is trial 9 with value: 0.06697567104916236.
[I 2026-08-16 15:10:56,193] Trial 66 finished with value: 0.06968193637483795 and parameters: {'rho_e': 21.482257030517378, 'rho_d': 42.52555482501704, 'nu': 27, 'sigma': 0.4609982391736993}. Best is trial 9 with value: 0.06697567104916236.
[I 2026-08-16 15:11:34,719] Trial 67 finished with value: 0.08774377987959328 and parameters: {'rho_e': 7.413442883472736e-05, 'rho_d': 207.16154979595137, 'nu': 18, 'sigma': 0.23019726500401494}. Best is trial 9 with value: 0.06697567104916236.
[I 2026-08-16 15:12:13,176] Trial 68 finished with value: 0.0922662423005019 and parameters: {'rho_e': 331.65607362397486, 'rho_d': 2.2977956617515165, 'nu': 31, 'sigma': 0.9880793079556061}. Best is trial 9 with value: 0.06697567104916236.
[I 2026-08-16 15:12:51,058] Trial 69 finished with value: 0.0820466936402379 and parameters: {'rho_e': 0.02228531315762712, 'rho_d': 25.232369392582758, 'nu': 25, 'sigma': 0.2216557233890635}. Best is trial 9 with value: 0.06697567104916236.
[I 2026-08-16 15:13:29,481] Trial 70 finished with value: 0.08358754170848205 and parameters: {'rho_e': 0.14969641630262168, 'rho_d': 54.06795952815221, 'nu': 20, 'sigma': 0.7103295068611721}. Best is trial 9 with value: 0.06697567104916236.
[I 2026-08-16 15:14:07,844] Trial 71 finished with value: 0.07771912101008777 and parameters: {'rho_e': 0.0017275438961041048, 'rho_d': 0.003548458129165728, 'nu': 28, 'sigma': 0.02796825543351146}. Best is trial 9 with value: 0.06697567104916236.
[I 2026-08-16 15:14:46,211] Trial 72 finished with value: 0.08451198748703433 and parameters: {'rho_e': 16.725979606950222, 'rho_d': 34.33925158049958, 'nu': 9, 'sigma': 0.802913518676575}. Best is trial 9 with value: 0.06697567104916236.
[I 2026-08-16 15:15:24,003] Trial 73 finished with value: 0.08744586363246319 and parameters: {'rho_e': 3.6122944035850635, 'rho_d': 0.01920927787961488, 'nu': 27, 'sigma': 0.7264140238743382}. Best is trial 9 with value: 0.06697567104916236.
[I 2026-08-16 15:16:02,384] Trial 74 finished with value: 0.08767317287717388 and parameters: {'rho_e': 38.61671152420864, 'rho_d': 0.002092292724802397, 'nu': 10, 'sigma': 0.47191996106294565}. Best is trial 9 with value: 0.06697567104916236.
[I 2026-08-16 15:16:40,774] Trial 75 finished with value: 0.0951665257496298 and parameters: {'rho_e': 2.450780781203914e-05, 'rho_d': 449.41470527134857, 'nu': 16, 'sigma': 0.5277083597945009}. Best is trial 9 with value: 0.06697567104916236.
[I 2026-08-16 15:17:19,270] Trial 76 finished with value: 0.08944664913212784 and parameters: {'rho_e': 0.00015760718394869903, 'rho_d': 0.0005200712074228567, 'nu': 15, 'sigma': 0.5106304992925566}. Best is trial 9 with value: 0.06697567104916236.
[I 2026-08-16 15:17:57,685] Trial 77 finished with value: 0.07789751335977516 and parameters: {'rho_e': 0.12333808423244141, 'rho_d': 0.0018142933109536823, 'nu': 4, 'sigma': 0.5331919170716646}. Best is trial 9 with value: 0.06697567104916236.
[I 2026-08-16 15:18:35,518] Trial 78 finished with value: 0.08630041279406428 and parameters: {'rho_e': 2.6615626186979542e-05, 'rho_d': 4.023562656475725, 'nu': 24, 'sigma': 0.48760603387528256}. Best is trial 9 with value: 0.06697567104916236.
[I 2026-08-16 15:19:13,959] Trial 79 finished with value: 0.09020717776582098 and parameters: {'rho_e': 451.9589689129725, 'rho_d': 6.286836703514959, 'nu': 18, 'sigma': 0.289480861806035}. Best is trial 9 with value: 0.06697567104916236.
[I 2026-08-16 15:19:52,346] Trial 80 finished with value: 0.08616172291956357 and parameters: {'rho_e': 0.0005064907910624623, 'rho_d': 0.34294972962194176, 'nu': 35, 'sigma': 0.6504115906201252}. Best is trial 9 with value: 0.06697567104916236.
[I 2026-08-16 15:20:30,727] Trial 81 finished with value: 0.0778454507683195 and parameters: {'rho_e': 1.1537053770394115, 'rho_d': 0.0001903153408941842, 'nu': 17, 'sigma': 0.30893609937588534}. Best is trial 9 with value: 0.06697567104916236.
[I 2026-08-16 15:21:09,135] Trial 82 finished with value: 0.08247943778139374 and parameters: {'rho_e': 0.0004165631246779191, 'rho_d': 0.00390870101242766, 'nu': 28, 'sigma': 0.5506632379880236}. Best is trial 9 with value: 0.06697567104916236.
[I 2026-08-16 15:21:47,620] Trial 83 finished with value: 0.07735457673209306 and parameters: {'rho_e': 3.230091141162473e-05, 'rho_d': 0.0012018846154684226, 'nu': 25, 'sigma': 0.19688751551933248}. Best is trial 9 with value: 0.06697567104916236.
[I 2026-08-16 15:22:26,162] Trial 84 finished with value: 0.07847732067072459 and parameters: {'rho_e': 0.09291954227513116, 'rho_d': 3.09424743819704, 'nu': 27, 'sigma': 0.7014670599510662}. Best is trial 9 with value: 0.06697567104916236.
[I 2026-08-16 15:23:04,136] Trial 85 finished with value: 0.08639679851003795 and parameters: {'rho_e': 0.003111638974228438, 'rho_d': 1.2149575344172832, 'nu': 33, 'sigma': 0.5953788769075302}. Best is trial 9 with value: 0.06697567104916236.
[I 2026-08-16 15:23:42,037] Trial 86 finished with value: 0.09239834540176654 and parameters: {'rho_e': 9.987810107211534, 'rho_d': 5.2299013316616865, 'nu': 3, 'sigma': 0.09085637693719704}. Best is trial 9 with value: 0.06697567104916236.
[I 2026-08-16 15:24:19,901] Trial 87 finished with value: 0.0755372247145239 and parameters: {'rho_e': 0.96044116828649, 'rho_d': 0.6420987843246544, 'nu': 17, 'sigma': 0.21429990725733172}. Best is trial 9 with value: 0.06697567104916236.
