[I 2026-08-17 00:35:24,509] Trial 181 finished with value: 0.0697733524479161 and parameters: {'rho_e': 0.021709614390677007, 'rho_d': 1e-05, 'nu': 2, 'sigma': 0.3355405927673408}. Best is trial 155 with value: 0.06941121416404629.
[I 2026-08-17 00:36:06,530] Trial 182 finished with value: 0.08173524593261904 and parameters: {'rho_e': 0.0002223728448596063, 'rho_d': 1e-05, 'nu': 2, 'sigma': 0.30826912465856393}. Best is trial 155 with value: 0.06941121416404629.
[I 2026-08-17 00:36:47,442] Trial 183 finished with value: 0.0696940465020827 and parameters: {'rho_e': 0.021531198139945844, 'rho_d': 1e-05, 'nu': 2, 'sigma': 0.33756595980429693}. Best is trial 155 with value: 0.06941121416404629.
[I 2026-08-17 00:37:29,646] Trial 184 finished with value: 0.09949997425255416 and parameters: {'rho_e': 1e-05, 'rho_d': 999.999999999998, 'nu': 36, 'sigma': 1.0}. Best is trial 155 with value: 0.06941121416404629.
[I 2026-08-17 00:38:12,036] Trial 185 finished with value: 0.06950716779165741 and parameters: {'rho_e': 0.02105900909176697, 'rho_d': 1e-05, 'nu': 2, 'sigma': 0.33492241469382356}. Best is trial 155 with value: 0.06941121416404629.
[I 2026-08-17 00:38:54,068] Trial 186 finished with value: 0.06956090543447313 and parameters: {'rho_e': 0.020773926514665485, 'rho_d': 1e-05, 'nu': 2, 'sigma': 0.33391003304900124}. Best is trial 155 with value: 0.06941121416404629.
[I 2026-08-17 00:39:37,573] Trial 187 finished with value: 0.06970784620737128 and parameters: {'rho_e': 0.02030562677132008, 'rho_d': 1e-05, 'nu': 2, 'sigma': 0.3320083376450278}. Best is trial 155 with value: 0.06941121416404629.
[I 2026-08-17 00:40:19,894] Trial 188 finished with value: 0.07002590066542266 and parameters: {'rho_e': 0.023174188576481864, 'rho_d': 1e-05, 'nu': 2, 'sigma': 0.3550943833858503}. Best is trial 155 with value: 0.06941121416404629.
[I 2026-08-17 00:41:02,360] Trial 189 finished with value: 0.07841665570408034 and parameters: {'rho_e': 0.000677882792623562, 'rho_d': 0.004335287660403312, 'nu': 2, 'sigma': 0.0}. Best is trial 155 with value: 0.06941121416404629.
[I 2026-08-17 00:41:44,713] Trial 190 finished with value: 0.07722453218518394 and parameters: {'rho_e': 0.013349503696090843, 'rho_d': 1e-05, 'nu': 36, 'sigma': 1.0}. Best is trial 155 with value: 0.06941121416404629.
[I 2026-08-17 00:42:25,788] Trial 191 finished with value: 0.07458558122403851 and parameters: {'rho_e': 0.022761563714605464, 'rho_d': 1e-05, 'nu': 36, 'sigma': 0.6923623045482696}. Best is trial 155 with value: 0.06941121416404629.
[I 2026-08-17 00:43:07,739] Trial 192 finished with value: 0.0766556390634997 and parameters: {'rho_e': 0.08017872253164879, 'rho_d': 1e-05, 'nu': 15, 'sigma': 0.7704010363745133}. Best is trial 155 with value: 0.06941121416404629.
[I 2026-08-17 00:43:48,543] Trial 193 finished with value: 0.08210642657922151 and parameters: {'rho_e': 0.03082033858618481, 'rho_d': 1e-05, 'nu': 36, 'sigma': 0.0}. Best is trial 155 with value: 0.06941121416404629.
[I 2026-08-17 00:44:30,250] Trial 194 finished with value: 0.07060513796581697 and parameters: {'rho_e': 0.042464121291155545, 'rho_d': 3.9572295585717015e-05, 'nu': 2, 'sigma': 0.610068624988089}. Best is trial 155 with value: 0.06941121416404629.
[I 2026-08-17 00:45:11,558] Trial 195 finished with value: 0.07775876036175002 and parameters: {'rho_e': 0.1478439067307155, 'rho_d': 10.11739082340749, 'nu': 36, 'sigma': 0.6131197629242066}. Best is trial 155 with value: 0.06941121416404629.
[I 2026-08-17 00:45:50,355] Trial 196 finished with value: 0.078816138617558 and parameters: {'rho_e': 1.3733107727576497, 'rho_d': 999.999999999998, 'nu': 2, 'sigma': 0.3771165584192273}. Best is trial 155 with value: 0.06941121416404629.
[I 2026-08-17 00:46:28,704] Trial 197 finished with value: 0.07724538526011307 and parameters: {'rho_e': 1e-05, 'rho_d': 0.0003670915594771424, 'nu': 25, 'sigma': 0.0}. Best is trial 155 with value: 0.06941121416404629.
[I 2026-08-17 00:47:07,480] Trial 198 finished with value: 0.07902905512993133 and parameters: {'rho_e': 2.4760000911191042, 'rho_d': 1000.0, 'nu': 2, 'sigma': 0.0}. Best is trial 155 with value: 0.06941121416404629.
[I 2026-08-17 00:47:50,184] Trial 199 finished with value: 0.07093637325789952 and parameters: {'rho_e': 0.06759586900043954, 'rho_d': 0.0006078896477154635, 'nu': 2, 'sigma': 0.5280266450591375}. Best is trial 155 with value: 0.06941121416404629.
/home/gterren/dynamic_update/functional_forecast_dynamic_update/scripts/validate_zone_ffc_mpi.py:1094: FutureWarning: The behavior of DataFrame concatenation with empty or all-NA entries is deprecated. In a future version, this will no longer exclude empty or all-NA columns when determining the result dtypes. To retain the old behavior, exclude the relevant entries before the concat operation.
  results_df = pd.concat([results_df, prob_results], axis = 0, ignore_index=True)
