[I 2026-08-16 13:23:30,892] Trial 88 finished with value: 0.08920560116152101 and parameters: {'rho_e': 0.10955683436189492, 'rho_d': 17.335641105180176, 'nu': 30, 'sigma': 0.9665030333402096}. Best is trial 24 with value: 0.07395443614741021.
[I 2026-08-16 13:24:23,651] Trial 89 finished with value: 0.07651351630692589 and parameters: {'rho_e': 404.0017816903608, 'rho_d': 1.7029913359385358, 'nu': 8, 'sigma': 0.7748778573795911}. Best is trial 24 with value: 0.07395443614741021.
[I 2026-08-16 13:25:16,277] Trial 90 finished with value: 0.08030753167677976 and parameters: {'rho_e': 6.687532104035759e-05, 'rho_d': 0.017658739928068382, 'nu': 23, 'sigma': 0.29099843561974764}. Best is trial 24 with value: 0.07395443614741021.
[I 2026-08-16 13:26:08,872] Trial 91 finished with value: 0.09152683176924024 and parameters: {'rho_e': 1.9771401749850168, 'rho_d': 0.05984121945521464, 'nu': 35, 'sigma': 0.8944799975093669}. Best is trial 24 with value: 0.07395443614741021.
[I 2026-08-16 13:27:01,327] Trial 92 finished with value: 0.09548049566702584 and parameters: {'rho_e': 40.24790330007283, 'rho_d': 200.98181792944928, 'nu': 15, 'sigma': 0.4706039997045142}. Best is trial 24 with value: 0.07395443614741021.
[I 2026-08-16 13:27:53,808] Trial 93 finished with value: 0.07967310836382197 and parameters: {'rho_e': 0.007468269893370547, 'rho_d': 1.61286970740552e-05, 'nu': 26, 'sigma': 0.7062855262944665}. Best is trial 24 with value: 0.07395443614741021.
[I 2026-08-16 13:28:46,253] Trial 94 finished with value: 0.09277412660849138 and parameters: {'rho_e': 0.0023898071675510797, 'rho_d': 0.5105799785763581, 'nu': 3, 'sigma': 0.12408622300734228}. Best is trial 24 with value: 0.07395443614741021.
[I 2026-08-16 13:29:38,570] Trial 95 finished with value: 0.07381861230288544 and parameters: {'rho_e': 0.016506505170872286, 'rho_d': 0.0067545827302765695, 'nu': 13, 'sigma': 0.15750510918850885}. Best is trial 95 with value: 0.07381861230288544.
[I 2026-08-16 13:30:30,859] Trial 96 finished with value: 0.08583843977602917 and parameters: {'rho_e': 8.919454905898495e-05, 'rho_d': 0.1301658122748069, 'nu': 23, 'sigma': 0.48334819167680704}. Best is trial 95 with value: 0.07381861230288544.
[I 2026-08-16 13:31:23,086] Trial 97 finished with value: 0.0925564450327056 and parameters: {'rho_e': 167.59176445305437, 'rho_d': 0.0003270573651194096, 'nu': 33, 'sigma': 0.8028864249055724}. Best is trial 95 with value: 0.07381861230288544.
[I 2026-08-16 13:32:13,539] Trial 98 finished with value: 0.07741663413139627 and parameters: {'rho_e': 0.0003329223434176967, 'rho_d': 0.00014468150177905916, 'nu': 2, 'sigma': 0.25371662350737295}. Best is trial 95 with value: 0.07381861230288544.
[I 2026-08-16 13:33:05,919] Trial 99 finished with value: 0.08223860895649443 and parameters: {'rho_e': 0.005144397214248984, 'rho_d': 0.0007543567094497256, 'nu': 27, 'sigma': 0.9544511364446193}. Best is trial 95 with value: 0.07381861230288544.
[I 2026-08-16 13:33:59,327] Trial 100 finished with value: 0.07660937602371957 and parameters: {'rho_e': 75.83819999820861, 'rho_d': 0.00045280330396314095, 'nu': 2, 'sigma': 0.9975264094823233}. Best is trial 95 with value: 0.07381861230288544.
[I 2026-08-16 13:34:51,737] Trial 101 finished with value: 0.07399089490347438 and parameters: {'rho_e': 0.011956678879942485, 'rho_d': 0.00035458319321855845, 'nu': 11, 'sigma': 0.23751158621598054}. Best is trial 95 with value: 0.07381861230288544.
[I 2026-08-16 13:35:44,090] Trial 102 finished with value: 0.0768652401621192 and parameters: {'rho_e': 638.3770188596181, 'rho_d': 2.9128639500229663, 'nu': 2, 'sigma': 1.0}. Best is trial 95 with value: 0.07381861230288544.
[I 2026-08-16 13:36:36,513] Trial 103 finished with value: 0.07411507237377003 and parameters: {'rho_e': 0.030424466615758105, 'rho_d': 0.0009824989148323098, 'nu': 16, 'sigma': 0.45489643670266056}. Best is trial 95 with value: 0.07381861230288544.
[I 2026-08-16 13:37:28,941] Trial 104 finished with value: 0.07572988377956374 and parameters: {'rho_e': 17.00628652610011, 'rho_d': 0.0010217095112200587, 'nu': 2, 'sigma': 0.833698081426387}. Best is trial 95 with value: 0.07381861230288544.
[I 2026-08-16 13:38:21,141] Trial 105 finished with value: 0.07540401629719017 and parameters: {'rho_e': 0.00903232236749642, 'rho_d': 0.00019928137483202628, 'nu': 36, 'sigma': 0.26107659923880466}. Best is trial 95 with value: 0.07381861230288544.
[I 2026-08-16 13:39:13,365] Trial 106 finished with value: 0.07207267091267203 and parameters: {'rho_e': 0.023132691730855595, 'rho_d': 0.0011696879720804409, 'nu': 2, 'sigma': 0.20895325584407068}. Best is trial 106 with value: 0.07207267091267203.
[I 2026-08-16 13:40:05,295] Trial 107 finished with value: 0.07489329139821188 and parameters: {'rho_e': 0.01378580827806245, 'rho_d': 0.0007644561431131963, 'nu': 2, 'sigma': 0.0}. Best is trial 106 with value: 0.07207267091267203.
[I 2026-08-16 13:40:57,392] Trial 108 finished with value: 0.07667600784926401 and parameters: {'rho_e': 26.723030369336332, 'rho_d': 1e-05, 'nu': 2, 'sigma': 1.0}. Best is trial 106 with value: 0.07207267091267203.
[I 2026-08-16 13:41:49,632] Trial 109 finished with value: 0.07397699540893915 and parameters: {'rho_e': 0.023924531787842478, 'rho_d': 0.0009885292195415036, 'nu': 2, 'sigma': 0.38852109622689585}. Best is trial 106 with value: 0.07207267091267203.
[I 2026-08-16 13:42:41,809] Trial 110 finished with value: 0.07535494078964705 and parameters: {'rho_e': 121.03996805433124, 'rho_d': 0.2306984974360588, 'nu': 2, 'sigma': 0.8977064798244981}. Best is trial 106 with value: 0.07207267091267203.
[I 2026-08-16 13:43:33,838] Trial 111 finished with value: 0.07725674380513278 and parameters: {'rho_e': 0.0030246835168025355, 'rho_d': 1e-05, 'nu': 33, 'sigma': 0.0}. Best is trial 106 with value: 0.07207267091267203.
[I 2026-08-16 13:44:26,066] Trial 112 finished with value: 0.07173342746998795 and parameters: {'rho_e': 0.029663988307337262, 'rho_d': 0.001200131962412673, 'nu': 7, 'sigma': 0.21480542439678332}. Best is trial 112 with value: 0.07173342746998795.
[I 2026-08-16 13:45:18,019] Trial 113 finished with value: 0.07684953781220519 and parameters: {'rho_e': 1000.0, 'rho_d': 1e-05, 'nu': 2, 'sigma': 1.0}. Best is trial 112 with value: 0.07173342746998795.
[I 2026-08-16 13:46:10,041] Trial 114 finished with value: 0.07752118968203288 and parameters: {'rho_e': 1e-05, 'rho_d': 1e-05, 'nu': 2, 'sigma': 0.0}. Best is trial 112 with value: 0.07173342746998795.
[I 2026-08-16 13:47:02,060] Trial 115 finished with value: 0.07752118968203288 and parameters: {'rho_e': 1e-05, 'rho_d': 1e-05, 'nu': 36, 'sigma': 0.0}. Best is trial 112 with value: 0.07173342746998795.
[I 2026-08-16 13:47:53,844] Trial 116 finished with value: 0.07225862751633849 and parameters: {'rho_e': 0.03144549988529804, 'rho_d': 1e-05, 'nu': 2, 'sigma': 0.26982252979752114}. Best is trial 112 with value: 0.07173342746998795.
[I 2026-08-16 13:48:45,954] Trial 117 finished with value: 0.07295967626812644 and parameters: {'rho_e': 0.036637476535392295, 'rho_d': 0.00012398563979950983, 'nu': 2, 'sigma': 0.23693671760559207}. Best is trial 112 with value: 0.07173342746998795.
[I 2026-08-16 13:49:38,021] Trial 118 finished with value: 0.07248751746314608 and parameters: {'rho_e': 0.027664375653247027, 'rho_d': 1e-05, 'nu': 12, 'sigma': 0.2707391038005248}. Best is trial 112 with value: 0.07173342746998795.
[I 2026-08-16 13:50:29,892] Trial 119 finished with value: 0.0753037441599773 and parameters: {'rho_e': 0.010665381095935055, 'rho_d': 1e-05, 'nu': 2, 'sigma': 0.02522178905960266}. Best is trial 112 with value: 0.07173342746998795.
[I 2026-08-16 13:51:21,815] Trial 120 finished with value: 0.07346496558989662 and parameters: {'rho_e': 0.041365956323360646, 'rho_d': 1e-05, 'nu': 2, 'sigma': 0.5125190033899517}. Best is trial 112 with value: 0.07173342746998795.
[I 2026-08-16 13:52:13,818] Trial 121 finished with value: 0.07441585592953884 and parameters: {'rho_e': 0.033756751088043296, 'rho_d': 0.0011562513104690876, 'nu': 36, 'sigma': 0.6398980379080894}. Best is trial 112 with value: 0.07173342746998795.
[I 2026-08-16 13:53:05,772] Trial 122 finished with value: 0.09383859376496592 and parameters: {'rho_e': 1e-05, 'rho_d': 1e-05, 'nu': 2, 'sigma': 1.0}. Best is trial 112 with value: 0.07173342746998795.
[I 2026-08-16 13:53:57,813] Trial 123 finished with value: 0.07392461959738553 and parameters: {'rho_e': 0.028223190622356297, 'rho_d': 1e-05, 'nu': 36, 'sigma': 0.29685646232397145}. Best is trial 112 with value: 0.07173342746998795.
[I 2026-08-16 13:54:49,878] Trial 124 finished with value: 0.07559301501396318 and parameters: {'rho_e': 0.01377104439601349, 'rho_d': 1e-05, 'nu': 2, 'sigma': 0.35736491848356633}. Best is trial 112 with value: 0.07173342746998795.
[I 2026-08-16 13:55:41,921] Trial 125 finished with value: 0.07326116608102808 and parameters: {'rho_e': 0.058942992713784774, 'rho_d': 1e-05, 'nu': 6, 'sigma': 0.319575619902201}. Best is trial 112 with value: 0.07173342746998795.
[I 2026-08-16 13:56:34,062] Trial 126 finished with value: 0.07752117730849203 and parameters: {'rho_e': 9.566650556283032e-05, 'rho_d': 1e-05, 'nu': 14, 'sigma': 0.0}. Best is trial 112 with value: 0.07173342746998795.
[I 2026-08-16 13:57:26,314] Trial 127 finished with value: 0.0716468526973112 and parameters: {'rho_e': 0.027608393026602035, 'rho_d': 0.0011887669826075402, 'nu': 7, 'sigma': 0.21914523575627787}. Best is trial 127 with value: 0.0716468526973112.
[I 2026-08-16 13:58:18,354] Trial 128 finished with value: 0.07380435009418233 and parameters: {'rho_e': 0.01741611268944344, 'rho_d': 1e-05, 'nu': 24, 'sigma': 0.23422756271720335}. Best is trial 127 with value: 0.0716468526973112.
[I 2026-08-16 13:59:09,279] Trial 129 finished with value: 0.07215454110220865 and parameters: {'rho_e': 0.022805283112931313, 'rho_d': 0.0019882767618803277, 'nu': 7, 'sigma': 0.21400002397643078}. Best is trial 127 with value: 0.0716468526973112.
[I 2026-08-16 14:00:01,427] Trial 130 finished with value: 0.07275056635878857 and parameters: {'rho_e': 0.03612547393492896, 'rho_d': 0.0011221291919370584, 'nu': 3, 'sigma': 0.21273489245810798}. Best is trial 127 with value: 0.0716468526973112.
[I 2026-08-16 14:00:53,519] Trial 131 finished with value: 0.0780483342069608 and parameters: {'rho_e': 0.0007972633013665578, 'rho_d': 0.0012563094393480106, 'nu': 36, 'sigma': 0.4366766365700947}. Best is trial 127 with value: 0.0716468526973112.
[I 2026-08-16 14:01:46,073] Trial 132 finished with value: 0.10521275173295995 and parameters: {'rho_e': 1000.0, 'rho_d': 1000.0, 'nu': 2, 'sigma': 1.0}. Best is trial 127 with value: 0.0716468526973112.
[I 2026-08-16 14:02:38,757] Trial 133 finished with value: 0.07751003630340386 and parameters: {'rho_e': 1e-05, 'rho_d': 0.0005087689799689676, 'nu': 36, 'sigma': 0.0}. Best is trial 127 with value: 0.0716468526973112.
[I 2026-08-16 14:03:30,947] Trial 134 finished with value: 0.07356040686467567 and parameters: {'rho_e': 17.73870432964917, 'rho_d': 0.005818176439817668, 'nu': 5, 'sigma': 1.0}. Best is trial 127 with value: 0.0716468526973112.
[I 2026-08-16 14:04:23,004] Trial 135 finished with value: 0.07225619503460062 and parameters: {'rho_e': 0.02373839829690028, 'rho_d': 0.0009688600678031548, 'nu': 11, 'sigma': 0.19795948161922244}. Best is trial 127 with value: 0.0716468526973112.
[I 2026-08-16 14:05:15,030] Trial 136 finished with value: 0.07645914846564927 and parameters: {'rho_e': 1e-05, 'rho_d': 0.0004772927048236164, 'nu': 2, 'sigma': 0.14657083400939627}. Best is trial 127 with value: 0.0716468526973112.
[I 2026-08-16 14:06:07,098] Trial 137 finished with value: 0.0786515057173347 and parameters: {'rho_e': 272.9119089695997, 'rho_d': 1e-05, 'nu': 2, 'sigma': 0.6129897225160547}. Best is trial 127 with value: 0.0716468526973112.
[I 2026-08-16 14:06:59,157] Trial 138 finished with value: 0.07860198189913632 and parameters: {'rho_e': 1e-05, 'rho_d': 1e-05, 'nu': 36, 'sigma': 0.5046208187587102}. Best is trial 127 with value: 0.0716468526973112.
[I 2026-08-16 14:07:51,205] Trial 139 finished with value: 0.07413508153391765 and parameters: {'rho_e': 5.889945567514772, 'rho_d': 0.0012120491099301518, 'nu': 4, 'sigma': 1.0}. Best is trial 127 with value: 0.0716468526973112.
[I 2026-08-16 14:08:43,472] Trial 140 finished with value: 0.077520707976504 and parameters: {'rho_e': 1e-05, 'rho_d': 8.852867243365084e-05, 'nu': 18, 'sigma': 0.0}. Best is trial 127 with value: 0.0716468526973112.
[I 2026-08-16 14:09:35,686] Trial 141 finished with value: 0.07752112765153413 and parameters: {'rho_e': 0.00012864434954043416, 'rho_d': 1e-05, 'nu': 36, 'sigma': 0.0}. Best is trial 127 with value: 0.0716468526973112.
[I 2026-08-16 14:10:27,807] Trial 142 finished with value: 0.07806335862668856 and parameters: {'rho_e': 155.84396687069417, 'rho_d': 1e-05, 'nu': 12, 'sigma': 1.0}. Best is trial 127 with value: 0.0716468526973112.
[I 2026-08-16 14:11:20,004] Trial 143 finished with value: 0.07684953781220519 and parameters: {'rho_e': 1000.0, 'rho_d': 0.1328560785098476, 'nu': 2, 'sigma': 1.0}. Best is trial 127 with value: 0.0716468526973112.
[I 2026-08-16 14:12:12,406] Trial 144 finished with value: 0.07280594310770003 and parameters: {'rho_e': 0.03769277676102078, 'rho_d': 6.732979565909074e-05, 'nu': 12, 'sigma': 0.2994348982540738}. Best is trial 127 with value: 0.0716468526973112.
[I 2026-08-16 14:13:04,656] Trial 145 finished with value: 0.073032354937269 and parameters: {'rho_e': 0.016615397686742486, 'rho_d': 0.0017685731774663737, 'nu': 8, 'sigma': 0.21091268361512255}. Best is trial 127 with value: 0.0716468526973112.
[I 2026-08-16 14:13:57,098] Trial 146 finished with value: 0.0800181228790069 and parameters: {'rho_e': 0.07400945514426716, 'rho_d': 1e-05, 'nu': 2, 'sigma': 1.0}. Best is trial 127 with value: 0.0716468526973112.
[I 2026-08-16 14:14:49,247] Trial 147 finished with value: 0.07539925085468537 and parameters: {'rho_e': 0.04110430599945301, 'rho_d': 1e-05, 'nu': 2, 'sigma': 0.09462268753799961}. Best is trial 127 with value: 0.0716468526973112.
[I 2026-08-16 14:15:42,290] Trial 148 finished with value: 0.07292659496779916 and parameters: {'rho_e': 0.05018625628870049, 'rho_d': 5.081584226622126e-05, 'nu': 2, 'sigma': 0.4215638234464215}. Best is trial 127 with value: 0.0716468526973112.
[I 2026-08-16 14:16:34,390] Trial 149 finished with value: 0.07587424084926048 and parameters: {'rho_e': 0.02883269220475313, 'rho_d': 1e-05, 'nu': 36, 'sigma': 1.0}. Best is trial 127 with value: 0.0716468526973112.
[I 2026-08-16 14:17:26,782] Trial 150 finished with value: 0.07684953781220519 and parameters: {'rho_e': 1000.0, 'rho_d': 0.0004425277207000583, 'nu': 2, 'sigma': 1.0}. Best is trial 127 with value: 0.0716468526973112.
[I 2026-08-16 14:18:19,387] Trial 151 finished with value: 0.07578356454211764 and parameters: {'rho_e': 0.010460223998258574, 'rho_d': 0.0038361056338363044, 'nu': 36, 'sigma': 0.2733915129106793}. Best is trial 127 with value: 0.0716468526973112.
[I 2026-08-16 14:19:12,066] Trial 152 finished with value: 0.07809269470548358 and parameters: {'rho_e': 1e-05, 'rho_d': 0.0014847497191013304, 'nu': 36, 'sigma': 0.45866225918865217}. Best is trial 127 with value: 0.0716468526973112.
[I 2026-08-16 14:20:04,991] Trial 153 finished with value: 0.07156520258518766 and parameters: {'rho_e': 0.0312852242991474, 'rho_d': 0.0005414688530695321, 'nu': 8, 'sigma': 0.25757715956063965}. Best is trial 153 with value: 0.07156520258518766.
[I 2026-08-16 14:20:58,150] Trial 154 finished with value: 0.07156390155080575 and parameters: {'rho_e': 0.03180255336089688, 'rho_d': 0.0005299560812608203, 'nu': 8, 'sigma': 0.2653134148387943}. Best is trial 154 with value: 0.07156390155080575.
[I 2026-08-16 14:21:51,287] Trial 155 finished with value: 0.07133946809614726 and parameters: {'rho_e': 0.03151289342964447, 'rho_d': 0.000542914500615287, 'nu': 7, 'sigma': 0.27040352767957726}. Best is trial 155 with value: 0.07133946809614726.
[I 2026-08-16 14:22:44,441] Trial 156 finished with value: 0.08157071802450608 and parameters: {'rho_e': 6.116830400975394e-05, 'rho_d': 1e-05, 'nu': 36, 'sigma': 1.0}. Best is trial 155 with value: 0.07133946809614726.
[I 2026-08-16 14:23:37,695] Trial 157 finished with value: 0.07751190862297377 and parameters: {'rho_e': 0.0007308423300062779, 'rho_d': 0.00017364273726819084, 'nu': 16, 'sigma': 0.0}. Best is trial 155 with value: 0.07133946809614726.
[I 2026-08-16 14:24:31,069] Trial 158 finished with value: 0.07816620392625462 and parameters: {'rho_e': 115.43292939839475, 'rho_d': 2.5495334267076166, 'nu': 2, 'sigma': 1.0}. Best is trial 155 with value: 0.07133946809614726.
[I 2026-08-16 14:25:24,578] Trial 159 finished with value: 0.07751636982800976 and parameters: {'rho_e': 0.0005754241887662249, 'rho_d': 1e-05, 'nu': 2, 'sigma': 0.0}. Best is trial 155 with value: 0.07133946809614726.
[I 2026-08-16 14:26:18,238] Trial 160 finished with value: 0.07752031996204739 and parameters: {'rho_e': 7.994527013978246e-05, 'rho_d': 0.00012021709392418058, 'nu': 2, 'sigma': 0.0}. Best is trial 155 with value: 0.07133946809614726.
[I 2026-08-16 14:27:11,818] Trial 161 finished with value: 0.07681081176362153 and parameters: {'rho_e': 179.66382558187235, 'rho_d': 1e-05, 'nu': 2, 'sigma': 1.0}. Best is trial 155 with value: 0.07133946809614726.
[I 2026-08-16 14:28:05,310] Trial 162 finished with value: 0.07719549527244596 and parameters: {'rho_e': 2.1616165991000593, 'rho_d': 1e-05, 'nu': 2, 'sigma': 1.0}. Best is trial 155 with value: 0.07133946809614726.
[I 2026-08-16 14:28:58,672] Trial 163 finished with value: 0.07128181348969093 and parameters: {'rho_e': 0.03400241945727086, 'rho_d': 0.00043909017098891915, 'nu': 7, 'sigma': 0.3051522339174573}. Best is trial 163 with value: 0.07128181348969093.
[I 2026-08-16 14:29:52,059] Trial 164 finished with value: 0.07121258860869617 and parameters: {'rho_e': 0.0346852467792207, 'rho_d': 0.0003867491704069869, 'nu': 7, 'sigma': 0.31982074702172497}. Best is trial 164 with value: 0.07121258860869617.
[I 2026-08-16 14:30:45,291] Trial 165 finished with value: 0.07419518962437399 and parameters: {'rho_e': 0.031696250225244506, 'rho_d': 1e-05, 'nu': 36, 'sigma': 0.5944674619851862}. Best is trial 164 with value: 0.07121258860869617.
[I 2026-08-16 14:31:38,439] Trial 166 finished with value: 0.07110355800410915 and parameters: {'rho_e': 0.03553355696347929, 'rho_d': 0.0003213782235080554, 'nu': 7, 'sigma': 0.33972450888145794}. Best is trial 166 with value: 0.07110355800410915.
[I 2026-08-16 14:32:31,595] Trial 167 finished with value: 0.0714301581992488 and parameters: {'rho_e': 0.031747791635110024, 'rho_d': 0.00023477600060600715, 'nu': 6, 'sigma': 0.34692699516920084}. Best is trial 166 with value: 0.07110355800410915.
[I 2026-08-16 14:33:24,576] Trial 168 finished with value: 0.07192300230481743 and parameters: {'rho_e': 0.050214681482386836, 'rho_d': 0.00028071600808746015, 'nu': 8, 'sigma': 0.4421813904546393}. Best is trial 166 with value: 0.07110355800410915.
[I 2026-08-16 14:34:17,515] Trial 169 finished with value: 0.07658887031431412 and parameters: {'rho_e': 0.0061749157205147585, 'rho_d': 0.0010449581070110033, 'nu': 36, 'sigma': 0.0}. Best is trial 166 with value: 0.07110355800410915.
[I 2026-08-16 14:35:10,278] Trial 170 finished with value: 0.07722251962682217 and parameters: {'rho_e': 3.52107905705499e-05, 'rho_d': 0.00011747578648443804, 'nu': 36, 'sigma': 0.2571882583325243}. Best is trial 166 with value: 0.07110355800410915.
[I 2026-08-16 14:36:02,904] Trial 171 finished with value: 0.07380809028730476 and parameters: {'rho_e': 13.775192921045699, 'rho_d': 0.00035079358890908845, 'nu': 7, 'sigma': 1.0}. Best is trial 166 with value: 0.07110355800410915.
[I 2026-08-16 14:36:55,553] Trial 172 finished with value: 0.07653991668960512 and parameters: {'rho_e': 0.023421731887475043, 'rho_d': 0.0002917039995581183, 'nu': 36, 'sigma': 0.9159976878611711}. Best is trial 166 with value: 0.07110355800410915.
[I 2026-08-16 14:37:48,154] Trial 173 finished with value: 0.07828283686803747 and parameters: {'rho_e': 4.012009361905459e-05, 'rho_d': 1e-05, 'nu': 2, 'sigma': 0.3231838247616263}. Best is trial 166 with value: 0.07110355800410915.
[I 2026-08-16 14:38:39,970] Trial 174 finished with value: 0.08182615949334997 and parameters: {'rho_e': 0.2259623153306485, 'rho_d': 1e-05, 'nu': 36, 'sigma': 1.0}. Best is trial 166 with value: 0.07110355800410915.
[I 2026-08-16 14:39:32,467] Trial 175 finished with value: 0.07384586796992 and parameters: {'rho_e': 0.06447916608795953, 'rho_d': 1e-05, 'nu': 16, 'sigma': 0.6072022894571858}. Best is trial 166 with value: 0.07110355800410915.
[I 2026-08-16 14:40:25,019] Trial 176 finished with value: 0.07149846648162016 and parameters: {'rho_e': 0.038565873604277115, 'rho_d': 0.0004638190949108766, 'nu': 8, 'sigma': 0.34505227805306526}. Best is trial 166 with value: 0.07110355800410915.
[I 2026-08-16 14:41:17,512] Trial 177 finished with value: 0.07605470928769614 and parameters: {'rho_e': 0.1871230000918849, 'rho_d': 1e-05, 'nu': 2, 'sigma': 0.6414680532956032}. Best is trial 166 with value: 0.07110355800410915.
[I 2026-08-16 14:42:09,972] Trial 178 finished with value: 0.08228744534646804 and parameters: {'rho_e': 1.9011159950065404, 'rho_d': 1000.0, 'nu': 36, 'sigma': 0.0}. Best is trial 166 with value: 0.07110355800410915.
[I 2026-08-16 14:43:02,255] Trial 179 finished with value: 0.08146239870591224 and parameters: {'rho_e': 0.001921541301981521, 'rho_d': 1e-05, 'nu': 36, 'sigma': 1.0}. Best is trial 166 with value: 0.07110355800410915.
[I 2026-08-16 14:43:54,729] Trial 180 finished with value: 0.09383135504880125 and parameters: {'rho_e': 0.000621392007862379, 'rho_d': 1e-05, 'nu': 2, 'sigma': 0.9999999999999999}. Best is trial 166 with value: 0.07110355800410915.
