[I 2026-08-16 16:46:34,839] Trial 88 finished with value: 0.08507453371324425 and parameters: {'rho_e': 0.486251533292777, 'rho_d': 52.14784654714354, 'nu': 6, 'sigma': 0.7891228370595951}. Best is trial 44 with value: 0.07410868716026546.
[I 2026-08-16 16:47:12,702] Trial 89 finished with value: 0.1087452643511671 and parameters: {'rho_e': 0.000612889380538402, 'rho_d': 6.25476322167153e-05, 'nu': 5, 'sigma': 0.9047950693848056}. Best is trial 44 with value: 0.07410868716026546.
[I 2026-08-16 16:47:50,679] Trial 90 finished with value: 0.11980909060432035 and parameters: {'rho_e': 7.905609421867139, 'rho_d': 1.482399313641124, 'nu': 20, 'sigma': 0.1529659116515288}. Best is trial 44 with value: 0.07410868716026546.
[I 2026-08-16 16:48:28,802] Trial 91 finished with value: 0.08793838851112812 and parameters: {'rho_e': 0.6819215330358105, 'rho_d': 0.0003702816334400203, 'nu': 33, 'sigma': 0.8384256258654897}. Best is trial 44 with value: 0.07410868716026546.
[I 2026-08-16 16:49:06,907] Trial 92 finished with value: 0.08401351777557743 and parameters: {'rho_e': 0.004212958428106735, 'rho_d': 0.004678011386611994, 'nu': 8, 'sigma': 0.37791297465362256}. Best is trial 44 with value: 0.07410868716026546.
[I 2026-08-16 16:49:44,964] Trial 93 finished with value: 0.07367653845427727 and parameters: {'rho_e': 0.2677199530536358, 'rho_d': 11.763303983773799, 'nu': 11, 'sigma': 0.24816428628969947}. Best is trial 93 with value: 0.07367653845427727.
[I 2026-08-16 16:50:22,933] Trial 94 finished with value: 0.07708026165880665 and parameters: {'rho_e': 0.0011444406274560965, 'rho_d': 0.000721586105829393, 'nu': 14, 'sigma': 0.06114790393564393}. Best is trial 93 with value: 0.07367653845427727.
[I 2026-08-16 16:51:00,915] Trial 95 finished with value: 0.08605605347525337 and parameters: {'rho_e': 0.3792824094846887, 'rho_d': 0.0570033980864129, 'nu': 8, 'sigma': 0.8283112299515442}. Best is trial 93 with value: 0.07367653845427727.
[I 2026-08-16 16:51:38,922] Trial 96 finished with value: 0.08534436779023852 and parameters: {'rho_e': 1.9897379970608284e-05, 'rho_d': 0.000130016363482025, 'nu': 28, 'sigma': 0.5825780928860248}. Best is trial 93 with value: 0.07367653845427727.
[I 2026-08-16 16:52:16,853] Trial 97 finished with value: 0.09678387782606816 and parameters: {'rho_e': 0.8390481620733344, 'rho_d': 0.09244901937295714, 'nu': 29, 'sigma': 0.5060934257174607}. Best is trial 93 with value: 0.07367653845427727.
[I 2026-08-16 16:52:54,648] Trial 98 finished with value: 0.10308881888513519 and parameters: {'rho_e': 4.631918267545036, 'rho_d': 0.0009628776616921115, 'nu': 19, 'sigma': 0.2900502502494807}. Best is trial 93 with value: 0.07367653845427727.
[I 2026-08-16 16:53:32,533] Trial 99 finished with value: 0.08760849222262773 and parameters: {'rho_e': 0.04871965141021672, 'rho_d': 3.330825453140193e-05, 'nu': 7, 'sigma': 0.7954371049397843}. Best is trial 93 with value: 0.07367653845427727.
[I 2026-08-16 16:54:14,007] Trial 100 finished with value: 0.07860159132170558 and parameters: {'rho_e': 0.6347116450091458, 'rho_d': 954.1714465850499, 'nu': 2, 'sigma': 0.38383817515937857}. Best is trial 93 with value: 0.07367653845427727.
[I 2026-08-16 16:54:51,077] Trial 101 finished with value: 0.07011366554456881 and parameters: {'rho_e': 0.09273489892112179, 'rho_d': 0.9404298292868083, 'nu': 2, 'sigma': 0.1928997738144322}. Best is trial 101 with value: 0.07011366554456881.
[I 2026-08-16 16:55:28,904] Trial 102 finished with value: 0.07725026203854948 and parameters: {'rho_e': 0.00011403801758119584, 'rho_d': 1e-05, 'nu': 36, 'sigma': 0.0}. Best is trial 101 with value: 0.07011366554456881.
[I 2026-08-16 16:56:06,581] Trial 103 finished with value: 0.07725029686186202 and parameters: {'rho_e': 1e-05, 'rho_d': 1e-05, 'nu': 26, 'sigma': 0.0}. Best is trial 101 with value: 0.07011366554456881.
[I 2026-08-16 16:56:44,313] Trial 104 finished with value: 0.080323559102953 and parameters: {'rho_e': 1e-05, 'rho_d': 0.00969828698813838, 'nu': 2, 'sigma': 0.0}. Best is trial 101 with value: 0.07011366554456881.
[I 2026-08-16 16:57:22,161] Trial 105 finished with value: 0.06911329960448684 and parameters: {'rho_e': 0.08105307421257912, 'rho_d': 0.09049440797701087, 'nu': 2, 'sigma': 0.24074200873704973}. Best is trial 105 with value: 0.06911329960448684.
[I 2026-08-16 16:57:59,954] Trial 106 finished with value: 0.07717439690479816 and parameters: {'rho_e': 0.042754953196962237, 'rho_d': 1e-05, 'nu': 2, 'sigma': 0.13425860401708}. Best is trial 105 with value: 0.06911329960448684.
[I 2026-08-16 16:58:37,781] Trial 107 finished with value: 0.07725006607771202 and parameters: {'rho_e': 0.039065783587002044, 'rho_d': 0.004069158607758515, 'nu': 36, 'sigma': 0.42410819820888823}. Best is trial 105 with value: 0.06911329960448684.
[I 2026-08-16 16:59:15,558] Trial 108 finished with value: 0.0772502466242081 and parameters: {'rho_e': 0.00012675492975903072, 'rho_d': 1e-05, 'nu': 2, 'sigma': 0.0}. Best is trial 105 with value: 0.06911329960448684.
[I 2026-08-16 16:59:53,402] Trial 109 finished with value: 0.0754183304505214 and parameters: {'rho_e': 0.07220322227251677, 'rho_d': 0.005929526727844239, 'nu': 2, 'sigma': 0.24758866351799655}. Best is trial 105 with value: 0.06911329960448684.
[I 2026-08-16 17:00:31,173] Trial 110 finished with value: 0.07663275185408214 and parameters: {'rho_e': 0.0068367718105891906, 'rho_d': 1e-05, 'nu': 36, 'sigma': 0.0}. Best is trial 105 with value: 0.06911329960448684.
[I 2026-08-16 17:01:08,985] Trial 111 finished with value: 0.06891026587371644 and parameters: {'rho_e': 0.13905142606948698, 'rho_d': 1.484147988708317, 'nu': 2, 'sigma': 0.32015305496237584}. Best is trial 111 with value: 0.06891026587371644.
[I 2026-08-16 17:01:46,812] Trial 112 finished with value: 0.06934442984620168 and parameters: {'rho_e': 0.1162305721554613, 'rho_d': 0.7808850310523537, 'nu': 2, 'sigma': 0.3013205551365418}. Best is trial 111 with value: 0.06891026587371644.
[I 2026-08-16 17:02:24,608] Trial 113 finished with value: 0.07682852139734098 and parameters: {'rho_e': 0.005315447043143233, 'rho_d': 1e-05, 'nu': 2, 'sigma': 0.0}. Best is trial 111 with value: 0.06891026587371644.
[I 2026-08-16 17:03:02,592] Trial 114 finished with value: 0.06901222346489949 and parameters: {'rho_e': 0.10728312017958573, 'rho_d': 0.46325765382616857, 'nu': 2, 'sigma': 0.29328139452550817}. Best is trial 111 with value: 0.06891026587371644.
[I 2026-08-16 17:03:40,400] Trial 115 finished with value: 0.0683833918041914 and parameters: {'rho_e': 0.12118209546945195, 'rho_d': 0.3467922560005362, 'nu': 2, 'sigma': 0.31226029968595637}. Best is trial 115 with value: 0.0683833918041914.
[I 2026-08-16 17:04:18,325] Trial 116 finished with value: 0.07446907598765655 and parameters: {'rho_e': 0.4251983865836368, 'rho_d': 7.724579772466071, 'nu': 2, 'sigma': 0.44153897739991016}. Best is trial 115 with value: 0.0683833918041914.
[I 2026-08-16 17:04:56,011] Trial 117 finished with value: 0.07857909096383797 and parameters: {'rho_e': 0.42313425325354964, 'rho_d': 1000.0, 'nu': 36, 'sigma': 0.3480782743666457}. Best is trial 115 with value: 0.0683833918041914.
[I 2026-08-16 17:05:33,789] Trial 118 finished with value: 0.0854404152827993 and parameters: {'rho_e': 1000.0, 'rho_d': 0.5928716820640336, 'nu': 2, 'sigma': 1.0}. Best is trial 115 with value: 0.0683833918041914.
[I 2026-08-16 17:06:11,567] Trial 119 finished with value: 0.08105431876927098 and parameters: {'rho_e': 1e-05, 'rho_d': 0.015145171079029431, 'nu': 36, 'sigma': 0.0}. Best is trial 115 with value: 0.0683833918041914.
[I 2026-08-16 17:06:49,409] Trial 120 finished with value: 0.0813069744963579 and parameters: {'rho_e': 0.00013098198688838228, 'rho_d': 0.019947337117682724, 'nu': 2, 'sigma': 0.0}. Best is trial 115 with value: 0.0683833918041914.
[I 2026-08-16 17:07:27,217] Trial 121 finished with value: 0.07663520937956206 and parameters: {'rho_e': 0.0009767629551696553, 'rho_d': 1e-05, 'nu': 36, 'sigma': 0.16589884107068995}. Best is trial 115 with value: 0.0683833918041914.
[I 2026-08-16 17:08:05,029] Trial 122 finished with value: 0.09564035845152948 and parameters: {'rho_e': 1000.0, 'rho_d': 1e-05, 'nu': 36, 'sigma': 1.0}. Best is trial 115 with value: 0.0683833918041914.
[I 2026-08-16 17:08:42,855] Trial 123 finished with value: 0.09498068654091016 and parameters: {'rho_e': 1e-05, 'rho_d': 1000.0, 'nu': 2, 'sigma': 0.0}. Best is trial 115 with value: 0.0683833918041914.
[I 2026-08-16 17:09:20,659] Trial 124 finished with value: 0.06772910200797667 and parameters: {'rho_e': 0.115919674174359, 'rho_d': 0.2515097459246569, 'nu': 2, 'sigma': 0.3231115120549097}. Best is trial 124 with value: 0.06772910200797667.
[I 2026-08-16 17:09:58,485] Trial 125 finished with value: 0.08156149608818913 and parameters: {'rho_e': 1.2671563910307695, 'rho_d': 1e-05, 'nu': 2, 'sigma': 1.0}. Best is trial 124 with value: 0.06772910200797667.
[I 2026-08-16 17:10:36,289] Trial 126 finished with value: 0.0763107089021629 and parameters: {'rho_e': 0.029977520079262833, 'rho_d': 1e-05, 'nu': 36, 'sigma': 0.36180285305471166}. Best is trial 124 with value: 0.06772910200797667.
[I 2026-08-16 17:11:14,170] Trial 127 finished with value: 0.0699155199661933 and parameters: {'rho_e': 0.1045963556477312, 'rho_d': 0.3221325215742561, 'nu': 11, 'sigma': 0.3334130306484709}. Best is trial 124 with value: 0.06772910200797667.
[I 2026-08-16 17:11:51,986] Trial 128 finished with value: 0.07725029686186202 and parameters: {'rho_e': 1e-05, 'rho_d': 1e-05, 'nu': 2, 'sigma': 0.0}. Best is trial 124 with value: 0.06772910200797667.
[I 2026-08-16 17:12:29,838] Trial 129 finished with value: 0.0690401826050206 and parameters: {'rho_e': 0.13264930301649663, 'rho_d': 0.17497447588441675, 'nu': 2, 'sigma': 0.38188240659085226}. Best is trial 124 with value: 0.06772910200797667.
[I 2026-08-16 17:13:07,675] Trial 130 finished with value: 0.0853586971093627 and parameters: {'rho_e': 40.26518144237374, 'rho_d': 1e-05, 'nu': 2, 'sigma': 1.0}. Best is trial 124 with value: 0.06772910200797667.
[I 2026-08-16 17:13:45,468] Trial 131 finished with value: 0.08279612579167636 and parameters: {'rho_e': 0.003100507082634232, 'rho_d': 0.08363108207781428, 'nu': 2, 'sigma': 0.0}. Best is trial 124 with value: 0.06772910200797667.
[I 2026-08-16 17:14:23,264] Trial 132 finished with value: 0.07707551548912989 and parameters: {'rho_e': 1e-05, 'rho_d': 1e-05, 'nu': 36, 'sigma': 0.3138368607312908}. Best is trial 124 with value: 0.06772910200797667.
[I 2026-08-16 17:15:01,055] Trial 133 finished with value: 0.0751506269618952 and parameters: {'rho_e': 3.5174976689836197, 'rho_d': 0.001092367519962436, 'nu': 2, 'sigma': 0.7250733075870834}. Best is trial 124 with value: 0.06772910200797667.
[I 2026-08-16 17:15:38,879] Trial 134 finished with value: 0.06855371926124432 and parameters: {'rho_e': 0.1345633745651919, 'rho_d': 0.23918542568846757, 'nu': 2, 'sigma': 0.27706414263890505}. Best is trial 124 with value: 0.06772910200797667.
[I 2026-08-16 17:16:16,793] Trial 135 finished with value: 0.07469054703113018 and parameters: {'rho_e': 0.11847319756547706, 'rho_d': 4.540755138691938, 'nu': 36, 'sigma': 0.39664622572314256}. Best is trial 124 with value: 0.06772910200797667.
[I 2026-08-16 17:16:54,705] Trial 136 finished with value: 0.07772678892272042 and parameters: {'rho_e': 0.00020062960913329032, 'rho_d': 0.001279523324713902, 'nu': 36, 'sigma': 0.0}. Best is trial 124 with value: 0.06772910200797667.
[I 2026-08-16 17:17:32,716] Trial 137 finished with value: 0.09402344680803804 and parameters: {'rho_e': 1000.0, 'rho_d': 999.999999999998, 'nu': 2, 'sigma': 1.0}. Best is trial 124 with value: 0.06772910200797667.
[I 2026-08-16 17:18:10,758] Trial 138 finished with value: 0.08078139575108378 and parameters: {'rho_e': 0.08034995074121443, 'rho_d': 1e-05, 'nu': 36, 'sigma': 0.7116879847818618}. Best is trial 124 with value: 0.06772910200797667.
[I 2026-08-16 17:18:48,917] Trial 139 finished with value: 0.0788732791647998 and parameters: {'rho_e': 0.02642100039876503, 'rho_d': 0.0002659488104812615, 'nu': 36, 'sigma': 0.0}. Best is trial 124 with value: 0.06772910200797667.
[I 2026-08-16 17:19:27,080] Trial 140 finished with value: 0.09962798395494521 and parameters: {'rho_e': 1e-05, 'rho_d': 1000.0, 'nu': 36, 'sigma': 1.0}. Best is trial 124 with value: 0.06772910200797667.
[I 2026-08-16 17:20:05,185] Trial 141 finished with value: 0.08195376789656364 and parameters: {'rho_e': 0.07695439158967476, 'rho_d': 0.009771760652220478, 'nu': 36, 'sigma': 1.0}. Best is trial 124 with value: 0.06772910200797667.
[I 2026-08-16 17:20:43,252] Trial 142 finished with value: 0.06806413698724886 and parameters: {'rho_e': 0.09591181445978841, 'rho_d': 0.20083320862208237, 'nu': 2, 'sigma': 0.3208319981132015}. Best is trial 124 with value: 0.06772910200797667.
[I 2026-08-16 17:21:21,348] Trial 143 finished with value: 0.07615425959261488 and parameters: {'rho_e': 0.014052010538058, 'rho_d': 0.0002918965787176094, 'nu': 2, 'sigma': 0.0}. Best is trial 124 with value: 0.06772910200797667.
[I 2026-08-16 17:21:59,355] Trial 144 finished with value: 0.0682538263647208 and parameters: {'rho_e': 0.09669280996831964, 'rho_d': 0.19648917182282882, 'nu': 2, 'sigma': 0.31952239442250935}. Best is trial 124 with value: 0.06772910200797667.
[I 2026-08-16 17:22:37,409] Trial 145 finished with value: 0.07710636213072114 and parameters: {'rho_e': 9.25924750051316e-05, 'rho_d': 1e-05, 'nu': 36, 'sigma': 0.3157929221715275}. Best is trial 124 with value: 0.06772910200797667.
[I 2026-08-16 17:23:15,318] Trial 146 finished with value: 0.06861299060250836 and parameters: {'rho_e': 0.11678542555843406, 'rho_d': 0.17770570725800156, 'nu': 2, 'sigma': 0.2944840492485054}. Best is trial 124 with value: 0.06772910200797667.
[I 2026-08-16 17:23:53,204] Trial 147 finished with value: 0.07774364451103907 and parameters: {'rho_e': 1e-05, 'rho_d': 0.004723603452615286, 'nu': 36, 'sigma': 0.36164494736839825}. Best is trial 124 with value: 0.06772910200797667.
[I 2026-08-16 17:24:31,691] Trial 148 finished with value: 0.07724141614970483 and parameters: {'rho_e': 0.0007036441601386578, 'rho_d': 1e-05, 'nu': 2, 'sigma': 0.0}. Best is trial 124 with value: 0.06772910200797667.
[I 2026-08-16 17:25:09,339] Trial 149 finished with value: 0.09496999818022263 and parameters: {'rho_e': 0.0018192846093160314, 'rho_d': 1000.0, 'nu': 2, 'sigma': 0.0}. Best is trial 124 with value: 0.06772910200797667.
[I 2026-08-16 17:25:47,192] Trial 150 finished with value: 0.07582942196232456 and parameters: {'rho_e': 0.012149086459686658, 'rho_d': 1e-05, 'nu': 18, 'sigma': 0.20743718951361476}. Best is trial 124 with value: 0.06772910200797667.
[I 2026-08-16 17:26:25,070] Trial 151 finished with value: 0.06815258924936163 and parameters: {'rho_e': 0.09274855675483397, 'rho_d': 0.20949671357897992, 'nu': 2, 'sigma': 0.32269113082713335}. Best is trial 124 with value: 0.06772910200797667.
[I 2026-08-16 17:27:02,974] Trial 152 finished with value: 0.07333149738996139 and parameters: {'rho_e': 0.604106763502885, 'rho_d': 0.00029220505698088743, 'nu': 2, 'sigma': 0.6727689195177646}. Best is trial 124 with value: 0.06772910200797667.
[I 2026-08-16 17:27:40,878] Trial 153 finished with value: 0.08361717391947629 and parameters: {'rho_e': 0.5576040745980607, 'rho_d': 1000.0, 'nu': 36, 'sigma': 1.0}. Best is trial 124 with value: 0.06772910200797667.
[I 2026-08-16 17:28:18,761] Trial 154 finished with value: 0.07593516399593955 and parameters: {'rho_e': 0.058904980715799006, 'rho_d': 0.12075948704006889, 'nu': 2, 'sigma': 0.0}. Best is trial 124 with value: 0.06772910200797667.
[I 2026-08-16 17:28:56,707] Trial 155 finished with value: 0.07224370917277342 and parameters: {'rho_e': 0.1774652806661409, 'rho_d': 1e-05, 'nu': 2, 'sigma': 0.5116306305050679}. Best is trial 124 with value: 0.06772910200797667.
[I 2026-08-16 17:29:34,449] Trial 156 finished with value: 0.09498068654091016 and parameters: {'rho_e': 1e-05, 'rho_d': 1000.0, 'nu': 36, 'sigma': 0.0}. Best is trial 124 with value: 0.06772910200797667.
[I 2026-08-16 17:30:12,352] Trial 157 finished with value: 0.06863374890095963 and parameters: {'rho_e': 0.08285970120338489, 'rho_d': 0.24070961567285928, 'nu': 2, 'sigma': 0.2968404570151592}. Best is trial 124 with value: 0.06772910200797667.
[I 2026-08-16 17:30:50,050] Trial 158 finished with value: 0.09536144941802785 and parameters: {'rho_e': 21.726998330591524, 'rho_d': 1e-05, 'nu': 36, 'sigma': 1.0}. Best is trial 124 with value: 0.06772910200797667.
[I 2026-08-16 17:31:27,911] Trial 159 finished with value: 0.0751894512020082 and parameters: {'rho_e': 0.3075348836347202, 'rho_d': 1e-05, 'nu': 2, 'sigma': 0.7247226375142125}. Best is trial 124 with value: 0.06772910200797667.
[I 2026-08-16 17:32:05,693] Trial 160 finished with value: 0.08094483654309438 and parameters: {'rho_e': 1.7217348241356865, 'rho_d': 999.999999999998, 'nu': 2, 'sigma': 0.5636959461638353}. Best is trial 124 with value: 0.06772910200797667.
[I 2026-08-16 17:32:43,498] Trial 161 finished with value: 0.08913841721102972 and parameters: {'rho_e': 0.00036388192942533117, 'rho_d': 1e-05, 'nu': 36, 'sigma': 0.9999999999999999}. Best is trial 124 with value: 0.06772910200797667.
[I 2026-08-16 17:33:21,364] Trial 162 finished with value: 0.07725032759495609 and parameters: {'rho_e': 3.501863147906526e-05, 'rho_d': 0.00013963775797053632, 'nu': 14, 'sigma': 0.0}. Best is trial 124 with value: 0.06772910200797667.
[I 2026-08-16 17:33:59,219] Trial 163 finished with value: 0.07836938768893056 and parameters: {'rho_e': 0.16246295820319423, 'rho_d': 6.22234417630674, 'nu': 36, 'sigma': 1.0}. Best is trial 124 with value: 0.06772910200797667.
[I 2026-08-16 17:34:37,057] Trial 164 finished with value: 0.0841393324534383 and parameters: {'rho_e': 1e-05, 'rho_d': 1e-05, 'nu': 2, 'sigma': 0.33255347510771316}. Best is trial 124 with value: 0.06772910200797667.
[I 2026-08-16 17:35:14,918] Trial 165 finished with value: 0.08914004258591725 and parameters: {'rho_e': 1e-05, 'rho_d': 1e-05, 'nu': 36, 'sigma': 1.0}. Best is trial 124 with value: 0.06772910200797667.
[I 2026-08-16 17:35:52,731] Trial 166 finished with value: 0.074434921882326 and parameters: {'rho_e': 0.05200680897256659, 'rho_d': 1e-05, 'nu': 2, 'sigma': 0.41773499810177633}. Best is trial 124 with value: 0.06772910200797667.
[I 2026-08-16 17:36:30,599] Trial 167 finished with value: 0.07875843969675775 and parameters: {'rho_e': 17.511981095098072, 'rho_d': 1e-05, 'nu': 2, 'sigma': 0.6081665056418691}. Best is trial 124 with value: 0.06772910200797667.
[I 2026-08-16 17:37:08,472] Trial 168 finished with value: 0.08061541822854766 and parameters: {'rho_e': 0.0011215069358933745, 'rho_d': 1e-05, 'nu': 36, 'sigma': 0.5071659745762918}. Best is trial 124 with value: 0.06772910200797667.
[I 2026-08-16 17:37:46,253] Trial 169 finished with value: 0.07706416483848322 and parameters: {'rho_e': 2.197989183016919e-05, 'rho_d': 0.00011579428429463537, 'nu': 36, 'sigma': 0.10956740510631202}. Best is trial 124 with value: 0.06772910200797667.
[I 2026-08-16 17:38:24,105] Trial 170 finished with value: 0.07764776841746478 and parameters: {'rho_e': 1000.0, 'rho_d': 1e-05, 'nu': 2, 'sigma': 0.6503089050515558}. Best is trial 124 with value: 0.06772910200797667.
[I 2026-08-16 17:39:01,940] Trial 171 finished with value: 0.0854404152827993 and parameters: {'rho_e': 1000.0, 'rho_d': 1e-05, 'nu': 2, 'sigma': 1.0}. Best is trial 124 with value: 0.06772910200797667.
[I 2026-08-16 17:39:39,928] Trial 172 finished with value: 0.08216741854776703 and parameters: {'rho_e': 2.645177222637302, 'rho_d': 0.0024006249636717323, 'nu': 2, 'sigma': 1.0}. Best is trial 124 with value: 0.06772910200797667.
[I 2026-08-16 17:40:17,512] Trial 173 finished with value: 0.09477080601408638 and parameters: {'rho_e': 0.055765076835004555, 'rho_d': 999.999999999998, 'nu': 36, 'sigma': 1.0}. Best is trial 124 with value: 0.06772910200797667.
[I 2026-08-16 17:40:54,821] Trial 174 finished with value: 0.0718472784512651 and parameters: {'rho_e': 0.05063511193637393, 'rho_d': 0.15501428389307456, 'nu': 36, 'sigma': 0.27523586763901653}. Best is trial 124 with value: 0.06772910200797667.
[I 2026-08-16 17:41:32,144] Trial 175 finished with value: 0.07219165752209025 and parameters: {'rho_e': 0.04567346530742312, 'rho_d': 0.2508013859951097, 'nu': 36, 'sigma': 0.48987808332384536}. Best is trial 124 with value: 0.06772910200797667.
[I 2026-08-16 17:42:09,437] Trial 176 finished with value: 0.07158730139878366 and parameters: {'rho_e': 0.054068528174579036, 'rho_d': 0.11211629861758607, 'nu': 17, 'sigma': 0.28118153190885936}. Best is trial 124 with value: 0.06772910200797667.
[I 2026-08-16 17:42:46,928] Trial 177 finished with value: 0.07605791216943969 and parameters: {'rho_e': 0.01338013024963599, 'rho_d': 0.007806874358045028, 'nu': 36, 'sigma': 0.21399308428000044}. Best is trial 124 with value: 0.06772910200797667.
[I 2026-08-16 17:43:24,280] Trial 178 finished with value: 0.07945003597017072 and parameters: {'rho_e': 7.777514435686218e-05, 'rho_d': 0.022982902689724864, 'nu': 36, 'sigma': 0.26882080312696255}. Best is trial 124 with value: 0.06772910200797667.
[I 2026-08-16 17:44:01,472] Trial 179 finished with value: 0.07666225575097407 and parameters: {'rho_e': 0.00022017443853819562, 'rho_d': 9.969309499210519e-05, 'nu': 21, 'sigma': 0.1399033036335557}. Best is trial 124 with value: 0.06772910200797667.
[I 2026-08-16 17:44:38,786] Trial 180 finished with value: 0.06958311169232406 and parameters: {'rho_e': 0.10697552505158943, 'rho_d': 0.11099701978992983, 'nu': 2, 'sigma': 0.3341143917546875}. Best is trial 124 with value: 0.06772910200797667.
[I 2026-08-16 17:45:16,090] Trial 181 finished with value: 0.06807373862066576 and parameters: {'rho_e': 0.10599226190473111, 'rho_d': 0.2883039021607529, 'nu': 2, 'sigma': 0.26587175681119846}. Best is trial 124 with value: 0.06772910200797667.
