[I 2026-08-17 10:02:02,177] Trial 88 finished with value: 0.07437752116007049 and parameters: {'rho_e': 20.05100372778324, 'rho_d': 240.04651052859904, 'nu': 32, 'sigma': 0.6632310659426867}. Best is trial 36 with value: 0.06844060397321783.
[I 2026-08-17 10:02:30,699] Trial 89 finished with value: 0.08116114420961182 and parameters: {'rho_e': 14.535026447759645, 'rho_d': 0.00019912265665459548, 'nu': 3, 'sigma': 0.6507498885502383}. Best is trial 36 with value: 0.06844060397321783.
[I 2026-08-17 10:02:58,170] Trial 90 finished with value: 0.08634062012977732 and parameters: {'rho_e': 0.28140290229323806, 'rho_d': 527.6607569870137, 'nu': 27, 'sigma': 0.2728631205517334}. Best is trial 36 with value: 0.06844060397321783.
[I 2026-08-17 10:03:26,646] Trial 91 finished with value: 0.09005108373104859 and parameters: {'rho_e': 5.485200242835515e-05, 'rho_d': 0.5105224667918634, 'nu': 7, 'sigma': 0.43595692900403227}. Best is trial 36 with value: 0.06844060397321783.
[I 2026-08-17 10:03:52,993] Trial 92 finished with value: 0.08346408962817178 and parameters: {'rho_e': 8.336341425228934e-05, 'rho_d': 0.0005794827126532159, 'nu': 29, 'sigma': 0.3821765731577653}. Best is trial 36 with value: 0.06844060397321783.
[I 2026-08-17 10:04:19,376] Trial 93 finished with value: 0.09495516343919383 and parameters: {'rho_e': 0.00038047924661825585, 'rho_d': 0.001078044841329357, 'nu': 9, 'sigma': 0.9819704824560707}. Best is trial 36 with value: 0.06844060397321783.
[I 2026-08-17 10:04:47,986] Trial 94 finished with value: 0.09822510927281126 and parameters: {'rho_e': 992.4492503377901, 'rho_d': 224.539692942945, 'nu': 23, 'sigma': 0.41514563562753076}. Best is trial 36 with value: 0.06844060397321783.
[I 2026-08-17 10:05:20,804] Trial 95 finished with value: 0.07875413877634085 and parameters: {'rho_e': 0.031764010262606016, 'rho_d': 0.0008756819049872257, 'nu': 14, 'sigma': 0.5301312561385396}. Best is trial 36 with value: 0.06844060397321783.
[I 2026-08-17 10:05:53,745] Trial 96 finished with value: 0.0798467971955821 and parameters: {'rho_e': 0.00022222847061875202, 'rho_d': 0.0001738050296441543, 'nu': 13, 'sigma': 0.025223925458757613}. Best is trial 36 with value: 0.06844060397321783.
[I 2026-08-17 10:06:25,075] Trial 97 finished with value: 0.08958957702427994 and parameters: {'rho_e': 29.574688674829023, 'rho_d': 2.855641724548162e-05, 'nu': 27, 'sigma': 0.8224464280175334}. Best is trial 36 with value: 0.06844060397321783.
[I 2026-08-17 10:06:58,349] Trial 98 finished with value: 0.08770273276498355 and parameters: {'rho_e': 0.00889875840901572, 'rho_d': 1.9427635266660284, 'nu': 18, 'sigma': 0.22802846369653387}. Best is trial 36 with value: 0.06844060397321783.
[I 2026-08-17 10:07:30,572] Trial 99 finished with value: 0.09481130778213225 and parameters: {'rho_e': 359.3652997994175, 'rho_d': 61.41717882969804, 'nu': 20, 'sigma': 0.5626303589657099}. Best is trial 36 with value: 0.06844060397321783.
[I 2026-08-17 10:08:08,605] Trial 100 finished with value: 0.06682839870846519 and parameters: {'rho_e': 0.13016016702588773, 'rho_d': 0.005303885490725024, 'nu': 36, 'sigma': 0.659854327022106}. Best is trial 100 with value: 0.06682839870846519.
[I 2026-08-17 10:08:40,765] Trial 101 finished with value: 0.06638275063985045 and parameters: {'rho_e': 0.12735091044351288, 'rho_d': 0.006183891051554263, 'nu': 36, 'sigma': 0.6318952923471747}. Best is trial 101 with value: 0.06638275063985045.
[I 2026-08-17 10:09:12,908] Trial 102 finished with value: 0.08964376515359572 and parameters: {'rho_e': 1000.0, 'rho_d': 1000.0, 'nu': 2, 'sigma': 1.0}. Best is trial 101 with value: 0.06638275063985045.
[I 2026-08-17 10:09:44,642] Trial 103 finished with value: 0.06661473887334521 and parameters: {'rho_e': 0.13222301172483306, 'rho_d': 0.0023806874221867754, 'nu': 36, 'sigma': 0.65973605665833}. Best is trial 101 with value: 0.06638275063985045.
[I 2026-08-17 10:10:12,522] Trial 104 finished with value: 0.0667531980083772 and parameters: {'rho_e': 0.11454827082639042, 'rho_d': 0.007654480222131336, 'nu': 36, 'sigma': 0.6032219138411006}. Best is trial 101 with value: 0.06638275063985045.
[I 2026-08-17 10:10:40,378] Trial 105 finished with value: 0.06672056835377688 and parameters: {'rho_e': 0.1442762207068705, 'rho_d': 0.0037632868119197916, 'nu': 36, 'sigma': 0.6988751040521363}. Best is trial 101 with value: 0.06638275063985045.
[I 2026-08-17 10:11:08,339] Trial 106 finished with value: 0.067238260103716 and parameters: {'rho_e': 0.13159364681445437, 'rho_d': 0.008811108019944135, 'nu': 36, 'sigma': 0.6844668938062425}. Best is trial 101 with value: 0.06638275063985045.
[I 2026-08-17 10:11:40,690] Trial 107 finished with value: 0.06576808273980364 and parameters: {'rho_e': 0.14969644617165426, 'rho_d': 0.0029677216575256043, 'nu': 36, 'sigma': 0.5626474633604052}. Best is trial 107 with value: 0.06576808273980364.
[I 2026-08-17 10:12:15,023] Trial 108 finished with value: 0.06520810141586399 and parameters: {'rho_e': 0.11801041723649895, 'rho_d': 0.0019437323456400742, 'nu': 36, 'sigma': 0.4350009317362693}. Best is trial 108 with value: 0.06520810141586399.
[I 2026-08-17 10:12:46,681] Trial 109 finished with value: 0.06500408719073872 and parameters: {'rho_e': 0.09381117888222675, 'rho_d': 0.0001728473237477819, 'nu': 36, 'sigma': 0.3115844652844778}. Best is trial 109 with value: 0.06500408719073872.
[I 2026-08-17 10:13:19,543] Trial 110 finished with value: 0.06880462924283674 and parameters: {'rho_e': 0.04021822862643837, 'rho_d': 1e-05, 'nu': 36, 'sigma': 0.0}. Best is trial 109 with value: 0.06500408719073872.
[I 2026-08-17 10:13:51,447] Trial 111 finished with value: 0.06617236950936381 and parameters: {'rho_e': 0.06748392651417626, 'rho_d': 0.00046201282499171457, 'nu': 36, 'sigma': 0.19853943447661349}. Best is trial 109 with value: 0.06500408719073872.
[I 2026-08-17 10:14:23,403] Trial 112 finished with value: 0.06452631950268792 and parameters: {'rho_e': 0.11500577686961429, 'rho_d': 0.0004203583976556845, 'nu': 36, 'sigma': 0.389141221478384}. Best is trial 112 with value: 0.06452631950268792.
[I 2026-08-17 10:14:55,632] Trial 113 finished with value: 0.06486768419784643 and parameters: {'rho_e': 0.1230994731140576, 'rho_d': 1e-05, 'nu': 36, 'sigma': 0.4848103112673346}. Best is trial 112 with value: 0.06452631950268792.
[I 2026-08-17 10:15:29,017] Trial 114 finished with value: 0.06486510378662988 and parameters: {'rho_e': 0.14114483583859622, 'rho_d': 7.801982886726733e-05, 'nu': 36, 'sigma': 0.45487085796432775}. Best is trial 112 with value: 0.06452631950268792.
[I 2026-08-17 10:16:02,054] Trial 115 finished with value: 0.06452193060999158 and parameters: {'rho_e': 0.11997877566357999, 'rho_d': 1e-05, 'nu': 36, 'sigma': 0.32813383591597195}. Best is trial 115 with value: 0.06452193060999158.
[I 2026-08-17 10:16:34,276] Trial 116 finished with value: 0.06585229275592257 and parameters: {'rho_e': 0.08402682391089286, 'rho_d': 1e-05, 'nu': 36, 'sigma': 0.35842259351562766}. Best is trial 115 with value: 0.06452193060999158.
[I 2026-08-17 10:17:09,709] Trial 117 finished with value: 0.06550805141736363 and parameters: {'rho_e': 0.16949775583119403, 'rho_d': 1e-05, 'nu': 36, 'sigma': 0.39374899491648796}. Best is trial 115 with value: 0.06452193060999158.
[I 2026-08-17 10:17:42,413] Trial 118 finished with value: 0.06831136688067163 and parameters: {'rho_e': 0.1568762188737316, 'rho_d': 1e-05, 'nu': 36, 'sigma': 1.0}. Best is trial 115 with value: 0.06452193060999158.
[I 2026-08-17 10:18:16,865] Trial 119 finished with value: 0.06529034474365403 and parameters: {'rho_e': 0.12721747801992905, 'rho_d': 7.391376538244633e-05, 'nu': 36, 'sigma': 0.2702967987315859}. Best is trial 115 with value: 0.06452193060999158.
[I 2026-08-17 10:18:49,684] Trial 120 finished with value: 0.08165390164779851 and parameters: {'rho_e': 1000.0, 'rho_d': 1e-05, 'nu': 2, 'sigma': 1.0}. Best is trial 115 with value: 0.06452193060999158.
[I 2026-08-17 10:19:18,576] Trial 121 finished with value: 0.07961247438103132 and parameters: {'rho_e': 1e-05, 'rho_d': 1e-05, 'nu': 2, 'sigma': 0.0}. Best is trial 115 with value: 0.06452193060999158.
[I 2026-08-17 10:19:47,273] Trial 122 finished with value: 0.0822139260525267 and parameters: {'rho_e': 999.999999999998, 'rho_d': 1000.0, 'nu': 36, 'sigma': 1.0}. Best is trial 115 with value: 0.06452193060999158.
[I 2026-08-17 10:20:15,967] Trial 123 finished with value: 0.06455848483695725 and parameters: {'rho_e': 0.1254322669705721, 'rho_d': 0.000307241812306161, 'nu': 36, 'sigma': 0.4216633030711066}. Best is trial 115 with value: 0.06452193060999158.
[I 2026-08-17 10:20:44,694] Trial 124 finished with value: 0.06586502362852704 and parameters: {'rho_e': 0.16101159557916092, 'rho_d': 1e-05, 'nu': 36, 'sigma': 0.6828078673993033}. Best is trial 115 with value: 0.06452193060999158.
[I 2026-08-17 10:21:13,432] Trial 125 finished with value: 0.06466771013390708 and parameters: {'rho_e': 0.13003414164149996, 'rho_d': 0.0003612107428496886, 'nu': 36, 'sigma': 0.38822579085262654}. Best is trial 115 with value: 0.06452193060999158.
[I 2026-08-17 10:21:42,172] Trial 126 finished with value: 0.06534209342211553 and parameters: {'rho_e': 0.11910457139479758, 'rho_d': 1e-05, 'nu': 36, 'sigma': 0.1449214794145459}. Best is trial 115 with value: 0.06452193060999158.
[I 2026-08-17 10:22:10,911] Trial 127 finished with value: 0.06458059458451804 and parameters: {'rho_e': 0.12719700146886595, 'rho_d': 1e-05, 'nu': 27, 'sigma': 0.3002643082030559}. Best is trial 115 with value: 0.06452193060999158.
[I 2026-08-17 10:22:39,949] Trial 128 finished with value: 0.06462784541284115 and parameters: {'rho_e': 0.12161572452812949, 'rho_d': 1e-05, 'nu': 31, 'sigma': 0.28081439212034714}. Best is trial 115 with value: 0.06452193060999158.
[I 2026-08-17 10:23:08,690] Trial 129 finished with value: 0.06558364274363232 and parameters: {'rho_e': 0.1412936585899292, 'rho_d': 1e-05, 'nu': 26, 'sigma': 0.44930633846584644}. Best is trial 115 with value: 0.06452193060999158.
[I 2026-08-17 10:23:37,453] Trial 130 finished with value: 0.0650357166588745 and parameters: {'rho_e': 0.10466902972401974, 'rho_d': 1e-05, 'nu': 18, 'sigma': 0.12028448174297336}. Best is trial 115 with value: 0.06452193060999158.
[I 2026-08-17 10:24:06,206] Trial 131 finished with value: 0.06302486472311547 and parameters: {'rho_e': 0.12953521862489936, 'rho_d': 1e-05, 'nu': 2, 'sigma': 0.25921004405763187}. Best is trial 131 with value: 0.06302486472311547.
[I 2026-08-17 10:24:34,922] Trial 132 finished with value: 0.06279574941536255 and parameters: {'rho_e': 0.16799603270341507, 'rho_d': 1e-05, 'nu': 2, 'sigma': 0.32032972783486086}. Best is trial 132 with value: 0.06279574941536255.
[I 2026-08-17 10:25:03,647] Trial 133 finished with value: 0.06294581984542696 and parameters: {'rho_e': 0.17479320207964957, 'rho_d': 1e-05, 'nu': 2, 'sigma': 0.2597017387642832}. Best is trial 132 with value: 0.06279574941536255.
[I 2026-08-17 10:25:32,370] Trial 134 finished with value: 0.06279574941536255 and parameters: {'rho_e': 0.16799603270341507, 'rho_d': 1e-05, 'nu': 2, 'sigma': 0.32032972783486086}. Best is trial 132 with value: 0.06279574941536255.
[I 2026-08-17 10:26:01,118] Trial 135 finished with value: 0.06306628614755205 and parameters: {'rho_e': 0.1561093454712544, 'rho_d': 3.3562259306169075e-05, 'nu': 2, 'sigma': 0.3051771444811657}. Best is trial 132 with value: 0.06279574941536255.
[I 2026-08-17 10:26:29,851] Trial 136 finished with value: 0.06271536224675578 and parameters: {'rho_e': 0.15819830873669546, 'rho_d': 1e-05, 'nu': 2, 'sigma': 0.29600368630301666}. Best is trial 136 with value: 0.06271536224675578.
[I 2026-08-17 10:26:58,569] Trial 137 finished with value: 0.06443097198746839 and parameters: {'rho_e': 0.15455983232321327, 'rho_d': 1e-05, 'nu': 6, 'sigma': 0.28657253303828756}. Best is trial 136 with value: 0.06271536224675578.
[I 2026-08-17 10:27:31,684] Trial 138 finished with value: 0.06634250842456314 and parameters: {'rho_e': 0.08811672071706501, 'rho_d': 1e-05, 'nu': 2, 'sigma': 0.0}. Best is trial 136 with value: 0.06271536224675578.
[I 2026-08-17 10:28:03,591] Trial 139 finished with value: 0.06397313742561113 and parameters: {'rho_e': 0.178549937110899, 'rho_d': 1e-05, 'nu': 2, 'sigma': 0.4019985332949007}. Best is trial 136 with value: 0.06271536224675578.
[I 2026-08-17 10:28:36,238] Trial 140 finished with value: 0.06357024256923664 and parameters: {'rho_e': 0.11346323819627242, 'rho_d': 0.00033498360270663874, 'nu': 2, 'sigma': 0.20571941637975208}. Best is trial 136 with value: 0.06271536224675578.
[I 2026-08-17 10:29:08,911] Trial 141 finished with value: 0.06690666298417713 and parameters: {'rho_e': 0.07189169946198727, 'rho_d': 0.003044843851898884, 'nu': 2, 'sigma': 0.0}. Best is trial 136 with value: 0.06271536224675578.
[I 2026-08-17 10:29:41,619] Trial 142 finished with value: 0.06490873217891847 and parameters: {'rho_e': 0.09296023084534615, 'rho_d': 0.0005702588453553777, 'nu': 19, 'sigma': 0.14567096328477588}. Best is trial 136 with value: 0.06271536224675578.
[I 2026-08-17 10:30:14,259] Trial 143 finished with value: 0.07682479351032592 and parameters: {'rho_e': 6.031298785985143, 'rho_d': 1000.0, 'nu': 36, 'sigma': 0.5631475493341057}. Best is trial 136 with value: 0.06271536224675578.
[I 2026-08-17 10:30:46,882] Trial 144 finished with value: 0.06269509619073452 and parameters: {'rho_e': 0.130785314733265, 'rho_d': 3.9097723648894695e-05, 'nu': 2, 'sigma': 0.21306079643780673}. Best is trial 144 with value: 0.06269509619073452.
[I 2026-08-17 10:31:19,569] Trial 145 finished with value: 0.06269848339453454 and parameters: {'rho_e': 0.14129454584924128, 'rho_d': 2.6163381866045688e-05, 'nu': 2, 'sigma': 0.23833719496425684}. Best is trial 144 with value: 0.06269509619073452.
[I 2026-08-17 10:31:52,247] Trial 146 finished with value: 0.06310444355694739 and parameters: {'rho_e': 0.12113306958299863, 'rho_d': 4.494321565232164e-05, 'nu': 2, 'sigma': 0.21683416932031518}. Best is trial 144 with value: 0.06269509619073452.
[I 2026-08-17 10:32:24,885] Trial 147 finished with value: 0.0625618681529645 and parameters: {'rho_e': 0.1532606253157795, 'rho_d': 1.9665233352589075e-05, 'nu': 2, 'sigma': 0.24725502794903262}. Best is trial 147 with value: 0.0625618681529645.
[I 2026-08-17 10:32:58,049] Trial 148 finished with value: 0.06353399631577285 and parameters: {'rho_e': 0.1549813846268929, 'rho_d': 5.936200226476042e-05, 'nu': 2, 'sigma': 0.20150316900482437}. Best is trial 147 with value: 0.0625618681529645.
[I 2026-08-17 10:33:30,716] Trial 149 finished with value: 0.07664948992139556 and parameters: {'rho_e': 17.4348261171999, 'rho_d': 999.999999999998, 'nu': 36, 'sigma': 0.9999999999999999}. Best is trial 147 with value: 0.0625618681529645.
[I 2026-08-17 10:34:03,343] Trial 150 finished with value: 0.08088566816419557 and parameters: {'rho_e': 1.3440978649596533, 'rho_d': 1000.0, 'nu': 2, 'sigma': 0.0}. Best is trial 147 with value: 0.0625618681529645.
[I 2026-08-17 10:34:35,970] Trial 151 finished with value: 0.07961247438103132 and parameters: {'rho_e': 1e-05, 'rho_d': 1e-05, 'nu': 36, 'sigma': 0.0}. Best is trial 147 with value: 0.0625618681529645.
[I 2026-08-17 10:35:08,697] Trial 152 finished with value: 0.08156179068365524 and parameters: {'rho_e': 73.20412789274846, 'rho_d': 1e-05, 'nu': 2, 'sigma': 1.0}. Best is trial 147 with value: 0.0625618681529645.
[I 2026-08-17 10:35:41,387] Trial 153 finished with value: 0.06641837687499155 and parameters: {'rho_e': 0.08079510129490296, 'rho_d': 0.000118310480586259, 'nu': 25, 'sigma': 0.0}. Best is trial 147 with value: 0.0625618681529645.
[I 2026-08-17 10:36:14,156] Trial 154 finished with value: 0.06362595249822224 and parameters: {'rho_e': 0.12252911683428375, 'rho_d': 0.00595253657440833, 'nu': 2, 'sigma': 0.2564604611796727}. Best is trial 147 with value: 0.0625618681529645.
[I 2026-08-17 10:36:46,937] Trial 155 finished with value: 0.06403487778263864 and parameters: {'rho_e': 0.13912839982429137, 'rho_d': 0.001108506076848054, 'nu': 2, 'sigma': 0.33728246861412114}. Best is trial 147 with value: 0.0625618681529645.
[I 2026-08-17 10:37:19,593] Trial 156 finished with value: 0.06290461685050247 and parameters: {'rho_e': 0.14684771096915863, 'rho_d': 1e-05, 'nu': 2, 'sigma': 0.22705623411940398}. Best is trial 147 with value: 0.0625618681529645.
[I 2026-08-17 10:37:52,364] Trial 157 finished with value: 0.06288679791379145 and parameters: {'rho_e': 0.1441479572955319, 'rho_d': 1.848720826371621e-05, 'nu': 2, 'sigma': 0.2666105711907389}. Best is trial 147 with value: 0.0625618681529645.
[I 2026-08-17 10:38:25,130] Trial 158 finished with value: 0.08713165290491154 and parameters: {'rho_e': 1e-05, 'rho_d': 1e-05, 'nu': 36, 'sigma': 1.0}. Best is trial 147 with value: 0.0625618681529645.
[I 2026-08-17 10:38:57,859] Trial 159 finished with value: 0.06595160945844639 and parameters: {'rho_e': 0.10199733754201178, 'rho_d': 0.005700158899192787, 'nu': 12, 'sigma': 0.24011310574367428}. Best is trial 147 with value: 0.0625618681529645.
[I 2026-08-17 10:39:30,574] Trial 160 finished with value: 0.07232730287252177 and parameters: {'rho_e': 0.13703584679249425, 'rho_d': 0.384124069760371, 'nu': 2, 'sigma': 0.0}. Best is trial 147 with value: 0.0625618681529645.
[I 2026-08-17 10:40:03,238] Trial 161 finished with value: 0.08189498583742755 and parameters: {'rho_e': 4.496949766704587, 'rho_d': 1000.0, 'nu': 2, 'sigma': 0.5304572530480125}. Best is trial 147 with value: 0.0625618681529645.
[I 2026-08-17 10:40:35,951] Trial 162 finished with value: 0.07954046750971089 and parameters: {'rho_e': 0.0014626871964468404, 'rho_d': 1e-05, 'nu': 2, 'sigma': 0.0}. Best is trial 147 with value: 0.0625618681529645.
[I 2026-08-17 10:41:08,667] Trial 163 finished with value: 0.0671686395640167 and parameters: {'rho_e': 0.09774602220171934, 'rho_d': 0.013272302107902763, 'nu': 36, 'sigma': 0.0}. Best is trial 147 with value: 0.0625618681529645.
[I 2026-08-17 10:41:41,324] Trial 164 finished with value: 0.06348479759768685 and parameters: {'rho_e': 0.14741726709825728, 'rho_d': 0.0025386050986304746, 'nu': 2, 'sigma': 0.18474565481096553}. Best is trial 147 with value: 0.0625618681529645.
[I 2026-08-17 10:42:14,013] Trial 165 finished with value: 0.0796120816185479 and parameters: {'rho_e': 0.00019243734285428858, 'rho_d': 1e-05, 'nu': 36, 'sigma': 0.0}. Best is trial 147 with value: 0.0625618681529645.
[I 2026-08-17 10:42:46,777] Trial 166 finished with value: 0.09130545053591865 and parameters: {'rho_e': 999.999999999998, 'rho_d': 1e-05, 'nu': 36, 'sigma': 1.0}. Best is trial 147 with value: 0.0625618681529645.
[I 2026-08-17 10:43:19,376] Trial 167 finished with value: 0.06287071071948654 and parameters: {'rho_e': 0.1413614067011122, 'rho_d': 1.7550338532261058e-05, 'nu': 2, 'sigma': 0.2692055799059245}. Best is trial 147 with value: 0.0625618681529645.
[I 2026-08-17 10:43:52,023] Trial 168 finished with value: 0.0758077895374068 and parameters: {'rho_e': 0.03825427652355283, 'rho_d': 1e-05, 'nu': 36, 'sigma': 0.9999999999999999}. Best is trial 147 with value: 0.0625618681529645.
[I 2026-08-17 10:44:24,742] Trial 169 finished with value: 0.08165390164779851 and parameters: {'rho_e': 1000.0, 'rho_d': 0.019262916807965137, 'nu': 2, 'sigma': 1.0}. Best is trial 147 with value: 0.0625618681529645.
[I 2026-08-17 10:44:57,516] Trial 170 finished with value: 0.09648651089663093 and parameters: {'rho_e': 1e-05, 'rho_d': 1000.0, 'nu': 2, 'sigma': 0.0}. Best is trial 147 with value: 0.0625618681529645.
[I 2026-08-17 10:45:30,263] Trial 171 finished with value: 0.06755184985392274 and parameters: {'rho_e': 0.2708344609896275, 'rho_d': 0.0004061303033444543, 'nu': 36, 'sigma': 1.0}. Best is trial 147 with value: 0.0625618681529645.
[I 2026-08-17 10:46:03,049] Trial 172 finished with value: 0.07915789667580089 and parameters: {'rho_e': 0.003596627319512206, 'rho_d': 1e-05, 'nu': 36, 'sigma': 0.0}. Best is trial 147 with value: 0.0625618681529645.
[I 2026-08-17 10:46:35,775] Trial 173 finished with value: 0.06379603071981822 and parameters: {'rho_e': 0.24696536498076466, 'rho_d': 1e-05, 'nu': 2, 'sigma': 0.33852068655786854}. Best is trial 147 with value: 0.0625618681529645.
[I 2026-08-17 10:47:08,526] Trial 174 finished with value: 0.06345756244405612 and parameters: {'rho_e': 0.09835086631942964, 'rho_d': 0.0025183320318780005, 'nu': 2, 'sigma': 0.17317356906709747}. Best is trial 147 with value: 0.0625618681529645.
[I 2026-08-17 10:47:41,254] Trial 175 finished with value: 0.0625618681529645 and parameters: {'rho_e': 0.1532606253157795, 'rho_d': 1.9665233352589075e-05, 'nu': 2, 'sigma': 0.24725502794903262}. Best is trial 147 with value: 0.0625618681529645.
[I 2026-08-17 10:48:13,979] Trial 176 finished with value: 0.06289726301137809 and parameters: {'rho_e': 0.14119800944790928, 'rho_d': 1e-05, 'nu': 2, 'sigma': 0.20983766468766657}. Best is trial 147 with value: 0.0625618681529645.
[I 2026-08-17 10:48:46,730] Trial 177 finished with value: 0.0625618681529645 and parameters: {'rho_e': 0.1532606253157795, 'rho_d': 1.9665233352589075e-05, 'nu': 2, 'sigma': 0.24725502794903262}. Best is trial 147 with value: 0.0625618681529645.
[I 2026-08-17 10:49:19,445] Trial 178 finished with value: 0.0625618681529645 and parameters: {'rho_e': 0.1532606253157795, 'rho_d': 1.9665233352589075e-05, 'nu': 2, 'sigma': 0.24725502794903262}. Best is trial 147 with value: 0.0625618681529645.
[I 2026-08-17 10:49:52,208] Trial 179 finished with value: 0.0625618681529645 and parameters: {'rho_e': 0.1532606253157795, 'rho_d': 1.9665233352589075e-05, 'nu': 2, 'sigma': 0.24725502794903262}. Best is trial 147 with value: 0.0625618681529645.
[I 2026-08-17 10:50:24,892] Trial 180 finished with value: 0.0625618681529645 and parameters: {'rho_e': 0.1532606253157795, 'rho_d': 1.9665233352589075e-05, 'nu': 2, 'sigma': 0.24725502794903262}. Best is trial 147 with value: 0.0625618681529645.
