[I 2026-08-16 18:16:38,544] Trial 181 finished with value: 0.09095769500166428 and parameters: {'rho_e': 0.04715255494302153, 'rho_d': 1000.0, 'nu': 2, 'sigma': 0.0}. Best is trial 174 with value: 0.06786138261345748.
[I 2026-08-16 18:17:13,996] Trial 182 finished with value: 0.08952637496227603 and parameters: {'rho_e': 1e-05, 'rho_d': 5.149506938141436, 'nu': 36, 'sigma': 0.3750585101630657}. Best is trial 174 with value: 0.06786138261345748.
[I 2026-08-16 18:17:47,480] Trial 183 finished with value: 0.07737205987192768 and parameters: {'rho_e': 0.0010147042077219713, 'rho_d': 0.0009430806474922228, 'nu': 36, 'sigma': 0.0}. Best is trial 174 with value: 0.06786138261345748.
[I 2026-08-16 18:18:23,076] Trial 184 finished with value: 0.07925437171623392 and parameters: {'rho_e': 0.0002676545803275651, 'rho_d': 0.0103080635134835, 'nu': 2, 'sigma': 0.15040189286918085}. Best is trial 174 with value: 0.06786138261345748.
[I 2026-08-16 18:18:57,676] Trial 185 finished with value: 0.10991576734629088 and parameters: {'rho_e': 0.1757470398586341, 'rho_d': 1000.0, 'nu': 2, 'sigma': 1.0}. Best is trial 174 with value: 0.06786138261345748.
[I 2026-08-16 18:19:33,415] Trial 186 finished with value: 0.07119089581723909 and parameters: {'rho_e': 0.21008744145379948, 'rho_d': 0.6643996737186978, 'nu': 2, 'sigma': 0.33076906599728234}. Best is trial 174 with value: 0.06786138261345748.
[I 2026-08-16 18:20:06,825] Trial 187 finished with value: 0.07447126462362469 and parameters: {'rho_e': 0.13723969524524773, 'rho_d': 14.48375186110749, 'nu': 14, 'sigma': 0.23923187979631821}. Best is trial 174 with value: 0.06786138261345748.
[I 2026-08-16 18:20:42,283] Trial 188 finished with value: 0.07848911781020326 and parameters: {'rho_e': 123.15998821444663, 'rho_d': 1e-05, 'nu': 2, 'sigma': 0.6273983719880191}. Best is trial 174 with value: 0.06786138261345748.
[I 2026-08-16 18:21:15,908] Trial 189 finished with value: 0.07734561793784034 and parameters: {'rho_e': 10.999709828273307, 'rho_d': 1e-05, 'nu': 2, 'sigma': 0.7432815827208448}. Best is trial 174 with value: 0.06786138261345748.
[I 2026-08-16 18:21:49,240] Trial 190 finished with value: 0.095764910979352 and parameters: {'rho_e': 47.016636778239, 'rho_d': 1000.0, 'nu': 2, 'sigma': 1.0}. Best is trial 174 with value: 0.06786138261345748.
[I 2026-08-16 18:22:22,967] Trial 191 finished with value: 0.07289498537872188 and parameters: {'rho_e': 0.15293297390408314, 'rho_d': 0.041666827503704, 'nu': 2, 'sigma': 0.47237247927903075}. Best is trial 174 with value: 0.06786138261345748.
[I 2026-08-16 18:22:56,656] Trial 192 finished with value: 0.10674096439189931 and parameters: {'rho_e': 1000.0, 'rho_d': 1000.0, 'nu': 36, 'sigma': 1.0}. Best is trial 174 with value: 0.06786138261345748.
[I 2026-08-16 18:23:32,475] Trial 193 finished with value: 0.06927140707667068 and parameters: {'rho_e': 0.11627864510360332, 'rho_d': 0.1160443975655822, 'nu': 2, 'sigma': 0.30224544876663517}. Best is trial 174 with value: 0.06786138261345748.
[I 2026-08-16 18:24:07,231] Trial 194 finished with value: 0.0896415905101002 and parameters: {'rho_e': 1e-05, 'rho_d': 0.04118633097045635, 'nu': 36, 'sigma': 1.0}. Best is trial 174 with value: 0.06786138261345748.
[I 2026-08-16 18:24:42,312] Trial 195 finished with value: 0.07663146189114328 and parameters: {'rho_e': 3.627314864672219e-05, 'rho_d': 1e-05, 'nu': 36, 'sigma': 0.17581878939959938}. Best is trial 174 with value: 0.06786138261345748.
[I 2026-08-16 18:25:17,551] Trial 196 finished with value: 0.07717350721802674 and parameters: {'rho_e': 0.7000260591623176, 'rho_d': 999.999999999998, 'nu': 21, 'sigma': 0.18516663292932675}. Best is trial 174 with value: 0.06786138261345748.
[I 2026-08-16 18:25:51,767] Trial 197 finished with value: 0.07515891886824007 and parameters: {'rho_e': 9.169697688661877e-05, 'rho_d': 1e-05, 'nu': 2, 'sigma': 0.1143423072544759}. Best is trial 174 with value: 0.06786138261345748.
[I 2026-08-16 18:26:26,961] Trial 198 finished with value: 0.07286757589627046 and parameters: {'rho_e': 1.649151498598865, 'rho_d': 1000.0, 'nu': 2, 'sigma': 0.2786545791559495}. Best is trial 174 with value: 0.06786138261345748.
[I 2026-08-16 18:27:02,375] Trial 199 finished with value: 0.09498068654091016 and parameters: {'rho_e': 1e-05, 'rho_d': 1000.0, 'nu': 2, 'sigma': 0.0}. Best is trial 174 with value: 0.06786138261345748.
/home/gterren/dynamic_update/functional_forecast_dynamic_update/scripts/validate_zone_ffc_mpi.py:1094: FutureWarning: The behavior of DataFrame concatenation with empty or all-NA entries is deprecated. In a future version, this will no longer exclude empty or all-NA columns when determining the result dtypes. To retain the old behavior, exclude the relevant entries before the concat operation.
  results_df = pd.concat([results_df, prob_results], axis = 0, ignore_index=True)
