[I 2026-08-16 23:18:39,630] Trial 88 finished with value: 0.08710174116479205 and parameters: {'rho_e': 0.486251533292777, 'rho_d': 52.14784654714354, 'nu': 6, 'sigma': 0.7891228370595951}. Best is trial 64 with value: 0.07444614607400302.
[I 2026-08-16 23:19:12,420] Trial 89 finished with value: 0.09418003553039005 and parameters: {'rho_e': 0.000612889380538402, 'rho_d': 6.25476322167153e-05, 'nu': 5, 'sigma': 0.9047950693848056}. Best is trial 64 with value: 0.07444614607400302.
[I 2026-08-16 23:19:45,390] Trial 90 finished with value: 0.11447096192604403 and parameters: {'rho_e': 7.905609421867139, 'rho_d': 1.482399313641124, 'nu': 20, 'sigma': 0.1529659116515288}. Best is trial 64 with value: 0.07444614607400302.
[I 2026-08-16 23:20:18,409] Trial 91 finished with value: 0.08898940139874596 and parameters: {'rho_e': 0.6819215330358105, 'rho_d': 0.0003702816334400203, 'nu': 33, 'sigma': 0.8384256258654897}. Best is trial 64 with value: 0.07444614607400302.
[I 2026-08-16 23:20:51,351] Trial 92 finished with value: 0.08355155719646781 and parameters: {'rho_e': 0.004212958428106735, 'rho_d': 0.004678011386611994, 'nu': 8, 'sigma': 0.37791297465362256}. Best is trial 64 with value: 0.07444614607400302.
[I 2026-08-16 23:21:24,134] Trial 93 finished with value: 0.07869962709001033 and parameters: {'rho_e': 0.2677199530536358, 'rho_d': 11.763303983773799, 'nu': 11, 'sigma': 0.24816428628969947}. Best is trial 64 with value: 0.07444614607400302.
[I 2026-08-16 23:21:56,740] Trial 94 finished with value: 0.07708075214277207 and parameters: {'rho_e': 0.0011444406274560965, 'rho_d': 0.000721586105829393, 'nu': 14, 'sigma': 0.06114790393564393}. Best is trial 64 with value: 0.07444614607400302.
[I 2026-08-16 23:22:29,621] Trial 95 finished with value: 0.08199686348669485 and parameters: {'rho_e': 0.3792824094846887, 'rho_d': 0.0570033980864129, 'nu': 8, 'sigma': 0.8283112299515442}. Best is trial 64 with value: 0.07444614607400302.
[I 2026-08-16 23:23:02,372] Trial 96 finished with value: 0.08255376301061854 and parameters: {'rho_e': 1.9897379970608284e-05, 'rho_d': 0.000130016363482025, 'nu': 28, 'sigma': 0.5825780928860248}. Best is trial 64 with value: 0.07444614607400302.
[I 2026-08-16 23:23:35,302] Trial 97 finished with value: 0.09669020153654423 and parameters: {'rho_e': 0.8390481620733344, 'rho_d': 0.09244901937295714, 'nu': 29, 'sigma': 0.5060934257174607}. Best is trial 64 with value: 0.07444614607400302.
[I 2026-08-16 23:24:08,287] Trial 98 finished with value: 0.10079488055420044 and parameters: {'rho_e': 4.631918267545036, 'rho_d': 0.0009628776616921115, 'nu': 19, 'sigma': 0.2900502502494807}. Best is trial 64 with value: 0.07444614607400302.
[I 2026-08-16 23:24:41,167] Trial 99 finished with value: 0.07730723045409887 and parameters: {'rho_e': 0.04871965141021672, 'rho_d': 3.330825453140193e-05, 'nu': 7, 'sigma': 0.7954371049397843}. Best is trial 64 with value: 0.07444614607400302.
[I 2026-08-16 23:25:16,555] Trial 100 finished with value: 0.07925303040784183 and parameters: {'rho_e': 0.04966780624646339, 'rho_d': 0.00037654969885133385, 'nu': 36, 'sigma': 0.6702042151480053}. Best is trial 64 with value: 0.07444614607400302.
[I 2026-08-16 23:25:49,639] Trial 101 finished with value: 0.0772486329773382 and parameters: {'rho_e': 0.0002927630846500502, 'rho_d': 1e-05, 'nu': 36, 'sigma': 0.0}. Best is trial 64 with value: 0.07444614607400302.
[I 2026-08-16 23:26:22,752] Trial 102 finished with value: 0.07772353943182903 and parameters: {'rho_e': 0.018372770333531983, 'rho_d': 1e-05, 'nu': 2, 'sigma': 0.0}. Best is trial 64 with value: 0.07444614607400302.
[I 2026-08-16 23:26:56,057] Trial 103 finished with value: 0.07725029689558864 and parameters: {'rho_e': 1e-05, 'rho_d': 1e-05, 'nu': 36, 'sigma': 0.0}. Best is trial 64 with value: 0.07444614607400302.
[I 2026-08-16 23:27:29,378] Trial 104 finished with value: 0.07926639685087096 and parameters: {'rho_e': 0.06302871375757209, 'rho_d': 0.0039172777066596035, 'nu': 2, 'sigma': 0.2578484321024458}. Best is trial 64 with value: 0.07444614607400302.
[I 2026-08-16 23:28:02,454] Trial 105 finished with value: 0.07641865437714293 and parameters: {'rho_e': 0.00929875887924337, 'rho_d': 0.0023197598994616347, 'nu': 2, 'sigma': 0.0}. Best is trial 64 with value: 0.07444614607400302.
[I 2026-08-16 23:28:35,640] Trial 106 finished with value: 0.07697455712301095 and parameters: {'rho_e': 0.0026633336067236244, 'rho_d': 1e-05, 'nu': 29, 'sigma': 0.0}. Best is trial 64 with value: 0.07444614607400302.
[I 2026-08-16 23:29:08,762] Trial 107 finished with value: 0.07521070980850847 and parameters: {'rho_e': 0.03967945431371518, 'rho_d': 1e-05, 'nu': 36, 'sigma': 1.0}. Best is trial 64 with value: 0.07444614607400302.
[I 2026-08-16 23:29:41,935] Trial 108 finished with value: 0.07237861689234823 and parameters: {'rho_e': 0.13090471861131076, 'rho_d': 0.0007903166574659984, 'nu': 2, 'sigma': 0.6914060584937798}. Best is trial 108 with value: 0.07237861689234823.
[I 2026-08-16 23:30:15,017] Trial 109 finished with value: 0.07725029689558864 and parameters: {'rho_e': 1e-05, 'rho_d': 1e-05, 'nu': 2, 'sigma': 0.0}. Best is trial 108 with value: 0.07237861689234823.
[I 2026-08-16 23:30:48,285] Trial 110 finished with value: 0.0753924865714895 and parameters: {'rho_e': 0.1905824962583976, 'rho_d': 2.3533727964252267e-05, 'nu': 2, 'sigma': 1.0}. Best is trial 108 with value: 0.07237861689234823.
[I 2026-08-16 23:31:21,515] Trial 111 finished with value: 0.0725022785757985 and parameters: {'rho_e': 0.16876979310342088, 'rho_d': 0.00016655255033444982, 'nu': 2, 'sigma': 0.7412424327244014}. Best is trial 108 with value: 0.07237861689234823.
[I 2026-08-16 23:31:54,789] Trial 112 finished with value: 0.08162898775101536 and parameters: {'rho_e': 0.4443473181814062, 'rho_d': 1000.0, 'nu': 2, 'sigma': 0.3511851406337365}. Best is trial 108 with value: 0.07237861689234823.
[I 2026-08-16 23:32:27,977] Trial 113 finished with value: 0.07725000597572076 and parameters: {'rho_e': 0.00016516597128378774, 'rho_d': 1e-05, 'nu': 2, 'sigma': 0.0}. Best is trial 108 with value: 0.07237861689234823.
[I 2026-08-16 23:33:01,177] Trial 114 finished with value: 0.07913608748689109 and parameters: {'rho_e': 0.041475096216545555, 'rho_d': 0.6190842898674213, 'nu': 2, 'sigma': 0.0}. Best is trial 108 with value: 0.07237861689234823.
[I 2026-08-16 23:33:34,531] Trial 115 finished with value: 0.07784529670702633 and parameters: {'rho_e': 0.1191994314015727, 'rho_d': 0.0006638310501979937, 'nu': 9, 'sigma': 0.8148533309011989}. Best is trial 108 with value: 0.07237861689234823.
[I 2026-08-16 23:34:07,653] Trial 116 finished with value: 0.07259825841255975 and parameters: {'rho_e': 0.15235730460495164, 'rho_d': 1e-05, 'nu': 2, 'sigma': 0.6983840310761898}. Best is trial 108 with value: 0.07237861689234823.
[I 2026-08-16 23:34:40,859] Trial 117 finished with value: 0.07276367451219773 and parameters: {'rho_e': 0.16072502774745295, 'rho_d': 3.747906447862521e-05, 'nu': 2, 'sigma': 0.6885855894080051}. Best is trial 108 with value: 0.07237861689234823.
[I 2026-08-16 23:35:14,150] Trial 118 finished with value: 0.07725029543883588 and parameters: {'rho_e': 4.234879640551441e-05, 'rho_d': 1e-05, 'nu': 23, 'sigma': 0.0}. Best is trial 108 with value: 0.07237861689234823.
[I 2026-08-16 23:35:47,518] Trial 119 finished with value: 0.07302978692629769 and parameters: {'rho_e': 0.14269936380729584, 'rho_d': 0.00014115894311443042, 'nu': 2, 'sigma': 0.661861054833639}. Best is trial 108 with value: 0.07237861689234823.
[I 2026-08-16 23:36:20,632] Trial 120 finished with value: 0.07792540767880116 and parameters: {'rho_e': 0.018780552330756234, 'rho_d': 1e-05, 'nu': 36, 'sigma': 0.0}. Best is trial 108 with value: 0.07237861689234823.
[I 2026-08-16 23:36:53,574] Trial 121 finished with value: 0.07945533866415601 and parameters: {'rho_e': 1e-05, 'rho_d': 0.007260113231563419, 'nu': 36, 'sigma': 0.0}. Best is trial 108 with value: 0.07237861689234823.
[I 2026-08-16 23:37:26,367] Trial 122 finished with value: 0.07676792557461058 and parameters: {'rho_e': 0.013777648212845063, 'rho_d': 1e-05, 'nu': 36, 'sigma': 1.0}. Best is trial 108 with value: 0.07237861689234823.
[I 2026-08-16 23:37:59,590] Trial 123 finished with value: 0.07284770743289556 and parameters: {'rho_e': 0.1931849288896942, 'rho_d': 1e-05, 'nu': 2, 'sigma': 0.7839275227236726}. Best is trial 108 with value: 0.07237861689234823.
[I 2026-08-16 23:38:32,860] Trial 124 finished with value: 0.08516542491638425 and parameters: {'rho_e': 1000.0, 'rho_d': 0.5217562625885716, 'nu': 2, 'sigma': 1.0}. Best is trial 108 with value: 0.07237861689234823.
[I 2026-08-16 23:39:05,835] Trial 125 finished with value: 0.07328702019695463 and parameters: {'rho_e': 0.2048003492179281, 'rho_d': 0.0007240505249938735, 'nu': 2, 'sigma': 0.666320492773528}. Best is trial 108 with value: 0.07237861689234823.
[I 2026-08-16 23:39:39,113] Trial 126 finished with value: 0.07836058114624125 and parameters: {'rho_e': 6.78553335440761e-05, 'rho_d': 0.003574307134545414, 'nu': 2, 'sigma': 0.0}. Best is trial 108 with value: 0.07237861689234823.
[I 2026-08-16 23:40:12,317] Trial 127 finished with value: 0.07675852816033109 and parameters: {'rho_e': 0.01667967494589418, 'rho_d': 0.0005126367629034097, 'nu': 18, 'sigma': 0.0}. Best is trial 108 with value: 0.07237861689234823.
[I 2026-08-16 23:40:45,364] Trial 128 finished with value: 0.07875827124296997 and parameters: {'rho_e': 0.0009190146947020588, 'rho_d': 1e-05, 'nu': 36, 'sigma': 0.3186948134123688}. Best is trial 108 with value: 0.07237861689234823.
[I 2026-08-16 23:41:18,628] Trial 129 finished with value: 0.07293296955909379 and parameters: {'rho_e': 0.12811580616734267, 'rho_d': 1e-05, 'nu': 2, 'sigma': 0.7803707452174274}. Best is trial 108 with value: 0.07237861689234823.
[I 2026-08-16 23:41:51,679] Trial 130 finished with value: 0.0771502622655525 and parameters: {'rho_e': 0.0015317567181472903, 'rho_d': 1e-05, 'nu': 2, 'sigma': 0.0}. Best is trial 108 with value: 0.07237861689234823.
[I 2026-08-16 23:42:24,858] Trial 131 finished with value: 0.09378409614733335 and parameters: {'rho_e': 1000.0, 'rho_d': 1e-05, 'nu': 36, 'sigma': 1.0}. Best is trial 108 with value: 0.07237861689234823.
[I 2026-08-16 23:42:58,072] Trial 132 finished with value: 0.07145601066674256 and parameters: {'rho_e': 0.14144497141373613, 'rho_d': 0.026633261702180364, 'nu': 2, 'sigma': 0.6077952238906136}. Best is trial 132 with value: 0.07145601066674256.
[I 2026-08-16 23:43:31,056] Trial 133 finished with value: 0.07166323147713854 and parameters: {'rho_e': 0.1250832034966864, 'rho_d': 0.021490673288631888, 'nu': 2, 'sigma': 0.6386584054495499}. Best is trial 132 with value: 0.07145601066674256.
[I 2026-08-16 23:44:04,086] Trial 134 finished with value: 0.0731962432155796 and parameters: {'rho_e': 0.14184878604538348, 'rho_d': 0.11626807414601065, 'nu': 2, 'sigma': 0.5477812318462338}. Best is trial 132 with value: 0.07145601066674256.
[I 2026-08-16 23:44:37,511] Trial 135 finished with value: 0.07298033739643592 and parameters: {'rho_e': 0.14109374423141793, 'rho_d': 0.012092326237828814, 'nu': 2, 'sigma': 0.6458855293231281}. Best is trial 132 with value: 0.07145601066674256.
[I 2026-08-16 23:45:10,535] Trial 136 finished with value: 0.07857878115335351 and parameters: {'rho_e': 1e-05, 'rho_d': 0.0038110415274466873, 'nu': 2, 'sigma': 0.0}. Best is trial 132 with value: 0.07145601066674256.
[I 2026-08-16 23:45:43,636] Trial 137 finished with value: 0.07484135024523585 and parameters: {'rho_e': 0.01573452901348031, 'rho_d': 1e-05, 'nu': 36, 'sigma': 0.38559061185703564}. Best is trial 132 with value: 0.07145601066674256.
[I 2026-08-16 23:46:16,831] Trial 138 finished with value: 0.07722240953737937 and parameters: {'rho_e': 0.00011674252077292666, 'rho_d': 0.0007200003768338026, 'nu': 36, 'sigma': 0.0}. Best is trial 132 with value: 0.07145601066674256.
[I 2026-08-16 23:46:49,833] Trial 139 finished with value: 0.07493452881564336 and parameters: {'rho_e': 0.02487798003346656, 'rho_d': 1e-05, 'nu': 36, 'sigma': 0.7691076029317562}. Best is trial 132 with value: 0.07145601066674256.
[I 2026-08-16 23:47:23,017] Trial 140 finished with value: 0.08049640474152263 and parameters: {'rho_e': 0.8140326046273116, 'rho_d': 1e-05, 'nu': 2, 'sigma': 1.0}. Best is trial 132 with value: 0.07145601066674256.
[I 2026-08-16 23:47:56,359] Trial 141 finished with value: 0.06939998529697716 and parameters: {'rho_e': 0.021555907624212375, 'rho_d': 1e-05, 'nu': 2, 'sigma': 0.368941348906365}. Best is trial 141 with value: 0.06939998529697716.
[I 2026-08-16 23:48:29,810] Trial 142 finished with value: 0.07148911029658656 and parameters: {'rho_e': 0.01420415680345478, 'rho_d': 1e-05, 'nu': 2, 'sigma': 0.3230239213755793}. Best is trial 141 with value: 0.06939998529697716.
[I 2026-08-16 23:49:03,100] Trial 143 finished with value: 0.07085311844693143 and parameters: {'rho_e': 0.03212354207939215, 'rho_d': 1e-05, 'nu': 2, 'sigma': 0.4218818694069588}. Best is trial 141 with value: 0.06939998529697716.
[I 2026-08-16 23:49:36,163] Trial 144 finished with value: 0.0729422879693972 and parameters: {'rho_e': 0.021454531556002115, 'rho_d': 1e-05, 'nu': 11, 'sigma': 0.3464253839738209}. Best is trial 141 with value: 0.06939998529697716.
[I 2026-08-16 23:50:09,250] Trial 145 finished with value: 0.07023032768136972 and parameters: {'rho_e': 0.021766076416629452, 'rho_d': 1e-05, 'nu': 2, 'sigma': 0.4681598166421809}. Best is trial 141 with value: 0.06939998529697716.
[I 2026-08-16 23:50:42,340] Trial 146 finished with value: 0.09498068654091016 and parameters: {'rho_e': 1e-05, 'rho_d': 1000.0, 'nu': 2, 'sigma': 0.0}. Best is trial 141 with value: 0.06939998529697716.
[I 2026-08-16 23:51:15,650] Trial 147 finished with value: 0.06930975614700655 and parameters: {'rho_e': 0.02156562653603963, 'rho_d': 1e-05, 'nu': 2, 'sigma': 0.4454363691905232}. Best is trial 147 with value: 0.06930975614700655.
[I 2026-08-16 23:51:49,390] Trial 148 finished with value: 0.06937644037392279 and parameters: {'rho_e': 0.021259102176365695, 'rho_d': 5.2392637265767245e-05, 'nu': 2, 'sigma': 0.3983067895811937}. Best is trial 147 with value: 0.06930975614700655.
[I 2026-08-16 23:52:22,386] Trial 149 finished with value: 0.06929715537029921 and parameters: {'rho_e': 0.021222743924818356, 'rho_d': 4.500824039919222e-05, 'nu': 2, 'sigma': 0.3974073024830507}. Best is trial 149 with value: 0.06929715537029921.
[I 2026-08-16 23:52:55,559] Trial 150 finished with value: 0.06922667421334783 and parameters: {'rho_e': 0.02124301584477379, 'rho_d': 4.1418106447369035e-05, 'nu': 2, 'sigma': 0.39694192345687956}. Best is trial 150 with value: 0.06922667421334783.
[I 2026-08-16 23:53:28,588] Trial 151 finished with value: 0.06926778792514524 and parameters: {'rho_e': 0.021159836919053022, 'rho_d': 4.3348225478166275e-05, 'nu': 2, 'sigma': 0.3920316061259073}. Best is trial 150 with value: 0.06922667421334783.
[I 2026-08-16 23:54:01,818] Trial 152 finished with value: 0.06930764798708292 and parameters: {'rho_e': 0.021230800460680727, 'rho_d': 3.970615390803746e-05, 'nu': 2, 'sigma': 0.39210122009987847}. Best is trial 150 with value: 0.06922667421334783.
[I 2026-08-16 23:54:35,108] Trial 153 finished with value: 0.06920532584186762 and parameters: {'rho_e': 0.021301693289872314, 'rho_d': 3.64517815053269e-05, 'nu': 2, 'sigma': 0.39162907481205317}. Best is trial 153 with value: 0.06920532584186762.
[I 2026-08-16 23:55:08,043] Trial 154 finished with value: 0.06957734788903862 and parameters: {'rho_e': 0.020977686861556072, 'rho_d': 4.4875108810754365e-05, 'nu': 2, 'sigma': 0.3678513110574486}. Best is trial 153 with value: 0.06920532584186762.
[I 2026-08-16 23:55:41,073] Trial 155 finished with value: 0.06929502867450206 and parameters: {'rho_e': 0.021537745521446116, 'rho_d': 3.468740234084707e-05, 'nu': 2, 'sigma': 0.42220817047439607}. Best is trial 153 with value: 0.06920532584186762.
[I 2026-08-16 23:56:13,957] Trial 156 finished with value: 0.06936721970951862 and parameters: {'rho_e': 0.02141081289648815, 'rho_d': 3.062795569037683e-05, 'nu': 2, 'sigma': 0.4148345041417457}. Best is trial 153 with value: 0.06920532584186762.
[I 2026-08-16 23:56:47,195] Trial 157 finished with value: 0.06917879539193675 and parameters: {'rho_e': 0.02158787584522299, 'rho_d': 2.555315523397179e-05, 'nu': 2, 'sigma': 0.3969949327800739}. Best is trial 157 with value: 0.06917879539193675.
[I 2026-08-16 23:57:20,298] Trial 158 finished with value: 0.0691559843254079 and parameters: {'rho_e': 0.021699452101627072, 'rho_d': 2.4271288766919043e-05, 'nu': 2, 'sigma': 0.39161202656801086}. Best is trial 158 with value: 0.0691559843254079.
[I 2026-08-16 23:57:53,505] Trial 159 finished with value: 0.06932691900398344 and parameters: {'rho_e': 0.021787866410002205, 'rho_d': 2.3523132042183436e-05, 'nu': 2, 'sigma': 0.38740006284575207}. Best is trial 158 with value: 0.0691559843254079.
[I 2026-08-16 23:58:26,661] Trial 160 finished with value: 0.06936732933169487 and parameters: {'rho_e': 0.021537731810905198, 'rho_d': 2.280251721355474e-05, 'nu': 2, 'sigma': 0.39383751412203577}. Best is trial 158 with value: 0.0691559843254079.
[I 2026-08-16 23:58:59,991] Trial 161 finished with value: 0.06937184662639741 and parameters: {'rho_e': 0.021905425646584525, 'rho_d': 2.424542850118367e-05, 'nu': 2, 'sigma': 0.38407880990695725}. Best is trial 158 with value: 0.0691559843254079.
[I 2026-08-16 23:59:32,983] Trial 162 finished with value: 0.06995454718928679 and parameters: {'rho_e': 0.019737525183648776, 'rho_d': 3.2212780444343614e-05, 'nu': 2, 'sigma': 0.4149014537868645}. Best is trial 158 with value: 0.0691559843254079.
[I 2026-08-17 00:00:06,154] Trial 163 finished with value: 0.06980818239898859 and parameters: {'rho_e': 0.020287209234999836, 'rho_d': 0.00010592622034818215, 'nu': 2, 'sigma': 0.32748985757893767}. Best is trial 158 with value: 0.0691559843254079.
[I 2026-08-17 00:00:39,607] Trial 164 finished with value: 0.06974311556490709 and parameters: {'rho_e': 0.022980168395122135, 'rho_d': 2.8263416171657876e-05, 'nu': 2, 'sigma': 0.3751679132166535}. Best is trial 158 with value: 0.0691559843254079.
[I 2026-08-17 00:01:13,484] Trial 165 finished with value: 0.07696623218900034 and parameters: {'rho_e': 0.0549772160742691, 'rho_d': 0.03623624381319322, 'nu': 36, 'sigma': 1.0}. Best is trial 158 with value: 0.0691559843254079.
[I 2026-08-17 00:01:46,220] Trial 166 finished with value: 0.09949997425255419 and parameters: {'rho_e': 1e-05, 'rho_d': 1000.0, 'nu': 36, 'sigma': 1.0}. Best is trial 158 with value: 0.0691559843254079.
[I 2026-08-17 00:02:19,246] Trial 167 finished with value: 0.06980563305947574 and parameters: {'rho_e': 0.024337288566402958, 'rho_d': 6.136278347518965e-05, 'nu': 2, 'sigma': 0.42744628690437353}. Best is trial 158 with value: 0.0691559843254079.
[I 2026-08-17 00:02:51,667] Trial 168 finished with value: 0.07888389661405336 and parameters: {'rho_e': 7.927419788668225e-05, 'rho_d': 1e-05, 'nu': 36, 'sigma': 0.32626567277344193}. Best is trial 158 with value: 0.0691559843254079.
[I 2026-08-17 00:03:24,075] Trial 169 finished with value: 0.08500009563242795 and parameters: {'rho_e': 0.00019778545809086024, 'rho_d': 1e-05, 'nu': 36, 'sigma': 1.0}. Best is trial 158 with value: 0.0691559843254079.
[I 2026-08-17 00:03:56,600] Trial 170 finished with value: 0.07926378321025601 and parameters: {'rho_e': 1e-05, 'rho_d': 1e-05, 'nu': 36, 'sigma': 0.369459817301692}. Best is trial 158 with value: 0.0691559843254079.
[I 2026-08-17 00:04:28,936] Trial 171 finished with value: 0.08493630243443451 and parameters: {'rho_e': 20.818727373763245, 'rho_d': 1e-05, 'nu': 2, 'sigma': 1.0}. Best is trial 158 with value: 0.0691559843254079.
[I 2026-08-17 00:05:01,137] Trial 172 finished with value: 0.07793682343394731 and parameters: {'rho_e': 0.0003655528931157792, 'rho_d': 0.0017984631936734932, 'nu': 2, 'sigma': 0.0}. Best is trial 158 with value: 0.0691559843254079.
[I 2026-08-17 00:05:33,474] Trial 173 finished with value: 0.06964476369979658 and parameters: {'rho_e': 0.02193914408665463, 'rho_d': 2.2048567805113853e-05, 'nu': 2, 'sigma': 0.37116728343402255}. Best is trial 158 with value: 0.0691559843254079.
[I 2026-08-17 00:06:05,685] Trial 174 finished with value: 0.08234079179484824 and parameters: {'rho_e': 0.25758937283351874, 'rho_d': 1000.0, 'nu': 36, 'sigma': 0.41675478470374755}. Best is trial 158 with value: 0.0691559843254079.
[I 2026-08-17 00:06:37,737] Trial 175 finished with value: 0.06962431495532492 and parameters: {'rho_e': 0.018486410437651445, 'rho_d': 9.258582908173857e-05, 'nu': 2, 'sigma': 0.38589172393938015}. Best is trial 158 with value: 0.0691559843254079.
[I 2026-08-17 00:07:09,893] Trial 176 finished with value: 0.09495999876308055 and parameters: {'rho_e': 0.0019519570948254618, 'rho_d': 1000.0, 'nu': 2, 'sigma': 0.0}. Best is trial 158 with value: 0.0691559843254079.
[I 2026-08-17 00:07:42,171] Trial 177 finished with value: 0.06974695061205352 and parameters: {'rho_e': 0.019344186396899447, 'rho_d': 3.066220425557023e-05, 'nu': 2, 'sigma': 0.40417956061671484}. Best is trial 158 with value: 0.0691559843254079.
[I 2026-08-17 00:08:14,666] Trial 178 finished with value: 0.09619113573020406 and parameters: {'rho_e': 1000.0, 'rho_d': 1000.0, 'nu': 2, 'sigma': 1.0}. Best is trial 158 with value: 0.0691559843254079.
[I 2026-08-17 00:08:46,984] Trial 179 finished with value: 0.08439199252395833 and parameters: {'rho_e': 3.983117674733702, 'rho_d': 0.004835077918919955, 'nu': 2, 'sigma': 1.0}. Best is trial 158 with value: 0.0691559843254079.
[I 2026-08-17 00:09:19,181] Trial 180 finished with value: 0.06942578362491535 and parameters: {'rho_e': 0.018113681927134535, 'rho_d': 0.0004012069394465572, 'nu': 2, 'sigma': 0.3111202016875641}. Best is trial 158 with value: 0.0691559843254079.
