[I 2026-08-16 17:54:51,020] Trial 183 finished with value: 0.09996395573668755 and parameters: {'rho_e': 1000.0, 'rho_d': 18.210050998272873, 'nu': 36, 'sigma': 1.0}. Best is trial 138 with value: 0.0663793105029089.
[I 2026-08-16 17:55:35,420] Trial 184 finished with value: 0.0663793105029089 and parameters: {'rho_e': 0.5694022545425571, 'rho_d': 79.2063402447829, 'nu': 2, 'sigma': 0.23519505212447292}. Best is trial 138 with value: 0.0663793105029089.
[I 2026-08-16 17:56:20,376] Trial 185 finished with value: 0.0663793105029089 and parameters: {'rho_e': 0.5694022545425571, 'rho_d': 79.2063402447829, 'nu': 2, 'sigma': 0.23519505212447292}. Best is trial 138 with value: 0.0663793105029089.
[I 2026-08-16 17:57:03,846] Trial 186 finished with value: 0.08629515699633356 and parameters: {'rho_e': 8.68080830553405e-05, 'rho_d': 0.0007393848564409445, 'nu': 36, 'sigma': 1.0}. Best is trial 138 with value: 0.0663793105029089.
[I 2026-08-16 17:57:45,762] Trial 187 finished with value: 0.0663793105029089 and parameters: {'rho_e': 0.5694022545425571, 'rho_d': 79.2063402447829, 'nu': 2, 'sigma': 0.23519505212447292}. Best is trial 138 with value: 0.0663793105029089.
[I 2026-08-16 17:58:27,058] Trial 188 finished with value: 0.0663793105029089 and parameters: {'rho_e': 0.5694022545425571, 'rho_d': 79.2063402447829, 'nu': 2, 'sigma': 0.23519505212447292}. Best is trial 138 with value: 0.0663793105029089.
[I 2026-08-16 17:59:09,015] Trial 189 finished with value: 0.0663793105029089 and parameters: {'rho_e': 0.5694022545425571, 'rho_d': 79.2063402447829, 'nu': 2, 'sigma': 0.23519505212447292}. Best is trial 138 with value: 0.0663793105029089.
[I 2026-08-16 17:59:51,027] Trial 190 finished with value: 0.0663793105029089 and parameters: {'rho_e': 0.5694022545425571, 'rho_d': 79.2063402447829, 'nu': 2, 'sigma': 0.23519505212447292}. Best is trial 138 with value: 0.0663793105029089.
[I 2026-08-16 18:00:32,180] Trial 191 finished with value: 0.0663793105029089 and parameters: {'rho_e': 0.5694022545425571, 'rho_d': 79.2063402447829, 'nu': 2, 'sigma': 0.23519505212447292}. Best is trial 138 with value: 0.0663793105029089.
[I 2026-08-16 18:01:12,933] Trial 192 finished with value: 0.0663793105029089 and parameters: {'rho_e': 0.5694022545425571, 'rho_d': 79.2063402447829, 'nu': 2, 'sigma': 0.23519505212447292}. Best is trial 138 with value: 0.0663793105029089.
[I 2026-08-16 18:01:57,564] Trial 193 finished with value: 0.0663793105029089 and parameters: {'rho_e': 0.5694022545425571, 'rho_d': 79.2063402447829, 'nu': 2, 'sigma': 0.23519505212447292}. Best is trial 138 with value: 0.0663793105029089.
[I 2026-08-16 18:02:42,699] Trial 194 finished with value: 0.0663793105029089 and parameters: {'rho_e': 0.5694022545425571, 'rho_d': 79.2063402447829, 'nu': 2, 'sigma': 0.23519505212447292}. Best is trial 138 with value: 0.0663793105029089.
[I 2026-08-16 18:03:26,707] Trial 195 finished with value: 0.0663793105029089 and parameters: {'rho_e': 0.5694022545425571, 'rho_d': 79.2063402447829, 'nu': 2, 'sigma': 0.2351950521244729}. Best is trial 138 with value: 0.0663793105029089.
[I 2026-08-16 18:04:09,597] Trial 196 finished with value: 0.0663793105029089 and parameters: {'rho_e': 0.5694022545425571, 'rho_d': 79.2063402447829, 'nu': 2, 'sigma': 0.23519505212447292}. Best is trial 138 with value: 0.0663793105029089.
[I 2026-08-16 18:04:51,751] Trial 197 finished with value: 0.06685792998321524 and parameters: {'rho_e': 0.6220287134382106, 'rho_d': 93.31702166604481, 'nu': 2, 'sigma': 0.2362740710451758}. Best is trial 138 with value: 0.0663793105029089.
[I 2026-08-16 18:05:33,799] Trial 198 finished with value: 0.0663793105029089 and parameters: {'rho_e': 0.5694022545425571, 'rho_d': 79.2063402447829, 'nu': 2, 'sigma': 0.23519505212447292}. Best is trial 138 with value: 0.0663793105029089.
[I 2026-08-16 18:06:15,033] Trial 199 finished with value: 0.0663793105029089 and parameters: {'rho_e': 0.5694022545425571, 'rho_d': 79.2063402447829, 'nu': 2, 'sigma': 0.23519505212447295}. Best is trial 138 with value: 0.0663793105029089.
/home/gterren/dynamic_update/functional_forecast_dynamic_update/scripts/validate_zone_ffc_mpi.py:1094: FutureWarning: The behavior of DataFrame concatenation with empty or all-NA entries is deprecated. In a future version, this will no longer exclude empty or all-NA columns when determining the result dtypes. To retain the old behavior, exclude the relevant entries before the concat operation.
  results_df = pd.concat([results_df, prob_results], axis = 0, ignore_index=True)
