[I 2026-08-16 12:38:28,145] Trial 88 finished with value: 0.08116769445386632 and parameters: {'rho_e': 0.10955683436189492, 'rho_d': 17.335641105180176, 'nu': 30, 'sigma': 0.9665030333402096}. Best is trial 81 with value: 0.06961278283793308.
[I 2026-08-16 12:39:14,617] Trial 89 finished with value: 0.08925509516494283 and parameters: {'rho_e': 404.0017816903608, 'rho_d': 1.7029913359385358, 'nu': 8, 'sigma': 0.7748778573795911}. Best is trial 81 with value: 0.06961278283793308.
[I 2026-08-16 12:39:59,080] Trial 90 finished with value: 0.0832391780293025 and parameters: {'rho_e': 6.687532104035759e-05, 'rho_d': 0.017658739928068382, 'nu': 23, 'sigma': 0.29099843561974764}. Best is trial 81 with value: 0.06961278283793308.
[I 2026-08-16 12:40:45,600] Trial 91 finished with value: 0.0889243269826748 and parameters: {'rho_e': 1.9771401749850168, 'rho_d': 0.05984121945521464, 'nu': 35, 'sigma': 0.8944799975093669}. Best is trial 81 with value: 0.06961278283793308.
[I 2026-08-16 12:41:30,638] Trial 92 finished with value: 0.0883005437868013 and parameters: {'rho_e': 40.24790330007283, 'rho_d': 200.98181792944928, 'nu': 15, 'sigma': 0.4706039997045142}. Best is trial 81 with value: 0.06961278283793308.
[I 2026-08-16 12:42:17,276] Trial 93 finished with value: 0.08933362280072299 and parameters: {'rho_e': 0.007468269893370547, 'rho_d': 1.61286970740552e-05, 'nu': 26, 'sigma': 0.7062855262944665}. Best is trial 81 with value: 0.06961278283793308.
[I 2026-08-16 12:43:01,786] Trial 94 finished with value: 0.08370946873786395 and parameters: {'rho_e': 0.0023898071675510797, 'rho_d': 0.5105799785763581, 'nu': 3, 'sigma': 0.12408622300734228}. Best is trial 81 with value: 0.06961278283793308.
[I 2026-08-16 12:43:48,439] Trial 95 finished with value: 0.078065868173463 and parameters: {'rho_e': 0.016506505170872286, 'rho_d': 0.0067545827302765695, 'nu': 13, 'sigma': 0.15750510918850885}. Best is trial 81 with value: 0.06961278283793308.
[I 2026-08-16 12:44:35,130] Trial 96 finished with value: 0.08646199780456817 and parameters: {'rho_e': 8.919454905898495e-05, 'rho_d': 0.1301658122748069, 'nu': 23, 'sigma': 0.48334819167680704}. Best is trial 81 with value: 0.06961278283793308.
[I 2026-08-16 12:45:20,492] Trial 97 finished with value: 0.09660645272012013 and parameters: {'rho_e': 167.59176445305437, 'rho_d': 0.0003270573651194096, 'nu': 33, 'sigma': 0.8028864249055724}. Best is trial 81 with value: 0.06961278283793308.
[I 2026-08-16 12:46:03,969] Trial 98 finished with value: 0.0784384524551936 and parameters: {'rho_e': 0.0003329223434176967, 'rho_d': 0.00014468150177905916, 'nu': 2, 'sigma': 0.25371662350737295}. Best is trial 81 with value: 0.06961278283793308.
[I 2026-08-16 12:46:46,477] Trial 99 finished with value: 0.09461260730399151 and parameters: {'rho_e': 0.005144397214248984, 'rho_d': 0.0007543567094497256, 'nu': 27, 'sigma': 0.9544511364446193}. Best is trial 81 with value: 0.06961278283793308.
[I 2026-08-16 12:47:32,299] Trial 100 finished with value: 0.06948883622958517 and parameters: {'rho_e': 0.8019611401384545, 'rho_d': 18.218016676915155, 'nu': 2, 'sigma': 0.47031719697037827}. Best is trial 100 with value: 0.06948883622958517.
[I 2026-08-16 12:48:14,984] Trial 101 finished with value: 0.06758784929423033 and parameters: {'rho_e': 0.3754843465903123, 'rho_d': 2.8468824899955134, 'nu': 2, 'sigma': 0.4531099578006815}. Best is trial 101 with value: 0.06758784929423033.
[I 2026-08-16 12:48:57,866] Trial 102 finished with value: 0.08240805395455207 and parameters: {'rho_e': 0.0010383092796270338, 'rho_d': 1e-05, 'nu': 36, 'sigma': 0.0}. Best is trial 101 with value: 0.06758784929423033.
[I 2026-08-16 12:49:41,897] Trial 103 finished with value: 0.06558961186047924 and parameters: {'rho_e': 0.16340552573552794, 'rho_d': 0.6762902388412665, 'nu': 2, 'sigma': 0.42356729122283987}. Best is trial 103 with value: 0.06558961186047924.
[I 2026-08-16 12:50:29,802] Trial 104 finished with value: 0.0671900755530514 and parameters: {'rho_e': 0.09235583490664323, 'rho_d': 0.21839030178289456, 'nu': 2, 'sigma': 0.4301541738251518}. Best is trial 103 with value: 0.06558961186047924.
[I 2026-08-16 12:51:17,616] Trial 105 finished with value: 0.06602337847568139 and parameters: {'rho_e': 0.16035926892803387, 'rho_d': 1.0144696235197366, 'nu': 2, 'sigma': 0.3790324329804568}. Best is trial 103 with value: 0.06558961186047924.
[I 2026-08-16 12:52:05,209] Trial 106 finished with value: 0.0629490032147948 and parameters: {'rho_e': 0.19477362472067067, 'rho_d': 0.44464382889600246, 'nu': 2, 'sigma': 0.4065134215610276}. Best is trial 106 with value: 0.0629490032147948.
[I 2026-08-16 12:52:50,936] Trial 107 finished with value: 0.08967598756868077 and parameters: {'rho_e': 13.274778036234014, 'rho_d': 1000.0, 'nu': 2, 'sigma': 1.0}. Best is trial 106 with value: 0.0629490032147948.
[I 2026-08-16 12:53:37,662] Trial 108 finished with value: 0.08242827979395063 and parameters: {'rho_e': 1e-05, 'rho_d': 1e-05, 'nu': 2, 'sigma': 0.0}. Best is trial 106 with value: 0.0629490032147948.
[I 2026-08-16 12:54:24,641] Trial 109 finished with value: 0.08174078785883264 and parameters: {'rho_e': 0.005607124385876668, 'rho_d': 1e-05, 'nu': 2, 'sigma': 0.0}. Best is trial 106 with value: 0.0629490032147948.
[I 2026-08-16 12:55:11,609] Trial 110 finished with value: 0.08000794847749401 and parameters: {'rho_e': 1.3188926464442796, 'rho_d': 1000.0, 'nu': 36, 'sigma': 0.0}. Best is trial 106 with value: 0.0629490032147948.
[I 2026-08-16 12:55:58,492] Trial 111 finished with value: 0.08242827979395063 and parameters: {'rho_e': 1e-05, 'rho_d': 1e-05, 'nu': 36, 'sigma': 0.0}. Best is trial 106 with value: 0.0629490032147948.
[I 2026-08-16 12:56:43,074] Trial 112 finished with value: 0.07466188850873304 and parameters: {'rho_e': 1.8208512951688038, 'rho_d': 1000.0, 'nu': 2, 'sigma': 0.3840499012085538}. Best is trial 106 with value: 0.0629490032147948.
[I 2026-08-16 12:57:29,401] Trial 113 finished with value: 0.09121441390195992 and parameters: {'rho_e': 1e-05, 'rho_d': 1e-05, 'nu': 36, 'sigma': 1.0}. Best is trial 106 with value: 0.0629490032147948.
[I 2026-08-16 12:58:15,926] Trial 114 finished with value: 0.06960076502488927 and parameters: {'rho_e': 0.22528169630998615, 'rho_d': 0.11812634547342717, 'nu': 2, 'sigma': 0.40797440989524636}. Best is trial 106 with value: 0.0629490032147948.
[I 2026-08-16 12:59:02,344] Trial 115 finished with value: 0.11790576933448974 and parameters: {'rho_e': 1000.0, 'rho_d': 1000.0, 'nu': 36, 'sigma': 0.0}. Best is trial 106 with value: 0.0629490032147948.
[I 2026-08-16 12:59:48,732] Trial 116 finished with value: 0.07382926357526548 and parameters: {'rho_e': 2.7974098873396858, 'rho_d': 1000.0, 'nu': 36, 'sigma': 0.33053836575468426}. Best is trial 106 with value: 0.0629490032147948.
[I 2026-08-16 13:00:33,324] Trial 117 finished with value: 0.09122812774126055 and parameters: {'rho_e': 1000.0, 'rho_d': 1000.0, 'nu': 36, 'sigma': 1.0}. Best is trial 106 with value: 0.0629490032147948.
[I 2026-08-16 13:01:19,815] Trial 118 finished with value: 0.08360696938708208 and parameters: {'rho_e': 1e-05, 'rho_d': 1e-05, 'nu': 2, 'sigma': 0.42973356899431087}. Best is trial 106 with value: 0.0629490032147948.
[I 2026-08-16 13:02:06,378] Trial 119 finished with value: 0.07899522786952831 and parameters: {'rho_e': 1.2823090491619478, 'rho_d': 1000.0, 'nu': 36, 'sigma': 1.0}. Best is trial 106 with value: 0.0629490032147948.
[I 2026-08-16 13:02:52,846] Trial 120 finished with value: 0.07771320820531677 and parameters: {'rho_e': 0.017017631658108986, 'rho_d': 1e-05, 'nu': 36, 'sigma': 0.25056627485577776}. Best is trial 106 with value: 0.0629490032147948.
[I 2026-08-16 13:03:36,942] Trial 121 finished with value: 0.06850897827169183 and parameters: {'rho_e': 0.2055361399469134, 'rho_d': 3.508250349092649, 'nu': 2, 'sigma': 0.31931785223063397}. Best is trial 106 with value: 0.0629490032147948.
[I 2026-08-16 13:04:21,487] Trial 122 finished with value: 0.07776108897719748 and parameters: {'rho_e': 0.02685945864158867, 'rho_d': 0.04614485990445644, 'nu': 2, 'sigma': 0.42215934753687273}. Best is trial 106 with value: 0.0629490032147948.
[I 2026-08-16 13:05:08,224] Trial 123 finished with value: 0.08527829552371395 and parameters: {'rho_e': 0.3337347484078033, 'rho_d': 1000.0, 'nu': 2, 'sigma': 0.0}. Best is trial 106 with value: 0.0629490032147948.
[I 2026-08-16 13:05:58,401] Trial 124 finished with value: 0.08199909103525035 and parameters: {'rho_e': 1e-05, 'rho_d': 1e-05, 'nu': 36, 'sigma': 0.4000450668812463}. Best is trial 106 with value: 0.0629490032147948.
[I 2026-08-16 13:06:51,439] Trial 125 finished with value: 0.08444164931798197 and parameters: {'rho_e': 1000.0, 'rho_d': 1000.0, 'nu': 2, 'sigma': 1.0}. Best is trial 106 with value: 0.0629490032147948.
[I 2026-08-16 13:07:44,878] Trial 126 finished with value: 0.08551361474064602 and parameters: {'rho_e': 0.8034721712142983, 'rho_d': 1e-05, 'nu': 36, 'sigma': 1.0}. Best is trial 106 with value: 0.0629490032147948.
[I 2026-08-16 13:08:41,142] Trial 127 finished with value: 0.0803146934210191 and parameters: {'rho_e': 1000.0, 'rho_d': 1000.0, 'nu': 2, 'sigma': 0.5935598891598053}. Best is trial 106 with value: 0.0629490032147948.
[I 2026-08-16 13:09:37,601] Trial 128 finished with value: 0.07772073171698524 and parameters: {'rho_e': 0.012203682177725992, 'rho_d': 1e-05, 'nu': 2, 'sigma': 0.31967075370372444}. Best is trial 106 with value: 0.0629490032147948.
[I 2026-08-16 13:10:34,341] Trial 129 finished with value: 0.09583580657056395 and parameters: {'rho_e': 1e-05, 'rho_d': 1000.0, 'nu': 36, 'sigma': 0.0}. Best is trial 106 with value: 0.0629490032147948.
[I 2026-08-16 13:11:34,853] Trial 130 finished with value: 0.0806777467186899 and parameters: {'rho_e': 0.011146206846325139, 'rho_d': 0.002017039735828646, 'nu': 36, 'sigma': 0.0}. Best is trial 106 with value: 0.0629490032147948.
[I 2026-08-16 13:12:34,776] Trial 131 finished with value: 0.08674174305028776 and parameters: {'rho_e': 1000.0, 'rho_d': 1e-05, 'nu': 2, 'sigma': 1.0}. Best is trial 106 with value: 0.0629490032147948.
[I 2026-08-16 13:13:35,689] Trial 132 finished with value: 0.09650455497631802 and parameters: {'rho_e': 1e-05, 'rho_d': 1000.0, 'nu': 2, 'sigma': 0.49420852007154153}. Best is trial 106 with value: 0.0629490032147948.
[I 2026-08-16 13:14:37,340] Trial 133 finished with value: 0.06810881752511028 and parameters: {'rho_e': 0.15996249583114472, 'rho_d': 0.6220965240890104, 'nu': 2, 'sigma': 0.518499969819926}. Best is trial 106 with value: 0.0629490032147948.
[I 2026-08-16 13:15:39,217] Trial 134 finished with value: 0.11026030319204361 and parameters: {'rho_e': 1e-05, 'rho_d': 1e-05, 'nu': 2, 'sigma': 1.0}. Best is trial 106 with value: 0.0629490032147948.
[I 2026-08-16 13:16:40,241] Trial 135 finished with value: 0.08242809292785755 and parameters: {'rho_e': 0.0001960051613407846, 'rho_d': 1e-05, 'nu': 2, 'sigma': 0.0}. Best is trial 106 with value: 0.0629490032147948.
[I 2026-08-16 13:17:40,717] Trial 136 finished with value: 0.08094429552654588 and parameters: {'rho_e': 4.446417927939115, 'rho_d': 999.999999999998, 'nu': 2, 'sigma': 0.6345224053491578}. Best is trial 106 with value: 0.0629490032147948.
[I 2026-08-16 13:18:41,957] Trial 137 finished with value: 0.07713096632548319 and parameters: {'rho_e': 0.23783846138030654, 'rho_d': 1e-05, 'nu': 2, 'sigma': 0.5815411153037832}. Best is trial 106 with value: 0.0629490032147948.
[I 2026-08-16 13:19:42,786] Trial 138 finished with value: 0.0845100796807796 and parameters: {'rho_e': 3.0694067738671955, 'rho_d': 1e-05, 'nu': 2, 'sigma': 1.0}. Best is trial 106 with value: 0.0629490032147948.
[I 2026-08-16 13:20:43,252] Trial 139 finished with value: 0.12343111800833464 and parameters: {'rho_e': 1000.0, 'rho_d': 1e-05, 'nu': 2, 'sigma': 0.0}. Best is trial 106 with value: 0.0629490032147948.
[I 2026-08-16 13:21:41,422] Trial 140 finished with value: 0.0869768934759565 and parameters: {'rho_e': 1e-05, 'rho_d': 0.01770070673332039, 'nu': 36, 'sigma': 0.6859917348901193}. Best is trial 106 with value: 0.0629490032147948.
[I 2026-08-16 13:22:41,462] Trial 141 finished with value: 0.07715066468147025 and parameters: {'rho_e': 0.08933276808846102, 'rho_d': 1e-05, 'nu': 2, 'sigma': 0.17271903708874695}. Best is trial 106 with value: 0.0629490032147948.
[I 2026-08-16 13:23:41,507] Trial 142 finished with value: 0.09614461973282196 and parameters: {'rho_e': 0.0002507392252504116, 'rho_d': 1000.0, 'nu': 36, 'sigma': 0.9999999999999999}. Best is trial 106 with value: 0.0629490032147948.
[I 2026-08-16 13:24:41,850] Trial 143 finished with value: 0.09509529413552027 and parameters: {'rho_e': 1000.0, 'rho_d': 1e-05, 'nu': 36, 'sigma': 1.0}. Best is trial 106 with value: 0.0629490032147948.
[I 2026-08-16 13:25:40,977] Trial 144 finished with value: 0.08379622986165763 and parameters: {'rho_e': 0.22859064210954422, 'rho_d': 1e-05, 'nu': 36, 'sigma': 0.488698852346892}. Best is trial 106 with value: 0.0629490032147948.
[I 2026-08-16 13:26:39,634] Trial 145 finished with value: 0.06789938671769319 and parameters: {'rho_e': 0.3895392697366303, 'rho_d': 6.28841524003779, 'nu': 2, 'sigma': 0.3562567923444343}. Best is trial 106 with value: 0.0629490032147948.
[I 2026-08-16 13:27:40,581] Trial 146 finished with value: 0.06885302339053183 and parameters: {'rho_e': 0.146684337163228, 'rho_d': 2.5212236053403463, 'nu': 2, 'sigma': 0.41070305149843606}. Best is trial 106 with value: 0.0629490032147948.
[I 2026-08-16 13:28:41,428] Trial 147 finished with value: 0.09583580657056395 and parameters: {'rho_e': 1e-05, 'rho_d': 1000.0, 'nu': 2, 'sigma': 0.0}. Best is trial 106 with value: 0.0629490032147948.
[I 2026-08-16 13:29:43,812] Trial 148 finished with value: 0.07664786120995196 and parameters: {'rho_e': 1.3145710583532442, 'rho_d': 1000.0, 'nu': 36, 'sigma': 0.6123126620458943}. Best is trial 106 with value: 0.0629490032147948.
[I 2026-08-16 13:30:44,470] Trial 149 finished with value: 0.07577897267166893 and parameters: {'rho_e': 1.4513722815128016, 'rho_d': 1000.0, 'nu': 20, 'sigma': 0.37231197826526974}. Best is trial 106 with value: 0.0629490032147948.
[I 2026-08-16 13:31:43,678] Trial 150 finished with value: 0.072983686718803 and parameters: {'rho_e': 0.07467952627172261, 'rho_d': 0.06568728036663891, 'nu': 36, 'sigma': 0.45718666120155843}. Best is trial 106 with value: 0.0629490032147948.
[I 2026-08-16 13:32:45,007] Trial 151 finished with value: 0.07461412811378441 and parameters: {'rho_e': 25.654661992446965, 'rho_d': 1000.0, 'nu': 36, 'sigma': 1.0}. Best is trial 106 with value: 0.0629490032147948.
[I 2026-08-16 13:33:46,390] Trial 152 finished with value: 0.07769142680217486 and parameters: {'rho_e': 0.018954850869378228, 'rho_d': 0.002823143893716256, 'nu': 36, 'sigma': 0.32177631764754366}. Best is trial 106 with value: 0.0629490032147948.
[I 2026-08-16 13:34:47,904] Trial 153 finished with value: 0.07291317344096687 and parameters: {'rho_e': 10.167524262314135, 'rho_d': 1000.0, 'nu': 36, 'sigma': 0.7590407691842606}. Best is trial 106 with value: 0.0629490032147948.
[I 2026-08-16 13:35:47,322] Trial 154 finished with value: 0.09582705667108968 and parameters: {'rho_e': 0.0032326711306593582, 'rho_d': 1000.0, 'nu': 2, 'sigma': 0.0}. Best is trial 106 with value: 0.0629490032147948.
[I 2026-08-16 13:36:49,735] Trial 155 finished with value: 0.08229811587910163 and parameters: {'rho_e': 7.753115762637266e-05, 'rho_d': 0.001982312088143158, 'nu': 36, 'sigma': 0.0}. Best is trial 106 with value: 0.0629490032147948.
[I 2026-08-16 13:37:52,089] Trial 156 finished with value: 0.07532421128269823 and parameters: {'rho_e': 0.11943514284264795, 'rho_d': 0.03967774185266566, 'nu': 2, 'sigma': 0.6403112565548774}. Best is trial 106 with value: 0.0629490032147948.
[I 2026-08-16 13:38:54,231] Trial 157 finished with value: 0.07189135129168842 and parameters: {'rho_e': 0.10650140213820368, 'rho_d': 0.47981517642675914, 'nu': 36, 'sigma': 0.7013087887525172}. Best is trial 106 with value: 0.0629490032147948.
[I 2026-08-16 13:39:56,276] Trial 158 finished with value: 0.07310281860485385 and parameters: {'rho_e': 0.1762137086536843, 'rho_d': 3.945033325645313, 'nu': 36, 'sigma': 0.4229582454829105}. Best is trial 106 with value: 0.0629490032147948.
[I 2026-08-16 13:40:55,448] Trial 159 finished with value: 0.06894197920679691 and parameters: {'rho_e': 0.15803614964010113, 'rho_d': 0.8078798287677948, 'nu': 11, 'sigma': 0.40921630007461146}. Best is trial 106 with value: 0.0629490032147948.
[I 2026-08-16 13:41:56,826] Trial 160 finished with value: 0.06479864432372977 and parameters: {'rho_e': 0.09303132727201524, 'rho_d': 0.3685152849884156, 'nu': 2, 'sigma': 0.27120567234273196}. Best is trial 106 with value: 0.0629490032147948.
[I 2026-08-16 13:42:57,503] Trial 161 finished with value: 0.06693450124446601 and parameters: {'rho_e': 0.09355513243597628, 'rho_d': 0.5372780096928893, 'nu': 2, 'sigma': 0.2606360878569178}. Best is trial 106 with value: 0.0629490032147948.
[I 2026-08-16 13:43:58,500] Trial 162 finished with value: 0.07820431419207138 and parameters: {'rho_e': 0.03349651132615556, 'rho_d': 0.0410137036200874, 'nu': 2, 'sigma': 0.0}. Best is trial 106 with value: 0.0629490032147948.
[I 2026-08-16 13:44:58,253] Trial 163 finished with value: 0.06578044929967555 and parameters: {'rho_e': 0.12943133819931973, 'rho_d': 0.1471452977098313, 'nu': 2, 'sigma': 0.3287191280189155}. Best is trial 106 with value: 0.0629490032147948.
[I 2026-08-16 13:45:56,870] Trial 164 finished with value: 0.09583518838846128 and parameters: {'rho_e': 0.0006214660669946725, 'rho_d': 1000.0, 'nu': 36, 'sigma': 0.0}. Best is trial 106 with value: 0.0629490032147948.
[I 2026-08-16 13:46:57,109] Trial 165 finished with value: 0.08674174305028776 and parameters: {'rho_e': 1000.0, 'rho_d': 0.012063168804002742, 'nu': 2, 'sigma': 1.0}. Best is trial 106 with value: 0.0629490032147948.
[I 2026-08-16 13:47:57,484] Trial 166 finished with value: 0.10031219447454068 and parameters: {'rho_e': 0.5480190348804649, 'rho_d': 1000.0, 'nu': 2, 'sigma': 1.0}. Best is trial 106 with value: 0.0629490032147948.
[I 2026-08-16 13:48:58,134] Trial 167 finished with value: 0.08113331852050082 and parameters: {'rho_e': 4.1578678130099255e-05, 'rho_d': 1e-05, 'nu': 19, 'sigma': 0.15964130236264026}. Best is trial 106 with value: 0.0629490032147948.
[I 2026-08-16 13:49:56,051] Trial 168 finished with value: 0.06527107411519426 and parameters: {'rho_e': 0.21054890434094775, 'rho_d': 0.6757878661863053, 'nu': 2, 'sigma': 0.31742105924635816}. Best is trial 106 with value: 0.0629490032147948.
[I 2026-08-16 13:50:54,319] Trial 169 finished with value: 0.07030579600318074 and parameters: {'rho_e': 0.08942859981476484, 'rho_d': 1.4563673994187838, 'nu': 2, 'sigma': 0.2906225706364871}. Best is trial 106 with value: 0.0629490032147948.
[I 2026-08-16 13:51:55,027] Trial 170 finished with value: 0.08211993855197319 and parameters: {'rho_e': 1e-05, 'rho_d': 0.006380161060149083, 'nu': 36, 'sigma': 0.1843236543255063}. Best is trial 106 with value: 0.0629490032147948.
[I 2026-08-16 13:52:55,475] Trial 171 finished with value: 0.08628568092959023 and parameters: {'rho_e': 0.0928034455209201, 'rho_d': 1e-05, 'nu': 36, 'sigma': 0.0}. Best is trial 106 with value: 0.0629490032147948.
[I 2026-08-16 13:53:54,039] Trial 172 finished with value: 0.08074369938881805 and parameters: {'rho_e': 123.33484307932072, 'rho_d': 1000.0, 'nu': 2, 'sigma': 0.7260337513921544}. Best is trial 106 with value: 0.0629490032147948.
[I 2026-08-16 13:54:49,868] Trial 173 finished with value: 0.07149099222700384 and parameters: {'rho_e': 0.6214975759467797, 'rho_d': 10.846014085414678, 'nu': 2, 'sigma': 0.2689201458104665}. Best is trial 106 with value: 0.0629490032147948.
[I 2026-08-16 13:55:44,945] Trial 174 finished with value: 0.07918643400761997 and parameters: {'rho_e': 1e-05, 'rho_d': 0.0023689902416531997, 'nu': 2, 'sigma': 0.3036386152028332}. Best is trial 106 with value: 0.0629490032147948.
[I 2026-08-16 13:56:39,775] Trial 175 finished with value: 0.07927842147559581 and parameters: {'rho_e': 2.5434495157754955, 'rho_d': 1e-05, 'nu': 2, 'sigma': 0.6451845950796018}. Best is trial 106 with value: 0.0629490032147948.
[I 2026-08-16 13:57:34,806] Trial 176 finished with value: 0.06735827849831316 and parameters: {'rho_e': 0.12895925838922886, 'rho_d': 0.0933138628489319, 'nu': 2, 'sigma': 0.33234153907258956}. Best is trial 106 with value: 0.0629490032147948.
[I 2026-08-16 13:58:30,269] Trial 177 finished with value: 0.08105119048764385 and parameters: {'rho_e': 0.08441090242863614, 'rho_d': 4.27493677170185, 'nu': 36, 'sigma': 0.0}. Best is trial 106 with value: 0.0629490032147948.
[I 2026-08-16 13:59:31,650] Trial 178 finished with value: 0.09614481872285821 and parameters: {'rho_e': 1e-05, 'rho_d': 1000.0, 'nu': 36, 'sigma': 1.0}. Best is trial 106 with value: 0.0629490032147948.
[I 2026-08-16 14:00:32,855] Trial 179 finished with value: 0.0649921406170161 and parameters: {'rho_e': 0.2648655766783457, 'rho_d': 0.4950705563725929, 'nu': 2, 'sigma': 0.37276779358760237}. Best is trial 106 with value: 0.0629490032147948.
[I 2026-08-16 14:01:34,624] Trial 180 finished with value: 0.08672546791655833 and parameters: {'rho_e': 1e-05, 'rho_d': 0.19778436421175147, 'nu': 2, 'sigma': 0.0}. Best is trial 106 with value: 0.0629490032147948.
[I 2026-08-16 14:02:36,694] Trial 181 finished with value: 0.06505593801198938 and parameters: {'rho_e': 0.26533047422047695, 'rho_d': 0.49746847324595617, 'nu': 2, 'sigma': 0.37216659341951913}. Best is trial 106 with value: 0.0629490032147948.
[I 2026-08-16 14:03:33,686] Trial 182 finished with value: 0.11790576933448974 and parameters: {'rho_e': 1000.0, 'rho_d': 1000.0, 'nu': 2, 'sigma': 0.0}. Best is trial 106 with value: 0.0629490032147948.
