[I 2026-08-16 23:22:11,216] Trial 88 finished with value: 0.11692054888584122 and parameters: {'rho_e': 808.8435333665526, 'rho_d': 771.2850774129435, 'nu': 31, 'sigma': 0.254807051353894}. Best is trial 20 with value: 0.07114779119985201.
[I 2026-08-16 23:22:57,680] Trial 89 finished with value: 0.09095855746786805 and parameters: {'rho_e': 633.0253791527543, 'rho_d': 45.455452579488366, 'nu': 20, 'sigma': 0.7096389148598082}. Best is trial 20 with value: 0.07114779119985201.
[I 2026-08-16 23:23:43,789] Trial 90 finished with value: 0.0762866426587551 and parameters: {'rho_e': 1.0011331744014998e-05, 'rho_d': 0.053244906784150864, 'nu': 25, 'sigma': 0.1049856052027563}. Best is trial 20 with value: 0.07114779119985201.
[I 2026-08-16 23:24:30,363] Trial 91 finished with value: 0.07522128042493931 and parameters: {'rho_e': 0.00385361040567208, 'rho_d': 0.027705098919118584, 'nu': 11, 'sigma': 0.20991862069726686}. Best is trial 20 with value: 0.07114779119985201.
[I 2026-08-16 23:25:15,391] Trial 92 finished with value: 0.09244631407960469 and parameters: {'rho_e': 0.005714501227560669, 'rho_d': 116.00960750092175, 'nu': 18, 'sigma': 0.7255281995740358}. Best is trial 20 with value: 0.07114779119985201.
[I 2026-08-16 23:26:02,286] Trial 93 finished with value: 0.08789590306392688 and parameters: {'rho_e': 5.980189857056641, 'rho_d': 0.0002131882014836295, 'nu': 28, 'sigma': 0.7637138866173282}. Best is trial 20 with value: 0.07114779119985201.
[I 2026-08-16 23:26:49,039] Trial 94 finished with value: 0.0882877350661845 and parameters: {'rho_e': 5.5018371884489925, 'rho_d': 0.00982057041012593, 'nu': 8, 'sigma': 0.39470813686024214}. Best is trial 20 with value: 0.07114779119985201.
[I 2026-08-16 23:27:35,365] Trial 95 finished with value: 0.07432472197429815 and parameters: {'rho_e': 0.17280824537937622, 'rho_d': 37.68187082725423, 'nu': 35, 'sigma': 0.2984114598896659}. Best is trial 20 with value: 0.07114779119985201.
[I 2026-08-16 23:28:20,084] Trial 96 finished with value: 0.0825895226593199 and parameters: {'rho_e': 0.033897016078091556, 'rho_d': 164.3378023697618, 'nu': 6, 'sigma': 0.07350512557460892}. Best is trial 20 with value: 0.07114779119985201.
[I 2026-08-16 23:29:06,399] Trial 97 finished with value: 0.08973911580890406 and parameters: {'rho_e': 0.0021604944113239777, 'rho_d': 3.2413808908015533, 'nu': 20, 'sigma': 0.6607180513440737}. Best is trial 20 with value: 0.07114779119985201.
[I 2026-08-16 23:29:52,995] Trial 98 finished with value: 0.07489694027871859 and parameters: {'rho_e': 570.5570546933972, 'rho_d': 10.349660264682885, 'nu': 6, 'sigma': 0.8304150895769256}. Best is trial 20 with value: 0.07114779119985201.
[I 2026-08-16 23:30:38,764] Trial 99 finished with value: 0.07812946101544482 and parameters: {'rho_e': 0.00015533838611531524, 'rho_d': 0.0029907788869589056, 'nu': 30, 'sigma': 0.38017329613222484}. Best is trial 20 with value: 0.07114779119985201.
[I 2026-08-16 23:31:27,786] Trial 100 finished with value: 0.07265770521078037 and parameters: {'rho_e': 0.98813744695379, 'rho_d': 1000.0, 'nu': 21, 'sigma': 0.3659776954104233}. Best is trial 20 with value: 0.07114779119985201.
[I 2026-08-16 23:32:14,860] Trial 101 finished with value: 0.06967533402185935 and parameters: {'rho_e': 0.37552326641224165, 'rho_d': 0.0005031751289430518, 'nu': 2, 'sigma': 0.8521798407758124}. Best is trial 101 with value: 0.06967533402185935.
[I 2026-08-16 23:33:01,860] Trial 102 finished with value: 0.07712371764735235 and parameters: {'rho_e': 127.51703867964227, 'rho_d': 0.005731004712827949, 'nu': 2, 'sigma': 1.0}. Best is trial 101 with value: 0.06967533402185935.
[I 2026-08-16 23:33:47,790] Trial 103 finished with value: 0.07709920221837352 and parameters: {'rho_e': 79.24990349316003, 'rho_d': 1e-05, 'nu': 2, 'sigma': 1.0}. Best is trial 101 with value: 0.06967533402185935.
[I 2026-08-16 23:34:33,521] Trial 104 finished with value: 0.08106486721695923 and parameters: {'rho_e': 1e-05, 'rho_d': 1e-05, 'nu': 2, 'sigma': 0.0}. Best is trial 101 with value: 0.06967533402185935.
[I 2026-08-16 23:35:20,294] Trial 105 finished with value: 0.07715879431875683 and parameters: {'rho_e': 1000.0, 'rho_d': 1.466267780097819, 'nu': 2, 'sigma': 1.0}. Best is trial 101 with value: 0.06967533402185935.
[I 2026-08-16 23:36:07,373] Trial 106 finished with value: 0.0682662066698819 and parameters: {'rho_e': 0.2918800935989606, 'rho_d': 0.0005112833558159189, 'nu': 2, 'sigma': 0.7352981400782004}. Best is trial 106 with value: 0.0682662066698819.
[I 2026-08-16 23:36:52,845] Trial 107 finished with value: 0.07715758809504365 and parameters: {'rho_e': 1000.0, 'rho_d': 4.159675103137332e-05, 'nu': 2, 'sigma': 1.0}. Best is trial 106 with value: 0.0682662066698819.
[I 2026-08-16 23:37:38,765] Trial 108 finished with value: 0.07794631373157232 and parameters: {'rho_e': 1e-05, 'rho_d': 1e-05, 'nu': 36, 'sigma': 0.6479642694503486}. Best is trial 106 with value: 0.0682662066698819.
[I 2026-08-16 23:38:26,211] Trial 109 finished with value: 0.072147372897957 and parameters: {'rho_e': 1.9100330681332998, 'rho_d': 1000.0, 'nu': 2, 'sigma': 0.44007990274499964}. Best is trial 106 with value: 0.0682662066698819.
[I 2026-08-16 23:39:13,037] Trial 110 finished with value: 0.075864047524357 and parameters: {'rho_e': 0.08648716072868602, 'rho_d': 6.839685368060803, 'nu': 36, 'sigma': 0.508247789944809}. Best is trial 106 with value: 0.0682662066698819.
[I 2026-08-16 23:39:58,308] Trial 111 finished with value: 0.08106097871213486 and parameters: {'rho_e': 1e-05, 'rho_d': 0.0003391521811740103, 'nu': 36, 'sigma': 0.0}. Best is trial 106 with value: 0.0682662066698819.
[I 2026-08-16 23:40:45,164] Trial 112 finished with value: 0.06888239904606575 and parameters: {'rho_e': 0.19062762266632727, 'rho_d': 0.0014213764665434005, 'nu': 2, 'sigma': 0.7580780297745322}. Best is trial 106 with value: 0.0682662066698819.
[I 2026-08-16 23:41:32,550] Trial 113 finished with value: 0.07913933702955174 and parameters: {'rho_e': 1e-05, 'rho_d': 1e-05, 'nu': 2, 'sigma': 0.5575944757443696}. Best is trial 106 with value: 0.0682662066698819.
[I 2026-08-16 23:42:19,823] Trial 114 finished with value: 0.07367867304884089 and parameters: {'rho_e': 579.6479060395299, 'rho_d': 0.27089221781649153, 'nu': 2, 'sigma': 0.6801996899050059}. Best is trial 106 with value: 0.0682662066698819.
[I 2026-08-16 23:43:05,260] Trial 115 finished with value: 0.08088664728194234 and parameters: {'rho_e': 0.0023376242139808152, 'rho_d': 1e-05, 'nu': 36, 'sigma': 0.0}. Best is trial 106 with value: 0.0682662066698819.
[I 2026-08-16 23:43:52,552] Trial 116 finished with value: 0.06883133723530266 and parameters: {'rho_e': 0.2184246915014569, 'rho_d': 0.00045542743827500917, 'nu': 2, 'sigma': 0.7336571067677865}. Best is trial 106 with value: 0.0682662066698819.
[I 2026-08-16 23:44:39,295] Trial 117 finished with value: 0.06879118271669062 and parameters: {'rho_e': 0.35753650964666617, 'rho_d': 0.0012588754750367508, 'nu': 2, 'sigma': 0.7342012265317255}. Best is trial 106 with value: 0.0682662066698819.
[I 2026-08-16 23:45:25,971] Trial 118 finished with value: 0.07427420904546647 and parameters: {'rho_e': 0.11028727435595655, 'rho_d': 4.771219398649285, 'nu': 17, 'sigma': 0.364359211483837}. Best is trial 106 with value: 0.0682662066698819.
[I 2026-08-16 23:46:10,973] Trial 119 finished with value: 0.07148084302123262 and parameters: {'rho_e': 0.3210026085116431, 'rho_d': 1e-05, 'nu': 2, 'sigma': 1.0}. Best is trial 106 with value: 0.0682662066698819.
[I 2026-08-16 23:46:57,892] Trial 120 finished with value: 0.07243710558763775 and parameters: {'rho_e': 1.140854499883559, 'rho_d': 999.999999999998, 'nu': 36, 'sigma': 0.5466390397040404}. Best is trial 106 with value: 0.0682662066698819.
[I 2026-08-16 23:47:44,705] Trial 121 finished with value: 0.07759203847885929 and parameters: {'rho_e': 0.026591579810015396, 'rho_d': 1e-05, 'nu': 36, 'sigma': 1.0}. Best is trial 106 with value: 0.0682662066698819.
[I 2026-08-16 23:48:29,121] Trial 122 finished with value: 0.07198824530166928 and parameters: {'rho_e': 0.05506922036752702, 'rho_d': 1e-05, 'nu': 2, 'sigma': 0.9999999999999999}. Best is trial 106 with value: 0.0682662066698819.
[I 2026-08-16 23:49:14,456] Trial 123 finished with value: 0.07933259864937514 and parameters: {'rho_e': 0.00045816845167669855, 'rho_d': 0.04113961611855667, 'nu': 2, 'sigma': 0.0}. Best is trial 106 with value: 0.0682662066698819.
[I 2026-08-16 23:50:01,136] Trial 124 finished with value: 0.08010247506812723 and parameters: {'rho_e': 1e-05, 'rho_d': 0.0008382878448716355, 'nu': 36, 'sigma': 1.0}. Best is trial 106 with value: 0.0682662066698819.
[I 2026-08-16 23:50:47,598] Trial 125 finished with value: 0.09693533312892275 and parameters: {'rho_e': 1000.0, 'rho_d': 1000.0, 'nu': 2, 'sigma': 0.9999999999999999}. Best is trial 106 with value: 0.0682662066698819.
[I 2026-08-16 23:51:29,589] Trial 126 finished with value: 0.07293428364697194 and parameters: {'rho_e': 223.55868885974425, 'rho_d': 1.6083713512295048, 'nu': 2, 'sigma': 0.833697316398007}. Best is trial 106 with value: 0.0682662066698819.
[I 2026-08-16 23:52:11,517] Trial 127 finished with value: 0.07252235633404384 and parameters: {'rho_e': 0.1007132847976284, 'rho_d': 0.00946965954893362, 'nu': 2, 'sigma': 1.0}. Best is trial 106 with value: 0.0682662066698819.
[I 2026-08-16 23:52:53,038] Trial 128 finished with value: 0.07758852373603475 and parameters: {'rho_e': 0.25022149809110844, 'rho_d': 1000.0, 'nu': 36, 'sigma': 0.0}. Best is trial 106 with value: 0.0682662066698819.
[I 2026-08-16 23:53:33,790] Trial 129 finished with value: 0.07368825683712726 and parameters: {'rho_e': 26.765434122536178, 'rho_d': 0.00020201724801404282, 'nu': 2, 'sigma': 0.8706332072615623}. Best is trial 106 with value: 0.0682662066698819.
[I 2026-08-16 23:54:16,315] Trial 130 finished with value: 0.08106479844601111 and parameters: {'rho_e': 0.0001400526745115517, 'rho_d': 1e-05, 'nu': 2, 'sigma': 0.0}. Best is trial 106 with value: 0.0682662066698819.
[I 2026-08-16 23:55:02,014] Trial 131 finished with value: 0.08013183303314082 and parameters: {'rho_e': 0.0002420999323836811, 'rho_d': 1e-05, 'nu': 36, 'sigma': 1.0}. Best is trial 106 with value: 0.0682662066698819.
[I 2026-08-16 23:55:47,762] Trial 132 finished with value: 0.078791500129098 and parameters: {'rho_e': 1e-05, 'rho_d': 0.013622240038931326, 'nu': 36, 'sigma': 0.45457073617812105}. Best is trial 106 with value: 0.0682662066698819.
[I 2026-08-16 23:56:33,457] Trial 133 finished with value: 0.07313930285563618 and parameters: {'rho_e': 0.0967437883252323, 'rho_d': 0.07485748574840348, 'nu': 2, 'sigma': 0.6738079829446786}. Best is trial 106 with value: 0.0682662066698819.
[I 2026-08-16 23:57:17,291] Trial 134 finished with value: 0.08827887383843522 and parameters: {'rho_e': 0.011301345794088955, 'rho_d': 1000.0, 'nu': 36, 'sigma': 0.0}. Best is trial 106 with value: 0.0682662066698819.
[I 2026-08-16 23:58:02,942] Trial 135 finished with value: 0.0733641673045975 and parameters: {'rho_e': 0.007675490744837636, 'rho_d': 1e-05, 'nu': 2, 'sigma': 0.17205425588649886}. Best is trial 106 with value: 0.0682662066698819.
[I 2026-08-16 23:58:48,683] Trial 136 finished with value: 0.0685122948222476 and parameters: {'rho_e': 0.02317931676652055, 'rho_d': 1e-05, 'nu': 2, 'sigma': 0.5979024421037481}. Best is trial 106 with value: 0.0682662066698819.
[I 2026-08-16 23:59:34,424] Trial 137 finished with value: 0.06943539828711928 and parameters: {'rho_e': 0.018507919877340715, 'rho_d': 5.162267956113598e-05, 'nu': 2, 'sigma': 0.5655803365984996}. Best is trial 106 with value: 0.0682662066698819.
[I 2026-08-17 00:00:18,743] Trial 138 finished with value: 0.07347365194270405 and parameters: {'rho_e': 0.017323308439556002, 'rho_d': 0.0023755655823391665, 'nu': 2, 'sigma': 0.6889421215844588}. Best is trial 106 with value: 0.0682662066698819.
[I 2026-08-17 00:01:04,859] Trial 139 finished with value: 0.07423801373890049 and parameters: {'rho_e': 0.7870714921678079, 'rho_d': 1000.0, 'nu': 2, 'sigma': 0.0}. Best is trial 106 with value: 0.0682662066698819.
[I 2026-08-17 00:01:51,040] Trial 140 finished with value: 0.06882520338876288 and parameters: {'rho_e': 0.029016872615360557, 'rho_d': 1e-05, 'nu': 2, 'sigma': 0.7135581812898142}. Best is trial 106 with value: 0.0682662066698819.
[I 2026-08-17 00:02:37,111] Trial 141 finished with value: 0.06968668785237483 and parameters: {'rho_e': 0.03667545434218494, 'rho_d': 1e-05, 'nu': 2, 'sigma': 0.6049187489333869}. Best is trial 106 with value: 0.0682662066698819.
[I 2026-08-17 00:03:20,606] Trial 142 finished with value: 0.07325506431339968 and parameters: {'rho_e': 0.8349727623718244, 'rho_d': 1000.0, 'nu': 36, 'sigma': 1.0}. Best is trial 106 with value: 0.0682662066698819.
[I 2026-08-17 00:04:06,830] Trial 143 finished with value: 0.07101536943419881 and parameters: {'rho_e': 0.014787791569168651, 'rho_d': 1e-05, 'nu': 2, 'sigma': 0.5634146604453963}. Best is trial 106 with value: 0.0682662066698819.
[I 2026-08-17 00:04:53,043] Trial 144 finished with value: 0.06857910464363576 and parameters: {'rho_e': 0.029171158644446214, 'rho_d': 3.6227201454439804e-05, 'nu': 2, 'sigma': 0.7020746908265795}. Best is trial 106 with value: 0.0682662066698819.
[I 2026-08-17 00:05:39,161] Trial 145 finished with value: 0.07647296339156329 and parameters: {'rho_e': 1.9036634045782614, 'rho_d': 1e-05, 'nu': 2, 'sigma': 1.0}. Best is trial 106 with value: 0.0682662066698819.
[I 2026-08-17 00:06:23,593] Trial 146 finished with value: 0.06885988665339973 and parameters: {'rho_e': 0.028368961647381424, 'rho_d': 2.5987765906315377e-05, 'nu': 2, 'sigma': 0.6687434149593401}. Best is trial 106 with value: 0.0682662066698819.
[I 2026-08-17 00:07:09,800] Trial 147 finished with value: 0.08046522641209584 and parameters: {'rho_e': 0.004932200075823556, 'rho_d': 0.000710152539016514, 'nu': 2, 'sigma': 0.0}. Best is trial 106 with value: 0.0682662066698819.
[I 2026-08-17 00:07:56,341] Trial 148 finished with value: 0.08516478481483195 and parameters: {'rho_e': 1e-05, 'rho_d': 1.494552806624389, 'nu': 36, 'sigma': 0.0}. Best is trial 106 with value: 0.0682662066698819.
[I 2026-08-17 00:08:42,362] Trial 149 finished with value: 0.08013232950526554 and parameters: {'rho_e': 1e-05, 'rho_d': 1e-05, 'nu': 36, 'sigma': 1.0}. Best is trial 106 with value: 0.0682662066698819.
[I 2026-08-17 00:09:27,337] Trial 150 finished with value: 0.0682662066698819 and parameters: {'rho_e': 0.2918800935989606, 'rho_d': 0.0005112833558159189, 'nu': 2, 'sigma': 0.7352981400782004}. Best is trial 106 with value: 0.0682662066698819.
[I 2026-08-17 00:10:12,811] Trial 151 finished with value: 0.06816045423515926 and parameters: {'rho_e': 0.2726334982628921, 'rho_d': 0.0008276288743571414, 'nu': 2, 'sigma': 0.7576501463613179}. Best is trial 151 with value: 0.06816045423515926.
[I 2026-08-17 00:10:58,769] Trial 152 finished with value: 0.07504485388690985 and parameters: {'rho_e': 0.10327002946323638, 'rho_d': 6.012934861844405, 'nu': 36, 'sigma': 0.0}. Best is trial 151 with value: 0.06816045423515926.
[I 2026-08-17 00:11:44,744] Trial 153 finished with value: 0.0770148152216489 and parameters: {'rho_e': 7.169085801330062, 'rho_d': 0.005569959563583162, 'nu': 2, 'sigma': 1.0}. Best is trial 151 with value: 0.06816045423515926.
[I 2026-08-17 00:12:30,712] Trial 154 finished with value: 0.07712733453278744 and parameters: {'rho_e': 140.08542605112964, 'rho_d': 0.00017139130051441634, 'nu': 2, 'sigma': 1.0}. Best is trial 151 with value: 0.06816045423515926.
[I 2026-08-17 00:13:15,100] Trial 155 finished with value: 0.07375681693383032 and parameters: {'rho_e': 75.4088097068891, 'rho_d': 0.001397807260651898, 'nu': 2, 'sigma': 0.676242694276667}. Best is trial 151 with value: 0.06816045423515926.
[I 2026-08-17 00:14:01,111] Trial 156 finished with value: 0.06828522046898364 and parameters: {'rho_e': 0.2746318193763229, 'rho_d': 0.0008821898405648635, 'nu': 2, 'sigma': 0.7559204202163616}. Best is trial 151 with value: 0.06816045423515926.
[I 2026-08-17 00:14:47,104] Trial 157 finished with value: 0.08297695864845814 and parameters: {'rho_e': 0.016468794384098175, 'rho_d': 0.0002118288954263255, 'nu': 2, 'sigma': 0.9999999999999999}. Best is trial 151 with value: 0.06816045423515926.
[I 2026-08-17 00:15:33,101] Trial 158 finished with value: 0.07012412368067802 and parameters: {'rho_e': 0.03752121482617803, 'rho_d': 0.00013246431245914688, 'nu': 2, 'sigma': 0.6227371384768202}. Best is trial 151 with value: 0.06816045423515926.
[I 2026-08-17 00:16:17,133] Trial 159 finished with value: 0.08114601840890481 and parameters: {'rho_e': 1e-05, 'rho_d': 0.0022388948019720113, 'nu': 2, 'sigma': 0.0}. Best is trial 151 with value: 0.06816045423515926.
[I 2026-08-17 00:17:02,424] Trial 160 finished with value: 0.07294868477043442 and parameters: {'rho_e': 1000.0, 'rho_d': 0.001521259349729862, 'nu': 2, 'sigma': 0.7590002982939689}. Best is trial 151 with value: 0.06816045423515926.
[I 2026-08-17 00:17:48,597] Trial 161 finished with value: 0.06844103878100663 and parameters: {'rho_e': 0.3461296956021632, 'rho_d': 0.0005966593901220869, 'nu': 2, 'sigma': 0.7279367333455544}. Best is trial 151 with value: 0.06816045423515926.
[I 2026-08-17 00:18:34,715] Trial 162 finished with value: 0.07466602841698206 and parameters: {'rho_e': 0.24085108479680295, 'rho_d': 46.63290863254448, 'nu': 2, 'sigma': 0.0}. Best is trial 151 with value: 0.06816045423515926.
[I 2026-08-17 00:19:18,784] Trial 163 finished with value: 0.06838422410083062 and parameters: {'rho_e': 0.2765649278575082, 'rho_d': 0.0008217862911547412, 'nu': 2, 'sigma': 0.7469701571308234}. Best is trial 151 with value: 0.06816045423515926.
[I 2026-08-17 00:20:04,702] Trial 164 finished with value: 0.06943170093679454 and parameters: {'rho_e': 0.28236911691711497, 'rho_d': 0.005001024737714701, 'nu': 2, 'sigma': 0.8862400534947856}. Best is trial 151 with value: 0.06816045423515926.
[I 2026-08-17 00:20:50,740] Trial 165 finished with value: 0.07228308974014458 and parameters: {'rho_e': 1.0282634208031913, 'rho_d': 195.4459490091949, 'nu': 2, 'sigma': 0.2656496506794871}. Best is trial 151 with value: 0.06816045423515926.
[I 2026-08-17 00:21:36,708] Trial 166 finished with value: 0.08870438295994332 and parameters: {'rho_e': 1e-05, 'rho_d': 1000.0, 'nu': 2, 'sigma': 0.0}. Best is trial 151 with value: 0.06816045423515926.
[I 2026-08-17 00:22:20,788] Trial 167 finished with value: 0.08882508144996462 and parameters: {'rho_e': 1e-05, 'rho_d': 1000.0, 'nu': 36, 'sigma': 0.6877611629706929}. Best is trial 151 with value: 0.06816045423515926.
[I 2026-08-17 00:23:06,800] Trial 168 finished with value: 0.07250650586383682 and parameters: {'rho_e': 1.582787992511712, 'rho_d': 1000.0, 'nu': 36, 'sigma': 0.21693161091127086}. Best is trial 151 with value: 0.06816045423515926.
[I 2026-08-17 00:23:52,820] Trial 169 finished with value: 0.07118058708908113 and parameters: {'rho_e': 1.925156412999952, 'rho_d': 1000.0, 'nu': 2, 'sigma': 0.2222253493145932}. Best is trial 151 with value: 0.06816045423515926.
[I 2026-08-17 00:24:38,855] Trial 170 finished with value: 0.06816045423515926 and parameters: {'rho_e': 0.2726334982628921, 'rho_d': 0.0008276288743571414, 'nu': 2, 'sigma': 0.7576501463613179}. Best is trial 151 with value: 0.06816045423515926.
[I 2026-08-17 00:25:22,917] Trial 171 finished with value: 0.06816045423515926 and parameters: {'rho_e': 0.2726334982628921, 'rho_d': 0.0008276288743571414, 'nu': 2, 'sigma': 0.7576501463613179}. Best is trial 151 with value: 0.06816045423515926.
[I 2026-08-17 00:26:08,596] Trial 172 finished with value: 0.07139548445674168 and parameters: {'rho_e': 0.06621551743901656, 'rho_d': 1.1414599534272207, 'nu': 36, 'sigma': 0.2734753325873414}. Best is trial 151 with value: 0.06816045423515926.
[I 2026-08-17 00:26:54,238] Trial 173 finished with value: 0.07334537316855363 and parameters: {'rho_e': 0.3904124383192076, 'rho_d': 69.59338529511037, 'nu': 36, 'sigma': 1.0}. Best is trial 151 with value: 0.06816045423515926.
[I 2026-08-17 00:27:38,712] Trial 174 finished with value: 0.07299064517922421 and parameters: {'rho_e': 0.00842446823620882, 'rho_d': 0.001955546446768249, 'nu': 2, 'sigma': 0.4248057578354989}. Best is trial 151 with value: 0.06816045423515926.
[I 2026-08-17 00:28:24,091] Trial 175 finished with value: 0.08083737559886617 and parameters: {'rho_e': 6.114490261438231e-05, 'rho_d': 0.01581450550203222, 'nu': 36, 'sigma': 0.0}. Best is trial 151 with value: 0.06816045423515926.
[I 2026-08-17 00:29:09,737] Trial 176 finished with value: 0.07321584690310805 and parameters: {'rho_e': 0.00013722281899258295, 'rho_d': 0.0027725575739821887, 'nu': 2, 'sigma': 0.3189296852354057}. Best is trial 151 with value: 0.06816045423515926.
[I 2026-08-17 00:29:55,654] Trial 177 finished with value: 0.06816045423515926 and parameters: {'rho_e': 0.2726334982628921, 'rho_d': 0.0008276288743571414, 'nu': 2, 'sigma': 0.7576501463613179}. Best is trial 151 with value: 0.06816045423515926.
[I 2026-08-17 00:30:39,828] Trial 178 finished with value: 0.06844375442507258 and parameters: {'rho_e': 0.24361536272735962, 'rho_d': 0.001040753427803837, 'nu': 2, 'sigma': 0.8137245248202681}. Best is trial 151 with value: 0.06816045423515926.
[I 2026-08-17 00:31:25,878] Trial 179 finished with value: 0.08106486679988513 and parameters: {'rho_e': 4.658870517344626e-05, 'rho_d': 1e-05, 'nu': 36, 'sigma': 0.0}. Best is trial 151 with value: 0.06816045423515926.
[I 2026-08-17 00:32:10,956] Trial 180 finished with value: 0.07320349452102419 and parameters: {'rho_e': 999.999999999998, 'rho_d': 1e-05, 'nu': 2, 'sigma': 0.7082606050339144}. Best is trial 151 with value: 0.06816045423515926.
[I 2026-08-17 00:32:51,497] Trial 181 finished with value: 0.0824619323556299 and parameters: {'rho_e': 0.02074302559635372, 'rho_d': 1e-05, 'nu': 2, 'sigma': 0.0}. Best is trial 151 with value: 0.06816045423515926.
