[I 2026-08-16 14:10:03,595] Trial 180 finished with value: 0.07080944581406956 and parameters: {'rho_e': 0.08846766974254691, 'rho_d': 0.15868519662136937, 'nu': 2, 'sigma': 0.3282818081205901}. Best is trial 101 with value: 0.07080944581406956.
[I 2026-08-16 14:10:42,365] Trial 181 finished with value: 0.07080944581406956 and parameters: {'rho_e': 0.08846766974254691, 'rho_d': 0.15868519662136937, 'nu': 2, 'sigma': 0.3282818081205901}. Best is trial 101 with value: 0.07080944581406956.
[I 2026-08-16 14:11:21,120] Trial 182 finished with value: 0.0710188193507347 and parameters: {'rho_e': 0.08765085615105953, 'rho_d': 0.14291471133183398, 'nu': 2, 'sigma': 0.31678676495643704}. Best is trial 101 with value: 0.07080944581406956.
[I 2026-08-16 14:11:59,775] Trial 183 finished with value: 0.07080944581406956 and parameters: {'rho_e': 0.08846766974254691, 'rho_d': 0.15868519662136937, 'nu': 2, 'sigma': 0.3282818081205901}. Best is trial 101 with value: 0.07080944581406956.
[I 2026-08-16 14:12:38,407] Trial 184 finished with value: 0.07080944581406956 and parameters: {'rho_e': 0.08846766974254691, 'rho_d': 0.15868519662136937, 'nu': 2, 'sigma': 0.3282818081205901}. Best is trial 101 with value: 0.07080944581406956.
[I 2026-08-16 14:13:17,114] Trial 185 finished with value: 0.07080944581406956 and parameters: {'rho_e': 0.08846766974254691, 'rho_d': 0.15868519662136937, 'nu': 2, 'sigma': 0.3282818081205901}. Best is trial 101 with value: 0.07080944581406956.
[I 2026-08-16 14:13:55,714] Trial 186 finished with value: 0.07151918990187689 and parameters: {'rho_e': 0.09228325218210118, 'rho_d': 0.1425045537809209, 'nu': 2, 'sigma': 0.31975283646014213}. Best is trial 101 with value: 0.07080944581406956.
[I 2026-08-16 14:14:34,264] Trial 187 finished with value: 0.07080944581406956 and parameters: {'rho_e': 0.08846766974254691, 'rho_d': 0.15868519662136937, 'nu': 2, 'sigma': 0.3282818081205901}. Best is trial 101 with value: 0.07080944581406956.
[I 2026-08-16 14:15:12,869] Trial 188 finished with value: 0.07080944581406956 and parameters: {'rho_e': 0.08846766974254691, 'rho_d': 0.15868519662136937, 'nu': 2, 'sigma': 0.3282818081205901}. Best is trial 101 with value: 0.07080944581406956.
[I 2026-08-16 14:15:51,458] Trial 189 finished with value: 0.07080944581406956 and parameters: {'rho_e': 0.08846766974254691, 'rho_d': 0.15868519662136937, 'nu': 2, 'sigma': 0.3282818081205901}. Best is trial 101 with value: 0.07080944581406956.
[I 2026-08-16 14:16:30,117] Trial 190 finished with value: 0.07080944581406956 and parameters: {'rho_e': 0.08846766974254691, 'rho_d': 0.15868519662136937, 'nu': 2, 'sigma': 0.3282818081205901}. Best is trial 101 with value: 0.07080944581406956.
[I 2026-08-16 14:17:07,740] Trial 191 finished with value: 0.07080944581406956 and parameters: {'rho_e': 0.08846766974254691, 'rho_d': 0.15868519662136937, 'nu': 2, 'sigma': 0.3282818081205901}. Best is trial 101 with value: 0.07080944581406956.
[I 2026-08-16 14:17:46,256] Trial 192 finished with value: 0.08240764202876956 and parameters: {'rho_e': 1e-05, 'rho_d': 0.0007589374370949867, 'nu': 36, 'sigma': 0.0}. Best is trial 101 with value: 0.07080944581406956.
[I 2026-08-16 14:18:24,831] Trial 193 finished with value: 0.07080944581406956 and parameters: {'rho_e': 0.08846766974254691, 'rho_d': 0.15868519662136937, 'nu': 2, 'sigma': 0.3282818081205901}. Best is trial 101 with value: 0.07080944581406956.
[I 2026-08-16 14:19:03,424] Trial 194 finished with value: 0.07080944581406956 and parameters: {'rho_e': 0.08846766974254691, 'rho_d': 0.15868519662136937, 'nu': 2, 'sigma': 0.3282818081205901}. Best is trial 101 with value: 0.07080944581406956.
[I 2026-08-16 14:19:40,650] Trial 195 finished with value: 0.07080944581406956 and parameters: {'rho_e': 0.08846766974254691, 'rho_d': 0.15868519662136937, 'nu': 2, 'sigma': 0.3282818081205901}. Best is trial 101 with value: 0.07080944581406956.
[I 2026-08-16 14:20:17,914] Trial 196 finished with value: 0.07080944581406956 and parameters: {'rho_e': 0.08846766974254691, 'rho_d': 0.15868519662136937, 'nu': 2, 'sigma': 0.3282818081205901}. Best is trial 101 with value: 0.07080944581406956.
[I 2026-08-16 14:20:56,443] Trial 197 finished with value: 0.07080944581406957 and parameters: {'rho_e': 0.08846766974254675, 'rho_d': 0.15868519662136937, 'nu': 2, 'sigma': 0.3282818081205901}. Best is trial 101 with value: 0.07080944581406956.
[I 2026-08-16 14:21:34,981] Trial 198 finished with value: 0.07080944581406956 and parameters: {'rho_e': 0.08846766974254691, 'rho_d': 0.15868519662136937, 'nu': 2, 'sigma': 0.3282818081205901}. Best is trial 101 with value: 0.07080944581406956.
[I 2026-08-16 14:22:13,256] Trial 199 finished with value: 0.07080944581406956 and parameters: {'rho_e': 0.08846766974254691, 'rho_d': 0.15868519662136937, 'nu': 2, 'sigma': 0.3282818081205901}. Best is trial 101 with value: 0.07080944581406956.
/home/gterren/dynamic_update/functional_forecast_dynamic_update/scripts/validate_zone_ffc_mpi.py:1094: FutureWarning: The behavior of DataFrame concatenation with empty or all-NA entries is deprecated. In a future version, this will no longer exclude empty or all-NA columns when determining the result dtypes. To retain the old behavior, exclude the relevant entries before the concat operation.
  results_df = pd.concat([results_df, prob_results], axis = 0, ignore_index=True)
