[I 2026-08-16 23:33:24,694] Trial 88 finished with value: 0.11544596873896815 and parameters: {'rho_e': 808.8435333665526, 'rho_d': 771.2850774129435, 'nu': 31, 'sigma': 0.254807051353894}. Best is trial 82 with value: 0.07429246971531536.
[I 2026-08-16 23:34:03,881] Trial 89 finished with value: 0.09518918067145375 and parameters: {'rho_e': 633.0253791527543, 'rho_d': 45.455452579488366, 'nu': 20, 'sigma': 0.7096389148598082}. Best is trial 82 with value: 0.07429246971531536.
[I 2026-08-16 23:34:41,774] Trial 90 finished with value: 0.0823250672557813 and parameters: {'rho_e': 1.0011331744014998e-05, 'rho_d': 0.053244906784150864, 'nu': 25, 'sigma': 0.1049856052027563}. Best is trial 82 with value: 0.07429246971531536.
[I 2026-08-16 23:35:20,894] Trial 91 finished with value: 0.08020844447603212 and parameters: {'rho_e': 0.00385361040567208, 'rho_d': 0.027705098919118584, 'nu': 11, 'sigma': 0.20991862069726686}. Best is trial 82 with value: 0.07429246971531536.
[I 2026-08-16 23:35:59,970] Trial 92 finished with value: 0.0982928375440772 and parameters: {'rho_e': 0.005714501227560669, 'rho_d': 116.00960750092175, 'nu': 18, 'sigma': 0.7255281995740358}. Best is trial 82 with value: 0.07429246971531536.
[I 2026-08-16 23:36:38,947] Trial 93 finished with value: 0.0925412346231485 and parameters: {'rho_e': 5.980189857056641, 'rho_d': 0.0002131882014836295, 'nu': 28, 'sigma': 0.7637138866173282}. Best is trial 82 with value: 0.07429246971531536.
[I 2026-08-16 23:37:16,576] Trial 94 finished with value: 0.09226862810008397 and parameters: {'rho_e': 5.5018371884489925, 'rho_d': 0.00982057041012593, 'nu': 8, 'sigma': 0.39470813686024214}. Best is trial 82 with value: 0.07429246971531536.
[I 2026-08-16 23:37:55,363] Trial 95 finished with value: 0.07891070499331355 and parameters: {'rho_e': 0.17280824537937622, 'rho_d': 37.68187082725423, 'nu': 35, 'sigma': 0.2984114598896659}. Best is trial 82 with value: 0.07429246971531536.
[I 2026-08-16 23:38:34,401] Trial 96 finished with value: 0.08915261165645225 and parameters: {'rho_e': 0.033897016078091556, 'rho_d': 164.3378023697618, 'nu': 6, 'sigma': 0.07350512557460892}. Best is trial 82 with value: 0.07429246971531536.
[I 2026-08-16 23:39:13,234] Trial 97 finished with value: 0.09270256963586974 and parameters: {'rho_e': 0.0021604944113239777, 'rho_d': 3.2413808908015533, 'nu': 20, 'sigma': 0.6607180513440737}. Best is trial 82 with value: 0.07429246971531536.
[I 2026-08-16 23:39:50,726] Trial 98 finished with value: 0.08655423887254668 and parameters: {'rho_e': 570.5570546933972, 'rho_d': 10.349660264682885, 'nu': 6, 'sigma': 0.8304150895769256}. Best is trial 82 with value: 0.07429246971531536.
[I 2026-08-16 23:40:29,702] Trial 99 finished with value: 0.08091077085565625 and parameters: {'rho_e': 0.00015533838611531524, 'rho_d': 0.0029907788869589056, 'nu': 30, 'sigma': 0.38017329613222484}. Best is trial 82 with value: 0.07429246971531536.
[I 2026-08-16 23:41:11,283] Trial 100 finished with value: 0.07855514505334699 and parameters: {'rho_e': 0.8287719655868273, 'rho_d': 1000.0, 'nu': 21, 'sigma': 0.37361584176290075}. Best is trial 82 with value: 0.07429246971531536.
[I 2026-08-16 23:41:50,714] Trial 101 finished with value: 0.0703704243710355 and parameters: {'rho_e': 0.043907325698027945, 'rho_d': 3.3658505542986124e-05, 'nu': 2, 'sigma': 0.5017808262239897}. Best is trial 101 with value: 0.0703704243710355.
[I 2026-08-16 23:42:28,588] Trial 102 finished with value: 0.07034720321921638 and parameters: {'rho_e': 0.024170553964990595, 'rho_d': 1e-05, 'nu': 2, 'sigma': 0.3438366004576425}. Best is trial 102 with value: 0.07034720321921638.
[I 2026-08-16 23:43:07,727] Trial 103 finished with value: 0.070717898393682 and parameters: {'rho_e': 0.035668920944222186, 'rho_d': 1e-05, 'nu': 2, 'sigma': 0.45064856422522376}. Best is trial 102 with value: 0.07034720321921638.
[I 2026-08-16 23:43:46,857] Trial 104 finished with value: 0.07640530888507709 and parameters: {'rho_e': 0.005819068135187101, 'rho_d': 1e-05, 'nu': 2, 'sigma': 0.0}. Best is trial 102 with value: 0.07034720321921638.
[I 2026-08-16 23:44:25,931] Trial 105 finished with value: 0.07020029033629176 and parameters: {'rho_e': 0.02691022094435534, 'rho_d': 3.9056581638056186e-05, 'nu': 2, 'sigma': 0.404313639039536}. Best is trial 105 with value: 0.07020029033629176.
[I 2026-08-16 23:45:04,054] Trial 106 finished with value: 0.07725029689558864 and parameters: {'rho_e': 1e-05, 'rho_d': 1e-05, 'nu': 36, 'sigma': 0.0}. Best is trial 105 with value: 0.07020029033629176.
[I 2026-08-16 23:45:43,442] Trial 107 finished with value: 0.07725000743602764 and parameters: {'rho_e': 0.00016489636832865218, 'rho_d': 1e-05, 'nu': 36, 'sigma': 0.0}. Best is trial 105 with value: 0.07020029033629176.
[I 2026-08-16 23:46:22,870] Trial 108 finished with value: 0.07725029551602929 and parameters: {'rho_e': 4.199186533177737e-05, 'rho_d': 1e-05, 'nu': 2, 'sigma': 0.0}. Best is trial 105 with value: 0.07020029033629176.
[I 2026-08-16 23:47:02,621] Trial 109 finished with value: 0.07145596131186795 and parameters: {'rho_e': 0.03564985024487593, 'rho_d': 2.5813734344937345e-05, 'nu': 2, 'sigma': 0.3903537195336506}. Best is trial 105 with value: 0.07020029033629176.
[I 2026-08-16 23:47:38,411] Trial 110 finished with value: 0.06981023191941571 and parameters: {'rho_e': 0.01997464664868566, 'rho_d': 1.625566524944792e-05, 'nu': 2, 'sigma': 0.4271813083252547}. Best is trial 110 with value: 0.06981023191941571.
[I 2026-08-16 23:48:15,040] Trial 111 finished with value: 0.07018386628115597 and parameters: {'rho_e': 0.030817187093370085, 'rho_d': 0.00021939466557392319, 'nu': 2, 'sigma': 0.5509885155640762}. Best is trial 110 with value: 0.06981023191941571.
[I 2026-08-16 23:48:51,206] Trial 112 finished with value: 0.07195553024368948 and parameters: {'rho_e': 0.013703727788887881, 'rho_d': 1e-05, 'nu': 2, 'sigma': 0.34243590676033325}. Best is trial 110 with value: 0.06981023191941571.
[I 2026-08-16 23:49:27,230] Trial 113 finished with value: 0.07005190433734684 and parameters: {'rho_e': 0.025678464988526446, 'rho_d': 4.25360777530073e-05, 'nu': 2, 'sigma': 0.5057543373936276}. Best is trial 110 with value: 0.06981023191941571.
[I 2026-08-16 23:50:03,750] Trial 114 finished with value: 0.0701600292113648 and parameters: {'rho_e': 0.02586926107211087, 'rho_d': 4.439775183875675e-05, 'nu': 2, 'sigma': 0.4906147960464664}. Best is trial 110 with value: 0.06981023191941571.
[I 2026-08-16 23:50:43,274] Trial 115 finished with value: 0.07592999948640689 and parameters: {'rho_e': 0.007877776501110611, 'rho_d': 1e-05, 'nu': 36, 'sigma': 0.0}. Best is trial 110 with value: 0.06981023191941571.
[I 2026-08-16 23:51:22,941] Trial 116 finished with value: 0.07202000919570999 and parameters: {'rho_e': 0.0606181637357289, 'rho_d': 0.0036186035864655738, 'nu': 2, 'sigma': 0.6559945658554632}. Best is trial 110 with value: 0.06981023191941571.
[I 2026-08-16 23:52:02,261] Trial 117 finished with value: 0.07721099183692097 and parameters: {'rho_e': 4.027275316192953e-05, 'rho_d': 0.0004506303394354955, 'nu': 36, 'sigma': 0.0}. Best is trial 110 with value: 0.06981023191941571.
[I 2026-08-16 23:52:40,494] Trial 118 finished with value: 0.07311089471318895 and parameters: {'rho_e': 0.023333059885757998, 'rho_d': 1e-05, 'nu': 11, 'sigma': 0.3942797234306919}. Best is trial 110 with value: 0.06981023191941571.
[I 2026-08-16 23:53:19,804] Trial 119 finished with value: 0.06985656099448653 and parameters: {'rho_e': 0.021440245610055374, 'rho_d': 0.00019070571351880114, 'nu': 2, 'sigma': 0.45703475337685534}. Best is trial 110 with value: 0.06981023191941571.
[I 2026-08-16 23:53:59,361] Trial 120 finished with value: 0.07019827564484016 and parameters: {'rho_e': 0.024577345853231337, 'rho_d': 0.00010247737774668943, 'nu': 2, 'sigma': 0.4753388494760377}. Best is trial 110 with value: 0.06981023191941571.
[I 2026-08-16 23:54:38,867] Trial 121 finished with value: 0.07085515187257252 and parameters: {'rho_e': 0.02254405969021455, 'rho_d': 0.0010041304486007913, 'nu': 2, 'sigma': 0.496542850145618}. Best is trial 110 with value: 0.06981023191941571.
[I 2026-08-16 23:55:16,905] Trial 122 finished with value: 0.07054773033805888 and parameters: {'rho_e': 0.01959743783498268, 'rho_d': 8.183859658792439e-05, 'nu': 2, 'sigma': 0.44403029342807127}. Best is trial 110 with value: 0.06981023191941571.
[I 2026-08-16 23:55:56,053] Trial 123 finished with value: 0.07015756176083102 and parameters: {'rho_e': 0.038900790661896965, 'rho_d': 0.0002438651663102602, 'nu': 2, 'sigma': 0.5234144228797079}. Best is trial 110 with value: 0.06981023191941571.
[I 2026-08-16 23:56:35,104] Trial 124 finished with value: 0.07724993693062096 and parameters: {'rho_e': 1e-05, 'rho_d': 0.0001960564936060934, 'nu': 2, 'sigma': 0.0}. Best is trial 110 with value: 0.06981023191941571.
[I 2026-08-16 23:57:14,161] Trial 125 finished with value: 0.08516542491638425 and parameters: {'rho_e': 1000.0, 'rho_d': 1e-05, 'nu': 2, 'sigma': 1.0}. Best is trial 110 with value: 0.06981023191941571.
[I 2026-08-16 23:57:51,984] Trial 126 finished with value: 0.08097413421972013 and parameters: {'rho_e': 1e-05, 'rho_d': 1e-05, 'nu': 36, 'sigma': 0.5498148765611756}. Best is trial 110 with value: 0.06981023191941571.
[I 2026-08-16 23:58:31,195] Trial 127 finished with value: 0.07005544327557167 and parameters: {'rho_e': 0.02705064844288688, 'rho_d': 1e-05, 'nu': 2, 'sigma': 0.5135363269365325}. Best is trial 110 with value: 0.06981023191941571.
[I 2026-08-16 23:59:10,188] Trial 128 finished with value: 0.07716676417784948 and parameters: {'rho_e': 0.0014156129640145645, 'rho_d': 1e-05, 'nu': 36, 'sigma': 0.0}. Best is trial 110 with value: 0.06981023191941571.
[I 2026-08-16 23:59:49,326] Trial 129 finished with value: 0.08501159499415997 and parameters: {'rho_e': 30.728034827324766, 'rho_d': 0.004356602449259222, 'nu': 2, 'sigma': 1.0}. Best is trial 110 with value: 0.06981023191941571.
[I 2026-08-17 00:00:27,437] Trial 130 finished with value: 0.07845309575615778 and parameters: {'rho_e': 0.00010043761661142734, 'rho_d': 0.0037245049113558324, 'nu': 2, 'sigma': 0.0}. Best is trial 110 with value: 0.06981023191941571.
[I 2026-08-17 00:01:06,835] Trial 131 finished with value: 0.07008143862347838 and parameters: {'rho_e': 0.031007471746123713, 'rho_d': 7.432940177664079e-05, 'nu': 2, 'sigma': 0.5486964065715014}. Best is trial 110 with value: 0.06981023191941571.
[I 2026-08-17 00:01:46,078] Trial 132 finished with value: 0.07526807757436063 and parameters: {'rho_e': 0.12659201719261295, 'rho_d': 0.17851725081994968, 'nu': 2, 'sigma': 0.5496538535195441}. Best is trial 110 with value: 0.06981023191941571.
[I 2026-08-17 00:02:25,139] Trial 133 finished with value: 0.07724547047359677 and parameters: {'rho_e': 0.00043976805551613227, 'rho_d': 1e-05, 'nu': 2, 'sigma': 0.0}. Best is trial 110 with value: 0.06981023191941571.
[I 2026-08-17 00:03:03,084] Trial 134 finished with value: 0.06989776774322229 and parameters: {'rho_e': 0.03787497456688959, 'rho_d': 1e-05, 'nu': 2, 'sigma': 0.5898744063416822}. Best is trial 110 with value: 0.06981023191941571.
[I 2026-08-17 00:03:42,128] Trial 135 finished with value: 0.07008483005484703 and parameters: {'rho_e': 0.031000330249168193, 'rho_d': 1e-05, 'nu': 2, 'sigma': 0.5428385867596949}. Best is trial 110 with value: 0.06981023191941571.
[I 2026-08-17 00:04:21,215] Trial 136 finished with value: 0.0697046308372585 and parameters: {'rho_e': 0.03774037972738387, 'rho_d': 3.368348490570564e-05, 'nu': 2, 'sigma': 0.5869209140061732}. Best is trial 136 with value: 0.0697046308372585.
[I 2026-08-17 00:05:00,022] Trial 137 finished with value: 0.07046838508895933 and parameters: {'rho_e': 0.042688535749830364, 'rho_d': 4.837630654195897e-05, 'nu': 2, 'sigma': 0.6044315206827462}. Best is trial 136 with value: 0.0697046308372585.
[I 2026-08-17 00:05:38,627] Trial 138 finished with value: 0.07044946493087009 and parameters: {'rho_e': 0.029849278062295762, 'rho_d': 2.235457625063222e-05, 'nu': 2, 'sigma': 0.5541637480204922}. Best is trial 136 with value: 0.0697046308372585.
[I 2026-08-17 00:06:17,155] Trial 139 finished with value: 0.07042758445844505 and parameters: {'rho_e': 0.05214615210227189, 'rho_d': 1e-05, 'nu': 2, 'sigma': 0.5873857073718753}. Best is trial 136 with value: 0.0697046308372585.
[I 2026-08-17 00:06:56,627] Trial 140 finished with value: 0.07138872086870492 and parameters: {'rho_e': 0.013205933691638352, 'rho_d': 0.0003330576174775304, 'nu': 2, 'sigma': 0.27984217210063483}. Best is trial 136 with value: 0.0697046308372585.
[I 2026-08-17 00:07:36,240] Trial 141 finished with value: 0.07905499163624435 and parameters: {'rho_e': 1.719828409004583, 'rho_d': 1000.0, 'nu': 2, 'sigma': 0.4071534659678873}. Best is trial 136 with value: 0.0697046308372585.
[I 2026-08-17 00:08:15,602] Trial 142 finished with value: 0.07709713834556586 and parameters: {'rho_e': 0.005738511715911529, 'rho_d': 0.0012642146681397309, 'nu': 2, 'sigma': 0.0}. Best is trial 136 with value: 0.0697046308372585.
[I 2026-08-17 00:08:54,061] Trial 143 finished with value: 0.0847541854835479 and parameters: {'rho_e': 13.162582566346762, 'rho_d': 1e-05, 'nu': 2, 'sigma': 1.0}. Best is trial 136 with value: 0.0697046308372585.
[I 2026-08-17 00:09:33,796] Trial 144 finished with value: 0.08500065775413675 and parameters: {'rho_e': 1e-05, 'rho_d': 1e-05, 'nu': 36, 'sigma': 1.0}. Best is trial 136 with value: 0.0697046308372585.
[I 2026-08-17 00:10:13,384] Trial 145 finished with value: 0.07572743732573942 and parameters: {'rho_e': 0.04225734723410317, 'rho_d': 1e-05, 'nu': 36, 'sigma': 1.0}. Best is trial 136 with value: 0.0697046308372585.
[I 2026-08-17 00:10:52,475] Trial 146 finished with value: 0.07976965223336788 and parameters: {'rho_e': 0.05406894271511345, 'rho_d': 1e-05, 'nu': 36, 'sigma': 0.7039336511548876}. Best is trial 136 with value: 0.0697046308372585.
[I 2026-08-17 00:11:31,363] Trial 147 finished with value: 0.07999902885340077 and parameters: {'rho_e': 0.03841728085222978, 'rho_d': 1e-05, 'nu': 2, 'sigma': 0.9999999999999999}. Best is trial 136 with value: 0.0697046308372585.
[I 2026-08-17 00:12:11,763] Trial 148 finished with value: 0.07603887144851482 and parameters: {'rho_e': 0.009631065915160289, 'rho_d': 1e-05, 'nu': 36, 'sigma': 0.31146458777699293}. Best is trial 136 with value: 0.0697046308372585.
[I 2026-08-17 00:12:51,400] Trial 149 finished with value: 0.07072482794715032 and parameters: {'rho_e': 0.0446449034479981, 'rho_d': 0.0017627471425627666, 'nu': 2, 'sigma': 0.49370348867395286}. Best is trial 136 with value: 0.0697046308372585.
[I 2026-08-17 00:13:29,586] Trial 150 finished with value: 0.07054578192016309 and parameters: {'rho_e': 0.06741049112613473, 'rho_d': 0.00027445500164596673, 'nu': 2, 'sigma': 0.5710668621813597}. Best is trial 136 with value: 0.0697046308372585.
[I 2026-08-17 00:14:08,973] Trial 151 finished with value: 0.0697778828082373 and parameters: {'rho_e': 0.023982526015862538, 'rho_d': 0.0003706295458321119, 'nu': 2, 'sigma': 0.4029032625682129}. Best is trial 136 with value: 0.0697046308372585.
[I 2026-08-17 00:14:48,615] Trial 152 finished with value: 0.06969350147646491 and parameters: {'rho_e': 0.02385745498492716, 'rho_d': 0.00033362889205661606, 'nu': 2, 'sigma': 0.40477408075811766}. Best is trial 152 with value: 0.06969350147646491.
[I 2026-08-17 00:15:23,804] Trial 153 finished with value: 0.06987537876717793 and parameters: {'rho_e': 0.023247865342934, 'rho_d': 0.0003646328847401921, 'nu': 2, 'sigma': 0.39781057290323224}. Best is trial 152 with value: 0.06969350147646491.
[I 2026-08-17 00:16:00,054] Trial 154 finished with value: 0.0702391204086296 and parameters: {'rho_e': 0.02683436090981793, 'rho_d': 0.0003027960379565092, 'nu': 2, 'sigma': 0.4344715383977017}. Best is trial 152 with value: 0.06969350147646491.
[I 2026-08-17 00:16:35,855] Trial 155 finished with value: 0.06935845389168228 and parameters: {'rho_e': 0.021128935073079072, 'rho_d': 0.0013055718475721186, 'nu': 2, 'sigma': 0.3721002073286825}. Best is trial 155 with value: 0.06935845389168228.
[I 2026-08-17 00:17:11,654] Trial 156 finished with value: 0.07056387798857383 and parameters: {'rho_e': 0.02145792846478759, 'rho_d': 0.003000971765742413, 'nu': 2, 'sigma': 0.35520990165041594}. Best is trial 155 with value: 0.06935845389168228.
[I 2026-08-17 00:17:47,656] Trial 157 finished with value: 0.07625896307122013 and parameters: {'rho_e': 0.018591252359450555, 'rho_d': 0.003405107683522806, 'nu': 36, 'sigma': 1.0}. Best is trial 155 with value: 0.06935845389168228.
[I 2026-08-17 00:18:26,868] Trial 158 finished with value: 0.09619113573020406 and parameters: {'rho_e': 1000.0, 'rho_d': 1000.0, 'nu': 2, 'sigma': 1.0}. Best is trial 155 with value: 0.06935845389168228.
[I 2026-08-17 00:19:06,177] Trial 159 finished with value: 0.07806109899409486 and parameters: {'rho_e': 3.6712929274081245e-05, 'rho_d': 1e-05, 'nu': 36, 'sigma': 0.2271602943194829}. Best is trial 155 with value: 0.06935845389168228.
[I 2026-08-17 00:19:45,598] Trial 160 finished with value: 0.07653668813542913 and parameters: {'rho_e': 0.021189763378147392, 'rho_d': 0.0011643411072263406, 'nu': 36, 'sigma': 0.22619349286098353}. Best is trial 155 with value: 0.06935845389168228.
[I 2026-08-17 00:20:23,754] Trial 161 finished with value: 0.08036336304165378 and parameters: {'rho_e': 0.6801115789870741, 'rho_d': 1e-05, 'nu': 2, 'sigma': 1.0}. Best is trial 155 with value: 0.06935845389168228.
[I 2026-08-17 00:21:03,132] Trial 162 finished with value: 0.08003720231406711 and parameters: {'rho_e': 1e-05, 'rho_d': 1e-05, 'nu': 2, 'sigma': 0.24072707278565986}. Best is trial 155 with value: 0.06935845389168228.
[I 2026-08-17 00:21:42,269] Trial 163 finished with value: 0.09373114039450771 and parameters: {'rho_e': 107.83408435016456, 'rho_d': 1e-05, 'nu': 36, 'sigma': 1.0}. Best is trial 155 with value: 0.06935845389168228.
[I 2026-08-17 00:22:21,383] Trial 164 finished with value: 0.07946480775248584 and parameters: {'rho_e': 0.6351802455513423, 'rho_d': 1000.0, 'nu': 2, 'sigma': 0.0}. Best is trial 155 with value: 0.06935845389168228.
[I 2026-08-17 00:22:58,279] Trial 165 finished with value: 0.08429362586422254 and parameters: {'rho_e': 0.03645604758046995, 'rho_d': 1e-05, 'nu': 36, 'sigma': 0.0}. Best is trial 155 with value: 0.06935845389168228.
[I 2026-08-17 00:23:33,831] Trial 166 finished with value: 0.07817099215926732 and parameters: {'rho_e': 0.0005284105681628928, 'rho_d': 0.0019084897820944979, 'nu': 36, 'sigma': 0.0}. Best is trial 155 with value: 0.06935845389168228.
[I 2026-08-17 00:24:09,333] Trial 167 finished with value: 0.08499459179231036 and parameters: {'rho_e': 0.00045818221543620556, 'rho_d': 1e-05, 'nu': 36, 'sigma': 1.0}. Best is trial 155 with value: 0.06935845389168228.
[I 2026-08-17 00:24:44,862] Trial 168 finished with value: 0.06995970135981852 and parameters: {'rho_e': 0.01756602640366963, 'rho_d': 0.0007773206426102984, 'nu': 2, 'sigma': 0.3872088584986671}. Best is trial 155 with value: 0.06935845389168228.
[I 2026-08-17 00:25:19,324] Trial 169 finished with value: 0.079878636531545 and parameters: {'rho_e': 0.5543801328757052, 'rho_d': 999.999999999998, 'nu': 36, 'sigma': 0.0}. Best is trial 155 with value: 0.06935845389168228.
[I 2026-08-17 00:25:54,894] Trial 170 finished with value: 0.07222508129885229 and parameters: {'rho_e': 0.020640850751786857, 'rho_d': 0.001349227834968189, 'nu': 10, 'sigma': 0.37763327517331785}. Best is trial 155 with value: 0.06935845389168228.
[I 2026-08-17 00:26:30,625] Trial 171 finished with value: 0.07919234160674964 and parameters: {'rho_e': 0.00047827960855991835, 'rho_d': 1e-05, 'nu': 36, 'sigma': 0.3540120319482891}. Best is trial 155 with value: 0.06935845389168228.
[I 2026-08-17 00:27:06,556] Trial 172 finished with value: 0.07685783779555186 and parameters: {'rho_e': 0.004382936288172438, 'rho_d': 0.0005264879105284084, 'nu': 36, 'sigma': 0.0}. Best is trial 155 with value: 0.06935845389168228.
[I 2026-08-17 00:27:41,481] Trial 173 finished with value: 0.08301825087978534 and parameters: {'rho_e': 1000.0, 'rho_d': 0.026470382264640942, 'nu': 2, 'sigma': 0.6419968706329027}. Best is trial 155 with value: 0.06935845389168228.
[I 2026-08-17 00:28:19,689] Trial 174 finished with value: 0.0762799380717927 and parameters: {'rho_e': 0.20779272932426296, 'rho_d': 0.0055818030395013195, 'nu': 2, 'sigma': 1.0}. Best is trial 155 with value: 0.06935845389168228.
[I 2026-08-17 00:28:57,950] Trial 175 finished with value: 0.07809871800005774 and parameters: {'rho_e': 1e-05, 'rho_d': 0.00044885974344160084, 'nu': 36, 'sigma': 0.237029071311472}. Best is trial 155 with value: 0.06935845389168228.
[I 2026-08-17 00:29:36,217] Trial 176 finished with value: 0.08148216095729276 and parameters: {'rho_e': 0.25320326645728797, 'rho_d': 1e-05, 'nu': 36, 'sigma': 1.0}. Best is trial 155 with value: 0.06935845389168228.
[I 2026-08-17 00:30:13,127] Trial 177 finished with value: 0.09498068654091016 and parameters: {'rho_e': 1e-05, 'rho_d': 1000.0, 'nu': 2, 'sigma': 0.0}. Best is trial 155 with value: 0.06935845389168228.
[I 2026-08-17 00:30:51,479] Trial 178 finished with value: 0.09098086688088194 and parameters: {'rho_e': 0.02432211231673069, 'rho_d': 0.008152466582088744, 'nu': 2, 'sigma': 1.0}. Best is trial 155 with value: 0.06935845389168228.
[I 2026-08-17 00:31:29,884] Trial 179 finished with value: 0.07429826305258568 and parameters: {'rho_e': 0.2404633315714905, 'rho_d': 0.009216898517575267, 'nu': 2, 'sigma': 0.7485222592501428}. Best is trial 155 with value: 0.06935845389168228.
[I 2026-08-17 00:32:07,996] Trial 180 finished with value: 0.09847093218333311 and parameters: {'rho_e': 1e-05, 'rho_d': 1e-05, 'nu': 2, 'sigma': 0.9999999999999999}. Best is trial 155 with value: 0.06935845389168228.
