[I 2026-08-16 13:13:21,406] Trial 180 finished with value: 0.06714220489083107 and parameters: {'rho_e': 0.20576332856912688, 'rho_d': 0.00028849621436670306, 'nu': 2, 'sigma': 0.4333751540494936}. Best is trial 132 with value: 0.0656018235601687.
[I 2026-08-16 13:14:01,190] Trial 181 finished with value: 0.07421837379167026 and parameters: {'rho_e': 0.18845878347173878, 'rho_d': 0.002173065068100779, 'nu': 36, 'sigma': 0.7856563095028523}. Best is trial 132 with value: 0.0656018235601687.
[I 2026-08-16 13:14:41,535] Trial 182 finished with value: 0.07187092416367155 and parameters: {'rho_e': 0.024410964219530068, 'rho_d': 0.0019402179128426222, 'nu': 36, 'sigma': 0.37940997502388657}. Best is trial 132 with value: 0.0656018235601687.
[I 2026-08-16 13:15:20,853] Trial 183 finished with value: 0.07417636159631688 and parameters: {'rho_e': 0.06434629841964258, 'rho_d': 1e-05, 'nu': 36, 'sigma': 0.19869128788557802}. Best is trial 132 with value: 0.0656018235601687.
[I 2026-08-16 13:16:01,125] Trial 184 finished with value: 0.09504543036946417 and parameters: {'rho_e': 1000.0, 'rho_d': 0.134611651547544, 'nu': 2, 'sigma': 0.9999999999999999}. Best is trial 132 with value: 0.0656018235601687.
[I 2026-08-16 13:16:41,396] Trial 185 finished with value: 0.0679080384052839 and parameters: {'rho_e': 0.051240999264936554, 'rho_d': 1e-05, 'nu': 11, 'sigma': 0.2945897521780057}. Best is trial 132 with value: 0.0656018235601687.
[I 2026-08-16 13:17:21,687] Trial 186 finished with value: 0.09728367391340222 and parameters: {'rho_e': 0.3836055878413682, 'rho_d': 1000.0, 'nu': 2, 'sigma': 1.0}. Best is trial 132 with value: 0.0656018235601687.
[I 2026-08-16 13:18:01,877] Trial 187 finished with value: 0.07014893312082224 and parameters: {'rho_e': 0.6154356752134373, 'rho_d': 82.12935390056138, 'nu': 36, 'sigma': 0.5637798152105669}. Best is trial 132 with value: 0.0656018235601687.
[I 2026-08-16 13:18:42,031] Trial 188 finished with value: 0.07116369564632236 and parameters: {'rho_e': 4.452680937274169, 'rho_d': 1000.0, 'nu': 36, 'sigma': 0.6764074734885533}. Best is trial 132 with value: 0.0656018235601687.
[I 2026-08-16 13:19:22,360] Trial 189 finished with value: 0.0691869710412662 and parameters: {'rho_e': 2.369184860439333, 'rho_d': 204.74607168052378, 'nu': 36, 'sigma': 0.4816542043356506}. Best is trial 132 with value: 0.0656018235601687.
[I 2026-08-16 13:20:01,757] Trial 190 finished with value: 0.07022674411103497 and parameters: {'rho_e': 4.797580807181553, 'rho_d': 1000.0, 'nu': 36, 'sigma': 0.32350163083827305}. Best is trial 132 with value: 0.0656018235601687.
[I 2026-08-16 13:20:41,862] Trial 191 finished with value: 0.07403557888254267 and parameters: {'rho_e': 4.977155232511161, 'rho_d': 1000.0, 'nu': 36, 'sigma': 0.0}. Best is trial 132 with value: 0.0656018235601687.
[I 2026-08-16 13:21:22,108] Trial 192 finished with value: 0.06697425072506093 and parameters: {'rho_e': 0.14516083504894495, 'rho_d': 0.008139238039647896, 'nu': 2, 'sigma': 0.39408051311308684}. Best is trial 132 with value: 0.0656018235601687.
[I 2026-08-16 13:22:02,393] Trial 193 finished with value: 0.06616510172877904 and parameters: {'rho_e': 0.07010510547816305, 'rho_d': 0.004433479411630928, 'nu': 2, 'sigma': 0.36028028971418513}. Best is trial 132 with value: 0.0656018235601687.
[I 2026-08-16 13:22:42,612] Trial 194 finished with value: 0.06625694671001174 and parameters: {'rho_e': 0.13852044550724368, 'rho_d': 0.003510116663403158, 'nu': 2, 'sigma': 0.46515890462772336}. Best is trial 132 with value: 0.0656018235601687.
[I 2026-08-16 13:23:22,841] Trial 195 finished with value: 0.06991965024526317 and parameters: {'rho_e': 1.1774057716918847, 'rho_d': 65.51866313495641, 'nu': 2, 'sigma': 0.3296158982750534}. Best is trial 132 with value: 0.0656018235601687.
[I 2026-08-16 13:24:03,153] Trial 196 finished with value: 0.06603264870890638 and parameters: {'rho_e': 0.09292783356210876, 'rho_d': 0.002708519083661487, 'nu': 2, 'sigma': 0.3650683551559704}. Best is trial 132 with value: 0.0656018235601687.
[I 2026-08-16 13:24:43,291] Trial 197 finished with value: 0.06750912779864293 and parameters: {'rho_e': 0.22138300909560157, 'rho_d': 0.0062773289686803325, 'nu': 2, 'sigma': 0.5593169323484478}. Best is trial 132 with value: 0.0656018235601687.
[I 2026-08-16 13:25:23,450] Trial 198 finished with value: 0.0741941829778563 and parameters: {'rho_e': 11.098667651803725, 'rho_d': 1000.0, 'nu': 36, 'sigma': 1.0}. Best is trial 132 with value: 0.0656018235601687.
[I 2026-08-16 13:26:03,651] Trial 199 finished with value: 0.0805874098394063 and parameters: {'rho_e': 0.022552372664646426, 'rho_d': 0.0003505873610019508, 'nu': 36, 'sigma': 1.0}. Best is trial 132 with value: 0.0656018235601687.
/home/gterren/dynamic_update/functional_forecast_dynamic_update/scripts/validate_zone_ffc_mpi.py:1094: FutureWarning: The behavior of DataFrame concatenation with empty or all-NA entries is deprecated. In a future version, this will no longer exclude empty or all-NA columns when determining the result dtypes. To retain the old behavior, exclude the relevant entries before the concat operation.
  results_df = pd.concat([results_df, prob_results], axis = 0, ignore_index=True)
