[I 2026-08-16 15:51:49,306] Trial 88 finished with value: 0.10093165565583301 and parameters: {'rho_e': 0.00012125829831653894, 'rho_d': 19.630650519000437, 'nu': 10, 'sigma': 0.7884377100219454}. Best is trial 11 with value: 0.06551904636778441.
[I 2026-08-16 15:52:40,459] Trial 89 finished with value: 0.09357028155754143 and parameters: {'rho_e': 3.893751642068498e-05, 'rho_d': 0.9795442357931721, 'nu': 20, 'sigma': 0.5936410928252096}. Best is trial 11 with value: 0.06551904636778441.
[I 2026-08-16 15:53:31,981] Trial 90 finished with value: 0.08182711387738076 and parameters: {'rho_e': 4.8811512206932886, 'rho_d': 3.209766039730455, 'nu': 34, 'sigma': 0.8768891090820096}. Best is trial 11 with value: 0.06551904636778441.
[I 2026-08-16 15:54:22,930] Trial 91 finished with value: 0.0771116997369224 and parameters: {'rho_e': 0.19086427524381236, 'rho_d': 0.0005859037345321275, 'nu': 8, 'sigma': 0.5505294308690223}. Best is trial 11 with value: 0.06551904636778441.
[I 2026-08-16 15:55:14,012] Trial 92 finished with value: 0.07997693762420262 and parameters: {'rho_e': 0.44668270078282146, 'rho_d': 1.9189911568156766e-05, 'nu': 24, 'sigma': 0.9048428701329665}. Best is trial 11 with value: 0.06551904636778441.
[I 2026-08-16 15:56:05,093] Trial 93 finished with value: 0.08797774010705248 and parameters: {'rho_e': 0.04518272217488784, 'rho_d': 0.0019042154852168265, 'nu': 17, 'sigma': 0.7711616889352428}. Best is trial 11 with value: 0.06551904636778441.
[I 2026-08-16 15:56:56,045] Trial 94 finished with value: 0.08844931395080974 and parameters: {'rho_e': 0.02386327174800719, 'rho_d': 70.35453635909505, 'nu': 26, 'sigma': 0.6321242947578075}. Best is trial 11 with value: 0.06551904636778441.
[I 2026-08-16 15:57:47,144] Trial 95 finished with value: 0.07998340621950427 and parameters: {'rho_e': 8.25713500843253e-05, 'rho_d': 0.00012532475584443455, 'nu': 13, 'sigma': 0.26396166502640883}. Best is trial 11 with value: 0.06551904636778441.
[I 2026-08-16 15:58:38,089] Trial 96 finished with value: 0.08963877626719402 and parameters: {'rho_e': 0.0024547283980115068, 'rho_d': 305.22017701744807, 'nu': 17, 'sigma': 0.32786718698677975}. Best is trial 11 with value: 0.06551904636778441.
[I 2026-08-16 15:59:29,182] Trial 97 finished with value: 0.09574983942767518 and parameters: {'rho_e': 21.13367188708461, 'rho_d': 0.019753486361084704, 'nu': 14, 'sigma': 0.946528522698323}. Best is trial 11 with value: 0.06551904636778441.
[I 2026-08-16 16:00:18,192] Trial 98 finished with value: 0.08551288758876588 and parameters: {'rho_e': 0.07307392667419121, 'rho_d': 0.03432656436892995, 'nu': 25, 'sigma': 0.9790803255957043}. Best is trial 11 with value: 0.06551904636778441.
[I 2026-08-16 16:01:09,566] Trial 99 finished with value: 0.09977833211219894 and parameters: {'rho_e': 0.014400697832168036, 'rho_d': 0.2992169838775733, 'nu': 4, 'sigma': 0.6279299990703359}. Best is trial 11 with value: 0.06551904636778441.
[I 2026-08-16 16:02:02,597] Trial 100 finished with value: 0.06939721332661661 and parameters: {'rho_e': 6.264625083150718, 'rho_d': 1000.0, 'nu': 2, 'sigma': 0.19137329304526876}. Best is trial 11 with value: 0.06551904636778441.
[I 2026-08-16 16:02:53,762] Trial 101 finished with value: 0.06588581869208504 and parameters: {'rho_e': 0.1795747949195525, 'rho_d': 0.027367088522009402, 'nu': 36, 'sigma': 0.36937167436961565}. Best is trial 11 with value: 0.06551904636778441.
[I 2026-08-16 16:03:45,539] Trial 102 finished with value: 0.06676031404385885 and parameters: {'rho_e': 0.1406919131984488, 'rho_d': 0.008193667852836584, 'nu': 21, 'sigma': 0.20398808270545138}. Best is trial 11 with value: 0.06551904636778441.
[I 2026-08-16 16:04:36,761] Trial 103 finished with value: 0.06927194748745602 and parameters: {'rho_e': 7.680949099354316, 'rho_d': 1000.0, 'nu': 17, 'sigma': 0.24653283475532375}. Best is trial 11 with value: 0.06551904636778441.
[I 2026-08-16 16:05:27,963] Trial 104 finished with value: 0.06517031068740728 and parameters: {'rho_e': 0.1122913469433987, 'rho_d': 0.0030855092849642056, 'nu': 36, 'sigma': 0.406041469361188}. Best is trial 104 with value: 0.06517031068740728.
[I 2026-08-16 16:06:19,165] Trial 105 finished with value: 0.06880443758288063 and parameters: {'rho_e': 0.06292223190606554, 'rho_d': 0.01327846693387016, 'nu': 2, 'sigma': 0.0}. Best is trial 104 with value: 0.06517031068740728.
[I 2026-08-16 16:07:10,955] Trial 106 finished with value: 0.07475249734819586 and parameters: {'rho_e': 0.015672362836918134, 'rho_d': 1e-05, 'nu': 36, 'sigma': 0.0}. Best is trial 104 with value: 0.06517031068740728.
[I 2026-08-16 16:08:02,459] Trial 107 finished with value: 0.0658595520276081 and parameters: {'rho_e': 0.09761505594685763, 'rho_d': 0.005280882773186734, 'nu': 36, 'sigma': 0.3349754360514345}. Best is trial 104 with value: 0.06517031068740728.
[I 2026-08-16 16:08:53,950] Trial 108 finished with value: 0.06644646080182362 and parameters: {'rho_e': 0.1577147219947877, 'rho_d': 0.003936612003422622, 'nu': 36, 'sigma': 0.476303593896639}. Best is trial 104 with value: 0.06517031068740728.
[I 2026-08-16 16:09:45,751] Trial 109 finished with value: 0.06651838540266891 and parameters: {'rho_e': 0.2055660362609348, 'rho_d': 0.02846573888697664, 'nu': 25, 'sigma': 0.3427553196756159}. Best is trial 104 with value: 0.06517031068740728.
[I 2026-08-16 16:10:37,909] Trial 110 finished with value: 0.06382265465703907 and parameters: {'rho_e': 0.15714553297256106, 'rho_d': 0.005845203159685726, 'nu': 2, 'sigma': 0.19211665469329867}. Best is trial 110 with value: 0.06382265465703907.
[I 2026-08-16 16:11:30,701] Trial 111 finished with value: 0.0646125698858339 and parameters: {'rho_e': 0.23404987589626985, 'rho_d': 0.05106767564613568, 'nu': 2, 'sigma': 0.22939263701339424}. Best is trial 110 with value: 0.06382265465703907.
[I 2026-08-16 16:12:23,111] Trial 112 finished with value: 0.0638139767837819 and parameters: {'rho_e': 0.17168510947033389, 'rho_d': 0.004356969087913535, 'nu': 2, 'sigma': 0.21255116589007927}. Best is trial 112 with value: 0.0638139767837819.
[I 2026-08-16 16:13:16,248] Trial 113 finished with value: 0.0658270887224143 and parameters: {'rho_e': 0.07912114528083639, 'rho_d': 2.9235744780396143e-05, 'nu': 36, 'sigma': 0.3747591461072262}. Best is trial 112 with value: 0.0638139767837819.
[I 2026-08-16 16:14:09,446] Trial 114 finished with value: 0.0649853712754633 and parameters: {'rho_e': 0.1813703786467344, 'rho_d': 0.008628268740920958, 'nu': 5, 'sigma': 0.2262216544687155}. Best is trial 112 with value: 0.0638139767837819.
[I 2026-08-16 16:15:02,285] Trial 115 finished with value: 0.06303104966808615 and parameters: {'rho_e': 0.13277446249454183, 'rho_d': 0.0008842405006654688, 'nu': 2, 'sigma': 0.17923471252145418}. Best is trial 115 with value: 0.06303104966808615.
[I 2026-08-16 16:15:54,888] Trial 116 finished with value: 0.06280302216057519 and parameters: {'rho_e': 0.14122566507046663, 'rho_d': 0.00015143431442784703, 'nu': 2, 'sigma': 0.1919950010781303}. Best is trial 116 with value: 0.06280302216057519.
[I 2026-08-16 16:16:47,138] Trial 117 finished with value: 0.06311150605769568 and parameters: {'rho_e': 0.13123977941049234, 'rho_d': 0.0002305697239753869, 'nu': 2, 'sigma': 0.1861019580592401}. Best is trial 116 with value: 0.06280302216057519.
[I 2026-08-16 16:17:39,178] Trial 118 finished with value: 0.06293036881971253 and parameters: {'rho_e': 0.15142327705232972, 'rho_d': 1e-05, 'nu': 2, 'sigma': 0.20281459976386193}. Best is trial 116 with value: 0.06280302216057519.
[I 2026-08-16 16:18:31,356] Trial 119 finished with value: 0.06325761606557767 and parameters: {'rho_e': 0.14246018583302378, 'rho_d': 4.100782937024902e-05, 'nu': 2, 'sigma': 0.18528153697588462}. Best is trial 116 with value: 0.06280302216057519.
[I 2026-08-16 16:19:23,462] Trial 120 finished with value: 0.063866763704466 and parameters: {'rho_e': 0.19203734518447765, 'rho_d': 1e-05, 'nu': 2, 'sigma': 0.26175266629667326}. Best is trial 116 with value: 0.06280302216057519.
[I 2026-08-16 16:20:15,623] Trial 121 finished with value: 0.07825952032885795 and parameters: {'rho_e': 1e-05, 'rho_d': 1e-05, 'nu': 2, 'sigma': 0.0}. Best is trial 116 with value: 0.06280302216057519.
[I 2026-08-16 16:21:07,596] Trial 122 finished with value: 0.07825937549839751 and parameters: {'rho_e': 0.00018341886180784817, 'rho_d': 1e-05, 'nu': 36, 'sigma': 0.0}. Best is trial 116 with value: 0.06280302216057519.
[I 2026-08-16 16:21:59,764] Trial 123 finished with value: 0.07624171677335802 and parameters: {'rho_e': 0.351769479234188, 'rho_d': 105.87725403197582, 'nu': 2, 'sigma': 0.0}. Best is trial 116 with value: 0.06280302216057519.
[I 2026-08-16 16:22:51,284] Trial 124 finished with value: 0.06362116514810245 and parameters: {'rho_e': 0.17365045434776163, 'rho_d': 0.0001125959655740133, 'nu': 2, 'sigma': 0.1953705508483122}. Best is trial 116 with value: 0.06280302216057519.
[I 2026-08-16 16:23:42,838] Trial 125 finished with value: 0.0626832787600712 and parameters: {'rho_e': 0.11254369704050583, 'rho_d': 1e-05, 'nu': 2, 'sigma': 0.204012735908846}. Best is trial 125 with value: 0.0626832787600712.
[I 2026-08-16 16:24:34,352] Trial 126 finished with value: 0.06278766672359691 and parameters: {'rho_e': 0.11295946103110963, 'rho_d': 1e-05, 'nu': 2, 'sigma': 0.20737321032839207}. Best is trial 125 with value: 0.0626832787600712.
[I 2026-08-16 16:25:25,867] Trial 127 finished with value: 0.06416323068402405 and parameters: {'rho_e': 0.11445957184899545, 'rho_d': 1e-05, 'nu': 12, 'sigma': 0.22162913976898443}. Best is trial 125 with value: 0.0626832787600712.
[I 2026-08-16 16:26:17,033] Trial 128 finished with value: 0.0628884756056733 and parameters: {'rho_e': 0.11821487836603331, 'rho_d': 1e-05, 'nu': 2, 'sigma': 0.17794072586531376}. Best is trial 125 with value: 0.0626832787600712.
[I 2026-08-16 16:27:08,057] Trial 129 finished with value: 0.0627765622387465 and parameters: {'rho_e': 0.11455633559027428, 'rho_d': 2.8156257856611158e-05, 'nu': 2, 'sigma': 0.2142438211820535}. Best is trial 125 with value: 0.0626832787600712.
[I 2026-08-16 16:27:58,884] Trial 130 finished with value: 0.0627691105112153 and parameters: {'rho_e': 0.11749366090153869, 'rho_d': 1e-05, 'nu': 2, 'sigma': 0.21887514712673256}. Best is trial 125 with value: 0.0626832787600712.
[I 2026-08-16 16:28:49,756] Trial 131 finished with value: 0.07227557075181898 and parameters: {'rho_e': 13.028616548854668, 'rho_d': 1000.0, 'nu': 2, 'sigma': 0.0}. Best is trial 125 with value: 0.0626832787600712.
[I 2026-08-16 16:29:40,576] Trial 132 finished with value: 0.06808257191833769 and parameters: {'rho_e': 0.5608685825120737, 'rho_d': 7.178366732436104, 'nu': 2, 'sigma': 0.32869132303758947}. Best is trial 125 with value: 0.0626832787600712.
[I 2026-08-16 16:30:31,564] Trial 133 finished with value: 0.08885087079134427 and parameters: {'rho_e': 1e-05, 'rho_d': 1e-05, 'nu': 36, 'sigma': 1.0}. Best is trial 125 with value: 0.0626832787600712.
[I 2026-08-16 16:31:22,499] Trial 134 finished with value: 0.0663596035774919 and parameters: {'rho_e': 0.12062042243890422, 'rho_d': 1e-05, 'nu': 36, 'sigma': 0.210659375249438}. Best is trial 125 with value: 0.0626832787600712.
[I 2026-08-16 16:32:13,457] Trial 135 finished with value: 0.06253215540366755 and parameters: {'rho_e': 0.1179657659639178, 'rho_d': 1e-05, 'nu': 2, 'sigma': 0.21575313942097213}. Best is trial 135 with value: 0.06253215540366755.
[I 2026-08-16 16:33:04,382] Trial 136 finished with value: 0.07244468348306121 and parameters: {'rho_e': 12.44968278260393, 'rho_d': 1000.0, 'nu': 31, 'sigma': 0.0}. Best is trial 135 with value: 0.06253215540366755.
[I 2026-08-16 16:33:55,377] Trial 137 finished with value: 0.07877603203389655 and parameters: {'rho_e': 1.3992711791734143, 'rho_d': 1000.0, 'nu': 36, 'sigma': 1.0}. Best is trial 135 with value: 0.06253215540366755.
[I 2026-08-16 16:34:46,336] Trial 138 finished with value: 0.0668110501671942 and parameters: {'rho_e': 0.1688948351537806, 'rho_d': 0.00023137320766533666, 'nu': 36, 'sigma': 0.33622634129548673}. Best is trial 135 with value: 0.06253215540366755.
[I 2026-08-16 16:35:37,299] Trial 139 finished with value: 0.06768081252885788 and parameters: {'rho_e': 33.032159054805284, 'rho_d': 1000.0, 'nu': 2, 'sigma': 0.2774681374801338}. Best is trial 135 with value: 0.06253215540366755.
[I 2026-08-16 16:36:28,960] Trial 140 finished with value: 0.08297043237773677 and parameters: {'rho_e': 0.024830176118390255, 'rho_d': 1e-05, 'nu': 36, 'sigma': 1.0}. Best is trial 135 with value: 0.06253215540366755.
[I 2026-08-16 16:37:20,721] Trial 141 finished with value: 0.07825952032885795 and parameters: {'rho_e': 1e-05, 'rho_d': 1e-05, 'nu': 36, 'sigma': 0.0}. Best is trial 135 with value: 0.06253215540366755.
[I 2026-08-16 16:38:12,354] Trial 142 finished with value: 0.06816451379594574 and parameters: {'rho_e': 0.22568543265631197, 'rho_d': 0.7126364290865685, 'nu': 36, 'sigma': 0.5317769147533202}. Best is trial 135 with value: 0.06253215540366755.
[I 2026-08-16 16:39:03,935] Trial 143 finished with value: 0.06292740761945792 and parameters: {'rho_e': 0.11333883731634009, 'rho_d': 1e-05, 'nu': 2, 'sigma': 0.23346430168975238}. Best is trial 135 with value: 0.06253215540366755.
[I 2026-08-16 16:39:55,162] Trial 144 finished with value: 0.06960758836023037 and parameters: {'rho_e': 0.036720289480479854, 'rho_d': 1e-05, 'nu': 36, 'sigma': 0.25478192970119795}. Best is trial 135 with value: 0.06253215540366755.
[I 2026-08-16 16:40:46,749] Trial 145 finished with value: 0.07825939374265195 and parameters: {'rho_e': 0.0001749438314010338, 'rho_d': 1e-05, 'nu': 2, 'sigma': 0.0}. Best is trial 135 with value: 0.06253215540366755.
[I 2026-08-16 16:41:38,614] Trial 146 finished with value: 0.06548059049184043 and parameters: {'rho_e': 2.467843222200993, 'rho_d': 18.595689207306982, 'nu': 36, 'sigma': 0.36108783189832044}. Best is trial 135 with value: 0.06253215540366755.
[I 2026-08-16 16:42:30,950] Trial 147 finished with value: 0.06921080324187626 and parameters: {'rho_e': 2.2079621940125813, 'rho_d': 182.57801427862296, 'nu': 36, 'sigma': 0.5418233079499901}. Best is trial 135 with value: 0.06253215540366755.
[I 2026-08-16 16:43:24,817] Trial 148 finished with value: 0.0658739618644395 and parameters: {'rho_e': 0.6659524893077944, 'rho_d': 3.033185483131077, 'nu': 36, 'sigma': 0.2728447570450108}. Best is trial 135 with value: 0.06253215540366755.
[I 2026-08-16 16:44:17,954] Trial 149 finished with value: 0.06593557559158837 and parameters: {'rho_e': 2.372362927493201, 'rho_d': 32.12092119016241, 'nu': 17, 'sigma': 0.2637835277787173}. Best is trial 135 with value: 0.06253215540366755.
[I 2026-08-16 16:45:10,792] Trial 150 finished with value: 0.06646000211494968 and parameters: {'rho_e': 5.050986502515604, 'rho_d': 34.11454585947225, 'nu': 36, 'sigma': 0.20708399378012637}. Best is trial 135 with value: 0.06253215540366755.
[I 2026-08-16 16:46:03,316] Trial 151 finished with value: 0.06489729523520461 and parameters: {'rho_e': 0.2288076426045446, 'rho_d': 0.5324297921533008, 'nu': 2, 'sigma': 0.13846079551824048}. Best is trial 135 with value: 0.06253215540366755.
[I 2026-08-16 16:46:55,479] Trial 152 finished with value: 0.06544369499830566 and parameters: {'rho_e': 6.6575049013554075, 'rho_d': 40.42398579863359, 'nu': 2, 'sigma': 0.2582525205627007}. Best is trial 135 with value: 0.06253215540366755.
[I 2026-08-16 16:47:47,397] Trial 153 finished with value: 0.08272581179953833 and parameters: {'rho_e': 0.0004740542090062737, 'rho_d': 1e-05, 'nu': 36, 'sigma': 0.7141543752276363}. Best is trial 135 with value: 0.06253215540366755.
[I 2026-08-16 16:48:39,466] Trial 154 finished with value: 0.0945606117907495 and parameters: {'rho_e': 1000.0, 'rho_d': 999.999999999998, 'nu': 2, 'sigma': 1.0}. Best is trial 135 with value: 0.06253215540366755.
[I 2026-08-16 16:49:30,985] Trial 155 finished with value: 0.09545799051758191 and parameters: {'rho_e': 1e-05, 'rho_d': 1000.0, 'nu': 36, 'sigma': 0.9999999999999999}. Best is trial 135 with value: 0.06253215540366755.
[I 2026-08-16 16:50:22,383] Trial 156 finished with value: 0.0781734384083391 and parameters: {'rho_e': 6.940271748689781e-05, 'rho_d': 0.009710389144523808, 'nu': 36, 'sigma': 0.0}. Best is trial 135 with value: 0.06253215540366755.
[I 2026-08-16 16:51:13,833] Trial 157 finished with value: 0.06272965512303827 and parameters: {'rho_e': 0.11291075564239338, 'rho_d': 0.00029555871570839296, 'nu': 2, 'sigma': 0.2210293546764537}. Best is trial 135 with value: 0.06253215540366755.
[I 2026-08-16 16:52:05,104] Trial 158 finished with value: 0.06276321305000537 and parameters: {'rho_e': 0.1059019346914179, 'rho_d': 0.0001314223455435591, 'nu': 2, 'sigma': 0.1990924308248062}. Best is trial 135 with value: 0.06253215540366755.
[I 2026-08-16 16:52:56,283] Trial 159 finished with value: 0.06401585057347159 and parameters: {'rho_e': 0.7969736738772809, 'rho_d': 2.6042026385581556, 'nu': 2, 'sigma': 0.15227478366017683}. Best is trial 135 with value: 0.06253215540366755.
[I 2026-08-16 16:53:47,217] Trial 160 finished with value: 0.06420936634129387 and parameters: {'rho_e': 2.097828087018868, 'rho_d': 14.775864279273812, 'nu': 2, 'sigma': 0.1511448794021732}. Best is trial 135 with value: 0.06253215540366755.
[I 2026-08-16 16:54:38,214] Trial 161 finished with value: 0.0663957241147105 and parameters: {'rho_e': 1.7605939929573837, 'rho_d': 4.948497461916576, 'nu': 2, 'sigma': 0.24218743823194405}. Best is trial 135 with value: 0.06253215540366755.
[I 2026-08-16 16:55:29,250] Trial 162 finished with value: 0.06848927520533968 and parameters: {'rho_e': 0.8144142807310525, 'rho_d': 3.247662861897565, 'nu': 2, 'sigma': 0.0}. Best is trial 135 with value: 0.06253215540366755.
[I 2026-08-16 16:56:20,100] Trial 163 finished with value: 0.06505724152321465 and parameters: {'rho_e': 0.45295317215151054, 'rho_d': 1.8812739508504017, 'nu': 14, 'sigma': 0.17640841259837706}. Best is trial 135 with value: 0.06253215540366755.
[I 2026-08-16 16:57:11,168] Trial 164 finished with value: 0.07802597415703065 and parameters: {'rho_e': 1e-05, 'rho_d': 0.006799665993874772, 'nu': 2, 'sigma': 0.0}. Best is trial 135 with value: 0.06253215540366755.
[I 2026-08-16 16:58:02,779] Trial 165 finished with value: 0.0627697239313367 and parameters: {'rho_e': 0.12262558089159847, 'rho_d': 0.00011261914391989322, 'nu': 2, 'sigma': 0.23427237681103608}. Best is trial 135 with value: 0.06253215540366755.
[I 2026-08-16 16:58:53,889] Trial 166 finished with value: 0.07268334900265636 and parameters: {'rho_e': 17.799547653174418, 'rho_d': 1000.0, 'nu': 36, 'sigma': 1.0}. Best is trial 135 with value: 0.06253215540366755.
[I 2026-08-16 16:59:44,782] Trial 167 finished with value: 0.06267781349076021 and parameters: {'rho_e': 0.11150802044311613, 'rho_d': 0.0008143769427735681, 'nu': 2, 'sigma': 0.21500450612438748}. Best is trial 135 with value: 0.06253215540366755.
[I 2026-08-16 17:00:35,767] Trial 168 finished with value: 0.06912004265789999 and parameters: {'rho_e': 11.936456496788784, 'rho_d': 1000.0, 'nu': 36, 'sigma': 0.6547640538218649}. Best is trial 135 with value: 0.06253215540366755.
[I 2026-08-16 17:01:26,770] Trial 169 finished with value: 0.0660212294968763 and parameters: {'rho_e': 12.375205417615938, 'rho_d': 182.0967509708152, 'nu': 36, 'sigma': 0.339533856983233}. Best is trial 135 with value: 0.06253215540366755.
[I 2026-08-16 17:02:17,795] Trial 170 finished with value: 0.0667662298824952 and parameters: {'rho_e': 0.16157092571250706, 'rho_d': 1e-05, 'nu': 36, 'sigma': 0.5567594960834272}. Best is trial 135 with value: 0.06253215540366755.
[I 2026-08-16 17:03:08,820] Trial 171 finished with value: 0.06333973257237656 and parameters: {'rho_e': 0.10850972882559685, 'rho_d': 0.00034174200211577145, 'nu': 8, 'sigma': 0.2243925787228646}. Best is trial 135 with value: 0.06253215540366755.
[I 2026-08-16 17:04:00,055] Trial 172 finished with value: 0.06458041477404182 and parameters: {'rho_e': 0.9706710521565516, 'rho_d': 15.096669504965547, 'nu': 2, 'sigma': 0.15491871978547592}. Best is trial 135 with value: 0.06253215540366755.
[I 2026-08-16 17:04:51,230] Trial 173 finished with value: 0.07767061502419789 and parameters: {'rho_e': 0.0025336406772201985, 'rho_d': 0.005530899287198297, 'nu': 36, 'sigma': 0.0}. Best is trial 135 with value: 0.06253215540366755.
[I 2026-08-16 17:05:42,480] Trial 174 finished with value: 0.06452209131315742 and parameters: {'rho_e': 21.165069089656377, 'rho_d': 125.26193753738254, 'nu': 2, 'sigma': 0.18076351419686548}. Best is trial 135 with value: 0.06253215540366755.
[I 2026-08-16 17:06:34,079] Trial 175 finished with value: 0.06289142245814004 and parameters: {'rho_e': 0.12265492006867562, 'rho_d': 0.0004476755372470306, 'nu': 2, 'sigma': 0.2260047721120661}. Best is trial 135 with value: 0.06253215540366755.
[I 2026-08-16 17:07:26,118] Trial 176 finished with value: 0.06711195339197934 and parameters: {'rho_e': 8.247147835987743, 'rho_d': 33.10222055487873, 'nu': 2, 'sigma': 0.11670488820410553}. Best is trial 135 with value: 0.06253215540366755.
[I 2026-08-16 17:08:18,655] Trial 177 finished with value: 0.0790627042967974 and parameters: {'rho_e': 1e-05, 'rho_d': 1e-05, 'nu': 36, 'sigma': 0.4601241833605509}. Best is trial 135 with value: 0.06253215540366755.
[I 2026-08-16 17:09:11,987] Trial 178 finished with value: 0.0684302916199767 and parameters: {'rho_e': 24.920993962154625, 'rho_d': 1000.0, 'nu': 36, 'sigma': 0.21231205134770348}. Best is trial 135 with value: 0.06253215540366755.
[I 2026-08-16 17:10:05,124] Trial 179 finished with value: 0.08643636720139078 and parameters: {'rho_e': 1000.0, 'rho_d': 1e-05, 'nu': 2, 'sigma': 0.49293545155155827}. Best is trial 135 with value: 0.06253215540366755.
