[I 2026-08-17 00:33:32,888] Trial 182 finished with value: 0.07332384586864582 and parameters: {'rho_e': 395.67282148016625, 'rho_d': 0.00010945235396682422, 'nu': 2, 'sigma': 0.7421800717751833}. Best is trial 151 with value: 0.06816045423515926.
[I 2026-08-17 00:34:13,970] Trial 183 finished with value: 0.06816045423515926 and parameters: {'rho_e': 0.2726334982628921, 'rho_d': 0.0008276288743571414, 'nu': 2, 'sigma': 0.7576501463613179}. Best is trial 151 with value: 0.06816045423515926.
[I 2026-08-17 00:34:55,059] Trial 184 finished with value: 0.08109313782434789 and parameters: {'rho_e': 8.63094594298587e-05, 'rho_d': 0.0012352543668657013, 'nu': 2, 'sigma': 0.0}. Best is trial 151 with value: 0.06816045423515926.
[I 2026-08-17 00:35:36,208] Trial 185 finished with value: 0.07323964284909104 and parameters: {'rho_e': 45.465218771870184, 'rho_d': 1e-05, 'nu': 2, 'sigma': 0.7255688259640904}. Best is trial 151 with value: 0.06816045423515926.
[I 2026-08-17 00:36:22,378] Trial 186 finished with value: 0.08094727991268331 and parameters: {'rho_e': 0.0019400425092992843, 'rho_d': 1e-05, 'nu': 2, 'sigma': 0.0}. Best is trial 151 with value: 0.06816045423515926.
[I 2026-08-17 00:37:08,375] Trial 187 finished with value: 0.08250909244866819 and parameters: {'rho_e': 0.0013269388792742141, 'rho_d': 0.010224204522700925, 'nu': 36, 'sigma': 0.0}. Best is trial 151 with value: 0.06816045423515926.
[I 2026-08-17 00:37:54,446] Trial 188 finished with value: 0.08009926119146595 and parameters: {'rho_e': 0.0005791466988800181, 'rho_d': 0.0008411841551571858, 'nu': 36, 'sigma': 0.9999999999999999}. Best is trial 151 with value: 0.06816045423515926.
[I 2026-08-17 00:38:38,651] Trial 189 finished with value: 0.06844016041500789 and parameters: {'rho_e': 0.2773079807953102, 'rho_d': 0.0007210013671105103, 'nu': 2, 'sigma': 0.7674683955032079}. Best is trial 151 with value: 0.06816045423515926.
[I 2026-08-17 00:39:24,705] Trial 190 finished with value: 0.06837082962725981 and parameters: {'rho_e': 0.2766697328336692, 'rho_d': 0.0008603569526613635, 'nu': 2, 'sigma': 0.7331297439497412}. Best is trial 151 with value: 0.06816045423515926.
[I 2026-08-17 00:40:10,775] Trial 191 finished with value: 0.0780336993611297 and parameters: {'rho_e': 0.0006991325582765942, 'rho_d': 1e-05, 'nu': 36, 'sigma': 0.4446285508178126}. Best is trial 151 with value: 0.06816045423515926.
[I 2026-08-17 00:40:56,880] Trial 192 finished with value: 0.08870317716404896 and parameters: {'rho_e': 0.0011605175338087453, 'rho_d': 1000.0, 'nu': 2, 'sigma': 0.0}. Best is trial 151 with value: 0.06816045423515926.
[I 2026-08-17 00:41:41,185] Trial 193 finished with value: 0.07399601649996643 and parameters: {'rho_e': 0.060578271072641375, 'rho_d': 0.3060743981467193, 'nu': 2, 'sigma': 0.37828240152142134}. Best is trial 151 with value: 0.06816045423515926.
[I 2026-08-17 00:42:27,287] Trial 194 finished with value: 0.08435957405343535 and parameters: {'rho_e': 0.24158047708580327, 'rho_d': 1e-05, 'nu': 36, 'sigma': 1.0}. Best is trial 151 with value: 0.06816045423515926.
[I 2026-08-17 00:43:13,289] Trial 195 finished with value: 0.07427612225057063 and parameters: {'rho_e': 0.3747032321515002, 'rho_d': 1000.0, 'nu': 2, 'sigma': 0.20378358777716177}. Best is trial 151 with value: 0.06816045423515926.
[I 2026-08-17 00:43:59,388] Trial 196 finished with value: 0.06901935439814956 and parameters: {'rho_e': 0.11087860462384112, 'rho_d': 1e-05, 'nu': 2, 'sigma': 0.866062513591459}. Best is trial 151 with value: 0.06816045423515926.
[I 2026-08-17 00:44:44,056] Trial 197 finished with value: 0.07776021360185636 and parameters: {'rho_e': 0.00022810407015228326, 'rho_d': 1e-05, 'nu': 2, 'sigma': 0.5129866898770764}. Best is trial 151 with value: 0.06816045423515926.
[I 2026-08-17 00:45:29,929] Trial 198 finished with value: 0.0735840813588382 and parameters: {'rho_e': 1000.0, 'rho_d': 2.9358931993858275, 'nu': 2, 'sigma': 0.6824033115908227}. Best is trial 151 with value: 0.06816045423515926.
[I 2026-08-17 00:46:15,679] Trial 199 finished with value: 0.0758332329779054 and parameters: {'rho_e': 0.0008685833173475018, 'rho_d': 0.01039039065106246, 'nu': 2, 'sigma': 0.30243609371343816}. Best is trial 151 with value: 0.06816045423515926.
/home/gterren/dynamic_update/functional_forecast_dynamic_update/scripts/validate_zone_ffc_mpi.py:1094: FutureWarning: The behavior of DataFrame concatenation with empty or all-NA entries is deprecated. In a future version, this will no longer exclude empty or all-NA columns when determining the result dtypes. To retain the old behavior, exclude the relevant entries before the concat operation.
  results_df = pd.concat([results_df, prob_results], axis = 0, ignore_index=True)
