[I 2026-08-16 15:33:07,958] Trial 180 finished with value: 0.07143985237133911 and parameters: {'rho_e': 0.047964045749654356, 'rho_d': 2.6520162401774303e-05, 'nu': 2, 'sigma': 0.3811256087235241}. Best is trial 132 with value: 0.07143985237133911.
[I 2026-08-16 15:33:48,047] Trial 181 finished with value: 0.07143985237133911 and parameters: {'rho_e': 0.047964045749654356, 'rho_d': 2.6520162401774303e-05, 'nu': 2, 'sigma': 0.3811256087235241}. Best is trial 132 with value: 0.07143985237133911.
[I 2026-08-16 15:34:28,110] Trial 182 finished with value: 0.07143985237133911 and parameters: {'rho_e': 0.047964045749654356, 'rho_d': 2.6520162401774303e-05, 'nu': 2, 'sigma': 0.3811256087235241}. Best is trial 132 with value: 0.07143985237133911.
[I 2026-08-16 15:35:08,134] Trial 183 finished with value: 0.07143985237133911 and parameters: {'rho_e': 0.047964045749654356, 'rho_d': 2.6520162401774303e-05, 'nu': 2, 'sigma': 0.3811256087235241}. Best is trial 132 with value: 0.07143985237133911.
[I 2026-08-16 15:35:48,073] Trial 184 finished with value: 0.08640484860867875 and parameters: {'rho_e': 0.00014197067585767535, 'rho_d': 1e-05, 'nu': 2, 'sigma': 0.0}. Best is trial 132 with value: 0.07143985237133911.
[I 2026-08-16 15:36:28,158] Trial 185 finished with value: 0.07143985237133911 and parameters: {'rho_e': 0.047964045749654356, 'rho_d': 2.6520162401774303e-05, 'nu': 2, 'sigma': 0.3811256087235241}. Best is trial 132 with value: 0.07143985237133911.
[I 2026-08-16 15:37:08,119] Trial 186 finished with value: 0.07143985237133911 and parameters: {'rho_e': 0.047964045749654356, 'rho_d': 2.6520162401774303e-05, 'nu': 2, 'sigma': 0.3811256087235241}. Best is trial 132 with value: 0.07143985237133911.
[I 2026-08-16 15:37:47,849] Trial 187 finished with value: 0.07143985237133911 and parameters: {'rho_e': 0.047964045749654356, 'rho_d': 2.6520162401774303e-05, 'nu': 2, 'sigma': 0.3811256087235241}. Best is trial 132 with value: 0.07143985237133911.
[I 2026-08-16 15:38:27,745] Trial 188 finished with value: 0.07143985237133911 and parameters: {'rho_e': 0.047964045749654356, 'rho_d': 2.6520162401774303e-05, 'nu': 2, 'sigma': 0.3811256087235241}. Best is trial 132 with value: 0.07143985237133911.
[I 2026-08-16 15:39:07,578] Trial 189 finished with value: 0.07143985237133911 and parameters: {'rho_e': 0.047964045749654356, 'rho_d': 2.6520162401774303e-05, 'nu': 2, 'sigma': 0.3811256087235241}. Best is trial 132 with value: 0.07143985237133911.
[I 2026-08-16 15:39:47,335] Trial 190 finished with value: 0.07143985237133911 and parameters: {'rho_e': 0.047964045749654356, 'rho_d': 2.6520162401774303e-05, 'nu': 2, 'sigma': 0.3811256087235241}. Best is trial 132 with value: 0.07143985237133911.
[I 2026-08-16 15:40:27,011] Trial 191 finished with value: 0.07143985237133911 and parameters: {'rho_e': 0.047964045749654356, 'rho_d': 2.6520162401774303e-05, 'nu': 2, 'sigma': 0.3811256087235241}. Best is trial 132 with value: 0.07143985237133911.
[I 2026-08-16 15:41:06,711] Trial 192 finished with value: 0.0714398523713391 and parameters: {'rho_e': 0.04796404574965444, 'rho_d': 2.6520162401774303e-05, 'nu': 2, 'sigma': 0.3811256087235241}. Best is trial 192 with value: 0.0714398523713391.
[I 2026-08-16 15:41:46,264] Trial 193 finished with value: 0.0714398523713391 and parameters: {'rho_e': 0.04796404574965444, 'rho_d': 2.6520162401774303e-05, 'nu': 2, 'sigma': 0.3811256087235241}. Best is trial 192 with value: 0.0714398523713391.
[I 2026-08-16 15:42:26,069] Trial 194 finished with value: 0.0714398523713391 and parameters: {'rho_e': 0.04796404574965444, 'rho_d': 2.6520162401774303e-05, 'nu': 2, 'sigma': 0.3811256087235241}. Best is trial 192 with value: 0.0714398523713391.
[I 2026-08-16 15:43:05,789] Trial 195 finished with value: 0.0714398523713391 and parameters: {'rho_e': 0.04796404574965444, 'rho_d': 2.6520162401774303e-05, 'nu': 2, 'sigma': 0.3811256087235241}. Best is trial 192 with value: 0.0714398523713391.
[I 2026-08-16 15:43:45,587] Trial 196 finished with value: 0.07159761559538436 and parameters: {'rho_e': 0.04664359088280648, 'rho_d': 3.3102780091590346e-05, 'nu': 2, 'sigma': 0.3698787303564735}. Best is trial 192 with value: 0.0714398523713391.
[I 2026-08-16 15:44:25,708] Trial 197 finished with value: 0.07141726338349641 and parameters: {'rho_e': 0.04705997645502043, 'rho_d': 3.254183623380384e-05, 'nu': 2, 'sigma': 0.3702551215825974}. Best is trial 197 with value: 0.07141726338349641.
[I 2026-08-16 15:45:05,726] Trial 198 finished with value: 0.07141726338349641 and parameters: {'rho_e': 0.04705997645502043, 'rho_d': 3.254183623380384e-05, 'nu': 2, 'sigma': 0.3702551215825974}. Best is trial 197 with value: 0.07141726338349641.
[I 2026-08-16 15:45:45,847] Trial 199 finished with value: 0.07141726338349641 and parameters: {'rho_e': 0.04705997645502043, 'rho_d': 3.254183623380384e-05, 'nu': 2, 'sigma': 0.3702551215825974}. Best is trial 197 with value: 0.07141726338349641.
/home/gterren/dynamic_update/functional_forecast_dynamic_update/scripts/validate_zone_ffc_mpi.py:1094: FutureWarning: The behavior of DataFrame concatenation with empty or all-NA entries is deprecated. In a future version, this will no longer exclude empty or all-NA columns when determining the result dtypes. To retain the old behavior, exclude the relevant entries before the concat operation.
  results_df = pd.concat([results_df, prob_results], axis = 0, ignore_index=True)
