[I 2026-08-17 10:09:17,063] Trial 88 finished with value: 0.08613990371977392 and parameters: {'rho_e': 0.486251533292777, 'rho_d': 52.14784654714354, 'nu': 6, 'sigma': 0.7891228370595951}. Best is trial 77 with value: 0.06849770594608513.
[I 2026-08-17 10:09:55,322] Trial 89 finished with value: 0.09252420467277006 and parameters: {'rho_e': 0.000612889380538402, 'rho_d': 6.25476322167153e-05, 'nu': 5, 'sigma': 0.9047950693848056}. Best is trial 77 with value: 0.06849770594608513.
[I 2026-08-17 10:10:34,585] Trial 90 finished with value: 0.10589537679236702 and parameters: {'rho_e': 7.905609421867139, 'rho_d': 1.482399313641124, 'nu': 20, 'sigma': 0.1529659116515288}. Best is trial 77 with value: 0.06849770594608513.
[I 2026-08-17 10:11:12,751] Trial 91 finished with value: 0.0754174189005191 and parameters: {'rho_e': 0.6819215330358105, 'rho_d': 0.0003702816334400203, 'nu': 33, 'sigma': 0.8384256258654897}. Best is trial 77 with value: 0.06849770594608513.
[I 2026-08-17 10:11:50,978] Trial 92 finished with value: 0.08537688482554573 and parameters: {'rho_e': 0.004212958428106735, 'rho_d': 0.004678011386611994, 'nu': 8, 'sigma': 0.37791297465362256}. Best is trial 77 with value: 0.06849770594608513.
[I 2026-08-17 10:12:30,863] Trial 93 finished with value: 0.0753180116561454 and parameters: {'rho_e': 0.2677199530536358, 'rho_d': 11.763303983773799, 'nu': 11, 'sigma': 0.24816428628969947}. Best is trial 77 with value: 0.06849770594608513.
[I 2026-08-17 10:13:08,760] Trial 94 finished with value: 0.08049194868485024 and parameters: {'rho_e': 0.0011444406274560965, 'rho_d': 0.000721586105829393, 'nu': 14, 'sigma': 0.06114790393564393}. Best is trial 77 with value: 0.06849770594608513.
[I 2026-08-17 10:13:47,405] Trial 95 finished with value: 0.07843365900075547 and parameters: {'rho_e': 0.3792824094846887, 'rho_d': 0.0570033980864129, 'nu': 8, 'sigma': 0.8283112299515442}. Best is trial 77 with value: 0.06849770594608513.
[I 2026-08-17 10:14:26,662] Trial 96 finished with value: 0.08567133262561014 and parameters: {'rho_e': 1.9897379970608284e-05, 'rho_d': 0.000130016363482025, 'nu': 28, 'sigma': 0.5825780928860248}. Best is trial 77 with value: 0.06849770594608513.
[I 2026-08-17 10:15:04,708] Trial 97 finished with value: 0.08418187575353142 and parameters: {'rho_e': 0.8390481620733344, 'rho_d': 0.09244901937295714, 'nu': 29, 'sigma': 0.5060934257174607}. Best is trial 77 with value: 0.06849770594608513.
[I 2026-08-17 10:15:42,446] Trial 98 finished with value: 0.09652638064563496 and parameters: {'rho_e': 4.631918267545036, 'rho_d': 0.0009628776616921115, 'nu': 19, 'sigma': 0.2900502502494807}. Best is trial 77 with value: 0.06849770594608513.
[I 2026-08-17 10:16:22,036] Trial 99 finished with value: 0.0786752354421083 and parameters: {'rho_e': 0.04871965141021672, 'rho_d': 3.330825453140193e-05, 'nu': 7, 'sigma': 0.7954371049397843}. Best is trial 77 with value: 0.06849770594608513.
[I 2026-08-17 10:17:04,669] Trial 100 finished with value: 0.0757043834795341 and parameters: {'rho_e': 11.517005727868945, 'rho_d': 883.2366909901563, 'nu': 36, 'sigma': 0.5380420542247542}. Best is trial 77 with value: 0.06849770594608513.
[I 2026-08-17 10:17:42,746] Trial 101 finished with value: 0.06650265869044755 and parameters: {'rho_e': 0.2613258434092328, 'rho_d': 0.00038394693479857955, 'nu': 3, 'sigma': 0.5781851619212637}. Best is trial 101 with value: 0.06650265869044755.
[I 2026-08-17 10:18:21,893] Trial 102 finished with value: 0.06892349369754563 and parameters: {'rho_e': 0.19529171899876058, 'rho_d': 0.0003321552049851817, 'nu': 15, 'sigma': 0.5763997170504561}. Best is trial 101 with value: 0.06650265869044755.
[I 2026-08-17 10:19:01,830] Trial 103 finished with value: 0.0643312903783725 and parameters: {'rho_e': 0.18118926896124748, 'rho_d': 0.00030628911326440546, 'nu': 2, 'sigma': 0.43826330922545814}. Best is trial 103 with value: 0.0643312903783725.
[I 2026-08-17 10:19:39,695] Trial 104 finished with value: 0.06427538399944784 and parameters: {'rho_e': 0.11221597357706543, 'rho_d': 0.0001965000242464506, 'nu': 2, 'sigma': 0.3132414447928799}. Best is trial 104 with value: 0.06427538399944784.
[I 2026-08-17 10:20:18,432] Trial 105 finished with value: 0.06363834681788605 and parameters: {'rho_e': 0.13988635091934273, 'rho_d': 0.000500109278776341, 'nu': 2, 'sigma': 0.3189695730966371}. Best is trial 105 with value: 0.06363834681788605.
[I 2026-08-17 10:20:58,719] Trial 106 finished with value: 0.06322080033109115 and parameters: {'rho_e': 0.10026601146750345, 'rho_d': 0.0006068677667317808, 'nu': 2, 'sigma': 0.1321086895259795}. Best is trial 106 with value: 0.06322080033109115.
[I 2026-08-17 10:21:37,107] Trial 107 finished with value: 0.06694159522724434 and parameters: {'rho_e': 0.06313234653483957, 'rho_d': 0.00025467580042288254, 'nu': 2, 'sigma': 0.0}. Best is trial 106 with value: 0.06322080033109115.
[I 2026-08-17 10:22:15,088] Trial 108 finished with value: 0.06295548862691015 and parameters: {'rho_e': 0.1216535746355428, 'rho_d': 0.0009903302183584355, 'nu': 2, 'sigma': 0.1744930913859499}. Best is trial 108 with value: 0.06295548862691015.
[I 2026-08-17 10:22:55,662] Trial 109 finished with value: 0.06387652651414812 and parameters: {'rho_e': 0.09420166839486127, 'rho_d': 0.0009997824732504502, 'nu': 2, 'sigma': 0.18873326065164767}. Best is trial 108 with value: 0.06295548862691015.
[I 2026-08-17 10:23:34,584] Trial 110 finished with value: 0.06379410419508885 and parameters: {'rho_e': 0.14738600177787944, 'rho_d': 0.0006104793121287856, 'nu': 2, 'sigma': 0.15963141412636572}. Best is trial 108 with value: 0.06295548862691015.
[I 2026-08-17 10:24:12,168] Trial 111 finished with value: 0.0674212521203443 and parameters: {'rho_e': 0.11978998346218188, 'rho_d': 0.0025606031361790514, 'nu': 2, 'sigma': 0.0}. Best is trial 108 with value: 0.06295548862691015.
[I 2026-08-17 10:24:53,022] Trial 112 finished with value: 0.06465321658414695 and parameters: {'rho_e': 0.10078686618084201, 'rho_d': 0.0006589180134660373, 'nu': 12, 'sigma': 0.17283465117932764}. Best is trial 108 with value: 0.06295548862691015.
[I 2026-08-17 10:25:31,816] Trial 113 finished with value: 0.06308191303675177 and parameters: {'rho_e': 0.12091273628186933, 'rho_d': 0.0005213832788177269, 'nu': 2, 'sigma': 0.21620194335706566}. Best is trial 108 with value: 0.06295548862691015.
[I 2026-08-17 10:26:09,777] Trial 114 finished with value: 0.07361581959595277 and parameters: {'rho_e': 0.5474328851975547, 'rho_d': 1e-05, 'nu': 2, 'sigma': 0.9999999999999999}. Best is trial 108 with value: 0.06295548862691015.
[I 2026-08-17 10:26:50,908] Trial 115 finished with value: 0.06309820854219453 and parameters: {'rho_e': 0.12048208377972001, 'rho_d': 0.000537409398986638, 'nu': 2, 'sigma': 0.2137288226537108}. Best is trial 108 with value: 0.06295548862691015.
[I 2026-08-17 10:27:29,130] Trial 116 finished with value: 0.07961247438103132 and parameters: {'rho_e': 1e-05, 'rho_d': 1e-05, 'nu': 36, 'sigma': 0.0}. Best is trial 108 with value: 0.06295548862691015.
[I 2026-08-17 10:28:03,805] Trial 117 finished with value: 0.06282415794856441 and parameters: {'rho_e': 0.15558457692357025, 'rho_d': 0.0011282198066336726, 'nu': 2, 'sigma': 0.25556113274784087}. Best is trial 117 with value: 0.06282415794856441.
[I 2026-08-17 10:28:40,616] Trial 118 finished with value: 0.0628432179699923 and parameters: {'rho_e': 0.1779276458050071, 'rho_d': 0.0015926394087378748, 'nu': 2, 'sigma': 0.28217403205844993}. Best is trial 117 with value: 0.06282415794856441.
[I 2026-08-17 10:29:16,673] Trial 119 finished with value: 0.06272793686458343 and parameters: {'rho_e': 0.1573141176661412, 'rho_d': 0.001246332715055462, 'nu': 2, 'sigma': 0.2555424891165008}. Best is trial 119 with value: 0.06272793686458343.
[I 2026-08-17 10:29:51,340] Trial 120 finished with value: 0.06419614453585669 and parameters: {'rho_e': 0.09402963170255202, 'rho_d': 1e-05, 'nu': 2, 'sigma': 0.23403797137445248}. Best is trial 119 with value: 0.06272793686458343.
[I 2026-08-17 10:30:27,448] Trial 121 finished with value: 0.06727559526542892 and parameters: {'rho_e': 0.05903348851583083, 'rho_d': 1e-05, 'nu': 27, 'sigma': 0.16567247699618923}. Best is trial 119 with value: 0.06272793686458343.
[I 2026-08-17 10:31:04,274] Trial 122 finished with value: 0.06954789230886904 and parameters: {'rho_e': 0.04019555050279064, 'rho_d': 1e-05, 'nu': 2, 'sigma': 0.10641978999236985}. Best is trial 119 with value: 0.06272793686458343.
[I 2026-08-17 10:31:38,995] Trial 123 finished with value: 0.06515576880962616 and parameters: {'rho_e': 0.14933527358288912, 'rho_d': 1e-05, 'nu': 2, 'sigma': 0.40304578908071753}. Best is trial 119 with value: 0.06272793686458343.
[I 2026-08-17 10:32:14,555] Trial 124 finished with value: 0.07824844098454456 and parameters: {'rho_e': 2.8925538389355077, 'rho_d': 1000.0, 'nu': 36, 'sigma': 0.0}. Best is trial 119 with value: 0.06272793686458343.
[I 2026-08-17 10:32:50,654] Trial 125 finished with value: 0.06257185097744898 and parameters: {'rho_e': 0.1612151146243134, 'rho_d': 0.002850278807376108, 'nu': 2, 'sigma': 0.2661589355821341}. Best is trial 125 with value: 0.06257185097744898.
[I 2026-08-17 10:33:25,588] Trial 126 finished with value: 0.06397748903392311 and parameters: {'rho_e': 0.19508990449692282, 'rho_d': 0.003748484801251579, 'nu': 2, 'sigma': 0.32037659007867847}. Best is trial 125 with value: 0.06257185097744898.
[I 2026-08-17 10:34:00,908] Trial 127 finished with value: 0.06284544563572411 and parameters: {'rho_e': 0.14078249430296827, 'rho_d': 3.744326242297961e-05, 'nu': 2, 'sigma': 0.20980439353376917}. Best is trial 125 with value: 0.06257185097744898.
[I 2026-08-17 10:34:37,538] Trial 128 finished with value: 0.06402549339304958 and parameters: {'rho_e': 0.1485965810182892, 'rho_d': 1e-05, 'nu': 2, 'sigma': 0.13718769848455029}. Best is trial 125 with value: 0.06257185097744898.
[I 2026-08-17 10:35:12,962] Trial 129 finished with value: 0.06268965411189595 and parameters: {'rho_e': 0.13941484624395362, 'rho_d': 0.0022709272542718907, 'nu': 2, 'sigma': 0.23559073782760687}. Best is trial 125 with value: 0.06257185097744898.
[I 2026-08-17 10:35:49,305] Trial 130 finished with value: 0.08964376515359572 and parameters: {'rho_e': 1000.0, 'rho_d': 999.999999999998, 'nu': 2, 'sigma': 1.0}. Best is trial 125 with value: 0.06257185097744898.
[I 2026-08-17 10:36:27,685] Trial 131 finished with value: 0.06474814667448493 and parameters: {'rho_e': 0.11853358352302552, 'rho_d': 2.8769594360639944e-05, 'nu': 9, 'sigma': 0.19027338937665778}. Best is trial 125 with value: 0.06257185097744898.
[I 2026-08-17 10:37:03,402] Trial 132 finished with value: 0.0627571318562376 and parameters: {'rho_e': 0.1784006572773688, 'rho_d': 3.649142196009806e-05, 'nu': 2, 'sigma': 0.2800685111291813}. Best is trial 125 with value: 0.06257185097744898.
[I 2026-08-17 10:37:39,756] Trial 133 finished with value: 0.06287927615532145 and parameters: {'rho_e': 0.14238718584412188, 'rho_d': 0.002140633119070865, 'nu': 2, 'sigma': 0.2352204454841793}. Best is trial 125 with value: 0.06257185097744898.
[I 2026-08-17 10:38:20,161] Trial 134 finished with value: 0.06579307272348633 and parameters: {'rho_e': 0.08502245427587266, 'rho_d': 0.007574933850117927, 'nu': 36, 'sigma': 0.19909917794266316}. Best is trial 125 with value: 0.06257185097744898.
[I 2026-08-17 10:38:58,368] Trial 135 finished with value: 0.06745856835569863 and parameters: {'rho_e': 0.052066422619828856, 'rho_d': 0.0006634662557619506, 'nu': 36, 'sigma': 0.0}. Best is trial 125 with value: 0.06257185097744898.
[I 2026-08-17 10:39:35,461] Trial 136 finished with value: 0.06589644821505426 and parameters: {'rho_e': 0.07377463158660891, 'rho_d': 0.00038954070393522805, 'nu': 36, 'sigma': 0.2697324172704858}. Best is trial 125 with value: 0.06257185097744898.
[I 2026-08-17 10:40:16,284] Trial 137 finished with value: 0.06254355348771934 and parameters: {'rho_e': 0.17286252744846278, 'rho_d': 8.015995736149577e-05, 'nu': 2, 'sigma': 0.266957727311284}. Best is trial 137 with value: 0.06254355348771934.
[I 2026-08-17 10:40:54,277] Trial 138 finished with value: 0.06255703297195789 and parameters: {'rho_e': 0.17026093840871032, 'rho_d': 7.558199004451266e-05, 'nu': 2, 'sigma': 0.2649831305539189}. Best is trial 137 with value: 0.06254355348771934.
[I 2026-08-17 10:41:31,842] Trial 139 finished with value: 0.06245981943578219 and parameters: {'rho_e': 0.16379229595316566, 'rho_d': 6.45366887558673e-05, 'nu': 2, 'sigma': 0.26360257137143384}. Best is trial 139 with value: 0.06245981943578219.
[I 2026-08-17 10:42:11,478] Trial 140 finished with value: 0.06377161541405274 and parameters: {'rho_e': 0.19957245528529166, 'rho_d': 8.770555546815525e-05, 'nu': 2, 'sigma': 0.311311074167659}. Best is trial 139 with value: 0.06245981943578219.
[I 2026-08-17 10:42:50,449] Trial 141 finished with value: 0.06292882633094438 and parameters: {'rho_e': 0.14351110450911447, 'rho_d': 6.973378017084253e-05, 'nu': 2, 'sigma': 0.21434700169909557}. Best is trial 139 with value: 0.06245981943578219.
[I 2026-08-17 10:43:27,956] Trial 142 finished with value: 0.06271477952243684 and parameters: {'rho_e': 0.15752169458766271, 'rho_d': 2.6037901802467623e-05, 'nu': 2, 'sigma': 0.2526527864376302}. Best is trial 139 with value: 0.06245981943578219.
[I 2026-08-17 10:44:07,842] Trial 143 finished with value: 0.06281857590037092 and parameters: {'rho_e': 0.14530505299151372, 'rho_d': 4.001867956593647e-05, 'nu': 2, 'sigma': 0.2594837683649306}. Best is trial 139 with value: 0.06245981943578219.
[I 2026-08-17 10:44:44,068] Trial 144 finished with value: 0.06522757650333956 and parameters: {'rho_e': 0.09907360545124735, 'rho_d': 1e-05, 'nu': 36, 'sigma': 0.4383397615775998}. Best is trial 139 with value: 0.06245981943578219.
[I 2026-08-17 10:45:18,379] Trial 145 finished with value: 0.08149925908153685 and parameters: {'rho_e': 40.595047429986046, 'rho_d': 1e-05, 'nu': 2, 'sigma': 1.0}. Best is trial 139 with value: 0.06245981943578219.
[I 2026-08-17 10:45:53,692] Trial 146 finished with value: 0.07855618610384375 and parameters: {'rho_e': 2.6845361313371026, 'rho_d': 1000.0, 'nu': 2, 'sigma': 0.0}. Best is trial 139 with value: 0.06245981943578219.
[I 2026-08-17 10:46:30,613] Trial 147 finished with value: 0.07961082398124114 and parameters: {'rho_e': 0.0003060216374983883, 'rho_d': 1e-05, 'nu': 36, 'sigma': 0.0}. Best is trial 139 with value: 0.06245981943578219.
[I 2026-08-17 10:47:06,501] Trial 148 finished with value: 0.06572553666614901 and parameters: {'rho_e': 0.13359041032047653, 'rho_d': 1e-05, 'nu': 36, 'sigma': 0.24381207775874736}. Best is trial 139 with value: 0.06245981943578219.
[I 2026-08-17 10:47:41,802] Trial 149 finished with value: 0.07941580125266766 and parameters: {'rho_e': 1.3908928568367018, 'rho_d': 0.0005575525601907677, 'nu': 2, 'sigma': 1.0}. Best is trial 139 with value: 0.06245981943578219.
[I 2026-08-17 10:48:19,235] Trial 150 finished with value: 0.06649972976065846 and parameters: {'rho_e': 0.20759072154116232, 'rho_d': 1e-05, 'nu': 36, 'sigma': 0.8674469231064654}. Best is trial 139 with value: 0.06245981943578219.
[I 2026-08-17 10:48:54,323] Trial 151 finished with value: 0.0629587273438588 and parameters: {'rho_e': 0.1695336610017383, 'rho_d': 4.304129510426807e-05, 'nu': 2, 'sigma': 0.22098022812076368}. Best is trial 139 with value: 0.06245981943578219.
[I 2026-08-17 10:49:30,045] Trial 152 finished with value: 0.09130545053591865 and parameters: {'rho_e': 1000.0, 'rho_d': 1e-05, 'nu': 36, 'sigma': 1.0}. Best is trial 139 with value: 0.06245981943578219.
[I 2026-08-17 10:50:08,410] Trial 153 finished with value: 0.06650144592549492 and parameters: {'rho_e': 0.140185722017687, 'rho_d': 0.0013914417764922821, 'nu': 36, 'sigma': 0.15167942891026492}. Best is trial 139 with value: 0.06245981943578219.
[I 2026-08-17 10:50:44,740] Trial 154 finished with value: 0.08488774934393803 and parameters: {'rho_e': 1e-05, 'rho_d': 0.1470646177443091, 'nu': 36, 'sigma': 0.0}. Best is trial 139 with value: 0.06245981943578219.
[I 2026-08-17 10:51:21,395] Trial 155 finished with value: 0.06496699285037809 and parameters: {'rho_e': 0.13000148345501766, 'rho_d': 0.004678486727006158, 'nu': 12, 'sigma': 0.23043253963599206}. Best is trial 139 with value: 0.06245981943578219.
[I 2026-08-17 10:52:01,285] Trial 156 finished with value: 0.0626626089804072 and parameters: {'rho_e': 0.1430407476964875, 'rho_d': 9.842598930415712e-05, 'nu': 2, 'sigma': 0.21833667346431235}. Best is trial 139 with value: 0.06245981943578219.
[I 2026-08-17 10:52:39,481] Trial 157 finished with value: 0.06280078283696326 and parameters: {'rho_e': 0.14232004913425003, 'rho_d': 5.0408124332966925e-05, 'nu': 2, 'sigma': 0.2568532214108229}. Best is trial 139 with value: 0.06245981943578219.
[I 2026-08-17 10:53:16,603] Trial 158 finished with value: 0.07457491836420205 and parameters: {'rho_e': 0.01738442301464813, 'rho_d': 1e-05, 'nu': 36, 'sigma': 0.0}. Best is trial 139 with value: 0.06245981943578219.
[I 2026-08-17 10:53:57,548] Trial 159 finished with value: 0.06748651089033571 and parameters: {'rho_e': 0.10262485880946082, 'rho_d': 0.025743751364584278, 'nu': 36, 'sigma': 0.0}. Best is trial 139 with value: 0.06245981943578219.
[I 2026-08-17 10:54:36,523] Trial 160 finished with value: 0.07144127407238676 and parameters: {'rho_e': 0.4919638272739944, 'rho_d': 1e-05, 'nu': 36, 'sigma': 1.0}. Best is trial 139 with value: 0.06245981943578219.
[I 2026-08-17 10:55:14,712] Trial 161 finished with value: 0.06291175303548666 and parameters: {'rho_e': 0.16826004859346028, 'rho_d': 0.0022326157058346653, 'nu': 2, 'sigma': 0.21715112530606612}. Best is trial 139 with value: 0.06245981943578219.
[I 2026-08-17 10:55:55,025] Trial 162 finished with value: 0.0628747528407822 and parameters: {'rho_e': 0.17553757666591444, 'rho_d': 1e-05, 'nu': 2, 'sigma': 0.25372082287831926}. Best is trial 139 with value: 0.06245981943578219.
[I 2026-08-17 10:56:34,547] Trial 163 finished with value: 0.06870297090615313 and parameters: {'rho_e': 0.14885842067658092, 'rho_d': 0.0003356023782554245, 'nu': 36, 'sigma': 1.0}. Best is trial 139 with value: 0.06245981943578219.
[I 2026-08-17 10:57:12,558] Trial 164 finished with value: 0.06298811732563989 and parameters: {'rho_e': 0.15085182580667775, 'rho_d': 0.00013131506139651554, 'nu': 2, 'sigma': 0.22993621034884681}. Best is trial 139 with value: 0.06245981943578219.
[I 2026-08-17 10:57:52,286] Trial 165 finished with value: 0.06678384141494915 and parameters: {'rho_e': 0.1299352556457781, 'rho_d': 5.7768735330851385e-05, 'nu': 36, 'sigma': 0.7035263744817147}. Best is trial 139 with value: 0.06245981943578219.
[I 2026-08-17 10:58:31,002] Trial 166 finished with value: 0.07961247438103132 and parameters: {'rho_e': 1e-05, 'rho_d': 1e-05, 'nu': 2, 'sigma': 0.0}. Best is trial 139 with value: 0.06245981943578219.
[I 2026-08-17 10:59:08,247] Trial 167 finished with value: 0.06693593033960565 and parameters: {'rho_e': 0.10922902373273642, 'rho_d': 0.004217062521438541, 'nu': 36, 'sigma': 0.6637572200600923}. Best is trial 139 with value: 0.06245981943578219.
[I 2026-08-17 10:59:46,386] Trial 168 finished with value: 0.0818345258235158 and parameters: {'rho_e': 1000.0, 'rho_d': 1000.0, 'nu': 36, 'sigma': 0.7672979588609409}. Best is trial 139 with value: 0.06245981943578219.
[I 2026-08-17 11:00:26,864] Trial 169 finished with value: 0.09648651089663093 and parameters: {'rho_e': 1e-05, 'rho_d': 1000.0, 'nu': 36, 'sigma': 0.0}. Best is trial 139 with value: 0.06245981943578219.
[I 2026-08-17 11:01:04,742] Trial 170 finished with value: 0.06478716906488759 and parameters: {'rho_e': 0.13636651812703343, 'rho_d': 0.002214627980387756, 'nu': 36, 'sigma': 0.4202628626586218}. Best is trial 139 with value: 0.06245981943578219.
[I 2026-08-17 11:01:42,999] Trial 171 finished with value: 0.0627792027731373 and parameters: {'rho_e': 0.14052184822218283, 'rho_d': 0.0018256603788697281, 'nu': 2, 'sigma': 0.2631788564234461}. Best is trial 139 with value: 0.06245981943578219.
[I 2026-08-17 11:02:24,055] Trial 172 finished with value: 0.06759543707671341 and parameters: {'rho_e': 0.120522333547344, 'rho_d': 0.03365557344901054, 'nu': 36, 'sigma': 0.38778973387533866}. Best is trial 139 with value: 0.06245981943578219.
[I 2026-08-17 11:03:02,917] Trial 173 finished with value: 0.07648154633250179 and parameters: {'rho_e': 18.97171228485157, 'rho_d': 1000.0, 'nu': 36, 'sigma': 1.0}. Best is trial 139 with value: 0.06245981943578219.
[I 2026-08-17 11:03:40,744] Trial 174 finished with value: 0.06925041103141796 and parameters: {'rho_e': 0.1694898448122652, 'rho_d': 0.014742602295210457, 'nu': 36, 'sigma': 1.0}. Best is trial 139 with value: 0.06245981943578219.
[I 2026-08-17 11:04:20,981] Trial 175 finished with value: 0.06701367647387715 and parameters: {'rho_e': 0.10236304337707366, 'rho_d': 1e-05, 'nu': 36, 'sigma': 0.0}. Best is trial 139 with value: 0.06245981943578219.
[I 2026-08-17 11:04:59,863] Trial 176 finished with value: 0.08165390164779851 and parameters: {'rho_e': 1000.0, 'rho_d': 0.02228491177570004, 'nu': 2, 'sigma': 1.0}. Best is trial 139 with value: 0.06245981943578219.
[I 2026-08-17 11:05:37,559] Trial 177 finished with value: 0.07429027371532669 and parameters: {'rho_e': 58.123256263103656, 'rho_d': 1000.0, 'nu': 36, 'sigma': 0.6516745882304652}. Best is trial 139 with value: 0.06245981943578219.
[I 2026-08-17 11:06:17,391] Trial 178 finished with value: 0.06290223861736571 and parameters: {'rho_e': 0.13303379294560533, 'rho_d': 0.004100433912778469, 'nu': 2, 'sigma': 0.22142104286274045}. Best is trial 139 with value: 0.06245981943578219.
[I 2026-08-17 11:06:56,577] Trial 179 finished with value: 0.06383760439746768 and parameters: {'rho_e': 0.20939755775606303, 'rho_d': 1e-05, 'nu': 2, 'sigma': 0.2656144626929694}. Best is trial 139 with value: 0.06245981943578219.
