/home/gterren/dynamic_update/functional_forecast_dynamic_update/scripts/validate_zone_ffc_mpi.py:673: ExperimentalWarning: GPSampler is experimental (supported from v3.6.0). The interface can change in the future.
  sampler=GPSampler(seed=SEED, n_startup_trials=0)
[I 2026-08-16 22:29:44,908] A new study created in memory with name: no-name-1dc61dae-9974-4ecd-af57-bb46e9a814bd
[I 2026-08-16 22:30:18,334] Trial 0 finished with value: 0.10712995570379191 and parameters: {'rho_e': 320.48049270601035, 'rho_d': 7.333720044069125e-05, 'nu': 34, 'sigma': 0.34161895725503777}. Best is trial 0 with value: 0.10712995570379191.
[I 2026-08-16 22:30:51,303] Trial 1 finished with value: 0.09188873466599828 and parameters: {'rho_e': 714.2318580621164, 'rho_d': 7.880301998103747, 'nu': 14, 'sigma': 0.5640663113520826}. Best is trial 1 with value: 0.09188873466599828.
[I 2026-08-16 22:31:24,492] Trial 2 finished with value: 0.09946665069477836 and parameters: {'rho_e': 90.68365035523885, 'rho_d': 97.28200063020995, 'nu': 15, 'sigma': 0.6170686539921842}. Best is trial 1 with value: 0.09188873466599828.
[I 2026-08-16 22:31:57,334] Trial 3 finished with value: 0.11880064079932146 and parameters: {'rho_e': 34.09764974093975, 'rho_d': 1.8123134792657378, 'nu': 12, 'sigma': 0.03955694153629689}. Best is trial 1 with value: 0.09188873466599828.
[I 2026-08-16 22:32:30,301] Trial 4 finished with value: 0.08046296698594374 and parameters: {'rho_e': 0.03475995405019492, 'rho_d': 0.11138976964905928, 'nu': 7, 'sigma': 0.546009361076742}. Best is trial 4 with value: 0.08046296698594374.
[I 2026-08-16 22:33:03,405] Trial 5 finished with value: 0.08146527023247724 and parameters: {'rho_e': 3.807181325856371e-05, 'rho_d': 0.000138354297677471, 'nu': 9, 'sigma': 0.32339670371682033}. Best is trial 4 with value: 0.08046296698594374.
[I 2026-08-16 22:33:36,288] Trial 6 finished with value: 0.09491251518052136 and parameters: {'rho_e': 5.553831725156411e-05, 'rho_d': 0.0005916483668115688, 'nu': 3, 'sigma': 0.8983600164394779}. Best is trial 4 with value: 0.08046296698594374.
[I 2026-08-16 22:34:09,226] Trial 7 finished with value: 0.0948634358375254 and parameters: {'rho_e': 0.0002147046480063219, 'rho_d': 17.176405562094168, 'nu': 32, 'sigma': 0.16345900097034335}. Best is trial 4 with value: 0.08046296698594374.
[I 2026-08-16 22:34:42,041] Trial 8 finished with value: 0.08903765343085046 and parameters: {'rho_e': 0.00039295529172662095, 'rho_d': 0.008983614558532275, 'nu': 19, 'sigma': 0.672973803669145}. Best is trial 4 with value: 0.08046296698594374.
[I 2026-08-16 22:35:15,229] Trial 9 finished with value: 0.08344269664657877 and parameters: {'rho_e': 0.3297833201098901, 'rho_d': 9.211714948268902, 'nu': 29, 'sigma': 0.18513435223250624}. Best is trial 4 with value: 0.08046296698594374.
[I 2026-08-16 22:35:48,089] Trial 10 finished with value: 0.08964562282847174 and parameters: {'rho_e': 0.00032743449687552774, 'rho_d': 0.06982459335646382, 'nu': 9, 'sigma': 0.5792478451202063}. Best is trial 4 with value: 0.08046296698594374.
[I 2026-08-16 22:36:21,126] Trial 11 finished with value: 0.08301345904628013 and parameters: {'rho_e': 8.16547317679453e-05, 'rho_d': 2.4989297252983232e-05, 'nu': 10, 'sigma': 0.41061226315015686}. Best is trial 4 with value: 0.08046296698594374.
[I 2026-08-16 22:36:54,116] Trial 12 finished with value: 0.10789523352405013 and parameters: {'rho_e': 120.0954437207198, 'rho_d': 242.85242029746937, 'nu': 32, 'sigma': 0.9360668636803037}. Best is trial 4 with value: 0.08046296698594374.
[I 2026-08-16 22:37:27,243] Trial 13 finished with value: 0.10703088569686071 and parameters: {'rho_e': 148.14344553176596, 'rho_d': 0.5265790180554144, 'nu': 26, 'sigma': 0.2609687718092598}. Best is trial 4 with value: 0.08046296698594374.
[I 2026-08-16 22:38:00,127] Trial 14 finished with value: 0.09959937982847746 and parameters: {'rho_e': 0.0012364362503263237, 'rho_d': 0.15322002229043483, 'nu': 13, 'sigma': 0.9515959537053901}. Best is trial 4 with value: 0.08046296698594374.
[I 2026-08-16 22:38:33,104] Trial 15 finished with value: 0.09396400226429079 and parameters: {'rho_e': 0.007445793612460039, 'rho_d': 137.09981367260704, 'nu': 23, 'sigma': 0.3660501592040706}. Best is trial 4 with value: 0.08046296698594374.
[I 2026-08-16 22:39:05,937] Trial 16 finished with value: 0.09773830713398035 and parameters: {'rho_e': 0.002331219976154238, 'rho_d': 392.7935435250583, 'nu': 35, 'sigma': 0.8741179454716912}. Best is trial 4 with value: 0.08046296698594374.
[I 2026-08-16 22:39:38,980] Trial 17 finished with value: 0.0926731243970853 and parameters: {'rho_e': 58.790303564087075, 'rho_d': 0.05935824250108043, 'nu': 31, 'sigma': 0.9216627658858851}. Best is trial 4 with value: 0.08046296698594374.
[I 2026-08-16 22:40:12,093] Trial 18 finished with value: 0.09343276858494495 and parameters: {'rho_e': 0.014580639344596942, 'rho_d': 174.2155211031002, 'nu': 36, 'sigma': 0.4028597931525407}. Best is trial 4 with value: 0.08046296698594374.
[I 2026-08-16 22:40:45,070] Trial 19 finished with value: 0.08892962822584614 and parameters: {'rho_e': 1.551834292783962e-05, 'rho_d': 7.758979887421448e-05, 'nu': 21, 'sigma': 0.8626656052613566}. Best is trial 4 with value: 0.08046296698594374.
[I 2026-08-16 22:41:18,089] Trial 20 finished with value: 0.0918075195231526 and parameters: {'rho_e': 0.009046633091153963, 'rho_d': 0.009973086216759817, 'nu': 19, 'sigma': 0.9666069253628409}. Best is trial 4 with value: 0.08046296698594374.
[I 2026-08-16 22:41:50,994] Trial 21 finished with value: 0.09467459516954779 and parameters: {'rho_e': 269.68912307558213, 'rho_d': 0.0013085337566522048, 'nu': 23, 'sigma': 0.6049507531969688}. Best is trial 4 with value: 0.08046296698594374.
[I 2026-08-16 22:42:23,840] Trial 22 finished with value: 0.08520549342513513 and parameters: {'rho_e': 504.8700620745148, 'rho_d': 0.00019757983555148038, 'nu': 5, 'sigma': 0.8532382499765339}. Best is trial 4 with value: 0.08046296698594374.
[I 2026-08-16 22:42:56,787] Trial 23 finished with value: 0.08558750522084191 and parameters: {'rho_e': 1.7746640904286266, 'rho_d': 1.549040305360904e-05, 'nu': 7, 'sigma': 0.6204933603595459}. Best is trial 4 with value: 0.08046296698594374.
[I 2026-08-16 22:43:29,724] Trial 24 finished with value: 0.11198489295560472 and parameters: {'rho_e': 11.673891313075186, 'rho_d': 0.03707447477903782, 'nu': 35, 'sigma': 0.1359820180272283}. Best is trial 4 with value: 0.08046296698594374.
[I 2026-08-16 22:44:02,530] Trial 25 finished with value: 0.11035852962201442 and parameters: {'rho_e': 2.2156827969853805, 'rho_d': 3.692191347356584e-05, 'nu': 22, 'sigma': 0.07674293879615599}. Best is trial 4 with value: 0.08046296698594374.
[I 2026-08-16 22:44:35,523] Trial 26 finished with value: 0.07745520084942059 and parameters: {'rho_e': 0.004544380665804007, 'rho_d': 0.00023035939536654332, 'nu': 32, 'sigma': 0.25784346919035067}. Best is trial 26 with value: 0.07745520084942059.
[I 2026-08-16 22:45:08,370] Trial 27 finished with value: 0.08627340521582777 and parameters: {'rho_e': 1.3826927126900712, 'rho_d': 64.78251153341243, 'nu': 8, 'sigma': 0.3167722166619299}. Best is trial 26 with value: 0.07745520084942059.
[I 2026-08-16 22:45:41,391] Trial 28 finished with value: 0.11799315568025226 and parameters: {'rho_e': 847.5752595376426, 'rho_d': 635.234736886619, 'nu': 34, 'sigma': 0.1439418689780986}. Best is trial 26 with value: 0.07745520084942059.
[I 2026-08-16 22:46:14,298] Trial 29 finished with value: 0.10149169062630545 and parameters: {'rho_e': 92.45494909910872, 'rho_d': 0.011334226708406118, 'nu': 26, 'sigma': 0.42583995993007934}. Best is trial 26 with value: 0.07745520084942059.
[I 2026-08-16 22:46:47,278] Trial 30 finished with value: 0.08962565970827151 and parameters: {'rho_e': 1.0131460240934304e-05, 'rho_d': 0.2653121086531181, 'nu': 6, 'sigma': 0.44201403494614916}. Best is trial 26 with value: 0.07745520084942059.
[I 2026-08-16 22:47:20,333] Trial 31 finished with value: 0.09166602849717057 and parameters: {'rho_e': 45.45766213389336, 'rho_d': 0.0025868602779063267, 'nu': 4, 'sigma': 0.38317322712608465}. Best is trial 26 with value: 0.07745520084942059.
[I 2026-08-16 22:47:53,267] Trial 32 finished with value: 0.10702684849307018 and parameters: {'rho_e': 12.753570002551308, 'rho_d': 0.4633466535985563, 'nu': 30, 'sigma': 0.33427812215348657}. Best is trial 26 with value: 0.07745520084942059.
[I 2026-08-16 22:48:26,160] Trial 33 finished with value: 0.09938687880674432 and parameters: {'rho_e': 4.965498044708172, 'rho_d': 0.423970550119016, 'nu': 30, 'sigma': 0.7788321911718593}. Best is trial 26 with value: 0.07745520084942059.
[I 2026-08-16 22:48:59,168] Trial 34 finished with value: 0.09171366028865732 and parameters: {'rho_e': 180.94562030525123, 'rho_d': 0.015332133818559709, 'nu': 21, 'sigma': 0.6868735114272253}. Best is trial 26 with value: 0.07745520084942059.
[I 2026-08-16 22:49:32,150] Trial 35 finished with value: 0.08697862935396385 and parameters: {'rho_e': 0.6085430963528888, 'rho_d': 2.0420730916203814e-05, 'nu': 17, 'sigma': 0.49669181962302233}. Best is trial 26 with value: 0.07745520084942059.
[I 2026-08-16 22:50:05,197] Trial 36 finished with value: 0.07833800653080278 and parameters: {'rho_e': 0.00928603156398131, 'rho_d': 4.888364469054896e-05, 'nu': 32, 'sigma': 0.6699979877065975}. Best is trial 26 with value: 0.07745520084942059.
[I 2026-08-16 22:50:38,292] Trial 37 finished with value: 0.11600376723141673 and parameters: {'rho_e': 6.869204441610755, 'rho_d': 0.9291412989812996, 'nu': 22, 'sigma': 0.12361705429933466}. Best is trial 26 with value: 0.07745520084942059.
[I 2026-08-16 22:51:11,071] Trial 38 finished with value: 0.09006354638774838 and parameters: {'rho_e': 224.63043333270562, 'rho_d': 0.0004148606041900776, 'nu': 15, 'sigma': 0.7352474706157236}. Best is trial 26 with value: 0.07745520084942059.
[I 2026-08-16 22:51:43,825] Trial 39 finished with value: 0.09146297636828123 and parameters: {'rho_e': 1.267081003095647e-05, 'rho_d': 0.04273530719106839, 'nu': 14, 'sigma': 0.7688281578751173}. Best is trial 26 with value: 0.07745520084942059.
[I 2026-08-16 22:52:16,684] Trial 40 finished with value: 0.08173940240998002 and parameters: {'rho_e': 0.012493083943583248, 'rho_d': 0.2028507300560964, 'nu': 23, 'sigma': 0.056227347433398675}. Best is trial 26 with value: 0.07745520084942059.
[I 2026-08-16 22:52:49,379] Trial 41 finished with value: 0.08110892322181097 and parameters: {'rho_e': 0.0007628531976274308, 'rho_d': 0.001670697392940989, 'nu': 29, 'sigma': 0.4584348767622854}. Best is trial 26 with value: 0.07745520084942059.
[I 2026-08-16 22:53:22,278] Trial 42 finished with value: 0.09375571111706366 and parameters: {'rho_e': 0.005806304421628637, 'rho_d': 1.4365977637269708e-05, 'nu': 2, 'sigma': 0.9106647475419452}. Best is trial 26 with value: 0.07745520084942059.
[I 2026-08-16 22:53:55,103] Trial 43 finished with value: 0.0806117343356853 and parameters: {'rho_e': 0.0008587368539217641, 'rho_d': 0.007288528117812194, 'nu': 11, 'sigma': 0.20396186869121644}. Best is trial 26 with value: 0.07745520084942059.
[I 2026-08-16 22:54:28,101] Trial 44 finished with value: 0.0777176186669975 and parameters: {'rho_e': 0.1792530484320524, 'rho_d': 3.479675194465007, 'nu': 3, 'sigma': 0.10525113802545309}. Best is trial 26 with value: 0.07745520084942059.
[I 2026-08-16 22:55:00,809] Trial 45 finished with value: 0.08915824878960277 and parameters: {'rho_e': 19.367126056962743, 'rho_d': 0.030252644562028107, 'nu': 4, 'sigma': 0.4336145360125894}. Best is trial 26 with value: 0.07745520084942059.
[I 2026-08-16 22:55:33,905] Trial 46 finished with value: 0.07818059212863579 and parameters: {'rho_e': 0.07819569654406465, 'rho_d': 1.9841520016538194, 'nu': 22, 'sigma': 0.04211050685633353}. Best is trial 26 with value: 0.07745520084942059.
[I 2026-08-16 22:56:06,903] Trial 47 finished with value: 0.10268970496135704 and parameters: {'rho_e': 669.3824717917842, 'rho_d': 0.00027660724373514654, 'nu': 16, 'sigma': 0.27678061563075596}. Best is trial 26 with value: 0.07745520084942059.
[I 2026-08-16 22:56:39,861] Trial 48 finished with value: 0.08610845449250891 and parameters: {'rho_e': 0.018501287512575466, 'rho_d': 0.22602256262332207, 'nu': 24, 'sigma': 0.8131818214754672}. Best is trial 26 with value: 0.07745520084942059.
[I 2026-08-16 22:57:13,307] Trial 49 finished with value: 0.09303189437111715 and parameters: {'rho_e': 0.1030501020203731, 'rho_d': 119.55056247732517, 'nu': 11, 'sigma': 0.944863474340989}. Best is trial 26 with value: 0.07745520084942059.
[I 2026-08-16 22:57:46,697] Trial 50 finished with value: 0.08804991275713978 and parameters: {'rho_e': 0.0026246544686353516, 'rho_d': 0.7935311340354209, 'nu': 35, 'sigma': 0.3919356624055371}. Best is trial 26 with value: 0.07745520084942059.
[I 2026-08-16 22:58:19,499] Trial 51 finished with value: 0.08924014159897736 and parameters: {'rho_e': 0.00017659937383951617, 'rho_d': 0.02674076982660716, 'nu': 13, 'sigma': 0.6384925895833462}. Best is trial 26 with value: 0.07745520084942059.
[I 2026-08-16 22:58:52,502] Trial 52 finished with value: 0.08814810330405012 and parameters: {'rho_e': 0.0438223544438519, 'rho_d': 13.27092330947627, 'nu': 12, 'sigma': 0.6482034219596354}. Best is trial 26 with value: 0.07745520084942059.
[I 2026-08-16 22:59:25,400] Trial 53 finished with value: 0.11685193490163134 and parameters: {'rho_e': 67.31177771756968, 'rho_d': 22.524024416890263, 'nu': 25, 'sigma': 0.11958239231100397}. Best is trial 26 with value: 0.07745520084942059.
[I 2026-08-16 22:59:58,278] Trial 54 finished with value: 0.08761799169059112 and parameters: {'rho_e': 0.06009686948832667, 'rho_d': 702.7766718230083, 'nu': 24, 'sigma': 0.17989747837144152}. Best is trial 26 with value: 0.07745520084942059.
[I 2026-08-16 23:00:31,477] Trial 55 finished with value: 0.09694461332295962 and parameters: {'rho_e': 0.00012101083302027408, 'rho_d': 85.12969823799796, 'nu': 26, 'sigma': 0.7516186948384436}. Best is trial 26 with value: 0.07745520084942059.
[I 2026-08-16 23:01:04,629] Trial 56 finished with value: 0.0963272066998207 and parameters: {'rho_e': 4.4449465705750724e-05, 'rho_d': 9.401784700431145e-05, 'nu': 4, 'sigma': 0.9942653496967248}. Best is trial 26 with value: 0.07745520084942059.
[I 2026-08-16 23:01:37,845] Trial 57 finished with value: 0.08915559538649204 and parameters: {'rho_e': 3.307257910022608, 'rho_d': 1.1511665095735834e-05, 'nu': 20, 'sigma': 0.6905301191059311}. Best is trial 26 with value: 0.07745520084942059.
[I 2026-08-16 23:02:10,734] Trial 58 finished with value: 0.10200965511470017 and parameters: {'rho_e': 0.0018704796883527702, 'rho_d': 524.5157096061105, 'nu': 19, 'sigma': 0.8898001613676954}. Best is trial 26 with value: 0.07745520084942059.
[I 2026-08-16 23:02:43,642] Trial 59 finished with value: 0.09642791412456092 and parameters: {'rho_e': 0.00023883766661560925, 'rho_d': 947.8058917732094, 'nu': 10, 'sigma': 0.3568854649530273}. Best is trial 26 with value: 0.07745520084942059.
[I 2026-08-16 23:03:16,687] Trial 60 finished with value: 0.08803358744534384 and parameters: {'rho_e': 30.153221315802828, 'rho_d': 0.006272183691824702, 'nu': 12, 'sigma': 0.8466806358880004}. Best is trial 26 with value: 0.07745520084942059.
[I 2026-08-16 23:03:49,608] Trial 61 finished with value: 0.07968942964854686 and parameters: {'rho_e': 0.226268097322272, 'rho_d': 283.5251734794936, 'nu': 17, 'sigma': 0.019964072188620115}. Best is trial 26 with value: 0.07745520084942059.
[I 2026-08-16 23:04:22,461] Trial 62 finished with value: 0.1204540683908942 and parameters: {'rho_e': 2.4798988920647473, 'rho_d': 17.450493767735836, 'nu': 13, 'sigma': 0.0039353243500312015}. Best is trial 26 with value: 0.07745520084942059.
[I 2026-08-16 23:04:55,356] Trial 63 finished with value: 0.07530190602858286 and parameters: {'rho_e': 0.025011677310605572, 'rho_d': 0.016946064387621387, 'nu': 5, 'sigma': 0.08841482055332675}. Best is trial 63 with value: 0.07530190602858286.
[I 2026-08-16 23:05:28,183] Trial 64 finished with value: 0.07444614607400302 and parameters: {'rho_e': 0.029456952680907967, 'rho_d': 2.912499879392691e-05, 'nu': 33, 'sigma': 0.974254661426714}. Best is trial 64 with value: 0.07444614607400302.
[I 2026-08-16 23:06:01,230] Trial 65 finished with value: 0.08779254820792738 and parameters: {'rho_e': 9.218225081546117e-05, 'rho_d': 0.1361310780000168, 'nu': 30, 'sigma': 0.7440945126870621}. Best is trial 64 with value: 0.07444614607400302.
[I 2026-08-16 23:06:34,093] Trial 66 finished with value: 0.11371291191618785 and parameters: {'rho_e': 21.482257030517378, 'rho_d': 42.52555482501704, 'nu': 27, 'sigma': 0.4609982391736993}. Best is trial 64 with value: 0.07444614607400302.
[I 2026-08-16 23:07:07,188] Trial 67 finished with value: 0.09562162687951116 and parameters: {'rho_e': 7.413442883472736e-05, 'rho_d': 207.16154979595137, 'nu': 18, 'sigma': 0.23019726500401494}. Best is trial 64 with value: 0.07444614607400302.
[I 2026-08-16 23:07:40,185] Trial 68 finished with value: 0.09230405295787979 and parameters: {'rho_e': 331.65607362397486, 'rho_d': 2.2977956617515165, 'nu': 31, 'sigma': 0.9880793079556061}. Best is trial 64 with value: 0.07444614607400302.
[I 2026-08-16 23:08:13,534] Trial 69 finished with value: 0.0893182260387973 and parameters: {'rho_e': 0.02228531315762712, 'rho_d': 25.232369392582758, 'nu': 25, 'sigma': 0.2216557233890635}. Best is trial 64 with value: 0.07444614607400302.
[I 2026-08-16 23:08:46,383] Trial 70 finished with value: 0.08189067357985307 and parameters: {'rho_e': 0.14969641630262168, 'rho_d': 54.06795952815221, 'nu': 20, 'sigma': 0.7103295068611721}. Best is trial 64 with value: 0.07444614607400302.
[I 2026-08-16 23:09:19,348] Trial 71 finished with value: 0.07829397432425403 and parameters: {'rho_e': 0.0017275438961041048, 'rho_d': 0.003548458129165728, 'nu': 28, 'sigma': 0.02796825543351146}. Best is trial 64 with value: 0.07444614607400302.
[I 2026-08-16 23:09:52,276] Trial 72 finished with value: 0.09786737542586811 and parameters: {'rho_e': 16.725979606950222, 'rho_d': 34.33925158049958, 'nu': 9, 'sigma': 0.802913518676575}. Best is trial 64 with value: 0.07444614607400302.
[I 2026-08-16 23:10:25,123] Trial 73 finished with value: 0.09200147120816889 and parameters: {'rho_e': 3.6122944035850635, 'rho_d': 0.01920927787961488, 'nu': 27, 'sigma': 0.7264140238743382}. Best is trial 64 with value: 0.07444614607400302.
[I 2026-08-16 23:10:58,395] Trial 74 finished with value: 0.09135978679274274 and parameters: {'rho_e': 38.61671152420864, 'rho_d': 0.002092292724802397, 'nu': 10, 'sigma': 0.47191996106294565}. Best is trial 64 with value: 0.07444614607400302.
[I 2026-08-16 23:11:31,429] Trial 75 finished with value: 0.09780487942155737 and parameters: {'rho_e': 2.450780781203914e-05, 'rho_d': 449.41470527134857, 'nu': 16, 'sigma': 0.5277083597945009}. Best is trial 64 with value: 0.07444614607400302.
[I 2026-08-16 23:12:04,484] Trial 76 finished with value: 0.08411239946694858 and parameters: {'rho_e': 0.00015760718394869903, 'rho_d': 0.0005200712074228567, 'nu': 15, 'sigma': 0.5106304992925566}. Best is trial 64 with value: 0.07444614607400302.
[I 2026-08-16 23:12:37,464] Trial 77 finished with value: 0.07473930782221547 and parameters: {'rho_e': 0.12333808423244141, 'rho_d': 0.0018142933109536823, 'nu': 4, 'sigma': 0.5331919170716646}. Best is trial 64 with value: 0.07444614607400302.
[I 2026-08-16 23:13:10,541] Trial 78 finished with value: 0.09277678597781763 and parameters: {'rho_e': 2.6615626186979542e-05, 'rho_d': 4.023562656475725, 'nu': 24, 'sigma': 0.48760603387528256}. Best is trial 64 with value: 0.07444614607400302.
[I 2026-08-16 23:13:43,328] Trial 79 finished with value: 0.10332258057823958 and parameters: {'rho_e': 451.9589689129725, 'rho_d': 6.286836703514959, 'nu': 18, 'sigma': 0.289480861806035}. Best is trial 64 with value: 0.07444614607400302.
[I 2026-08-16 23:14:15,938] Trial 80 finished with value: 0.08788057908037333 and parameters: {'rho_e': 0.0005064907910624623, 'rho_d': 0.34294972962194176, 'nu': 35, 'sigma': 0.6504115906201252}. Best is trial 64 with value: 0.07444614607400302.
[I 2026-08-16 23:14:48,755] Trial 81 finished with value: 0.09598637015873174 and parameters: {'rho_e': 1.1537053770394115, 'rho_d': 0.0001903153408941842, 'nu': 17, 'sigma': 0.30893609937588534}. Best is trial 64 with value: 0.07444614607400302.
[I 2026-08-16 23:15:21,843] Trial 82 finished with value: 0.08372541849386819 and parameters: {'rho_e': 0.0004165631246779191, 'rho_d': 0.00390870101242766, 'nu': 28, 'sigma': 0.5506632379880236}. Best is trial 64 with value: 0.07444614607400302.
[I 2026-08-16 23:15:54,631] Trial 83 finished with value: 0.07849066061448548 and parameters: {'rho_e': 3.230091141162473e-05, 'rho_d': 0.0012018846154684226, 'nu': 25, 'sigma': 0.19688751551933248}. Best is trial 64 with value: 0.07444614607400302.
[I 2026-08-16 23:16:27,700] Trial 84 finished with value: 0.07726323423401488 and parameters: {'rho_e': 0.09291954227513116, 'rho_d': 3.09424743819704, 'nu': 27, 'sigma': 0.7014670599510662}. Best is trial 64 with value: 0.07444614607400302.
[I 2026-08-16 23:17:00,292] Trial 85 finished with value: 0.0896486866905539 and parameters: {'rho_e': 0.003111638974228438, 'rho_d': 1.2149575344172832, 'nu': 33, 'sigma': 0.5953788769075302}. Best is trial 64 with value: 0.07444614607400302.
[I 2026-08-16 23:17:33,284] Trial 86 finished with value: 0.11527660836747268 and parameters: {'rho_e': 9.987810107211534, 'rho_d': 5.2299013316616865, 'nu': 3, 'sigma': 0.09085637693719704}. Best is trial 64 with value: 0.07444614607400302.
[I 2026-08-16 23:18:06,536] Trial 87 finished with value: 0.10287311843648972 and parameters: {'rho_e': 0.96044116828649, 'rho_d': 0.6420987843246544, 'nu': 17, 'sigma': 0.21429990725733172}. Best is trial 64 with value: 0.07444614607400302.
