[I 2026-08-16 16:47:50,600] Trial 88 finished with value: 0.08424323233490809 and parameters: {'rho_e': 0.10955683436189492, 'rho_d': 17.335641105180176, 'nu': 30, 'sigma': 0.9665030333402096}. Best is trial 20 with value: 0.07381893888319058.
[I 2026-08-16 16:48:28,249] Trial 89 finished with value: 0.08603221442706879 and parameters: {'rho_e': 404.0017816903608, 'rho_d': 1.7029913359385358, 'nu': 8, 'sigma': 0.7748778573795911}. Best is trial 20 with value: 0.07381893888319058.
[I 2026-08-16 16:49:05,868] Trial 90 finished with value: 0.07974653694909148 and parameters: {'rho_e': 6.687532104035759e-05, 'rho_d': 0.017658739928068382, 'nu': 23, 'sigma': 0.29099843561974764}. Best is trial 20 with value: 0.07381893888319058.
[I 2026-08-16 16:49:43,377] Trial 91 finished with value: 0.09392641809251831 and parameters: {'rho_e': 1.9771401749850168, 'rho_d': 0.05984121945521464, 'nu': 35, 'sigma': 0.8944799975093669}. Best is trial 20 with value: 0.07381893888319058.
[I 2026-08-16 16:50:20,905] Trial 92 finished with value: 0.10830072418697542 and parameters: {'rho_e': 40.24790330007283, 'rho_d': 200.98181792944928, 'nu': 15, 'sigma': 0.4706039997045142}. Best is trial 20 with value: 0.07381893888319058.
[I 2026-08-16 16:50:58,400] Trial 93 finished with value: 0.08731996224135055 and parameters: {'rho_e': 0.007468269893370547, 'rho_d': 1.61286970740552e-05, 'nu': 26, 'sigma': 0.7062855262944665}. Best is trial 20 with value: 0.07381893888319058.
[I 2026-08-16 16:51:35,795] Trial 94 finished with value: 0.08413683181510505 and parameters: {'rho_e': 0.0023898071675510797, 'rho_d': 0.5105799785763581, 'nu': 3, 'sigma': 0.12408622300734228}. Best is trial 20 with value: 0.07381893888319058.
[I 2026-08-16 16:52:13,181] Trial 95 finished with value: 0.076358200151603 and parameters: {'rho_e': 0.016506505170872286, 'rho_d': 0.0067545827302765695, 'nu': 13, 'sigma': 0.15750510918850885}. Best is trial 20 with value: 0.07381893888319058.
[I 2026-08-16 16:52:50,507] Trial 96 finished with value: 0.08505239549945795 and parameters: {'rho_e': 8.919454905898495e-05, 'rho_d': 0.1301658122748069, 'nu': 23, 'sigma': 0.48334819167680704}. Best is trial 20 with value: 0.07381893888319058.
[I 2026-08-16 16:53:27,630] Trial 97 finished with value: 0.09750436022998034 and parameters: {'rho_e': 167.59176445305437, 'rho_d': 0.0003270573651194096, 'nu': 33, 'sigma': 0.8028864249055724}. Best is trial 20 with value: 0.07381893888319058.
[I 2026-08-16 16:54:03,261] Trial 98 finished with value: 0.07949634373169082 and parameters: {'rho_e': 0.0003329223434176967, 'rho_d': 0.00014468150177905916, 'nu': 2, 'sigma': 0.25371662350737295}. Best is trial 20 with value: 0.07381893888319058.
[I 2026-08-16 16:54:40,242] Trial 99 finished with value: 0.0932991054559183 and parameters: {'rho_e': 0.005144397214248984, 'rho_d': 0.0007543567094497256, 'nu': 27, 'sigma': 0.9544511364446193}. Best is trial 20 with value: 0.07381893888319058.
[I 2026-08-16 16:55:18,785] Trial 100 finished with value: 0.07701058634087152 and parameters: {'rho_e': 0.6643847584563788, 'rho_d': 1000.0, 'nu': 16, 'sigma': 0.24750694817559268}. Best is trial 20 with value: 0.07381893888319058.
[I 2026-08-16 16:55:55,999] Trial 101 finished with value: 0.07714036722563611 and parameters: {'rho_e': 0.022970747489429736, 'rho_d': 0.000943387459164881, 'nu': 2, 'sigma': 0.364054374103268}. Best is trial 20 with value: 0.07381893888319058.
[I 2026-08-16 16:56:33,058] Trial 102 finished with value: 0.07719226348999814 and parameters: {'rho_e': 0.0015256528702105754, 'rho_d': 1e-05, 'nu': 36, 'sigma': 0.0}. Best is trial 20 with value: 0.07381893888319058.
[I 2026-08-16 16:57:10,164] Trial 103 finished with value: 0.07564906619411166 and parameters: {'rho_e': 0.007971454546290441, 'rho_d': 0.0006079092604753333, 'nu': 36, 'sigma': 0.22444685159821023}. Best is trial 20 with value: 0.07381893888319058.
[I 2026-08-16 16:57:47,131] Trial 104 finished with value: 0.07725029686186202 and parameters: {'rho_e': 1e-05, 'rho_d': 1e-05, 'nu': 36, 'sigma': 0.0}. Best is trial 20 with value: 0.07381893888319058.
[I 2026-08-16 16:58:24,243] Trial 105 finished with value: 0.07725029686186202 and parameters: {'rho_e': 1e-05, 'rho_d': 1e-05, 'nu': 2, 'sigma': 0.0}. Best is trial 20 with value: 0.07381893888319058.
[I 2026-08-16 16:59:01,352] Trial 106 finished with value: 0.07236261630039709 and parameters: {'rho_e': 0.08265281696554007, 'rho_d': 1e-05, 'nu': 2, 'sigma': 0.40871384444680314}. Best is trial 106 with value: 0.07236261630039709.
[I 2026-08-16 16:59:38,227] Trial 107 finished with value: 0.076644700226234 and parameters: {'rho_e': 0.0061309412782988406, 'rho_d': 1e-05, 'nu': 2, 'sigma': 0.0}. Best is trial 106 with value: 0.07236261630039709.
[I 2026-08-16 17:00:15,301] Trial 108 finished with value: 0.07908295834306209 and parameters: {'rho_e': 0.833742845787901, 'rho_d': 1000.0, 'nu': 36, 'sigma': 0.0}. Best is trial 106 with value: 0.07236261630039709.
[I 2026-08-16 17:00:52,319] Trial 109 finished with value: 0.07290941664191224 and parameters: {'rho_e': 0.04458068665701606, 'rho_d': 1e-05, 'nu': 2, 'sigma': 0.2773931610687135}. Best is trial 106 with value: 0.07236261630039709.
[I 2026-08-16 17:01:29,316] Trial 110 finished with value: 0.07725026222814042 and parameters: {'rho_e': 0.00011385087562983885, 'rho_d': 1e-05, 'nu': 19, 'sigma': 0.0}. Best is trial 106 with value: 0.07236261630039709.
[I 2026-08-16 17:02:06,306] Trial 111 finished with value: 0.07616064650887111 and parameters: {'rho_e': 0.00701868339068823, 'rho_d': 1e-05, 'nu': 18, 'sigma': 0.16845708648905958}. Best is trial 106 with value: 0.07236261630039709.
[I 2026-08-16 17:02:43,256] Trial 112 finished with value: 0.0725030188370203 and parameters: {'rho_e': 0.08062990643632537, 'rho_d': 3.504192004973347e-05, 'nu': 2, 'sigma': 0.3933956123719496}. Best is trial 106 with value: 0.07236261630039709.
[I 2026-08-16 17:03:20,131] Trial 113 finished with value: 0.07724734227914168 and parameters: {'rho_e': 8.685789599809257e-05, 'rho_d': 0.0003132792569685357, 'nu': 36, 'sigma': 0.0}. Best is trial 106 with value: 0.07236261630039709.
[I 2026-08-16 17:03:57,107] Trial 114 finished with value: 0.07316542869996753 and parameters: {'rho_e': 0.5299980707690662, 'rho_d': 50.31011905280953, 'nu': 8, 'sigma': 0.32953597980174815}. Best is trial 106 with value: 0.07236261630039709.
[I 2026-08-16 17:04:34,161] Trial 115 finished with value: 0.0765977264521312 and parameters: {'rho_e': 1e-05, 'rho_d': 0.0003053473573823119, 'nu': 36, 'sigma': 0.2560042943805717}. Best is trial 106 with value: 0.07236261630039709.
[I 2026-08-16 17:05:11,331] Trial 116 finished with value: 0.07351141664421112 and parameters: {'rho_e': 0.09448992902585261, 'rho_d': 1e-05, 'nu': 2, 'sigma': 0.35070931989753873}. Best is trial 106 with value: 0.07236261630039709.
[I 2026-08-16 17:05:48,309] Trial 117 finished with value: 0.07386172432609144 and parameters: {'rho_e': 0.050177963145735416, 'rho_d': 1e-05, 'nu': 2, 'sigma': 0.4050305433627021}. Best is trial 106 with value: 0.07236261630039709.
[I 2026-08-16 17:06:25,357] Trial 118 finished with value: 0.07801979532387329 and parameters: {'rho_e': 1e-05, 'rho_d': 1e-05, 'nu': 17, 'sigma': 0.21447832548904938}. Best is trial 106 with value: 0.07236261630039709.
[I 2026-08-16 17:07:02,353] Trial 119 finished with value: 0.07497064107513977 and parameters: {'rho_e': 0.02883317205993907, 'rho_d': 0.013469830658990045, 'nu': 36, 'sigma': 0.4170132094971277}. Best is trial 106 with value: 0.07236261630039709.
[I 2026-08-16 17:07:39,298] Trial 120 finished with value: 0.07807102240788202 and parameters: {'rho_e': 1e-05, 'rho_d': 0.0020114403688051303, 'nu': 36, 'sigma': 0.0}. Best is trial 106 with value: 0.07236261630039709.
[I 2026-08-16 17:08:16,330] Trial 121 finished with value: 0.07167136323159305 and parameters: {'rho_e': 0.18249350638629164, 'rho_d': 1e-05, 'nu': 2, 'sigma': 0.544110293036081}. Best is trial 121 with value: 0.07167136323159305.
[I 2026-08-16 17:08:53,308] Trial 122 finished with value: 0.07237365346220118 and parameters: {'rho_e': 0.14838396772575807, 'rho_d': 4.034658234922802e-05, 'nu': 2, 'sigma': 0.5237470699950486}. Best is trial 121 with value: 0.07167136323159305.
[I 2026-08-16 17:09:30,321] Trial 123 finished with value: 0.07252448115717566 and parameters: {'rho_e': 0.4224667704408351, 'rho_d': 1e-05, 'nu': 2, 'sigma': 0.6345182112520164}. Best is trial 121 with value: 0.07167136323159305.
[I 2026-08-16 17:10:07,462] Trial 124 finished with value: 0.0723331644440961 and parameters: {'rho_e': 0.2207642317288419, 'rho_d': 1e-05, 'nu': 2, 'sigma': 0.5377377071622582}. Best is trial 121 with value: 0.07167136323159305.
[I 2026-08-16 17:10:44,465] Trial 125 finished with value: 0.07346592393130603 and parameters: {'rho_e': 0.18445641404227522, 'rho_d': 1e-05, 'nu': 2, 'sigma': 0.6282853951762662}. Best is trial 121 with value: 0.07167136323159305.
[I 2026-08-16 17:11:21,462] Trial 126 finished with value: 0.08914004258591725 and parameters: {'rho_e': 1e-05, 'rho_d': 1e-05, 'nu': 36, 'sigma': 1.0}. Best is trial 121 with value: 0.07167136323159305.
[I 2026-08-16 17:11:58,576] Trial 127 finished with value: 0.0765387224519179 and parameters: {'rho_e': 6.447401238212837e-05, 'rho_d': 1e-05, 'nu': 36, 'sigma': 0.20516103433090777}. Best is trial 121 with value: 0.07167136323159305.
[I 2026-08-16 17:12:35,661] Trial 128 finished with value: 0.0854404152827993 and parameters: {'rho_e': 1000.0, 'rho_d': 1e-05, 'nu': 2, 'sigma': 1.0}. Best is trial 121 with value: 0.07167136323159305.
[I 2026-08-16 17:13:12,744] Trial 129 finished with value: 0.07766797852440144 and parameters: {'rho_e': 1e-05, 'rho_d': 0.0004730952017883219, 'nu': 2, 'sigma': 0.21313160362934963}. Best is trial 121 with value: 0.07167136323159305.
[I 2026-08-16 17:13:49,758] Trial 130 finished with value: 0.07490909147776718 and parameters: {'rho_e': 0.018496410140689437, 'rho_d': 1e-05, 'nu': 36, 'sigma': 0.28740021409503774}. Best is trial 121 with value: 0.07167136323159305.
[I 2026-08-16 17:14:26,884] Trial 131 finished with value: 0.08246183862231544 and parameters: {'rho_e': 2.725085823743817, 'rho_d': 1e-05, 'nu': 2, 'sigma': 1.0}. Best is trial 121 with value: 0.07167136323159305.
[I 2026-08-16 17:15:04,027] Trial 132 finished with value: 0.09402344680803804 and parameters: {'rho_e': 1000.0, 'rho_d': 1000.0, 'nu': 2, 'sigma': 1.0}. Best is trial 121 with value: 0.07167136323159305.
[I 2026-08-16 17:15:41,250] Trial 133 finished with value: 0.07180279633504277 and parameters: {'rho_e': 0.4402460698948772, 'rho_d': 50.97517553535384, 'nu': 2, 'sigma': 0.26342709291688}. Best is trial 121 with value: 0.07167136323159305.
[I 2026-08-16 17:16:18,470] Trial 134 finished with value: 0.07212672285984306 and parameters: {'rho_e': 0.5753543910407527, 'rho_d': 70.4050882120618, 'nu': 2, 'sigma': 0.319360926126855}. Best is trial 121 with value: 0.07167136323159305.
[I 2026-08-16 17:16:55,781] Trial 135 finished with value: 0.0719614891185455 and parameters: {'rho_e': 0.38492640363770564, 'rho_d': 25.70076998485449, 'nu': 2, 'sigma': 0.3007085983024374}. Best is trial 121 with value: 0.07167136323159305.
[I 2026-08-16 17:17:33,156] Trial 136 finished with value: 0.07665708569486798 and parameters: {'rho_e': 0.0005219362562635987, 'rho_d': 0.0002941092406686282, 'nu': 36, 'sigma': 0.21486062669850103}. Best is trial 121 with value: 0.07167136323159305.
[I 2026-08-16 17:18:10,733] Trial 137 finished with value: 0.07192438401841524 and parameters: {'rho_e': 0.5010560769979938, 'rho_d': 38.737400416447734, 'nu': 2, 'sigma': 0.27285962864597035}. Best is trial 121 with value: 0.07167136323159305.
[I 2026-08-16 17:18:48,467] Trial 138 finished with value: 0.07234452702988553 and parameters: {'rho_e': 0.40952896500256925, 'rho_d': 64.73862324332305, 'nu': 2, 'sigma': 0.27275232102929947}. Best is trial 121 with value: 0.07167136323159305.
[I 2026-08-16 17:19:26,239] Trial 139 finished with value: 0.0723550626569007 and parameters: {'rho_e': 0.5321606162527619, 'rho_d': 26.865120357629703, 'nu': 2, 'sigma': 0.3098287817756128}. Best is trial 121 with value: 0.07167136323159305.
[I 2026-08-16 17:20:04,018] Trial 140 finished with value: 0.07264107389785515 and parameters: {'rho_e': 0.021815073325629958, 'rho_d': 8.075395416535455e-05, 'nu': 2, 'sigma': 0.14427816408351593}. Best is trial 121 with value: 0.07167136323159305.
[I 2026-08-16 17:20:41,704] Trial 141 finished with value: 0.0991188858274651 and parameters: {'rho_e': 2.429509632101183, 'rho_d': 1000.0, 'nu': 2, 'sigma': 1.0}. Best is trial 121 with value: 0.07167136323159305.
[I 2026-08-16 17:21:19,371] Trial 142 finished with value: 0.07644927802722493 and parameters: {'rho_e': 0.007479511326142622, 'rho_d': 0.0007780464526505601, 'nu': 2, 'sigma': 0.0}. Best is trial 121 with value: 0.07167136323159305.
[I 2026-08-16 17:21:57,001] Trial 143 finished with value: 0.07543049782073204 and parameters: {'rho_e': 0.02803915092814213, 'rho_d': 6.048385579931794e-05, 'nu': 10, 'sigma': 0.22646643683862946}. Best is trial 121 with value: 0.07167136323159305.
[I 2026-08-16 17:22:34,507] Trial 144 finished with value: 0.08608618907086754 and parameters: {'rho_e': 0.5019097484693206, 'rho_d': 1e-05, 'nu': 36, 'sigma': 0.9999999999999999}. Best is trial 121 with value: 0.07167136323159305.
[I 2026-08-16 17:23:12,044] Trial 145 finished with value: 0.07511383751620515 and parameters: {'rho_e': 0.026647001430430303, 'rho_d': 1e-05, 'nu': 2, 'sigma': 0.10227669075854039}. Best is trial 121 with value: 0.07167136323159305.
[I 2026-08-16 17:23:49,530] Trial 146 finished with value: 0.07209334025398538 and parameters: {'rho_e': 0.19136994591421969, 'rho_d': 1e-05, 'nu': 2, 'sigma': 0.49853379475119125}. Best is trial 121 with value: 0.07167136323159305.
[I 2026-08-16 17:24:27,035] Trial 147 finished with value: 0.07103918569482617 and parameters: {'rho_e': 0.06662448800969646, 'rho_d': 0.22234389179314515, 'nu': 2, 'sigma': 0.3477035041379581}. Best is trial 147 with value: 0.07103918569482617.
[I 2026-08-16 17:25:04,707] Trial 148 finished with value: 0.07064444124203098 and parameters: {'rho_e': 0.07677125893316752, 'rho_d': 0.1067735994231068, 'nu': 2, 'sigma': 0.3979208178314447}. Best is trial 148 with value: 0.07064444124203098.
[I 2026-08-16 17:25:41,926] Trial 149 finished with value: 0.07066061593749068 and parameters: {'rho_e': 0.06263329447751614, 'rho_d': 0.060966857553008694, 'nu': 2, 'sigma': 0.3657960910757937}. Best is trial 148 with value: 0.07064444124203098.
[I 2026-08-16 17:26:19,239] Trial 150 finished with value: 0.07144109764247783 and parameters: {'rho_e': 0.06101910942816688, 'rho_d': 0.09828347689712574, 'nu': 2, 'sigma': 0.4014349297257225}. Best is trial 148 with value: 0.07064444124203098.
[I 2026-08-16 17:26:56,469] Trial 151 finished with value: 0.06951252959594006 and parameters: {'rho_e': 0.08862561188741144, 'rho_d': 0.08649561990431194, 'nu': 2, 'sigma': 0.3641222904539161}. Best is trial 151 with value: 0.06951252959594006.
[I 2026-08-16 17:27:33,664] Trial 152 finished with value: 0.06926668387029497 and parameters: {'rho_e': 0.11866177034153898, 'rho_d': 0.08169032276826951, 'nu': 2, 'sigma': 0.3718533753213438}. Best is trial 152 with value: 0.06926668387029497.
[I 2026-08-16 17:28:10,880] Trial 153 finished with value: 0.07062399592966247 and parameters: {'rho_e': 0.12407737351494526, 'rho_d': 0.0608990201918371, 'nu': 2, 'sigma': 0.3808183265088392}. Best is trial 152 with value: 0.06926668387029497.
[I 2026-08-16 17:28:48,052] Trial 154 finished with value: 0.06844058438879919 and parameters: {'rho_e': 0.12799001009007122, 'rho_d': 0.35163142062388947, 'nu': 2, 'sigma': 0.35163922810347525}. Best is trial 154 with value: 0.06844058438879919.
[I 2026-08-16 17:29:25,279] Trial 155 finished with value: 0.06928394992707573 and parameters: {'rho_e': 0.14145483292829542, 'rho_d': 0.7579654610198615, 'nu': 2, 'sigma': 0.343390428716211}. Best is trial 154 with value: 0.06844058438879919.
[I 2026-08-16 17:30:02,464] Trial 156 finished with value: 0.0686965996751396 and parameters: {'rho_e': 0.11908013220148052, 'rho_d': 0.39293227942116227, 'nu': 2, 'sigma': 0.3057629370726891}. Best is trial 154 with value: 0.06844058438879919.
[I 2026-08-16 17:30:39,642] Trial 157 finished with value: 0.06844290608431136 and parameters: {'rho_e': 0.12164080083652194, 'rho_d': 0.35306632445154545, 'nu': 2, 'sigma': 0.3128204841016516}. Best is trial 154 with value: 0.06844058438879919.
[I 2026-08-16 17:31:16,812] Trial 158 finished with value: 0.06810530893658186 and parameters: {'rho_e': 0.1260134768220724, 'rho_d': 0.3283358521672295, 'nu': 2, 'sigma': 0.31892333056825106}. Best is trial 158 with value: 0.06810530893658186.
[I 2026-08-16 17:31:53,847] Trial 159 finished with value: 0.06967394120675305 and parameters: {'rho_e': 0.12019877892856161, 'rho_d': 1.0161698448585637, 'nu': 2, 'sigma': 0.2654736240738616}. Best is trial 158 with value: 0.06810530893658186.
[I 2026-08-16 17:32:30,834] Trial 160 finished with value: 0.08064411810757757 and parameters: {'rho_e': 1e-05, 'rho_d': 1e-05, 'nu': 36, 'sigma': 0.507164348780889}. Best is trial 158 with value: 0.06810530893658186.
[I 2026-08-16 17:33:07,819] Trial 161 finished with value: 0.09498068654091016 and parameters: {'rho_e': 1e-05, 'rho_d': 1000.0, 'nu': 36, 'sigma': 0.0}. Best is trial 158 with value: 0.06810530893658186.
[I 2026-08-16 17:33:44,856] Trial 162 finished with value: 0.11900675449666565 and parameters: {'rho_e': 1e-05, 'rho_d': 1e-05, 'nu': 2, 'sigma': 1.0}. Best is trial 158 with value: 0.06810530893658186.
[I 2026-08-16 17:34:21,828] Trial 163 finished with value: 0.07724977955688879 and parameters: {'rho_e': 0.00025255301307418337, 'rho_d': 1e-05, 'nu': 2, 'sigma': 0.0}. Best is trial 158 with value: 0.06810530893658186.
[I 2026-08-16 17:34:58,822] Trial 164 finished with value: 0.08297927799281654 and parameters: {'rho_e': 1e-05, 'rho_d': 0.012903737009806671, 'nu': 36, 'sigma': 0.6148275996678347}. Best is trial 158 with value: 0.06810530893658186.
[I 2026-08-16 17:35:35,846] Trial 165 finished with value: 0.06905990984688105 and parameters: {'rho_e': 0.16194628507104392, 'rho_d': 0.3986603890838064, 'nu': 2, 'sigma': 0.3241780767954059}. Best is trial 158 with value: 0.06810530893658186.
[I 2026-08-16 17:36:12,789] Trial 166 finished with value: 0.0854404152827993 and parameters: {'rho_e': 1000.0, 'rho_d': 0.02137696481697104, 'nu': 2, 'sigma': 1.0}. Best is trial 158 with value: 0.06810530893658186.
[I 2026-08-16 17:36:49,759] Trial 167 finished with value: 0.08469531226124892 and parameters: {'rho_e': 0.17851420266208362, 'rho_d': 1000.0, 'nu': 2, 'sigma': 0.0}. Best is trial 158 with value: 0.06810530893658186.
[I 2026-08-16 17:37:26,747] Trial 168 finished with value: 0.08574717934828836 and parameters: {'rho_e': 0.12796525205264023, 'rho_d': 1e-05, 'nu': 36, 'sigma': 0.47544825862919976}. Best is trial 158 with value: 0.06810530893658186.
[I 2026-08-16 17:38:03,755] Trial 169 finished with value: 0.06840406525036084 and parameters: {'rho_e': 0.0993733288794611, 'rho_d': 0.15454815604549854, 'nu': 2, 'sigma': 0.2889908843806593}. Best is trial 158 with value: 0.06810530893658186.
[I 2026-08-16 17:38:40,744] Trial 170 finished with value: 0.0686382448436984 and parameters: {'rho_e': 0.10326180346938142, 'rho_d': 0.1699784493676278, 'nu': 2, 'sigma': 0.29399579893391686}. Best is trial 158 with value: 0.06810530893658186.
[I 2026-08-16 17:39:17,769] Trial 171 finished with value: 0.07757808034036456 and parameters: {'rho_e': 0.0024131417093144884, 'rho_d': 1e-05, 'nu': 36, 'sigma': 0.34126408263007235}. Best is trial 158 with value: 0.06810530893658186.
[I 2026-08-16 17:39:54,730] Trial 172 finished with value: 0.09498068654091014 and parameters: {'rho_e': 1e-05, 'rho_d': 999.999999999998, 'nu': 2, 'sigma': 0.0}. Best is trial 158 with value: 0.06810530893658186.
[I 2026-08-16 17:40:32,046] Trial 173 finished with value: 0.06835496881409074 and parameters: {'rho_e': 0.11116305649641868, 'rho_d': 0.19949703261777885, 'nu': 2, 'sigma': 0.30367752914917806}. Best is trial 158 with value: 0.06810530893658186.
[I 2026-08-16 17:41:09,191] Trial 174 finished with value: 0.07417012844052423 and parameters: {'rho_e': 0.08240075318619232, 'rho_d': 1.6109650291198223, 'nu': 36, 'sigma': 0.30705843921043446}. Best is trial 158 with value: 0.06810530893658186.
[I 2026-08-16 17:41:46,513] Trial 175 finished with value: 0.06893624047315075 and parameters: {'rho_e': 0.1082099487351837, 'rho_d': 0.2976587972910418, 'nu': 7, 'sigma': 0.32302080361662844}. Best is trial 158 with value: 0.06810530893658186.
[I 2026-08-16 17:42:23,808] Trial 176 finished with value: 0.07420715226774613 and parameters: {'rho_e': 2.6756349062178453, 'rho_d': 1e-05, 'nu': 2, 'sigma': 0.6699831044795242}. Best is trial 158 with value: 0.06810530893658186.
[I 2026-08-16 17:43:01,172] Trial 177 finished with value: 0.07253353945302904 and parameters: {'rho_e': 0.06766902219984028, 'rho_d': 0.09336904386156607, 'nu': 36, 'sigma': 0.6522812380517011}. Best is trial 158 with value: 0.06810530893658186.
[I 2026-08-16 17:43:38,591] Trial 178 finished with value: 0.07185719911607119 and parameters: {'rho_e': 0.08662023329831332, 'rho_d': 0.1353528449902607, 'nu': 23, 'sigma': 0.42136731342070616}. Best is trial 158 with value: 0.06810530893658186.
[I 2026-08-16 17:44:15,785] Trial 179 finished with value: 0.0676084271292817 and parameters: {'rho_e': 0.11299496037455466, 'rho_d': 0.23751696190851584, 'nu': 2, 'sigma': 0.31525540704832583}. Best is trial 179 with value: 0.0676084271292817.
[I 2026-08-16 17:44:53,131] Trial 180 finished with value: 0.07643991596111709 and parameters: {'rho_e': 0.007267164616325709, 'rho_d': 0.0005163522117899674, 'nu': 36, 'sigma': 0.0}. Best is trial 179 with value: 0.0676084271292817.
