[I 2026-08-17 10:34:02,568] Trial 88 finished with value: 0.09580394072968743 and parameters: {'rho_e': 0.00012125829831653894, 'rho_d': 19.630650519000437, 'nu': 10, 'sigma': 0.7884377100219454}. Best is trial 24 with value: 0.05887199345441148.
[I 2026-08-17 10:34:55,239] Trial 89 finished with value: 0.086758423809732 and parameters: {'rho_e': 3.893751642068498e-05, 'rho_d': 0.9795442357931721, 'nu': 20, 'sigma': 0.5936410928252096}. Best is trial 24 with value: 0.05887199345441148.
[I 2026-08-17 10:35:49,167] Trial 90 finished with value: 0.0764082042718543 and parameters: {'rho_e': 4.8811512206932886, 'rho_d': 3.209766039730455, 'nu': 34, 'sigma': 0.8768891090820096}. Best is trial 24 with value: 0.05887199345441148.
[I 2026-08-17 10:36:43,653] Trial 91 finished with value: 0.0626521204293948 and parameters: {'rho_e': 0.19086427524381236, 'rho_d': 0.0005859037345321275, 'nu': 8, 'sigma': 0.5505294308690223}. Best is trial 24 with value: 0.05887199345441148.
[I 2026-08-17 10:37:38,533] Trial 92 finished with value: 0.06955625027007623 and parameters: {'rho_e': 0.44668270078282146, 'rho_d': 1.9189911568156766e-05, 'nu': 24, 'sigma': 0.9048428701329665}. Best is trial 24 with value: 0.05887199345441148.
[I 2026-08-17 10:38:34,677] Trial 93 finished with value: 0.07228845619589885 and parameters: {'rho_e': 0.04518272217488784, 'rho_d': 0.0019042154852168265, 'nu': 17, 'sigma': 0.7711616889352428}. Best is trial 24 with value: 0.05887199345441148.
[I 2026-08-17 10:39:30,978] Trial 94 finished with value: 0.08900662993348388 and parameters: {'rho_e': 0.02386327174800719, 'rho_d': 70.35453635909505, 'nu': 26, 'sigma': 0.6321242947578075}. Best is trial 24 with value: 0.05887199345441148.
[I 2026-08-17 10:40:25,982] Trial 95 finished with value: 0.07391980647422809 and parameters: {'rho_e': 8.25713500843253e-05, 'rho_d': 0.00012532475584443455, 'nu': 13, 'sigma': 0.26396166502640883}. Best is trial 24 with value: 0.05887199345441148.
[I 2026-08-17 10:41:21,536] Trial 96 finished with value: 0.09157600909380567 and parameters: {'rho_e': 0.0024547283980115068, 'rho_d': 305.22017701744807, 'nu': 17, 'sigma': 0.32786718698677975}. Best is trial 24 with value: 0.05887199345441148.
[I 2026-08-17 10:42:16,784] Trial 97 finished with value: 0.07719956976119374 and parameters: {'rho_e': 21.13367188708461, 'rho_d': 0.019753486361084704, 'nu': 14, 'sigma': 0.946528522698323}. Best is trial 24 with value: 0.05887199345441148.
[I 2026-08-17 10:43:13,133] Trial 98 finished with value: 0.0729998731032349 and parameters: {'rho_e': 0.07307392667419121, 'rho_d': 0.03432656436892995, 'nu': 25, 'sigma': 0.9790803255957043}. Best is trial 24 with value: 0.05887199345441148.
[I 2026-08-17 10:44:08,659] Trial 99 finished with value: 0.08764870642993697 and parameters: {'rho_e': 0.014400697832168036, 'rho_d': 0.2992169838775733, 'nu': 4, 'sigma': 0.6279299990703359}. Best is trial 24 with value: 0.05887199345441148.
[I 2026-08-17 10:45:03,457] Trial 100 finished with value: 0.06348490815004398 and parameters: {'rho_e': 0.026565395526864044, 'rho_d': 2.005140599127511e-05, 'nu': 36, 'sigma': 0.0}. Best is trial 24 with value: 0.05887199345441148.
[I 2026-08-17 10:45:54,589] Trial 101 finished with value: 0.05917404556361391 and parameters: {'rho_e': 0.06265574953614673, 'rho_d': 0.0005018180706839639, 'nu': 13, 'sigma': 0.0}. Best is trial 24 with value: 0.05887199345441148.
[I 2026-08-17 10:46:48,122] Trial 102 finished with value: 0.059099948225956545 and parameters: {'rho_e': 0.07531051938809225, 'rho_d': 0.000530636446018467, 'nu': 2, 'sigma': 0.0}. Best is trial 24 with value: 0.05887199345441148.
[I 2026-08-17 10:47:40,747] Trial 103 finished with value: 0.05953183333475 and parameters: {'rho_e': 0.0872040948069323, 'rho_d': 0.00031693534895298284, 'nu': 11, 'sigma': 0.14370973043770396}. Best is trial 24 with value: 0.05887199345441148.
[I 2026-08-17 10:48:34,651] Trial 104 finished with value: 0.07419134224506181 and parameters: {'rho_e': 2.0263137105293274, 'rho_d': 1000.0, 'nu': 2, 'sigma': 0.010579586880858189}. Best is trial 24 with value: 0.05887199345441148.
[I 2026-08-17 10:49:28,038] Trial 105 finished with value: 0.060838485194642467 and parameters: {'rho_e': 0.0670898752978492, 'rho_d': 6.305568007637876e-05, 'nu': 36, 'sigma': 0.3767666832100451}. Best is trial 24 with value: 0.05887199345441148.
[I 2026-08-17 10:50:22,803] Trial 106 finished with value: 0.07016633909476273 and parameters: {'rho_e': 0.00030939833290251226, 'rho_d': 1e-05, 'nu': 36, 'sigma': 0.0}. Best is trial 24 with value: 0.05887199345441148.
[I 2026-08-17 10:51:18,748] Trial 107 finished with value: 0.06851445390668584 and parameters: {'rho_e': 0.547463046585541, 'rho_d': 1e-05, 'nu': 2, 'sigma': 1.0}. Best is trial 24 with value: 0.05887199345441148.
[I 2026-08-17 10:52:15,068] Trial 108 finished with value: 0.057368594572376634 and parameters: {'rho_e': 0.08992800547957472, 'rho_d': 0.00039929652902243073, 'nu': 2, 'sigma': 0.06840251489141355}. Best is trial 108 with value: 0.057368594572376634.
[I 2026-08-17 10:53:12,030] Trial 109 finished with value: 0.07016735436471443 and parameters: {'rho_e': 1e-05, 'rho_d': 1e-05, 'nu': 2, 'sigma': 0.0}. Best is trial 108 with value: 0.057368594572376634.
[I 2026-08-17 10:54:08,655] Trial 110 finished with value: 0.056440027653578057 and parameters: {'rho_e': 0.10664377139953338, 'rho_d': 6.122877723382556e-05, 'nu': 2, 'sigma': 0.1565894105052585}. Best is trial 110 with value: 0.056440027653578057.
[I 2026-08-17 10:55:05,505] Trial 111 finished with value: 0.05725143328564007 and parameters: {'rho_e': 0.12110819824649095, 'rho_d': 1e-05, 'nu': 2, 'sigma': 0.2413080631721285}. Best is trial 110 with value: 0.056440027653578057.
[I 2026-08-17 10:56:01,709] Trial 112 finished with value: 0.05724690350874705 and parameters: {'rho_e': 0.10028736494637808, 'rho_d': 1e-05, 'nu': 2, 'sigma': 0.05432639553193881}. Best is trial 110 with value: 0.056440027653578057.
[I 2026-08-17 10:56:58,361] Trial 113 finished with value: 0.056768678633514855 and parameters: {'rho_e': 0.11548908155484908, 'rho_d': 4.9738649794281374e-05, 'nu': 2, 'sigma': 0.14246880644573887}. Best is trial 110 with value: 0.056440027653578057.
[I 2026-08-17 10:57:54,518] Trial 114 finished with value: 0.07016735436471443 and parameters: {'rho_e': 1e-05, 'rho_d': 1e-05, 'nu': 36, 'sigma': 0.0}. Best is trial 110 with value: 0.056440027653578057.
[I 2026-08-17 10:58:50,958] Trial 115 finished with value: 0.07021380976319888 and parameters: {'rho_e': 8.253428875716011, 'rho_d': 1000.0, 'nu': 36, 'sigma': 0.307572239883055}. Best is trial 110 with value: 0.056440027653578057.
[I 2026-08-17 10:59:46,978] Trial 116 finished with value: 0.08733801243893882 and parameters: {'rho_e': 1000.0, 'rho_d': 1000.0, 'nu': 2, 'sigma': 1.0}. Best is trial 110 with value: 0.056440027653578057.
[I 2026-08-17 11:00:43,922] Trial 117 finished with value: 0.0564852282399973 and parameters: {'rho_e': 0.09928372419322053, 'rho_d': 3.63059610312582e-05, 'nu': 2, 'sigma': 0.1396092354989423}. Best is trial 110 with value: 0.056440027653578057.
[I 2026-08-17 11:01:40,694] Trial 118 finished with value: 0.05643487684863854 and parameters: {'rho_e': 0.11837010150910274, 'rho_d': 0.00018743555827401587, 'nu': 2, 'sigma': 0.20985685265758616}. Best is trial 118 with value: 0.05643487684863854.
[I 2026-08-17 11:02:37,468] Trial 119 finished with value: 0.05751393256119656 and parameters: {'rho_e': 0.09912775745148969, 'rho_d': 0.0001260023917941385, 'nu': 2, 'sigma': 0.18726341674344676}. Best is trial 118 with value: 0.05643487684863854.
[I 2026-08-17 11:03:34,097] Trial 120 finished with value: 0.056520623309748164 and parameters: {'rho_e': 0.1384350271199196, 'rho_d': 6.15863925987733e-05, 'nu': 2, 'sigma': 0.17710181335596914}. Best is trial 118 with value: 0.05643487684863854.
[I 2026-08-17 11:04:30,161] Trial 121 finished with value: 0.05649777501170094 and parameters: {'rho_e': 0.13098134436498043, 'rho_d': 6.26853416078283e-05, 'nu': 2, 'sigma': 0.16353871214045362}. Best is trial 118 with value: 0.05643487684863854.
[I 2026-08-17 11:05:26,356] Trial 122 finished with value: 0.05657819608333693 and parameters: {'rho_e': 0.1309500357896176, 'rho_d': 7.198565666519874e-05, 'nu': 2, 'sigma': 0.16441863897125494}. Best is trial 118 with value: 0.05643487684863854.
[I 2026-08-17 11:06:22,417] Trial 123 finished with value: 0.07966063450247637 and parameters: {'rho_e': 1e-05, 'rho_d': 1e-05, 'nu': 36, 'sigma': 1.0}. Best is trial 118 with value: 0.05643487684863854.
[I 2026-08-17 11:07:19,617] Trial 124 finished with value: 0.056360843955360514 and parameters: {'rho_e': 0.14774584488776182, 'rho_d': 0.00014036667288403878, 'nu': 2, 'sigma': 0.21389095371090353}. Best is trial 124 with value: 0.056360843955360514.
[I 2026-08-17 11:08:15,838] Trial 125 finished with value: 0.05673125338118029 and parameters: {'rho_e': 0.15343619443270876, 'rho_d': 0.00033885303189287817, 'nu': 2, 'sigma': 0.2161258412856026}. Best is trial 124 with value: 0.056360843955360514.
[I 2026-08-17 11:09:12,197] Trial 126 finished with value: 0.06882519938565407 and parameters: {'rho_e': 0.04666819547752552, 'rho_d': 1e-05, 'nu': 36, 'sigma': 1.0}. Best is trial 124 with value: 0.056360843955360514.
[I 2026-08-17 11:10:08,851] Trial 127 finished with value: 0.057025468848535016 and parameters: {'rho_e': 0.15583100995108037, 'rho_d': 7.88037352537915e-05, 'nu': 2, 'sigma': 0.25605099583578467}. Best is trial 124 with value: 0.056360843955360514.
[I 2026-08-17 11:11:05,139] Trial 128 finished with value: 0.05674782171171634 and parameters: {'rho_e': 0.13187530589655816, 'rho_d': 0.00014307446378127752, 'nu': 2, 'sigma': 0.15197493442639348}. Best is trial 124 with value: 0.056360843955360514.
[I 2026-08-17 11:12:01,241] Trial 129 finished with value: 0.06014575606337383 and parameters: {'rho_e': 0.05289217936290591, 'rho_d': 1e-05, 'nu': 20, 'sigma': 0.0}. Best is trial 124 with value: 0.056360843955360514.
[I 2026-08-17 11:12:57,242] Trial 130 finished with value: 0.0690987099151637 and parameters: {'rho_e': 9.666332113036287, 'rho_d': 1e-05, 'nu': 2, 'sigma': 1.0}. Best is trial 124 with value: 0.056360843955360514.
[I 2026-08-17 11:13:53,143] Trial 131 finished with value: 0.06022371119074559 and parameters: {'rho_e': 0.04993403306757731, 'rho_d': 0.0003284078541039971, 'nu': 27, 'sigma': 0.08783052860588869}. Best is trial 124 with value: 0.056360843955360514.
[I 2026-08-17 11:14:48,786] Trial 132 finished with value: 0.0608806930984644 and parameters: {'rho_e': 0.09686991324817024, 'rho_d': 0.002443875686150616, 'nu': 36, 'sigma': 0.5311141472078562}. Best is trial 124 with value: 0.056360843955360514.
[I 2026-08-17 11:15:45,225] Trial 133 finished with value: 0.05657466226486509 and parameters: {'rho_e': 0.1312331407016807, 'rho_d': 0.00013507546682237662, 'nu': 2, 'sigma': 0.15900474190154104}. Best is trial 124 with value: 0.056360843955360514.
[I 2026-08-17 11:16:39,585] Trial 134 finished with value: 0.05649900392169243 and parameters: {'rho_e': 0.144661773638329, 'rho_d': 0.0014214129226121416, 'nu': 2, 'sigma': 0.22732501139309433}. Best is trial 124 with value: 0.056360843955360514.
[I 2026-08-17 11:17:34,608] Trial 135 finished with value: 0.056820857722194903 and parameters: {'rho_e': 0.17495331697526284, 'rho_d': 0.0013459474795652396, 'nu': 2, 'sigma': 0.284835213857966}. Best is trial 124 with value: 0.056360843955360514.
[I 2026-08-17 11:18:30,913] Trial 136 finished with value: 0.05655969744799735 and parameters: {'rho_e': 0.13852696113586574, 'rho_d': 0.0006418242697772841, 'nu': 2, 'sigma': 0.20479737854511387}. Best is trial 124 with value: 0.056360843955360514.
[I 2026-08-17 11:19:22,395] Trial 137 finished with value: 0.05694131910286065 and parameters: {'rho_e': 0.14492545081753924, 'rho_d': 0.008219780689834687, 'nu': 2, 'sigma': 0.20320383796811467}. Best is trial 124 with value: 0.056360843955360514.
[I 2026-08-17 11:20:11,818] Trial 138 finished with value: 0.05836103207333569 and parameters: {'rho_e': 0.21897939472262357, 'rho_d': 0.017752560392603686, 'nu': 2, 'sigma': 0.3281502957451277}. Best is trial 124 with value: 0.056360843955360514.
[I 2026-08-17 11:21:00,182] Trial 139 finished with value: 0.06755066567525045 and parameters: {'rho_e': 0.09863309927807956, 'rho_d': 0.9136251126276114, 'nu': 2, 'sigma': 0.0}. Best is trial 124 with value: 0.056360843955360514.
[I 2026-08-17 11:21:48,301] Trial 140 finished with value: 0.059011020148649965 and parameters: {'rho_e': 0.08866111982222054, 'rho_d': 0.00019481092214965507, 'nu': 36, 'sigma': 0.0}. Best is trial 124 with value: 0.056360843955360514.
[I 2026-08-17 11:22:35,864] Trial 141 finished with value: 0.058147930622509635 and parameters: {'rho_e': 0.09410813546106517, 'rho_d': 1e-05, 'nu': 36, 'sigma': 0.10245735416023759}. Best is trial 124 with value: 0.056360843955360514.
[I 2026-08-17 11:23:23,879] Trial 142 finished with value: 0.06951960823028122 and parameters: {'rho_e': 1000.0, 'rho_d': 1e-05, 'nu': 2, 'sigma': 1.0}. Best is trial 124 with value: 0.056360843955360514.
[I 2026-08-17 11:24:11,109] Trial 143 finished with value: 0.07959520964465192 and parameters: {'rho_e': 0.0015418355073249764, 'rho_d': 1e-05, 'nu': 36, 'sigma': 1.0}. Best is trial 124 with value: 0.056360843955360514.
[I 2026-08-17 11:24:59,567] Trial 144 finished with value: 0.06951960823028122 and parameters: {'rho_e': 1000.0, 'rho_d': 0.012112561794071924, 'nu': 2, 'sigma': 1.0}. Best is trial 124 with value: 0.056360843955360514.
[I 2026-08-17 11:25:49,468] Trial 145 finished with value: 0.09596608626913411 and parameters: {'rho_e': 1e-05, 'rho_d': 999.999999999998, 'nu': 36, 'sigma': 1.0}. Best is trial 124 with value: 0.056360843955360514.
[I 2026-08-17 11:26:40,366] Trial 146 finished with value: 0.05978475766330953 and parameters: {'rho_e': 0.15508160707257104, 'rho_d': 1e-05, 'nu': 36, 'sigma': 0.3831908553496998}. Best is trial 124 with value: 0.056360843955360514.
[I 2026-08-17 11:27:28,886] Trial 147 finished with value: 0.05644992677301813 and parameters: {'rho_e': 0.14619513801660042, 'rho_d': 0.0013477915287509882, 'nu': 2, 'sigma': 0.19912735134833334}. Best is trial 124 with value: 0.056360843955360514.
[I 2026-08-17 11:28:19,088] Trial 148 finished with value: 0.08233008171803984 and parameters: {'rho_e': 1000.0, 'rho_d': 1e-05, 'nu': 36, 'sigma': 1.0}. Best is trial 124 with value: 0.056360843955360514.
[I 2026-08-17 11:29:07,751] Trial 149 finished with value: 0.05848819598312195 and parameters: {'rho_e': 0.11983912709576164, 'rho_d': 8.539978457601513e-05, 'nu': 36, 'sigma': 0.1967184952068464}. Best is trial 124 with value: 0.056360843955360514.
[I 2026-08-17 11:29:55,882] Trial 150 finished with value: 0.09515251981655384 and parameters: {'rho_e': 1e-05, 'rho_d': 1e-05, 'nu': 2, 'sigma': 0.9999999999999999}. Best is trial 124 with value: 0.056360843955360514.
[I 2026-08-17 11:30:43,501] Trial 151 finished with value: 0.07336418948141596 and parameters: {'rho_e': 10.126681291725472, 'rho_d': 1000.0, 'nu': 36, 'sigma': 1.0}. Best is trial 124 with value: 0.056360843955360514.
[I 2026-08-17 11:31:31,151] Trial 152 finished with value: 0.09111783061090857 and parameters: {'rho_e': 1e-05, 'rho_d': 1000.0, 'nu': 2, 'sigma': 0.0}. Best is trial 124 with value: 0.056360843955360514.
[I 2026-08-17 11:32:19,139] Trial 153 finished with value: 0.05671948335225691 and parameters: {'rho_e': 0.13424988649733255, 'rho_d': 0.0017184933955232302, 'nu': 2, 'sigma': 0.22714577787077855}. Best is trial 124 with value: 0.056360843955360514.
[I 2026-08-17 11:33:07,295] Trial 154 finished with value: 0.05655898237595065 and parameters: {'rho_e': 0.11788775438730778, 'rho_d': 1e-05, 'nu': 2, 'sigma': 0.14576641378287902}. Best is trial 124 with value: 0.056360843955360514.
[I 2026-08-17 11:33:56,355] Trial 155 finished with value: 0.07141137049541453 and parameters: {'rho_e': 1000.0, 'rho_d': 1e-05, 'nu': 2, 'sigma': 0.5688098777605521}. Best is trial 124 with value: 0.056360843955360514.
[I 2026-08-17 11:34:45,120] Trial 156 finished with value: 0.05880805791649397 and parameters: {'rho_e': 0.3020032073939812, 'rho_d': 1e-05, 'nu': 2, 'sigma': 0.47997446075634803}. Best is trial 124 with value: 0.056360843955360514.
[I 2026-08-17 11:35:32,902] Trial 157 finished with value: 0.08554901078800446 and parameters: {'rho_e': 34.06500769559615, 'rho_d': 999.999999999998, 'nu': 2, 'sigma': 1.0}. Best is trial 124 with value: 0.056360843955360514.
[I 2026-08-17 11:36:20,497] Trial 158 finished with value: 0.059010303219624735 and parameters: {'rho_e': 0.10251442211351346, 'rho_d': 1e-05, 'nu': 27, 'sigma': 0.2265840113347914}. Best is trial 124 with value: 0.056360843955360514.
[I 2026-08-17 11:37:13,117] Trial 159 finished with value: 0.0667440655219722 and parameters: {'rho_e': 0.15187399460880582, 'rho_d': 1e-05, 'nu': 2, 'sigma': 0.6513973171280723}. Best is trial 124 with value: 0.056360843955360514.
[I 2026-08-17 11:38:07,001] Trial 160 finished with value: 0.056610967052931546 and parameters: {'rho_e': 0.1604105517379217, 'rho_d': 1e-05, 'nu': 2, 'sigma': 0.19452467307259558}. Best is trial 124 with value: 0.056360843955360514.
[I 2026-08-17 11:39:00,332] Trial 161 finished with value: 0.05658503734398368 and parameters: {'rho_e': 0.11211846516666947, 'rho_d': 1e-05, 'nu': 2, 'sigma': 0.13788349164583286}. Best is trial 124 with value: 0.056360843955360514.
[I 2026-08-17 11:39:53,969] Trial 162 finished with value: 0.056772823698880426 and parameters: {'rho_e': 0.16545660378446114, 'rho_d': 0.0016489243020657083, 'nu': 2, 'sigma': 0.20423078474929268}. Best is trial 124 with value: 0.056360843955360514.
[I 2026-08-17 11:40:47,459] Trial 163 finished with value: 0.07413698072621532 and parameters: {'rho_e': 2.606517321145881, 'rho_d': 1000.0, 'nu': 19, 'sigma': 0.3501573159492351}. Best is trial 124 with value: 0.056360843955360514.
[I 2026-08-17 11:41:40,136] Trial 164 finished with value: 0.05757022184926303 and parameters: {'rho_e': 0.11400048902850246, 'rho_d': 1e-05, 'nu': 6, 'sigma': 0.13905723908424072}. Best is trial 124 with value: 0.056360843955360514.
[I 2026-08-17 11:42:28,194] Trial 165 finished with value: 0.07016734005714538 and parameters: {'rho_e': 9.301797256710135e-05, 'rho_d': 1e-05, 'nu': 2, 'sigma': 0.0}. Best is trial 124 with value: 0.056360843955360514.
[I 2026-08-17 11:43:16,452] Trial 166 finished with value: 0.06966567638096816 and parameters: {'rho_e': 16.459415351692083, 'rho_d': 1000.0, 'nu': 36, 'sigma': 0.0}. Best is trial 124 with value: 0.056360843955360514.
[I 2026-08-17 11:44:04,647] Trial 167 finished with value: 0.0586596872333789 and parameters: {'rho_e': 0.28938549986812234, 'rho_d': 0.00022821410422465996, 'nu': 2, 'sigma': 0.3685918248438022}. Best is trial 124 with value: 0.056360843955360514.
[I 2026-08-17 11:44:52,188] Trial 168 finished with value: 0.08439978885870247 and parameters: {'rho_e': 1000.0, 'rho_d': 1000.0, 'nu': 2, 'sigma': 0.0}. Best is trial 124 with value: 0.056360843955360514.
[I 2026-08-17 11:45:40,400] Trial 169 finished with value: 0.07314376934149361 and parameters: {'rho_e': 9.00285734822106e-05, 'rho_d': 1e-05, 'nu': 36, 'sigma': 0.41073977681049195}. Best is trial 124 with value: 0.056360843955360514.
[I 2026-08-17 11:46:28,604] Trial 170 finished with value: 0.06954308054919824 and parameters: {'rho_e': 0.004691484208092198, 'rho_d': 1e-05, 'nu': 2, 'sigma': 0.0}. Best is trial 124 with value: 0.056360843955360514.
[I 2026-08-17 11:47:16,950] Trial 171 finished with value: 0.061929869047019775 and parameters: {'rho_e': 0.15042346189188133, 'rho_d': 0.0001567643362091083, 'nu': 36, 'sigma': 0.7169805503771215}. Best is trial 124 with value: 0.056360843955360514.
[I 2026-08-17 11:48:05,279] Trial 172 finished with value: 0.05661312646956944 and parameters: {'rho_e': 0.129850489161894, 'rho_d': 2.124868362464742e-05, 'nu': 2, 'sigma': 0.1594135060725026}. Best is trial 124 with value: 0.056360843955360514.
[I 2026-08-17 11:48:53,870] Trial 173 finished with value: 0.05912158376033583 and parameters: {'rho_e': 0.09128551727398018, 'rho_d': 5.004013350477663e-05, 'nu': 27, 'sigma': 0.0}. Best is trial 124 with value: 0.056360843955360514.
[I 2026-08-17 11:49:42,560] Trial 174 finished with value: 0.0701522812679302 and parameters: {'rho_e': 5.15639022627328e-05, 'rho_d': 0.0005139217522273052, 'nu': 36, 'sigma': 0.0}. Best is trial 124 with value: 0.056360843955360514.
[I 2026-08-17 11:50:31,309] Trial 175 finished with value: 0.056360843955360514 and parameters: {'rho_e': 0.14774584488776182, 'rho_d': 0.00014036667288403878, 'nu': 2, 'sigma': 0.21389095371090353}. Best is trial 124 with value: 0.056360843955360514.
[I 2026-08-17 11:51:20,147] Trial 176 finished with value: 0.07009264034423768 and parameters: {'rho_e': 16.294797509303656, 'rho_d': 999.999999999998, 'nu': 2, 'sigma': 0.1340146222696579}. Best is trial 124 with value: 0.056360843955360514.
[I 2026-08-17 11:52:09,127] Trial 177 finished with value: 0.06505055526649897 and parameters: {'rho_e': 0.9239512196399272, 'rho_d': 1e-05, 'nu': 2, 'sigma': 0.6404375270936014}. Best is trial 124 with value: 0.056360843955360514.
[I 2026-08-17 11:52:57,490] Trial 178 finished with value: 0.056360843955360514 and parameters: {'rho_e': 0.14774584488776182, 'rho_d': 0.00014036667288403878, 'nu': 2, 'sigma': 0.21389095371090353}. Best is trial 124 with value: 0.056360843955360514.
[I 2026-08-17 11:53:46,752] Trial 179 finished with value: 0.05728413360599941 and parameters: {'rho_e': 0.2066982357075929, 'rho_d': 1e-05, 'nu': 2, 'sigma': 0.28038076710585774}. Best is trial 124 with value: 0.056360843955360514.
[I 2026-08-17 11:54:36,197] Trial 180 finished with value: 0.05677994473984055 and parameters: {'rho_e': 0.1353404538686204, 'rho_d': 0.0005030490246611348, 'nu': 2, 'sigma': 0.18693921119666207}. Best is trial 124 with value: 0.056360843955360514.
