/home/gterren/dynamic_update/functional_forecast_dynamic_update/scripts/validate_zone_ffc_mpi.py:673: ExperimentalWarning: GPSampler is experimental (supported from v3.6.0). The interface can change in the future.
  sampler=GPSampler(seed=SEED, n_startup_trials=0)
[I 2026-08-16 12:05:51,883] A new study created in memory with name: no-name-0538383f-4bbb-47be-b7b1-d92d1cc29fee
[I 2026-08-16 12:06:45,433] Trial 0 finished with value: 0.10293005588708333 and parameters: {'rho_e': 320.48049270601035, 'rho_d': 7.333720044069125e-05, 'nu': 34, 'sigma': 0.34161895725503777}. Best is trial 0 with value: 0.10293005588708333.
[I 2026-08-16 12:07:38,982] Trial 1 finished with value: 0.08764480600538387 and parameters: {'rho_e': 714.2318580621164, 'rho_d': 7.880301998103747, 'nu': 14, 'sigma': 0.5640663113520826}. Best is trial 1 with value: 0.08764480600538387.
[I 2026-08-16 12:08:31,809] Trial 2 finished with value: 0.09646847667657148 and parameters: {'rho_e': 90.68365035523885, 'rho_d': 97.28200063020995, 'nu': 15, 'sigma': 0.6170686539921842}. Best is trial 1 with value: 0.08764480600538387.
[I 2026-08-16 12:09:25,181] Trial 3 finished with value: 0.11326699382432591 and parameters: {'rho_e': 34.09764974093975, 'rho_d': 1.8123134792657378, 'nu': 12, 'sigma': 0.03955694153629689}. Best is trial 1 with value: 0.08764480600538387.
[I 2026-08-16 12:10:18,490] Trial 4 finished with value: 0.07941244558005589 and parameters: {'rho_e': 0.03475995405019492, 'rho_d': 0.11138976964905928, 'nu': 7, 'sigma': 0.546009361076742}. Best is trial 4 with value: 0.07941244558005589.
[I 2026-08-16 12:11:11,336] Trial 5 finished with value: 0.07767609501032713 and parameters: {'rho_e': 3.807181325856371e-05, 'rho_d': 0.000138354297677471, 'nu': 9, 'sigma': 0.32339670371682033}. Best is trial 5 with value: 0.07767609501032713.
[I 2026-08-16 12:12:04,493] Trial 6 finished with value: 0.09067002941178759 and parameters: {'rho_e': 5.553831725156411e-05, 'rho_d': 0.0005916483668115688, 'nu': 3, 'sigma': 0.8983600164394779}. Best is trial 5 with value: 0.07767609501032713.
[I 2026-08-16 12:12:57,714] Trial 7 finished with value: 0.09836164687397993 and parameters: {'rho_e': 0.0002147046480063219, 'rho_d': 17.176405562094168, 'nu': 32, 'sigma': 0.16345900097034335}. Best is trial 5 with value: 0.07767609501032713.
[I 2026-08-16 12:13:50,289] Trial 8 finished with value: 0.08263602671446132 and parameters: {'rho_e': 0.00039295529172662095, 'rho_d': 0.008983614558532275, 'nu': 19, 'sigma': 0.672973803669145}. Best is trial 5 with value: 0.07767609501032713.
[I 2026-08-16 12:14:42,789] Trial 9 finished with value: 0.08188786712362939 and parameters: {'rho_e': 0.3297833201098901, 'rho_d': 9.211714948268902, 'nu': 29, 'sigma': 0.18513435223250624}. Best is trial 5 with value: 0.07767609501032713.
[I 2026-08-16 12:15:35,678] Trial 10 finished with value: 0.08590653308790594 and parameters: {'rho_e': 0.00032743449687552774, 'rho_d': 0.06982459335646382, 'nu': 9, 'sigma': 0.5792478451202063}. Best is trial 5 with value: 0.07767609501032713.
[I 2026-08-16 12:16:28,533] Trial 11 finished with value: 0.07877999791311728 and parameters: {'rho_e': 8.16547317679453e-05, 'rho_d': 2.4989297252983232e-05, 'nu': 10, 'sigma': 0.41061226315015686}. Best is trial 5 with value: 0.07767609501032713.
[I 2026-08-16 12:17:21,325] Trial 12 finished with value: 0.09765804766933464 and parameters: {'rho_e': 120.0954437207198, 'rho_d': 242.85242029746937, 'nu': 32, 'sigma': 0.9360668636803037}. Best is trial 5 with value: 0.07767609501032713.
[I 2026-08-16 12:18:14,124] Trial 13 finished with value: 0.1031362035973565 and parameters: {'rho_e': 148.14344553176596, 'rho_d': 0.5265790180554144, 'nu': 26, 'sigma': 0.2609687718092598}. Best is trial 5 with value: 0.07767609501032713.
[I 2026-08-16 12:19:06,973] Trial 14 finished with value: 0.09476358852005691 and parameters: {'rho_e': 0.0012364362503263237, 'rho_d': 0.15322002229043483, 'nu': 13, 'sigma': 0.9515959537053901}. Best is trial 5 with value: 0.07767609501032713.
[I 2026-08-16 12:19:59,765] Trial 15 finished with value: 0.10074840399350798 and parameters: {'rho_e': 0.007445793612460039, 'rho_d': 137.09981367260704, 'nu': 23, 'sigma': 0.3660501592040706}. Best is trial 5 with value: 0.07767609501032713.
[I 2026-08-16 12:20:52,585] Trial 16 finished with value: 0.10303290650080152 and parameters: {'rho_e': 0.002331219976154238, 'rho_d': 392.7935435250583, 'nu': 35, 'sigma': 0.8741179454716912}. Best is trial 5 with value: 0.07767609501032713.
[I 2026-08-16 12:21:45,538] Trial 17 finished with value: 0.0886414073966007 and parameters: {'rho_e': 58.790303564087075, 'rho_d': 0.05935824250108043, 'nu': 31, 'sigma': 0.9216627658858851}. Best is trial 5 with value: 0.07767609501032713.
[I 2026-08-16 12:22:38,435] Trial 18 finished with value: 0.09987703656347045 and parameters: {'rho_e': 0.014580639344596942, 'rho_d': 174.2155211031002, 'nu': 36, 'sigma': 0.4028597931525407}. Best is trial 5 with value: 0.07767609501032713.
[I 2026-08-16 12:23:31,391] Trial 19 finished with value: 0.08297686288217739 and parameters: {'rho_e': 1.551834292783962e-05, 'rho_d': 7.758979887421448e-05, 'nu': 21, 'sigma': 0.8626656052613566}. Best is trial 5 with value: 0.07767609501032713.
[I 2026-08-16 12:24:24,272] Trial 20 finished with value: 0.0833044563783312 and parameters: {'rho_e': 0.009046633091153963, 'rho_d': 0.009973086216759817, 'nu': 19, 'sigma': 0.9666069253628409}. Best is trial 5 with value: 0.07767609501032713.
[I 2026-08-16 12:25:17,166] Trial 21 finished with value: 0.09153493414692838 and parameters: {'rho_e': 269.68912307558213, 'rho_d': 0.0013085337566522048, 'nu': 23, 'sigma': 0.6049507531969688}. Best is trial 5 with value: 0.07767609501032713.
[I 2026-08-16 12:26:10,081] Trial 22 finished with value: 0.07422296472722165 and parameters: {'rho_e': 504.8700620745148, 'rho_d': 0.00019757983555148038, 'nu': 5, 'sigma': 0.8532382499765339}. Best is trial 22 with value: 0.07422296472722165.
[I 2026-08-16 12:27:02,894] Trial 23 finished with value: 0.07952897059402195 and parameters: {'rho_e': 1.7746640904286266, 'rho_d': 1.549040305360904e-05, 'nu': 7, 'sigma': 0.6204933603595459}. Best is trial 22 with value: 0.07422296472722165.
[I 2026-08-16 12:27:55,120] Trial 24 finished with value: 0.10896824771739966 and parameters: {'rho_e': 11.673891313075186, 'rho_d': 0.03707447477903782, 'nu': 35, 'sigma': 0.1359820180272283}. Best is trial 22 with value: 0.07422296472722165.
[I 2026-08-16 12:28:47,249] Trial 25 finished with value: 0.10747152462992456 and parameters: {'rho_e': 2.2156827969853805, 'rho_d': 3.692191347356584e-05, 'nu': 22, 'sigma': 0.07674293879615599}. Best is trial 22 with value: 0.07422296472722165.
[I 2026-08-16 12:29:39,770] Trial 26 finished with value: 0.07683462603641192 and parameters: {'rho_e': 0.004544380665804007, 'rho_d': 0.00023035939536654332, 'nu': 32, 'sigma': 0.25784346919035067}. Best is trial 22 with value: 0.07422296472722165.
[I 2026-08-16 12:30:32,291] Trial 27 finished with value: 0.08389168027745297 and parameters: {'rho_e': 1.3826927126900712, 'rho_d': 64.78251153341243, 'nu': 8, 'sigma': 0.3167722166619299}. Best is trial 22 with value: 0.07422296472722165.
[I 2026-08-16 12:31:24,839] Trial 28 finished with value: 0.10882444562318494 and parameters: {'rho_e': 847.5752595376426, 'rho_d': 635.234736886619, 'nu': 34, 'sigma': 0.1439418689780986}. Best is trial 22 with value: 0.07422296472722165.
[I 2026-08-16 12:32:17,312] Trial 29 finished with value: 0.09850680760124594 and parameters: {'rho_e': 92.45494909910872, 'rho_d': 0.011334226708406118, 'nu': 26, 'sigma': 0.42583995993007934}. Best is trial 22 with value: 0.07422296472722165.
[I 2026-08-16 12:33:09,703] Trial 30 finished with value: 0.09237573548695197 and parameters: {'rho_e': 1.0131460240934304e-05, 'rho_d': 0.2653121086531181, 'nu': 6, 'sigma': 0.44201403494614916}. Best is trial 22 with value: 0.07422296472722165.
[I 2026-08-16 12:34:02,156] Trial 31 finished with value: 0.08724588132618757 and parameters: {'rho_e': 45.45766213389336, 'rho_d': 0.0025868602779063267, 'nu': 4, 'sigma': 0.38317322712608465}. Best is trial 22 with value: 0.07422296472722165.
[I 2026-08-16 12:34:54,473] Trial 32 finished with value: 0.10209543559785417 and parameters: {'rho_e': 12.753570002551308, 'rho_d': 0.4633466535985563, 'nu': 30, 'sigma': 0.33427812215348657}. Best is trial 22 with value: 0.07422296472722165.
[I 2026-08-16 12:35:46,785] Trial 33 finished with value: 0.09243451038838865 and parameters: {'rho_e': 4.965498044708172, 'rho_d': 0.423970550119016, 'nu': 30, 'sigma': 0.7788321911718593}. Best is trial 22 with value: 0.07422296472722165.
[I 2026-08-16 12:36:39,052] Trial 34 finished with value: 0.08824346518373734 and parameters: {'rho_e': 180.94562030525123, 'rho_d': 0.015332133818559709, 'nu': 21, 'sigma': 0.6868735114272253}. Best is trial 22 with value: 0.07422296472722165.
[I 2026-08-16 12:37:31,311] Trial 35 finished with value: 0.08690188878995994 and parameters: {'rho_e': 0.6085430963528888, 'rho_d': 2.0420730916203814e-05, 'nu': 17, 'sigma': 0.49669181962302233}. Best is trial 22 with value: 0.07422296472722165.
[I 2026-08-16 12:38:23,586] Trial 36 finished with value: 0.07807894682110236 and parameters: {'rho_e': 0.00928603156398131, 'rho_d': 4.888364469054896e-05, 'nu': 32, 'sigma': 0.6699979877065975}. Best is trial 22 with value: 0.07422296472722165.
[I 2026-08-16 12:39:15,717] Trial 37 finished with value: 0.108687576479305 and parameters: {'rho_e': 6.869204441610755, 'rho_d': 0.9291412989812996, 'nu': 22, 'sigma': 0.12361705429933466}. Best is trial 22 with value: 0.07422296472722165.
[I 2026-08-16 12:40:07,143] Trial 38 finished with value: 0.08371438053204562 and parameters: {'rho_e': 224.63043333270562, 'rho_d': 0.0004148606041900776, 'nu': 15, 'sigma': 0.7352474706157236}. Best is trial 22 with value: 0.07422296472722165.
[I 2026-08-16 12:40:59,252] Trial 39 finished with value: 0.08620909100109458 and parameters: {'rho_e': 1.267081003095647e-05, 'rho_d': 0.04273530719106839, 'nu': 14, 'sigma': 0.7688281578751173}. Best is trial 22 with value: 0.07422296472722165.
[I 2026-08-16 12:41:51,176] Trial 40 finished with value: 0.08507237066515037 and parameters: {'rho_e': 0.012493083943583248, 'rho_d': 0.2028507300560964, 'nu': 23, 'sigma': 0.056227347433398675}. Best is trial 22 with value: 0.07422296472722165.
[I 2026-08-16 12:42:43,170] Trial 41 finished with value: 0.07895393899066917 and parameters: {'rho_e': 0.0007628531976274308, 'rho_d': 0.001670697392940989, 'nu': 29, 'sigma': 0.4584348767622854}. Best is trial 22 with value: 0.07422296472722165.
[I 2026-08-16 12:43:35,162] Trial 42 finished with value: 0.09066637471568054 and parameters: {'rho_e': 0.005806304421628637, 'rho_d': 1.4365977637269708e-05, 'nu': 2, 'sigma': 0.9106647475419452}. Best is trial 22 with value: 0.07422296472722165.
[I 2026-08-16 12:44:26,727] Trial 43 finished with value: 0.07738652502343131 and parameters: {'rho_e': 0.0008587368539217641, 'rho_d': 0.007288528117812194, 'nu': 11, 'sigma': 0.20396186869121644}. Best is trial 22 with value: 0.07422296472722165.
[I 2026-08-16 12:45:18,738] Trial 44 finished with value: 0.08151693571647844 and parameters: {'rho_e': 0.1792530484320524, 'rho_d': 3.479675194465007, 'nu': 3, 'sigma': 0.10525113802545309}. Best is trial 22 with value: 0.07422296472722165.
[I 2026-08-16 12:46:10,859] Trial 45 finished with value: 0.08487023890622582 and parameters: {'rho_e': 19.367126056962743, 'rho_d': 0.030252644562028107, 'nu': 4, 'sigma': 0.4336145360125894}. Best is trial 22 with value: 0.07422296472722165.
[I 2026-08-16 12:47:02,855] Trial 46 finished with value: 0.08384008814874636 and parameters: {'rho_e': 0.07819569654406465, 'rho_d': 1.9841520016538194, 'nu': 22, 'sigma': 0.04211050685633353}. Best is trial 22 with value: 0.07422296472722165.
[I 2026-08-16 12:47:55,217] Trial 47 finished with value: 0.09960466680083446 and parameters: {'rho_e': 669.3824717917842, 'rho_d': 0.00027660724373514654, 'nu': 16, 'sigma': 0.27678061563075596}. Best is trial 22 with value: 0.07422296472722165.
[I 2026-08-16 12:48:47,222] Trial 48 finished with value: 0.08791853351766969 and parameters: {'rho_e': 0.018501287512575466, 'rho_d': 0.22602256262332207, 'nu': 24, 'sigma': 0.8131818214754672}. Best is trial 22 with value: 0.07422296472722165.
[I 2026-08-16 12:49:39,408] Trial 49 finished with value: 0.09966528297897945 and parameters: {'rho_e': 0.1030501020203731, 'rho_d': 119.55056247732517, 'nu': 11, 'sigma': 0.944863474340989}. Best is trial 22 with value: 0.07422296472722165.
[I 2026-08-16 12:50:31,527] Trial 50 finished with value: 0.09524389647558151 and parameters: {'rho_e': 0.0026246544686353516, 'rho_d': 0.7935311340354209, 'nu': 35, 'sigma': 0.3919356624055371}. Best is trial 22 with value: 0.07422296472722165.
[I 2026-08-16 12:51:23,524] Trial 51 finished with value: 0.08340318716494738 and parameters: {'rho_e': 0.00017659937383951617, 'rho_d': 0.02674076982660716, 'nu': 13, 'sigma': 0.6384925895833462}. Best is trial 22 with value: 0.07422296472722165.
[I 2026-08-16 12:52:15,681] Trial 52 finished with value: 0.09445268459948863 and parameters: {'rho_e': 0.0438223544438519, 'rho_d': 13.27092330947627, 'nu': 12, 'sigma': 0.6482034219596354}. Best is trial 22 with value: 0.07422296472722165.
[I 2026-08-16 12:53:07,751] Trial 53 finished with value: 0.1103847603247565 and parameters: {'rho_e': 67.31177771756968, 'rho_d': 22.524024416890263, 'nu': 25, 'sigma': 0.11958239231100397}. Best is trial 22 with value: 0.07422296472722165.
[I 2026-08-16 12:53:59,835] Trial 54 finished with value: 0.09535686044717973 and parameters: {'rho_e': 0.06009686948832667, 'rho_d': 702.7766718230083, 'nu': 24, 'sigma': 0.17989747837144152}. Best is trial 22 with value: 0.07422296472722165.
[I 2026-08-16 12:54:51,776] Trial 55 finished with value: 0.10326421513863826 and parameters: {'rho_e': 0.00012101083302027408, 'rho_d': 85.12969823799796, 'nu': 26, 'sigma': 0.7516186948384436}. Best is trial 22 with value: 0.07422296472722165.
[I 2026-08-16 12:55:43,800] Trial 56 finished with value: 0.09172172999942525 and parameters: {'rho_e': 4.4449465705750724e-05, 'rho_d': 9.401784700431145e-05, 'nu': 4, 'sigma': 0.9942653496967248}. Best is trial 22 with value: 0.07422296472722165.
[I 2026-08-16 12:56:35,759] Trial 57 finished with value: 0.08737494700447332 and parameters: {'rho_e': 3.307257910022608, 'rho_d': 1.1511665095735834e-05, 'nu': 20, 'sigma': 0.6905301191059311}. Best is trial 22 with value: 0.07422296472722165.
[I 2026-08-16 12:57:27,874] Trial 58 finished with value: 0.10834320544466043 and parameters: {'rho_e': 0.0018704796883527702, 'rho_d': 524.5157096061105, 'nu': 19, 'sigma': 0.8898001613676954}. Best is trial 22 with value: 0.07422296472722165.
[I 2026-08-16 12:58:20,196] Trial 59 finished with value: 0.10305294196522613 and parameters: {'rho_e': 0.00023883766661560925, 'rho_d': 947.8058917732094, 'nu': 10, 'sigma': 0.3568854649530273}. Best is trial 22 with value: 0.07422296472722165.
[I 2026-08-16 12:59:12,726] Trial 60 finished with value: 0.07925805149694395 and parameters: {'rho_e': 30.153221315802828, 'rho_d': 0.006272183691824702, 'nu': 12, 'sigma': 0.8466806358880004}. Best is trial 22 with value: 0.07422296472722165.
[I 2026-08-16 13:00:03,997] Trial 61 finished with value: 0.08727895361575101 and parameters: {'rho_e': 0.226268097322272, 'rho_d': 283.5251734794936, 'nu': 17, 'sigma': 0.019964072188620115}. Best is trial 22 with value: 0.07422296472722165.
[I 2026-08-16 13:00:55,919] Trial 62 finished with value: 0.10309424528416593 and parameters: {'rho_e': 2.4798988920647473, 'rho_d': 17.450493767735836, 'nu': 13, 'sigma': 0.0039353243500312015}. Best is trial 22 with value: 0.07422296472722165.
[I 2026-08-16 13:01:48,355] Trial 63 finished with value: 0.07537439047198917 and parameters: {'rho_e': 0.025011677310605572, 'rho_d': 0.016946064387621387, 'nu': 5, 'sigma': 0.08841482055332675}. Best is trial 22 with value: 0.07422296472722165.
[I 2026-08-16 13:02:40,957] Trial 64 finished with value: 0.07591690512149633 and parameters: {'rho_e': 0.029456952680907967, 'rho_d': 2.912499879392691e-05, 'nu': 33, 'sigma': 0.974254661426714}. Best is trial 22 with value: 0.07422296472722165.
[I 2026-08-16 13:03:33,488] Trial 65 finished with value: 0.08775638036312741 and parameters: {'rho_e': 9.218225081546117e-05, 'rho_d': 0.1361310780000168, 'nu': 30, 'sigma': 0.7440945126870621}. Best is trial 22 with value: 0.07422296472722165.
[I 2026-08-16 13:04:25,173] Trial 66 finished with value: 0.10040308709739093 and parameters: {'rho_e': 21.482257030517378, 'rho_d': 42.52555482501704, 'nu': 27, 'sigma': 0.4609982391736993}. Best is trial 22 with value: 0.07422296472722165.
[I 2026-08-16 13:05:17,531] Trial 67 finished with value: 0.10042952947481586 and parameters: {'rho_e': 7.413442883472736e-05, 'rho_d': 207.16154979595137, 'nu': 18, 'sigma': 0.23019726500401494}. Best is trial 22 with value: 0.07422296472722165.
[I 2026-08-16 13:06:09,740] Trial 68 finished with value: 0.0883031958794278 and parameters: {'rho_e': 331.65607362397486, 'rho_d': 2.2977956617515165, 'nu': 31, 'sigma': 0.9880793079556061}. Best is trial 22 with value: 0.07422296472722165.
[I 2026-08-16 13:07:01,957] Trial 69 finished with value: 0.09451997741692345 and parameters: {'rho_e': 0.02228531315762712, 'rho_d': 25.232369392582758, 'nu': 25, 'sigma': 0.2216557233890635}. Best is trial 22 with value: 0.07422296472722165.
[I 2026-08-16 13:07:53,532] Trial 70 finished with value: 0.09079276335339048 and parameters: {'rho_e': 0.14969641630262168, 'rho_d': 54.06795952815221, 'nu': 20, 'sigma': 0.7103295068611721}. Best is trial 22 with value: 0.07422296472722165.
[I 2026-08-16 13:08:45,693] Trial 71 finished with value: 0.07779323907700232 and parameters: {'rho_e': 0.0017275438961041048, 'rho_d': 0.003548458129165728, 'nu': 28, 'sigma': 0.02796825543351146}. Best is trial 22 with value: 0.07422296472722165.
[I 2026-08-16 13:09:37,843] Trial 72 finished with value: 0.09788492982943053 and parameters: {'rho_e': 16.725979606950222, 'rho_d': 34.33925158049958, 'nu': 9, 'sigma': 0.802913518676575}. Best is trial 22 with value: 0.07422296472722165.
[I 2026-08-16 13:10:30,051] Trial 73 finished with value: 0.08991188389132365 and parameters: {'rho_e': 3.6122944035850635, 'rho_d': 0.01920927787961488, 'nu': 27, 'sigma': 0.7264140238743382}. Best is trial 22 with value: 0.07422296472722165.
[I 2026-08-16 13:11:22,278] Trial 74 finished with value: 0.0876712473015766 and parameters: {'rho_e': 38.61671152420864, 'rho_d': 0.002092292724802397, 'nu': 10, 'sigma': 0.47191996106294565}. Best is trial 22 with value: 0.07422296472722165.
[I 2026-08-16 13:12:13,824] Trial 75 finished with value: 0.10372843124817106 and parameters: {'rho_e': 2.450780781203914e-05, 'rho_d': 449.41470527134857, 'nu': 16, 'sigma': 0.5277083597945009}. Best is trial 22 with value: 0.07422296472722165.
[I 2026-08-16 13:13:06,084] Trial 76 finished with value: 0.08021101069792932 and parameters: {'rho_e': 0.00015760718394869903, 'rho_d': 0.0005200712074228567, 'nu': 15, 'sigma': 0.5106304992925566}. Best is trial 22 with value: 0.07422296472722165.
[I 2026-08-16 13:13:58,212] Trial 77 finished with value: 0.07381317588304932 and parameters: {'rho_e': 0.12333808423244141, 'rho_d': 0.0018142933109536823, 'nu': 4, 'sigma': 0.5331919170716646}. Best is trial 77 with value: 0.07381317588304932.
[I 2026-08-16 13:14:50,381] Trial 78 finished with value: 0.09834512687766539 and parameters: {'rho_e': 2.6615626186979542e-05, 'rho_d': 4.023562656475725, 'nu': 24, 'sigma': 0.48760603387528256}. Best is trial 77 with value: 0.07381317588304932.
[I 2026-08-16 13:15:42,827] Trial 79 finished with value: 0.10037208777925277 and parameters: {'rho_e': 451.9589689129725, 'rho_d': 6.286836703514959, 'nu': 18, 'sigma': 0.289480861806035}. Best is trial 77 with value: 0.07381317588304932.
[I 2026-08-16 13:16:35,414] Trial 80 finished with value: 0.09264765348410106 and parameters: {'rho_e': 0.0005064907910624623, 'rho_d': 0.34294972962194176, 'nu': 35, 'sigma': 0.6504115906201252}. Best is trial 77 with value: 0.07381317588304932.
[I 2026-08-16 13:17:27,879] Trial 81 finished with value: 0.09480038859292904 and parameters: {'rho_e': 1.1537053770394115, 'rho_d': 0.0001903153408941842, 'nu': 17, 'sigma': 0.30893609937588534}. Best is trial 77 with value: 0.07381317588304932.
[I 2026-08-16 13:18:20,357] Trial 82 finished with value: 0.08027729981791253 and parameters: {'rho_e': 0.0004165631246779191, 'rho_d': 0.00390870101242766, 'nu': 28, 'sigma': 0.5506632379880236}. Best is trial 77 with value: 0.07381317588304932.
[I 2026-08-16 13:19:13,062] Trial 83 finished with value: 0.07728024801654737 and parameters: {'rho_e': 3.230091141162473e-05, 'rho_d': 0.0012018846154684226, 'nu': 25, 'sigma': 0.19688751551933248}. Best is trial 77 with value: 0.07381317588304932.
[I 2026-08-16 13:20:05,841] Trial 84 finished with value: 0.08635927007045033 and parameters: {'rho_e': 0.09291954227513116, 'rho_d': 3.09424743819704, 'nu': 27, 'sigma': 0.7014670599510662}. Best is trial 77 with value: 0.07381317588304932.
[I 2026-08-16 13:20:58,579] Trial 85 finished with value: 0.09801450765796797 and parameters: {'rho_e': 0.003111638974228438, 'rho_d': 1.2149575344172832, 'nu': 33, 'sigma': 0.5953788769075302}. Best is trial 77 with value: 0.07381317588304932.
[I 2026-08-16 13:21:51,332] Trial 86 finished with value: 0.10820857071559732 and parameters: {'rho_e': 9.987810107211534, 'rho_d': 5.2299013316616865, 'nu': 3, 'sigma': 0.09085637693719704}. Best is trial 77 with value: 0.07381317588304932.
[I 2026-08-16 13:22:44,243] Trial 87 finished with value: 0.09417506224275327 and parameters: {'rho_e': 0.96044116828649, 'rho_d': 0.6420987843246544, 'nu': 17, 'sigma': 0.21429990725733172}. Best is trial 77 with value: 0.07381317588304932.
