[I 2026-08-16 17:10:57,871] Trial 180 finished with value: 0.06276305680271409 and parameters: {'rho_e': 0.1301756068607265, 'rho_d': 1e-05, 'nu': 2, 'sigma': 0.21262148972225792}. Best is trial 135 with value: 0.06253215540366755.
[I 2026-08-16 17:11:50,242] Trial 181 finished with value: 0.06300096780174609 and parameters: {'rho_e': 0.10171146076807974, 'rho_d': 0.000742512346565909, 'nu': 2, 'sigma': 0.18605019897524072}. Best is trial 135 with value: 0.06253215540366755.
[I 2026-08-16 17:12:42,271] Trial 182 finished with value: 0.09299111902298184 and parameters: {'rho_e': 1e-05, 'rho_d': 1000.0, 'nu': 2, 'sigma': 0.0}. Best is trial 135 with value: 0.06253215540366755.
[I 2026-08-16 17:13:34,066] Trial 183 finished with value: 0.06276122844028227 and parameters: {'rho_e': 0.1105778599421625, 'rho_d': 0.0018241012643414665, 'nu': 2, 'sigma': 0.22307176558142403}. Best is trial 135 with value: 0.06253215540366755.
[I 2026-08-16 17:14:25,935] Trial 184 finished with value: 0.06627872958934947 and parameters: {'rho_e': 0.38111265934437577, 'rho_d': 0.695803386493819, 'nu': 2, 'sigma': 0.21870652372449353}. Best is trial 135 with value: 0.06253215540366755.
[I 2026-08-16 17:15:17,517] Trial 185 finished with value: 0.06564139439547273 and parameters: {'rho_e': 1.1786390149451695, 'rho_d': 7.421063870016837, 'nu': 16, 'sigma': 0.14571227464182704}. Best is trial 135 with value: 0.06253215540366755.
[I 2026-08-16 17:16:09,012] Trial 186 finished with value: 0.06304794012355361 and parameters: {'rho_e': 0.1162288719919453, 'rho_d': 0.029691158106333937, 'nu': 2, 'sigma': 0.18676679215741107}. Best is trial 135 with value: 0.06253215540366755.
[I 2026-08-16 17:17:00,451] Trial 187 finished with value: 0.06339974513676103 and parameters: {'rho_e': 0.10149328374552431, 'rho_d': 0.004321963620887875, 'nu': 2, 'sigma': 0.19696164102240715}. Best is trial 135 with value: 0.06253215540366755.
[I 2026-08-16 17:17:51,795] Trial 188 finished with value: 0.06524041090877185 and parameters: {'rho_e': 0.7707996045266645, 'rho_d': 8.855178881019325, 'nu': 36, 'sigma': 0.47726340259872857}. Best is trial 135 with value: 0.06253215540366755.
[I 2026-08-16 17:18:43,353] Trial 189 finished with value: 0.07800210250866764 and parameters: {'rho_e': 0.003371012199446691, 'rho_d': 1e-05, 'nu': 2, 'sigma': 0.0}. Best is trial 135 with value: 0.06253215540366755.
[I 2026-08-16 17:19:34,800] Trial 190 finished with value: 0.06308283122964324 and parameters: {'rho_e': 0.12092182626185696, 'rho_d': 1e-05, 'nu': 2, 'sigma': 0.24907046144188594}. Best is trial 135 with value: 0.06253215540366755.
[I 2026-08-16 17:20:25,974] Trial 191 finished with value: 0.06321145343990055 and parameters: {'rho_e': 0.14954074577538412, 'rho_d': 0.054027877210690085, 'nu': 2, 'sigma': 0.1369509079800743}. Best is trial 135 with value: 0.06253215540366755.
[I 2026-08-16 17:21:16,981] Trial 192 finished with value: 0.0676216971680504 and parameters: {'rho_e': 0.09631876363909198, 'rho_d': 1e-05, 'nu': 2, 'sigma': 0.0}. Best is trial 135 with value: 0.06253215540366755.
[I 2026-08-16 17:22:07,928] Trial 193 finished with value: 0.06306609137888136 and parameters: {'rho_e': 0.09738197535364174, 'rho_d': 1e-05, 'nu': 2, 'sigma': 0.18415499177014275}. Best is trial 135 with value: 0.06253215540366755.
[I 2026-08-16 17:22:58,957] Trial 194 finished with value: 0.06967135171245809 and parameters: {'rho_e': 0.18122872530697018, 'rho_d': 0.5310912767039572, 'nu': 36, 'sigma': 0.0}. Best is trial 135 with value: 0.06253215540366755.
[I 2026-08-16 17:23:49,912] Trial 195 finished with value: 0.08572976427842552 and parameters: {'rho_e': 1000.0, 'rho_d': 1000.0, 'nu': 2, 'sigma': 0.0}. Best is trial 135 with value: 0.06253215540366755.
[I 2026-08-16 17:24:40,834] Trial 196 finished with value: 0.09256871842203458 and parameters: {'rho_e': 0.024868190449039818, 'rho_d': 1000.0, 'nu': 36, 'sigma': 0.0}. Best is trial 135 with value: 0.06253215540366755.
[I 2026-08-16 17:25:31,835] Trial 197 finished with value: 0.06726644251355404 and parameters: {'rho_e': 1.0755047901278316, 'rho_d': 32.295493955839206, 'nu': 36, 'sigma': 0.329605947659311}. Best is trial 135 with value: 0.06253215540366755.
[I 2026-08-16 17:26:22,975] Trial 198 finished with value: 0.06889280664229694 and parameters: {'rho_e': 7.421118240291766, 'rho_d': 18.288294403240073, 'nu': 36, 'sigma': 0.4582704650312482}. Best is trial 135 with value: 0.06253215540366755.
[I 2026-08-16 17:27:14,731] Trial 199 finished with value: 0.0684535779515966 and parameters: {'rho_e': 0.18487776718734736, 'rho_d': 0.00026303215341116275, 'nu': 36, 'sigma': 0.7439697459428909}. Best is trial 135 with value: 0.06253215540366755.
/home/gterren/dynamic_update/functional_forecast_dynamic_update/scripts/validate_zone_ffc_mpi.py:1094: FutureWarning: The behavior of DataFrame concatenation with empty or all-NA entries is deprecated. In a future version, this will no longer exclude empty or all-NA columns when determining the result dtypes. To retain the old behavior, exclude the relevant entries before the concat operation.
  results_df = pd.concat([results_df, prob_results], axis = 0, ignore_index=True)
