[I 2026-08-16 16:24:07,613] Trial 180 finished with value: 0.09190903701160276 and parameters: {'rho_e': 1000.0, 'rho_d': 1e-05, 'nu': 36, 'sigma': 1.0}. Best is trial 175 with value: 0.06252683524503815.
[I 2026-08-16 16:24:46,062] Trial 181 finished with value: 0.07502415715348465 and parameters: {'rho_e': 11.78435938337412, 'rho_d': 1000.0, 'nu': 2, 'sigma': 0.48802260665353475}. Best is trial 175 with value: 0.06252683524503815.
[I 2026-08-16 16:25:24,480] Trial 182 finished with value: 0.07808558309217534 and parameters: {'rho_e': 1e-05, 'rho_d': 0.0017863984287296978, 'nu': 2, 'sigma': 0.0}. Best is trial 175 with value: 0.06252683524503815.
[I 2026-08-16 16:26:01,813] Trial 183 finished with value: 0.1059373734454666 and parameters: {'rho_e': 1000.0, 'rho_d': 0.04997572943427056, 'nu': 2, 'sigma': 0.0}. Best is trial 175 with value: 0.06252683524503815.
[I 2026-08-16 16:26:40,290] Trial 184 finished with value: 0.06730478679519662 and parameters: {'rho_e': 0.07392205668523026, 'rho_d': 0.00018511964146289262, 'nu': 36, 'sigma': 0.0}. Best is trial 175 with value: 0.06252683524503815.
[I 2026-08-16 16:27:18,726] Trial 185 finished with value: 0.0777312894195383 and parameters: {'rho_e': 0.00021195950304793255, 'rho_d': 1.0393227649063627e-05, 'nu': 2, 'sigma': 0.01564275287091732}. Best is trial 175 with value: 0.06252683524503815.
[I 2026-08-16 16:27:56,093] Trial 186 finished with value: 0.06521930095913481 and parameters: {'rho_e': 0.13611785575819915, 'rho_d': 3.3649207269187025e-05, 'nu': 23, 'sigma': 0.332125546926498}. Best is trial 175 with value: 0.06252683524503815.
[I 2026-08-16 16:28:34,478] Trial 187 finished with value: 0.07025280566968631 and parameters: {'rho_e': 0.6604398145577332, 'rho_d': 19.403629463745574, 'nu': 36, 'sigma': 0.0}. Best is trial 175 with value: 0.06252683524503815.
[I 2026-08-16 16:29:12,936] Trial 188 finished with value: 0.06507784055787783 and parameters: {'rho_e': 0.25078248201226866, 'rho_d': 0.0022852559106555834, 'nu': 2, 'sigma': 0.2743255477612678}. Best is trial 175 with value: 0.06252683524503815.
[I 2026-08-16 16:29:51,373] Trial 189 finished with value: 0.07351717118034025 and parameters: {'rho_e': 0.15950445781528094, 'rho_d': 0.01778654282840837, 'nu': 36, 'sigma': 1.0}. Best is trial 175 with value: 0.06252683524503815.
[I 2026-08-16 16:30:29,829] Trial 190 finished with value: 0.07585004757704174 and parameters: {'rho_e': 0.48694797925626326, 'rho_d': 1e-05, 'nu': 36, 'sigma': 1.0}. Best is trial 175 with value: 0.06252683524503815.
[I 2026-08-16 16:31:08,346] Trial 191 finished with value: 0.07275796585472097 and parameters: {'rho_e': 0.023442266454444388, 'rho_d': 0.0003558173327198444, 'nu': 36, 'sigma': 0.0}. Best is trial 175 with value: 0.06252683524503815.
[I 2026-08-16 16:31:45,673] Trial 192 finished with value: 0.072007370284314 and parameters: {'rho_e': 0.40546565170533244, 'rho_d': 84.32952549961294, 'nu': 36, 'sigma': 0.3695727220228052}. Best is trial 175 with value: 0.06252683524503815.
[I 2026-08-16 16:32:24,195] Trial 193 finished with value: 0.09165717903467911 and parameters: {'rho_e': 25.207133917866276, 'rho_d': 1e-05, 'nu': 36, 'sigma': 1.0}. Best is trial 175 with value: 0.06252683524503815.
[I 2026-08-16 16:33:02,855] Trial 194 finished with value: 0.06895358763664015 and parameters: {'rho_e': 0.07270559412930454, 'rho_d': 0.12318389634803266, 'nu': 36, 'sigma': 0.38203754347961244}. Best is trial 175 with value: 0.06252683524503815.
[I 2026-08-16 16:33:40,602] Trial 195 finished with value: 0.08677553495465948 and parameters: {'rho_e': 85.47654681515431, 'rho_d': 38.8925457290651, 'nu': 36, 'sigma': 0.6348759703943465}. Best is trial 175 with value: 0.06252683524503815.
[I 2026-08-16 16:34:16,471] Trial 196 finished with value: 0.06974319833553765 and parameters: {'rho_e': 42.15794989121292, 'rho_d': 1000.0, 'nu': 25, 'sigma': 0.6006651676276041}. Best is trial 175 with value: 0.06252683524503815.
[I 2026-08-16 16:34:56,211] Trial 197 finished with value: 0.06719804910570631 and parameters: {'rho_e': 31.03374176867432, 'rho_d': 1000.0, 'nu': 36, 'sigma': 0.37474394711223963}. Best is trial 175 with value: 0.06252683524503815.
[I 2026-08-16 16:35:33,816] Trial 198 finished with value: 0.06588552498191802 and parameters: {'rho_e': 12.48217044850825, 'rho_d': 155.87749601441863, 'nu': 36, 'sigma': 0.41377294225545747}. Best is trial 175 with value: 0.06252683524503815.
[I 2026-08-16 16:36:13,395] Trial 199 finished with value: 0.07296305269474194 and parameters: {'rho_e': 8.578616623691394, 'rho_d': 1000.0, 'nu': 36, 'sigma': 0.0}. Best is trial 175 with value: 0.06252683524503815.
/home/gterren/dynamic_update/functional_forecast_dynamic_update/scripts/validate_zone_ffc_mpi.py:1094: FutureWarning: The behavior of DataFrame concatenation with empty or all-NA entries is deprecated. In a future version, this will no longer exclude empty or all-NA columns when determining the result dtypes. To retain the old behavior, exclude the relevant entries before the concat operation.
  results_df = pd.concat([results_df, prob_results], axis = 0, ignore_index=True)
