[I 2026-08-16 15:06:31,838] Trial 180 finished with value: 0.0862258728270004 and parameters: {'rho_e': 0.00015550936478571953, 'rho_d': 0.0007769102284313983, 'nu': 36, 'sigma': 0.0}. Best is trial 159 with value: 0.07147555376334172.
[I 2026-08-16 15:07:14,648] Trial 181 finished with value: 0.1120115690326792 and parameters: {'rho_e': 1000.0, 'rho_d': 1e-05, 'nu': 2, 'sigma': 0.0}. Best is trial 159 with value: 0.07147555376334172.
[I 2026-08-16 15:07:56,961] Trial 182 finished with value: 0.1120115690326792 and parameters: {'rho_e': 1000.0, 'rho_d': 0.06161582032881831, 'nu': 2, 'sigma': 0.0}. Best is trial 159 with value: 0.07147555376334172.
[I 2026-08-16 15:08:39,882] Trial 183 finished with value: 0.09010646668472196 and parameters: {'rho_e': 4.083310173993343, 'rho_d': 0.00027126449652378136, 'nu': 2, 'sigma': 1.0}. Best is trial 159 with value: 0.07147555376334172.
[I 2026-08-16 15:09:22,532] Trial 184 finished with value: 0.07694679453066933 and parameters: {'rho_e': 1.1015917337776473, 'rho_d': 1000.0, 'nu': 2, 'sigma': 0.0}. Best is trial 159 with value: 0.07147555376334172.
[I 2026-08-16 15:10:05,067] Trial 185 finished with value: 0.07227092555465668 and parameters: {'rho_e': 0.037734739524272025, 'rho_d': 0.0006966658650070092, 'nu': 2, 'sigma': 0.28936467181304526}. Best is trial 159 with value: 0.07147555376334172.
[I 2026-08-16 15:10:47,864] Trial 186 finished with value: 0.08640503974459547 and parameters: {'rho_e': 1e-05, 'rho_d': 1e-05, 'nu': 2, 'sigma': 0.0}. Best is trial 159 with value: 0.07147555376334172.
[I 2026-08-16 15:11:30,198] Trial 187 finished with value: 0.07175551345602386 and parameters: {'rho_e': 0.06571917459365981, 'rho_d': 4.1330540803213984e-05, 'nu': 2, 'sigma': 0.48311207878094764}. Best is trial 159 with value: 0.07147555376334172.
[I 2026-08-16 15:12:13,086] Trial 188 finished with value: 0.07342691457343861 and parameters: {'rho_e': 0.05180876346440127, 'rho_d': 1.678122013532149e-05, 'nu': 2, 'sigma': 0.5259314039722085}. Best is trial 159 with value: 0.07147555376334172.
[I 2026-08-16 15:12:55,260] Trial 189 finished with value: 0.07234238475419348 and parameters: {'rho_e': 0.058658932979817835, 'rho_d': 6.379736669447332e-05, 'nu': 2, 'sigma': 0.41084922905173804}. Best is trial 159 with value: 0.07147555376334172.
[I 2026-08-16 15:13:38,267] Trial 190 finished with value: 0.07153543473242774 and parameters: {'rho_e': 0.04919154289138679, 'rho_d': 1.9984249275067304e-05, 'nu': 2, 'sigma': 0.363593437187096}. Best is trial 159 with value: 0.07147555376334172.
[I 2026-08-16 15:14:20,295] Trial 191 finished with value: 0.07199337019802188 and parameters: {'rho_e': 0.03566995376724721, 'rho_d': 0.00011000246556224404, 'nu': 2, 'sigma': 0.3455748851337008}. Best is trial 159 with value: 0.07147555376334172.
[I 2026-08-16 15:15:03,124] Trial 192 finished with value: 0.07154635103183739 and parameters: {'rho_e': 0.04679313572188448, 'rho_d': 0.00021597448979437166, 'nu': 2, 'sigma': 0.37015022814685294}. Best is trial 159 with value: 0.07147555376334172.
[I 2026-08-16 15:15:45,149] Trial 193 finished with value: 0.07158861358881882 and parameters: {'rho_e': 0.04670879114618381, 'rho_d': 0.0002172717212097707, 'nu': 2, 'sigma': 0.3701712276305628}. Best is trial 159 with value: 0.07147555376334172.
[I 2026-08-16 15:16:28,004] Trial 194 finished with value: 0.07161281855418136 and parameters: {'rho_e': 0.04652645478698145, 'rho_d': 0.0003967193273584218, 'nu': 2, 'sigma': 0.3768216475454101}. Best is trial 159 with value: 0.07147555376334172.
[I 2026-08-16 15:17:10,058] Trial 195 finished with value: 0.07203314751998555 and parameters: {'rho_e': 0.04659211966871717, 'rho_d': 0.00018351517232894593, 'nu': 2, 'sigma': 0.36182172759842846}. Best is trial 159 with value: 0.07147555376334172.
[I 2026-08-16 15:17:53,019] Trial 196 finished with value: 0.07214478753822923 and parameters: {'rho_e': 0.04647484081881999, 'rho_d': 1e-05, 'nu': 2, 'sigma': 0.35237246402246597}. Best is trial 159 with value: 0.07147555376334172.
[I 2026-08-16 15:18:35,200] Trial 197 finished with value: 0.07192048598898644 and parameters: {'rho_e': 0.04979609819233514, 'rho_d': 2.4575089035943194e-05, 'nu': 2, 'sigma': 0.36556927865242467}. Best is trial 159 with value: 0.07147555376334172.
[I 2026-08-16 15:19:18,144] Trial 198 finished with value: 0.07147555376334172 and parameters: {'rho_e': 0.04407954075072322, 'rho_d': 8.920623852962268e-05, 'nu': 2, 'sigma': 0.3391556473025704}. Best is trial 159 with value: 0.07147555376334172.
[I 2026-08-16 15:20:00,234] Trial 199 finished with value: 0.07147555376334173 and parameters: {'rho_e': 0.044079540750723144, 'rho_d': 8.920623852962268e-05, 'nu': 2, 'sigma': 0.3391556473025704}. Best is trial 159 with value: 0.07147555376334172.
/home/gterren/dynamic_update/functional_forecast_dynamic_update/scripts/validate_zone_ffc_mpi.py:1094: FutureWarning: The behavior of DataFrame concatenation with empty or all-NA entries is deprecated. In a future version, this will no longer exclude empty or all-NA columns when determining the result dtypes. To retain the old behavior, exclude the relevant entries before the concat operation.
  results_df = pd.concat([results_df, prob_results], axis = 0, ignore_index=True)
