[I 2026-08-16 14:48:49,776] Trial 180 finished with value: 0.08532566931560367 and parameters: {'rho_e': 0.42500603912526114, 'rho_d': 1e-05, 'nu': 36, 'sigma': 1.0}. Best is trial 179 with value: 0.07149975257072382.
[I 2026-08-16 14:49:18,431] Trial 181 finished with value: 0.07485541539191978 and parameters: {'rho_e': 4.325020482155587, 'rho_d': 1000.0, 'nu': 22, 'sigma': 0.40460926059815144}. Best is trial 179 with value: 0.07149975257072382.
[I 2026-08-16 14:49:48,383] Trial 182 finished with value: 0.07505171861796159 and parameters: {'rho_e': 0.03654300032560836, 'rho_d': 0.0009740218944441858, 'nu': 36, 'sigma': 0.31865157285559764}. Best is trial 179 with value: 0.07149975257072382.
[I 2026-08-16 14:50:19,287] Trial 183 finished with value: 0.07483596342698144 and parameters: {'rho_e': 0.04141427468677484, 'rho_d': 1e-05, 'nu': 36, 'sigma': 0.7020301994213779}. Best is trial 179 with value: 0.07149975257072382.
[I 2026-08-16 14:50:48,835] Trial 184 finished with value: 0.08633715860758462 and parameters: {'rho_e': 1e-05, 'rho_d': 0.00039861424923965153, 'nu': 36, 'sigma': 0.0}. Best is trial 179 with value: 0.07149975257072382.
[I 2026-08-16 14:51:17,354] Trial 185 finished with value: 0.08640482635124971 and parameters: {'rho_e': 0.00014801995223231738, 'rho_d': 1e-05, 'nu': 36, 'sigma': 0.0}. Best is trial 179 with value: 0.07149975257072382.
[I 2026-08-16 14:51:45,893] Trial 186 finished with value: 0.07661040111894254 and parameters: {'rho_e': 0.11670031856162486, 'rho_d': 66.3559665602965, 'nu': 2, 'sigma': 0.0}. Best is trial 179 with value: 0.07149975257072382.
[I 2026-08-16 14:52:14,543] Trial 187 finished with value: 0.08019494978573338 and parameters: {'rho_e': 1.2336778910025035, 'rho_d': 999.999999999998, 'nu': 2, 'sigma': 0.35841742073387284}. Best is trial 179 with value: 0.07149975257072382.
[I 2026-08-16 14:52:43,548] Trial 188 finished with value: 0.092026299611568 and parameters: {'rho_e': 1e-05, 'rho_d': 0.0025892852408211826, 'nu': 36, 'sigma': 1.0}. Best is trial 179 with value: 0.07149975257072382.
[I 2026-08-16 14:53:14,651] Trial 189 finished with value: 0.07408629405924091 and parameters: {'rho_e': 0.45402362574779864, 'rho_d': 62.49769431176528, 'nu': 21, 'sigma': 0.4272068925236056}. Best is trial 179 with value: 0.07149975257072382.
[I 2026-08-16 14:53:44,414] Trial 190 finished with value: 0.09385282431060452 and parameters: {'rho_e': 1e-05, 'rho_d': 1000.0, 'nu': 36, 'sigma': 0.0}. Best is trial 179 with value: 0.07149975257072382.
[I 2026-08-16 14:54:13,326] Trial 191 finished with value: 0.09481650506715494 and parameters: {'rho_e': 1000.0, 'rho_d': 6.047175639600866, 'nu': 36, 'sigma': 1.0}. Best is trial 179 with value: 0.07149975257072382.
[I 2026-08-16 14:54:41,925] Trial 192 finished with value: 0.07442692942425837 and parameters: {'rho_e': 0.019965290770589925, 'rho_d': 0.0011594477135286165, 'nu': 2, 'sigma': 0.2968511183534231}. Best is trial 179 with value: 0.07149975257072382.
[I 2026-08-16 14:55:10,647] Trial 193 finished with value: 0.09049400342758945 and parameters: {'rho_e': 75.7220516890722, 'rho_d': 0.0480731472186162, 'nu': 2, 'sigma': 1.0}. Best is trial 179 with value: 0.07149975257072382.
[I 2026-08-16 14:55:39,794] Trial 194 finished with value: 0.07443873561778902 and parameters: {'rho_e': 0.04090238085981192, 'rho_d': 0.0025942713171314665, 'nu': 36, 'sigma': 0.5972696410789773}. Best is trial 179 with value: 0.07149975257072382.
[I 2026-08-16 14:56:10,025] Trial 195 finished with value: 0.08069000079891514 and parameters: {'rho_e': 0.009077943059088836, 'rho_d': 1e-05, 'nu': 36, 'sigma': 0.0}. Best is trial 179 with value: 0.07149975257072382.
[I 2026-08-16 14:56:40,372] Trial 196 finished with value: 0.0795535691764363 and parameters: {'rho_e': 0.03452230202003703, 'rho_d': 0.004537426432529115, 'nu': 2, 'sigma': 0.6626026748736591}. Best is trial 179 with value: 0.07149975257072382.
[I 2026-08-16 14:57:09,541] Trial 197 finished with value: 0.08621168920247607 and parameters: {'rho_e': 0.9427452453779354, 'rho_d': 0.0043039110665973246, 'nu': 2, 'sigma': 1.0}. Best is trial 179 with value: 0.07149975257072382.
[I 2026-08-16 14:57:38,262] Trial 198 finished with value: 0.09161200230101617 and parameters: {'rho_e': 1e-05, 'rho_d': 1e-05, 'nu': 36, 'sigma': 1.0}. Best is trial 179 with value: 0.07149975257072382.
[I 2026-08-16 14:58:06,908] Trial 199 finished with value: 0.07443426756195813 and parameters: {'rho_e': 0.3625722145065061, 'rho_d': 54.812167577446566, 'nu': 36, 'sigma': 0.6710556919104588}. Best is trial 179 with value: 0.07149975257072382.
/home/gterren/dynamic_update/functional_forecast_dynamic_update/scripts/validate_zone_ffc_mpi.py:1094: FutureWarning: The behavior of DataFrame concatenation with empty or all-NA entries is deprecated. In a future version, this will no longer exclude empty or all-NA columns when determining the result dtypes. To retain the old behavior, exclude the relevant entries before the concat operation.
  results_df = pd.concat([results_df, prob_results], axis = 0, ignore_index=True)
