[I 2026-08-16 15:34:55,619] Trial 179 finished with value: 0.06684177618810866 and parameters: {'rho_e': 0.1375247236811746, 'rho_d': 0.7897698466811381, 'nu': 36, 'sigma': 0.0}. Best is trial 164 with value: 0.05520540130590172.
[I 2026-08-16 15:35:34,200] Trial 180 finished with value: 0.08080337573192836 and parameters: {'rho_e': 1000.0, 'rho_d': 1000.0, 'nu': 2, 'sigma': 0.0}. Best is trial 164 with value: 0.05520540130590172.
[I 2026-08-16 15:36:13,326] Trial 181 finished with value: 0.08311126695080727 and parameters: {'rho_e': 1e-05, 'rho_d': 1e-05, 'nu': 2, 'sigma': 0.3808796535199293}. Best is trial 164 with value: 0.05520540130590172.
[I 2026-08-16 15:36:51,766] Trial 182 finished with value: 0.07252308344627333 and parameters: {'rho_e': 0.0031615996490979973, 'rho_d': 1e-05, 'nu': 36, 'sigma': 0.2838754615897796}. Best is trial 164 with value: 0.05520540130590172.
[I 2026-08-16 15:37:29,739] Trial 183 finished with value: 0.0733696284601546 and parameters: {'rho_e': 1e-05, 'rho_d': 0.004460673877725364, 'nu': 36, 'sigma': 0.33208307327025427}. Best is trial 164 with value: 0.05520540130590172.
[I 2026-08-16 15:38:08,133] Trial 184 finished with value: 0.09111783061090857 and parameters: {'rho_e': 1e-05, 'rho_d': 1000.0, 'nu': 36, 'sigma': 0.0}. Best is trial 164 with value: 0.05520540130590172.
[I 2026-08-16 15:38:47,367] Trial 185 finished with value: 0.06552591939946421 and parameters: {'rho_e': 0.22433893638663716, 'rho_d': 1e-05, 'nu': 36, 'sigma': 0.6093118196556004}. Best is trial 164 with value: 0.05520540130590172.
[I 2026-08-16 15:39:25,584] Trial 186 finished with value: 0.06425599065034285 and parameters: {'rho_e': 0.10847712085495426, 'rho_d': 0.0013663398190657547, 'nu': 36, 'sigma': 0.5472116378447435}. Best is trial 164 with value: 0.05520540130590172.
[I 2026-08-16 15:40:04,493] Trial 187 finished with value: 0.06676955080261321 and parameters: {'rho_e': 0.24123294720254881, 'rho_d': 1.6134925222400354, 'nu': 36, 'sigma': 0.2999466521645753}. Best is trial 164 with value: 0.05520540130590172.
[I 2026-08-16 15:40:41,667] Trial 188 finished with value: 0.0675233788893818 and parameters: {'rho_e': 0.10394587676349314, 'rho_d': 0.5618425241392236, 'nu': 2, 'sigma': 0.0}. Best is trial 164 with value: 0.05520540130590172.
[I 2026-08-16 15:41:20,825] Trial 189 finished with value: 0.07222077508728672 and parameters: {'rho_e': 1000.0, 'rho_d': 1000.0, 'nu': 36, 'sigma': 0.4775356681529256}. Best is trial 164 with value: 0.05520540130590172.
[I 2026-08-16 15:41:59,035] Trial 190 finished with value: 0.06819853237797621 and parameters: {'rho_e': 75.78904107847112, 'rho_d': 1000.0, 'nu': 2, 'sigma': 0.3443811640305608}. Best is trial 164 with value: 0.05520540130590172.
[I 2026-08-16 15:42:38,254] Trial 191 finished with value: 0.09111782493528918 and parameters: {'rho_e': 0.0017358539258199828, 'rho_d': 1000.0, 'nu': 2, 'sigma': 0.0}. Best is trial 164 with value: 0.05520540130590172.
[I 2026-08-16 15:43:13,391] Trial 192 finished with value: 0.05520540130590172 and parameters: {'rho_e': 0.11648677257920462, 'rho_d': 4.49794481314002e-05, 'nu': 2, 'sigma': 0.11435449483015163}. Best is trial 164 with value: 0.05520540130590172.
[I 2026-08-16 15:43:48,250] Trial 193 finished with value: 0.05520540130590172 and parameters: {'rho_e': 0.11648677257920462, 'rho_d': 4.49794481314002e-05, 'nu': 2, 'sigma': 0.11435449483015163}. Best is trial 164 with value: 0.05520540130590172.
[I 2026-08-16 15:44:24,518] Trial 194 finished with value: 0.05520540130590172 and parameters: {'rho_e': 0.11648677257920462, 'rho_d': 4.49794481314002e-05, 'nu': 2, 'sigma': 0.11435449483015164}. Best is trial 164 with value: 0.05520540130590172.
[I 2026-08-16 15:45:03,999] Trial 195 finished with value: 0.05520540130590172 and parameters: {'rho_e': 0.11648677257920462, 'rho_d': 4.49794481314002e-05, 'nu': 2, 'sigma': 0.11435449483015163}. Best is trial 164 with value: 0.05520540130590172.
[I 2026-08-16 15:45:37,966] Trial 196 finished with value: 0.05520540130590172 and parameters: {'rho_e': 0.11648677257920462, 'rho_d': 4.49794481314002e-05, 'nu': 2, 'sigma': 0.11435449483015164}. Best is trial 164 with value: 0.05520540130590172.
[I 2026-08-16 15:46:20,195] Trial 197 finished with value: 0.05520540130590172 and parameters: {'rho_e': 0.11648677257920462, 'rho_d': 4.49794481314002e-05, 'nu': 2, 'sigma': 0.11435449483015163}. Best is trial 164 with value: 0.05520540130590172.
[I 2026-08-16 15:47:07,802] Trial 198 finished with value: 0.05520540130590172 and parameters: {'rho_e': 0.11648677257920462, 'rho_d': 4.49794481314002e-05, 'nu': 2, 'sigma': 0.11435449483015163}. Best is trial 164 with value: 0.05520540130590172.
[I 2026-08-16 15:47:56,197] Trial 199 finished with value: 0.05520540130590172 and parameters: {'rho_e': 0.11648677257920462, 'rho_d': 4.49794481314002e-05, 'nu': 2, 'sigma': 0.11435449483015163}. Best is trial 164 with value: 0.05520540130590172.
/home/gterren/dynamic_update/functional_forecast_dynamic_update/scripts/validate_zone_ffc_mpi.py:1094: FutureWarning: The behavior of DataFrame concatenation with empty or all-NA entries is deprecated. In a future version, this will no longer exclude empty or all-NA columns when determining the result dtypes. To retain the old behavior, exclude the relevant entries before the concat operation.
  results_df = pd.concat([results_df, prob_results], axis = 0, ignore_index=True)
