[I 2026-08-16 13:01:59,326] Trial 180 finished with value: 0.09504543036946417 and parameters: {'rho_e': 1000.0, 'rho_d': 0.11741951871830235, 'nu': 2, 'sigma': 1.0}. Best is trial 174 with value: 0.06539551331347751.
[I 2026-08-16 13:02:30,132] Trial 181 finished with value: 0.06539551331347751 and parameters: {'rho_e': 0.05953377780127016, 'rho_d': 0.002525512952224697, 'nu': 2, 'sigma': 0.3101046054212577}. Best is trial 174 with value: 0.06539551331347751.
[I 2026-08-16 13:03:00,939] Trial 182 finished with value: 0.06539551331347751 and parameters: {'rho_e': 0.05953377780127005, 'rho_d': 0.002525512952224697, 'nu': 2, 'sigma': 0.3101046054212577}. Best is trial 174 with value: 0.06539551331347751.
[I 2026-08-16 13:03:31,773] Trial 183 finished with value: 0.06539551331347751 and parameters: {'rho_e': 0.05953377780127016, 'rho_d': 0.002525512952224697, 'nu': 2, 'sigma': 0.3101046054212577}. Best is trial 174 with value: 0.06539551331347751.
[I 2026-08-16 13:04:02,653] Trial 184 finished with value: 0.06539551331347751 and parameters: {'rho_e': 0.05953377780127005, 'rho_d': 0.002525512952224697, 'nu': 2, 'sigma': 0.3101046054212577}. Best is trial 174 with value: 0.06539551331347751.
[I 2026-08-16 13:04:33,454] Trial 185 finished with value: 0.06586091990639784 and parameters: {'rho_e': 0.056964607516585726, 'rho_d': 0.002643497103965184, 'nu': 2, 'sigma': 0.2907614238949853}. Best is trial 174 with value: 0.06539551331347751.
[I 2026-08-16 13:05:04,277] Trial 186 finished with value: 0.06583409010776747 and parameters: {'rho_e': 0.05981918062313876, 'rho_d': 0.0020647338332477933, 'nu': 2, 'sigma': 0.3297271984733221}. Best is trial 174 with value: 0.06539551331347751.
[I 2026-08-16 13:05:35,083] Trial 187 finished with value: 0.0655187577143829 and parameters: {'rho_e': 0.06695536760000607, 'rho_d': 0.0024890178262445507, 'nu': 2, 'sigma': 0.3161046069112826}. Best is trial 174 with value: 0.06539551331347751.
[I 2026-08-16 13:06:05,959] Trial 188 finished with value: 0.08831455623678353 and parameters: {'rho_e': 1e-05, 'rho_d': 1e-05, 'nu': 2, 'sigma': 0.47800427128524164}. Best is trial 174 with value: 0.06539551331347751.
[I 2026-08-16 13:06:36,832] Trial 189 finished with value: 0.06729720650301874 and parameters: {'rho_e': 0.06230249016922647, 'rho_d': 0.002994164836711525, 'nu': 8, 'sigma': 0.316132278649909}. Best is trial 174 with value: 0.06539551331347751.
[I 2026-08-16 13:07:07,652] Trial 190 finished with value: 0.09889148781481225 and parameters: {'rho_e': 1e-05, 'rho_d': 0.16851711934407965, 'nu': 36, 'sigma': 0.0}. Best is trial 174 with value: 0.06539551331347751.
[I 2026-08-16 13:07:38,476] Trial 191 finished with value: 0.0711385715657491 and parameters: {'rho_e': 0.03814247269026416, 'rho_d': 0.0004821936435177504, 'nu': 36, 'sigma': 0.5410361680092866}. Best is trial 174 with value: 0.06539551331347751.
[I 2026-08-16 13:08:09,272] Trial 192 finished with value: 0.09383986240390373 and parameters: {'rho_e': 1000.0, 'rho_d': 1e-05, 'nu': 36, 'sigma': 1.0}. Best is trial 174 with value: 0.06539551331347751.
[I 2026-08-16 13:08:40,006] Trial 193 finished with value: 0.0662272875684359 and parameters: {'rho_e': 0.048366755677642884, 'rho_d': 0.0018164010878852063, 'nu': 2, 'sigma': 0.2958236878018236}. Best is trial 174 with value: 0.06539551331347751.
[I 2026-08-16 13:09:10,736] Trial 194 finished with value: 0.06561801848409399 and parameters: {'rho_e': 0.06788454288663631, 'rho_d': 0.002501392986133254, 'nu': 2, 'sigma': 0.31925571963112703}. Best is trial 174 with value: 0.06539551331347751.
[I 2026-08-16 13:09:41,546] Trial 195 finished with value: 0.06606472652640216 and parameters: {'rho_e': 0.0633604026347129, 'rho_d': 0.003061198497679393, 'nu': 2, 'sigma': 0.2948710385796144}. Best is trial 174 with value: 0.06539551331347751.
[I 2026-08-16 13:10:12,385] Trial 196 finished with value: 0.06544974480344413 and parameters: {'rho_e': 0.06776574916471637, 'rho_d': 0.002341797232169981, 'nu': 2, 'sigma': 0.34273520246004796}. Best is trial 174 with value: 0.06539551331347751.
[I 2026-08-16 13:10:43,174] Trial 197 finished with value: 0.0653914585347374 and parameters: {'rho_e': 0.06774961236067503, 'rho_d': 0.002350883664864815, 'nu': 2, 'sigma': 0.34257807953522296}. Best is trial 197 with value: 0.0653914585347374.
[I 2026-08-16 13:11:13,983] Trial 198 finished with value: 0.06541862704051042 and parameters: {'rho_e': 0.06773864468551197, 'rho_d': 0.002357803356367909, 'nu': 2, 'sigma': 0.34343169788556765}. Best is trial 197 with value: 0.0653914585347374.
[I 2026-08-16 13:11:44,798] Trial 199 finished with value: 0.06539176900776039 and parameters: {'rho_e': 0.06772872758464711, 'rho_d': 0.0023723274599579064, 'nu': 2, 'sigma': 0.343360298763444}. Best is trial 197 with value: 0.0653914585347374.
/home/gterren/dynamic_update/functional_forecast_dynamic_update/scripts/validate_zone_ffc_mpi.py:1094: FutureWarning: The behavior of DataFrame concatenation with empty or all-NA entries is deprecated. In a future version, this will no longer exclude empty or all-NA columns when determining the result dtypes. To retain the old behavior, exclude the relevant entries before the concat operation.
  results_df = pd.concat([results_df, prob_results], axis = 0, ignore_index=True)
