[I 2026-08-16 15:24:58,298] Trial 88 finished with value: 0.08795962213754646 and parameters: {'rho_e': 0.486251533292777, 'rho_d': 52.14784654714354, 'nu': 6, 'sigma': 0.7891228370595951}. Best is trial 9 with value: 0.06697567104916236.
[I 2026-08-16 15:25:36,935] Trial 89 finished with value: 0.10907111650154457 and parameters: {'rho_e': 0.000612889380538402, 'rho_d': 6.25476322167153e-05, 'nu': 5, 'sigma': 0.9047950693848056}. Best is trial 9 with value: 0.06697567104916236.
[I 2026-08-16 15:26:15,051] Trial 90 finished with value: 0.10109868780353229 and parameters: {'rho_e': 7.905609421867139, 'rho_d': 1.482399313641124, 'nu': 20, 'sigma': 0.1529659116515288}. Best is trial 9 with value: 0.06697567104916236.
[I 2026-08-16 15:26:53,679] Trial 91 finished with value: 0.0767268709293486 and parameters: {'rho_e': 0.6819215330358105, 'rho_d': 0.0003702816334400203, 'nu': 33, 'sigma': 0.8384256258654897}. Best is trial 9 with value: 0.06697567104916236.
[I 2026-08-16 15:27:32,413] Trial 92 finished with value: 0.08531497918884905 and parameters: {'rho_e': 0.004212958428106735, 'rho_d': 0.004678011386611994, 'nu': 8, 'sigma': 0.37791297465362256}. Best is trial 9 with value: 0.06697567104916236.
[I 2026-08-16 15:28:10,614] Trial 93 finished with value: 0.06820998964753006 and parameters: {'rho_e': 0.2677199530536358, 'rho_d': 11.763303983773799, 'nu': 11, 'sigma': 0.24816428628969947}. Best is trial 9 with value: 0.06697567104916236.
[I 2026-08-16 15:28:49,217] Trial 94 finished with value: 0.07743203356705951 and parameters: {'rho_e': 0.0011444406274560965, 'rho_d': 0.000721586105829393, 'nu': 14, 'sigma': 0.06114790393564393}. Best is trial 9 with value: 0.06697567104916236.
[I 2026-08-16 15:29:28,270] Trial 95 finished with value: 0.09011612486702505 and parameters: {'rho_e': 0.3792824094846887, 'rho_d': 0.0570033980864129, 'nu': 8, 'sigma': 0.8283112299515442}. Best is trial 9 with value: 0.06697567104916236.
[I 2026-08-16 15:30:07,403] Trial 96 finished with value: 0.083571265313031 and parameters: {'rho_e': 1.9897379970608284e-05, 'rho_d': 0.000130016363482025, 'nu': 28, 'sigma': 0.5825780928860248}. Best is trial 9 with value: 0.06697567104916236.
[I 2026-08-16 15:30:45,928] Trial 97 finished with value: 0.0806611644196763 and parameters: {'rho_e': 0.8390481620733344, 'rho_d': 0.09244901937295714, 'nu': 29, 'sigma': 0.5060934257174607}. Best is trial 9 with value: 0.06697567104916236.
[I 2026-08-16 15:31:24,386] Trial 98 finished with value: 0.08837827631312632 and parameters: {'rho_e': 4.631918267545036, 'rho_d': 0.0009628776616921115, 'nu': 19, 'sigma': 0.2900502502494807}. Best is trial 9 with value: 0.06697567104916236.
[I 2026-08-16 15:32:03,390] Trial 99 finished with value: 0.09457019569280992 and parameters: {'rho_e': 0.04871965141021672, 'rho_d': 3.330825453140193e-05, 'nu': 7, 'sigma': 0.7954371049397843}. Best is trial 9 with value: 0.06697567104916236.
[I 2026-08-16 15:32:43,752] Trial 100 finished with value: 0.06751752947160652 and parameters: {'rho_e': 14.00416627669092, 'rho_d': 604.1575176152375, 'nu': 35, 'sigma': 0.5573985835178636}. Best is trial 9 with value: 0.06697567104916236.
[I 2026-08-16 15:33:21,172] Trial 101 finished with value: 0.06765642806789202 and parameters: {'rho_e': 0.5868558535910512, 'rho_d': 10.6954409513937, 'nu': 13, 'sigma': 0.04108067497877099}. Best is trial 9 with value: 0.06697567104916236.
[I 2026-08-16 15:33:58,526] Trial 102 finished with value: 0.06801173128346252 and parameters: {'rho_e': 4.709156934795838, 'rho_d': 278.0454036214788, 'nu': 27, 'sigma': 0.4305051010944462}. Best is trial 9 with value: 0.06697567104916236.
[I 2026-08-16 15:34:36,025] Trial 103 finished with value: 0.06649473517161755 and parameters: {'rho_e': 0.2465259152635614, 'rho_d': 2.6326986913427017, 'nu': 19, 'sigma': 0.18159838007120135}. Best is trial 103 with value: 0.06649473517161755.
[I 2026-08-16 15:35:14,562] Trial 104 finished with value: 0.06979104996369487 and parameters: {'rho_e': 0.16135935836129903, 'rho_d': 0.11967504090479805, 'nu': 2, 'sigma': 0.0}. Best is trial 103 with value: 0.06649473517161755.
[I 2026-08-16 15:35:53,071] Trial 105 finished with value: 0.06581409764909182 and parameters: {'rho_e': 32.82771348188264, 'rho_d': 200.67139375246302, 'nu': 36, 'sigma': 0.5849600563716557}. Best is trial 105 with value: 0.06581409764909182.
[I 2026-08-16 15:36:31,620] Trial 106 finished with value: 0.06569031138315289 and parameters: {'rho_e': 0.15079351230531451, 'rho_d': 0.0001953971121684557, 'nu': 36, 'sigma': 0.46581894896950643}. Best is trial 106 with value: 0.06569031138315289.
[I 2026-08-16 15:37:09,215] Trial 107 finished with value: 0.06511874638164436 and parameters: {'rho_e': 0.12080289775890832, 'rho_d': 0.00036792656140938147, 'nu': 26, 'sigma': 0.3425212942669692}. Best is trial 107 with value: 0.06511874638164436.
[I 2026-08-16 15:37:47,823] Trial 108 finished with value: 0.06526971188884649 and parameters: {'rho_e': 0.10320808026868832, 'rho_d': 0.0012879038305141704, 'nu': 36, 'sigma': 0.34071789231544936}. Best is trial 107 with value: 0.06511874638164436.
[I 2026-08-16 15:38:25,404] Trial 109 finished with value: 0.06514426136079865 and parameters: {'rho_e': 0.09872735125768106, 'rho_d': 0.00022006000065461433, 'nu': 36, 'sigma': 0.3165453278324579}. Best is trial 107 with value: 0.06511874638164436.
[I 2026-08-16 15:39:04,026] Trial 110 finished with value: 0.06572669861724093 and parameters: {'rho_e': 0.12794749575153036, 'rho_d': 0.0004325175471750328, 'nu': 33, 'sigma': 0.35953218621722804}. Best is trial 107 with value: 0.06511874638164436.
[I 2026-08-16 15:39:41,630] Trial 111 finished with value: 0.06514666931350799 and parameters: {'rho_e': 0.08921918128286277, 'rho_d': 0.0012298153624915502, 'nu': 21, 'sigma': 0.17890419967582386}. Best is trial 107 with value: 0.06511874638164436.
[I 2026-08-16 15:40:20,424] Trial 112 finished with value: 0.07201629620703826 and parameters: {'rho_e': 1.8391201965672312, 'rho_d': 121.117832161817, 'nu': 5, 'sigma': 0.0}. Best is trial 107 with value: 0.06511874638164436.
[I 2026-08-16 15:40:59,138] Trial 113 finished with value: 0.06479265943963838 and parameters: {'rho_e': 0.07711088595101805, 'rho_d': 0.0004267594216838153, 'nu': 3, 'sigma': 0.09825886773720796}. Best is trial 113 with value: 0.06479265943963838.
[I 2026-08-16 15:41:36,866] Trial 114 finished with value: 0.06460423272846323 and parameters: {'rho_e': 0.08407571309139969, 'rho_d': 0.0003205727545096095, 'nu': 13, 'sigma': 0.18701622632310563}. Best is trial 114 with value: 0.06460423272846323.
[I 2026-08-16 15:42:15,725] Trial 115 finished with value: 0.06842591341990811 and parameters: {'rho_e': 0.04907661901793839, 'rho_d': 0.00041359872135960735, 'nu': 10, 'sigma': 0.0}. Best is trial 114 with value: 0.06460423272846323.
[I 2026-08-16 15:42:54,601] Trial 116 finished with value: 0.06341414165310776 and parameters: {'rho_e': 0.11363142151563546, 'rho_d': 0.0010084103670512821, 'nu': 5, 'sigma': 0.17412020936633105}. Best is trial 116 with value: 0.06341414165310776.
[I 2026-08-16 15:43:33,505] Trial 117 finished with value: 0.06380038076002525 and parameters: {'rho_e': 0.1347742922169235, 'rho_d': 0.0016749926287638844, 'nu': 2, 'sigma': 0.14443328296025304}. Best is trial 116 with value: 0.06341414165310776.
[I 2026-08-16 15:44:11,245] Trial 118 finished with value: 0.07825952032885795 and parameters: {'rho_e': 1e-05, 'rho_d': 1e-05, 'nu': 36, 'sigma': 0.0}. Best is trial 116 with value: 0.06341414165310776.
[I 2026-08-16 15:44:49,971] Trial 119 finished with value: 0.06302023662309059 and parameters: {'rho_e': 0.1549012958340726, 'rho_d': 0.00046670416992191597, 'nu': 2, 'sigma': 0.20768407037623288}. Best is trial 119 with value: 0.06302023662309059.
[I 2026-08-16 15:45:28,756] Trial 120 finished with value: 0.06572997723254033 and parameters: {'rho_e': 0.08965001165020196, 'rho_d': 1e-05, 'nu': 36, 'sigma': 0.4007226483215612}. Best is trial 119 with value: 0.06302023662309059.
[I 2026-08-16 15:46:07,555] Trial 121 finished with value: 0.06294534287599154 and parameters: {'rho_e': 0.09482983340445011, 'rho_d': 1e-05, 'nu': 2, 'sigma': 0.17424771425334767}. Best is trial 121 with value: 0.06294534287599154.
[I 2026-08-16 15:46:45,768] Trial 122 finished with value: 0.06273636305116582 and parameters: {'rho_e': 0.12571154653404015, 'rho_d': 4.034702528297172e-05, 'nu': 2, 'sigma': 0.22061597640120673}. Best is trial 122 with value: 0.06273636305116582.
[I 2026-08-16 15:47:23,962] Trial 123 finished with value: 0.06479912810173839 and parameters: {'rho_e': 0.09274115524039157, 'rho_d': 1e-05, 'nu': 13, 'sigma': 0.24080645861225616}. Best is trial 122 with value: 0.06273636305116582.
[I 2026-08-16 15:48:02,626] Trial 124 finished with value: 0.06387729586891058 and parameters: {'rho_e': 0.12562791950368143, 'rho_d': 2.9182183713875594e-05, 'nu': 2, 'sigma': 0.13606715608194275}. Best is trial 122 with value: 0.06273636305116582.
[I 2026-08-16 15:48:41,312] Trial 125 finished with value: 0.06522538610073045 and parameters: {'rho_e': 0.06888213865284488, 'rho_d': 2.520114149262584e-05, 'nu': 2, 'sigma': 0.1986644129152827}. Best is trial 122 with value: 0.06273636305116582.
[I 2026-08-16 15:49:20,022] Trial 126 finished with value: 0.06323401953207913 and parameters: {'rho_e': 0.16479833971051888, 'rho_d': 1e-05, 'nu': 2, 'sigma': 0.23732104742616122}. Best is trial 122 with value: 0.06273636305116582.
[I 2026-08-16 15:49:58,813] Trial 127 finished with value: 0.06364787697394556 and parameters: {'rho_e': 0.17231360466137313, 'rho_d': 0.00010505959248136478, 'nu': 2, 'sigma': 0.23576123426410375}. Best is trial 122 with value: 0.06273636305116582.
[I 2026-08-16 15:50:37,576] Trial 128 finished with value: 0.06315411981705304 and parameters: {'rho_e': 0.13690518431943718, 'rho_d': 1e-05, 'nu': 2, 'sigma': 0.18405513120651207}. Best is trial 122 with value: 0.06273636305116582.
[I 2026-08-16 15:51:16,324] Trial 129 finished with value: 0.07111144248907025 and parameters: {'rho_e': 1.7962262558076323, 'rho_d': 166.42769149953838, 'nu': 36, 'sigma': 0.10381852717944258}. Best is trial 122 with value: 0.06273636305116582.
[I 2026-08-16 15:51:55,085] Trial 130 finished with value: 0.08500104940840361 and parameters: {'rho_e': 1e-05, 'rho_d': 0.2755061536621476, 'nu': 36, 'sigma': 0.0}. Best is trial 122 with value: 0.06273636305116582.
[I 2026-08-16 15:52:33,878] Trial 131 finished with value: 0.07056179438990126 and parameters: {'rho_e': 0.03362220723525656, 'rho_d': 1e-05, 'nu': 36, 'sigma': 0.0}. Best is trial 122 with value: 0.06273636305116582.
[I 2026-08-16 15:53:12,714] Trial 132 finished with value: 0.07700562212907905 and parameters: {'rho_e': 1000.0, 'rho_d': 999.999999999998, 'nu': 36, 'sigma': 0.9999999999999999}. Best is trial 122 with value: 0.06273636305116582.
[I 2026-08-16 15:53:51,519] Trial 133 finished with value: 0.06737791878843953 and parameters: {'rho_e': 1.1874611447366195, 'rho_d': 45.9763434557496, 'nu': 36, 'sigma': 0.4329479241001326}. Best is trial 122 with value: 0.06273636305116582.
[I 2026-08-16 15:54:30,300] Trial 134 finished with value: 0.06587704472232253 and parameters: {'rho_e': 9.917755724535995, 'rho_d': 88.03581825411648, 'nu': 36, 'sigma': 0.5727350667599146}. Best is trial 122 with value: 0.06273636305116582.
[I 2026-08-16 15:55:08,471] Trial 135 finished with value: 0.06599757032464468 and parameters: {'rho_e': 0.12295359164704978, 'rho_d': 0.060586477876978, 'nu': 36, 'sigma': 0.1939789298728277}. Best is trial 122 with value: 0.06273636305116582.
[I 2026-08-16 15:55:47,187] Trial 136 finished with value: 0.06746663795114499 and parameters: {'rho_e': 0.0673924984223364, 'rho_d': 1e-05, 'nu': 2, 'sigma': 0.0}. Best is trial 122 with value: 0.06273636305116582.
[I 2026-08-16 15:56:25,992] Trial 137 finished with value: 0.06270231156293762 and parameters: {'rho_e': 0.13776002997855763, 'rho_d': 1.8453544014518517e-05, 'nu': 2, 'sigma': 0.22876731313574816}. Best is trial 137 with value: 0.06270231156293762.
[I 2026-08-16 15:57:04,707] Trial 138 finished with value: 0.0628009132598082 and parameters: {'rho_e': 0.121135154578549, 'rho_d': 1e-05, 'nu': 2, 'sigma': 0.23542008524755015}. Best is trial 137 with value: 0.06270231156293762.
[I 2026-08-16 15:57:42,845] Trial 139 finished with value: 0.06292923596667135 and parameters: {'rho_e': 0.1312373453726849, 'rho_d': 1.7304627004136893e-05, 'nu': 2, 'sigma': 0.2264746295673928}. Best is trial 137 with value: 0.06270231156293762.
[I 2026-08-16 15:58:21,521] Trial 140 finished with value: 0.06863555155804923 and parameters: {'rho_e': 0.09978130986896797, 'rho_d': 0.007941746165144472, 'nu': 36, 'sigma': 0.0}. Best is trial 137 with value: 0.06270231156293762.
[I 2026-08-16 15:59:00,269] Trial 141 finished with value: 0.07825891727029578 and parameters: {'rho_e': 0.0002953502966521412, 'rho_d': 1e-05, 'nu': 36, 'sigma': 0.0}. Best is trial 137 with value: 0.06270231156293762.
[I 2026-08-16 15:59:39,028] Trial 142 finished with value: 0.06501546891502494 and parameters: {'rho_e': 0.16522438058706146, 'rho_d': 0.0005450697172574723, 'nu': 9, 'sigma': 0.199785050443016}. Best is trial 137 with value: 0.06270231156293762.
[I 2026-08-16 16:00:17,785] Trial 143 finished with value: 0.06289555425328694 and parameters: {'rho_e': 0.10763662502127314, 'rho_d': 0.0006070823581545446, 'nu': 2, 'sigma': 0.2211188847984054}. Best is trial 137 with value: 0.06270231156293762.
[I 2026-08-16 16:00:56,490] Trial 144 finished with value: 0.0689539653906037 and parameters: {'rho_e': 0.04367747605230428, 'rho_d': 0.004154163404950949, 'nu': 36, 'sigma': 0.2226736825849011}. Best is trial 137 with value: 0.06270231156293762.
[I 2026-08-16 16:01:35,155] Trial 145 finished with value: 0.0674092657590761 and parameters: {'rho_e': 0.1713055117122128, 'rho_d': 1.4750183303830746, 'nu': 36, 'sigma': 0.3345364021888983}. Best is trial 137 with value: 0.06270231156293762.
[I 2026-08-16 16:02:13,924] Trial 146 finished with value: 0.06285311973553569 and parameters: {'rho_e': 0.11491910181426226, 'rho_d': 0.0003150439705680796, 'nu': 2, 'sigma': 0.21872871120177018}. Best is trial 137 with value: 0.06270231156293762.
[I 2026-08-16 16:02:52,691] Trial 147 finished with value: 0.06272503270441135 and parameters: {'rho_e': 0.11995151032880229, 'rho_d': 1e-05, 'nu': 2, 'sigma': 0.2174959473524707}. Best is trial 137 with value: 0.06270231156293762.
[I 2026-08-16 16:03:32,008] Trial 148 finished with value: 0.06259030116406536 and parameters: {'rho_e': 0.11876480481912144, 'rho_d': 1e-05, 'nu': 2, 'sigma': 0.2166974818336436}. Best is trial 148 with value: 0.06259030116406536.
[I 2026-08-16 16:04:10,928] Trial 149 finished with value: 0.07280519272820432 and parameters: {'rho_e': 16.59665818672959, 'rho_d': 999.999999999998, 'nu': 36, 'sigma': 1.0}. Best is trial 148 with value: 0.06259030116406536.
[I 2026-08-16 16:04:49,670] Trial 150 finished with value: 0.06759360306925519 and parameters: {'rho_e': 0.052942644907040065, 'rho_d': 0.0001014377218118541, 'nu': 36, 'sigma': 0.4223314655471502}. Best is trial 148 with value: 0.06259030116406536.
[I 2026-08-16 16:05:28,530] Trial 151 finished with value: 0.0685398784010828 and parameters: {'rho_e': 0.20996089292746126, 'rho_d': 0.6779004696253522, 'nu': 36, 'sigma': 0.0}. Best is trial 148 with value: 0.06259030116406536.
[I 2026-08-16 16:06:07,304] Trial 152 finished with value: 0.07825952032885795 and parameters: {'rho_e': 1e-05, 'rho_d': 1e-05, 'nu': 2, 'sigma': 0.0}. Best is trial 148 with value: 0.06259030116406536.
[I 2026-08-16 16:06:46,076] Trial 153 finished with value: 0.06833361991249956 and parameters: {'rho_e': 0.20317400483338893, 'rho_d': 1e-05, 'nu': 36, 'sigma': 0.6219166234818536}. Best is trial 148 with value: 0.06259030116406536.
[I 2026-08-16 16:07:24,716] Trial 154 finished with value: 0.06712652238245528 and parameters: {'rho_e': 93.48308339285958, 'rho_d': 1000.0, 'nu': 36, 'sigma': 0.7090515732809178}. Best is trial 148 with value: 0.06259030116406536.
[I 2026-08-16 16:08:03,427] Trial 155 finished with value: 0.08045834175593636 and parameters: {'rho_e': 0.00012221954110178912, 'rho_d': 0.048012943323618905, 'nu': 2, 'sigma': 0.0}. Best is trial 148 with value: 0.06259030116406536.
[I 2026-08-16 16:08:42,066] Trial 156 finished with value: 0.09299111902298184 and parameters: {'rho_e': 1e-05, 'rho_d': 1000.0, 'nu': 36, 'sigma': 0.0}. Best is trial 148 with value: 0.06259030116406536.
[I 2026-08-16 16:09:19,681] Trial 157 finished with value: 0.06731082275587863 and parameters: {'rho_e': 0.17746231397854298, 'rho_d': 1e-05, 'nu': 36, 'sigma': 0.26857776853438}. Best is trial 148 with value: 0.06259030116406536.
[I 2026-08-16 16:09:57,653] Trial 158 finished with value: 0.06288874843249193 and parameters: {'rho_e': 0.1278491321960346, 'rho_d': 0.0013405532346756099, 'nu': 2, 'sigma': 0.2309563736549405}. Best is trial 148 with value: 0.06259030116406536.
[I 2026-08-16 16:10:36,550] Trial 159 finished with value: 0.06477558765163242 and parameters: {'rho_e': 0.16992443198074067, 'rho_d': 0.012956832386330209, 'nu': 2, 'sigma': 0.22521895324276006}. Best is trial 148 with value: 0.06259030116406536.
[I 2026-08-16 16:11:15,477] Trial 160 finished with value: 0.06538059833753092 and parameters: {'rho_e': 0.1323534973865222, 'rho_d': 0.018699097268609355, 'nu': 18, 'sigma': 0.20102744257945096}. Best is trial 148 with value: 0.06259030116406536.
[I 2026-08-16 16:11:54,331] Trial 161 finished with value: 0.06364466380893213 and parameters: {'rho_e': 0.09467986870248413, 'rho_d': 0.0025207848544146956, 'nu': 2, 'sigma': 0.19510535722115802}. Best is trial 148 with value: 0.06259030116406536.
[I 2026-08-16 16:12:33,046] Trial 162 finished with value: 0.0945606117907495 and parameters: {'rho_e': 1000.0, 'rho_d': 1000.0, 'nu': 2, 'sigma': 1.0}. Best is trial 148 with value: 0.06259030116406536.
[I 2026-08-16 16:13:11,908] Trial 163 finished with value: 0.06300735836181653 and parameters: {'rho_e': 0.1370332055051088, 'rho_d': 0.0005649450403704117, 'nu': 2, 'sigma': 0.25063123725234254}. Best is trial 148 with value: 0.06259030116406536.
[I 2026-08-16 16:13:50,674] Trial 164 finished with value: 0.07363864554145343 and parameters: {'rho_e': 1.765691589929761, 'rho_d': 1000.0, 'nu': 36, 'sigma': 0.6449011771931835}. Best is trial 148 with value: 0.06259030116406536.
[I 2026-08-16 16:14:28,793] Trial 165 finished with value: 0.07447112971779259 and parameters: {'rho_e': 1000.0, 'rho_d': 1000.0, 'nu': 36, 'sigma': 0.6182016242241165}. Best is trial 148 with value: 0.06259030116406536.
[I 2026-08-16 16:15:07,475] Trial 166 finished with value: 0.1059373734454666 and parameters: {'rho_e': 1000.0, 'rho_d': 1e-05, 'nu': 2, 'sigma': 0.0}. Best is trial 148 with value: 0.06259030116406536.
[I 2026-08-16 16:15:46,264] Trial 167 finished with value: 0.06833449113934885 and parameters: {'rho_e': 0.18775546459711298, 'rho_d': 0.005903331221669843, 'nu': 36, 'sigma': 0.23647805784998321}. Best is trial 148 with value: 0.06259030116406536.
[I 2026-08-16 16:16:24,966] Trial 168 finished with value: 0.06827570036749583 and parameters: {'rho_e': 0.3021562874822337, 'rho_d': 0.5759698409251991, 'nu': 2, 'sigma': 0.27491052229809515}. Best is trial 148 with value: 0.06259030116406536.
[I 2026-08-16 16:17:03,602] Trial 169 finished with value: 0.09545799051758191 and parameters: {'rho_e': 1e-05, 'rho_d': 1000.0, 'nu': 36, 'sigma': 1.0}. Best is trial 148 with value: 0.06259030116406536.
[I 2026-08-16 16:17:42,307] Trial 170 finished with value: 0.0628972526796236 and parameters: {'rho_e': 0.11743037979998086, 'rho_d': 1e-05, 'nu': 2, 'sigma': 0.23509834565356774}. Best is trial 148 with value: 0.06259030116406536.
[I 2026-08-16 16:18:20,926] Trial 171 finished with value: 0.07815445780827726 and parameters: {'rho_e': 0.00015499121904902587, 'rho_d': 0.004093344214127511, 'nu': 36, 'sigma': 0.0}. Best is trial 148 with value: 0.06259030116406536.
[I 2026-08-16 16:18:59,954] Trial 172 finished with value: 0.07796535019316225 and parameters: {'rho_e': 0.0035961687992579995, 'rho_d': 1e-05, 'nu': 2, 'sigma': 0.0}. Best is trial 148 with value: 0.06259030116406536.
[I 2026-08-16 16:19:37,411] Trial 173 finished with value: 0.06741046242549366 and parameters: {'rho_e': 27.762503360765287, 'rho_d': 304.6092442168051, 'nu': 36, 'sigma': 0.7444728587837335}. Best is trial 148 with value: 0.06259030116406536.
[I 2026-08-16 16:20:16,481] Trial 174 finished with value: 0.09298937722286749 and parameters: {'rho_e': 0.0020349257462382617, 'rho_d': 1000.0, 'nu': 2, 'sigma': 0.0}. Best is trial 148 with value: 0.06259030116406536.
[I 2026-08-16 16:20:55,095] Trial 175 finished with value: 0.06252683524503815 and parameters: {'rho_e': 0.11805882795366804, 'rho_d': 1e-05, 'nu': 2, 'sigma': 0.2030071709679435}. Best is trial 175 with value: 0.06252683524503815.
[I 2026-08-16 16:21:33,474] Trial 176 finished with value: 0.06514556904605427 and parameters: {'rho_e': 0.1052102739386985, 'rho_d': 0.016879657269173603, 'nu': 36, 'sigma': 0.4840832999807903}. Best is trial 175 with value: 0.06252683524503815.
[I 2026-08-16 16:22:12,017] Trial 177 finished with value: 0.06682600455227167 and parameters: {'rho_e': 0.11789485316429933, 'rho_d': 0.00255021605725268, 'nu': 36, 'sigma': 0.641886530781372}. Best is trial 175 with value: 0.06252683524503815.
[I 2026-08-16 16:22:50,521] Trial 178 finished with value: 0.0674592485275129 and parameters: {'rho_e': 1.2111811306587665, 'rho_d': 42.13729215586016, 'nu': 22, 'sigma': 0.19598410991120166}. Best is trial 175 with value: 0.06252683524503815.
[I 2026-08-16 16:23:29,034] Trial 179 finished with value: 0.06795381530690167 and parameters: {'rho_e': 0.05042256875751901, 'rho_d': 1e-05, 'nu': 36, 'sigma': 0.2345493014294236}. Best is trial 175 with value: 0.06252683524503815.
